[2025-08-26 12:12:09]
Menerima pesan dari: dariMCU_2309MAS003 - Pesan: {"nokartu":"636D7305","idchip":"16581755","nodevice":"2309MAS003","key":"1234567890987654321","ipa":"10.10.10.239"}
[2025-08-26 12:12:09]
Berhasil merespon "dariMCU_2309MAS003" : {"respon":[{"id":"16581755","nodevice":"2309MAS003","message":"BMPE","info":"Sasetyo--Berhasil Presensi -Mulai-","nokartu":"636D7305"}]}
Berhasil kirim balasan ke "responServer_2309MAS003"

[2025-08-26 12:12:12]
Menerima pesan dari: dariMCU_2309MAS003 - Pesan: {"nokartu":"636D7305","idchip":"16581755","nodevice":"2309MAS003","key":"1234567890987654321","ipa":"10.10.10.239"}
[2025-08-26 12:12:12]
Berhasil merespon "dariMCU_2309MAS003" : {"respon":[{"id":"16581755","nodevice":"2309MAS003","message":"510","info":"Sasetyo--TERCATAT! 3 dtk lalu","nokartu":"636D7305"}]}
Berhasil kirim balasan ke "responServer_2309MAS003"

[2025-08-26 12:12:23]
Menerima pesan dari: dariMCU_2309MAS003 - Pesan: {"nokartu":"13EB7505","idchip":"16581755","nodevice":"2309MAS003","key":"1234567890987654321","ipa":"10.10.10.239"}
[2025-08-26 12:12:23]
Berhasil merespon "dariMCU_2309MAS003" : {"respon":[{"id":"16581755","nodevice":"2309MAS003","message":"BMPE","info":"Agus Setiawan--Berhasil Presensi -Mulai-","nokartu":"13EB7505"}]}
Berhasil kirim balasan ke "responServer_2309MAS003"

[2025-08-26 12:12:27]
Menerima pesan dari: dariMCU_2309MAS003 - Pesan: {"nokartu":"13EB7505","idchip":"16581755","nodevice":"2309MAS003","key":"1234567890987654321","ipa":"10.10.10.239"}
[2025-08-26 12:12:27]
Berhasil merespon "dariMCU_2309MAS003" : {"respon":[{"id":"16581755","nodevice":"2309MAS003","message":"510","info":"Agus Setiawan--TERCATAT! 4 dtk lalu","nokartu":"13EB7505"}]}
Berhasil kirim balasan ke "responServer_2309MAS003"

[2025-08-26 12:20:11]
Menerima pesan dari: dariMCU_2309MAS003 - Pesan: {"nokartu":"C39A6205","idchip":"16581755","nodevice":"2309MAS003","key":"1234567890987654321","ipa":"10.10.10.239"}
[2025-08-26 12:20:11]
Berhasil merespon "dariMCU_2309MAS003" : {"respon":[{"id":"16581755","nodevice":"2309MAS003","message":"BMPE","info":"Icha Dwi Andriani--Berhasil Presensi -Mulai-","nokartu":"C39A6205"}]}
Berhasil kirim balasan ke "responServer_2309MAS003"

[2025-08-26 12:20:12]
Menerima pesan dari: dariMCU_2309MAS003 - Pesan: {"nokartu":"C39A6205","idchip":"16581755","nodevice":"2309MAS003","key":"1234567890987654321","ipa":"10.10.10.239"}
[2025-08-26 12:20:12]
Berhasil merespon "dariMCU_2309MAS003" : {"respon":[{"id":"16581755","nodevice":"2309MAS003","message":"510","info":"Icha Dwi Andriani--TERCATAT! 1 dtk lalu","nokartu":"C39A6205"}]}
Berhasil kirim balasan ke "responServer_2309MAS003"

[2025-08-26 12:20:16]
Menerima pesan dari: dariMCU_2309MAS003 - Pesan: {"nokartu":"23EF7B05","idchip":"16581755","nodevice":"2309MAS003","key":"1234567890987654321","ipa":"10.10.10.239"}
[2025-08-26 12:20:16]
Berhasil merespon "dariMCU_2309MAS003" : {"respon":[{"id":"16581755","nodevice":"2309MAS003","message":"BMPE","info":"Bella Raisa Anandita--Berhasil Presensi -Mulai-","nokartu":"23EF7B05"}]}
Berhasil kirim balasan ke "responServer_2309MAS003"

[2025-08-26 12:20:19]
Menerima pesan dari: dariMCU_2309MAS003 - Pesan: {"nokartu":"23EF7B05","idchip":"16581755","nodevice":"2309MAS003","key":"1234567890987654321","ipa":"10.10.10.239"}
[2025-08-26 12:20:19]
Berhasil merespon "dariMCU_2309MAS003" : {"respon":[{"id":"16581755","nodevice":"2309MAS003","message":"510","info":"Bella Raisa Anandita--TERCATAT! 3 dtk lalu","nokartu":"23EF7B05"}]}
Berhasil kirim balasan ke "responServer_2309MAS003"

[2025-08-26 12:20:23]
Menerima pesan dari: dariMCU_2309MAS003 - Pesan: {"nokartu":"C1461750","idchip":"16581755","nodevice":"2309MAS003","key":"1234567890987654321","ipa":"10.10.10.239"}
[2025-08-26 12:20:23]
Berhasil merespon "dariMCU_2309MAS003" : {"respon":[{"id":"16581755","nodevice":"2309MAS003","message":"BMPE","info":"Fiyya Salma Humaida--Berhasil Presensi -Mulai-","nokartu":"C1461750"}]}
Berhasil kirim balasan ke "responServer_2309MAS003"

[2025-08-26 12:20:27]
Menerima pesan dari: dariMCU_2309MAS003 - Pesan: {"nokartu":"C1461750","idchip":"16581755","nodevice":"2309MAS003","key":"1234567890987654321","ipa":"10.10.10.239"}
[2025-08-26 12:20:27]
Berhasil merespon "dariMCU_2309MAS003" : {"respon":[{"id":"16581755","nodevice":"2309MAS003","message":"510","info":"Fiyya Salma Humaida--TERCATAT! 4 dtk lalu","nokartu":"C1461750"}]}
Berhasil kirim balasan ke "responServer_2309MAS003"

[2025-08-26 12:20:31]
Menerima pesan dari: dariMCU_2309MAS003 - Pesan: {"nokartu":"C3081D05","idchip":"16581755","nodevice":"2309MAS003","key":"1234567890987654321","ipa":"10.10.10.239"}
[2025-08-26 12:20:31]
Berhasil merespon "dariMCU_2309MAS003" : {"respon":[{"id":"16581755","nodevice":"2309MAS003","message":"BMPE","info":"Nilna Sakda Aula Anjumi--Berhasil Presensi -Mulai-","nokartu":"C3081D05"}]}
Berhasil kirim balasan ke "responServer_2309MAS003"

[2025-08-26 12:20:35]
Menerima pesan dari: dariMCU_2309MAS003 - Pesan: {"nokartu":"C3081D05","idchip":"16581755","nodevice":"2309MAS003","key":"1234567890987654321","ipa":"10.10.10.239"}
[2025-08-26 12:20:35]
Berhasil merespon "dariMCU_2309MAS003" : {"respon":[{"id":"16581755","nodevice":"2309MAS003","message":"510","info":"Nilna Sakda Aula Anjumi--TERCATAT! 4 dtk lalu","nokartu":"C3081D05"}]}
Berhasil kirim balasan ke "responServer_2309MAS003"

[2025-08-26 12:20:36]
Menerima pesan dari: dariMCU_2309MAS003 - Pesan: {"nokartu":"C3081D05","idchip":"16581755","nodevice":"2309MAS003","key":"1234567890987654321","ipa":"10.10.10.239"}
[2025-08-26 12:20:36]
Berhasil merespon "dariMCU_2309MAS003" : {"respon":[{"id":"16581755","nodevice":"2309MAS003","message":"510","info":"Nilna Sakda Aula Anjumi--TERCATAT! 5 dtk lalu","nokartu":"C3081D05"}]}
Berhasil kirim balasan ke "responServer_2309MAS003"

[2025-08-26 12:21:53]
Menerima pesan dari: dariMCU_2309MAS003 - Pesan: {"nokartu":"33047B05","idchip":"16581755","nodevice":"2309MAS003","key":"1234567890987654321","ipa":"10.10.10.239"}
[2025-08-26 12:21:53]
Berhasil merespon "dariMCU_2309MAS003" : {"respon":[{"id":"16581755","nodevice":"2309MAS003","message":"BMPE","info":"Dyah Maharani Putri--Berhasil Presensi -Mulai-","nokartu":"33047B05"}]}
Berhasil kirim balasan ke "responServer_2309MAS003"

[2025-08-26 12:21:57]
Menerima pesan dari: dariMCU_2309MAS003 - Pesan: {"nokartu":"33E92FFF","idchip":"16581755","nodevice":"2309MAS003","key":"1234567890987654321","ipa":"10.10.10.239"}
[2025-08-26 12:21:57]
Berhasil merespon "dariMCU_2309MAS003" : {"respon":[{"id":"16581755","nodevice":"2309MAS003","message":"BMPE","info":"Alin Vani Zulfantri--Berhasil Presensi -Mulai-","nokartu":"33E92FFF"}]}
Berhasil kirim balasan ke "responServer_2309MAS003"

[2025-08-26 12:22:01]
Menerima pesan dari: dariMCU_2309MAS003 - Pesan: {"nokartu":"D331CE02","idchip":"16581755","nodevice":"2309MAS003","key":"1234567890987654321","ipa":"10.10.10.239"}
[2025-08-26 12:22:01]
Berhasil merespon "dariMCU_2309MAS003" : {"respon":[{"id":"16581755","nodevice":"2309MAS003","message":"BMPE","info":"Citra Syafa Aqila--Berhasil Presensi -Mulai-","nokartu":"D331CE02"}]}
Berhasil kirim balasan ke "responServer_2309MAS003"

[2025-08-26 12:22:05]
Menerima pesan dari: dariMCU_2309MAS003 - Pesan: {"nokartu":"33047B05","idchip":"16581755","nodevice":"2309MAS003","key":"1234567890987654321","ipa":"10.10.10.239"}
[2025-08-26 12:22:05]
Berhasil merespon "dariMCU_2309MAS003" : {"respon":[{"id":"16581755","nodevice":"2309MAS003","message":"510","info":"Dyah Maharani Putri--TERCATAT! 12 dtk lalu","nokartu":"33047B05"}]}
Berhasil kirim balasan ke "responServer_2309MAS003"

[2025-08-26 12:23:16]
Menerima pesan dari: dariMCU_2309MAS003 - Pesan: {"nokartu":"6BF7B889","idchip":"16581755","nodevice":"2309MAS003","key":"1234567890987654321","ipa":"10.10.10.239"}
[2025-08-26 12:23:16]
Berhasil merespon "dariMCU_2309MAS003" : {"respon":[{"id":"16581755","nodevice":"2309MAS003","message":"BMPE","info":"Zidane Alfriansyah Pratama--Berhasil Presensi -Mulai-","nokartu":"6BF7B889"}]}
Berhasil kirim balasan ke "responServer_2309MAS003"

[2025-08-26 12:23:24]
Menerima pesan dari: dariMCU_2309MAS003 - Pesan: {"nokartu":"13E47B05","idchip":"16581755","nodevice":"2309MAS003","key":"1234567890987654321","ipa":"10.10.10.239"}
[2025-08-26 12:23:24]
Berhasil merespon "dariMCU_2309MAS003" : {"respon":[{"id":"16581755","nodevice":"2309MAS003","message":"BMPE","info":"Ata Amirulloh--Berhasil Presensi -Mulai-","nokartu":"13E47B05"}]}
Berhasil kirim balasan ke "responServer_2309MAS003"

[2025-08-26 12:23:27]
Menerima pesan dari: dariMCU_2309MAS003 - Pesan: {"nokartu":"13E47B05","idchip":"16581755","nodevice":"2309MAS003","key":"1234567890987654321","ipa":"10.10.10.239"}
[2025-08-26 12:23:27]
Berhasil merespon "dariMCU_2309MAS003" : {"respon":[{"id":"16581755","nodevice":"2309MAS003","message":"510","info":"Ata Amirulloh--TERCATAT! 3 dtk lalu","nokartu":"13E47B05"}]}
Berhasil kirim balasan ke "responServer_2309MAS003"

[2025-08-26 12:23:34]
Menerima pesan dari: dariMCU_2309MAS003 - Pesan: {"nokartu":"73DD16FE","idchip":"16581755","nodevice":"2309MAS003","key":"1234567890987654321","ipa":"10.10.10.239"}
[2025-08-26 12:23:34]
Berhasil merespon "dariMCU_2309MAS003" : {"respon":[{"id":"16581755","nodevice":"2309MAS003","message":"BMPE","info":"Malik Fatah--Berhasil Presensi -Mulai-","nokartu":"73DD16FE"}]}
Berhasil kirim balasan ke "responServer_2309MAS003"

[2025-08-26 12:23:39]
Menerima pesan dari: dariMCU_2309MAS003 - Pesan: {"nokartu":"43C30DFE","idchip":"16581755","nodevice":"2309MAS003","key":"1234567890987654321","ipa":"10.10.10.239"}
[2025-08-26 12:23:39]
Berhasil merespon "dariMCU_2309MAS003" : {"respon":[{"id":"16581755","nodevice":"2309MAS003","message":"BMPE","info":"Muhamad Saroful Anam--Berhasil Presensi -Mulai-","nokartu":"43C30DFE"}]}
Berhasil kirim balasan ke "responServer_2309MAS003"

[2025-08-26 12:23:43]
Menerima pesan dari: dariMCU_2309MAS003 - Pesan: {"nokartu":"13B021FF","idchip":"16581755","nodevice":"2309MAS003","key":"1234567890987654321","ipa":"10.10.10.239"}
[2025-08-26 12:23:43]
Berhasil merespon "dariMCU_2309MAS003" : {"respon":[{"id":"16581755","nodevice":"2309MAS003","message":"BMPE","info":"Muhammad Ulynnuha--Berhasil Presensi -Mulai-","nokartu":"13B021FF"}]}
Berhasil kirim balasan ke "responServer_2309MAS003"

[2025-08-26 12:23:47]
Menerima pesan dari: dariMCU_2309MAS003 - Pesan: {"nokartu":"13B021FF","idchip":"16581755","nodevice":"2309MAS003","key":"1234567890987654321","ipa":"10.10.10.239"}
[2025-08-26 12:23:47]
Berhasil merespon "dariMCU_2309MAS003" : {"respon":[{"id":"16581755","nodevice":"2309MAS003","message":"510","info":"Muhammad Ulynnuha--TERCATAT! 4 dtk lalu","nokartu":"13B021FF"}]}
Berhasil kirim balasan ke "responServer_2309MAS003"

[2025-08-26 12:24:15]
Menerima pesan dari: dariMCU_2309MAS003 - Pesan: {"nokartu":"C31AADE2","idchip":"16581755","nodevice":"2309MAS003","key":"1234567890987654321","ipa":"10.10.10.239"}
[2025-08-26 12:24:15]
Berhasil merespon "dariMCU_2309MAS003" : {"respon":[{"id":"16581755","nodevice":"2309MAS003","message":"IDTT","info":"Kartu ID ini--belum terdaftar","nokartu":"C31AADE2"}]}
Berhasil kirim balasan ke "responServer_2309MAS003"

[2025-08-26 12:24:23]
Menerima pesan dari: dariMCU_2309MAS003 - Pesan: {"nokartu":"83710FFE","idchip":"16581755","nodevice":"2309MAS003","key":"1234567890987654321","ipa":"10.10.10.239"}
[2025-08-26 12:24:23]
Berhasil merespon "dariMCU_2309MAS003" : {"respon":[{"id":"16581755","nodevice":"2309MAS003","message":"BMPE","info":"Aura Auliya Mecca--Berhasil Presensi -Mulai-","nokartu":"83710FFE"}]}
Berhasil kirim balasan ke "responServer_2309MAS003"

[2025-08-26 12:24:26]
Menerima pesan dari: dariMCU_2309MAS003 - Pesan: {"nokartu":"83710FFE","idchip":"16581755","nodevice":"2309MAS003","key":"1234567890987654321","ipa":"10.10.10.239"}
[2025-08-26 12:24:26]
Berhasil merespon "dariMCU_2309MAS003" : {"respon":[{"id":"16581755","nodevice":"2309MAS003","message":"510","info":"Aura Auliya Mecca--TERCATAT! 3 dtk lalu","nokartu":"83710FFE"}]}
Berhasil kirim balasan ke "responServer_2309MAS003"

[2025-08-26 12:24:37]
Menerima pesan dari: dariMCU_2309MAS003 - Pesan: {"nokartu":"23B006FE","idchip":"16581755","nodevice":"2309MAS003","key":"1234567890987654321","ipa":"10.10.10.239"}
[2025-08-26 12:24:37]
Berhasil merespon "dariMCU_2309MAS003" : {"respon":[{"id":"16581755","nodevice":"2309MAS003","message":"BMPE","info":"Eka Ananda Putri--Berhasil Presensi -Mulai-","nokartu":"23B006FE"}]}
Berhasil kirim balasan ke "responServer_2309MAS003"

[2025-08-26 12:24:41]
Menerima pesan dari: dariMCU_2309MAS003 - Pesan: {"nokartu":"23B006FE","idchip":"16581755","nodevice":"2309MAS003","key":"1234567890987654321","ipa":"10.10.10.239"}
[2025-08-26 12:24:41]
Berhasil merespon "dariMCU_2309MAS003" : {"respon":[{"id":"16581755","nodevice":"2309MAS003","message":"510","info":"Eka Ananda Putri--TERCATAT! 4 dtk lalu","nokartu":"23B006FE"}]}
Berhasil kirim balasan ke "responServer_2309MAS003"

[2025-08-26 12:24:50]
Menerima pesan dari: dariMCU_2309MAS003 - Pesan: {"nokartu":"43836BE4","idchip":"16581755","nodevice":"2309MAS003","key":"1234567890987654321","ipa":"10.10.10.239"}
[2025-08-26 12:24:50]
Berhasil merespon "dariMCU_2309MAS003" : {"respon":[{"id":"16581755","nodevice":"2309MAS003","message":"IDTT","info":"Kartu ID ini--belum terdaftar","nokartu":"43836BE4"}]}
Berhasil kirim balasan ke "responServer_2309MAS003"

[2025-08-26 12:24:55]
Menerima pesan dari: dariMCU_2309MAS003 - Pesan: {"nokartu":"43836BE4","idchip":"16581755","nodevice":"2309MAS003","key":"1234567890987654321","ipa":"10.10.10.239"}
[2025-08-26 12:24:55]
Berhasil merespon "dariMCU_2309MAS003" : {"respon":[{"id":"16581755","nodevice":"2309MAS003","message":"IDTT","info":"Kartu ID ini--belum terdaftar","nokartu":"43836BE4"}]}
Berhasil kirim balasan ke "responServer_2309MAS003"

[2025-08-26 12:24:56]
Menerima pesan dari: dariMCU_2309MAS003 - Pesan: {"nokartu":"133422FF","idchip":"16581755","nodevice":"2309MAS003","key":"1234567890987654321","ipa":"10.10.10.239"}
[2025-08-26 12:24:56]
Berhasil merespon "dariMCU_2309MAS003" : {"respon":[{"id":"16581755","nodevice":"2309MAS003","message":"BMPE","info":"Qeyla Prasida Larasati--Berhasil Presensi -Mulai-","nokartu":"133422FF"}]}
Berhasil kirim balasan ke "responServer_2309MAS003"

[2025-08-26 12:25:03]
Menerima pesan dari: dariMCU_2309MAS003 - Pesan: {"nokartu":"A32C22FF","idchip":"16581755","nodevice":"2309MAS003","key":"1234567890987654321","ipa":"10.10.10.239"}
[2025-08-26 12:25:03]
Berhasil merespon "dariMCU_2309MAS003" : {"respon":[{"id":"16581755","nodevice":"2309MAS003","message":"BMPE","info":"Nisfa Leilia Rahma--Berhasil Presensi -Mulai-","nokartu":"A32C22FF"}]}
Berhasil kirim balasan ke "responServer_2309MAS003"

[2025-08-26 12:25:07]
Menerima pesan dari: dariMCU_2309MAS003 - Pesan: {"nokartu":"A32C22FF","idchip":"16581755","nodevice":"2309MAS003","key":"1234567890987654321","ipa":"10.10.10.239"}
[2025-08-26 12:25:07]
Berhasil merespon "dariMCU_2309MAS003" : {"respon":[{"id":"16581755","nodevice":"2309MAS003","message":"510","info":"Nisfa Leilia Rahma--TERCATAT! 4 dtk lalu","nokartu":"A32C22FF"}]}
Berhasil kirim balasan ke "responServer_2309MAS003"

[2025-08-26 12:25:45]
Menerima pesan dari: dariMCU_2309MAS003 - Pesan: {"nokartu":"53802FFF","idchip":"16581755","nodevice":"2309MAS003","key":"1234567890987654321","ipa":"10.10.10.239"}
[2025-08-26 12:25:45]
Berhasil merespon "dariMCU_2309MAS003" : {"respon":[{"id":"16581755","nodevice":"2309MAS003","message":"BMPE","info":"Fatimatuzzahro--Berhasil Presensi -Mulai-","nokartu":"53802FFF"}]}
Berhasil kirim balasan ke "responServer_2309MAS003"

[2025-08-26 12:25:49]
Menerima pesan dari: dariMCU_2309MAS003 - Pesan: {"nokartu":"53802FFF","idchip":"16581755","nodevice":"2309MAS003","key":"1234567890987654321","ipa":"10.10.10.239"}
[2025-08-26 12:25:49]
Berhasil merespon "dariMCU_2309MAS003" : {"respon":[{"id":"16581755","nodevice":"2309MAS003","message":"510","info":"Fatimatuzzahro--TERCATAT! 4 dtk lalu","nokartu":"53802FFF"}]}
Berhasil kirim balasan ke "responServer_2309MAS003"

[2025-08-26 12:25:53]
Menerima pesan dari: dariMCU_2309MAS003 - Pesan: {"nokartu":"53802FFF","idchip":"16581755","nodevice":"2309MAS003","key":"1234567890987654321","ipa":"10.10.10.239"}
[2025-08-26 12:25:53]
Berhasil merespon "dariMCU_2309MAS003" : {"respon":[{"id":"16581755","nodevice":"2309MAS003","message":"510","info":"Fatimatuzzahro--TERCATAT! 8 dtk lalu","nokartu":"53802FFF"}]}
Berhasil kirim balasan ke "responServer_2309MAS003"

[2025-08-26 12:25:57]
Menerima pesan dari: dariMCU_2309MAS003 - Pesan: {"nokartu":"53802FFF","idchip":"16581755","nodevice":"2309MAS003","key":"1234567890987654321","ipa":"10.10.10.239"}
[2025-08-26 12:25:57]
Berhasil merespon "dariMCU_2309MAS003" : {"respon":[{"id":"16581755","nodevice":"2309MAS003","message":"510","info":"Fatimatuzzahro--TERCATAT! 12 dtk lalu","nokartu":"53802FFF"}]}
Berhasil kirim balasan ke "responServer_2309MAS003"

[2025-08-26 12:25:58]
Menerima pesan dari: dariMCU_2309MAS003 - Pesan: {"nokartu":"C3A01AFE","idchip":"16581755","nodevice":"2309MAS003","key":"1234567890987654321","ipa":"10.10.10.239"}
[2025-08-26 12:25:58]
Berhasil merespon "dariMCU_2309MAS003" : {"respon":[{"id":"16581755","nodevice":"2309MAS003","message":"BMPE","info":"Dini Dwi Ariyanti--Berhasil Presensi -Mulai-","nokartu":"C3A01AFE"}]}
Berhasil kirim balasan ke "responServer_2309MAS003"

[2025-08-26 12:26:03]
Menerima pesan dari: dariMCU_2309MAS003 - Pesan: {"nokartu":"C3A01AFE","idchip":"16581755","nodevice":"2309MAS003","key":"1234567890987654321","ipa":"10.10.10.239"}
[2025-08-26 12:26:03]
Berhasil merespon "dariMCU_2309MAS003" : {"respon":[{"id":"16581755","nodevice":"2309MAS003","message":"510","info":"Dini Dwi Ariyanti--TERCATAT! 5 dtk lalu","nokartu":"C3A01AFE"}]}
Berhasil kirim balasan ke "responServer_2309MAS003"

[2025-08-26 12:26:44]
Menerima pesan dari: dariMCU_2309MAS003 - Pesan: {"nokartu":"833B4C05","idchip":"16581755","nodevice":"2309MAS003","key":"1234567890987654321","ipa":"10.10.10.239"}
[2025-08-26 12:26:44]
Berhasil merespon "dariMCU_2309MAS003" : {"respon":[{"id":"16581755","nodevice":"2309MAS003","message":"BMPE","info":"Dhia Azzura Xaviera--Berhasil Presensi -Mulai-","nokartu":"833B4C05"}]}
Berhasil kirim balasan ke "responServer_2309MAS003"

[2025-08-26 12:26:48]
Menerima pesan dari: dariMCU_2309MAS003 - Pesan: {"nokartu":"53A67F05","idchip":"16581755","nodevice":"2309MAS003","key":"1234567890987654321","ipa":"10.10.10.239"}
[2025-08-26 12:26:48]
Berhasil merespon "dariMCU_2309MAS003" : {"respon":[{"id":"16581755","nodevice":"2309MAS003","message":"BMPE","info":"Calista Dewi Octavia--Berhasil Presensi -Mulai-","nokartu":"53A67F05"}]}
Berhasil kirim balasan ke "responServer_2309MAS003"

[2025-08-26 12:26:52]
Menerima pesan dari: dariMCU_2309MAS003 - Pesan: {"nokartu":"03C56905","idchip":"16581755","nodevice":"2309MAS003","key":"1234567890987654321","ipa":"10.10.10.239"}
[2025-08-26 12:26:52]
Berhasil merespon "dariMCU_2309MAS003" : {"respon":[{"id":"16581755","nodevice":"2309MAS003","message":"BMPE","info":"Al Viola Zaki--Berhasil Presensi -Mulai-","nokartu":"03C56905"}]}
Berhasil kirim balasan ke "responServer_2309MAS003"

[2025-08-26 12:27:02]
Menerima pesan dari: dariMCU_2309MAS003 - Pesan: {"nokartu":"33816E05","idchip":"16581755","nodevice":"2309MAS003","key":"1234567890987654321","ipa":"10.10.10.239"}
[2025-08-26 12:27:02]
Berhasil merespon "dariMCU_2309MAS003" : {"respon":[{"id":"16581755","nodevice":"2309MAS003","message":"BMPE","info":"Ifa Nilta El-Haq--Berhasil Presensi -Mulai-","nokartu":"33816E05"}]}
Berhasil kirim balasan ke "responServer_2309MAS003"

[2025-08-26 12:27:05]
Menerima pesan dari: dariMCU_2309MAS003 - Pesan: {"nokartu":"33816E05","idchip":"16581755","nodevice":"2309MAS003","key":"1234567890987654321","ipa":"10.10.10.239"}
[2025-08-26 12:27:05]
Berhasil merespon "dariMCU_2309MAS003" : {"respon":[{"id":"16581755","nodevice":"2309MAS003","message":"510","info":"Ifa Nilta El-Haq--TERCATAT! 3 dtk lalu","nokartu":"33816E05"}]}
Berhasil kirim balasan ke "responServer_2309MAS003"

[2025-08-26 12:27:10]
Menerima pesan dari: dariMCU_2309MAS003 - Pesan: {"nokartu":"F3AC0AFE","idchip":"16581755","nodevice":"2309MAS003","key":"1234567890987654321","ipa":"10.10.10.239"}
[2025-08-26 12:27:10]
Berhasil merespon "dariMCU_2309MAS003" : {"respon":[{"id":"16581755","nodevice":"2309MAS003","message":"BMPE","info":"Nurul Umi Salamah--Berhasil Presensi -Mulai-","nokartu":"F3AC0AFE"}]}
Berhasil kirim balasan ke "responServer_2309MAS003"

[2025-08-26 12:27:11]
Menerima pesan dari: dariMCU_2309MAS003 - Pesan: {"nokartu":"E3890FFE","idchip":"16581755","nodevice":"2309MAS003","key":"1234567890987654321","ipa":"10.10.10.239"}
[2025-08-26 12:27:11]
Berhasil merespon "dariMCU_2309MAS003" : {"respon":[{"id":"16581755","nodevice":"2309MAS003","message":"BMPE","info":"Nafisa Azka Rasyida--Berhasil Presensi -Mulai-","nokartu":"E3890FFE"}]}
Berhasil kirim balasan ke "responServer_2309MAS003"

[2025-08-26 12:27:14]
Menerima pesan dari: dariMCU_2309MAS003 - Pesan: {"nokartu":"F3AC0AFE","idchip":"16581755","nodevice":"2309MAS003","key":"1234567890987654321","ipa":"10.10.10.239"}
[2025-08-26 12:27:14]
Berhasil merespon "dariMCU_2309MAS003" : {"respon":[{"id":"16581755","nodevice":"2309MAS003","message":"510","info":"Nurul Umi Salamah--TERCATAT! 4 dtk lalu","nokartu":"F3AC0AFE"}]}
Berhasil kirim balasan ke "responServer_2309MAS003"

[2025-08-26 12:27:50]
Menerima pesan dari: dariMCU_2309MAS003 - Pesan: {"nokartu":"9248DA21","idchip":"16581755","nodevice":"2309MAS003","key":"1234567890987654321","ipa":"10.10.10.239"}
[2025-08-26 12:27:50]
Berhasil merespon "dariMCU_2309MAS003" : {"respon":[{"id":"16581755","nodevice":"2309MAS003","message":"BMPE","info":"Roudlotul Aulia--Berhasil Presensi -Mulai-","nokartu":"9248DA21"}]}
Berhasil kirim balasan ke "responServer_2309MAS003"

[2025-08-26 12:27:55]
Menerima pesan dari: dariMCU_2309MAS003 - Pesan: {"nokartu":"53B98105","idchip":"16581755","nodevice":"2309MAS003","key":"1234567890987654321","ipa":"10.10.10.239"}
[2025-08-26 12:27:55]
Berhasil merespon "dariMCU_2309MAS003" : {"respon":[{"id":"16581755","nodevice":"2309MAS003","message":"BMPE","info":"Felicia Kumala Dewi--Berhasil Presensi -Mulai-","nokartu":"53B98105"}]}
Berhasil kirim balasan ke "responServer_2309MAS003"

[2025-08-26 12:27:58]
Menerima pesan dari: dariMCU_2309MAS003 - Pesan: {"nokartu":"53B98105","idchip":"16581755","nodevice":"2309MAS003","key":"1234567890987654321","ipa":"10.10.10.239"}
[2025-08-26 12:27:58]
Berhasil merespon "dariMCU_2309MAS003" : {"respon":[{"id":"16581755","nodevice":"2309MAS003","message":"510","info":"Felicia Kumala Dewi--TERCATAT! 3 dtk lalu","nokartu":"53B98105"}]}
Berhasil kirim balasan ke "responServer_2309MAS003"

[2025-08-26 12:28:03]
Menerima pesan dari: dariMCU_2309MAS003 - Pesan: {"nokartu":"9248DA21","idchip":"16581755","nodevice":"2309MAS003","key":"1234567890987654321","ipa":"10.10.10.239"}
[2025-08-26 12:28:03]
Berhasil merespon "dariMCU_2309MAS003" : {"respon":[{"id":"16581755","nodevice":"2309MAS003","message":"510","info":"Roudlotul Aulia--TERCATAT! 13 dtk lalu","nokartu":"9248DA21"}]}
Berhasil kirim balasan ke "responServer_2309MAS003"

[2025-08-26 12:28:07]
Menerima pesan dari: dariMCU_2309MAS003 - Pesan: {"nokartu":"9248DA21","idchip":"16581755","nodevice":"2309MAS003","key":"1234567890987654321","ipa":"10.10.10.239"}
[2025-08-26 12:28:07]
Berhasil merespon "dariMCU_2309MAS003" : {"respon":[{"id":"16581755","nodevice":"2309MAS003","message":"510","info":"Roudlotul Aulia--TERCATAT! 17 dtk lalu","nokartu":"9248DA21"}]}
Berhasil kirim balasan ke "responServer_2309MAS003"

[2025-08-26 12:28:08]
Menerima pesan dari: dariMCU_2309MAS003 - Pesan: {"nokartu":"633A8305","idchip":"16581755","nodevice":"2309MAS003","key":"1234567890987654321","ipa":"10.10.10.239"}
[2025-08-26 12:28:08]
Berhasil merespon "dariMCU_2309MAS003" : {"respon":[{"id":"16581755","nodevice":"2309MAS003","message":"BMPE","info":"Eka Nanda Oktafia--Berhasil Presensi -Mulai-","nokartu":"633A8305"}]}
Berhasil kirim balasan ke "responServer_2309MAS003"

[2025-08-26 12:28:29]
Menerima pesan dari: dariMCU_2309MAS003 - Pesan: {"nokartu":"431A6E05","idchip":"16581755","nodevice":"2309MAS003","key":"1234567890987654321","ipa":"10.10.10.239"}
[2025-08-26 12:28:29]
Berhasil merespon "dariMCU_2309MAS003" : {"respon":[{"id":"16581755","nodevice":"2309MAS003","message":"BMPE","info":"Dwi Setyawan--Berhasil Presensi -Mulai-","nokartu":"431A6E05"}]}
Berhasil kirim balasan ke "responServer_2309MAS003"

[2025-08-26 12:28:34]
Menerima pesan dari: dariMCU_2309MAS003 - Pesan: {"nokartu":"43C30DFE","idchip":"16581755","nodevice":"2309MAS003","key":"1234567890987654321","ipa":"10.10.10.239"}
[2025-08-26 12:28:34]
Berhasil merespon "dariMCU_2309MAS003" : {"respon":[{"id":"16581755","nodevice":"2309MAS003","message":"BPSE","info":"Muhamad Saroful Anam--Berhasil Presensi -Selesai-","nokartu":"43C30DFE"}]}
Berhasil kirim balasan ke "responServer_2309MAS003"

[2025-08-26 12:28:53]
Menerima pesan dari: dariMCU_2309MAS003 - Pesan: {"nokartu":"438818FE","idchip":"16581755","nodevice":"2309MAS003","key":"1234567890987654321","ipa":"10.10.10.239"}
[2025-08-26 12:28:53]
Berhasil merespon "dariMCU_2309MAS003" : {"respon":[{"id":"16581755","nodevice":"2309MAS003","message":"BMPE","info":"Nashendi Sabrina Shasa--Berhasil Presensi -Mulai-","nokartu":"438818FE"}]}
Berhasil kirim balasan ke "responServer_2309MAS003"

[2025-08-26 12:29:28]
Menerima pesan dari: dariMCU_2309MAS003 - Pesan: {"nokartu":"AA04B889","idchip":"16581755","nodevice":"2309MAS003","key":"1234567890987654321","ipa":"10.10.10.239"}
[2025-08-26 12:29:28]
Berhasil merespon "dariMCU_2309MAS003" : {"respon":[{"id":"16581755","nodevice":"2309MAS003","message":"BMPE","info":"Lanang Kaloka Tata Ulama--Berhasil Presensi -Mulai-","nokartu":"AA04B889"}]}
Berhasil kirim balasan ke "responServer_2309MAS003"

[2025-08-26 12:29:34]
Menerima pesan dari: dariMCU_2309MAS003 - Pesan: {"nokartu":"AA04B889","idchip":"16581755","nodevice":"2309MAS003","key":"1234567890987654321","ipa":"10.10.10.239"}
[2025-08-26 12:29:34]
Berhasil merespon "dariMCU_2309MAS003" : {"respon":[{"id":"16581755","nodevice":"2309MAS003","message":"510","info":"Lanang Kaloka Tata Ulama--TERCATAT! 6 dtk lalu","nokartu":"AA04B889"}]}
Berhasil kirim balasan ke "responServer_2309MAS003"

[2025-08-26 12:29:37]
Menerima pesan dari: dariMCU_2309MAS003 - Pesan: {"nokartu":"188235E28DFA86","idchip":"16581755","nodevice":"2309MAS003","key":"1234567890987654321","ipa":"10.10.10.239"}
[2025-08-26 12:29:37]
Berhasil merespon "dariMCU_2309MAS003" : {"respon":[{"id":"16581755","nodevice":"2309MAS003","message":"IDTT","info":"Kartu ID ini--belum terdaftar","nokartu":"188235E28DFA86"}]}
Berhasil kirim balasan ke "responServer_2309MAS003"

[2025-08-26 12:30:20]
Menerima pesan dari: dariMCU_2309MAS003 - Pesan: {"nokartu":"C3AC23FF","idchip":"16581755","nodevice":"2309MAS003","key":"1234567890987654321","ipa":"10.10.10.239"}
[2025-08-26 12:30:20]
Berhasil merespon "dariMCU_2309MAS003" : {"respon":[{"id":"16581755","nodevice":"2309MAS003","message":"BMPE","info":"Redapa Ardiyansah--Berhasil Presensi -Mulai-","nokartu":"C3AC23FF"}]}
Berhasil kirim balasan ke "responServer_2309MAS003"

[2025-08-26 12:30:23]
Menerima pesan dari: dariMCU_2309MAS003 - Pesan: {"nokartu":"C3AC23FF","idchip":"16581755","nodevice":"2309MAS003","key":"1234567890987654321","ipa":"10.10.10.239"}
[2025-08-26 12:30:23]
Berhasil merespon "dariMCU_2309MAS003" : {"respon":[{"id":"16581755","nodevice":"2309MAS003","message":"510","info":"Redapa Ardiyansah--TERCATAT! 3 dtk lalu","nokartu":"C3AC23FF"}]}
Berhasil kirim balasan ke "responServer_2309MAS003"

[2025-08-26 12:30:29]
Menerima pesan dari: dariMCU_2309MAS003 - Pesan: {"nokartu":"132634FF","idchip":"16581755","nodevice":"2309MAS003","key":"1234567890987654321","ipa":"10.10.10.239"}
[2025-08-26 12:30:29]
Berhasil merespon "dariMCU_2309MAS003" : {"respon":[{"id":"16581755","nodevice":"2309MAS003","message":"BMPE","info":"Aqila Ferdian Pratama--Berhasil Presensi -Mulai-","nokartu":"132634FF"}]}
Berhasil kirim balasan ke "responServer_2309MAS003"

[2025-08-26 12:30:33]
Menerima pesan dari: dariMCU_2309MAS003 - Pesan: {"nokartu":"132634FF","idchip":"16581755","nodevice":"2309MAS003","key":"1234567890987654321","ipa":"10.10.10.239"}
[2025-08-26 12:30:33]
Berhasil merespon "dariMCU_2309MAS003" : {"respon":[{"id":"16581755","nodevice":"2309MAS003","message":"510","info":"Aqila Ferdian Pratama--TERCATAT! 4 dtk lalu","nokartu":"132634FF"}]}
Berhasil kirim balasan ke "responServer_2309MAS003"

[2025-08-26 12:30:43]
Menerima pesan dari: dariMCU_2309MAS003 - Pesan: {"nokartu":"23B006FE","idchip":"16581755","nodevice":"2309MAS003","key":"1234567890987654321","ipa":"10.10.10.239"}
[2025-08-26 12:30:43]
Berhasil merespon "dariMCU_2309MAS003" : {"respon":[{"id":"16581755","nodevice":"2309MAS003","message":"BPSE","info":"Eka Ananda Putri--Berhasil Presensi -Selesai-","nokartu":"23B006FE"}]}
Berhasil kirim balasan ke "responServer_2309MAS003"

[2025-08-26 12:30:47]
Menerima pesan dari: dariMCU_2309MAS003 - Pesan: {"nokartu":"23B006FE","idchip":"16581755","nodevice":"2309MAS003","key":"1234567890987654321","ipa":"10.10.10.239"}
[2025-08-26 12:30:47]
Berhasil merespon "dariMCU_2309MAS003" : {"respon":[{"id":"16581755","nodevice":"2309MAS003","message":"510","info":"Eka Ananda Putri--TERCATAT! 4 dtk lalu","nokartu":"23B006FE"}]}
Berhasil kirim balasan ke "responServer_2309MAS003"

[2025-08-26 12:32:53]
Menerima pesan dari: dariMCU_2309MAS003 - Pesan: {"nokartu":"43D72AFF","idchip":"16581755","nodevice":"2309MAS003","key":"1234567890987654321","ipa":"10.10.10.239"}
[2025-08-26 12:32:53]
Berhasil merespon "dariMCU_2309MAS003" : {"respon":[{"id":"16581755","nodevice":"2309MAS003","message":"BMPE","info":"Resa Dwi Cahyani--Berhasil Presensi -Mulai-","nokartu":"43D72AFF"}]}
Berhasil kirim balasan ke "responServer_2309MAS003"

[2025-08-26 12:32:56]
Menerima pesan dari: dariMCU_2309MAS003 - Pesan: {"nokartu":"43D72AFF","idchip":"16581755","nodevice":"2309MAS003","key":"1234567890987654321","ipa":"10.10.10.239"}
[2025-08-26 12:32:56]
Berhasil merespon "dariMCU_2309MAS003" : {"respon":[{"id":"16581755","nodevice":"2309MAS003","message":"510","info":"Resa Dwi Cahyani--TERCATAT! 3 dtk lalu","nokartu":"43D72AFF"}]}
Berhasil kirim balasan ke "responServer_2309MAS003"

[2025-08-26 12:32:57]
Menerima pesan dari: dariMCU_2309MAS003 - Pesan: {"nokartu":"43D72AFF","idchip":"16581755","nodevice":"2309MAS003","key":"1234567890987654321","ipa":"10.10.10.239"}
[2025-08-26 12:32:57]
Berhasil merespon "dariMCU_2309MAS003" : {"respon":[{"id":"16581755","nodevice":"2309MAS003","message":"510","info":"Resa Dwi Cahyani--TERCATAT! 4 dtk lalu","nokartu":"43D72AFF"}]}
Berhasil kirim balasan ke "responServer_2309MAS003"

[2025-08-26 12:36:18]
Menerima pesan dari: dariMCU_2309MAS003 - Pesan: {"nokartu":"E3BD2FFF","idchip":"16581755","nodevice":"2309MAS003","key":"1234567890987654321","ipa":"10.10.10.239"}
[2025-08-26 12:36:18]
Berhasil merespon "dariMCU_2309MAS003" : {"respon":[{"id":"16581755","nodevice":"2309MAS003","message":"BMPE","info":"Al Raissa Dyka Pratama--Berhasil Presensi -Mulai-","nokartu":"E3BD2FFF"}]}
Berhasil kirim balasan ke "responServer_2309MAS003"

[2025-08-26 12:36:21]
Menerima pesan dari: dariMCU_2309MAS003 - Pesan: {"nokartu":"E3BD2FFF","idchip":"16581755","nodevice":"2309MAS003","key":"1234567890987654321","ipa":"10.10.10.239"}
[2025-08-26 12:36:21]
Berhasil merespon "dariMCU_2309MAS003" : {"respon":[{"id":"16581755","nodevice":"2309MAS003","message":"510","info":"Al Raissa Dyka Pratama--TERCATAT! 3 dtk lalu","nokartu":"E3BD2FFF"}]}
Berhasil kirim balasan ke "responServer_2309MAS003"

[2025-08-26 12:36:33]
Menerima pesan dari: dariMCU_2309MAS003 - Pesan: {"nokartu":"D33F34FF","idchip":"16581755","nodevice":"2309MAS003","key":"1234567890987654321","ipa":"10.10.10.239"}
[2025-08-26 12:36:33]
Berhasil merespon "dariMCU_2309MAS003" : {"respon":[{"id":"16581755","nodevice":"2309MAS003","message":"BMPE","info":"Kuncoro Ferdiansyah--Berhasil Presensi -Mulai-","nokartu":"D33F34FF"}]}
Berhasil kirim balasan ke "responServer_2309MAS003"

[2025-08-26 12:36:37]
Menerima pesan dari: dariMCU_2309MAS003 - Pesan: {"nokartu":"237506FE","idchip":"16581755","nodevice":"2309MAS003","key":"1234567890987654321","ipa":"10.10.10.239"}
[2025-08-26 12:36:37]
Berhasil merespon "dariMCU_2309MAS003" : {"respon":[{"id":"16581755","nodevice":"2309MAS003","message":"BMPE","info":"Bima Agenta--Berhasil Presensi -Mulai-","nokartu":"237506FE"}]}
Berhasil kirim balasan ke "responServer_2309MAS003"

[2025-08-26 12:36:40]
Menerima pesan dari: dariMCU_2309MAS003 - Pesan: {"nokartu":"237506FE","idchip":"16581755","nodevice":"2309MAS003","key":"1234567890987654321","ipa":"10.10.10.239"}
[2025-08-26 12:36:40]
Berhasil merespon "dariMCU_2309MAS003" : {"respon":[{"id":"16581755","nodevice":"2309MAS003","message":"510","info":"Bima Agenta--TERCATAT! 3 dtk lalu","nokartu":"237506FE"}]}
Berhasil kirim balasan ke "responServer_2309MAS003"

[2025-08-26 12:36:44]
Menerima pesan dari: dariMCU_2309MAS003 - Pesan: {"nokartu":"237506FE","idchip":"16581755","nodevice":"2309MAS003","key":"1234567890987654321","ipa":"10.10.10.239"}
[2025-08-26 12:36:44]
Berhasil merespon "dariMCU_2309MAS003" : {"respon":[{"id":"16581755","nodevice":"2309MAS003","message":"510","info":"Bima Agenta--TERCATAT! 7 dtk lalu","nokartu":"237506FE"}]}
Berhasil kirim balasan ke "responServer_2309MAS003"

[2025-08-26 12:36:45]
Menerima pesan dari: dariMCU_2309MAS003 - Pesan: {"nokartu":"237506FE","idchip":"16581755","nodevice":"2309MAS003","key":"1234567890987654321","ipa":"10.10.10.239"}
[2025-08-26 12:36:45]
Berhasil merespon "dariMCU_2309MAS003" : {"respon":[{"id":"16581755","nodevice":"2309MAS003","message":"510","info":"Bima Agenta--TERCATAT! 8 dtk lalu","nokartu":"237506FE"}]}
Berhasil kirim balasan ke "responServer_2309MAS003"

[2025-08-26 12:36:48]
Menerima pesan dari: dariMCU_2309MAS003 - Pesan: {"nokartu":"237506FE","idchip":"16581755","nodevice":"2309MAS003","key":"1234567890987654321","ipa":"10.10.10.239"}
[2025-08-26 12:36:48]
Berhasil merespon "dariMCU_2309MAS003" : {"respon":[{"id":"16581755","nodevice":"2309MAS003","message":"510","info":"Bima Agenta--TERCATAT! 11 dtk lalu","nokartu":"237506FE"}]}
Berhasil kirim balasan ke "responServer_2309MAS003"

[2025-08-26 12:36:52]
Menerima pesan dari: dariMCU_2309MAS003 - Pesan: {"nokartu":"237506FE","idchip":"16581755","nodevice":"2309MAS003","key":"1234567890987654321","ipa":"10.10.10.239"}
[2025-08-26 12:36:52]
Berhasil merespon "dariMCU_2309MAS003" : {"respon":[{"id":"16581755","nodevice":"2309MAS003","message":"510","info":"Bima Agenta--TERCATAT! 15 dtk lalu","nokartu":"237506FE"}]}
Berhasil kirim balasan ke "responServer_2309MAS003"

[2025-08-26 12:36:53]
Menerima pesan dari: dariMCU_2309MAS003 - Pesan: {"nokartu":"D33F34FF","idchip":"16581755","nodevice":"2309MAS003","key":"1234567890987654321","ipa":"10.10.10.239"}
[2025-08-26 12:36:53]
Berhasil merespon "dariMCU_2309MAS003" : {"respon":[{"id":"16581755","nodevice":"2309MAS003","message":"510","info":"Kuncoro Ferdiansyah--TERCATAT! 20 dtk lalu","nokartu":"D33F34FF"}]}
Berhasil kirim balasan ke "responServer_2309MAS003"

[2025-08-26 12:37:09]
Menerima pesan dari: dariMCU_2309MAS003 - Pesan: {"nokartu":"C38C0BFE","idchip":"16581755","nodevice":"2309MAS003","key":"1234567890987654321","ipa":"10.10.10.239"}
[2025-08-26 12:37:09]
Berhasil merespon "dariMCU_2309MAS003" : {"respon":[{"id":"16581755","nodevice":"2309MAS003","message":"BMPE","info":"Viana Zahra--Berhasil Presensi -Mulai-","nokartu":"C38C0BFE"}]}
Berhasil kirim balasan ke "responServer_2309MAS003"

[2025-08-26 12:37:13]
Menerima pesan dari: dariMCU_2309MAS003 - Pesan: {"nokartu":"C38C0BFE","idchip":"16581755","nodevice":"2309MAS003","key":"1234567890987654321","ipa":"10.10.10.239"}
[2025-08-26 12:37:13]
Berhasil merespon "dariMCU_2309MAS003" : {"respon":[{"id":"16581755","nodevice":"2309MAS003","message":"510","info":"Viana Zahra--TERCATAT! 4 dtk lalu","nokartu":"C38C0BFE"}]}
Berhasil kirim balasan ke "responServer_2309MAS003"

[2025-08-26 12:37:14]
Menerima pesan dari: dariMCU_2309MAS003 - Pesan: {"nokartu":"737931FF","idchip":"16581755","nodevice":"2309MAS003","key":"1234567890987654321","ipa":"10.10.10.239"}
[2025-08-26 12:37:14]
Berhasil merespon "dariMCU_2309MAS003" : {"respon":[{"id":"16581755","nodevice":"2309MAS003","message":"BMPE","info":"Farel Ardian--Berhasil Presensi -Mulai-","nokartu":"737931FF"}]}
Berhasil kirim balasan ke "responServer_2309MAS003"

[2025-08-26 12:39:09]
Menerima pesan dari: dariMCU_2309MAS003 - Pesan: {"nokartu":"7398CF02","idchip":"16581755","nodevice":"2309MAS003","key":"1234567890987654321","ipa":"10.10.10.239"}
[2025-08-26 12:39:09]
Berhasil merespon "dariMCU_2309MAS003" : {"respon":[{"id":"16581755","nodevice":"2309MAS003","message":"BMPE","info":"Hesty Rahayu--Berhasil Presensi -Mulai-","nokartu":"7398CF02"}]}
Berhasil kirim balasan ke "responServer_2309MAS003"

[2025-08-26 12:39:12]
Menerima pesan dari: dariMCU_2309MAS003 - Pesan: {"nokartu":"7398CF02","idchip":"16581755","nodevice":"2309MAS003","key":"1234567890987654321","ipa":"10.10.10.239"}
[2025-08-26 12:39:12]
Berhasil merespon "dariMCU_2309MAS003" : {"respon":[{"id":"16581755","nodevice":"2309MAS003","message":"510","info":"Hesty Rahayu--TERCATAT! 3 dtk lalu","nokartu":"7398CF02"}]}
Berhasil kirim balasan ke "responServer_2309MAS003"

[2025-08-26 12:39:13]
Menerima pesan dari: dariMCU_2309MAS003 - Pesan: {"nokartu":"53E56F05","idchip":"16581755","nodevice":"2309MAS003","key":"1234567890987654321","ipa":"10.10.10.239"}
[2025-08-26 12:39:13]
Berhasil merespon "dariMCU_2309MAS003" : {"respon":[{"id":"16581755","nodevice":"2309MAS003","message":"BMPE","info":"Miftahul Janah--Berhasil Presensi -Mulai-","nokartu":"53E56F05"}]}
Berhasil kirim balasan ke "responServer_2309MAS003"

[2025-08-26 12:39:22]
Menerima pesan dari: dariMCU_2309MAS003 - Pesan: {"nokartu":"A3C608FE","idchip":"16581755","nodevice":"2309MAS003","key":"1234567890987654321","ipa":"10.10.10.239"}
[2025-08-26 12:39:22]
Berhasil merespon "dariMCU_2309MAS003" : {"respon":[{"id":"16581755","nodevice":"2309MAS003","message":"BMPE","info":"Zenia Sriwijayanti--Berhasil Presensi -Mulai-","nokartu":"A3C608FE"}]}
Berhasil kirim balasan ke "responServer_2309MAS003"

[2025-08-26 12:39:23]
Menerima pesan dari: dariMCU_2309MAS003 - Pesan: {"nokartu":"638706FE","idchip":"16581755","nodevice":"2309MAS003","key":"1234567890987654321","ipa":"10.10.10.239"}
[2025-08-26 12:39:23]
Berhasil merespon "dariMCU_2309MAS003" : {"respon":[{"id":"16581755","nodevice":"2309MAS003","message":"BMPE","info":"Renita Dwi Fauziah--Berhasil Presensi -Mulai-","nokartu":"638706FE"}]}
Berhasil kirim balasan ke "responServer_2309MAS003"

[2025-08-26 12:39:27]
Menerima pesan dari: dariMCU_2309MAS003 - Pesan: {"nokartu":"638706FE","idchip":"16581755","nodevice":"2309MAS003","key":"1234567890987654321","ipa":"10.10.10.239"}
[2025-08-26 12:39:27]
Berhasil merespon "dariMCU_2309MAS003" : {"respon":[{"id":"16581755","nodevice":"2309MAS003","message":"510","info":"Renita Dwi Fauziah--TERCATAT! 4 dtk lalu","nokartu":"638706FE"}]}
Berhasil kirim balasan ke "responServer_2309MAS003"

[2025-08-26 12:43:28]
Menerima pesan dari: dariMCU_2309MAS003 - Pesan: {"nokartu":"C3C321FF","idchip":"16581755","nodevice":"2309MAS003","key":"1234567890987654321","ipa":"10.10.10.239"}
[2025-08-26 12:43:28]
Berhasil merespon "dariMCU_2309MAS003" : {"respon":[{"id":"16581755","nodevice":"2309MAS003","message":"BMPE","info":"Vemas Aulia Restu Nugroho--Berhasil Presensi -Mulai-","nokartu":"C3C321FF"}]}
Berhasil kirim balasan ke "responServer_2309MAS003"

[2025-08-26 12:43:31]
Menerima pesan dari: dariMCU_2309MAS003 - Pesan: {"nokartu":"C3C321FF","idchip":"16581755","nodevice":"2309MAS003","key":"1234567890987654321","ipa":"10.10.10.239"}
[2025-08-26 12:43:31]
Berhasil merespon "dariMCU_2309MAS003" : {"respon":[{"id":"16581755","nodevice":"2309MAS003","message":"510","info":"Vemas Aulia Restu Nugroho--TERCATAT! 3 dtk lalu","nokartu":"C3C321FF"}]}
Berhasil kirim balasan ke "responServer_2309MAS003"

[2025-08-26 12:56:35]
Menerima pesan dari: dariMCU_2309MAS003 - Pesan: {"nokartu":"63D323FF","idchip":"16581755","nodevice":"2309MAS003","key":"1234567890987654321","ipa":"10.10.10.239"}
[2025-08-26 12:56:35]
Berhasil merespon "dariMCU_2309MAS003" : {"respon":[{"id":"16581755","nodevice":"2309MAS003","message":"BMPE","info":"Hisna Alifah--Berhasil Presensi -Mulai-","nokartu":"63D323FF"}]}
Berhasil kirim balasan ke "responServer_2309MAS003"

[2025-08-26 12:56:39]
Menerima pesan dari: dariMCU_2309MAS003 - Pesan: {"nokartu":"63D323FF","idchip":"16581755","nodevice":"2309MAS003","key":"1234567890987654321","ipa":"10.10.10.239"}
[2025-08-26 12:56:39]
Berhasil merespon "dariMCU_2309MAS003" : {"respon":[{"id":"16581755","nodevice":"2309MAS003","message":"510","info":"Hisna Alifah--TERCATAT! 4 dtk lalu","nokartu":"63D323FF"}]}
Berhasil kirim balasan ke "responServer_2309MAS003"

