[2024-01-05 11:53:46]
Menerima pesan dari: dariMCU_2309MAS003 - Pesan: {"nokartu":"737931FF","idchip":"16581755","nodevice":"2309MAS003","key":"1234567890987654321","ipa":"10.10.14.37"}
[2024-01-05 11:53:46]
Berhasil merespon "dariMCU_2309MAS003" : {"respon":[{"id":"16581755","nodevice":"2309MAS003","message":"BMPE","info":"Farel Ardian--Berhasil Presensi -Mulai-","nokartu":"737931FF"}]}
Berhasil kirim balasan ke "responServer_2309MAS003"

[2024-01-05 11:54:09]
Menerima pesan dari: dariMCU_2309MAS003 - Pesan: {"nokartu":"73DD16FE","idchip":"16581755","nodevice":"2309MAS003","key":"1234567890987654321","ipa":"10.10.14.37"}
[2024-01-05 11:54:09]
Berhasil merespon "dariMCU_2309MAS003" : {"respon":[{"id":"16581755","nodevice":"2309MAS003","message":"BMPE","info":"Malik Fatah--Berhasil Presensi -Mulai-","nokartu":"73DD16FE"}]}
Berhasil kirim balasan ke "responServer_2309MAS003"

[2024-01-05 11:54:15]
Menerima pesan dari: dariMCU_2309MAS003 - Pesan: {"nokartu":"43C30DFE","idchip":"16581755","nodevice":"2309MAS003","key":"1234567890987654321","ipa":"10.10.14.37"}
[2024-01-05 11:54:15]
Berhasil merespon "dariMCU_2309MAS003" : {"respon":[{"id":"16581755","nodevice":"2309MAS003","message":"BMPE","info":"Muhamad Saroful Anam--Berhasil Presensi -Mulai-","nokartu":"43C30DFE"}]}
Berhasil kirim balasan ke "responServer_2309MAS003"

[2024-01-05 11:56:34]
Menerima pesan dari: dariMCU_2309MAS003 - Pesan: {"nokartu":"F39F1AFE","idchip":"16581755","nodevice":"2309MAS003","key":"1234567890987654321","ipa":"10.10.14.37"}
[2024-01-05 11:56:34]
Berhasil merespon "dariMCU_2309MAS003" : {"respon":[{"id":"16581755","nodevice":"2309MAS003","message":"BMPE","info":"Anton Joko Kurniawan--Berhasil Presensi -Mulai-","nokartu":"F39F1AFE"}]}
Berhasil kirim balasan ke "responServer_2309MAS003"

[2024-01-05 11:56:37]
Menerima pesan dari: dariMCU_2309MAS003 - Pesan: {"nokartu":"F39F1AFE","idchip":"16581755","nodevice":"2309MAS003","key":"1234567890987654321","ipa":"10.10.14.37"}
[2024-01-05 11:56:37]
Berhasil merespon "dariMCU_2309MAS003" : {"respon":[{"id":"16581755","nodevice":"2309MAS003","message":"510","info":"Anton Joko Kurniawan--TERCATAT! 3 dtk lalu","nokartu":"F39F1AFE"}]}
Berhasil kirim balasan ke "responServer_2309MAS003"

[2024-01-05 11:56:41]
Menerima pesan dari: dariMCU_2309MAS003 - Pesan: {"nokartu":"A3C608FE","idchip":"16581755","nodevice":"2309MAS003","key":"1234567890987654321","ipa":"10.10.14.37"}
[2024-01-05 11:56:41]
Berhasil merespon "dariMCU_2309MAS003" : {"respon":[{"id":"16581755","nodevice":"2309MAS003","message":"BMPE","info":"Zenia Sriwijayanti--Berhasil Presensi -Mulai-","nokartu":"A3C608FE"}]}
Berhasil kirim balasan ke "responServer_2309MAS003"

[2024-01-05 11:56:59]
Menerima pesan dari: dariMCU_2309MAS003 - Pesan: {"nokartu":"A3BD08FE","idchip":"16581755","nodevice":"2309MAS003","key":"1234567890987654321","ipa":"10.10.14.37"}
[2024-01-05 11:56:59]
Berhasil merespon "dariMCU_2309MAS003" : {"respon":[{"id":"16581755","nodevice":"2309MAS003","message":"BMPE","info":"Muhammat Ahsanul Mubarok--Berhasil Presensi -Mulai-","nokartu":"A3BD08FE"}]}
Berhasil kirim balasan ke "responServer_2309MAS003"

[2024-01-05 11:57:02]
Menerima pesan dari: dariMCU_2309MAS003 - Pesan: {"nokartu":"A3BD08FE","idchip":"16581755","nodevice":"2309MAS003","key":"1234567890987654321","ipa":"10.10.14.37"}
[2024-01-05 11:57:02]
Berhasil merespon "dariMCU_2309MAS003" : {"respon":[{"id":"16581755","nodevice":"2309MAS003","message":"510","info":"Muhammat Ahsanul Mubarok--TERCATAT! 3 dtk lalu","nokartu":"A3BD08FE"}]}
Berhasil kirim balasan ke "responServer_2309MAS003"

[2024-01-05 11:57:05]
Menerima pesan dari: dariMCU_2309MAS003 - Pesan: {"nokartu":"23336705","idchip":"16581755","nodevice":"2309MAS003","key":"1234567890987654321","ipa":"10.10.14.37"}
[2024-01-05 11:57:05]
Berhasil merespon "dariMCU_2309MAS003" : {"respon":[{"id":"16581755","nodevice":"2309MAS003","message":"BMPE","info":"Dwi Indra Pratama--Berhasil Presensi -Mulai-","nokartu":"23336705"}]}
Berhasil kirim balasan ke "responServer_2309MAS003"

[2024-01-05 11:57:06]
Menerima pesan dari: dariMCU_2309MAS003 - Pesan: {"nokartu":"23336705","idchip":"16581755","nodevice":"2309MAS003","key":"1234567890987654321","ipa":"10.10.14.37"}
[2024-01-05 11:57:06]
Berhasil merespon "dariMCU_2309MAS003" : {"respon":[{"id":"16581755","nodevice":"2309MAS003","message":"510","info":"Dwi Indra Pratama--TERCATAT! 1 dtk lalu","nokartu":"23336705"}]}
Berhasil kirim balasan ke "responServer_2309MAS003"

[2024-01-05 11:57:39]
Menerima pesan dari: dariMCU_2309MAS003 - Pesan: {"nokartu":"B3A98005","idchip":"16581755","nodevice":"2309MAS003","key":"1234567890987654321","ipa":"10.10.14.37"}
[2024-01-05 11:57:39]
Berhasil merespon "dariMCU_2309MAS003" : {"respon":[{"id":"16581755","nodevice":"2309MAS003","message":"BMPE","info":"Rifki Aulia Airlangga--Berhasil Presensi -Mulai-","nokartu":"B3A98005"}]}
Berhasil kirim balasan ke "responServer_2309MAS003"

[2024-01-05 11:57:43]
Menerima pesan dari: dariMCU_2309MAS003 - Pesan: {"nokartu":"03807505","idchip":"16581755","nodevice":"2309MAS003","key":"1234567890987654321","ipa":"10.10.14.37"}
[2024-01-05 11:57:43]
Berhasil merespon "dariMCU_2309MAS003" : {"respon":[{"id":"16581755","nodevice":"2309MAS003","message":"BMPE","info":"Muhammad Khairurasyid--Berhasil Presensi -Mulai-","nokartu":"03807505"}]}
Berhasil kirim balasan ke "responServer_2309MAS003"

[2024-01-05 11:58:15]
Menerima pesan dari: dariMCU_2309MAS003 - Pesan: {"nokartu":"83A04B05","idchip":"16581755","nodevice":"2309MAS003","key":"1234567890987654321","ipa":"10.10.14.37"}
[2024-01-05 11:58:15]
Berhasil merespon "dariMCU_2309MAS003" : {"respon":[{"id":"16581755","nodevice":"2309MAS003","message":"BMPE","info":"Desta Ranayuda--Berhasil Presensi -Mulai-","nokartu":"83A04B05"}]}
Berhasil kirim balasan ke "responServer_2309MAS003"

[2024-01-05 11:58:18]
Menerima pesan dari: dariMCU_2309MAS003 - Pesan: {"nokartu":"F3B47D05","idchip":"16581755","nodevice":"2309MAS003","key":"1234567890987654321","ipa":"10.10.14.37"}
[2024-01-05 11:58:18]
Berhasil merespon "dariMCU_2309MAS003" : {"respon":[{"id":"16581755","nodevice":"2309MAS003","message":"BMPE","info":"Fardhan Azmi Hafidh--Berhasil Presensi -Mulai-","nokartu":"F3B47D05"}]}
Berhasil kirim balasan ke "responServer_2309MAS003"

[2024-01-05 11:58:21]
Menerima pesan dari: dariMCU_2309MAS003 - Pesan: {"nokartu":"F3B47D05","idchip":"16581755","nodevice":"2309MAS003","key":"1234567890987654321","ipa":"10.10.14.37"}
[2024-01-05 11:58:21]
Berhasil merespon "dariMCU_2309MAS003" : {"respon":[{"id":"16581755","nodevice":"2309MAS003","message":"510","info":"Fardhan Azmi Hafidh--TERCATAT! 3 dtk lalu","nokartu":"F3B47D05"}]}
Berhasil kirim balasan ke "responServer_2309MAS003"

[2024-01-05 11:59:24]
Menerima pesan dari: dariMCU_2309MAS003 - Pesan: {"nokartu":"13E47B05","idchip":"16581755","nodevice":"2309MAS003","key":"1234567890987654321","ipa":"10.10.14.37"}
[2024-01-05 11:59:24]
Berhasil merespon "dariMCU_2309MAS003" : {"respon":[{"id":"16581755","nodevice":"2309MAS003","message":"BMPE","info":"Ata Amirulloh--Berhasil Presensi -Mulai-","nokartu":"13E47B05"}]}
Berhasil kirim balasan ke "responServer_2309MAS003"

[2024-01-05 11:59:27]
Menerima pesan dari: dariMCU_2309MAS003 - Pesan: {"nokartu":"F3B72CFF","idchip":"16581755","nodevice":"2309MAS003","key":"1234567890987654321","ipa":"10.10.14.37"}
[2024-01-05 11:59:27]
Berhasil merespon "dariMCU_2309MAS003" : {"respon":[{"id":"16581755","nodevice":"2309MAS003","message":"BMPE","info":"Rifqi Naufal Gandhi--Berhasil Presensi -Mulai-","nokartu":"F3B72CFF"}]}
Berhasil kirim balasan ke "responServer_2309MAS003"

[2024-01-05 12:03:03]
Menerima pesan dari: dariMCU_2309MAS003 - Pesan: {"nokartu":"E3416905","idchip":"16581755","nodevice":"2309MAS003","key":"1234567890987654321","ipa":"10.10.14.37"}
[2024-01-05 12:03:03]
Berhasil merespon "dariMCU_2309MAS003" : {"respon":[{"id":"16581755","nodevice":"2309MAS003","message":"BMPE","info":"Firman Safaat--Berhasil Presensi -Mulai-","nokartu":"E3416905"}]}
Berhasil kirim balasan ke "responServer_2309MAS003"

[2024-01-05 12:03:06]
Menerima pesan dari: dariMCU_2309MAS003 - Pesan: {"nokartu":"E3416905","idchip":"16581755","nodevice":"2309MAS003","key":"1234567890987654321","ipa":"10.10.14.37"}
[2024-01-05 12:03:06]
Berhasil merespon "dariMCU_2309MAS003" : {"respon":[{"id":"16581755","nodevice":"2309MAS003","message":"510","info":"Firman Safaat--TERCATAT! 3 dtk lalu","nokartu":"E3416905"}]}
Berhasil kirim balasan ke "responServer_2309MAS003"

[2024-01-05 12:03:28]
Menerima pesan dari: dariMCU_2309MAS003 - Pesan: {"nokartu":"13B021FF","idchip":"16581755","nodevice":"2309MAS003","key":"1234567890987654321","ipa":"10.10.14.37"}
[2024-01-05 12:03:28]
Berhasil merespon "dariMCU_2309MAS003" : {"respon":[{"id":"16581755","nodevice":"2309MAS003","message":"BMPE","info":"Muhammad Ulynnuha--Berhasil Presensi -Mulai-","nokartu":"13B021FF"}]}
Berhasil kirim balasan ke "responServer_2309MAS003"

[2024-01-05 12:03:32]
Menerima pesan dari: dariMCU_2309MAS003 - Pesan: {"nokartu":"83074105","idchip":"16581755","nodevice":"2309MAS003","key":"1234567890987654321","ipa":"10.10.14.37"}
[2024-01-05 12:03:32]
Berhasil merespon "dariMCU_2309MAS003" : {"respon":[{"id":"16581755","nodevice":"2309MAS003","message":"BMPE","info":"Bika Argo Cahyo Atmuji--Berhasil Presensi -Mulai-","nokartu":"83074105"}]}
Berhasil kirim balasan ke "responServer_2309MAS003"

[2024-01-05 12:03:35]
Menerima pesan dari: dariMCU_2309MAS003 - Pesan: {"nokartu":"83074105","idchip":"16581755","nodevice":"2309MAS003","key":"1234567890987654321","ipa":"10.10.14.37"}
[2024-01-05 12:03:35]
Berhasil merespon "dariMCU_2309MAS003" : {"respon":[{"id":"16581755","nodevice":"2309MAS003","message":"510","info":"Bika Argo Cahyo Atmuji--TERCATAT! 3 dtk lalu","nokartu":"83074105"}]}
Berhasil kirim balasan ke "responServer_2309MAS003"

[2024-01-05 12:03:47]
Menerima pesan dari: dariMCU_2309MAS003 - Pesan: {"nokartu":"63FF7005","idchip":"16581755","nodevice":"2309MAS003","key":"1234567890987654321","ipa":"10.10.14.37"}
[2024-01-05 12:03:47]
Berhasil merespon "dariMCU_2309MAS003" : {"respon":[{"id":"16581755","nodevice":"2309MAS003","message":"BMPE","info":"Wafid Raihan--Berhasil Presensi -Mulai-","nokartu":"63FF7005"}]}
Berhasil kirim balasan ke "responServer_2309MAS003"

[2024-01-05 12:04:00]
Menerima pesan dari: dariMCU_2309MAS003 - Pesan: {"nokartu":"133A7B05","idchip":"16581755","nodevice":"2309MAS003","key":"1234567890987654321","ipa":"10.10.14.37"}
[2024-01-05 12:04:00]
Berhasil merespon "dariMCU_2309MAS003" : {"respon":[{"id":"16581755","nodevice":"2309MAS003","message":"BMPE","info":"Helmi Muhalim Azmi Solih--Berhasil Presensi -Mulai-","nokartu":"133A7B05"}]}
Berhasil kirim balasan ke "responServer_2309MAS003"

[2024-01-05 12:04:03]
Menerima pesan dari: dariMCU_2309MAS003 - Pesan: {"nokartu":"133A7B05","idchip":"16581755","nodevice":"2309MAS003","key":"1234567890987654321","ipa":"10.10.14.37"}
[2024-01-05 12:04:03]
Berhasil merespon "dariMCU_2309MAS003" : {"respon":[{"id":"16581755","nodevice":"2309MAS003","message":"510","info":"Helmi Muhalim Azmi Solih--TERCATAT! 3 dtk lalu","nokartu":"133A7B05"}]}
Berhasil kirim balasan ke "responServer_2309MAS003"

[2024-01-05 12:08:05]
Menerima pesan dari: dariMCU_2309MAS003 - Pesan: {"nokartu":"F3877F05","idchip":"16581755","nodevice":"2309MAS003","key":"1234567890987654321","ipa":"10.10.14.37"}
[2024-01-05 12:08:05]
Berhasil merespon "dariMCU_2309MAS003" : {"respon":[{"id":"16581755","nodevice":"2309MAS003","message":"BMPE","info":"Khoirul Irfan--Berhasil Presensi -Mulai-","nokartu":"F3877F05"}]}
Berhasil kirim balasan ke "responServer_2309MAS003"

[2024-01-05 12:12:47]
Menerima pesan dari: dariMCU_2309MAS003 - Pesan: {"nokartu":"03BF1805","idchip":"16581755","nodevice":"2309MAS003","key":"1234567890987654321","ipa":"10.10.14.37"}
[2024-01-05 12:12:47]
Berhasil merespon "dariMCU_2309MAS003" : {"respon":[{"id":"16581755","nodevice":"2309MAS003","message":"BMPE","info":"Naffisell Tholibar Rifqi--Berhasil Presensi -Mulai-","nokartu":"03BF1805"}]}
Berhasil kirim balasan ke "responServer_2309MAS003"

[2024-01-05 12:14:17]
Menerima pesan dari: dariMCU_2309MAS003 - Pesan: {"nokartu":"035C04FE","idchip":"16581755","nodevice":"2309MAS003","key":"1234567890987654321","ipa":"10.10.14.37"}
[2024-01-05 12:14:17]
Berhasil merespon "dariMCU_2309MAS003" : {"respon":[{"id":"16581755","nodevice":"2309MAS003","message":"BMPE","info":"Syukur Fadilah Ramadani--Berhasil Presensi -Mulai-","nokartu":"035C04FE"}]}
Berhasil kirim balasan ke "responServer_2309MAS003"

[2024-01-05 12:14:21]
Menerima pesan dari: dariMCU_2309MAS003 - Pesan: {"nokartu":"23B01705","idchip":"16581755","nodevice":"2309MAS003","key":"1234567890987654321","ipa":"10.10.14.37"}
[2024-01-05 12:14:21]
Berhasil merespon "dariMCU_2309MAS003" : {"respon":[{"id":"16581755","nodevice":"2309MAS003","message":"BMPE","info":"Ahmad Solikhul Khafidzi--Berhasil Presensi -Mulai-","nokartu":"23B01705"}]}
Berhasil kirim balasan ke "responServer_2309MAS003"

[2024-01-05 12:14:23]
Menerima pesan dari: dariMCU_2309MAS003 - Pesan: {"nokartu":"23B01705","idchip":"16581755","nodevice":"2309MAS003","key":"1234567890987654321","ipa":"10.10.14.37"}
[2024-01-05 12:14:23]
Berhasil merespon "dariMCU_2309MAS003" : {"respon":[{"id":"16581755","nodevice":"2309MAS003","message":"510","info":"Ahmad Solikhul Khafidzi--TERCATAT! 2 dtk lalu","nokartu":"23B01705"}]}
Berhasil kirim balasan ke "responServer_2309MAS003"

[2024-01-05 12:14:29]
Menerima pesan dari: dariMCU_2309MAS003 - Pesan: {"nokartu":"F3358305","idchip":"16581755","nodevice":"2309MAS003","key":"1234567890987654321","ipa":"10.10.14.37"}
[2024-01-05 12:14:29]
Berhasil merespon "dariMCU_2309MAS003" : {"respon":[{"id":"16581755","nodevice":"2309MAS003","message":"BMPE","info":"Bagus Tri Wibowo--Berhasil Presensi -Mulai-","nokartu":"F3358305"}]}
Berhasil kirim balasan ke "responServer_2309MAS003"

[2024-01-05 12:14:32]
Menerima pesan dari: dariMCU_2309MAS003 - Pesan: {"nokartu":"23C011FE","idchip":"16581755","nodevice":"2309MAS003","key":"1234567890987654321","ipa":"10.10.14.37"}
[2024-01-05 12:14:32]
Berhasil merespon "dariMCU_2309MAS003" : {"respon":[{"id":"16581755","nodevice":"2309MAS003","message":"BMPE","info":"Muhamad Hakan Rafly--Berhasil Presensi -Mulai-","nokartu":"23C011FE"}]}
Berhasil kirim balasan ke "responServer_2309MAS003"

[2024-01-05 12:14:33]
Menerima pesan dari: dariMCU_2309MAS003 - Pesan: {"nokartu":"332A12FE","idchip":"16581755","nodevice":"2309MAS003","key":"1234567890987654321","ipa":"10.10.14.37"}
[2024-01-05 12:14:33]
Berhasil merespon "dariMCU_2309MAS003" : {"respon":[{"id":"16581755","nodevice":"2309MAS003","message":"BMPE","info":"Rehan Nibras Hibban--Berhasil Presensi -Mulai-","nokartu":"332A12FE"}]}
Berhasil kirim balasan ke "responServer_2309MAS003"

[2024-01-05 12:14:36]
Menerima pesan dari: dariMCU_2309MAS003 - Pesan: {"nokartu":"332A12FE","idchip":"16581755","nodevice":"2309MAS003","key":"1234567890987654321","ipa":"10.10.14.37"}
[2024-01-05 12:14:36]
Berhasil merespon "dariMCU_2309MAS003" : {"respon":[{"id":"16581755","nodevice":"2309MAS003","message":"510","info":"Rehan Nibras Hibban--TERCATAT! 3 dtk lalu","nokartu":"332A12FE"}]}
Berhasil kirim balasan ke "responServer_2309MAS003"

[2024-01-05 12:14:38]
Menerima pesan dari: dariMCU_2309MAS003 - Pesan: {"nokartu":"23C011FE","idchip":"16581755","nodevice":"2309MAS003","key":"1234567890987654321","ipa":"10.10.14.37"}
[2024-01-05 12:14:38]
Berhasil merespon "dariMCU_2309MAS003" : {"respon":[{"id":"16581755","nodevice":"2309MAS003","message":"510","info":"Muhamad Hakan Rafly--TERCATAT! 6 dtk lalu","nokartu":"23C011FE"}]}
Berhasil kirim balasan ke "responServer_2309MAS003"

[2024-01-05 12:14:42]
Menerima pesan dari: dariMCU_2309MAS003 - Pesan: {"nokartu":"23B01705","idchip":"16581755","nodevice":"2309MAS003","key":"1234567890987654321","ipa":"10.10.14.37"}
[2024-01-05 12:14:42]
Berhasil merespon "dariMCU_2309MAS003" : {"respon":[{"id":"16581755","nodevice":"2309MAS003","message":"510","info":"Ahmad Solikhul Khafidzi--TERCATAT! 21 dtk lalu","nokartu":"23B01705"}]}
Berhasil kirim balasan ke "responServer_2309MAS003"

[2024-01-05 12:15:07]
Menerima pesan dari: dariMCU_2309MAS001 - Pesan: {"nokartu":"B37F7A05","idchip":"4115046","nodevice":"2309MAS001","key":"1234567890987654321","ipa":"10.10.1.28"}
[2024-01-05 12:15:07]
Berhasil merespon "dariMCU_2309MAS001" : {"respon":[{"id":"4115046","nodevice":"2309MAS001","message":"BMPE","info":"Putra Fajar Noviyanto--Berhasil Presensi -Mulai-","nokartu":"B37F7A05"}]}
Berhasil kirim balasan ke "responServer_2309MAS001"

[2024-01-05 12:15:11]
Menerima pesan dari: dariMCU_2309MAS001 - Pesan: {"nokartu":"B37F7A05","idchip":"4115046","nodevice":"2309MAS001","key":"1234567890987654321","ipa":"10.10.1.28"}
[2024-01-05 12:15:11]
Berhasil merespon "dariMCU_2309MAS001" : {"respon":[{"id":"4115046","nodevice":"2309MAS001","message":"510","info":"Putra Fajar Noviyanto--TERCATAT! 4 dtk lalu","nokartu":"B37F7A05"}]}
Berhasil kirim balasan ke "responServer_2309MAS001"

[2024-01-05 12:18:45]
Menerima pesan dari: dariMCU_2309MAS003 - Pesan: {"nokartu":"D32434FF","idchip":"16581755","nodevice":"2309MAS003","key":"1234567890987654321","ipa":"10.10.14.37"}
[2024-01-05 12:18:45]
Berhasil merespon "dariMCU_2309MAS003" : {"respon":[{"id":"16581755","nodevice":"2309MAS003","message":"BMPE","info":"Muhamad Ulil Albab--Berhasil Presensi -Mulai-","nokartu":"D32434FF"}]}
Berhasil kirim balasan ke "responServer_2309MAS003"

[2024-01-05 12:18:49]
Menerima pesan dari: dariMCU_2309MAS003 - Pesan: {"nokartu":"33BC7205","idchip":"16581755","nodevice":"2309MAS003","key":"1234567890987654321","ipa":"10.10.14.37"}
[2024-01-05 12:18:49]
Berhasil merespon "dariMCU_2309MAS003" : {"respon":[{"id":"16581755","nodevice":"2309MAS003","message":"BMPE","info":"Gastha Sighi Santosa--Berhasil Presensi -Mulai-","nokartu":"33BC7205"}]}
Berhasil kirim balasan ke "responServer_2309MAS003"

[2024-01-05 12:18:51]
Menerima pesan dari: dariMCU_2309MAS003 - Pesan: {"nokartu":"33BC7205","idchip":"16581755","nodevice":"2309MAS003","key":"1234567890987654321","ipa":"10.10.14.37"}
[2024-01-05 12:18:51]
Berhasil merespon "dariMCU_2309MAS003" : {"respon":[{"id":"16581755","nodevice":"2309MAS003","message":"510","info":"Gastha Sighi Santosa--TERCATAT! 2 dtk lalu","nokartu":"33BC7205"}]}
Berhasil kirim balasan ke "responServer_2309MAS003"

[2024-01-05 12:19:24]
Menerima pesan dari: dariMCU_2309MAS003 - Pesan: {"nokartu":"636D7305","idchip":"16581755","nodevice":"2309MAS003","key":"1234567890987654321","ipa":"10.10.14.37"}
[2024-01-05 12:19:24]
Berhasil merespon "dariMCU_2309MAS003" : {"respon":[{"id":"16581755","nodevice":"2309MAS003","message":"BMPE","info":"Sasetyo--Berhasil Presensi -Mulai-","nokartu":"636D7305"}]}
Berhasil kirim balasan ke "responServer_2309MAS003"

[2024-01-05 12:25:22]
Menerima pesan dari: dariMCU_2309MAS003 - Pesan: {"nokartu":"F3808005","idchip":"16581755","nodevice":"2309MAS003","key":"1234567890987654321","ipa":"10.10.14.37"}
[2024-01-05 12:25:22]
Berhasil merespon "dariMCU_2309MAS003" : {"respon":[{"id":"16581755","nodevice":"2309MAS003","message":"BMPE","info":"Berlian Jiyan Swari Putri--Berhasil Presensi -Mulai-","nokartu":"F3808005"}]}
Berhasil kirim balasan ke "responServer_2309MAS003"

[2024-01-05 12:25:25]
Menerima pesan dari: dariMCU_2309MAS003 - Pesan: {"nokartu":"F3808005","idchip":"16581755","nodevice":"2309MAS003","key":"1234567890987654321","ipa":"10.10.14.37"}
[2024-01-05 12:25:25]
Berhasil merespon "dariMCU_2309MAS003" : {"respon":[{"id":"16581755","nodevice":"2309MAS003","message":"510","info":"Berlian Jiyan Swari Putri--TERCATAT! 3 dtk lalu","nokartu":"F3808005"}]}
Berhasil kirim balasan ke "responServer_2309MAS003"

[2024-01-05 12:25:30]
Menerima pesan dari: dariMCU_2309MAS003 - Pesan: {"nokartu":"438818FE","idchip":"16581755","nodevice":"2309MAS003","key":"1234567890987654321","ipa":"10.10.14.37"}
[2024-01-05 12:25:30]
Berhasil merespon "dariMCU_2309MAS003" : {"respon":[{"id":"16581755","nodevice":"2309MAS003","message":"BMPE","info":"Nashendi Sabrina Shasa--Berhasil Presensi -Mulai-","nokartu":"438818FE"}]}
Berhasil kirim balasan ke "responServer_2309MAS003"

[2024-01-05 12:29:50]
Menerima pesan dari: dariMCU_2309MAS003 - Pesan: {"nokartu":"831934FF","idchip":"16581755","nodevice":"2309MAS003","key":"1234567890987654321","ipa":"10.10.14.37"}
[2024-01-05 12:29:50]
Berhasil merespon "dariMCU_2309MAS003" : {"respon":[{"id":"16581755","nodevice":"2309MAS003","message":"BMPE","info":"Nadya Rizka Safitri--Berhasil Presensi -Mulai-","nokartu":"831934FF"}]}
Berhasil kirim balasan ke "responServer_2309MAS003"

[2024-01-05 12:29:52]
Menerima pesan dari: dariMCU_2309MAS003 - Pesan: {"nokartu":"831934FF","idchip":"16581755","nodevice":"2309MAS003","key":"1234567890987654321","ipa":"10.10.14.37"}
[2024-01-05 12:29:52]
Berhasil merespon "dariMCU_2309MAS003" : {"respon":[{"id":"16581755","nodevice":"2309MAS003","message":"510","info":"Nadya Rizka Safitri--TERCATAT! 2 dtk lalu","nokartu":"831934FF"}]}
Berhasil kirim balasan ke "responServer_2309MAS003"

[2024-01-05 12:29:53]
Menerima pesan dari: dariMCU_2309MAS003 - Pesan: {"nokartu":"831934FF","idchip":"16581755","nodevice":"2309MAS003","key":"1234567890987654321","ipa":"10.10.14.37"}
[2024-01-05 12:29:53]
Berhasil merespon "dariMCU_2309MAS003" : {"respon":[{"id":"16581755","nodevice":"2309MAS003","message":"510","info":"Nadya Rizka Safitri--TERCATAT! 3 dtk lalu","nokartu":"831934FF"}]}
Berhasil kirim balasan ke "responServer_2309MAS003"

[2024-01-05 12:29:56]
Menerima pesan dari: dariMCU_2309MAS003 - Pesan: {"nokartu":"831934FF","idchip":"16581755","nodevice":"2309MAS003","key":"1234567890987654321","ipa":"10.10.14.37"}
[2024-01-05 12:29:56]
Berhasil merespon "dariMCU_2309MAS003" : {"respon":[{"id":"16581755","nodevice":"2309MAS003","message":"510","info":"Nadya Rizka Safitri--TERCATAT! 6 dtk lalu","nokartu":"831934FF"}]}
Berhasil kirim balasan ke "responServer_2309MAS003"

[2024-01-05 12:29:57]
Menerima pesan dari: dariMCU_2309MAS003 - Pesan: {"nokartu":"831934FF","idchip":"16581755","nodevice":"2309MAS003","key":"1234567890987654321","ipa":"10.10.14.37"}
[2024-01-05 12:29:57]
Berhasil merespon "dariMCU_2309MAS003" : {"respon":[{"id":"16581755","nodevice":"2309MAS003","message":"510","info":"Nadya Rizka Safitri--TERCATAT! 7 dtk lalu","nokartu":"831934FF"}]}
Berhasil kirim balasan ke "responServer_2309MAS003"

[2024-01-05 12:30:00]
Menerima pesan dari: dariMCU_2309MAS003 - Pesan: {"nokartu":"13CC28FF","idchip":"16581755","nodevice":"2309MAS003","key":"1234567890987654321","ipa":"10.10.14.37"}
[2024-01-05 12:30:00]
Berhasil merespon "dariMCU_2309MAS003" : {"respon":[{"id":"16581755","nodevice":"2309MAS003","message":"BMPE","info":"Allissa Aswa Syahira--Berhasil Presensi -Mulai-","nokartu":"13CC28FF"}]}
Berhasil kirim balasan ke "responServer_2309MAS003"

[2024-01-05 12:30:03]
Menerima pesan dari: dariMCU_2309MAS003 - Pesan: {"nokartu":"13CC28FF","idchip":"16581755","nodevice":"2309MAS003","key":"1234567890987654321","ipa":"10.10.14.37"}
[2024-01-05 12:30:03]
Berhasil merespon "dariMCU_2309MAS003" : {"respon":[{"id":"16581755","nodevice":"2309MAS003","message":"510","info":"Allissa Aswa Syahira--TERCATAT! 3 dtk lalu","nokartu":"13CC28FF"}]}
Berhasil kirim balasan ke "responServer_2309MAS003"

[2024-01-05 12:30:04]
Menerima pesan dari: dariMCU_2309MAS003 - Pesan: {"nokartu":"13CC28FF","idchip":"16581755","nodevice":"2309MAS003","key":"1234567890987654321","ipa":"10.10.14.37"}
[2024-01-05 12:30:04]
Berhasil merespon "dariMCU_2309MAS003" : {"respon":[{"id":"16581755","nodevice":"2309MAS003","message":"510","info":"Allissa Aswa Syahira--TERCATAT! 4 dtk lalu","nokartu":"13CC28FF"}]}
Berhasil kirim balasan ke "responServer_2309MAS003"

[2024-01-05 12:31:33]
Menerima pesan dari: dariMCU_2309MAS003 - Pesan: {"nokartu":"133B33FF","idchip":"16581755","nodevice":"2309MAS003","key":"1234567890987654321","ipa":"10.10.14.37"}
[2024-01-05 12:31:33]
Berhasil merespon "dariMCU_2309MAS003" : {"respon":[{"id":"16581755","nodevice":"2309MAS003","message":"BMPE","info":"Elsa Olivia--Berhasil Presensi -Mulai-","nokartu":"133B33FF"}]}
Berhasil kirim balasan ke "responServer_2309MAS003"

[2024-01-05 12:31:36]
Menerima pesan dari: dariMCU_2309MAS003 - Pesan: {"nokartu":"133B33FF","idchip":"16581755","nodevice":"2309MAS003","key":"1234567890987654321","ipa":"10.10.14.37"}
[2024-01-05 12:31:36]
Berhasil merespon "dariMCU_2309MAS003" : {"respon":[{"id":"16581755","nodevice":"2309MAS003","message":"510","info":"Elsa Olivia--TERCATAT! 3 dtk lalu","nokartu":"133B33FF"}]}
Berhasil kirim balasan ke "responServer_2309MAS003"

[2024-01-05 12:31:38]
Menerima pesan dari: dariMCU_2309MAS003 - Pesan: {"nokartu":"83512FFF","idchip":"16581755","nodevice":"2309MAS003","key":"1234567890987654321","ipa":"10.10.14.37"}
[2024-01-05 12:31:38]
Berhasil merespon "dariMCU_2309MAS003" : {"respon":[{"id":"16581755","nodevice":"2309MAS003","message":"BMPE","info":"Nafrida Noviyanti--Berhasil Presensi -Mulai-","nokartu":"83512FFF"}]}
Berhasil kirim balasan ke "responServer_2309MAS003"

[2024-01-05 12:31:40]
Menerima pesan dari: dariMCU_2309MAS003 - Pesan: {"nokartu":"83512FFF","idchip":"16581755","nodevice":"2309MAS003","key":"1234567890987654321","ipa":"10.10.14.37"}
[2024-01-05 12:31:40]
Berhasil merespon "dariMCU_2309MAS003" : {"respon":[{"id":"16581755","nodevice":"2309MAS003","message":"510","info":"Nafrida Noviyanti--TERCATAT! 2 dtk lalu","nokartu":"83512FFF"}]}
Berhasil kirim balasan ke "responServer_2309MAS003"

[2024-01-05 12:31:44]
Menerima pesan dari: dariMCU_2309MAS003 - Pesan: {"nokartu":"D30F14FE","idchip":"16581755","nodevice":"2309MAS003","key":"1234567890987654321","ipa":"10.10.14.37"}
[2024-01-05 12:31:44]
Berhasil merespon "dariMCU_2309MAS003" : {"respon":[{"id":"16581755","nodevice":"2309MAS003","message":"BMPE","info":"Viola Ela Rahmahani--Berhasil Presensi -Mulai-","nokartu":"D30F14FE"}]}
Berhasil kirim balasan ke "responServer_2309MAS003"

[2024-01-05 12:31:48]
Menerima pesan dari: dariMCU_2309MAS003 - Pesan: {"nokartu":"A32C22FF","idchip":"16581755","nodevice":"2309MAS003","key":"1234567890987654321","ipa":"10.10.14.37"}
[2024-01-05 12:31:48]
Berhasil merespon "dariMCU_2309MAS003" : {"respon":[{"id":"16581755","nodevice":"2309MAS003","message":"BMPE","info":"Nisfa Leilia Rahma--Berhasil Presensi -Mulai-","nokartu":"A32C22FF"}]}
Berhasil kirim balasan ke "responServer_2309MAS003"

[2024-01-05 12:34:59]
Menerima pesan dari: dariMCU_2309MAS003 - Pesan: {"nokartu":"D32022FF","idchip":"16581755","nodevice":"2309MAS003","key":"1234567890987654321","ipa":"10.10.14.37"}
[2024-01-05 12:34:59]
Berhasil merespon "dariMCU_2309MAS003" : {"respon":[{"id":"16581755","nodevice":"2309MAS003","message":"BMPE","info":"Andin Ningmas Dewi--Berhasil Presensi -Mulai-","nokartu":"D32022FF"}]}
Berhasil kirim balasan ke "responServer_2309MAS003"

[2024-01-05 12:35:05]
Menerima pesan dari: dariMCU_2309MAS003 - Pesan: {"nokartu":"03BB15FF","idchip":"16581755","nodevice":"2309MAS003","key":"1234567890987654321","ipa":"10.10.14.37"}
[2024-01-05 12:35:05]
Berhasil merespon "dariMCU_2309MAS003" : {"respon":[{"id":"16581755","nodevice":"2309MAS003","message":"BMPE","info":"Dina Anggraeni--Berhasil Presensi -Mulai-","nokartu":"03BB15FF"}]}
Berhasil kirim balasan ke "responServer_2309MAS003"

[2024-01-05 12:35:06]
Menerima pesan dari: dariMCU_2309MAS003 - Pesan: {"nokartu":"53802FFF","idchip":"16581755","nodevice":"2309MAS003","key":"1234567890987654321","ipa":"10.10.14.37"}
[2024-01-05 12:35:06]
Berhasil merespon "dariMCU_2309MAS003" : {"respon":[{"id":"16581755","nodevice":"2309MAS003","message":"BMPE","info":"Fatimatuzzahro--Berhasil Presensi -Mulai-","nokartu":"53802FFF"}]}
Berhasil kirim balasan ke "responServer_2309MAS003"

[2024-01-05 12:35:08]
Menerima pesan dari: dariMCU_2309MAS003 - Pesan: {"nokartu":"73090DFE","idchip":"16581755","nodevice":"2309MAS003","key":"1234567890987654321","ipa":"10.10.14.37"}
[2024-01-05 12:35:08]
Berhasil merespon "dariMCU_2309MAS003" : {"respon":[{"id":"16581755","nodevice":"2309MAS003","message":"BMPE","info":"Yuliatul Muarifah--Berhasil Presensi -Mulai-","nokartu":"73090DFE"}]}
Berhasil kirim balasan ke "responServer_2309MAS003"

[2024-01-05 12:35:11]
Menerima pesan dari: dariMCU_2309MAS003 - Pesan: {"nokartu":"73090DFE","idchip":"16581755","nodevice":"2309MAS003","key":"1234567890987654321","ipa":"10.10.14.37"}
[2024-01-05 12:35:11]
Berhasil merespon "dariMCU_2309MAS003" : {"respon":[{"id":"16581755","nodevice":"2309MAS003","message":"510","info":"Yuliatul Muarifah--TERCATAT! 3 dtk lalu","nokartu":"73090DFE"}]}
Berhasil kirim balasan ke "responServer_2309MAS003"

[2024-01-05 12:35:13]
Menerima pesan dari: dariMCU_2309MAS003 - Pesan: {"nokartu":"53802FFF","idchip":"16581755","nodevice":"2309MAS003","key":"1234567890987654321","ipa":"10.10.14.37"}
[2024-01-05 12:35:13]
Berhasil merespon "dariMCU_2309MAS003" : {"respon":[{"id":"16581755","nodevice":"2309MAS003","message":"510","info":"Fatimatuzzahro--TERCATAT! 7 dtk lalu","nokartu":"53802FFF"}]}
Berhasil kirim balasan ke "responServer_2309MAS003"

[2024-01-05 12:35:16]
Menerima pesan dari: dariMCU_2309MAS003 - Pesan: {"nokartu":"A38D17FE","idchip":"16581755","nodevice":"2309MAS003","key":"1234567890987654321","ipa":"10.10.14.37"}
[2024-01-05 12:35:16]
Berhasil merespon "dariMCU_2309MAS003" : {"respon":[{"id":"16581755","nodevice":"2309MAS003","message":"BMPE","info":"Aulia Hastuti Santalum--Berhasil Presensi -Mulai-","nokartu":"A38D17FE"}]}
Berhasil kirim balasan ke "responServer_2309MAS003"

[2024-01-05 12:35:17]
Menerima pesan dari: dariMCU_2309MAS003 - Pesan: {"nokartu":"A38D17FE","idchip":"16581755","nodevice":"2309MAS003","key":"1234567890987654321","ipa":"10.10.14.37"}
[2024-01-05 12:35:17]
Berhasil merespon "dariMCU_2309MAS003" : {"respon":[{"id":"16581755","nodevice":"2309MAS003","message":"510","info":"Aulia Hastuti Santalum--TERCATAT! 1 dtk lalu","nokartu":"A38D17FE"}]}
Berhasil kirim balasan ke "responServer_2309MAS003"

[2024-01-05 12:35:20]
Menerima pesan dari: dariMCU_2309MAS003 - Pesan: {"nokartu":"33FF2CFF","idchip":"16581755","nodevice":"2309MAS003","key":"1234567890987654321","ipa":"10.10.14.37"}
[2024-01-05 12:35:20]
Berhasil merespon "dariMCU_2309MAS003" : {"respon":[{"id":"16581755","nodevice":"2309MAS003","message":"BMPE","info":"Defla Dia Fifa--Berhasil Presensi -Mulai-","nokartu":"33FF2CFF"}]}
Berhasil kirim balasan ke "responServer_2309MAS003"

[2024-01-05 12:35:22]
Menerima pesan dari: dariMCU_2309MAS003 - Pesan: {"nokartu":"33FF2CFF","idchip":"16581755","nodevice":"2309MAS003","key":"1234567890987654321","ipa":"10.10.14.37"}
[2024-01-05 12:35:22]
Berhasil merespon "dariMCU_2309MAS003" : {"respon":[{"id":"16581755","nodevice":"2309MAS003","message":"510","info":"Defla Dia Fifa--TERCATAT! 2 dtk lalu","nokartu":"33FF2CFF"}]}
Berhasil kirim balasan ke "responServer_2309MAS003"

[2024-01-05 12:39:08]
Menerima pesan dari: dariMCU_2309MAS003 - Pesan: {"nokartu":"13FA15FF","idchip":"16581755","nodevice":"2309MAS003","key":"1234567890987654321","ipa":"10.10.14.37"}
[2024-01-05 12:39:08]
Berhasil merespon "dariMCU_2309MAS003" : {"respon":[{"id":"16581755","nodevice":"2309MAS003","message":"BMPE","info":"Zenata Putri Ayu Amanda--Berhasil Presensi -Mulai-","nokartu":"13FA15FF"}]}
Berhasil kirim balasan ke "responServer_2309MAS003"

[2024-01-05 12:39:10]
Menerima pesan dari: dariMCU_2309MAS003 - Pesan: {"nokartu":"13FA15FF","idchip":"16581755","nodevice":"2309MAS003","key":"1234567890987654321","ipa":"10.10.14.37"}
[2024-01-05 12:39:10]
Berhasil merespon "dariMCU_2309MAS003" : {"respon":[{"id":"16581755","nodevice":"2309MAS003","message":"510","info":"Zenata Putri Ayu Amanda--TERCATAT! 2 dtk lalu","nokartu":"13FA15FF"}]}
Berhasil kirim balasan ke "responServer_2309MAS003"

[2024-01-05 12:39:56]
Menerima pesan dari: dariMCU_2309MAS003 - Pesan: {"nokartu":"F3A717FE","idchip":"16581755","nodevice":"2309MAS003","key":"1234567890987654321","ipa":"10.10.14.37"}
[2024-01-05 12:39:56]
Berhasil merespon "dariMCU_2309MAS003" : {"respon":[{"id":"16581755","nodevice":"2309MAS003","message":"BMPE","info":"Elvira Ayu Thirany--Berhasil Presensi -Mulai-","nokartu":"F3A717FE"}]}
Berhasil kirim balasan ke "responServer_2309MAS003"

[2024-01-05 12:39:58]
Menerima pesan dari: dariMCU_2309MAS003 - Pesan: {"nokartu":"F3A717FE","idchip":"16581755","nodevice":"2309MAS003","key":"1234567890987654321","ipa":"10.10.14.37"}
[2024-01-05 12:39:58]
Berhasil merespon "dariMCU_2309MAS003" : {"respon":[{"id":"16581755","nodevice":"2309MAS003","message":"510","info":"Elvira Ayu Thirany--TERCATAT! 2 dtk lalu","nokartu":"F3A717FE"}]}
Berhasil kirim balasan ke "responServer_2309MAS003"

[2024-01-05 12:40:23]
Menerima pesan dari: dariMCU_2309MAS003 - Pesan: {"nokartu":"C3A01AFE","idchip":"16581755","nodevice":"2309MAS003","key":"1234567890987654321","ipa":"10.10.14.37"}
[2024-01-05 12:40:23]
Berhasil merespon "dariMCU_2309MAS003" : {"respon":[{"id":"16581755","nodevice":"2309MAS003","message":"BMPE","info":"Dini Dwi Ariyanti--Berhasil Presensi -Mulai-","nokartu":"C3A01AFE"}]}
Berhasil kirim balasan ke "responServer_2309MAS003"

[2024-01-05 12:40:25]
Menerima pesan dari: dariMCU_2309MAS003 - Pesan: {"nokartu":"03D20AFE","idchip":"16581755","nodevice":"2309MAS003","key":"1234567890987654321","ipa":"10.10.14.37"}
[2024-01-05 12:40:25]
Berhasil merespon "dariMCU_2309MAS003" : {"respon":[{"id":"16581755","nodevice":"2309MAS003","message":"BMPE","info":"Zalika Afarin Azura--Berhasil Presensi -Mulai-","nokartu":"03D20AFE"}]}
Berhasil kirim balasan ke "responServer_2309MAS003"

[2024-01-05 12:45:24]
Menerima pesan dari: dariMCU_2309MAS003 - Pesan: {"nokartu":"43F833FF","idchip":"16581755","nodevice":"2309MAS003","key":"1234567890987654321","ipa":"10.10.14.37"}
[2024-01-05 12:45:24]
Berhasil merespon "dariMCU_2309MAS003" : {"respon":[{"id":"16581755","nodevice":"2309MAS003","message":"BMPE","info":"Hartiningsih--Berhasil Presensi -Mulai-","nokartu":"43F833FF"}]}
Berhasil kirim balasan ke "responServer_2309MAS003"

