[2024-03-20 06:22:00]
Menerima pesan dari: dariMCU_2309G001 - Pesan: {"nokartu":"E52E2E89","idchip":"4207734","nodevice":"2309G001","key":"1234567890987654321","ipa":"192.168.2.100"}
[2024-03-20 06:22:00]
Berhasil merespon "dariMCU_2309G001" : {"respon":[{"id":"4207734","nodevice":"2309G001","message":"BMPM","info":"Meri Linda Sunanda--Berhasil Presensi","nokartu":"E52E2E89"}]}
Berhasil kirim balasan ke "responServer_2309G001"

[2024-03-20 06:22:01]
Menerima pesan dari: dariMCU_2309G001 - Pesan: {"nokartu":"E52E2E89","idchip":"4207734","nodevice":"2309G001","key":"1234567890987654321","ipa":"192.168.2.100"}
[2024-03-20 06:22:01]
Berhasil merespon "dariMCU_2309G001" : {"respon":[{"id":"4207734","nodevice":"2309G001","message":"SMPM","info":"Meri Linda Sunanda--Anda Sudah melakukan Presensi","nokartu":"E52E2E89"}]}
Berhasil kirim balasan ke "responServer_2309G001"

[2024-03-20 06:22:03]
Menerima pesan dari: dariMCU_2309G001 - Pesan: {"nokartu":"E52E2E89","idchip":"4207734","nodevice":"2309G001","key":"1234567890987654321","ipa":"192.168.2.100"}
[2024-03-20 06:22:03]
Berhasil merespon "dariMCU_2309G001" : {"respon":[{"id":"4207734","nodevice":"2309G001","message":"SMPM","info":"Meri Linda Sunanda--Anda Sudah melakukan Presensi","nokartu":"E52E2E89"}]}
Berhasil kirim balasan ke "responServer_2309G001"

[2024-03-20 06:22:06]
Menerima pesan dari: dariMCU_2309G001 - Pesan: {"nokartu":"E52E2E89","idchip":"4207734","nodevice":"2309G001","key":"1234567890987654321","ipa":"192.168.2.100"}
[2024-03-20 06:22:06]
Berhasil merespon "dariMCU_2309G001" : {"respon":[{"id":"4207734","nodevice":"2309G001","message":"SMPM","info":"Meri Linda Sunanda--Anda Sudah melakukan Presensi","nokartu":"E52E2E89"}]}
Berhasil kirim balasan ke "responServer_2309G001"

[2024-03-20 15:16:07]
Menerima pesan dari: dariMCU_2309G003 - Pesan: {"nokartu":"0888A722","idchip":"8008873","nodevice":"2309G003","key":"1234567890987654321","ipa":"10.10.14.188"}
[2024-03-20 15:16:07]
Berhasil merespon "dariMCU_2309G003" : {"respon":[{"id":"8008873","nodevice":"2309G003","message":"IDTT","info":"Kartu ID ini--belum terdaftar","nokartu":"0888A722"}]}
Berhasil kirim balasan ke "responServer_2309G003"

