[2025-04-09 06:18:33]
Menerima pesan dari: dariMCU_2309G004 - Pesan: {"nokartu":"331D7E05","idchip":"14375838","nodevice":"2309G004","key":"1234567890987654321","ipa":"10.31.0.4"}
[2025-04-09 06:18:33]
Berhasil merespon "dariMCU_2309G004" : {"respon":[{"id":"14375838","nodevice":"2309G004","message":"BMPM","info":"Anisa Setyaningsih--Berhasil Presensi","nokartu":"331D7E05"}]}
Berhasil kirim balasan ke "responServer_2309G004"

[2025-04-09 06:27:54]
Menerima pesan dari: dariMCU_2309G004 - Pesan: {"nokartu":"639FAAE2","idchip":"14375838","nodevice":"2309G004","key":"1234567890987654321","ipa":"10.31.0.4"}
[2025-04-09 06:27:54]
Berhasil merespon "dariMCU_2309G004" : {"respon":[{"id":"14375838","nodevice":"2309G004","message":"BMPM","info":"Ana Meilia Solichah--Berhasil Presensi","nokartu":"639FAAE2"}]}
Berhasil kirim balasan ke "responServer_2309G004"

[2025-04-09 06:31:03]
Menerima pesan dari: dariMCU_2309G004 - Pesan: {"nokartu":"D3B0F7E4","idchip":"14375838","nodevice":"2309G004","key":"1234567890987654321","ipa":"10.31.0.4"}
[2025-04-09 06:31:03]
Berhasil merespon "dariMCU_2309G004" : {"respon":[{"id":"14375838","nodevice":"2309G004","message":"BMPM","info":"Adinda Hapsari Ramadhani--Berhasil Presensi","nokartu":"D3B0F7E4"}]}
Berhasil kirim balasan ke "responServer_2309G004"

[2025-04-09 06:31:15]
Menerima pesan dari: dariMCU_2309G004 - Pesan: {"nokartu":"0053615D","idchip":"14375838","nodevice":"2309G004","key":"1234567890987654321","ipa":"10.31.0.4"}
[2025-04-09 06:31:15]
Berhasil merespon "dariMCU_2309G004" : {"respon":[{"id":"14375838","nodevice":"2309G004","message":"BMPM","info":"Lutfiana Afifah--Berhasil Presensi","nokartu":"0053615D"}]}
Berhasil kirim balasan ke "responServer_2309G004"

[2025-04-09 06:31:15]
Menerima pesan dari: dariMCU_2309G004 - Pesan: {"nokartu":"0053615D","idchip":"14375838","nodevice":"2309G004","key":"1234567890987654321","ipa":"10.31.0.4"}
[2025-04-09 06:31:15]
Berhasil merespon "dariMCU_2309G004" : {"respon":[{"id":"14375838","nodevice":"2309G004","message":"SMPM","info":"Lutfiana Afifah--Anda Sudah melakukan Presensi","nokartu":"0053615D"}]}
Berhasil kirim balasan ke "responServer_2309G004"

[2025-04-09 06:31:21]
Menerima pesan dari: dariMCU_2309G004 - Pesan: {"nokartu":"4374FBE4","idchip":"14375838","nodevice":"2309G004","key":"1234567890987654321","ipa":"10.31.0.4"}
[2025-04-09 06:31:21]
Berhasil merespon "dariMCU_2309G004" : {"respon":[{"id":"14375838","nodevice":"2309G004","message":"BMPM","info":"Solekha Agustina--Berhasil Presensi","nokartu":"4374FBE4"}]}
Berhasil kirim balasan ke "responServer_2309G004"

[2025-04-09 06:31:34]
Menerima pesan dari: dariMCU_2309G004 - Pesan: {"nokartu":"4374FBE4","idchip":"14375838","nodevice":"2309G004","key":"1234567890987654321","ipa":"10.31.0.4"}
[2025-04-09 06:31:34]
Berhasil merespon "dariMCU_2309G004" : {"respon":[{"id":"14375838","nodevice":"2309G004","message":"SMPM","info":"Solekha Agustina--Anda Sudah melakukan Presensi","nokartu":"4374FBE4"}]}
Berhasil kirim balasan ke "responServer_2309G004"

[2025-04-09 06:32:56]
Menerima pesan dari: dariMCU_2309G004 - Pesan: {"nokartu":"3326B654","idchip":"14375838","nodevice":"2309G004","key":"1234567890987654321","ipa":"10.31.0.4"}
[2025-04-09 06:32:56]
Berhasil merespon "dariMCU_2309G004" : {"respon":[{"id":"14375838","nodevice":"2309G004","message":"BMPM","info":"Dinni Maulani--Berhasil Presensi","nokartu":"3326B654"}]}
Berhasil kirim balasan ke "responServer_2309G004"

[2025-04-09 06:39:16]
Menerima pesan dari: dariMCU_2309G004 - Pesan: {"nokartu":"53646EE4","idchip":"14375838","nodevice":"2309G004","key":"1234567890987654321","ipa":"10.31.0.4"}
[2025-04-09 06:39:16]
Berhasil merespon "dariMCU_2309G004" : {"respon":[{"id":"14375838","nodevice":"2309G004","message":"BMPM","info":"Indah Setyaningrum--Berhasil Presensi","nokartu":"53646EE4"}]}
Berhasil kirim balasan ke "responServer_2309G004"

[2025-04-09 06:39:27]
Menerima pesan dari: dariMCU_2309G004 - Pesan: {"nokartu":"931E58E4","idchip":"14375838","nodevice":"2309G004","key":"1234567890987654321","ipa":"10.31.0.4"}
[2025-04-09 06:39:27]
Berhasil merespon "dariMCU_2309G004" : {"respon":[{"id":"14375838","nodevice":"2309G004","message":"BMPM","info":"Zuliya Nurul Aliyah--Berhasil Presensi","nokartu":"931E58E4"}]}
Berhasil kirim balasan ke "responServer_2309G004"

[2025-04-09 06:39:29]
Menerima pesan dari: dariMCU_2309G004 - Pesan: {"nokartu":"931E58E4","idchip":"14375838","nodevice":"2309G004","key":"1234567890987654321","ipa":"10.31.0.4"}
[2025-04-09 06:39:29]
Berhasil merespon "dariMCU_2309G004" : {"respon":[{"id":"14375838","nodevice":"2309G004","message":"SMPM","info":"Zuliya Nurul Aliyah--Anda Sudah melakukan Presensi","nokartu":"931E58E4"}]}
Berhasil kirim balasan ke "responServer_2309G004"

[2025-04-09 06:39:37]
Menerima pesan dari: dariMCU_2309G004 - Pesan: {"nokartu":"737931FF","idchip":"14375838","nodevice":"2309G004","key":"1234567890987654321","ipa":"10.31.0.4"}
[2025-04-09 06:39:37]
Berhasil merespon "dariMCU_2309G004" : {"respon":[{"id":"14375838","nodevice":"2309G004","message":"BMPM","info":"Farel Ardian--Berhasil Presensi","nokartu":"737931FF"}]}
Berhasil kirim balasan ke "responServer_2309G004"

[2025-04-09 06:41:31]
Menerima pesan dari: dariMCU_2309G004 - Pesan: {"nokartu":"4369D8E2","idchip":"14375838","nodevice":"2309G004","key":"1234567890987654321","ipa":"10.31.0.4"}
[2025-04-09 06:41:31]
Berhasil merespon "dariMCU_2309G004" : {"respon":[{"id":"14375838","nodevice":"2309G004","message":"BMPM","info":"Lhintang Ayuning Tyas--Berhasil Presensi","nokartu":"4369D8E2"}]}
Berhasil kirim balasan ke "responServer_2309G004"

[2025-04-09 06:41:32]
Menerima pesan dari: dariMCU_2309G004 - Pesan: {"nokartu":"4369D8E2","idchip":"14375838","nodevice":"2309G004","key":"1234567890987654321","ipa":"10.31.0.4"}
[2025-04-09 06:41:32]
Berhasil merespon "dariMCU_2309G004" : {"respon":[{"id":"14375838","nodevice":"2309G004","message":"SMPM","info":"Lhintang Ayuning Tyas--Anda Sudah melakukan Presensi","nokartu":"4369D8E2"}]}
Berhasil kirim balasan ke "responServer_2309G004"

[2025-04-09 06:43:33]
Menerima pesan dari: dariMCU_2309G004 - Pesan: {"nokartu":"434E6554","idchip":"14375838","nodevice":"2309G004","key":"1234567890987654321","ipa":"10.31.0.4"}
[2025-04-09 06:43:33]
Berhasil merespon "dariMCU_2309G004" : {"respon":[{"id":"14375838","nodevice":"2309G004","message":"BMPM","info":"Dini Adinata--Berhasil Presensi","nokartu":"434E6554"}]}
Berhasil kirim balasan ke "responServer_2309G004"

[2025-04-09 06:43:36]
Menerima pesan dari: dariMCU_2309G004 - Pesan: {"nokartu":"434E6554","idchip":"14375838","nodevice":"2309G004","key":"1234567890987654321","ipa":"10.31.0.4"}
[2025-04-09 06:43:36]
Berhasil merespon "dariMCU_2309G004" : {"respon":[{"id":"14375838","nodevice":"2309G004","message":"SMPM","info":"Dini Adinata--Anda Sudah melakukan Presensi","nokartu":"434E6554"}]}
Berhasil kirim balasan ke "responServer_2309G004"

[2025-04-09 06:43:40]
Menerima pesan dari: dariMCU_2309G004 - Pesan: {"nokartu":"239DF8E4","idchip":"14375838","nodevice":"2309G004","key":"1234567890987654321","ipa":"10.31.0.4"}
[2025-04-09 06:43:40]
Berhasil merespon "dariMCU_2309G004" : {"respon":[{"id":"14375838","nodevice":"2309G004","message":"BMPM","info":"Rahmawati--Berhasil Presensi","nokartu":"239DF8E4"}]}
Berhasil kirim balasan ke "responServer_2309G004"

[2025-04-09 06:43:42]
Menerima pesan dari: dariMCU_2309G004 - Pesan: {"nokartu":"239DF8E4","idchip":"14375838","nodevice":"2309G004","key":"1234567890987654321","ipa":"10.31.0.4"}
[2025-04-09 06:43:42]
Berhasil merespon "dariMCU_2309G004" : {"respon":[{"id":"14375838","nodevice":"2309G004","message":"SMPM","info":"Rahmawati--Anda Sudah melakukan Presensi","nokartu":"239DF8E4"}]}
Berhasil kirim balasan ke "responServer_2309G004"

[2025-04-09 06:43:48]
Menerima pesan dari: dariMCU_2309G004 - Pesan: {"nokartu":"3374FBE4","idchip":"14375838","nodevice":"2309G004","key":"1234567890987654321","ipa":"10.31.0.4"}
[2025-04-09 06:43:48]
Berhasil merespon "dariMCU_2309G004" : {"respon":[{"id":"14375838","nodevice":"2309G004","message":"BMPM","info":"Seruni Nur Fatimah--Berhasil Presensi","nokartu":"3374FBE4"}]}
Berhasil kirim balasan ke "responServer_2309G004"

[2025-04-09 06:43:50]
Menerima pesan dari: dariMCU_2309G004 - Pesan: {"nokartu":"3374FBE4","idchip":"14375838","nodevice":"2309G004","key":"1234567890987654321","ipa":"10.31.0.4"}
[2025-04-09 06:43:50]
Berhasil merespon "dariMCU_2309G004" : {"respon":[{"id":"14375838","nodevice":"2309G004","message":"SMPM","info":"Seruni Nur Fatimah--Anda Sudah melakukan Presensi","nokartu":"3374FBE4"}]}
Berhasil kirim balasan ke "responServer_2309G004"

[2025-04-09 06:43:53]
Menerima pesan dari: dariMCU_2309G004 - Pesan: {"nokartu":"A37E9FE2","idchip":"14375838","nodevice":"2309G004","key":"1234567890987654321","ipa":"10.31.0.4"}
[2025-04-09 06:43:53]
Berhasil merespon "dariMCU_2309G004" : {"respon":[{"id":"14375838","nodevice":"2309G004","message":"BMPM","info":"Rike Rahmadani--Berhasil Presensi","nokartu":"A37E9FE2"}]}
Berhasil kirim balasan ke "responServer_2309G004"

[2025-04-09 06:44:04]
Menerima pesan dari: dariMCU_2309G004 - Pesan: {"nokartu":"A37E9FE2","idchip":"14375838","nodevice":"2309G004","key":"1234567890987654321","ipa":"10.31.0.4"}
[2025-04-09 06:44:04]
Berhasil merespon "dariMCU_2309G004" : {"respon":[{"id":"14375838","nodevice":"2309G004","message":"SMPM","info":"Rike Rahmadani--Anda Sudah melakukan Presensi","nokartu":"A37E9FE2"}]}
Berhasil kirim balasan ke "responServer_2309G004"

[2025-04-09 06:44:16]
Menerima pesan dari: dariMCU_2309G004 - Pesan: {"nokartu":"83EFD9E4","idchip":"14375838","nodevice":"2309G004","key":"1234567890987654321","ipa":"10.31.0.4"}
[2025-04-09 06:44:16]
Berhasil merespon "dariMCU_2309G004" : {"respon":[{"id":"14375838","nodevice":"2309G004","message":"BMPM","info":"Uswatun Khasanah--Berhasil Presensi","nokartu":"83EFD9E4"}]}
Berhasil kirim balasan ke "responServer_2309G004"

[2025-04-09 06:44:19]
Menerima pesan dari: dariMCU_2309G004 - Pesan: {"nokartu":"83EFD9E4","idchip":"14375838","nodevice":"2309G004","key":"1234567890987654321","ipa":"10.31.0.4"}
[2025-04-09 06:44:19]
Berhasil merespon "dariMCU_2309G004" : {"respon":[{"id":"14375838","nodevice":"2309G004","message":"SMPM","info":"Uswatun Khasanah--Anda Sudah melakukan Presensi","nokartu":"83EFD9E4"}]}
Berhasil kirim balasan ke "responServer_2309G004"

[2025-04-09 06:44:24]
Menerima pesan dari: dariMCU_2309G004 - Pesan: {"nokartu":"A30CDFE4","idchip":"14375838","nodevice":"2309G004","key":"1234567890987654321","ipa":"10.31.0.4"}
[2025-04-09 06:44:24]
Berhasil merespon "dariMCU_2309G004" : {"respon":[{"id":"14375838","nodevice":"2309G004","message":"BMPM","info":"Vinda Lestari--Berhasil Presensi","nokartu":"A30CDFE4"}]}
Berhasil kirim balasan ke "responServer_2309G004"

[2025-04-09 06:44:28]
Menerima pesan dari: dariMCU_2309G004 - Pesan: {"nokartu":"03B866E4","idchip":"14375838","nodevice":"2309G004","key":"1234567890987654321","ipa":"10.31.0.4"}
[2025-04-09 06:44:28]
Berhasil merespon "dariMCU_2309G004" : {"respon":[{"id":"14375838","nodevice":"2309G004","message":"BMPM","info":"Syifa Nur Alifa--Berhasil Presensi","nokartu":"03B866E4"}]}
Berhasil kirim balasan ke "responServer_2309G004"

[2025-04-09 06:44:30]
Menerima pesan dari: dariMCU_2309G004 - Pesan: {"nokartu":"03B866E4","idchip":"14375838","nodevice":"2309G004","key":"1234567890987654321","ipa":"10.31.0.4"}
[2025-04-09 06:44:30]
Berhasil merespon "dariMCU_2309G004" : {"respon":[{"id":"14375838","nodevice":"2309G004","message":"SMPM","info":"Syifa Nur Alifa--Anda Sudah melakukan Presensi","nokartu":"03B866E4"}]}
Berhasil kirim balasan ke "responServer_2309G004"

[2025-04-09 06:44:33]
Menerima pesan dari: dariMCU_2309G004 - Pesan: {"nokartu":"23CFF7E2","idchip":"14375838","nodevice":"2309G004","key":"1234567890987654321","ipa":"10.31.0.4"}
[2025-04-09 06:44:33]
Berhasil merespon "dariMCU_2309G004" : {"respon":[{"id":"14375838","nodevice":"2309G004","message":"BMPM","info":"Ira Ramadhani--Berhasil Presensi","nokartu":"23CFF7E2"}]}
Berhasil kirim balasan ke "responServer_2309G004"

[2025-04-09 06:44:42]
Menerima pesan dari: dariMCU_2309G004 - Pesan: {"nokartu":"23CFF7E2","idchip":"14375838","nodevice":"2309G004","key":"1234567890987654321","ipa":"10.31.0.4"}
[2025-04-09 06:44:42]
Berhasil merespon "dariMCU_2309G004" : {"respon":[{"id":"14375838","nodevice":"2309G004","message":"SMPM","info":"Ira Ramadhani--Anda Sudah melakukan Presensi","nokartu":"23CFF7E2"}]}
Berhasil kirim balasan ke "responServer_2309G004"

[2025-04-09 06:44:45]
Menerima pesan dari: dariMCU_2309G004 - Pesan: {"nokartu":"535AB654","idchip":"14375838","nodevice":"2309G004","key":"1234567890987654321","ipa":"10.31.0.4"}
[2025-04-09 06:44:45]
Berhasil merespon "dariMCU_2309G004" : {"respon":[{"id":"14375838","nodevice":"2309G004","message":"BMPM","info":"Aprilia Khusna--Berhasil Presensi","nokartu":"535AB654"}]}
Berhasil kirim balasan ke "responServer_2309G004"

[2025-04-09 06:44:48]
Menerima pesan dari: dariMCU_2309G004 - Pesan: {"nokartu":"535AB654","idchip":"14375838","nodevice":"2309G004","key":"1234567890987654321","ipa":"10.31.0.4"}
[2025-04-09 06:44:48]
Berhasil merespon "dariMCU_2309G004" : {"respon":[{"id":"14375838","nodevice":"2309G004","message":"SMPM","info":"Aprilia Khusna--Anda Sudah melakukan Presensi","nokartu":"535AB654"}]}
Berhasil kirim balasan ke "responServer_2309G004"

[2025-04-09 06:44:54]
Menerima pesan dari: dariMCU_2309G004 - Pesan: {"nokartu":"232A7605","idchip":"14375838","nodevice":"2309G004","key":"1234567890987654321","ipa":"10.31.0.4"}
[2025-04-09 06:44:54]
Berhasil merespon "dariMCU_2309G004" : {"respon":[{"id":"14375838","nodevice":"2309G004","message":"BMPM","info":"Rozan Dimensi Farid--Berhasil Presensi","nokartu":"232A7605"}]}
Berhasil kirim balasan ke "responServer_2309G004"

[2025-04-09 06:44:59]
Menerima pesan dari: dariMCU_2309G004 - Pesan: {"nokartu":"131701E3","idchip":"14375838","nodevice":"2309G004","key":"1234567890987654321","ipa":"10.31.0.4"}
[2025-04-09 06:44:59]
Berhasil merespon "dariMCU_2309G004" : {"respon":[{"id":"14375838","nodevice":"2309G004","message":"BMPM","info":"Afra Pramudya Haswan Yusufpranowo--Berhasil Presensi","nokartu":"131701E3"}]}
Berhasil kirim balasan ke "responServer_2309G004"

[2025-04-09 06:46:22]
Menerima pesan dari: dariMCU_2309G004 - Pesan: {"nokartu":"D347C8E2","idchip":"14375838","nodevice":"2309G004","key":"1234567890987654321","ipa":"10.31.0.4"}
[2025-04-09 06:46:22]
Berhasil merespon "dariMCU_2309G004" : {"respon":[{"id":"14375838","nodevice":"2309G004","message":"BMPM","info":"Keysa Missu Verlita--Berhasil Presensi","nokartu":"D347C8E2"}]}
Berhasil kirim balasan ke "responServer_2309G004"

[2025-04-09 06:46:27]
Menerima pesan dari: dariMCU_2309G004 - Pesan: {"nokartu":"D347C8E2","idchip":"14375838","nodevice":"2309G004","key":"1234567890987654321","ipa":"10.31.0.4"}
[2025-04-09 06:46:27]
Berhasil merespon "dariMCU_2309G004" : {"respon":[{"id":"14375838","nodevice":"2309G004","message":"SMPM","info":"Keysa Missu Verlita--Anda Sudah melakukan Presensi","nokartu":"D347C8E2"}]}
Berhasil kirim balasan ke "responServer_2309G004"

[2025-04-09 06:46:36]
Menerima pesan dari: dariMCU_2309G004 - Pesan: {"nokartu":"B3CDF1E4","idchip":"14375838","nodevice":"2309G004","key":"1234567890987654321","ipa":"10.31.0.4"}
[2025-04-09 06:46:36]
Berhasil merespon "dariMCU_2309G004" : {"respon":[{"id":"14375838","nodevice":"2309G004","message":"BMPM","info":"Imas Nur Rahmawati--Berhasil Presensi","nokartu":"B3CDF1E4"}]}
Berhasil kirim balasan ke "responServer_2309G004"

[2025-04-09 06:47:27]
Menerima pesan dari: dariMCU_2309G004 - Pesan: {"nokartu":"33468E54","idchip":"14375838","nodevice":"2309G004","key":"1234567890987654321","ipa":"10.31.0.4"}
[2025-04-09 06:47:27]
Berhasil merespon "dariMCU_2309G004" : {"respon":[{"id":"14375838","nodevice":"2309G004","message":"BMPM","info":"Elif Fitra Aryana--Berhasil Presensi","nokartu":"33468E54"}]}
Berhasil kirim balasan ke "responServer_2309G004"

[2025-04-09 06:47:28]
Menerima pesan dari: dariMCU_2309G004 - Pesan: {"nokartu":"33468E54","idchip":"14375838","nodevice":"2309G004","key":"1234567890987654321","ipa":"10.31.0.4"}
[2025-04-09 06:47:28]
Berhasil merespon "dariMCU_2309G004" : {"respon":[{"id":"14375838","nodevice":"2309G004","message":"SMPM","info":"Elif Fitra Aryana--Anda Sudah melakukan Presensi","nokartu":"33468E54"}]}
Berhasil kirim balasan ke "responServer_2309G004"

[2025-04-09 06:47:46]
Menerima pesan dari: dariMCU_2309G004 - Pesan: {"nokartu":"F3EFF4E4","idchip":"14375838","nodevice":"2309G004","key":"1234567890987654321","ipa":"10.31.0.4"}
[2025-04-09 06:47:46]
Berhasil merespon "dariMCU_2309G004" : {"respon":[{"id":"14375838","nodevice":"2309G004","message":"BMPM","info":"Alin Jenny Putami--Berhasil Presensi","nokartu":"F3EFF4E4"}]}
Berhasil kirim balasan ke "responServer_2309G004"

[2025-04-09 06:47:49]
Menerima pesan dari: dariMCU_2309G004 - Pesan: {"nokartu":"F3EFF4E4","idchip":"14375838","nodevice":"2309G004","key":"1234567890987654321","ipa":"10.31.0.4"}
[2025-04-09 06:47:49]
Berhasil merespon "dariMCU_2309G004" : {"respon":[{"id":"14375838","nodevice":"2309G004","message":"SMPM","info":"Alin Jenny Putami--Anda Sudah melakukan Presensi","nokartu":"F3EFF4E4"}]}
Berhasil kirim balasan ke "responServer_2309G004"

[2025-04-09 06:47:53]
Menerima pesan dari: dariMCU_2309G004 - Pesan: {"nokartu":"E360DFE4","idchip":"14375838","nodevice":"2309G004","key":"1234567890987654321","ipa":"10.31.0.4"}
[2025-04-09 06:47:53]
Berhasil merespon "dariMCU_2309G004" : {"respon":[{"id":"14375838","nodevice":"2309G004","message":"BMPM","info":"Nara Sintya--Berhasil Presensi","nokartu":"E360DFE4"}]}
Berhasil kirim balasan ke "responServer_2309G004"

[2025-04-09 06:47:56]
Menerima pesan dari: dariMCU_2309G004 - Pesan: {"nokartu":"D37664E4","idchip":"14375838","nodevice":"2309G004","key":"1234567890987654321","ipa":"10.31.0.4"}
[2025-04-09 06:47:56]
Berhasil merespon "dariMCU_2309G004" : {"respon":[{"id":"14375838","nodevice":"2309G004","message":"BMPM","info":"Eliana Dwi Pramesti--Berhasil Presensi","nokartu":"D37664E4"}]}
Berhasil kirim balasan ke "responServer_2309G004"

[2025-04-09 06:47:59]
Menerima pesan dari: dariMCU_2309G004 - Pesan: {"nokartu":"233968E4","idchip":"14375838","nodevice":"2309G004","key":"1234567890987654321","ipa":"10.31.0.4"}
[2025-04-09 06:47:59]
Berhasil merespon "dariMCU_2309G004" : {"respon":[{"id":"14375838","nodevice":"2309G004","message":"BMPM","info":"Anggun Tike Prasetyowati--Berhasil Presensi","nokartu":"233968E4"}]}
Berhasil kirim balasan ke "responServer_2309G004"

[2025-04-09 06:48:01]
Menerima pesan dari: dariMCU_2309G004 - Pesan: {"nokartu":"D37664E4","idchip":"14375838","nodevice":"2309G004","key":"1234567890987654321","ipa":"10.31.0.4"}
[2025-04-09 06:48:01]
Berhasil merespon "dariMCU_2309G004" : {"respon":[{"id":"14375838","nodevice":"2309G004","message":"SMPM","info":"Eliana Dwi Pramesti--Anda Sudah melakukan Presensi","nokartu":"D37664E4"}]}
Berhasil kirim balasan ke "responServer_2309G004"

[2025-04-09 06:48:05]
Menerima pesan dari: dariMCU_2309G004 - Pesan: {"nokartu":"53E0ECE4","idchip":"14375838","nodevice":"2309G004","key":"1234567890987654321","ipa":"10.31.0.4"}
[2025-04-09 06:48:05]
Berhasil merespon "dariMCU_2309G004" : {"respon":[{"id":"14375838","nodevice":"2309G004","message":"BMPM","info":"Shifa Azzahra--Berhasil Presensi","nokartu":"53E0ECE4"}]}
Berhasil kirim balasan ke "responServer_2309G004"

[2025-04-09 06:48:07]
Menerima pesan dari: dariMCU_2309G004 - Pesan: {"nokartu":"53E0ECE4","idchip":"14375838","nodevice":"2309G004","key":"1234567890987654321","ipa":"10.31.0.4"}
[2025-04-09 06:48:07]
Berhasil merespon "dariMCU_2309G004" : {"respon":[{"id":"14375838","nodevice":"2309G004","message":"SMPM","info":"Shifa Azzahra--Anda Sudah melakukan Presensi","nokartu":"53E0ECE4"}]}
Berhasil kirim balasan ke "responServer_2309G004"

[2025-04-09 06:48:13]
Menerima pesan dari: dariMCU_2309G004 - Pesan: {"nokartu":"B3B8FEE2","idchip":"14375838","nodevice":"2309G004","key":"1234567890987654321","ipa":"10.31.0.4"}
[2025-04-09 06:48:13]
Berhasil merespon "dariMCU_2309G004" : {"respon":[{"id":"14375838","nodevice":"2309G004","message":"BMPM","info":"Isnaini Muflikhah--Berhasil Presensi","nokartu":"B3B8FEE2"}]}
Berhasil kirim balasan ke "responServer_2309G004"

[2025-04-09 06:48:18]
Menerima pesan dari: dariMCU_2309G004 - Pesan: {"nokartu":"E1339150","idchip":"14375838","nodevice":"2309G004","key":"1234567890987654321","ipa":"10.31.0.4"}
[2025-04-09 06:48:18]
Berhasil merespon "dariMCU_2309G004" : {"respon":[{"id":"14375838","nodevice":"2309G004","message":"BMPM","info":"Ita Febriyana--Berhasil Presensi","nokartu":"E1339150"}]}
Berhasil kirim balasan ke "responServer_2309G004"

[2025-04-09 06:48:40]
Menerima pesan dari: dariMCU_2309G004 - Pesan: {"nokartu":"F0B7175C","idchip":"14375838","nodevice":"2309G004","key":"1234567890987654321","ipa":"10.31.0.4"}
[2025-04-09 06:48:40]
Berhasil merespon "dariMCU_2309G004" : {"respon":[{"id":"14375838","nodevice":"2309G004","message":"BMPM","info":"Neyla Rahmawati--Berhasil Presensi","nokartu":"F0B7175C"}]}
Berhasil kirim balasan ke "responServer_2309G004"

[2025-04-09 06:48:44]
Menerima pesan dari: dariMCU_2309G004 - Pesan: {"nokartu":"53139C54","idchip":"14375838","nodevice":"2309G004","key":"1234567890987654321","ipa":"10.31.0.4"}
[2025-04-09 06:48:44]
Berhasil merespon "dariMCU_2309G004" : {"respon":[{"id":"14375838","nodevice":"2309G004","message":"BMPM","info":"Novis Kanaya--Berhasil Presensi","nokartu":"53139C54"}]}
Berhasil kirim balasan ke "responServer_2309G004"

[2025-04-09 06:48:49]
Menerima pesan dari: dariMCU_2309G004 - Pesan: {"nokartu":"53139C54","idchip":"14375838","nodevice":"2309G004","key":"1234567890987654321","ipa":"10.31.0.4"}
[2025-04-09 06:48:49]
Berhasil merespon "dariMCU_2309G004" : {"respon":[{"id":"14375838","nodevice":"2309G004","message":"SMPM","info":"Novis Kanaya--Anda Sudah melakukan Presensi","nokartu":"53139C54"}]}
Berhasil kirim balasan ke "responServer_2309G004"

[2025-04-09 06:49:38]
Menerima pesan dari: dariMCU_2309G004 - Pesan: {"nokartu":"4613B989","idchip":"14375838","nodevice":"2309G004","key":"1234567890987654321","ipa":"10.31.0.4"}
[2025-04-09 06:49:38]
Berhasil merespon "dariMCU_2309G004" : {"respon":[{"id":"14375838","nodevice":"2309G004","message":"BMPM","info":"Esa Chandra Apriawan--Berhasil Presensi","nokartu":"4613B989"}]}
Berhasil kirim balasan ke "responServer_2309G004"

[2025-04-09 06:50:28]
Menerima pesan dari: dariMCU_2309G004 - Pesan: {"nokartu":"0079395D","idchip":"14375838","nodevice":"2309G004","key":"1234567890987654321","ipa":"10.31.0.4"}
[2025-04-09 06:50:28]
Berhasil merespon "dariMCU_2309G004" : {"respon":[{"id":"14375838","nodevice":"2309G004","message":"BMPM","info":"Shifa Isdiyanti--Berhasil Presensi","nokartu":"0079395D"}]}
Berhasil kirim balasan ke "responServer_2309G004"

[2025-04-09 06:51:07]
Menerima pesan dari: dariMCU_2309G004 - Pesan: {"nokartu":"A33FECE4","idchip":"14375838","nodevice":"2309G004","key":"1234567890987654321","ipa":"10.31.0.4"}
[2025-04-09 06:51:07]
Berhasil merespon "dariMCU_2309G004" : {"respon":[{"id":"14375838","nodevice":"2309G004","message":"BMPM","info":"Fitri Oktaviana--Berhasil Presensi","nokartu":"A33FECE4"}]}
Berhasil kirim balasan ke "responServer_2309G004"

[2025-04-09 06:51:09]
Menerima pesan dari: dariMCU_2309G004 - Pesan: {"nokartu":"C300C4E2","idchip":"14375838","nodevice":"2309G004","key":"1234567890987654321","ipa":"10.31.0.4"}
[2025-04-09 06:51:09]
Berhasil merespon "dariMCU_2309G004" : {"respon":[{"id":"14375838","nodevice":"2309G004","message":"BMPM","info":"Fisna Aretia Ferlani--Berhasil Presensi","nokartu":"C300C4E2"}]}
Berhasil kirim balasan ke "responServer_2309G004"

[2025-04-09 06:51:23]
Menerima pesan dari: dariMCU_2309G004 - Pesan: {"nokartu":"F3808005","idchip":"14375838","nodevice":"2309G004","key":"1234567890987654321","ipa":"10.31.0.4"}
[2025-04-09 06:51:23]
Berhasil merespon "dariMCU_2309G004" : {"respon":[{"id":"14375838","nodevice":"2309G004","message":"BMPM","info":"Berlian Jiyan Swari Putri--Berhasil Presensi","nokartu":"F3808005"}]}
Berhasil kirim balasan ke "responServer_2309G004"

[2025-04-09 06:51:27]
Menerima pesan dari: dariMCU_2309G004 - Pesan: {"nokartu":"E189B550","idchip":"14375838","nodevice":"2309G004","key":"1234567890987654321","ipa":"10.31.0.4"}
[2025-04-09 06:51:27]
Berhasil merespon "dariMCU_2309G004" : {"respon":[{"id":"14375838","nodevice":"2309G004","message":"BMPM","info":"Puput Rizki Agustin--Berhasil Presensi","nokartu":"E189B550"}]}
Berhasil kirim balasan ke "responServer_2309G004"

[2025-04-09 06:51:29]
Menerima pesan dari: dariMCU_2309G004 - Pesan: {"nokartu":"338A6554","idchip":"14375838","nodevice":"2309G004","key":"1234567890987654321","ipa":"10.31.0.4"}
[2025-04-09 06:51:29]
Berhasil merespon "dariMCU_2309G004" : {"respon":[{"id":"14375838","nodevice":"2309G004","message":"BMPM","info":"Alisya Ika Pratiwi--Berhasil Presensi","nokartu":"338A6554"}]}
Berhasil kirim balasan ke "responServer_2309G004"

[2025-04-09 06:51:32]
Menerima pesan dari: dariMCU_2309G004 - Pesan: {"nokartu":"F0D2BF5C","idchip":"14375838","nodevice":"2309G004","key":"1234567890987654321","ipa":"10.31.0.4"}
[2025-04-09 06:51:32]
Berhasil merespon "dariMCU_2309G004" : {"respon":[{"id":"14375838","nodevice":"2309G004","message":"BMPM","info":"Fina Anggraeni--Berhasil Presensi","nokartu":"F0D2BF5C"}]}
Berhasil kirim balasan ke "responServer_2309G004"

[2025-04-09 06:51:39]
Menerima pesan dari: dariMCU_2309G004 - Pesan: {"nokartu":"F016A35C","idchip":"14375838","nodevice":"2309G004","key":"1234567890987654321","ipa":"10.31.0.4"}
[2025-04-09 06:51:39]
Berhasil merespon "dariMCU_2309G004" : {"respon":[{"id":"14375838","nodevice":"2309G004","message":"BMPM","info":"Kailla Nur Setyoningrum--Berhasil Presensi","nokartu":"F016A35C"}]}
Berhasil kirim balasan ke "responServer_2309G004"

[2025-04-09 06:51:42]
Menerima pesan dari: dariMCU_2309G004 - Pesan: {"nokartu":"435BD054","idchip":"14375838","nodevice":"2309G004","key":"1234567890987654321","ipa":"10.31.0.4"}
[2025-04-09 06:51:42]
Berhasil merespon "dariMCU_2309G004" : {"respon":[{"id":"14375838","nodevice":"2309G004","message":"BMPM","info":"Klara Novita Anggraeni--Berhasil Presensi","nokartu":"435BD054"}]}
Berhasil kirim balasan ke "responServer_2309G004"

[2025-04-09 06:51:46]
Menerima pesan dari: dariMCU_2309G004 - Pesan: {"nokartu":"F314E0E4","idchip":"14375838","nodevice":"2309G004","key":"1234567890987654321","ipa":"10.31.0.4"}
[2025-04-09 06:51:46]
Berhasil merespon "dariMCU_2309G004" : {"respon":[{"id":"14375838","nodevice":"2309G004","message":"BMPM","info":"Neisa Chilmi Ristia--Berhasil Presensi","nokartu":"F314E0E4"}]}
Berhasil kirim balasan ke "responServer_2309G004"

[2025-04-09 06:51:49]
Menerima pesan dari: dariMCU_2309G004 - Pesan: {"nokartu":"43D5A8E2","idchip":"14375838","nodevice":"2309G004","key":"1234567890987654321","ipa":"10.31.0.4"}
[2025-04-09 06:51:49]
Berhasil merespon "dariMCU_2309G004" : {"respon":[{"id":"14375838","nodevice":"2309G004","message":"BMPM","info":"Idtiya Widhi Rahayu--Berhasil Presensi","nokartu":"43D5A8E2"}]}
Berhasil kirim balasan ke "responServer_2309G004"

[2025-04-09 06:52:20]
Menerima pesan dari: dariMCU_2309G004 - Pesan: {"nokartu":"6323FBE4","idchip":"14375838","nodevice":"2309G004","key":"1234567890987654321","ipa":"10.31.0.4"}
[2025-04-09 06:52:20]
Berhasil merespon "dariMCU_2309G004" : {"respon":[{"id":"14375838","nodevice":"2309G004","message":"BMPM","info":"Wilda Chusnu A Mali--Berhasil Presensi","nokartu":"6323FBE4"}]}
Berhasil kirim balasan ke "responServer_2309G004"

[2025-04-09 06:52:24]
Menerima pesan dari: dariMCU_2309G004 - Pesan: {"nokartu":"A3E821FF","idchip":"14375838","nodevice":"2309G004","key":"1234567890987654321","ipa":"10.31.0.4"}
[2025-04-09 06:52:24]
Berhasil merespon "dariMCU_2309G004" : {"respon":[{"id":"14375838","nodevice":"2309G004","message":"BMPM","info":"Eka Whizky Julya--Berhasil Presensi","nokartu":"A3E821FF"}]}
Berhasil kirim balasan ke "responServer_2309G004"

[2025-04-09 06:52:45]
Menerima pesan dari: dariMCU_2309G004 - Pesan: {"nokartu":"435D1654","idchip":"14375838","nodevice":"2309G004","key":"1234567890987654321","ipa":"10.31.0.4"}
[2025-04-09 06:52:45]
Berhasil merespon "dariMCU_2309G004" : {"respon":[{"id":"14375838","nodevice":"2309G004","message":"BMPM","info":"Ulfiyatul Nurul Azizah--Berhasil Presensi","nokartu":"435D1654"}]}
Berhasil kirim balasan ke "responServer_2309G004"

[2025-04-09 06:52:53]
Menerima pesan dari: dariMCU_2309G004 - Pesan: {"nokartu":"C344B7E2","idchip":"14375838","nodevice":"2309G004","key":"1234567890987654321","ipa":"10.31.0.4"}
[2025-04-09 06:52:53]
Berhasil merespon "dariMCU_2309G004" : {"respon":[{"id":"14375838","nodevice":"2309G004","message":"BMPM","info":"Puji Rahayu--Berhasil Presensi","nokartu":"C344B7E2"}]}
Berhasil kirim balasan ke "responServer_2309G004"

[2025-04-09 06:53:02]
Menerima pesan dari: dariMCU_2309G004 - Pesan: {"nokartu":"C34634FF","idchip":"14375838","nodevice":"2309G004","key":"1234567890987654321","ipa":"10.31.0.4"}
[2025-04-09 06:53:02]
Berhasil merespon "dariMCU_2309G004" : {"respon":[{"id":"14375838","nodevice":"2309G004","message":"BMPM","info":"Eka Rima Nur Aisah--Berhasil Presensi","nokartu":"C34634FF"}]}
Berhasil kirim balasan ke "responServer_2309G004"

[2025-04-09 06:53:11]
Menerima pesan dari: dariMCU_2309G004 - Pesan: {"nokartu":"93F124FF","idchip":"14375838","nodevice":"2309G004","key":"1234567890987654321","ipa":"10.31.0.4"}
[2025-04-09 06:53:11]
Berhasil merespon "dariMCU_2309G004" : {"respon":[{"id":"14375838","nodevice":"2309G004","message":"BMPM","info":"Reynata Rizki Kisdaningtyas--Berhasil Presensi","nokartu":"93F124FF"}]}
Berhasil kirim balasan ke "responServer_2309G004"

[2025-04-09 06:53:17]
Menerima pesan dari: dariMCU_2309G004 - Pesan: {"nokartu":"23DD2EFF","idchip":"14375838","nodevice":"2309G004","key":"1234567890987654321","ipa":"10.31.0.4"}
[2025-04-09 06:53:17]
Berhasil merespon "dariMCU_2309G004" : {"respon":[{"id":"14375838","nodevice":"2309G004","message":"BMPM","info":"Widya Rachmawaty--Berhasil Presensi","nokartu":"23DD2EFF"}]}
Berhasil kirim balasan ke "responServer_2309G004"

[2025-04-09 06:53:25]
Menerima pesan dari: dariMCU_2309G004 - Pesan: {"nokartu":"D30F14FE","idchip":"14375838","nodevice":"2309G004","key":"1234567890987654321","ipa":"10.31.0.4"}
[2025-04-09 06:53:25]
Berhasil merespon "dariMCU_2309G004" : {"respon":[{"id":"14375838","nodevice":"2309G004","message":"BMPM","info":"Viola Ela Rahmahani--Berhasil Presensi","nokartu":"D30F14FE"}]}
Berhasil kirim balasan ke "responServer_2309G004"

[2025-04-09 06:53:28]
Menerima pesan dari: dariMCU_2309G004 - Pesan: {"nokartu":"D30F14FE","idchip":"14375838","nodevice":"2309G004","key":"1234567890987654321","ipa":"10.31.0.4"}
[2025-04-09 06:53:28]
Berhasil merespon "dariMCU_2309G004" : {"respon":[{"id":"14375838","nodevice":"2309G004","message":"SMPM","info":"Viola Ela Rahmahani--Anda Sudah melakukan Presensi","nokartu":"D30F14FE"}]}
Berhasil kirim balasan ke "responServer_2309G004"

[2025-04-09 06:53:31]
Menerima pesan dari: dariMCU_2309G004 - Pesan: {"nokartu":"037E24FF","idchip":"14375838","nodevice":"2309G004","key":"1234567890987654321","ipa":"10.31.0.4"}
[2025-04-09 06:53:31]
Berhasil merespon "dariMCU_2309G004" : {"respon":[{"id":"14375838","nodevice":"2309G004","message":"BMPM","info":"Alisya Desti Maharani--Berhasil Presensi","nokartu":"037E24FF"}]}
Berhasil kirim balasan ke "responServer_2309G004"

[2025-04-09 06:53:41]
Menerima pesan dari: dariMCU_2309G004 - Pesan: {"nokartu":"835931FF","idchip":"14375838","nodevice":"2309G004","key":"1234567890987654321","ipa":"10.31.0.4"}
[2025-04-09 06:53:41]
Berhasil merespon "dariMCU_2309G004" : {"respon":[{"id":"14375838","nodevice":"2309G004","message":"BMPM","info":"Dian Lestari--Berhasil Presensi","nokartu":"835931FF"}]}
Berhasil kirim balasan ke "responServer_2309G004"

[2025-04-09 06:53:45]
Menerima pesan dari: dariMCU_2309G004 - Pesan: {"nokartu":"53802FFF","idchip":"14375838","nodevice":"2309G004","key":"1234567890987654321","ipa":"10.31.0.4"}
[2025-04-09 06:53:45]
Berhasil merespon "dariMCU_2309G004" : {"respon":[{"id":"14375838","nodevice":"2309G004","message":"BMPM","info":"Fatimatuzzahro--Berhasil Presensi","nokartu":"53802FFF"}]}
Berhasil kirim balasan ke "responServer_2309G004"

[2025-04-09 06:55:14]
Menerima pesan dari: dariMCU_2309G004 - Pesan: {"nokartu":"C38C0BFE","idchip":"14375838","nodevice":"2309G004","key":"1234567890987654321","ipa":"10.31.0.4"}
[2025-04-09 06:55:14]
Berhasil merespon "dariMCU_2309G004" : {"respon":[{"id":"14375838","nodevice":"2309G004","message":"BMPM","info":"Viana Zahra--Berhasil Presensi","nokartu":"C38C0BFE"}]}
Berhasil kirim balasan ke "responServer_2309G004"

[2025-04-09 06:55:16]
Menerima pesan dari: dariMCU_2309G004 - Pesan: {"nokartu":"C38C0BFE","idchip":"14375838","nodevice":"2309G004","key":"1234567890987654321","ipa":"10.31.0.4"}
[2025-04-09 06:55:16]
Berhasil merespon "dariMCU_2309G004" : {"respon":[{"id":"14375838","nodevice":"2309G004","message":"SMPM","info":"Viana Zahra--Anda Sudah melakukan Presensi","nokartu":"C38C0BFE"}]}
Berhasil kirim balasan ke "responServer_2309G004"

[2025-04-09 06:55:19]
Menerima pesan dari: dariMCU_2309G004 - Pesan: {"nokartu":"C38C0BFE","idchip":"14375838","nodevice":"2309G004","key":"1234567890987654321","ipa":"10.31.0.4"}
[2025-04-09 06:55:19]
Berhasil merespon "dariMCU_2309G004" : {"respon":[{"id":"14375838","nodevice":"2309G004","message":"SMPM","info":"Viana Zahra--Anda Sudah melakukan Presensi","nokartu":"C38C0BFE"}]}
Berhasil kirim balasan ke "responServer_2309G004"

[2025-04-09 06:56:26]
Menerima pesan dari: dariMCU_2309G004 - Pesan: {"nokartu":"F089CC5C","idchip":"14375838","nodevice":"2309G004","key":"1234567890987654321","ipa":"10.31.0.4"}
[2025-04-09 06:56:26]
Berhasil merespon "dariMCU_2309G004" : {"respon":[{"id":"14375838","nodevice":"2309G004","message":"BMPM","info":"Elma Fatya--Berhasil Presensi","nokartu":"F089CC5C"}]}
Berhasil kirim balasan ke "responServer_2309G004"

[2025-04-09 06:56:30]
Menerima pesan dari: dariMCU_2309G004 - Pesan: {"nokartu":"533CA0E2","idchip":"14375838","nodevice":"2309G004","key":"1234567890987654321","ipa":"10.31.0.4"}
[2025-04-09 06:56:30]
Berhasil merespon "dariMCU_2309G004" : {"respon":[{"id":"14375838","nodevice":"2309G004","message":"BMPM","info":"Elsha Sofia Putri--Berhasil Presensi","nokartu":"533CA0E2"}]}
Berhasil kirim balasan ke "responServer_2309G004"

[2025-04-09 06:57:15]
Menerima pesan dari: dariMCU_2309G004 - Pesan: {"nokartu":"F0B6C85C","idchip":"14375838","nodevice":"2309G004","key":"1234567890987654321","ipa":"10.31.0.4"}
[2025-04-09 06:57:15]
Berhasil merespon "dariMCU_2309G004" : {"respon":[{"id":"14375838","nodevice":"2309G004","message":"BMPM","info":"Vera Ardiyani--Berhasil Presensi","nokartu":"F0B6C85C"}]}
Berhasil kirim balasan ke "responServer_2309G004"

[2025-04-09 06:57:18]
Menerima pesan dari: dariMCU_2309G004 - Pesan: {"nokartu":"C3D09FE2","idchip":"14375838","nodevice":"2309G004","key":"1234567890987654321","ipa":"10.31.0.4"}
[2025-04-09 06:57:18]
Berhasil merespon "dariMCU_2309G004" : {"respon":[{"id":"14375838","nodevice":"2309G004","message":"BMPM","info":"Fatimatuzahra--Berhasil Presensi","nokartu":"C3D09FE2"}]}
Berhasil kirim balasan ke "responServer_2309G004"

[2025-04-09 06:57:32]
Menerima pesan dari: dariMCU_2309G004 - Pesan: {"nokartu":"23B006FE","idchip":"14375838","nodevice":"2309G004","key":"1234567890987654321","ipa":"10.31.0.4"}
[2025-04-09 06:57:32]
Berhasil merespon "dariMCU_2309G004" : {"respon":[{"id":"14375838","nodevice":"2309G004","message":"BMPM","info":"Eka Ananda Putri--Berhasil Presensi","nokartu":"23B006FE"}]}
Berhasil kirim balasan ke "responServer_2309G004"

[2025-04-09 06:57:38]
Menerima pesan dari: dariMCU_2309G004 - Pesan: {"nokartu":"134F0FFE","idchip":"14375838","nodevice":"2309G004","key":"1234567890987654321","ipa":"10.31.0.4"}
[2025-04-09 06:57:38]
Berhasil merespon "dariMCU_2309G004" : {"respon":[{"id":"14375838","nodevice":"2309G004","message":"BMPM","info":"Denis Shofia Dewanti--Berhasil Presensi","nokartu":"134F0FFE"}]}
Berhasil kirim balasan ke "responServer_2309G004"

[2025-04-09 06:57:39]
Menerima pesan dari: dariMCU_2309G004 - Pesan: {"nokartu":"134F0FFE","idchip":"14375838","nodevice":"2309G004","key":"1234567890987654321","ipa":"10.31.0.4"}
[2025-04-09 06:57:39]
Berhasil merespon "dariMCU_2309G004" : {"respon":[{"id":"14375838","nodevice":"2309G004","message":"SMPM","info":"Denis Shofia Dewanti--Anda Sudah melakukan Presensi","nokartu":"134F0FFE"}]}
Berhasil kirim balasan ke "responServer_2309G004"

[2025-04-09 06:57:44]
Menerima pesan dari: dariMCU_2309G004 - Pesan: {"nokartu":"632822FF","idchip":"14375838","nodevice":"2309G004","key":"1234567890987654321","ipa":"10.31.0.4"}
[2025-04-09 06:57:44]
Berhasil merespon "dariMCU_2309G004" : {"respon":[{"id":"14375838","nodevice":"2309G004","message":"BMPM","info":"Dwi Yuni Kurniawati--Berhasil Presensi","nokartu":"632822FF"}]}
Berhasil kirim balasan ke "responServer_2309G004"

[2025-04-09 06:57:47]
Menerima pesan dari: dariMCU_2309G004 - Pesan: {"nokartu":"A33530FF","idchip":"14375838","nodevice":"2309G004","key":"1234567890987654321","ipa":"10.31.0.4"}
[2025-04-09 06:57:47]
Berhasil merespon "dariMCU_2309G004" : {"respon":[{"id":"14375838","nodevice":"2309G004","message":"BMPM","info":"Hanifah Cahyani--Berhasil Presensi","nokartu":"A33530FF"}]}
Berhasil kirim balasan ke "responServer_2309G004"

[2025-04-09 06:59:30]
Menerima pesan dari: dariMCU_2309G004 - Pesan: {"nokartu":"930E22FF","idchip":"14375838","nodevice":"2309G004","key":"1234567890987654321","ipa":"10.31.0.4"}
[2025-04-09 06:59:30]
Berhasil merespon "dariMCU_2309G004" : {"respon":[{"id":"14375838","nodevice":"2309G004","message":"BMPM","info":"Nafila Azahro--Berhasil Presensi","nokartu":"930E22FF"}]}
Berhasil kirim balasan ke "responServer_2309G004"

[2025-04-09 06:59:37]
Menerima pesan dari: dariMCU_2309G004 - Pesan: {"nokartu":"A35D24FF","idchip":"14375838","nodevice":"2309G004","key":"1234567890987654321","ipa":"10.31.0.4"}
[2025-04-09 06:59:37]
Berhasil merespon "dariMCU_2309G004" : {"respon":[{"id":"14375838","nodevice":"2309G004","message":"BMPM","info":"Dhea Aprillia--Berhasil Presensi","nokartu":"A35D24FF"}]}
Berhasil kirim balasan ke "responServer_2309G004"

[2025-04-09 07:00:13]
Menerima pesan dari: dariMCU_2309G004 - Pesan: {"nokartu":"D3D62DFF","idchip":"14375838","nodevice":"2309G004","key":"1234567890987654321","ipa":"10.31.0.4"}
[2025-04-09 07:00:13]
Berhasil merespon "dariMCU_2309G004" : {"respon":[{"id":"14375838","nodevice":"2309G004","message":"BMPM","info":"Alyka Nur Risya Ilfya--Berhasil Presensi","nokartu":"D3D62DFF"}]}
Berhasil kirim balasan ke "responServer_2309G004"

[2025-04-09 07:00:14]
Menerima pesan dari: dariMCU_2309G004 - Pesan: {"nokartu":"D3D62DFF","idchip":"14375838","nodevice":"2309G004","key":"1234567890987654321","ipa":"10.31.0.4"}
[2025-04-09 07:00:14]
Berhasil merespon "dariMCU_2309G004" : {"respon":[{"id":"14375838","nodevice":"2309G004","message":"SMPM","info":"Alyka Nur Risya Ilfya--Anda Sudah melakukan Presensi","nokartu":"D3D62DFF"}]}
Berhasil kirim balasan ke "responServer_2309G004"

[2025-04-09 07:00:25]
Menerima pesan dari: dariMCU_2309G004 - Pesan: {"nokartu":"03E7B6E2","idchip":"14375838","nodevice":"2309G004","key":"1234567890987654321","ipa":"10.31.0.4"}
[2025-04-09 07:00:25]
Berhasil merespon "dariMCU_2309G004" : {"respon":[{"id":"14375838","nodevice":"2309G004","message":"BMPM","info":"Aprilia Endah Permata--Berhasil Presensi","nokartu":"03E7B6E2"}]}
Berhasil kirim balasan ke "responServer_2309G004"

[2025-04-09 07:00:27]
Menerima pesan dari: dariMCU_2309G004 - Pesan: {"nokartu":"03E7B6E2","idchip":"14375838","nodevice":"2309G004","key":"1234567890987654321","ipa":"10.31.0.4"}
[2025-04-09 07:00:27]
Berhasil merespon "dariMCU_2309G004" : {"respon":[{"id":"14375838","nodevice":"2309G004","message":"SMPM","info":"Aprilia Endah Permata--Anda Sudah melakukan Presensi","nokartu":"03E7B6E2"}]}
Berhasil kirim balasan ke "responServer_2309G004"

[2025-04-09 07:01:34]
Menerima pesan dari: dariMCU_2309G004 - Pesan: {"nokartu":"13087BE2","idchip":"14375838","nodevice":"2309G004","key":"1234567890987654321","ipa":"10.31.0.4"}
[2025-04-09 07:01:34]
Berhasil merespon "dariMCU_2309G004" : {"respon":[{"id":"14375838","nodevice":"2309G004","message":"BMPM","info":"Puspa Indah Karismatika--Berhasil Presensi","nokartu":"13087BE2"}]}
Berhasil kirim balasan ke "responServer_2309G004"

[2025-04-09 07:01:35]
Menerima pesan dari: dariMCU_2309G004 - Pesan: {"nokartu":"13087BE2","idchip":"14375838","nodevice":"2309G004","key":"1234567890987654321","ipa":"10.31.0.4"}
[2025-04-09 07:01:35]
Berhasil merespon "dariMCU_2309G004" : {"respon":[{"id":"14375838","nodevice":"2309G004","message":"SMPM","info":"Puspa Indah Karismatika--Anda Sudah melakukan Presensi","nokartu":"13087BE2"}]}
Berhasil kirim balasan ke "responServer_2309G004"

[2025-04-09 07:01:39]
Menerima pesan dari: dariMCU_2309G004 - Pesan: {"nokartu":"B3C6F2E4","idchip":"14375838","nodevice":"2309G004","key":"1234567890987654321","ipa":"10.31.0.4"}
[2025-04-09 07:01:39]
Berhasil merespon "dariMCU_2309G004" : {"respon":[{"id":"14375838","nodevice":"2309G004","message":"BMPM","info":"Aira Putri--Berhasil Presensi","nokartu":"B3C6F2E4"}]}
Berhasil kirim balasan ke "responServer_2309G004"

[2025-04-09 07:01:43]
Menerima pesan dari: dariMCU_2309G004 - Pesan: {"nokartu":"A32C22FF","idchip":"14375838","nodevice":"2309G004","key":"1234567890987654321","ipa":"10.31.0.4"}
[2025-04-09 07:01:43]
Berhasil merespon "dariMCU_2309G004" : {"respon":[{"id":"14375838","nodevice":"2309G004","message":"BMPM","info":"Nisfa Leilia Rahma--Berhasil Presensi","nokartu":"A32C22FF"}]}
Berhasil kirim balasan ke "responServer_2309G004"

[2025-04-09 07:02:39]
Menerima pesan dari: dariMCU_2309G004 - Pesan: {"nokartu":"33FF17FE","idchip":"14375838","nodevice":"2309G004","key":"1234567890987654321","ipa":"10.31.0.4"}
[2025-04-09 07:02:39]
Berhasil merespon "dariMCU_2309G004" : {"respon":[{"id":"14375838","nodevice":"2309G004","message":"BMPM","info":"Nova Dwi Sulistyowati--Berhasil Presensi","nokartu":"33FF17FE"}]}
Berhasil kirim balasan ke "responServer_2309G004"

[2025-04-09 07:02:51]
Menerima pesan dari: dariMCU_2309G004 - Pesan: {"nokartu":"33FF17FE","idchip":"14375838","nodevice":"2309G004","key":"1234567890987654321","ipa":"10.31.0.4"}
[2025-04-09 07:02:51]
Berhasil merespon "dariMCU_2309G004" : {"respon":[{"id":"14375838","nodevice":"2309G004","message":"SMPM","info":"Nova Dwi Sulistyowati--Anda Sudah melakukan Presensi","nokartu":"33FF17FE"}]}
Berhasil kirim balasan ke "responServer_2309G004"

[2025-04-09 07:05:15]
Menerima pesan dari: dariMCU_2309G004 - Pesan: {"nokartu":"33FF2CFF","idchip":"14375838","nodevice":"2309G004","key":"1234567890987654321","ipa":"10.31.0.4"}
[2025-04-09 07:05:15]
Berhasil merespon "dariMCU_2309G004" : {"respon":[{"id":"14375838","nodevice":"2309G004","message":"BMPM","info":"Defla Dia Fifa--Berhasil Presensi","nokartu":"33FF2CFF"}]}
Berhasil kirim balasan ke "responServer_2309G004"

[2025-04-09 07:05:59]
Menerima pesan dari: dariMCU_2309G004 - Pesan: {"nokartu":"C3A830FF","idchip":"14375838","nodevice":"2309G004","key":"1234567890987654321","ipa":"10.31.0.4"}
[2025-04-09 07:05:59]
Berhasil merespon "dariMCU_2309G004" : {"respon":[{"id":"14375838","nodevice":"2309G004","message":"BMPM","info":"Eva Nuris Kurniawati--Berhasil Presensi","nokartu":"C3A830FF"}]}
Berhasil kirim balasan ke "responServer_2309G004"

[2025-04-09 07:06:05]
Menerima pesan dari: dariMCU_2309G004 - Pesan: {"nokartu":"C3A830FF","idchip":"14375838","nodevice":"2309G004","key":"1234567890987654321","ipa":"10.31.0.4"}
[2025-04-09 07:06:05]
Berhasil merespon "dariMCU_2309G004" : {"respon":[{"id":"14375838","nodevice":"2309G004","message":"SMPM","info":"Eva Nuris Kurniawati--Anda Sudah melakukan Presensi","nokartu":"C3A830FF"}]}
Berhasil kirim balasan ke "responServer_2309G004"

[2025-04-09 07:06:44]
Menerima pesan dari: dariMCU_2309G004 - Pesan: {"nokartu":"33FF2CFF","idchip":"14375838","nodevice":"2309G004","key":"1234567890987654321","ipa":"10.31.0.4"}
[2025-04-09 07:06:44]
Berhasil merespon "dariMCU_2309G004" : {"respon":[{"id":"14375838","nodevice":"2309G004","message":"SMPM","info":"Defla Dia Fifa--Anda Sudah melakukan Presensi","nokartu":"33FF2CFF"}]}
Berhasil kirim balasan ke "responServer_2309G004"

[2025-04-09 07:06:46]
Menerima pesan dari: dariMCU_2309G004 - Pesan: {"nokartu":"33FF2CFF","idchip":"14375838","nodevice":"2309G004","key":"1234567890987654321","ipa":"10.31.0.4"}
[2025-04-09 07:06:46]
Berhasil merespon "dariMCU_2309G004" : {"respon":[{"id":"14375838","nodevice":"2309G004","message":"SMPM","info":"Defla Dia Fifa--Anda Sudah melakukan Presensi","nokartu":"33FF2CFF"}]}
Berhasil kirim balasan ke "responServer_2309G004"

[2025-04-09 07:07:12]
Menerima pesan dari: dariMCU_2309G004 - Pesan: {"nokartu":"33FF2CFF","idchip":"14375838","nodevice":"2309G004","key":"1234567890987654321","ipa":"10.31.0.4"}
[2025-04-09 07:07:12]
Berhasil merespon "dariMCU_2309G004" : {"respon":[{"id":"14375838","nodevice":"2309G004","message":"SMPM","info":"Defla Dia Fifa--Anda Sudah melakukan Presensi","nokartu":"33FF2CFF"}]}
Berhasil kirim balasan ke "responServer_2309G004"

[2025-04-09 07:07:17]
Menerima pesan dari: dariMCU_2309G004 - Pesan: {"nokartu":"C32D2FFF","idchip":"14375838","nodevice":"2309G004","key":"1234567890987654321","ipa":"10.31.0.4"}
[2025-04-09 07:07:17]
Berhasil merespon "dariMCU_2309G004" : {"respon":[{"id":"14375838","nodevice":"2309G004","message":"BMPM","info":"Louren Alelea--Berhasil Presensi","nokartu":"C32D2FFF"}]}
Berhasil kirim balasan ke "responServer_2309G004"

[2025-04-09 07:08:45]
Menerima pesan dari: dariMCU_2309G004 - Pesan: {"nokartu":"F311A8E2","idchip":"14375838","nodevice":"2309G004","key":"1234567890987654321","ipa":"10.31.0.4"}
[2025-04-09 07:08:45]
Berhasil merespon "dariMCU_2309G004" : {"respon":[{"id":"14375838","nodevice":"2309G004","message":"BMPM","info":"Saida Nuri Himaya--Berhasil Presensi","nokartu":"F311A8E2"}]}
Berhasil kirim balasan ke "responServer_2309G004"

[2025-04-09 07:08:48]
Menerima pesan dari: dariMCU_2309G004 - Pesan: {"nokartu":"F311A8E2","idchip":"14375838","nodevice":"2309G004","key":"1234567890987654321","ipa":"10.31.0.4"}
[2025-04-09 07:08:48]
Berhasil merespon "dariMCU_2309G004" : {"respon":[{"id":"14375838","nodevice":"2309G004","message":"SMPM","info":"Saida Nuri Himaya--Anda Sudah melakukan Presensi","nokartu":"F311A8E2"}]}
Berhasil kirim balasan ke "responServer_2309G004"

[2025-04-09 07:11:00]
Menerima pesan dari: dariMCU_2309G004 - Pesan: {"nokartu":"E39733FF","idchip":"14375838","nodevice":"2309G004","key":"1234567890987654321","ipa":"10.31.0.4"}
[2025-04-09 07:11:00]
Berhasil merespon "dariMCU_2309G004" : {"respon":[{"id":"14375838","nodevice":"2309G004","message":"BMPM","info":"Dwi Agustia--Berhasil Presensi","nokartu":"E39733FF"}]}
Berhasil kirim balasan ke "responServer_2309G004"

[2025-04-09 07:11:26]
Menerima pesan dari: dariMCU_2309G004 - Pesan: {"nokartu":"C3AC23FF","idchip":"14375838","nodevice":"2309G004","key":"1234567890987654321","ipa":"10.31.0.4"}
[2025-04-09 07:11:26]
Berhasil merespon "dariMCU_2309G004" : {"respon":[{"id":"14375838","nodevice":"2309G004","message":"BMPM","info":"Redapa Ardiyansah--Berhasil Presensi","nokartu":"C3AC23FF"}]}
Berhasil kirim balasan ke "responServer_2309G004"

[2025-04-09 07:11:27]
Menerima pesan dari: dariMCU_2309G004 - Pesan: {"nokartu":"C3AC23FF","idchip":"14375838","nodevice":"2309G004","key":"1234567890987654321","ipa":"10.31.0.4"}
[2025-04-09 07:11:27]
Berhasil merespon "dariMCU_2309G004" : {"respon":[{"id":"14375838","nodevice":"2309G004","message":"SMPM","info":"Redapa Ardiyansah--Anda Sudah melakukan Presensi","nokartu":"C3AC23FF"}]}
Berhasil kirim balasan ke "responServer_2309G004"

[2025-04-09 07:11:41]
Menerima pesan dari: dariMCU_2309G004 - Pesan: {"nokartu":"C3AC23FF","idchip":"14375838","nodevice":"2309G004","key":"1234567890987654321","ipa":"10.31.0.4"}
[2025-04-09 07:11:41]
Berhasil merespon "dariMCU_2309G004" : {"respon":[{"id":"14375838","nodevice":"2309G004","message":"SMPM","info":"Redapa Ardiyansah--Anda Sudah melakukan Presensi","nokartu":"C3AC23FF"}]}
Berhasil kirim balasan ke "responServer_2309G004"

[2025-04-09 07:12:41]
Menerima pesan dari: dariMCU_2309G004 - Pesan: {"nokartu":"D37C33FF","idchip":"14375838","nodevice":"2309G004","key":"1234567890987654321","ipa":"10.31.0.4"}
[2025-04-09 07:12:41]
Berhasil merespon "dariMCU_2309G004" : {"respon":[{"id":"14375838","nodevice":"2309G004","message":"BMPM","info":"Bagas Pramudya--Berhasil Presensi","nokartu":"D37C33FF"}]}
Berhasil kirim balasan ke "responServer_2309G004"

[2025-04-09 07:13:46]
Menerima pesan dari: dariMCU_2309G004 - Pesan: {"nokartu":"13F6B3E2","idchip":"14375838","nodevice":"2309G004","key":"1234567890987654321","ipa":"10.31.0.4"}
[2025-04-09 07:13:46]
Berhasil merespon "dariMCU_2309G004" : {"respon":[{"id":"14375838","nodevice":"2309G004","message":"BMPM","info":"Amrina Rosyada--Berhasil Presensi","nokartu":"13F6B3E2"}]}
Berhasil kirim balasan ke "responServer_2309G004"

[2025-04-09 07:17:25]
Menerima pesan dari: dariMCU_2309G004 - Pesan: {"nokartu":"534A2FFF","idchip":"14375838","nodevice":"2309G004","key":"1234567890987654321","ipa":"10.31.0.4"}
[2025-04-09 07:17:25]
Berhasil merespon "dariMCU_2309G004" : {"respon":[{"id":"14375838","nodevice":"2309G004","message":"BMPM","info":"Aulia Syilmi Kaffah--Berhasil Presensi","nokartu":"534A2FFF"}]}
Berhasil kirim balasan ke "responServer_2309G004"

[2025-04-09 07:17:27]
Menerima pesan dari: dariMCU_2309G004 - Pesan: {"nokartu":"534A2FFF","idchip":"14375838","nodevice":"2309G004","key":"1234567890987654321","ipa":"10.31.0.4"}
[2025-04-09 07:17:27]
Berhasil merespon "dariMCU_2309G004" : {"respon":[{"id":"14375838","nodevice":"2309G004","message":"SMPM","info":"Aulia Syilmi Kaffah--Anda Sudah melakukan Presensi","nokartu":"534A2FFF"}]}
Berhasil kirim balasan ke "responServer_2309G004"

[2025-04-09 07:18:14]
Menerima pesan dari: dariMCU_2309G004 - Pesan: {"nokartu":"23A521FF","idchip":"14375838","nodevice":"2309G004","key":"1234567890987654321","ipa":"10.31.0.4"}
[2025-04-09 07:18:14]
Berhasil merespon "dariMCU_2309G004" : {"respon":[{"id":"14375838","nodevice":"2309G004","message":"BMPM","info":"Rohim Rahmat Dani--Berhasil Presensi","nokartu":"23A521FF"}]}
Berhasil kirim balasan ke "responServer_2309G004"

[2025-04-09 07:20:29]
Menerima pesan dari: dariMCU_2309G004 - Pesan: {"nokartu":"5348DA54","idchip":"14375838","nodevice":"2309G004","key":"1234567890987654321","ipa":"10.31.0.4"}
[2025-04-09 07:20:29]
Berhasil merespon "dariMCU_2309G004" : {"respon":[{"id":"14375838","nodevice":"2309G004","message":"BMPM","info":"Ikhwan Priantama--Berhasil Presensi","nokartu":"5348DA54"}]}
Berhasil kirim balasan ke "responServer_2309G004"

[2025-04-09 07:20:35]
Menerima pesan dari: dariMCU_2309G004 - Pesan: {"nokartu":"5348DA54","idchip":"14375838","nodevice":"2309G004","key":"1234567890987654321","ipa":"10.31.0.4"}
[2025-04-09 07:20:35]
Berhasil merespon "dariMCU_2309G004" : {"respon":[{"id":"14375838","nodevice":"2309G004","message":"SMPM","info":"Ikhwan Priantama--Anda Sudah melakukan Presensi","nokartu":"5348DA54"}]}
Berhasil kirim balasan ke "responServer_2309G004"

[2025-04-09 07:20:36]
Menerima pesan dari: dariMCU_2309G004 - Pesan: {"nokartu":"5348DA54","idchip":"14375838","nodevice":"2309G004","key":"1234567890987654321","ipa":"10.31.0.4"}
[2025-04-09 07:20:36]
Berhasil merespon "dariMCU_2309G004" : {"respon":[{"id":"14375838","nodevice":"2309G004","message":"SMPM","info":"Ikhwan Priantama--Anda Sudah melakukan Presensi","nokartu":"5348DA54"}]}
Berhasil kirim balasan ke "responServer_2309G004"

[2025-04-09 12:15:40]
Menerima pesan dari: dariMCU_2309MAS003 - Pesan: {"nokartu":"034BD7E2","idchip":"16581755","nodevice":"2309MAS003","key":"1234567890987654321","ipa":"10.10.7.66"}
[2025-04-09 12:15:40]
Berhasil merespon "dariMCU_2309MAS003" : {"respon":[{"id":"16581755","nodevice":"2309MAS003","message":"BMPE","info":"Vika Natasya--Berhasil Presensi -Mulai-","nokartu":"034BD7E2"}]}
Berhasil kirim balasan ke "responServer_2309MAS003"

[2025-04-09 12:15:43]
Menerima pesan dari: dariMCU_2309MAS003 - Pesan: {"nokartu":"034BD7E2","idchip":"16581755","nodevice":"2309MAS003","key":"1234567890987654321","ipa":"10.10.7.66"}
[2025-04-09 12:15:43]
Berhasil merespon "dariMCU_2309MAS003" : {"respon":[{"id":"16581755","nodevice":"2309MAS003","message":"510","info":"Vika Natasya--TERCATAT! 3 dtk lalu","nokartu":"034BD7E2"}]}
Berhasil kirim balasan ke "responServer_2309MAS003"

[2025-04-09 12:15:44]
Menerima pesan dari: dariMCU_2309MAS003 - Pesan: {"nokartu":"034BD7E2","idchip":"16581755","nodevice":"2309MAS003","key":"1234567890987654321","ipa":"10.10.7.66"}
[2025-04-09 12:15:44]
Berhasil merespon "dariMCU_2309MAS003" : {"respon":[{"id":"16581755","nodevice":"2309MAS003","message":"510","info":"Vika Natasya--TERCATAT! 4 dtk lalu","nokartu":"034BD7E2"}]}
Berhasil kirim balasan ke "responServer_2309MAS003"

[2025-04-09 12:15:50]
Menerima pesan dari: dariMCU_2309MAS003 - Pesan: {"nokartu":"A3C96FE4","idchip":"16581755","nodevice":"2309MAS003","key":"1234567890987654321","ipa":"10.10.7.66"}
[2025-04-09 12:15:50]
Berhasil merespon "dariMCU_2309MAS003" : {"respon":[{"id":"16581755","nodevice":"2309MAS003","message":"BMPE","info":"Ambar Dwi Cahyani--Berhasil Presensi -Mulai-","nokartu":"A3C96FE4"}]}
Berhasil kirim balasan ke "responServer_2309MAS003"

[2025-04-09 12:16:16]
Menerima pesan dari: dariMCU_2309MAS003 - Pesan: {"nokartu":"B3C6F2E4","idchip":"16581755","nodevice":"2309MAS003","key":"1234567890987654321","ipa":"10.10.7.66"}
[2025-04-09 12:16:16]
Berhasil merespon "dariMCU_2309MAS003" : {"respon":[{"id":"16581755","nodevice":"2309MAS003","message":"BMPE","info":"Aira Putri--Berhasil Presensi -Mulai-","nokartu":"B3C6F2E4"}]}
Berhasil kirim balasan ke "responServer_2309MAS003"

[2025-04-09 12:16:20]
Menerima pesan dari: dariMCU_2309MAS003 - Pesan: {"nokartu":"B3C6F2E4","idchip":"16581755","nodevice":"2309MAS003","key":"1234567890987654321","ipa":"10.10.7.66"}
[2025-04-09 12:16:20]
Berhasil merespon "dariMCU_2309MAS003" : {"respon":[{"id":"16581755","nodevice":"2309MAS003","message":"510","info":"Aira Putri--TERCATAT! 4 dtk lalu","nokartu":"B3C6F2E4"}]}
Berhasil kirim balasan ke "responServer_2309MAS003"

[2025-04-09 12:16:23]
Menerima pesan dari: dariMCU_2309MAS003 - Pesan: {"nokartu":"F311A8E2","idchip":"16581755","nodevice":"2309MAS003","key":"1234567890987654321","ipa":"10.10.7.66"}
[2025-04-09 12:16:23]
Berhasil merespon "dariMCU_2309MAS003" : {"respon":[{"id":"16581755","nodevice":"2309MAS003","message":"BMPE","info":"Saida Nuri Himaya--Berhasil Presensi -Mulai-","nokartu":"F311A8E2"}]}
Berhasil kirim balasan ke "responServer_2309MAS003"

[2025-04-09 12:16:27]
Menerima pesan dari: dariMCU_2309MAS003 - Pesan: {"nokartu":"F311A8E2","idchip":"16581755","nodevice":"2309MAS003","key":"1234567890987654321","ipa":"10.10.7.66"}
[2025-04-09 12:16:27]
Berhasil merespon "dariMCU_2309MAS003" : {"respon":[{"id":"16581755","nodevice":"2309MAS003","message":"510","info":"Saida Nuri Himaya--TERCATAT! 4 dtk lalu","nokartu":"F311A8E2"}]}
Berhasil kirim balasan ke "responServer_2309MAS003"

[2025-04-09 12:16:28]
Menerima pesan dari: dariMCU_2309MAS003 - Pesan: {"nokartu":"F311A8E2","idchip":"16581755","nodevice":"2309MAS003","key":"1234567890987654321","ipa":"10.10.7.66"}
[2025-04-09 12:16:28]
Berhasil merespon "dariMCU_2309MAS003" : {"respon":[{"id":"16581755","nodevice":"2309MAS003","message":"510","info":"Saida Nuri Himaya--TERCATAT! 5 dtk lalu","nokartu":"F311A8E2"}]}
Berhasil kirim balasan ke "responServer_2309MAS003"

[2025-04-09 12:18:41]
Menerima pesan dari: dariMCU_2309MAS003 - Pesan: {"nokartu":"13B021FF","idchip":"16581755","nodevice":"2309MAS003","key":"1234567890987654321","ipa":"10.10.7.66"}
[2025-04-09 12:18:41]
Berhasil merespon "dariMCU_2309MAS003" : {"respon":[{"id":"16581755","nodevice":"2309MAS003","message":"BMPE","info":"Muhammad Ulynnuha--Berhasil Presensi -Mulai-","nokartu":"13B021FF"}]}
Berhasil kirim balasan ke "responServer_2309MAS003"

[2025-04-09 12:18:44]
Menerima pesan dari: dariMCU_2309MAS003 - Pesan: {"nokartu":"13B021FF","idchip":"16581755","nodevice":"2309MAS003","key":"1234567890987654321","ipa":"10.10.7.66"}
[2025-04-09 12:18:44]
Berhasil merespon "dariMCU_2309MAS003" : {"respon":[{"id":"16581755","nodevice":"2309MAS003","message":"510","info":"Muhammad Ulynnuha--TERCATAT! 3 dtk lalu","nokartu":"13B021FF"}]}
Berhasil kirim balasan ke "responServer_2309MAS003"

[2025-04-09 12:18:48]
Menerima pesan dari: dariMCU_2309MAS003 - Pesan: {"nokartu":"13E47B05","idchip":"16581755","nodevice":"2309MAS003","key":"1234567890987654321","ipa":"10.10.7.66"}
[2025-04-09 12:18:48]
Berhasil merespon "dariMCU_2309MAS003" : {"respon":[{"id":"16581755","nodevice":"2309MAS003","message":"BMPE","info":"Ata Amirulloh--Berhasil Presensi -Mulai-","nokartu":"13E47B05"}]}
Berhasil kirim balasan ke "responServer_2309MAS003"

[2025-04-09 12:19:24]
Menerima pesan dari: dariMCU_2309MAS003 - Pesan: {"nokartu":"F39F1AFE","idchip":"16581755","nodevice":"2309MAS003","key":"1234567890987654321","ipa":"10.10.7.66"}
[2025-04-09 12:19:24]
Berhasil merespon "dariMCU_2309MAS003" : {"respon":[{"id":"16581755","nodevice":"2309MAS003","message":"BMPE","info":"Anton Joko Kurniawan--Berhasil Presensi -Mulai-","nokartu":"F39F1AFE"}]}
Berhasil kirim balasan ke "responServer_2309MAS003"

[2025-04-09 12:19:25]
Menerima pesan dari: dariMCU_2309MAS003 - Pesan: {"nokartu":"F3FD6A05","idchip":"16581755","nodevice":"2309MAS003","key":"1234567890987654321","ipa":"10.10.7.66"}
[2025-04-09 12:19:25]
Berhasil merespon "dariMCU_2309MAS003" : {"respon":[{"id":"16581755","nodevice":"2309MAS003","message":"BMPE","info":"Nia Setyaningsih--Berhasil Presensi -Mulai-","nokartu":"F3FD6A05"}]}
Berhasil kirim balasan ke "responServer_2309MAS003"

[2025-04-09 12:19:28]
Menerima pesan dari: dariMCU_2309MAS003 - Pesan: {"nokartu":"F39F1AFE","idchip":"16581755","nodevice":"2309MAS003","key":"1234567890987654321","ipa":"10.10.7.66"}
[2025-04-09 12:19:28]
Berhasil merespon "dariMCU_2309MAS003" : {"respon":[{"id":"16581755","nodevice":"2309MAS003","message":"510","info":"Anton Joko Kurniawan--TERCATAT! 4 dtk lalu","nokartu":"F39F1AFE"}]}
Berhasil kirim balasan ke "responServer_2309MAS003"

[2025-04-09 12:19:29]
Menerima pesan dari: dariMCU_2309MAS003 - Pesan: {"nokartu":"F39F1AFE","idchip":"16581755","nodevice":"2309MAS003","key":"1234567890987654321","ipa":"10.10.7.66"}
[2025-04-09 12:19:29]
Berhasil merespon "dariMCU_2309MAS003" : {"respon":[{"id":"16581755","nodevice":"2309MAS003","message":"510","info":"Anton Joko Kurniawan--TERCATAT! 5 dtk lalu","nokartu":"F39F1AFE"}]}
Berhasil kirim balasan ke "responServer_2309MAS003"

[2025-04-09 12:19:33]
Menerima pesan dari: dariMCU_2309MAS003 - Pesan: {"nokartu":"F3FD6A05","idchip":"16581755","nodevice":"2309MAS003","key":"1234567890987654321","ipa":"10.10.7.66"}
[2025-04-09 12:19:33]
Berhasil merespon "dariMCU_2309MAS003" : {"respon":[{"id":"16581755","nodevice":"2309MAS003","message":"510","info":"Nia Setyaningsih--TERCATAT! 8 dtk lalu","nokartu":"F3FD6A05"}]}
Berhasil kirim balasan ke "responServer_2309MAS003"

[2025-04-09 12:20:05]
Menerima pesan dari: dariMCU_2309MAS003 - Pesan: {"nokartu":"63A2ECE4","idchip":"16581755","nodevice":"2309MAS003","key":"1234567890987654321","ipa":"10.10.7.66"}
[2025-04-09 12:20:05]
Berhasil merespon "dariMCU_2309MAS003" : {"respon":[{"id":"16581755","nodevice":"2309MAS003","message":"BMPE","info":"Narendra Andrian Nova--Berhasil Presensi -Mulai-","nokartu":"63A2ECE4"}]}
Berhasil kirim balasan ke "responServer_2309MAS003"

[2025-04-09 12:20:09]
Menerima pesan dari: dariMCU_2309MAS003 - Pesan: {"nokartu":"63A2ECE4","idchip":"16581755","nodevice":"2309MAS003","key":"1234567890987654321","ipa":"10.10.7.66"}
[2025-04-09 12:20:09]
Berhasil merespon "dariMCU_2309MAS003" : {"respon":[{"id":"16581755","nodevice":"2309MAS003","message":"510","info":"Narendra Andrian Nova--TERCATAT! 4 dtk lalu","nokartu":"63A2ECE4"}]}
Berhasil kirim balasan ke "responServer_2309MAS003"

[2025-04-09 12:20:10]
Menerima pesan dari: dariMCU_2309MAS003 - Pesan: {"nokartu":"4352B2E2","idchip":"16581755","nodevice":"2309MAS003","key":"1234567890987654321","ipa":"10.10.7.66"}
[2025-04-09 12:20:10]
Berhasil merespon "dariMCU_2309MAS003" : {"respon":[{"id":"16581755","nodevice":"2309MAS003","message":"BMPE","info":"Adi Risky Wijaya--Berhasil Presensi -Mulai-","nokartu":"4352B2E2"}]}
Berhasil kirim balasan ke "responServer_2309MAS003"

[2025-04-09 12:21:13]
Menerima pesan dari: dariMCU_2309MAS003 - Pesan: {"nokartu":"334A71E4","idchip":"16581755","nodevice":"2309MAS003","key":"1234567890987654321","ipa":"10.10.7.66"}
[2025-04-09 12:21:13]
Berhasil merespon "dariMCU_2309MAS003" : {"respon":[{"id":"16581755","nodevice":"2309MAS003","message":"BMPE","info":"Laras Renitasari--Berhasil Presensi -Mulai-","nokartu":"334A71E4"}]}
Berhasil kirim balasan ke "responServer_2309MAS003"

[2025-04-09 12:21:19]
Menerima pesan dari: dariMCU_2309MAS003 - Pesan: {"nokartu":"5322B5E2","idchip":"16581755","nodevice":"2309MAS003","key":"1234567890987654321","ipa":"10.10.7.66"}
[2025-04-09 12:21:19]
Berhasil merespon "dariMCU_2309MAS003" : {"respon":[{"id":"16581755","nodevice":"2309MAS003","message":"BMPE","info":"Asyifa Ayu Fitrian--Berhasil Presensi -Mulai-","nokartu":"5322B5E2"}]}
Berhasil kirim balasan ke "responServer_2309MAS003"

[2025-04-09 12:21:22]
Menerima pesan dari: dariMCU_2309MAS003 - Pesan: {"nokartu":"5322B5E2","idchip":"16581755","nodevice":"2309MAS003","key":"1234567890987654321","ipa":"10.10.7.66"}
[2025-04-09 12:21:22]
Berhasil merespon "dariMCU_2309MAS003" : {"respon":[{"id":"16581755","nodevice":"2309MAS003","message":"510","info":"Asyifa Ayu Fitrian--TERCATAT! 3 dtk lalu","nokartu":"5322B5E2"}]}
Berhasil kirim balasan ke "responServer_2309MAS003"

[2025-04-09 12:21:23]
Menerima pesan dari: dariMCU_2309MAS003 - Pesan: {"nokartu":"F3AA6CE4","idchip":"16581755","nodevice":"2309MAS003","key":"1234567890987654321","ipa":"10.10.7.66"}
[2025-04-09 12:21:23]
Berhasil merespon "dariMCU_2309MAS003" : {"respon":[{"id":"16581755","nodevice":"2309MAS003","message":"BMPE","info":"Sasa Livia Rosada--Berhasil Presensi -Mulai-","nokartu":"F3AA6CE4"}]}
Berhasil kirim balasan ke "responServer_2309MAS003"

[2025-04-09 12:22:51]
Menerima pesan dari: dariMCU_2309MAS003 - Pesan: {"nokartu":"33CB2054","idchip":"16581755","nodevice":"2309MAS003","key":"1234567890987654321","ipa":"10.10.7.66"}
[2025-04-09 12:22:51]
Berhasil merespon "dariMCU_2309MAS003" : {"respon":[{"id":"16581755","nodevice":"2309MAS003","message":"BMPE","info":"Zainal Abidin--Berhasil Presensi -Mulai-","nokartu":"33CB2054"}]}
Berhasil kirim balasan ke "responServer_2309MAS003"

[2025-04-09 12:22:54]
Menerima pesan dari: dariMCU_2309MAS003 - Pesan: {"nokartu":"33CB2054","idchip":"16581755","nodevice":"2309MAS003","key":"1234567890987654321","ipa":"10.10.7.66"}
[2025-04-09 12:22:54]
Berhasil merespon "dariMCU_2309MAS003" : {"respon":[{"id":"16581755","nodevice":"2309MAS003","message":"510","info":"Zainal Abidin--TERCATAT! 3 dtk lalu","nokartu":"33CB2054"}]}
Berhasil kirim balasan ke "responServer_2309MAS003"

[2025-04-09 12:22:55]
Menerima pesan dari: dariMCU_2309MAS003 - Pesan: {"nokartu":"33CB2054","idchip":"16581755","nodevice":"2309MAS003","key":"1234567890987654321","ipa":"10.10.7.66"}
[2025-04-09 12:22:55]
Berhasil merespon "dariMCU_2309MAS003" : {"respon":[{"id":"16581755","nodevice":"2309MAS003","message":"510","info":"Zainal Abidin--TERCATAT! 4 dtk lalu","nokartu":"33CB2054"}]}
Berhasil kirim balasan ke "responServer_2309MAS003"

[2025-04-09 12:22:59]
Menerima pesan dari: dariMCU_2309MAS003 - Pesan: {"nokartu":"F0AC645C","idchip":"16581755","nodevice":"2309MAS003","key":"1234567890987654321","ipa":"10.10.7.66"}
[2025-04-09 12:22:59]
Berhasil merespon "dariMCU_2309MAS003" : {"respon":[{"id":"16581755","nodevice":"2309MAS003","message":"BMPE","info":"Muhammad Yusuf--Berhasil Presensi -Mulai-","nokartu":"F0AC645C"}]}
Berhasil kirim balasan ke "responServer_2309MAS003"

[2025-04-09 12:23:02]
Menerima pesan dari: dariMCU_2309MAS003 - Pesan: {"nokartu":"F0AC645C","idchip":"16581755","nodevice":"2309MAS003","key":"1234567890987654321","ipa":"10.10.7.66"}
[2025-04-09 12:23:02]
Berhasil merespon "dariMCU_2309MAS003" : {"respon":[{"id":"16581755","nodevice":"2309MAS003","message":"510","info":"Muhammad Yusuf--TERCATAT! 3 dtk lalu","nokartu":"F0AC645C"}]}
Berhasil kirim balasan ke "responServer_2309MAS003"

[2025-04-09 12:25:01]
Menerima pesan dari: dariMCU_2309MAS003 - Pesan: {"nokartu":"13F7F3E4","idchip":"16581755","nodevice":"2309MAS003","key":"1234567890987654321","ipa":"10.10.7.66"}
[2025-04-09 12:25:01]
Berhasil merespon "dariMCU_2309MAS003" : {"respon":[{"id":"16581755","nodevice":"2309MAS003","message":"BMPE","info":"Muhammad Affan Nibras Razan--Berhasil Presensi -Mulai-","nokartu":"13F7F3E4"}]}
Berhasil kirim balasan ke "responServer_2309MAS003"

[2025-04-09 12:25:04]
Menerima pesan dari: dariMCU_2309MAS003 - Pesan: {"nokartu":"13F7F3E4","idchip":"16581755","nodevice":"2309MAS003","key":"1234567890987654321","ipa":"10.10.7.66"}
[2025-04-09 12:25:04]
Berhasil merespon "dariMCU_2309MAS003" : {"respon":[{"id":"16581755","nodevice":"2309MAS003","message":"510","info":"Muhammad Affan Nibras Razan--TERCATAT! 3 dtk lalu","nokartu":"13F7F3E4"}]}
Berhasil kirim balasan ke "responServer_2309MAS003"

[2025-04-09 12:29:42]
Menerima pesan dari: dariMCU_2309MAS003 - Pesan: {"nokartu":"A365A2E2","idchip":"16581755","nodevice":"2309MAS003","key":"1234567890987654321","ipa":"10.10.7.66"}
[2025-04-09 12:29:42]
Berhasil merespon "dariMCU_2309MAS003" : {"respon":[{"id":"16581755","nodevice":"2309MAS003","message":"BMPE","info":"Ilham Bian Feraris--Berhasil Presensi -Mulai-","nokartu":"A365A2E2"}]}
Berhasil kirim balasan ke "responServer_2309MAS003"

[2025-04-09 12:31:44]
Menerima pesan dari: dariMCU_2309G004 - Pesan: {"nokartu":"03E90CFE","idchip":"14375838","nodevice":"2309G004","key":"1234567890987654321","ipa":"10.31.0.4"}
[2025-04-09 12:31:44]
Berhasil merespon "dariMCU_2309G004" : {"respon":[{"id":"14375838","nodevice":"2309G004","message":"IDTT","info":"Kartu ID ini--belum terdaftar","nokartu":"03E90CFE"}]}
Berhasil kirim balasan ke "responServer_2309G004"

[2025-04-09 12:31:49]
Menerima pesan dari: dariMCU_2309G004 - Pesan: {"nokartu":"03E90CFE","idchip":"14375838","nodevice":"2309G004","key":"1234567890987654321","ipa":"10.31.0.4"}
[2025-04-09 12:31:49]
Berhasil merespon "dariMCU_2309G004" : {"respon":[{"id":"14375838","nodevice":"2309G004","message":"IDTT","info":"Kartu ID ini--belum terdaftar","nokartu":"03E90CFE"}]}
Berhasil kirim balasan ke "responServer_2309G004"

[2025-04-09 12:31:55]
Menerima pesan dari: dariMCU_2309G004 - Pesan: {"nokartu":"C3C70BFE","idchip":"14375838","nodevice":"2309G004","key":"1234567890987654321","ipa":"10.31.0.4"}
[2025-04-09 12:31:55]
Berhasil merespon "dariMCU_2309G004" : {"respon":[{"id":"14375838","nodevice":"2309G004","message":"TBPS","info":"Herlina Ramadani--Tidak bisa melakukan presensi sekarang.","nokartu":"C3C70BFE"}]}
Berhasil kirim balasan ke "responServer_2309G004"

[2025-04-09 12:32:05]
Menerima pesan dari: dariMCU_2309G004 - Pesan: {"nokartu":"C3A830FF","idchip":"14375838","nodevice":"2309G004","key":"1234567890987654321","ipa":"10.31.0.4"}
[2025-04-09 12:32:05]
Berhasil merespon "dariMCU_2309G004" : {"respon":[{"id":"14375838","nodevice":"2309G004","message":"TBPS","info":"Eva Nuris Kurniawati--Tidak bisa melakukan presensi sekarang.","nokartu":"C3A830FF"}]}
Berhasil kirim balasan ke "responServer_2309G004"

[2025-04-09 12:32:07]
Menerima pesan dari: dariMCU_2309G004 - Pesan: {"nokartu":"C3A830FF","idchip":"14375838","nodevice":"2309G004","key":"1234567890987654321","ipa":"10.31.0.4"}
[2025-04-09 12:32:07]
Berhasil merespon "dariMCU_2309G004" : {"respon":[{"id":"14375838","nodevice":"2309G004","message":"TBPS","info":"Eva Nuris Kurniawati--Tidak bisa melakukan presensi sekarang.","nokartu":"C3A830FF"}]}
Berhasil kirim balasan ke "responServer_2309G004"

[2025-04-09 12:32:15]
Menerima pesan dari: dariMCU_2309G004 - Pesan: {"nokartu":"231C1A03","idchip":"14375838","nodevice":"2309G004","key":"1234567890987654321","ipa":"10.31.0.4"}
[2025-04-09 12:32:15]
Berhasil merespon "dariMCU_2309G004" : {"respon":[{"id":"14375838","nodevice":"2309G004","message":"TBPS","info":"Rio Choirul Anam--Tidak bisa melakukan presensi sekarang.","nokartu":"231C1A03"}]}
Berhasil kirim balasan ke "responServer_2309G004"

[2025-04-09 12:32:16]
Menerima pesan dari: dariMCU_2309G004 - Pesan: {"nokartu":"231C1A03","idchip":"14375838","nodevice":"2309G004","key":"1234567890987654321","ipa":"10.31.0.4"}
[2025-04-09 12:32:16]
Berhasil merespon "dariMCU_2309G004" : {"respon":[{"id":"14375838","nodevice":"2309G004","message":"TBPS","info":"Rio Choirul Anam--Tidak bisa melakukan presensi sekarang.","nokartu":"231C1A03"}]}
Berhasil kirim balasan ke "responServer_2309G004"

[2025-04-09 12:32:33]
Menerima pesan dari: dariMCU_2309G004 - Pesan: {"nokartu":"E39733FF","idchip":"14375838","nodevice":"2309G004","key":"1234567890987654321","ipa":"10.31.0.4"}
[2025-04-09 12:32:33]
Berhasil merespon "dariMCU_2309G004" : {"respon":[{"id":"14375838","nodevice":"2309G004","message":"TBPS","info":"Dwi Agustia--Tidak bisa melakukan presensi sekarang.","nokartu":"E39733FF"}]}
Berhasil kirim balasan ke "responServer_2309G004"

[2025-04-09 12:32:39]
Menerima pesan dari: dariMCU_2309MAS003 - Pesan: {"nokartu":"13F6B3E2","idchip":"16581755","nodevice":"2309MAS003","key":"1234567890987654321","ipa":"10.10.7.66"}
[2025-04-09 12:32:39]
Berhasil merespon "dariMCU_2309MAS003" : {"respon":[{"id":"16581755","nodevice":"2309MAS003","message":"BMPE","info":"Amrina Rosyada--Berhasil Presensi -Mulai-","nokartu":"13F6B3E2"}]}
Berhasil kirim balasan ke "responServer_2309MAS003"

[2025-04-09 12:32:43]
Menerima pesan dari: dariMCU_2309MAS003 - Pesan: {"nokartu":"23CFF7E2","idchip":"16581755","nodevice":"2309MAS003","key":"1234567890987654321","ipa":"10.10.7.66"}
[2025-04-09 12:32:43]
Berhasil merespon "dariMCU_2309MAS003" : {"respon":[{"id":"16581755","nodevice":"2309MAS003","message":"BMPE","info":"Ira Ramadhani--Berhasil Presensi -Mulai-","nokartu":"23CFF7E2"}]}
Berhasil kirim balasan ke "responServer_2309MAS003"

[2025-04-09 12:32:45]
Menerima pesan dari: dariMCU_2309MAS003 - Pesan: {"nokartu":"23CFF7E2","idchip":"16581755","nodevice":"2309MAS003","key":"1234567890987654321","ipa":"10.10.7.66"}
[2025-04-09 12:32:45]
Berhasil merespon "dariMCU_2309MAS003" : {"respon":[{"id":"16581755","nodevice":"2309MAS003","message":"510","info":"Ira Ramadhani--TERCATAT! 2 dtk lalu","nokartu":"23CFF7E2"}]}
Berhasil kirim balasan ke "responServer_2309MAS003"

[2025-04-09 12:32:48]
Menerima pesan dari: dariMCU_2309G004 - Pesan: {"nokartu":"33FF2CFF","idchip":"14375838","nodevice":"2309G004","key":"1234567890987654321","ipa":"10.31.0.4"}
[2025-04-09 12:32:48]
Berhasil merespon "dariMCU_2309G004" : {"respon":[{"id":"14375838","nodevice":"2309G004","message":"TBPS","info":"Defla Dia Fifa--Tidak bisa melakukan presensi sekarang.","nokartu":"33FF2CFF"}]}
Berhasil kirim balasan ke "responServer_2309G004"

[2025-04-09 12:32:49]
Menerima pesan dari: dariMCU_2309MAS003 - Pesan: {"nokartu":"23CFF7E2","idchip":"16581755","nodevice":"2309MAS003","key":"1234567890987654321","ipa":"10.10.7.66"}
[2025-04-09 12:32:49]
Berhasil merespon "dariMCU_2309MAS003" : {"respon":[{"id":"16581755","nodevice":"2309MAS003","message":"510","info":"Ira Ramadhani--TERCATAT! 6 dtk lalu","nokartu":"23CFF7E2"}]}
Berhasil kirim balasan ke "responServer_2309MAS003"

[2025-04-09 12:32:50]
Menerima pesan dari: dariMCU_2309MAS003 - Pesan: {"nokartu":"23CFF7E2","idchip":"16581755","nodevice":"2309MAS003","key":"1234567890987654321","ipa":"10.10.7.66"}
[2025-04-09 12:32:50]
Berhasil merespon "dariMCU_2309MAS003" : {"respon":[{"id":"16581755","nodevice":"2309MAS003","message":"510","info":"Ira Ramadhani--TERCATAT! 7 dtk lalu","nokartu":"23CFF7E2"}]}
Berhasil kirim balasan ke "responServer_2309MAS003"

[2025-04-09 12:32:55]
Menerima pesan dari: dariMCU_2309MAS003 - Pesan: {"nokartu":"639FAAE2","idchip":"16581755","nodevice":"2309MAS003","key":"1234567890987654321","ipa":"10.10.7.66"}
[2025-04-09 12:32:55]
Berhasil merespon "dariMCU_2309MAS003" : {"respon":[{"id":"16581755","nodevice":"2309MAS003","message":"BMPE","info":"Ana Meilia Solichah--Berhasil Presensi -Mulai-","nokartu":"639FAAE2"}]}
Berhasil kirim balasan ke "responServer_2309MAS003"

[2025-04-09 12:32:58]
Menerima pesan dari: dariMCU_2309G004 - Pesan: {"nokartu":"33FF2CFF","idchip":"14375838","nodevice":"2309G004","key":"1234567890987654321","ipa":"10.31.0.4"}
[2025-04-09 12:32:58]
Berhasil merespon "dariMCU_2309G004" : {"respon":[{"id":"14375838","nodevice":"2309G004","message":"TBPS","info":"Defla Dia Fifa--Tidak bisa melakukan presensi sekarang.","nokartu":"33FF2CFF"}]}
Berhasil kirim balasan ke "responServer_2309G004"

[2025-04-09 12:33:00]
Menerima pesan dari: dariMCU_2309MAS003 - Pesan: {"nokartu":"639FAAE2","idchip":"16581755","nodevice":"2309MAS003","key":"1234567890987654321","ipa":"10.10.7.66"}
[2025-04-09 12:33:00]
Berhasil merespon "dariMCU_2309MAS003" : {"respon":[{"id":"16581755","nodevice":"2309MAS003","message":"510","info":"Ana Meilia Solichah--TERCATAT! 5 dtk lalu","nokartu":"639FAAE2"}]}
Berhasil kirim balasan ke "responServer_2309MAS003"

[2025-04-09 12:33:04]
Menerima pesan dari: dariMCU_2309MAS003 - Pesan: {"nokartu":"639FAAE2","idchip":"16581755","nodevice":"2309MAS003","key":"1234567890987654321","ipa":"10.10.7.66"}
[2025-04-09 12:33:04]
Berhasil merespon "dariMCU_2309MAS003" : {"respon":[{"id":"16581755","nodevice":"2309MAS003","message":"510","info":"Ana Meilia Solichah--TERCATAT! 9 dtk lalu","nokartu":"639FAAE2"}]}
Berhasil kirim balasan ke "responServer_2309MAS003"

[2025-04-09 12:33:05]
Menerima pesan dari: dariMCU_2309G004 - Pesan: {"nokartu":"33FA1EFF","idchip":"14375838","nodevice":"2309G004","key":"1234567890987654321","ipa":"10.31.0.4"}
[2025-04-09 12:33:05]
Berhasil merespon "dariMCU_2309G004" : {"respon":[{"id":"14375838","nodevice":"2309G004","message":"TBPS","info":"Adistya Bintang Rejeki--Tidak bisa melakukan presensi sekarang.","nokartu":"33FA1EFF"}]}
Berhasil kirim balasan ke "responServer_2309G004"

[2025-04-09 12:33:06]
Menerima pesan dari: dariMCU_2309MAS003 - Pesan: {"nokartu":"639FAAE2","idchip":"16581755","nodevice":"2309MAS003","key":"1234567890987654321","ipa":"10.10.7.66"}
[2025-04-09 12:33:06]
Berhasil merespon "dariMCU_2309MAS003" : {"respon":[{"id":"16581755","nodevice":"2309MAS003","message":"510","info":"Ana Meilia Solichah--TERCATAT! 11 dtk lalu","nokartu":"639FAAE2"}]}
Berhasil kirim balasan ke "responServer_2309MAS003"

[2025-04-09 12:33:09]
Menerima pesan dari: dariMCU_2309MAS003 - Pesan: {"nokartu":"639FAAE2","idchip":"16581755","nodevice":"2309MAS003","key":"1234567890987654321","ipa":"10.10.7.66"}
[2025-04-09 12:33:09]
Berhasil merespon "dariMCU_2309MAS003" : {"respon":[{"id":"16581755","nodevice":"2309MAS003","message":"510","info":"Ana Meilia Solichah--TERCATAT! 14 dtk lalu","nokartu":"639FAAE2"}]}
Berhasil kirim balasan ke "responServer_2309MAS003"

[2025-04-09 12:33:18]
Menerima pesan dari: dariMCU_2309MAS001 - Pesan: {"nokartu":"639FAAE2","idchip":"4115046","nodevice":"2309MAS001","key":"1234567890987654321","ipa":"10.10.29.58"}
[2025-04-09 12:33:18]
Berhasil merespon "dariMCU_2309MAS001" : {"respon":[{"id":"4115046","nodevice":"2309MAS001","message":"510","info":"Ana Meilia Solichah--TERCATAT! 23 dtk lalu","nokartu":"639FAAE2"}]}
Berhasil kirim balasan ke "responServer_2309MAS001"

[2025-04-09 12:33:21]
Menerima pesan dari: dariMCU_2309MAS001 - Pesan: {"nokartu":"639FAAE2","idchip":"4115046","nodevice":"2309MAS001","key":"1234567890987654321","ipa":"10.10.29.58"}
[2025-04-09 12:33:21]
Berhasil merespon "dariMCU_2309MAS001" : {"respon":[{"id":"4115046","nodevice":"2309MAS001","message":"510","info":"Ana Meilia Solichah--TERCATAT! 26 dtk lalu","nokartu":"639FAAE2"}]}
Berhasil kirim balasan ke "responServer_2309MAS001"

[2025-04-09 12:33:49]
Menerima pesan dari: dariMCU_2309MAS003 - Pesan: {"nokartu":"233781E2","idchip":"16581755","nodevice":"2309MAS003","key":"1234567890987654321","ipa":"10.10.7.66"}
[2025-04-09 12:33:49]
Berhasil merespon "dariMCU_2309MAS003" : {"respon":[{"id":"16581755","nodevice":"2309MAS003","message":"BMPE","info":"Farhan Khoiru Nizar--Berhasil Presensi -Mulai-","nokartu":"233781E2"}]}
Berhasil kirim balasan ke "responServer_2309MAS003"

[2025-04-09 12:33:59]
Menerima pesan dari: dariMCU_2309G004 - Pesan: {"nokartu":"D30F14FE","idchip":"14375838","nodevice":"2309G004","key":"1234567890987654321","ipa":"10.31.0.4"}
[2025-04-09 12:33:59]
Berhasil merespon "dariMCU_2309G004" : {"respon":[{"id":"14375838","nodevice":"2309G004","message":"TBPS","info":"Viola Ela Rahmahani--Tidak bisa melakukan presensi sekarang.","nokartu":"D30F14FE"}]}
Berhasil kirim balasan ke "responServer_2309G004"

[2025-04-09 12:34:16]
Menerima pesan dari: dariMCU_2309G004 - Pesan: {"nokartu":"C3AC23FF","idchip":"14375838","nodevice":"2309G004","key":"1234567890987654321","ipa":"10.31.0.4"}
[2025-04-09 12:34:16]
Berhasil merespon "dariMCU_2309G004" : {"respon":[{"id":"14375838","nodevice":"2309G004","message":"TBPS","info":"Redapa Ardiyansah--Tidak bisa melakukan presensi sekarang.","nokartu":"C3AC23FF"}]}
Berhasil kirim balasan ke "responServer_2309G004"

[2025-04-09 12:34:33]
Menerima pesan dari: dariMCU_2309G004 - Pesan: {"nokartu":"D37C33FF","idchip":"14375838","nodevice":"2309G004","key":"1234567890987654321","ipa":"10.31.0.4"}
[2025-04-09 12:34:33]
Berhasil merespon "dariMCU_2309G004" : {"respon":[{"id":"14375838","nodevice":"2309G004","message":"TBPS","info":"Bagas Pramudya--Tidak bisa melakukan presensi sekarang.","nokartu":"D37C33FF"}]}
Berhasil kirim balasan ke "responServer_2309G004"

[2025-04-09 12:34:40]
Menerima pesan dari: dariMCU_2309G004 - Pesan: {"nokartu":"733D32FF","idchip":"14375838","nodevice":"2309G004","key":"1234567890987654321","ipa":"10.31.0.4"}
[2025-04-09 12:34:40]
Berhasil merespon "dariMCU_2309G004" : {"respon":[{"id":"14375838","nodevice":"2309G004","message":"TBPS","info":"Hafidz Maulana Akbar--Tidak bisa melakukan presensi sekarang.","nokartu":"733D32FF"}]}
Berhasil kirim balasan ke "responServer_2309G004"

[2025-04-09 12:34:41]
Menerima pesan dari: dariMCU_2309G004 - Pesan: {"nokartu":"B30123FF","idchip":"14375838","nodevice":"2309G004","key":"1234567890987654321","ipa":"10.31.0.4"}
[2025-04-09 12:34:41]
Berhasil merespon "dariMCU_2309G004" : {"respon":[{"id":"14375838","nodevice":"2309G004","message":"TBPS","info":"Raysha Novasera--Tidak bisa melakukan presensi sekarang.","nokartu":"B30123FF"}]}
Berhasil kirim balasan ke "responServer_2309G004"

[2025-04-09 12:34:46]
Menerima pesan dari: dariMCU_2309G004 - Pesan: {"nokartu":"733D32FF","idchip":"14375838","nodevice":"2309G004","key":"1234567890987654321","ipa":"10.31.0.4"}
[2025-04-09 12:34:46]
Berhasil merespon "dariMCU_2309G004" : {"respon":[{"id":"14375838","nodevice":"2309G004","message":"TBPS","info":"Hafidz Maulana Akbar--Tidak bisa melakukan presensi sekarang.","nokartu":"733D32FF"}]}
Berhasil kirim balasan ke "responServer_2309G004"

[2025-04-09 12:37:44]
Menerima pesan dari: dariMCU_2309G004 - Pesan: {"nokartu":"A39066E4","idchip":"14375838","nodevice":"2309G004","key":"1234567890987654321","ipa":"10.31.0.4"}
[2025-04-09 12:37:44]
Berhasil merespon "dariMCU_2309G004" : {"respon":[{"id":"14375838","nodevice":"2309G004","message":"TBPS","info":"Muhammad Mahiib Nawaaf Faiz--Tidak bisa melakukan presensi sekarang.","nokartu":"A39066E4"}]}
Berhasil kirim balasan ke "responServer_2309G004"

[2025-04-09 12:37:55]
Menerima pesan dari: dariMCU_2309G004 - Pesan: {"nokartu":"F311F4E4","idchip":"14375838","nodevice":"2309G004","key":"1234567890987654321","ipa":"10.31.0.4"}
[2025-04-09 12:37:55]
Berhasil merespon "dariMCU_2309G004" : {"respon":[{"id":"14375838","nodevice":"2309G004","message":"TBPS","info":"Mario Samosyir Akbar--Tidak bisa melakukan presensi sekarang.","nokartu":"F311F4E4"}]}
Berhasil kirim balasan ke "responServer_2309G004"

[2025-04-09 12:42:21]
Menerima pesan dari: dariMCU_2309G004 - Pesan: {"nokartu":"C38C0BFE","idchip":"14375838","nodevice":"2309G004","key":"1234567890987654321","ipa":"10.31.0.4"}
[2025-04-09 12:42:21]
Berhasil merespon "dariMCU_2309G004" : {"respon":[{"id":"14375838","nodevice":"2309G004","message":"TBPS","info":"Viana Zahra--Tidak bisa melakukan presensi sekarang.","nokartu":"C38C0BFE"}]}
Berhasil kirim balasan ke "responServer_2309G004"

[2025-04-09 12:42:27]
Menerima pesan dari: dariMCU_2309G004 - Pesan: {"nokartu":"C3A01AFE","idchip":"14375838","nodevice":"2309G004","key":"1234567890987654321","ipa":"10.31.0.4"}
[2025-04-09 12:42:27]
Berhasil merespon "dariMCU_2309G004" : {"respon":[{"id":"14375838","nodevice":"2309G004","message":"TBPS","info":"Dini Dwi Ariyanti--Tidak bisa melakukan presensi sekarang.","nokartu":"C3A01AFE"}]}
Berhasil kirim balasan ke "responServer_2309G004"

[2025-04-09 12:42:33]
Menerima pesan dari: dariMCU_2309G004 - Pesan: {"nokartu":"C3A01AFE","idchip":"14375838","nodevice":"2309G004","key":"1234567890987654321","ipa":"10.31.0.4"}
[2025-04-09 12:42:33]
Berhasil merespon "dariMCU_2309G004" : {"respon":[{"id":"14375838","nodevice":"2309G004","message":"TBPS","info":"Dini Dwi Ariyanti--Tidak bisa melakukan presensi sekarang.","nokartu":"C3A01AFE"}]}
Berhasil kirim balasan ke "responServer_2309G004"

[2025-04-09 12:42:42]
Menerima pesan dari: dariMCU_2309G004 - Pesan: {"nokartu":"13087BE2","idchip":"14375838","nodevice":"2309G004","key":"1234567890987654321","ipa":"10.31.0.4"}
[2025-04-09 12:42:42]
Berhasil merespon "dariMCU_2309G004" : {"respon":[{"id":"14375838","nodevice":"2309G004","message":"TBPS","info":"Puspa Indah Karismatika--Tidak bisa melakukan presensi sekarang.","nokartu":"13087BE2"}]}
Berhasil kirim balasan ke "responServer_2309G004"

[2025-04-09 12:42:49]
Menerima pesan dari: dariMCU_2309G004 - Pesan: {"nokartu":"F314E0E4","idchip":"14375838","nodevice":"2309G004","key":"1234567890987654321","ipa":"10.31.0.4"}
[2025-04-09 12:42:49]
Berhasil merespon "dariMCU_2309G004" : {"respon":[{"id":"14375838","nodevice":"2309G004","message":"TBPS","info":"Neisa Chilmi Ristia--Tidak bisa melakukan presensi sekarang.","nokartu":"F314E0E4"}]}
Berhasil kirim balasan ke "responServer_2309G004"

[2025-04-09 12:42:54]
Menerima pesan dari: dariMCU_2309G004 - Pesan: {"nokartu":"F311A8E2","idchip":"14375838","nodevice":"2309G004","key":"1234567890987654321","ipa":"10.31.0.4"}
[2025-04-09 12:42:54]
Berhasil merespon "dariMCU_2309G004" : {"respon":[{"id":"14375838","nodevice":"2309G004","message":"TBPS","info":"Saida Nuri Himaya--Tidak bisa melakukan presensi sekarang.","nokartu":"F311A8E2"}]}
Berhasil kirim balasan ke "responServer_2309G004"

[2025-04-09 12:43:00]
Menerima pesan dari: dariMCU_2309G004 - Pesan: {"nokartu":"F311A8E2","idchip":"14375838","nodevice":"2309G004","key":"1234567890987654321","ipa":"10.31.0.4"}
[2025-04-09 12:43:00]
Berhasil merespon "dariMCU_2309G004" : {"respon":[{"id":"14375838","nodevice":"2309G004","message":"TBPS","info":"Saida Nuri Himaya--Tidak bisa melakukan presensi sekarang.","nokartu":"F311A8E2"}]}
Berhasil kirim balasan ke "responServer_2309G004"

[2025-04-09 12:43:15]
Menerima pesan dari: dariMCU_2309G004 - Pesan: {"nokartu":"B3C6F2E4","idchip":"14375838","nodevice":"2309G004","key":"1234567890987654321","ipa":"10.31.0.4"}
[2025-04-09 12:43:15]
Berhasil merespon "dariMCU_2309G004" : {"respon":[{"id":"14375838","nodevice":"2309G004","message":"TBPS","info":"Aira Putri--Tidak bisa melakukan presensi sekarang.","nokartu":"B3C6F2E4"}]}
Berhasil kirim balasan ke "responServer_2309G004"

[2025-04-09 12:43:18]
Menerima pesan dari: dariMCU_2309G004 - Pesan: {"nokartu":"B3C6F2E4","idchip":"14375838","nodevice":"2309G004","key":"1234567890987654321","ipa":"10.31.0.4"}
[2025-04-09 12:43:18]
Berhasil merespon "dariMCU_2309G004" : {"respon":[{"id":"14375838","nodevice":"2309G004","message":"TBPS","info":"Aira Putri--Tidak bisa melakukan presensi sekarang.","nokartu":"B3C6F2E4"}]}
Berhasil kirim balasan ke "responServer_2309G004"

[2025-04-09 12:43:23]
Menerima pesan dari: dariMCU_2309G004 - Pesan: {"nokartu":"03B866E4","idchip":"14375838","nodevice":"2309G004","key":"1234567890987654321","ipa":"10.31.0.4"}
[2025-04-09 12:43:23]
Berhasil merespon "dariMCU_2309G004" : {"respon":[{"id":"14375838","nodevice":"2309G004","message":"TBPS","info":"Syifa Nur Alifa--Tidak bisa melakukan presensi sekarang.","nokartu":"03B866E4"}]}
Berhasil kirim balasan ke "responServer_2309G004"

[2025-04-09 12:43:24]
Menerima pesan dari: dariMCU_2309G004 - Pesan: {"nokartu":"03B866E4","idchip":"14375838","nodevice":"2309G004","key":"1234567890987654321","ipa":"10.31.0.4"}
[2025-04-09 12:43:24]
Berhasil merespon "dariMCU_2309G004" : {"respon":[{"id":"14375838","nodevice":"2309G004","message":"TBPS","info":"Syifa Nur Alifa--Tidak bisa melakukan presensi sekarang.","nokartu":"03B866E4"}]}
Berhasil kirim balasan ke "responServer_2309G004"

[2025-04-09 12:43:31]
Menerima pesan dari: dariMCU_2309G004 - Pesan: {"nokartu":"6398FBE4","idchip":"14375838","nodevice":"2309G004","key":"1234567890987654321","ipa":"10.31.0.4"}
[2025-04-09 12:43:31]
Berhasil merespon "dariMCU_2309G004" : {"respon":[{"id":"14375838","nodevice":"2309G004","message":"TBPS","info":"Riska Yolanda--Tidak bisa melakukan presensi sekarang.","nokartu":"6398FBE4"}]}
Berhasil kirim balasan ke "responServer_2309G004"

[2025-04-09 12:44:59]
Menerima pesan dari: dariMCU_2309G004 - Pesan: {"nokartu":"131701E3","idchip":"14375838","nodevice":"2309G004","key":"1234567890987654321","ipa":"10.31.0.4"}
[2025-04-09 12:44:59]
Berhasil merespon "dariMCU_2309G004" : {"respon":[{"id":"14375838","nodevice":"2309G004","message":"TBPS","info":"Afra Pramudya Haswan Yusufpranowo--Tidak bisa melakukan presensi sekarang.","nokartu":"131701E3"}]}
Berhasil kirim balasan ke "responServer_2309G004"

[2025-04-09 12:47:32]
Menerima pesan dari: dariMCU_2309G004 - Pesan: {"nokartu":"B35C22FF","idchip":"14375838","nodevice":"2309G004","key":"1234567890987654321","ipa":"10.31.0.4"}
[2025-04-09 12:47:32]
Berhasil merespon "dariMCU_2309G004" : {"respon":[{"id":"14375838","nodevice":"2309G004","message":"TBPS","info":"Ariyani Saputri--Tidak bisa melakukan presensi sekarang.","nokartu":"B35C22FF"}]}
Berhasil kirim balasan ke "responServer_2309G004"

[2025-04-09 12:47:42]
Menerima pesan dari: dariMCU_2309G004 - Pesan: {"nokartu":"B35C22FF","idchip":"14375838","nodevice":"2309G004","key":"1234567890987654321","ipa":"10.31.0.4"}
[2025-04-09 12:47:42]
Berhasil merespon "dariMCU_2309G004" : {"respon":[{"id":"14375838","nodevice":"2309G004","message":"TBPS","info":"Ariyani Saputri--Tidak bisa melakukan presensi sekarang.","nokartu":"B35C22FF"}]}
Berhasil kirim balasan ke "responServer_2309G004"

[2025-04-09 12:47:47]
Menerima pesan dari: dariMCU_2309G004 - Pesan: {"nokartu":"B35C22FF","idchip":"14375838","nodevice":"2309G004","key":"1234567890987654321","ipa":"10.31.0.4"}
[2025-04-09 12:47:47]
Berhasil merespon "dariMCU_2309G004" : {"respon":[{"id":"14375838","nodevice":"2309G004","message":"TBPS","info":"Ariyani Saputri--Tidak bisa melakukan presensi sekarang.","nokartu":"B35C22FF"}]}
Berhasil kirim balasan ke "responServer_2309G004"

[2025-04-09 12:47:52]
Menerima pesan dari: dariMCU_2309G004 - Pesan: {"nokartu":"236F14FF","idchip":"14375838","nodevice":"2309G004","key":"1234567890987654321","ipa":"10.31.0.4"}
[2025-04-09 12:47:52]
Berhasil merespon "dariMCU_2309G004" : {"respon":[{"id":"14375838","nodevice":"2309G004","message":"TBPS","info":"Dista Erla Dia--Tidak bisa melakukan presensi sekarang.","nokartu":"236F14FF"}]}
Berhasil kirim balasan ke "responServer_2309G004"

[2025-04-09 12:48:24]
Menerima pesan dari: dariMCU_2309G004 - Pesan: {"nokartu":"639FAAE2","idchip":"14375838","nodevice":"2309G004","key":"1234567890987654321","ipa":"10.31.0.4"}
[2025-04-09 12:48:24]
Berhasil merespon "dariMCU_2309G004" : {"respon":[{"id":"14375838","nodevice":"2309G004","message":"TBPS","info":"Ana Meilia Solichah--Tidak bisa melakukan presensi sekarang.","nokartu":"639FAAE2"}]}
Berhasil kirim balasan ke "responServer_2309G004"

[2025-04-09 12:48:31]
Menerima pesan dari: dariMCU_2309G004 - Pesan: {"nokartu":"23CFF7E2","idchip":"14375838","nodevice":"2309G004","key":"1234567890987654321","ipa":"10.31.0.4"}
[2025-04-09 12:48:31]
Berhasil merespon "dariMCU_2309G004" : {"respon":[{"id":"14375838","nodevice":"2309G004","message":"TBPS","info":"Ira Ramadhani--Tidak bisa melakukan presensi sekarang.","nokartu":"23CFF7E2"}]}
Berhasil kirim balasan ke "responServer_2309G004"

[2025-04-09 12:50:45]
Menerima pesan dari: dariMCU_2309G004 - Pesan: {"nokartu":"737931FF","idchip":"14375838","nodevice":"2309G004","key":"1234567890987654321","ipa":"10.31.0.4"}
[2025-04-09 12:50:45]
Berhasil merespon "dariMCU_2309G004" : {"respon":[{"id":"14375838","nodevice":"2309G004","message":"TBPS","info":"Farel Ardian--Tidak bisa melakukan presensi sekarang.","nokartu":"737931FF"}]}
Berhasil kirim balasan ke "responServer_2309G004"

[2025-04-09 13:21:05]
Menerima pesan dari: dariMCU_2309G004 - Pesan: {"nokartu":"4352B2E2","idchip":"14375838","nodevice":"2309G004","key":"1234567890987654321","ipa":"10.31.0.4"}
[2025-04-09 13:21:05]
Berhasil merespon "dariMCU_2309G004" : {"respon":[{"id":"14375838","nodevice":"2309G004","message":"TBPS","info":"Adi Risky Wijaya--Tidak bisa melakukan presensi sekarang.","nokartu":"4352B2E2"}]}
Berhasil kirim balasan ke "responServer_2309G004"

[2025-04-09 13:21:10]
Menerima pesan dari: dariMCU_2309G004 - Pesan: {"nokartu":"63A2ECE4","idchip":"14375838","nodevice":"2309G004","key":"1234567890987654321","ipa":"10.31.0.4"}
[2025-04-09 13:21:10]
Berhasil merespon "dariMCU_2309G004" : {"respon":[{"id":"14375838","nodevice":"2309G004","message":"TBPS","info":"Narendra Andrian Nova--Tidak bisa melakukan presensi sekarang.","nokartu":"63A2ECE4"}]}
Berhasil kirim balasan ke "responServer_2309G004"

