[2024-08-22 06:40:09]
Menerima pesan dari: dariMCU_2309G004 - Pesan: {"nokartu":"D4CF7351","idchip":"14375838","nodevice":"2309G004","key":"1234567890987654321","ipa":"10.31.1.217"}
[2024-08-22 06:40:09]
Berhasil merespon "dariMCU_2309G004" : {"respon":[{"id":"14375838","nodevice":"2309G004","message":"BMPM","info":"Fieandra Cahya Agustin--Berhasil Presensi","nokartu":"D4CF7351"}]}
Berhasil kirim balasan ke "responServer_2309G004"

[2024-08-22 06:45:35]
Menerima pesan dari: dariMCU_2309G004 - Pesan: {"nokartu":"54598651","idchip":"14375838","nodevice":"2309G004","key":"1234567890987654321","ipa":"10.31.1.217"}
[2024-08-22 06:45:35]
Berhasil merespon "dariMCU_2309G004" : {"respon":[{"id":"14375838","nodevice":"2309G004","message":"BMPM","info":"Airin Widyastuti--Berhasil Presensi","nokartu":"54598651"}]}
Berhasil kirim balasan ke "responServer_2309G004"

[2024-08-22 06:47:42]
Menerima pesan dari: dariMCU_2309G004 - Pesan: {"nokartu":"C47E6E51","idchip":"14375838","nodevice":"2309G004","key":"1234567890987654321","ipa":"10.31.1.217"}
[2024-08-22 06:47:42]
Berhasil merespon "dariMCU_2309G004" : {"respon":[{"id":"14375838","nodevice":"2309G004","message":"BMPM","info":"Naesah Aliska--Berhasil Presensi","nokartu":"C47E6E51"}]}
Berhasil kirim balasan ke "responServer_2309G004"

[2024-08-22 06:47:43]
Menerima pesan dari: dariMCU_2309G004 - Pesan: {"nokartu":"C47E6E51","idchip":"14375838","nodevice":"2309G004","key":"1234567890987654321","ipa":"10.31.1.217"}
[2024-08-22 06:47:43]
Berhasil merespon "dariMCU_2309G004" : {"respon":[{"id":"14375838","nodevice":"2309G004","message":"SMPM","info":"Naesah Aliska--Anda Sudah melakukan Presensi","nokartu":"C47E6E51"}]}
Berhasil kirim balasan ke "responServer_2309G004"

[2024-08-22 06:47:47]
Menerima pesan dari: dariMCU_2309G004 - Pesan: {"nokartu":"04B68A51","idchip":"14375838","nodevice":"2309G004","key":"1234567890987654321","ipa":"10.31.1.217"}
[2024-08-22 06:47:47]
Berhasil merespon "dariMCU_2309G004" : {"respon":[{"id":"14375838","nodevice":"2309G004","message":"BMPM","info":"Eka Setya Sari--Berhasil Presensi","nokartu":"04B68A51"}]}
Berhasil kirim balasan ke "responServer_2309G004"

[2024-08-22 06:48:02]
Menerima pesan dari: dariMCU_2309G004 - Pesan: {"nokartu":"44335D51","idchip":"14375838","nodevice":"2309G004","key":"1234567890987654321","ipa":"10.31.1.217"}
[2024-08-22 06:48:02]
Berhasil merespon "dariMCU_2309G004" : {"respon":[{"id":"14375838","nodevice":"2309G004","message":"BMPM","info":"Saskya Gita Rahmadani--Berhasil Presensi","nokartu":"44335D51"}]}
Berhasil kirim balasan ke "responServer_2309G004"

[2024-08-22 06:48:10]
Menerima pesan dari: dariMCU_2309G004 - Pesan: {"nokartu":"D4305C51","idchip":"14375838","nodevice":"2309G004","key":"1234567890987654321","ipa":"10.31.1.217"}
[2024-08-22 06:48:10]
Berhasil merespon "dariMCU_2309G004" : {"respon":[{"id":"14375838","nodevice":"2309G004","message":"BMPM","info":"Fawas Lintang Hayyan--Berhasil Presensi","nokartu":"D4305C51"}]}
Berhasil kirim balasan ke "responServer_2309G004"

[2024-08-22 06:48:20]
Menerima pesan dari: dariMCU_2309G004 - Pesan: {"nokartu":"34CC6351","idchip":"14375838","nodevice":"2309G004","key":"1234567890987654321","ipa":"10.31.1.217"}
[2024-08-22 06:48:20]
Berhasil merespon "dariMCU_2309G004" : {"respon":[{"id":"14375838","nodevice":"2309G004","message":"BMPM","info":"Yofi Agustin--Berhasil Presensi","nokartu":"34CC6351"}]}
Berhasil kirim balasan ke "responServer_2309G004"

[2024-08-22 06:51:56]
Menerima pesan dari: dariMCU_2309G004 - Pesan: {"nokartu":"14FD9651","idchip":"14375838","nodevice":"2309G004","key":"1234567890987654321","ipa":"10.31.1.217"}
[2024-08-22 06:51:56]
Berhasil merespon "dariMCU_2309G004" : {"respon":[{"id":"14375838","nodevice":"2309G004","message":"BMPM","info":"Arma Diyana--Berhasil Presensi","nokartu":"14FD9651"}]}
Berhasil kirim balasan ke "responServer_2309G004"

[2024-08-22 06:51:58]
Menerima pesan dari: dariMCU_2309G004 - Pesan: {"nokartu":"A4069051","idchip":"14375838","nodevice":"2309G004","key":"1234567890987654321","ipa":"10.31.1.217"}
[2024-08-22 06:51:58]
Berhasil merespon "dariMCU_2309G004" : {"respon":[{"id":"14375838","nodevice":"2309G004","message":"BMPM","info":"Fauziah Jadwa Nur Ngaini--Berhasil Presensi","nokartu":"A4069051"}]}
Berhasil kirim balasan ke "responServer_2309G004"

[2024-08-22 06:53:38]
Menerima pesan dari: dariMCU_2309G004 - Pesan: {"nokartu":"C45F8C51","idchip":"14375838","nodevice":"2309G004","key":"1234567890987654321","ipa":"10.31.1.217"}
[2024-08-22 06:53:38]
Berhasil merespon "dariMCU_2309G004" : {"respon":[{"id":"14375838","nodevice":"2309G004","message":"BMPM","info":"Novita Aristiani--Berhasil Presensi","nokartu":"C45F8C51"}]}
Berhasil kirim balasan ke "responServer_2309G004"

[2024-08-22 06:53:41]
Menerima pesan dari: dariMCU_2309G004 - Pesan: {"nokartu":"A48E9851","idchip":"14375838","nodevice":"2309G004","key":"1234567890987654321","ipa":"10.31.1.217"}
[2024-08-22 06:53:41]
Berhasil merespon "dariMCU_2309G004" : {"respon":[{"id":"14375838","nodevice":"2309G004","message":"BMPM","info":"Imel Nur Rosasmita--Berhasil Presensi","nokartu":"A48E9851"}]}
Berhasil kirim balasan ke "responServer_2309G004"

[2024-08-22 06:53:52]
Menerima pesan dari: dariMCU_2309G004 - Pesan: {"nokartu":"64968E51","idchip":"14375838","nodevice":"2309G004","key":"1234567890987654321","ipa":"10.31.1.217"}
[2024-08-22 06:53:52]
Berhasil merespon "dariMCU_2309G004" : {"respon":[{"id":"14375838","nodevice":"2309G004","message":"BMPM","info":"Lisa Dwi Pricylia--Berhasil Presensi","nokartu":"64968E51"}]}
Berhasil kirim balasan ke "responServer_2309G004"

[2024-08-22 06:54:57]
Menerima pesan dari: dariMCU_2309G004 - Pesan: {"nokartu":"C4099551","idchip":"14375838","nodevice":"2309G004","key":"1234567890987654321","ipa":"10.31.1.217"}
[2024-08-22 06:54:57]
Berhasil merespon "dariMCU_2309G004" : {"respon":[{"id":"14375838","nodevice":"2309G004","message":"BMPM","info":"Nathaniela Ajeng Kafina--Berhasil Presensi","nokartu":"C4099551"}]}
Berhasil kirim balasan ke "responServer_2309G004"

[2024-08-22 06:55:01]
Menerima pesan dari: dariMCU_2309G004 - Pesan: {"nokartu":"74D48751","idchip":"14375838","nodevice":"2309G004","key":"1234567890987654321","ipa":"10.31.1.217"}
[2024-08-22 06:55:01]
Berhasil merespon "dariMCU_2309G004" : {"respon":[{"id":"14375838","nodevice":"2309G004","message":"BMPM","info":"Fisah Duwi Novitasari--Berhasil Presensi","nokartu":"74D48751"}]}
Berhasil kirim balasan ke "responServer_2309G004"

[2024-08-22 06:55:05]
Menerima pesan dari: dariMCU_2309G004 - Pesan: {"nokartu":"64468751","idchip":"14375838","nodevice":"2309G004","key":"1234567890987654321","ipa":"10.31.1.217"}
[2024-08-22 06:55:05]
Berhasil merespon "dariMCU_2309G004" : {"respon":[{"id":"14375838","nodevice":"2309G004","message":"BMPM","info":"Reni Yulianti--Berhasil Presensi","nokartu":"64468751"}]}
Berhasil kirim balasan ke "responServer_2309G004"

[2024-08-22 06:55:20]
Menerima pesan dari: dariMCU_2309G004 - Pesan: {"nokartu":"74E88851","idchip":"14375838","nodevice":"2309G004","key":"1234567890987654321","ipa":"10.31.1.217"}
[2024-08-22 06:55:20]
Berhasil merespon "dariMCU_2309G004" : {"respon":[{"id":"14375838","nodevice":"2309G004","message":"BMPM","info":"Surya Putra Ramandhito--Berhasil Presensi","nokartu":"74E88851"}]}
Berhasil kirim balasan ke "responServer_2309G004"

[2024-08-22 06:55:26]
Menerima pesan dari: dariMCU_2309G004 - Pesan: {"nokartu":"C4BF9851","idchip":"14375838","nodevice":"2309G004","key":"1234567890987654321","ipa":"10.31.1.217"}
[2024-08-22 06:55:26]
Berhasil merespon "dariMCU_2309G004" : {"respon":[{"id":"14375838","nodevice":"2309G004","message":"BMPM","info":"Alesa Naura Medina--Berhasil Presensi","nokartu":"C4BF9851"}]}
Berhasil kirim balasan ke "responServer_2309G004"

[2024-08-22 06:56:12]
Menerima pesan dari: dariMCU_2309G004 - Pesan: {"nokartu":"C4EE8751","idchip":"14375838","nodevice":"2309G004","key":"1234567890987654321","ipa":"10.31.1.217"}
[2024-08-22 06:56:12]
Berhasil merespon "dariMCU_2309G004" : {"respon":[{"id":"14375838","nodevice":"2309G004","message":"BMPM","info":"Aulia Dewi Ardhani--Berhasil Presensi","nokartu":"C4EE8751"}]}
Berhasil kirim balasan ke "responServer_2309G004"

[2024-08-22 06:56:15]
Menerima pesan dari: dariMCU_2309G004 - Pesan: {"nokartu":"34228451","idchip":"14375838","nodevice":"2309G004","key":"1234567890987654321","ipa":"10.31.1.217"}
[2024-08-22 06:56:15]
Berhasil merespon "dariMCU_2309G004" : {"respon":[{"id":"14375838","nodevice":"2309G004","message":"BMPM","info":"Arum Ning Tyas--Berhasil Presensi","nokartu":"34228451"}]}
Berhasil kirim balasan ke "responServer_2309G004"

[2024-08-22 06:56:28]
Menerima pesan dari: dariMCU_2309G004 - Pesan: {"nokartu":"14769051","idchip":"14375838","nodevice":"2309G004","key":"1234567890987654321","ipa":"10.31.1.217"}
[2024-08-22 06:56:28]
Berhasil merespon "dariMCU_2309G004" : {"respon":[{"id":"14375838","nodevice":"2309G004","message":"BMPM","info":"Najla Aisya--Berhasil Presensi","nokartu":"14769051"}]}
Berhasil kirim balasan ke "responServer_2309G004"

[2024-08-22 06:56:34]
Menerima pesan dari: dariMCU_2309G004 - Pesan: {"nokartu":"44D68E51","idchip":"14375838","nodevice":"2309G004","key":"1234567890987654321","ipa":"10.31.1.217"}
[2024-08-22 06:56:34]
Berhasil merespon "dariMCU_2309G004" : {"respon":[{"id":"14375838","nodevice":"2309G004","message":"BMPM","info":"Serlin Khafita--Berhasil Presensi","nokartu":"44D68E51"}]}
Berhasil kirim balasan ke "responServer_2309G004"

[2024-08-22 06:56:37]
Menerima pesan dari: dariMCU_2309G004 - Pesan: {"nokartu":"541F7451","idchip":"14375838","nodevice":"2309G004","key":"1234567890987654321","ipa":"10.31.1.217"}
[2024-08-22 06:56:37]
Berhasil merespon "dariMCU_2309G004" : {"respon":[{"id":"14375838","nodevice":"2309G004","message":"BMPM","info":"Anita Setyaningsih--Berhasil Presensi","nokartu":"541F7451"}]}
Berhasil kirim balasan ke "responServer_2309G004"

[2024-08-22 06:56:41]
Menerima pesan dari: dariMCU_2309G004 - Pesan: {"nokartu":"84689751","idchip":"14375838","nodevice":"2309G004","key":"1234567890987654321","ipa":"10.31.1.217"}
[2024-08-22 06:56:41]
Berhasil merespon "dariMCU_2309G004" : {"respon":[{"id":"14375838","nodevice":"2309G004","message":"BMPM","info":"Jeni Sinta Aprilia--Berhasil Presensi","nokartu":"84689751"}]}
Berhasil kirim balasan ke "responServer_2309G004"

[2024-08-22 06:56:44]
Menerima pesan dari: dariMCU_2309G004 - Pesan: {"nokartu":"A4849151","idchip":"14375838","nodevice":"2309G004","key":"1234567890987654321","ipa":"10.31.1.217"}
[2024-08-22 06:56:44]
Berhasil merespon "dariMCU_2309G004" : {"respon":[{"id":"14375838","nodevice":"2309G004","message":"BMPM","info":"Vera Azzahra--Berhasil Presensi","nokartu":"A4849151"}]}
Berhasil kirim balasan ke "responServer_2309G004"

[2024-08-22 06:57:01]
Menerima pesan dari: dariMCU_2309G004 - Pesan: {"nokartu":"249D6551","idchip":"14375838","nodevice":"2309G004","key":"1234567890987654321","ipa":"10.31.1.217"}
[2024-08-22 06:57:01]
Berhasil merespon "dariMCU_2309G004" : {"respon":[{"id":"14375838","nodevice":"2309G004","message":"BMPM","info":"Adhine Auditya Santoso--Berhasil Presensi","nokartu":"249D6551"}]}
Berhasil kirim balasan ke "responServer_2309G004"

[2024-08-22 06:57:18]
Menerima pesan dari: dariMCU_2309G004 - Pesan: {"nokartu":"E4716451","idchip":"14375838","nodevice":"2309G004","key":"1234567890987654321","ipa":"10.31.1.217"}
[2024-08-22 06:57:18]
Berhasil merespon "dariMCU_2309G004" : {"respon":[{"id":"14375838","nodevice":"2309G004","message":"BMPM","info":"Aninda Adzalea Anggraeni--Berhasil Presensi","nokartu":"E4716451"}]}
Berhasil kirim balasan ke "responServer_2309G004"

[2024-08-22 06:57:18]
Menerima pesan dari: dariMCU_2309G004 - Pesan: {"nokartu":"E4716451","idchip":"14375838","nodevice":"2309G004","key":"1234567890987654321","ipa":"10.31.1.217"}
[2024-08-22 06:57:18]
Berhasil merespon "dariMCU_2309G004" : {"respon":[{"id":"14375838","nodevice":"2309G004","message":"SMPM","info":"Aninda Adzalea Anggraeni--Anda Sudah melakukan Presensi","nokartu":"E4716451"}]}
Berhasil kirim balasan ke "responServer_2309G004"

[2024-08-22 06:57:22]
Menerima pesan dari: dariMCU_2309G004 - Pesan: {"nokartu":"140F8751","idchip":"14375838","nodevice":"2309G004","key":"1234567890987654321","ipa":"10.31.1.217"}
[2024-08-22 06:57:22]
Berhasil merespon "dariMCU_2309G004" : {"respon":[{"id":"14375838","nodevice":"2309G004","message":"BMPM","info":"Ise Rezeki Agestia--Berhasil Presensi","nokartu":"140F8751"}]}
Berhasil kirim balasan ke "responServer_2309G004"

[2024-08-22 06:57:27]
Menerima pesan dari: dariMCU_2309G004 - Pesan: {"nokartu":"14EB9151","idchip":"14375838","nodevice":"2309G004","key":"1234567890987654321","ipa":"10.31.1.217"}
[2024-08-22 06:57:27]
Berhasil merespon "dariMCU_2309G004" : {"respon":[{"id":"14375838","nodevice":"2309G004","message":"BMPM","info":"Della Silviana--Berhasil Presensi","nokartu":"14EB9151"}]}
Berhasil kirim balasan ke "responServer_2309G004"

[2024-08-22 06:57:30]
Menerima pesan dari: dariMCU_2309G004 - Pesan: {"nokartu":"944E8651","idchip":"14375838","nodevice":"2309G004","key":"1234567890987654321","ipa":"10.31.1.217"}
[2024-08-22 06:57:30]
Berhasil merespon "dariMCU_2309G004" : {"respon":[{"id":"14375838","nodevice":"2309G004","message":"BMPM","info":"Selvi Rahmawati--Berhasil Presensi","nokartu":"944E8651"}]}
Berhasil kirim balasan ke "responServer_2309G004"

[2024-08-22 06:58:11]
Menerima pesan dari: dariMCU_2309G004 - Pesan: {"nokartu":"A44F9351","idchip":"14375838","nodevice":"2309G004","key":"1234567890987654321","ipa":"10.31.1.217"}
[2024-08-22 06:58:11]
Berhasil merespon "dariMCU_2309G004" : {"respon":[{"id":"14375838","nodevice":"2309G004","message":"BMPM","info":"Dwi Cahyanti Febryana--Berhasil Presensi","nokartu":"A44F9351"}]}
Berhasil kirim balasan ke "responServer_2309G004"

[2024-08-22 06:58:12]
Menerima pesan dari: dariMCU_2309G004 - Pesan: {"nokartu":"A44F9351","idchip":"14375838","nodevice":"2309G004","key":"1234567890987654321","ipa":"10.31.1.217"}
[2024-08-22 06:58:12]
Berhasil merespon "dariMCU_2309G004" : {"respon":[{"id":"14375838","nodevice":"2309G004","message":"SMPM","info":"Dwi Cahyanti Febryana--Anda Sudah melakukan Presensi","nokartu":"A44F9351"}]}
Berhasil kirim balasan ke "responServer_2309G004"

[2024-08-22 07:00:18]
Menerima pesan dari: dariMCU_2309G001 - Pesan: {"nokartu":"74F97051","idchip":"4207734","nodevice":"2309G001","key":"1234567890987654321","ipa":"192.168.2.100"}
[2024-08-22 07:00:18]
Berhasil merespon "dariMCU_2309G001" : {"respon":[{"id":"4207734","nodevice":"2309G001","message":"BMPM","info":"Diandra Zahra Afita--Berhasil Presensi","nokartu":"74F97051"}]}
Berhasil kirim balasan ke "responServer_2309G001"

[2024-08-22 07:01:19]
Menerima pesan dari: dariMCU_2309G004 - Pesan: {"nokartu":"F4FA6B51","idchip":"14375838","nodevice":"2309G004","key":"1234567890987654321","ipa":"10.31.1.217"}
[2024-08-22 07:01:19]
Berhasil merespon "dariMCU_2309G004" : {"respon":[{"id":"14375838","nodevice":"2309G004","message":"BMPM","info":"Syafa Mukminati--Berhasil Presensi","nokartu":"F4FA6B51"}]}
Berhasil kirim balasan ke "responServer_2309G004"

[2024-08-22 07:02:04]
Menerima pesan dari: dariMCU_2309G004 - Pesan: {"nokartu":"F36B1210","idchip":"14375838","nodevice":"2309G004","key":"1234567890987654321","ipa":"10.31.1.217"}
[2024-08-22 07:02:04]
Berhasil merespon "dariMCU_2309G004" : {"respon":[{"id":"14375838","nodevice":"2309G004","message":"BMPM","info":"Yunita Maela Rahma--Berhasil Presensi","nokartu":"F36B1210"}]}
Berhasil kirim balasan ke "responServer_2309G004"

[2024-08-22 07:02:07]
Menerima pesan dari: dariMCU_2309G004 - Pesan: {"nokartu":"F36B1210","idchip":"14375838","nodevice":"2309G004","key":"1234567890987654321","ipa":"10.31.1.217"}
[2024-08-22 07:02:07]
Berhasil merespon "dariMCU_2309G004" : {"respon":[{"id":"14375838","nodevice":"2309G004","message":"SMPM","info":"Yunita Maela Rahma--Anda Sudah melakukan Presensi","nokartu":"F36B1210"}]}
Berhasil kirim balasan ke "responServer_2309G004"

[2024-08-22 07:02:11]
Menerima pesan dari: dariMCU_2309G004 - Pesan: {"nokartu":"C49D8551","idchip":"14375838","nodevice":"2309G004","key":"1234567890987654321","ipa":"10.31.1.217"}
[2024-08-22 07:02:11]
Berhasil merespon "dariMCU_2309G004" : {"respon":[{"id":"14375838","nodevice":"2309G004","message":"BMPM","info":"Disca Ayu Ramandita--Berhasil Presensi","nokartu":"C49D8551"}]}
Berhasil kirim balasan ke "responServer_2309G004"

[2024-08-22 07:02:13]
Menerima pesan dari: dariMCU_2309G004 - Pesan: {"nokartu":"84EB8D51","idchip":"14375838","nodevice":"2309G004","key":"1234567890987654321","ipa":"10.31.1.217"}
[2024-08-22 07:02:13]
Berhasil merespon "dariMCU_2309G004" : {"respon":[{"id":"14375838","nodevice":"2309G004","message":"BMPM","info":"Latifatul Azizah--Berhasil Presensi","nokartu":"84EB8D51"}]}
Berhasil kirim balasan ke "responServer_2309G004"

[2024-08-22 07:02:16]
Menerima pesan dari: dariMCU_2309G004 - Pesan: {"nokartu":"949F8B51","idchip":"14375838","nodevice":"2309G004","key":"1234567890987654321","ipa":"10.31.1.217"}
[2024-08-22 07:02:16]
Berhasil merespon "dariMCU_2309G004" : {"respon":[{"id":"14375838","nodevice":"2309G004","message":"BMPM","info":"Risna Septy Anggraeni--Berhasil Presensi","nokartu":"949F8B51"}]}
Berhasil kirim balasan ke "responServer_2309G004"

[2024-08-22 07:02:19]
Menerima pesan dari: dariMCU_2309G004 - Pesan: {"nokartu":"949F8B51","idchip":"14375838","nodevice":"2309G004","key":"1234567890987654321","ipa":"10.31.1.217"}
[2024-08-22 07:02:19]
Berhasil merespon "dariMCU_2309G004" : {"respon":[{"id":"14375838","nodevice":"2309G004","message":"SMPM","info":"Risna Septy Anggraeni--Anda Sudah melakukan Presensi","nokartu":"949F8B51"}]}
Berhasil kirim balasan ke "responServer_2309G004"

[2024-08-22 07:02:21]
Menerima pesan dari: dariMCU_2309G004 - Pesan: {"nokartu":"949F8B51","idchip":"14375838","nodevice":"2309G004","key":"1234567890987654321","ipa":"10.31.1.217"}
[2024-08-22 07:02:21]
Berhasil merespon "dariMCU_2309G004" : {"respon":[{"id":"14375838","nodevice":"2309G004","message":"SMPM","info":"Risna Septy Anggraeni--Anda Sudah melakukan Presensi","nokartu":"949F8B51"}]}
Berhasil kirim balasan ke "responServer_2309G004"

[2024-08-22 07:02:24]
Menerima pesan dari: dariMCU_2309G004 - Pesan: {"nokartu":"64B89651","idchip":"14375838","nodevice":"2309G004","key":"1234567890987654321","ipa":"10.31.1.217"}
[2024-08-22 07:02:24]
Berhasil merespon "dariMCU_2309G004" : {"respon":[{"id":"14375838","nodevice":"2309G004","message":"BMPM","info":"Eliya Kusumawati--Berhasil Presensi","nokartu":"64B89651"}]}
Berhasil kirim balasan ke "responServer_2309G004"

[2024-08-22 07:02:28]
Menerima pesan dari: dariMCU_2309G004 - Pesan: {"nokartu":"847D8951","idchip":"14375838","nodevice":"2309G004","key":"1234567890987654321","ipa":"10.31.1.217"}
[2024-08-22 07:02:28]
Berhasil merespon "dariMCU_2309G004" : {"respon":[{"id":"14375838","nodevice":"2309G004","message":"BMPM","info":"Nadea Pratiwi--Berhasil Presensi","nokartu":"847D8951"}]}
Berhasil kirim balasan ke "responServer_2309G004"

[2024-08-22 07:02:29]
Menerima pesan dari: dariMCU_2309G004 - Pesan: {"nokartu":"84309051","idchip":"14375838","nodevice":"2309G004","key":"1234567890987654321","ipa":"10.31.1.217"}
[2024-08-22 07:02:29]
Berhasil merespon "dariMCU_2309G004" : {"respon":[{"id":"14375838","nodevice":"2309G004","message":"BMPM","info":"Agustin Fifiyana--Berhasil Presensi","nokartu":"84309051"}]}
Berhasil kirim balasan ke "responServer_2309G004"

[2024-08-22 07:02:32]
Menerima pesan dari: dariMCU_2309G004 - Pesan: {"nokartu":"64209851","idchip":"14375838","nodevice":"2309G004","key":"1234567890987654321","ipa":"10.31.1.217"}
[2024-08-22 07:02:32]
Berhasil merespon "dariMCU_2309G004" : {"respon":[{"id":"14375838","nodevice":"2309G004","message":"BMPM","info":"Anggun Bilbina Zahra--Berhasil Presensi","nokartu":"64209851"}]}
Berhasil kirim balasan ke "responServer_2309G004"

[2024-08-22 07:02:36]
Menerima pesan dari: dariMCU_2309G004 - Pesan: {"nokartu":"E4A89451","idchip":"14375838","nodevice":"2309G004","key":"1234567890987654321","ipa":"10.31.1.217"}
[2024-08-22 07:02:36]
Berhasil merespon "dariMCU_2309G004" : {"respon":[{"id":"14375838","nodevice":"2309G004","message":"BMPM","info":"Monera Julian Fahmida--Berhasil Presensi","nokartu":"E4A89451"}]}
Berhasil kirim balasan ke "responServer_2309G004"

[2024-08-22 07:02:39]
Menerima pesan dari: dariMCU_2309G004 - Pesan: {"nokartu":"847D8951","idchip":"14375838","nodevice":"2309G004","key":"1234567890987654321","ipa":"10.31.1.217"}
[2024-08-22 07:02:39]
Berhasil merespon "dariMCU_2309G004" : {"respon":[{"id":"14375838","nodevice":"2309G004","message":"SMPM","info":"Nadea Pratiwi--Anda Sudah melakukan Presensi","nokartu":"847D8951"}]}
Berhasil kirim balasan ke "responServer_2309G004"

[2024-08-22 07:02:40]
Menerima pesan dari: dariMCU_2309G004 - Pesan: {"nokartu":"84309051","idchip":"14375838","nodevice":"2309G004","key":"1234567890987654321","ipa":"10.31.1.217"}
[2024-08-22 07:02:40]
Berhasil merespon "dariMCU_2309G004" : {"respon":[{"id":"14375838","nodevice":"2309G004","message":"SMPM","info":"Agustin Fifiyana--Anda Sudah melakukan Presensi","nokartu":"84309051"}]}
Berhasil kirim balasan ke "responServer_2309G004"

[2024-08-22 07:03:06]
Menerima pesan dari: dariMCU_2309G004 - Pesan: {"nokartu":"94C89151","idchip":"14375838","nodevice":"2309G004","key":"1234567890987654321","ipa":"10.31.1.217"}
[2024-08-22 07:03:06]
Berhasil merespon "dariMCU_2309G004" : {"respon":[{"id":"14375838","nodevice":"2309G004","message":"BMPM","info":"Riyanti--Berhasil Presensi","nokartu":"94C89151"}]}
Berhasil kirim balasan ke "responServer_2309G004"

[2024-08-22 07:03:10]
Menerima pesan dari: dariMCU_2309G004 - Pesan: {"nokartu":"24275C51","idchip":"14375838","nodevice":"2309G004","key":"1234567890987654321","ipa":"10.31.1.217"}
[2024-08-22 07:03:10]
Berhasil merespon "dariMCU_2309G004" : {"respon":[{"id":"14375838","nodevice":"2309G004","message":"BMPM","info":"Muhammad A lam Maulana--Berhasil Presensi","nokartu":"24275C51"}]}
Berhasil kirim balasan ke "responServer_2309G004"

[2024-08-22 07:03:16]
Menerima pesan dari: dariMCU_2309G004 - Pesan: {"nokartu":"24275C51","idchip":"14375838","nodevice":"2309G004","key":"1234567890987654321","ipa":"10.31.1.217"}
[2024-08-22 07:03:16]
Berhasil merespon "dariMCU_2309G004" : {"respon":[{"id":"14375838","nodevice":"2309G004","message":"SMPM","info":"Muhammad A lam Maulana--Anda Sudah melakukan Presensi","nokartu":"24275C51"}]}
Berhasil kirim balasan ke "responServer_2309G004"

[2024-08-22 07:04:12]
Menerima pesan dari: dariMCU_2309G004 - Pesan: {"nokartu":"54A08951","idchip":"14375838","nodevice":"2309G004","key":"1234567890987654321","ipa":"10.31.1.217"}
[2024-08-22 07:04:12]
Berhasil merespon "dariMCU_2309G004" : {"respon":[{"id":"14375838","nodevice":"2309G004","message":"BMPM","info":"Lailatus Sarifa Rahmadhani--Berhasil Presensi","nokartu":"54A08951"}]}
Berhasil kirim balasan ke "responServer_2309G004"

[2024-08-22 07:04:15]
Menerima pesan dari: dariMCU_2309G004 - Pesan: {"nokartu":"54A08951","idchip":"14375838","nodevice":"2309G004","key":"1234567890987654321","ipa":"10.31.1.217"}
[2024-08-22 07:04:15]
Berhasil merespon "dariMCU_2309G004" : {"respon":[{"id":"14375838","nodevice":"2309G004","message":"SMPM","info":"Lailatus Sarifa Rahmadhani--Anda Sudah melakukan Presensi","nokartu":"54A08951"}]}
Berhasil kirim balasan ke "responServer_2309G004"

[2024-08-22 07:04:43]
Menerima pesan dari: dariMCU_2309G004 - Pesan: {"nokartu":"B4589851","idchip":"14375838","nodevice":"2309G004","key":"1234567890987654321","ipa":"10.31.1.217"}
[2024-08-22 07:04:43]
Berhasil merespon "dariMCU_2309G004" : {"respon":[{"id":"14375838","nodevice":"2309G004","message":"BMPM","info":"Kirana Dinda Tiara--Berhasil Presensi","nokartu":"B4589851"}]}
Berhasil kirim balasan ke "responServer_2309G004"

[2024-08-22 07:05:03]
Menerima pesan dari: dariMCU_2309G003 - Pesan: {"nokartu":"64F08951","idchip":"8008873","nodevice":"2309G003","key":"1234567890987654321","ipa":"10.10.17.32"}
[2024-08-22 07:05:03]
Berhasil merespon "dariMCU_2309G003" : {"respon":[{"id":"8008873","nodevice":"2309G003","message":"BMPM","info":"Anissa Dwi Martha--Berhasil Presensi","nokartu":"64F08951"}]}
Berhasil kirim balasan ke "responServer_2309G003"

[2024-08-22 07:05:09]
Menerima pesan dari: dariMCU_2309G003 - Pesan: {"nokartu":"64F08951","idchip":"8008873","nodevice":"2309G003","key":"1234567890987654321","ipa":"10.10.17.32"}
[2024-08-22 07:05:09]
Berhasil merespon "dariMCU_2309G003" : {"respon":[{"id":"8008873","nodevice":"2309G003","message":"SMPM","info":"Anissa Dwi Martha--Anda Sudah melakukan Presensi","nokartu":"64F08951"}]}
Berhasil kirim balasan ke "responServer_2309G003"

[2024-08-22 07:05:16]
Menerima pesan dari: dariMCU_2309G003 - Pesan: {"nokartu":"34708A51","idchip":"8008873","nodevice":"2309G003","key":"1234567890987654321","ipa":"10.10.17.32"}
[2024-08-22 07:05:16]
Berhasil merespon "dariMCU_2309G003" : {"respon":[{"id":"8008873","nodevice":"2309G003","message":"BMPM","info":"Wahyu Widayat--Berhasil Presensi","nokartu":"34708A51"}]}
Berhasil kirim balasan ke "responServer_2309G003"

[2024-08-22 07:05:18]
Menerima pesan dari: dariMCU_2309G004 - Pesan: {"nokartu":"64488551","idchip":"14375838","nodevice":"2309G004","key":"1234567890987654321","ipa":"10.31.1.217"}
[2024-08-22 07:05:18]
Berhasil merespon "dariMCU_2309G004" : {"respon":[{"id":"14375838","nodevice":"2309G004","message":"BMPM","info":"Widya Anggraeni Setianingsih--Berhasil Presensi","nokartu":"64488551"}]}
Berhasil kirim balasan ke "responServer_2309G004"

[2024-08-22 07:05:20]
Menerima pesan dari: dariMCU_2309G003 - Pesan: {"nokartu":"34708A51","idchip":"8008873","nodevice":"2309G003","key":"1234567890987654321","ipa":"10.10.17.32"}
[2024-08-22 07:05:20]
Berhasil merespon "dariMCU_2309G003" : {"respon":[{"id":"8008873","nodevice":"2309G003","message":"SMPM","info":"Wahyu Widayat--Anda Sudah melakukan Presensi","nokartu":"34708A51"}]}
Berhasil kirim balasan ke "responServer_2309G003"

[2024-08-22 07:05:22]
Menerima pesan dari: dariMCU_2309G004 - Pesan: {"nokartu":"04928751","idchip":"14375838","nodevice":"2309G004","key":"1234567890987654321","ipa":"10.31.1.217"}
[2024-08-22 07:05:22]
Berhasil merespon "dariMCU_2309G004" : {"respon":[{"id":"14375838","nodevice":"2309G004","message":"BMPM","info":"Wahyu Rahmadani--Berhasil Presensi","nokartu":"04928751"}]}
Berhasil kirim balasan ke "responServer_2309G004"

[2024-08-22 07:05:25]
Menerima pesan dari: dariMCU_2309G004 - Pesan: {"nokartu":"343F7B51","idchip":"14375838","nodevice":"2309G004","key":"1234567890987654321","ipa":"10.31.1.217"}
[2024-08-22 07:05:25]
Berhasil merespon "dariMCU_2309G004" : {"respon":[{"id":"14375838","nodevice":"2309G004","message":"BMPM","info":"Listi Sugiarti--Berhasil Presensi","nokartu":"343F7B51"}]}
Berhasil kirim balasan ke "responServer_2309G004"

[2024-08-22 07:05:30]
Menerima pesan dari: dariMCU_2309G004 - Pesan: {"nokartu":"C4068151","idchip":"14375838","nodevice":"2309G004","key":"1234567890987654321","ipa":"10.31.1.217"}
[2024-08-22 07:05:30]
Berhasil merespon "dariMCU_2309G004" : {"respon":[{"id":"14375838","nodevice":"2309G004","message":"BMPM","info":"Fatma Surya--Berhasil Presensi","nokartu":"C4068151"}]}
Berhasil kirim balasan ke "responServer_2309G004"

[2024-08-22 07:06:01]
Menerima pesan dari: dariMCU_2309G004 - Pesan: {"nokartu":"B4688051","idchip":"14375838","nodevice":"2309G004","key":"1234567890987654321","ipa":"10.31.1.217"}
[2024-08-22 07:06:01]
Berhasil merespon "dariMCU_2309G004" : {"respon":[{"id":"14375838","nodevice":"2309G004","message":"BMPM","info":"Khuswatun Khasanah--Berhasil Presensi","nokartu":"B4688051"}]}
Berhasil kirim balasan ke "responServer_2309G004"

[2024-08-22 07:07:49]
Menerima pesan dari: dariMCU_2309G004 - Pesan: {"nokartu":"44DF8E51","idchip":"14375838","nodevice":"2309G004","key":"1234567890987654321","ipa":"10.31.1.217"}
[2024-08-22 07:07:49]
Berhasil merespon "dariMCU_2309G004" : {"respon":[{"id":"14375838","nodevice":"2309G004","message":"BMPM","info":"Najwa Divani Putri--Berhasil Presensi","nokartu":"44DF8E51"}]}
Berhasil kirim balasan ke "responServer_2309G004"

[2024-08-22 07:08:06]
Menerima pesan dari: dariMCU_2309G004 - Pesan: {"nokartu":"14E58B51","idchip":"14375838","nodevice":"2309G004","key":"1234567890987654321","ipa":"10.31.1.217"}
[2024-08-22 07:08:06]
Berhasil merespon "dariMCU_2309G004" : {"respon":[{"id":"14375838","nodevice":"2309G004","message":"BMPM","info":"Najwa Intan Ayuningtyas--Berhasil Presensi","nokartu":"14E58B51"}]}
Berhasil kirim balasan ke "responServer_2309G004"

[2024-08-22 07:08:37]
Menerima pesan dari: dariMCU_2309G004 - Pesan: {"nokartu":"D4DC7951","idchip":"14375838","nodevice":"2309G004","key":"1234567890987654321","ipa":"10.31.1.217"}
[2024-08-22 07:08:37]
Berhasil merespon "dariMCU_2309G004" : {"respon":[{"id":"14375838","nodevice":"2309G004","message":"BMPM","info":"Muhammad Adjie Kurniawan--Berhasil Presensi","nokartu":"D4DC7951"}]}
Berhasil kirim balasan ke "responServer_2309G004"

[2024-08-22 07:09:27]
Menerima pesan dari: dariMCU_2309G004 - Pesan: {"nokartu":"84D69251","idchip":"14375838","nodevice":"2309G004","key":"1234567890987654321","ipa":"10.31.1.217"}
[2024-08-22 07:09:27]
Berhasil merespon "dariMCU_2309G004" : {"respon":[{"id":"14375838","nodevice":"2309G004","message":"BMPM","info":"Regita Putri Nuraini--Berhasil Presensi","nokartu":"84D69251"}]}
Berhasil kirim balasan ke "responServer_2309G004"

[2024-08-22 07:09:47]
Menerima pesan dari: dariMCU_2309G004 - Pesan: {"nokartu":"E4489751","idchip":"14375838","nodevice":"2309G004","key":"1234567890987654321","ipa":"10.31.1.217"}
[2024-08-22 07:09:47]
Berhasil merespon "dariMCU_2309G004" : {"respon":[{"id":"14375838","nodevice":"2309G004","message":"BMPM","info":"Ratu Irly Salsa--Berhasil Presensi","nokartu":"E4489751"}]}
Berhasil kirim balasan ke "responServer_2309G004"

[2024-08-22 07:09:50]
Menerima pesan dari: dariMCU_2309G004 - Pesan: {"nokartu":"14218551","idchip":"14375838","nodevice":"2309G004","key":"1234567890987654321","ipa":"10.31.1.217"}
[2024-08-22 07:09:50]
Berhasil merespon "dariMCU_2309G004" : {"respon":[{"id":"14375838","nodevice":"2309G004","message":"BMPM","info":"Wahida Zulfa Ashfiya--Berhasil Presensi","nokartu":"14218551"}]}
Berhasil kirim balasan ke "responServer_2309G004"

[2024-08-22 07:10:13]
Menerima pesan dari: dariMCU_2309G004 - Pesan: {"nokartu":"64EB8351","idchip":"14375838","nodevice":"2309G004","key":"1234567890987654321","ipa":"10.31.1.217"}
[2024-08-22 07:10:13]
Berhasil merespon "dariMCU_2309G004" : {"respon":[{"id":"14375838","nodevice":"2309G004","message":"BMPM","info":"Cindy Seftia Ningrum--Berhasil Presensi","nokartu":"64EB8351"}]}
Berhasil kirim balasan ke "responServer_2309G004"

[2024-08-22 07:12:21]
Menerima pesan dari: dariMCU_2309G004 - Pesan: {"nokartu":"D4B68C51","idchip":"14375838","nodevice":"2309G004","key":"1234567890987654321","ipa":"10.31.1.217"}
[2024-08-22 07:12:21]
Berhasil merespon "dariMCU_2309G004" : {"respon":[{"id":"14375838","nodevice":"2309G004","message":"BMPM","info":"Dina Fitriana--Berhasil Presensi","nokartu":"D4B68C51"}]}
Berhasil kirim balasan ke "responServer_2309G004"

[2024-08-22 09:35:56]
Menerima pesan dari: dariMCU_2309G003 - Pesan: {"nokartu":"94C86651","idchip":"8008873","nodevice":"2309G003","key":"1234567890987654321","ipa":"10.10.17.32"}
[2024-08-22 09:35:56]
Berhasil merespon "dariMCU_2309G003" : {"respon":[{"id":"8008873","nodevice":"2309G003","message":"TBPS","info":"Ambar Rini Septiani--Tidak bisa melakukan presensi sekarang.","nokartu":"94C86651"}]}
Berhasil kirim balasan ke "responServer_2309G003"

[2024-08-22 09:36:02]
Menerima pesan dari: dariMCU_2309G003 - Pesan: {"nokartu":"94C86651","idchip":"8008873","nodevice":"2309G003","key":"1234567890987654321","ipa":"10.10.17.32"}
[2024-08-22 09:36:02]
Berhasil merespon "dariMCU_2309G003" : {"respon":[{"id":"8008873","nodevice":"2309G003","message":"TBPS","info":"Ambar Rini Septiani--Tidak bisa melakukan presensi sekarang.","nokartu":"94C86651"}]}
Berhasil kirim balasan ke "responServer_2309G003"

[2024-08-22 11:51:30]
Menerima pesan dari: dariMCU_2309G003 - Pesan: {"nokartu":"84986351","idchip":"8008873","nodevice":"2309G003","key":"1234567890987654321","ipa":"10.10.17.32"}
[2024-08-22 11:51:30]
Berhasil merespon "dariMCU_2309G003" : {"respon":[{"id":"8008873","nodevice":"2309G003","message":"PLAW","info":"Riki Aditya--Pulang lebih awal","nokartu":"84986351"}]}
Berhasil kirim balasan ke "responServer_2309G003"

[2024-08-22 11:57:24]
Menerima pesan dari: dariMCU_2309MAS003 - Pesan: {"nokartu":"948A8A51","idchip":"16581755","nodevice":"2309MAS003","key":"1234567890987654321","ipa":"10.10.7.117"}
[2024-08-22 11:57:24]
Berhasil merespon "dariMCU_2309MAS003" : {"respon":[{"id":"16581755","nodevice":"2309MAS003","message":"BMPE","info":"Dewi Mahfudhoh--Berhasil Presensi -Mulai-","nokartu":"948A8A51"}]}
Berhasil kirim balasan ke "responServer_2309MAS003"

[2024-08-22 11:57:28]
Menerima pesan dari: dariMCU_2309MAS003 - Pesan: {"nokartu":"948A8A51","idchip":"16581755","nodevice":"2309MAS003","key":"1234567890987654321","ipa":"10.10.7.117"}
[2024-08-22 11:57:28]
Berhasil merespon "dariMCU_2309MAS003" : {"respon":[{"id":"16581755","nodevice":"2309MAS003","message":"510","info":"Dewi Mahfudhoh--TERCATAT! 4 dtk lalu","nokartu":"948A8A51"}]}
Berhasil kirim balasan ke "responServer_2309MAS003"

[2024-08-22 11:57:29]
Menerima pesan dari: dariMCU_2309MAS003 - Pesan: {"nokartu":"948A8A51","idchip":"16581755","nodevice":"2309MAS003","key":"1234567890987654321","ipa":"10.10.7.117"}
[2024-08-22 11:57:29]
Berhasil merespon "dariMCU_2309MAS003" : {"respon":[{"id":"16581755","nodevice":"2309MAS003","message":"510","info":"Dewi Mahfudhoh--TERCATAT! 5 dtk lalu","nokartu":"948A8A51"}]}
Berhasil kirim balasan ke "responServer_2309MAS003"

[2024-08-22 11:57:32]
Menerima pesan dari: dariMCU_2309MAS003 - Pesan: {"nokartu":"245E9651","idchip":"16581755","nodevice":"2309MAS003","key":"1234567890987654321","ipa":"10.10.7.117"}
[2024-08-22 11:57:32]
Berhasil merespon "dariMCU_2309MAS003" : {"respon":[{"id":"16581755","nodevice":"2309MAS003","message":"BMPE","info":"Nabiil Daffa  Kuncara--Berhasil Presensi -Mulai-","nokartu":"245E9651"}]}
Berhasil kirim balasan ke "responServer_2309MAS003"

[2024-08-22 11:57:36]
Menerima pesan dari: dariMCU_2309MAS003 - Pesan: {"nokartu":"245E9651","idchip":"16581755","nodevice":"2309MAS003","key":"1234567890987654321","ipa":"10.10.7.117"}
[2024-08-22 11:57:36]
Berhasil merespon "dariMCU_2309MAS003" : {"respon":[{"id":"16581755","nodevice":"2309MAS003","message":"510","info":"Nabiil Daffa  Kuncara--TERCATAT! 4 dtk lalu","nokartu":"245E9651"}]}
Berhasil kirim balasan ke "responServer_2309MAS003"

[2024-08-22 11:57:37]
Menerima pesan dari: dariMCU_2309MAS003 - Pesan: {"nokartu":"245E9651","idchip":"16581755","nodevice":"2309MAS003","key":"1234567890987654321","ipa":"10.10.7.117"}
[2024-08-22 11:57:37]
Berhasil merespon "dariMCU_2309MAS003" : {"respon":[{"id":"16581755","nodevice":"2309MAS003","message":"510","info":"Nabiil Daffa  Kuncara--TERCATAT! 5 dtk lalu","nokartu":"245E9651"}]}
Berhasil kirim balasan ke "responServer_2309MAS003"

[2024-08-22 11:57:38]
Menerima pesan dari: dariMCU_2309MAS003 - Pesan: {"nokartu":"245E9651","idchip":"16581755","nodevice":"2309MAS003","key":"1234567890987654321","ipa":"10.10.7.117"}
[2024-08-22 11:57:38]
Berhasil merespon "dariMCU_2309MAS003" : {"respon":[{"id":"16581755","nodevice":"2309MAS003","message":"510","info":"Nabiil Daffa  Kuncara--TERCATAT! 6 dtk lalu","nokartu":"245E9651"}]}
Berhasil kirim balasan ke "responServer_2309MAS003"

[2024-08-22 11:57:39]
Menerima pesan dari: dariMCU_2309MAS003 - Pesan: {"nokartu":"245E9651","idchip":"16581755","nodevice":"2309MAS003","key":"1234567890987654321","ipa":"10.10.7.117"}
[2024-08-22 11:57:39]
Berhasil merespon "dariMCU_2309MAS003" : {"respon":[{"id":"16581755","nodevice":"2309MAS003","message":"510","info":"Nabiil Daffa  Kuncara--TERCATAT! 7 dtk lalu","nokartu":"245E9651"}]}
Berhasil kirim balasan ke "responServer_2309MAS003"

[2024-08-22 11:57:40]
Menerima pesan dari: dariMCU_2309MAS003 - Pesan: {"nokartu":"245E9651","idchip":"16581755","nodevice":"2309MAS003","key":"1234567890987654321","ipa":"10.10.7.117"}
[2024-08-22 11:57:40]
Berhasil merespon "dariMCU_2309MAS003" : {"respon":[{"id":"16581755","nodevice":"2309MAS003","message":"510","info":"Nabiil Daffa  Kuncara--TERCATAT! 8 dtk lalu","nokartu":"245E9651"}]}
Berhasil kirim balasan ke "responServer_2309MAS003"

[2024-08-22 11:57:45]
Menerima pesan dari: dariMCU_2309MAS003 - Pesan: {"nokartu":"34647951","idchip":"16581755","nodevice":"2309MAS003","key":"1234567890987654321","ipa":"10.10.7.117"}
[2024-08-22 11:57:45]
Berhasil merespon "dariMCU_2309MAS003" : {"respon":[{"id":"16581755","nodevice":"2309MAS003","message":"BMPE","info":"Kiara Rahelnia--Berhasil Presensi -Mulai-","nokartu":"34647951"}]}
Berhasil kirim balasan ke "responServer_2309MAS003"

[2024-08-22 11:57:48]
Menerima pesan dari: dariMCU_2309MAS003 - Pesan: {"nokartu":"34647951","idchip":"16581755","nodevice":"2309MAS003","key":"1234567890987654321","ipa":"10.10.7.117"}
[2024-08-22 11:57:48]
Berhasil merespon "dariMCU_2309MAS003" : {"respon":[{"id":"16581755","nodevice":"2309MAS003","message":"510","info":"Kiara Rahelnia--TERCATAT! 3 dtk lalu","nokartu":"34647951"}]}
Berhasil kirim balasan ke "responServer_2309MAS003"

[2024-08-22 11:57:54]
Menerima pesan dari: dariMCU_2309MAS003 - Pesan: {"nokartu":"245E9651","idchip":"16581755","nodevice":"2309MAS003","key":"1234567890987654321","ipa":"10.10.7.117"}
[2024-08-22 11:57:54]
Berhasil merespon "dariMCU_2309MAS003" : {"respon":[{"id":"16581755","nodevice":"2309MAS003","message":"510","info":"Nabiil Daffa  Kuncara--TERCATAT! 22 dtk lalu","nokartu":"245E9651"}]}
Berhasil kirim balasan ke "responServer_2309MAS003"

[2024-08-22 11:57:57]
Menerima pesan dari: dariMCU_2309MAS003 - Pesan: {"nokartu":"245E9651","idchip":"16581755","nodevice":"2309MAS003","key":"1234567890987654321","ipa":"10.10.7.117"}
[2024-08-22 11:57:57]
Berhasil merespon "dariMCU_2309MAS003" : {"respon":[{"id":"16581755","nodevice":"2309MAS003","message":"510","info":"Nabiil Daffa  Kuncara--TERCATAT! 25 dtk lalu","nokartu":"245E9651"}]}
Berhasil kirim balasan ke "responServer_2309MAS003"

[2024-08-22 12:13:03]
Menerima pesan dari: dariMCU_2309MAS003 - Pesan: {"nokartu":"24275C51","idchip":"16581755","nodevice":"2309MAS003","key":"1234567890987654321","ipa":"10.10.7.117"}
[2024-08-22 12:13:03]
Berhasil merespon "dariMCU_2309MAS003" : {"respon":[{"id":"16581755","nodevice":"2309MAS003","message":"BMPE","info":"Muhammad A lam Maulana--Berhasil Presensi -Mulai-","nokartu":"24275C51"}]}
Berhasil kirim balasan ke "responServer_2309MAS003"

[2024-08-22 12:15:53]
Menerima pesan dari: dariMCU_2309MAS003 - Pesan: {"nokartu":"944E8651","idchip":"16581755","nodevice":"2309MAS003","key":"1234567890987654321","ipa":"10.10.7.117"}
[2024-08-22 12:15:53]
Berhasil merespon "dariMCU_2309MAS003" : {"respon":[{"id":"16581755","nodevice":"2309MAS003","message":"BMPE","info":"Selvi Rahmawati--Berhasil Presensi -Mulai-","nokartu":"944E8651"}]}
Berhasil kirim balasan ke "responServer_2309MAS003"

[2024-08-22 12:15:57]
Menerima pesan dari: dariMCU_2309MAS003 - Pesan: {"nokartu":"343F7B51","idchip":"16581755","nodevice":"2309MAS003","key":"1234567890987654321","ipa":"10.10.7.117"}
[2024-08-22 12:15:57]
Berhasil merespon "dariMCU_2309MAS003" : {"respon":[{"id":"16581755","nodevice":"2309MAS003","message":"BMPE","info":"Listi Sugiarti--Berhasil Presensi -Mulai-","nokartu":"343F7B51"}]}
Berhasil kirim balasan ke "responServer_2309MAS003"

[2024-08-22 12:15:58]
Menerima pesan dari: dariMCU_2309MAS003 - Pesan: {"nokartu":"343F7B51","idchip":"16581755","nodevice":"2309MAS003","key":"1234567890987654321","ipa":"10.10.7.117"}
[2024-08-22 12:15:58]
Berhasil merespon "dariMCU_2309MAS003" : {"respon":[{"id":"16581755","nodevice":"2309MAS003","message":"510","info":"Listi Sugiarti--TERCATAT! 1 dtk lalu","nokartu":"343F7B51"}]}
Berhasil kirim balasan ke "responServer_2309MAS003"

[2024-08-22 12:16:18]
Menerima pesan dari: dariMCU_2309MAS003 - Pesan: {"nokartu":"140F8751","idchip":"16581755","nodevice":"2309MAS003","key":"1234567890987654321","ipa":"10.10.7.117"}
[2024-08-22 12:16:18]
Berhasil merespon "dariMCU_2309MAS003" : {"respon":[{"id":"16581755","nodevice":"2309MAS003","message":"BMPE","info":"Ise Rezeki Agestia--Berhasil Presensi -Mulai-","nokartu":"140F8751"}]}
Berhasil kirim balasan ke "responServer_2309MAS003"

[2024-08-22 12:16:22]
Menerima pesan dari: dariMCU_2309MAS003 - Pesan: {"nokartu":"14EB9151","idchip":"16581755","nodevice":"2309MAS003","key":"1234567890987654321","ipa":"10.10.7.117"}
[2024-08-22 12:16:22]
Berhasil merespon "dariMCU_2309MAS003" : {"respon":[{"id":"16581755","nodevice":"2309MAS003","message":"BMPE","info":"Della Silviana--Berhasil Presensi -Mulai-","nokartu":"14EB9151"}]}
Berhasil kirim balasan ke "responServer_2309MAS003"

[2024-08-22 12:16:27]
Menerima pesan dari: dariMCU_2309MAS003 - Pesan: {"nokartu":"74D48751","idchip":"16581755","nodevice":"2309MAS003","key":"1234567890987654321","ipa":"10.10.7.117"}
[2024-08-22 12:16:27]
Berhasil merespon "dariMCU_2309MAS003" : {"respon":[{"id":"16581755","nodevice":"2309MAS003","message":"BMPE","info":"Fisah Duwi Novitasari--Berhasil Presensi -Mulai-","nokartu":"74D48751"}]}
Berhasil kirim balasan ke "responServer_2309MAS003"

[2024-08-22 12:16:31]
Menerima pesan dari: dariMCU_2309MAS003 - Pesan: {"nokartu":"74D48751","idchip":"16581755","nodevice":"2309MAS003","key":"1234567890987654321","ipa":"10.10.7.117"}
[2024-08-22 12:16:31]
Berhasil merespon "dariMCU_2309MAS003" : {"respon":[{"id":"16581755","nodevice":"2309MAS003","message":"510","info":"Fisah Duwi Novitasari--TERCATAT! 4 dtk lalu","nokartu":"74D48751"}]}
Berhasil kirim balasan ke "responServer_2309MAS003"

[2024-08-22 12:16:35]
Menerima pesan dari: dariMCU_2309MAS003 - Pesan: {"nokartu":"B4A48C51","idchip":"16581755","nodevice":"2309MAS003","key":"1234567890987654321","ipa":"10.10.7.117"}
[2024-08-22 12:16:35]
Berhasil merespon "dariMCU_2309MAS003" : {"respon":[{"id":"16581755","nodevice":"2309MAS003","message":"BMPE","info":"Dewi Selvi Wulandari--Berhasil Presensi -Mulai-","nokartu":"B4A48C51"}]}
Berhasil kirim balasan ke "responServer_2309MAS003"

[2024-08-22 12:16:39]
Menerima pesan dari: dariMCU_2309MAS003 - Pesan: {"nokartu":"B4A48C51","idchip":"16581755","nodevice":"2309MAS003","key":"1234567890987654321","ipa":"10.10.7.117"}
[2024-08-22 12:16:39]
Berhasil merespon "dariMCU_2309MAS003" : {"respon":[{"id":"16581755","nodevice":"2309MAS003","message":"510","info":"Dewi Selvi Wulandari--TERCATAT! 4 dtk lalu","nokartu":"B4A48C51"}]}
Berhasil kirim balasan ke "responServer_2309MAS003"

[2024-08-22 12:16:43]
Menerima pesan dari: dariMCU_2309MAS003 - Pesan: {"nokartu":"64468751","idchip":"16581755","nodevice":"2309MAS003","key":"1234567890987654321","ipa":"10.10.7.117"}
[2024-08-22 12:16:43]
Berhasil merespon "dariMCU_2309MAS003" : {"respon":[{"id":"16581755","nodevice":"2309MAS003","message":"BMPE","info":"Reni Yulianti--Berhasil Presensi -Mulai-","nokartu":"64468751"}]}
Berhasil kirim balasan ke "responServer_2309MAS003"

[2024-08-22 12:16:47]
Menerima pesan dari: dariMCU_2309MAS003 - Pesan: {"nokartu":"E4716451","idchip":"16581755","nodevice":"2309MAS003","key":"1234567890987654321","ipa":"10.10.7.117"}
[2024-08-22 12:16:47]
Berhasil merespon "dariMCU_2309MAS003" : {"respon":[{"id":"16581755","nodevice":"2309MAS003","message":"BMPE","info":"Aninda Adzalea Anggraeni--Berhasil Presensi -Mulai-","nokartu":"E4716451"}]}
Berhasil kirim balasan ke "responServer_2309MAS003"

[2024-08-22 12:17:04]
Menerima pesan dari: dariMCU_2309MAS003 - Pesan: {"nokartu":"74816351","idchip":"16581755","nodevice":"2309MAS003","key":"1234567890987654321","ipa":"10.10.7.117"}
[2024-08-22 12:17:04]
Berhasil merespon "dariMCU_2309MAS003" : {"respon":[{"id":"16581755","nodevice":"2309MAS003","message":"BMPE","info":"Rita Muyasyaroh--Berhasil Presensi -Mulai-","nokartu":"74816351"}]}
Berhasil kirim balasan ke "responServer_2309MAS003"

[2024-08-22 12:17:07]
Menerima pesan dari: dariMCU_2309MAS003 - Pesan: {"nokartu":"74816351","idchip":"16581755","nodevice":"2309MAS003","key":"1234567890987654321","ipa":"10.10.7.117"}
[2024-08-22 12:17:07]
Berhasil merespon "dariMCU_2309MAS003" : {"respon":[{"id":"16581755","nodevice":"2309MAS003","message":"510","info":"Rita Muyasyaroh--TERCATAT! 3 dtk lalu","nokartu":"74816351"}]}
Berhasil kirim balasan ke "responServer_2309MAS003"

[2024-08-22 12:17:12]
Menerima pesan dari: dariMCU_2309MAS003 - Pesan: {"nokartu":"74105A51","idchip":"16581755","nodevice":"2309MAS003","key":"1234567890987654321","ipa":"10.10.7.117"}
[2024-08-22 12:17:12]
Berhasil merespon "dariMCU_2309MAS003" : {"respon":[{"id":"16581755","nodevice":"2309MAS003","message":"BMPE","info":"Yosi Indriyana Putri--Berhasil Presensi -Mulai-","nokartu":"74105A51"}]}
Berhasil kirim balasan ke "responServer_2309MAS003"

[2024-08-22 12:17:15]
Menerima pesan dari: dariMCU_2309MAS003 - Pesan: {"nokartu":"74105A51","idchip":"16581755","nodevice":"2309MAS003","key":"1234567890987654321","ipa":"10.10.7.117"}
[2024-08-22 12:17:15]
Berhasil merespon "dariMCU_2309MAS003" : {"respon":[{"id":"16581755","nodevice":"2309MAS003","message":"510","info":"Yosi Indriyana Putri--TERCATAT! 3 dtk lalu","nokartu":"74105A51"}]}
Berhasil kirim balasan ke "responServer_2309MAS003"

[2024-08-22 12:17:20]
Menerima pesan dari: dariMCU_2309MAS003 - Pesan: {"nokartu":"74105A51","idchip":"16581755","nodevice":"2309MAS003","key":"1234567890987654321","ipa":"10.10.7.117"}
[2024-08-22 12:17:20]
Berhasil merespon "dariMCU_2309MAS003" : {"respon":[{"id":"16581755","nodevice":"2309MAS003","message":"510","info":"Yosi Indriyana Putri--TERCATAT! 8 dtk lalu","nokartu":"74105A51"}]}
Berhasil kirim balasan ke "responServer_2309MAS003"

[2024-08-22 12:17:24]
Menerima pesan dari: dariMCU_2309MAS003 - Pesan: {"nokartu":"74105A51","idchip":"16581755","nodevice":"2309MAS003","key":"1234567890987654321","ipa":"10.10.7.117"}
[2024-08-22 12:17:24]
Berhasil merespon "dariMCU_2309MAS003" : {"respon":[{"id":"16581755","nodevice":"2309MAS003","message":"510","info":"Yosi Indriyana Putri--TERCATAT! 12 dtk lalu","nokartu":"74105A51"}]}
Berhasil kirim balasan ke "responServer_2309MAS003"

[2024-08-22 12:21:01]
Menerima pesan dari: dariMCU_2309MAS003 - Pesan: {"nokartu":"84A48851","idchip":"16581755","nodevice":"2309MAS003","key":"1234567890987654321","ipa":"10.10.7.117"}
[2024-08-22 12:21:01]
Berhasil merespon "dariMCU_2309MAS003" : {"respon":[{"id":"16581755","nodevice":"2309MAS003","message":"BMPE","info":"Yuliana Naimah--Berhasil Presensi -Mulai-","nokartu":"84A48851"}]}
Berhasil kirim balasan ke "responServer_2309MAS003"

[2024-08-22 12:21:05]
Menerima pesan dari: dariMCU_2309MAS003 - Pesan: {"nokartu":"84A48851","idchip":"16581755","nodevice":"2309MAS003","key":"1234567890987654321","ipa":"10.10.7.117"}
[2024-08-22 12:21:05]
Berhasil merespon "dariMCU_2309MAS003" : {"respon":[{"id":"16581755","nodevice":"2309MAS003","message":"510","info":"Yuliana Naimah--TERCATAT! 4 dtk lalu","nokartu":"84A48851"}]}
Berhasil kirim balasan ke "responServer_2309MAS003"

[2024-08-22 12:27:22]
Menerima pesan dari: dariMCU_2309MAS003 - Pesan: {"nokartu":"44D68E51","idchip":"16581755","nodevice":"2309MAS003","key":"1234567890987654321","ipa":"10.10.7.117"}
[2024-08-22 12:27:22]
Berhasil merespon "dariMCU_2309MAS003" : {"respon":[{"id":"16581755","nodevice":"2309MAS003","message":"BMPE","info":"Serlin Khafita--Berhasil Presensi -Mulai-","nokartu":"44D68E51"}]}
Berhasil kirim balasan ke "responServer_2309MAS003"

[2024-08-22 12:27:26]
Menerima pesan dari: dariMCU_2309MAS003 - Pesan: {"nokartu":"541F7451","idchip":"16581755","nodevice":"2309MAS003","key":"1234567890987654321","ipa":"10.10.7.117"}
[2024-08-22 12:27:26]
Berhasil merespon "dariMCU_2309MAS003" : {"respon":[{"id":"16581755","nodevice":"2309MAS003","message":"BMPE","info":"Anita Setyaningsih--Berhasil Presensi -Mulai-","nokartu":"541F7451"}]}
Berhasil kirim balasan ke "responServer_2309MAS003"

[2024-08-22 12:27:29]
Menerima pesan dari: dariMCU_2309MAS003 - Pesan: {"nokartu":"541F7451","idchip":"16581755","nodevice":"2309MAS003","key":"1234567890987654321","ipa":"10.10.7.117"}
[2024-08-22 12:27:29]
Berhasil merespon "dariMCU_2309MAS003" : {"respon":[{"id":"16581755","nodevice":"2309MAS003","message":"510","info":"Anita Setyaningsih--TERCATAT! 3 dtk lalu","nokartu":"541F7451"}]}
Berhasil kirim balasan ke "responServer_2309MAS003"

[2024-08-22 12:27:30]
Menerima pesan dari: dariMCU_2309MAS003 - Pesan: {"nokartu":"A44F9351","idchip":"16581755","nodevice":"2309MAS003","key":"1234567890987654321","ipa":"10.10.7.117"}
[2024-08-22 12:27:30]
Berhasil merespon "dariMCU_2309MAS003" : {"respon":[{"id":"16581755","nodevice":"2309MAS003","message":"BMPE","info":"Dwi Cahyanti Febryana--Berhasil Presensi -Mulai-","nokartu":"A44F9351"}]}
Berhasil kirim balasan ke "responServer_2309MAS003"

[2024-08-22 12:27:46]
Menerima pesan dari: dariMCU_2309MAS003 - Pesan: {"nokartu":"74D48751","idchip":"16581755","nodevice":"2309MAS003","key":"1234567890987654321","ipa":"10.10.7.117"}
[2024-08-22 12:27:46]
Berhasil merespon "dariMCU_2309MAS003" : {"respon":[{"id":"16581755","nodevice":"2309MAS003","message":"BPSE","info":"Fisah Duwi Novitasari--Berhasil Presensi -Selesai-","nokartu":"74D48751"}]}
Berhasil kirim balasan ke "responServer_2309MAS003"

[2024-08-22 12:27:50]
Menerima pesan dari: dariMCU_2309MAS003 - Pesan: {"nokartu":"74D48751","idchip":"16581755","nodevice":"2309MAS003","key":"1234567890987654321","ipa":"10.10.7.117"}
[2024-08-22 12:27:50]
Berhasil merespon "dariMCU_2309MAS003" : {"respon":[{"id":"16581755","nodevice":"2309MAS003","message":"510","info":"Fisah Duwi Novitasari--TERCATAT! 4 dtk lalu","nokartu":"74D48751"}]}
Berhasil kirim balasan ke "responServer_2309MAS003"

[2024-08-22 12:29:16]
Menerima pesan dari: dariMCU_2309MAS003 - Pesan: {"nokartu":"84F39451","idchip":"16581755","nodevice":"2309MAS003","key":"1234567890987654321","ipa":"10.10.7.117"}
[2024-08-22 12:29:16]
Berhasil merespon "dariMCU_2309MAS003" : {"respon":[{"id":"16581755","nodevice":"2309MAS003","message":"BMPE","info":"Afif Nur Fadhli--Berhasil Presensi -Mulai-","nokartu":"84F39451"}]}
Berhasil kirim balasan ke "responServer_2309MAS003"

[2024-08-22 12:29:20]
Menerima pesan dari: dariMCU_2309MAS003 - Pesan: {"nokartu":"84F39451","idchip":"16581755","nodevice":"2309MAS003","key":"1234567890987654321","ipa":"10.10.7.117"}
[2024-08-22 12:29:20]
Berhasil merespon "dariMCU_2309MAS003" : {"respon":[{"id":"16581755","nodevice":"2309MAS003","message":"510","info":"Afif Nur Fadhli--TERCATAT! 4 dtk lalu","nokartu":"84F39451"}]}
Berhasil kirim balasan ke "responServer_2309MAS003"

[2024-08-22 12:31:24]
Menerima pesan dari: dariMCU_2309MAS003 - Pesan: {"nokartu":"14BD8851","idchip":"16581755","nodevice":"2309MAS003","key":"1234567890987654321","ipa":"10.10.7.117"}
[2024-08-22 12:31:24]
Berhasil merespon "dariMCU_2309MAS003" : {"respon":[{"id":"16581755","nodevice":"2309MAS003","message":"BMPE","info":"Wulandari--Berhasil Presensi -Mulai-","nokartu":"14BD8851"}]}
Berhasil kirim balasan ke "responServer_2309MAS003"

[2024-08-22 12:31:28]
Menerima pesan dari: dariMCU_2309MAS003 - Pesan: {"nokartu":"14BD8851","idchip":"16581755","nodevice":"2309MAS003","key":"1234567890987654321","ipa":"10.10.7.117"}
[2024-08-22 12:31:28]
Berhasil merespon "dariMCU_2309MAS003" : {"respon":[{"id":"16581755","nodevice":"2309MAS003","message":"510","info":"Wulandari--TERCATAT! 4 dtk lalu","nokartu":"14BD8851"}]}
Berhasil kirim balasan ke "responServer_2309MAS003"

[2024-08-22 12:35:10]
Menerima pesan dari: dariMCU_2309MAS003 - Pesan: {"nokartu":"F36B1210","idchip":"16581755","nodevice":"2309MAS003","key":"1234567890987654321","ipa":"10.10.7.117"}
[2024-08-22 12:35:10]
Berhasil merespon "dariMCU_2309MAS003" : {"respon":[{"id":"16581755","nodevice":"2309MAS003","message":"BMPE","info":"Yunita Maela Rahma--Berhasil Presensi -Mulai-","nokartu":"F36B1210"}]}
Berhasil kirim balasan ke "responServer_2309MAS003"

[2024-08-22 12:35:13]
Menerima pesan dari: dariMCU_2309MAS003 - Pesan: {"nokartu":"F36B1210","idchip":"16581755","nodevice":"2309MAS003","key":"1234567890987654321","ipa":"10.10.7.117"}
[2024-08-22 12:35:13]
Berhasil merespon "dariMCU_2309MAS003" : {"respon":[{"id":"16581755","nodevice":"2309MAS003","message":"510","info":"Yunita Maela Rahma--TERCATAT! 3 dtk lalu","nokartu":"F36B1210"}]}
Berhasil kirim balasan ke "responServer_2309MAS003"

[2024-08-22 12:35:17]
Menerima pesan dari: dariMCU_2309MAS003 - Pesan: {"nokartu":"C49D8551","idchip":"16581755","nodevice":"2309MAS003","key":"1234567890987654321","ipa":"10.10.7.117"}
[2024-08-22 12:35:17]
Berhasil merespon "dariMCU_2309MAS003" : {"respon":[{"id":"16581755","nodevice":"2309MAS003","message":"BMPE","info":"Disca Ayu Ramandita--Berhasil Presensi -Mulai-","nokartu":"C49D8551"}]}
Berhasil kirim balasan ke "responServer_2309MAS003"

[2024-08-22 12:35:20]
Menerima pesan dari: dariMCU_2309MAS003 - Pesan: {"nokartu":"C49D8551","idchip":"16581755","nodevice":"2309MAS003","key":"1234567890987654321","ipa":"10.10.7.117"}
[2024-08-22 12:35:20]
Berhasil merespon "dariMCU_2309MAS003" : {"respon":[{"id":"16581755","nodevice":"2309MAS003","message":"510","info":"Disca Ayu Ramandita--TERCATAT! 3 dtk lalu","nokartu":"C49D8551"}]}
Berhasil kirim balasan ke "responServer_2309MAS003"

[2024-08-22 12:36:31]
Menerima pesan dari: dariMCU_2309MAS003 - Pesan: {"nokartu":"F4219251","idchip":"16581755","nodevice":"2309MAS003","key":"1234567890987654321","ipa":"10.10.7.117"}
[2024-08-22 12:36:31]
Berhasil merespon "dariMCU_2309MAS003" : {"respon":[{"id":"16581755","nodevice":"2309MAS003","message":"BMPE","info":"Kania Radhia Mecha--Berhasil Presensi -Mulai-","nokartu":"F4219251"}]}
Berhasil kirim balasan ke "responServer_2309MAS003"

[2024-08-22 12:36:35]
Menerima pesan dari: dariMCU_2309MAS003 - Pesan: {"nokartu":"F4219251","idchip":"16581755","nodevice":"2309MAS003","key":"1234567890987654321","ipa":"10.10.7.117"}
[2024-08-22 12:36:35]
Berhasil merespon "dariMCU_2309MAS003" : {"respon":[{"id":"16581755","nodevice":"2309MAS003","message":"510","info":"Kania Radhia Mecha--TERCATAT! 4 dtk lalu","nokartu":"F4219251"}]}
Berhasil kirim balasan ke "responServer_2309MAS003"

[2024-08-22 12:43:51]
Menerima pesan dari: dariMCU_2309MAS003 - Pesan: {"nokartu":"A4FE9551","idchip":"16581755","nodevice":"2309MAS003","key":"1234567890987654321","ipa":"10.10.7.117"}
[2024-08-22 12:43:51]
Berhasil merespon "dariMCU_2309MAS003" : {"respon":[{"id":"16581755","nodevice":"2309MAS003","message":"BMPE","info":"Amanda Miftahul Rofiqoh--Berhasil Presensi -Mulai-","nokartu":"A4FE9551"}]}
Berhasil kirim balasan ke "responServer_2309MAS003"

[2024-08-22 12:43:54]
Menerima pesan dari: dariMCU_2309MAS003 - Pesan: {"nokartu":"A4FE9551","idchip":"16581755","nodevice":"2309MAS003","key":"1234567890987654321","ipa":"10.10.7.117"}
[2024-08-22 12:43:54]
Berhasil merespon "dariMCU_2309MAS003" : {"respon":[{"id":"16581755","nodevice":"2309MAS003","message":"510","info":"Amanda Miftahul Rofiqoh--TERCATAT! 3 dtk lalu","nokartu":"A4FE9551"}]}
Berhasil kirim balasan ke "responServer_2309MAS003"

[2024-08-22 12:43:59]
Menerima pesan dari: dariMCU_2309MAS003 - Pesan: {"nokartu":"A4FE9551","idchip":"16581755","nodevice":"2309MAS003","key":"1234567890987654321","ipa":"10.10.7.117"}
[2024-08-22 12:43:59]
Berhasil merespon "dariMCU_2309MAS003" : {"respon":[{"id":"16581755","nodevice":"2309MAS003","message":"510","info":"Amanda Miftahul Rofiqoh--TERCATAT! 8 dtk lalu","nokartu":"A4FE9551"}]}
Berhasil kirim balasan ke "responServer_2309MAS003"

[2024-08-22 12:44:02]
Menerima pesan dari: dariMCU_2309MAS003 - Pesan: {"nokartu":"A4FE9551","idchip":"16581755","nodevice":"2309MAS003","key":"1234567890987654321","ipa":"10.10.7.117"}
[2024-08-22 12:44:02]
Berhasil merespon "dariMCU_2309MAS003" : {"respon":[{"id":"16581755","nodevice":"2309MAS003","message":"510","info":"Amanda Miftahul Rofiqoh--TERCATAT! 11 dtk lalu","nokartu":"A4FE9551"}]}
Berhasil kirim balasan ke "responServer_2309MAS003"

[2024-08-22 12:45:49]
Menerima pesan dari: dariMCU_2309MAS003 - Pesan: {"nokartu":"94D08851","idchip":"16581755","nodevice":"2309MAS003","key":"1234567890987654321","ipa":"10.10.7.117"}
[2024-08-22 12:45:49]
Berhasil merespon "dariMCU_2309MAS003" : {"respon":[{"id":"16581755","nodevice":"2309MAS003","message":"BMPE","info":"Hildhan Yogi Fratama--Berhasil Presensi -Mulai-","nokartu":"94D08851"}]}
Berhasil kirim balasan ke "responServer_2309MAS003"

[2024-08-22 12:45:52]
Menerima pesan dari: dariMCU_2309MAS003 - Pesan: {"nokartu":"94D08851","idchip":"16581755","nodevice":"2309MAS003","key":"1234567890987654321","ipa":"10.10.7.117"}
[2024-08-22 12:45:52]
Berhasil merespon "dariMCU_2309MAS003" : {"respon":[{"id":"16581755","nodevice":"2309MAS003","message":"510","info":"Hildhan Yogi Fratama--TERCATAT! 3 dtk lalu","nokartu":"94D08851"}]}
Berhasil kirim balasan ke "responServer_2309MAS003"

[2024-08-22 12:47:13]
Menerima pesan dari: dariMCU_2309MAS003 - Pesan: {"nokartu":"C45F8C51","idchip":"16581755","nodevice":"2309MAS003","key":"1234567890987654321","ipa":"10.10.7.117"}
[2024-08-22 12:47:13]
Berhasil merespon "dariMCU_2309MAS003" : {"respon":[{"id":"16581755","nodevice":"2309MAS003","message":"BMPE","info":"Novita Aristiani--Berhasil Presensi -Mulai-","nokartu":"C45F8C51"}]}
Berhasil kirim balasan ke "responServer_2309MAS003"

[2024-08-22 12:47:16]
Menerima pesan dari: dariMCU_2309MAS003 - Pesan: {"nokartu":"C45F8C51","idchip":"16581755","nodevice":"2309MAS003","key":"1234567890987654321","ipa":"10.10.7.117"}
[2024-08-22 12:47:16]
Berhasil merespon "dariMCU_2309MAS003" : {"respon":[{"id":"16581755","nodevice":"2309MAS003","message":"510","info":"Novita Aristiani--TERCATAT! 3 dtk lalu","nokartu":"C45F8C51"}]}
Berhasil kirim balasan ke "responServer_2309MAS003"

[2024-08-22 12:47:17]
Menerima pesan dari: dariMCU_2309MAS003 - Pesan: {"nokartu":"54255C51","idchip":"16581755","nodevice":"2309MAS003","key":"1234567890987654321","ipa":"10.10.7.117"}
[2024-08-22 12:47:17]
Berhasil merespon "dariMCU_2309MAS003" : {"respon":[{"id":"16581755","nodevice":"2309MAS003","message":"BMPE","info":"Sinta Amelia--Berhasil Presensi -Mulai-","nokartu":"54255C51"}]}
Berhasil kirim balasan ke "responServer_2309MAS003"

[2024-08-22 12:47:21]
Menerima pesan dari: dariMCU_2309MAS003 - Pesan: {"nokartu":"A48E9851","idchip":"16581755","nodevice":"2309MAS003","key":"1234567890987654321","ipa":"10.10.7.117"}
[2024-08-22 12:47:21]
Berhasil merespon "dariMCU_2309MAS003" : {"respon":[{"id":"16581755","nodevice":"2309MAS003","message":"BMPE","info":"Imel Nur Rosasmita--Berhasil Presensi -Mulai-","nokartu":"A48E9851"}]}
Berhasil kirim balasan ke "responServer_2309MAS003"

[2024-08-22 12:47:24]
Menerima pesan dari: dariMCU_2309MAS003 - Pesan: {"nokartu":"A48E9851","idchip":"16581755","nodevice":"2309MAS003","key":"1234567890987654321","ipa":"10.10.7.117"}
[2024-08-22 12:47:24]
Berhasil merespon "dariMCU_2309MAS003" : {"respon":[{"id":"16581755","nodevice":"2309MAS003","message":"510","info":"Imel Nur Rosasmita--TERCATAT! 3 dtk lalu","nokartu":"A48E9851"}]}
Berhasil kirim balasan ke "responServer_2309MAS003"

[2024-08-22 12:53:52]
Menerima pesan dari: dariMCU_2309MAS003 - Pesan: {"nokartu":"C45F8C51","idchip":"16581755","nodevice":"2309MAS003","key":"1234567890987654321","ipa":"10.10.7.117"}
[2024-08-22 12:53:52]
Berhasil merespon "dariMCU_2309MAS003" : {"respon":[{"id":"16581755","nodevice":"2309MAS003","message":"BPSE","info":"Novita Aristiani--Berhasil Presensi -Selesai-","nokartu":"C45F8C51"}]}
Berhasil kirim balasan ke "responServer_2309MAS003"

[2024-08-22 12:53:53]
Menerima pesan dari: dariMCU_2309MAS003 - Pesan: {"nokartu":"C45F8C51","idchip":"16581755","nodevice":"2309MAS003","key":"1234567890987654321","ipa":"10.10.7.117"}
[2024-08-22 12:53:53]
Berhasil merespon "dariMCU_2309MAS003" : {"respon":[{"id":"16581755","nodevice":"2309MAS003","message":"510","info":"Novita Aristiani--TERCATAT! 1 dtk lalu","nokartu":"C45F8C51"}]}
Berhasil kirim balasan ke "responServer_2309MAS003"

[2024-08-22 13:01:34]
Menerima pesan dari: dariMCU_2309MAS003 - Pesan: {"nokartu":"64279451","idchip":"16581755","nodevice":"2309MAS003","key":"1234567890987654321","ipa":"10.10.7.117"}
[2024-08-22 13:01:34]
Berhasil merespon "dariMCU_2309MAS003" : {"respon":[{"id":"16581755","nodevice":"2309MAS003","message":"BMPE","info":"Zuyun Na ilufar--Berhasil Presensi -Mulai-","nokartu":"64279451"}]}
Berhasil kirim balasan ke "responServer_2309MAS003"

[2024-08-22 13:01:37]
Menerima pesan dari: dariMCU_2309MAS003 - Pesan: {"nokartu":"64279451","idchip":"16581755","nodevice":"2309MAS003","key":"1234567890987654321","ipa":"10.10.7.117"}
[2024-08-22 13:01:37]
Berhasil merespon "dariMCU_2309MAS003" : {"respon":[{"id":"16581755","nodevice":"2309MAS003","message":"510","info":"Zuyun Na ilufar--TERCATAT! 3 dtk lalu","nokartu":"64279451"}]}
Berhasil kirim balasan ke "responServer_2309MAS003"

[2024-08-22 13:01:44]
Menerima pesan dari: dariMCU_2309MAS003 - Pesan: {"nokartu":"D4199451","idchip":"16581755","nodevice":"2309MAS003","key":"1234567890987654321","ipa":"10.10.7.117"}
[2024-08-22 13:01:44]
Berhasil merespon "dariMCU_2309MAS003" : {"respon":[{"id":"16581755","nodevice":"2309MAS003","message":"BMPE","info":"Elsa Agustina Dwi Saputri--Berhasil Presensi -Mulai-","nokartu":"D4199451"}]}
Berhasil kirim balasan ke "responServer_2309MAS003"

[2024-08-22 13:01:47]
Menerima pesan dari: dariMCU_2309MAS003 - Pesan: {"nokartu":"D4199451","idchip":"16581755","nodevice":"2309MAS003","key":"1234567890987654321","ipa":"10.10.7.117"}
[2024-08-22 13:01:47]
Berhasil merespon "dariMCU_2309MAS003" : {"respon":[{"id":"16581755","nodevice":"2309MAS003","message":"510","info":"Elsa Agustina Dwi Saputri--TERCATAT! 3 dtk lalu","nokartu":"D4199451"}]}
Berhasil kirim balasan ke "responServer_2309MAS003"

[2024-08-22 13:01:51]
Menerima pesan dari: dariMCU_2309MAS003 - Pesan: {"nokartu":"D4199451","idchip":"16581755","nodevice":"2309MAS003","key":"1234567890987654321","ipa":"10.10.7.117"}
[2024-08-22 13:01:51]
Berhasil merespon "dariMCU_2309MAS003" : {"respon":[{"id":"16581755","nodevice":"2309MAS003","message":"510","info":"Elsa Agustina Dwi Saputri--TERCATAT! 7 dtk lalu","nokartu":"D4199451"}]}
Berhasil kirim balasan ke "responServer_2309MAS003"

[2024-08-22 13:11:10]
Menerima pesan dari: dariMCU_2309MAS003 - Pesan: {"nokartu":"F4FA6B51","idchip":"16581755","nodevice":"2309MAS003","key":"1234567890987654321","ipa":"10.10.7.117"}
[2024-08-22 13:11:10]
Berhasil merespon "dariMCU_2309MAS003" : {"respon":[{"id":"16581755","nodevice":"2309MAS003","message":"BMPE","info":"Syafa Mukminati--Berhasil Presensi -Mulai-","nokartu":"F4FA6B51"}]}
Berhasil kirim balasan ke "responServer_2309MAS003"

[2024-08-22 13:49:53]
Menerima pesan dari: dariMCU_2309G004 - Pesan: {"nokartu":"E4F08551","idchip":"14375838","nodevice":"2309G004","key":"1234567890987654321","ipa":"10.31.1.217"}
[2024-08-22 13:49:53]
Berhasil merespon "dariMCU_2309G004" : {"respon":[{"id":"14375838","nodevice":"2309G004","message":"PPBH","info":"Kiara Nanda--Berhasil Presensi Pulang","nokartu":"E4F08551"}]}
Berhasil kirim balasan ke "responServer_2309G004"

[2024-08-22 15:09:40]
Menerima pesan dari: dariMCU_2309G004 - Pesan: {"nokartu":"B4589851","idchip":"14375838","nodevice":"2309G004","key":"1234567890987654321","ipa":"10.31.1.217"}
[2024-08-22 15:09:40]
Berhasil merespon "dariMCU_2309G004" : {"respon":[{"id":"14375838","nodevice":"2309G004","message":"SAPP","info":"Kirana Dinda Tiara--Sudah melakukan presensi pulang","nokartu":"B4589851"}]}
Berhasil kirim balasan ke "responServer_2309G004"

[2024-08-22 15:09:41]
Menerima pesan dari: dariMCU_2309G004 - Pesan: {"nokartu":"B4589851","idchip":"14375838","nodevice":"2309G004","key":"1234567890987654321","ipa":"10.31.1.217"}
[2024-08-22 15:09:41]
Berhasil merespon "dariMCU_2309G004" : {"respon":[{"id":"14375838","nodevice":"2309G004","message":"SAPP","info":"Kirana Dinda Tiara--Sudah melakukan presensi pulang","nokartu":"B4589851"}]}
Berhasil kirim balasan ke "responServer_2309G004"

[2024-08-22 15:09:47]
Menerima pesan dari: dariMCU_2309G004 - Pesan: {"nokartu":"F36B1210","idchip":"14375838","nodevice":"2309G004","key":"1234567890987654321","ipa":"10.31.1.217"}
[2024-08-22 15:09:47]
Berhasil merespon "dariMCU_2309G004" : {"respon":[{"id":"14375838","nodevice":"2309G004","message":"SAPP","info":"Yunita Maela Rahma--Sudah melakukan presensi pulang","nokartu":"F36B1210"}]}
Berhasil kirim balasan ke "responServer_2309G004"

[2024-08-22 15:25:12]
Menerima pesan dari: dariMCU_2309G004 - Pesan: {"nokartu":"74D48751","idchip":"14375838","nodevice":"2309G004","key":"1234567890987654321","ipa":"10.31.1.217"}
[2024-08-22 15:25:12]
Berhasil merespon "dariMCU_2309G004" : {"respon":[{"id":"14375838","nodevice":"2309G004","message":"SAPP","info":"Fisah Duwi Novitasari--Sudah melakukan presensi pulang","nokartu":"74D48751"}]}
Berhasil kirim balasan ke "responServer_2309G004"

[2024-08-22 15:25:16]
Menerima pesan dari: dariMCU_2309G004 - Pesan: {"nokartu":"14EB9151","idchip":"14375838","nodevice":"2309G004","key":"1234567890987654321","ipa":"10.31.1.217"}
[2024-08-22 15:25:16]
Berhasil merespon "dariMCU_2309G004" : {"respon":[{"id":"14375838","nodevice":"2309G004","message":"SAPP","info":"Della Silviana--Sudah melakukan presensi pulang","nokartu":"14EB9151"}]}
Berhasil kirim balasan ke "responServer_2309G004"

[2024-08-22 15:25:20]
Menerima pesan dari: dariMCU_2309G004 - Pesan: {"nokartu":"44C06D51","idchip":"14375838","nodevice":"2309G004","key":"1234567890987654321","ipa":"10.31.1.217"}
[2024-08-22 15:25:20]
Berhasil merespon "dariMCU_2309G004" : {"respon":[{"id":"14375838","nodevice":"2309G004","message":"PPBH","info":"Adis Setia Wardani--Berhasil Presensi Pulang","nokartu":"44C06D51"}]}
Berhasil kirim balasan ke "responServer_2309G004"

[2024-08-22 15:25:24]
Menerima pesan dari: dariMCU_2309G004 - Pesan: {"nokartu":"140F8751","idchip":"14375838","nodevice":"2309G004","key":"1234567890987654321","ipa":"10.31.1.217"}
[2024-08-22 15:25:24]
Berhasil merespon "dariMCU_2309G004" : {"respon":[{"id":"14375838","nodevice":"2309G004","message":"SAPP","info":"Ise Rezeki Agestia--Sudah melakukan presensi pulang","nokartu":"140F8751"}]}
Berhasil kirim balasan ke "responServer_2309G004"

[2024-08-22 15:26:20]
Menerima pesan dari: dariMCU_2309G004 - Pesan: {"nokartu":"B4A48C51","idchip":"14375838","nodevice":"2309G004","key":"1234567890987654321","ipa":"10.31.1.217"}
[2024-08-22 15:26:20]
Berhasil merespon "dariMCU_2309G004" : {"respon":[{"id":"14375838","nodevice":"2309G004","message":"PPBH","info":"Dewi Selvi Wulandari--Berhasil Presensi Pulang","nokartu":"B4A48C51"}]}
Berhasil kirim balasan ke "responServer_2309G004"

[2024-08-22 15:26:21]
Menerima pesan dari: dariMCU_2309G004 - Pesan: {"nokartu":"B4A48C51","idchip":"14375838","nodevice":"2309G004","key":"1234567890987654321","ipa":"10.31.1.217"}
[2024-08-22 15:26:21]
Berhasil merespon "dariMCU_2309G004" : {"respon":[{"id":"14375838","nodevice":"2309G004","message":"SAPP","info":"Dewi Selvi Wulandari--Sudah melakukan presensi pulang","nokartu":"B4A48C51"}]}
Berhasil kirim balasan ke "responServer_2309G004"

