[2023-11-30 01:13:00]
Menerima pesan dari: dariMCU_2310IZ003 - Pesan: {"nokartu":"4476B889","idchip":"C00FC908B764","nodevice":"2310IZ003","key":"1234567890987654321","ipa":"10.16.0.161"}
[2023-11-30 01:13:00]
Berhasil merespon "dariMCU_2310IZ003" : {"respon":[{"id":"C00FC908B764","nodevice":"","message":"406","info":"ERROR!--CHIP TIDAK TERDAFTAR","nokartu":"4476B889"}]}
Berhasil kirim balasan ke "responServer_2310IZ003"

[2023-11-30 01:31:16]
Menerima pesan dari: dariMCU_2310IZ003 - Pesan: {"nokartu":"D3561606","idchip":"C00FC908B764","nodevice":"2310IZ003","key":"1234567890987654321","ipa":"10.16.0.161"}
[2023-11-30 01:31:16]
Berhasil merespon "dariMCU_2310IZ003" : {"respon":[{"id":"C00FC908B764","nodevice":"","message":"406","info":"ERROR!--CHIP TIDAK TERDAFTAR","nokartu":"D3561606"}]}
Berhasil kirim balasan ke "responServer_2310IZ003"

[2023-11-30 01:31:42]
Menerima pesan dari: dariMCU_2310IZ003 - Pesan: {"nokartu":"D3561606","idchip":"C00FC908B764","nodevice":"2310IZ003","key":"1234567890987654321","ipa":"10.16.0.161"}
[2023-11-30 01:31:42]
Berhasil merespon "dariMCU_2310IZ003" : {"respon":[{"id":"C00FC908B764","nodevice":"","message":"406","info":"ERROR!--CHIP TIDAK TERDAFTAR","nokartu":"D3561606"}]}
Berhasil kirim balasan ke "responServer_2310IZ003"

[2023-11-30 01:35:43]
Menerima pesan dari: dariMCU_2310IZ003 - Pesan: {"nokartu":"D3561606","idchip":"C00FC908B764","nodevice":"2310IZ003","key":"1234567890987654321","ipa":"10.16.0.161"}
[2023-11-30 01:35:43]
Berhasil merespon "dariMCU_2310IZ003" : {"respon":[{"id":"C00FC908B764","nodevice":"","message":"406","info":"ERROR!--CHIP TIDAK TERDAFTAR","nokartu":"D3561606"}]}
Berhasil kirim balasan ke "responServer_2310IZ003"

[2023-11-30 01:36:00]
Menerima pesan dari: dariMCU_2310IZ003 - Pesan: {"nokartu":"D3561606","idchip":"C00FC908B764","nodevice":"2310IZ003","key":"1234567890987654321","ipa":"10.16.0.161"}
[2023-11-30 01:36:00]
Berhasil merespon "dariMCU_2310IZ003" : {"respon":[{"id":"C00FC908B764","nodevice":"","message":"406","info":"ERROR!--CHIP TIDAK TERDAFTAR","nokartu":"D3561606"}]}
Berhasil kirim balasan ke "responServer_2310IZ003"

[2023-11-30 01:41:17]
Menerima pesan dari: dariMCU_2310IZ003 - Pesan: {"nokartu":"D3561606","idchip":"C00FC908B764","nodevice":"2310IZ003","key":"1234567890987654321","ipa":"10.16.0.161"}
[2023-11-30 01:41:17]
Berhasil merespon "dariMCU_2310IZ003" : {"respon":[{"id":"C00FC908B764","nodevice":"","message":"406","info":"ERROR!--CHIP TIDAK TERDAFTAR","nokartu":"D3561606"}]}
Berhasil kirim balasan ke "responServer_2310IZ003"

[2023-11-30 01:41:29]
Menerima pesan dari: dariMCU_2310IZ003 - Pesan: {"nokartu":"D3561606","idchip":"C00FC908B764","nodevice":"2310IZ003","key":"1234567890987654321","ipa":"10.16.0.161"}
[2023-11-30 01:41:29]
Berhasil merespon "dariMCU_2310IZ003" : {"respon":[{"id":"C00FC908B764","nodevice":"","message":"406","info":"ERROR!--CHIP TIDAK TERDAFTAR","nokartu":"D3561606"}]}
Berhasil kirim balasan ke "responServer_2310IZ003"

[2023-11-30 01:43:24]
Menerima pesan dari: dariMCU_2310IZ003 - Pesan: {"nokartu":"D3561606","idchip":"C00FC908B764","nodevice":"2310IZ003","key":"1234567890987654321","ipa":"10.16.0.161"}
[2023-11-30 01:43:24]
Berhasil merespon "dariMCU_2310IZ003" : {"respon":[{"id":"C00FC908B764","nodevice":"","message":"406","info":"ERROR!--CHIP TIDAK TERDAFTAR","nokartu":"D3561606"}]}
Berhasil kirim balasan ke "responServer_2310IZ003"

[2023-11-30 01:43:39]
Menerima pesan dari: dariMCU_2310IZ003 - Pesan: {"nokartu":"D3561606","idchip":"C00FC908B764","nodevice":"2310IZ003","key":"1234567890987654321","ipa":"10.16.0.161"}
[2023-11-30 01:43:39]
Berhasil merespon "dariMCU_2310IZ003" : {"respon":[{"id":"C00FC908B764","nodevice":"","message":"406","info":"ERROR!--CHIP TIDAK TERDAFTAR","nokartu":"D3561606"}]}
Berhasil kirim balasan ke "responServer_2310IZ003"

[2023-11-30 01:47:48]
Menerima pesan dari: dariMCU_2310IZ003 - Pesan: {"nokartu":"D3561606","idchip":"C00FC908B764","nodevice":"2310IZ003","key":"1234567890987654321","ipa":"10.16.0.161"}
[2023-11-30 01:47:48]
Berhasil merespon "dariMCU_2310IZ003" : {"respon":[{"id":"C00FC908B764","nodevice":"","message":"406","info":"ERROR!--CHIP TIDAK TERDAFTAR","nokartu":"D3561606"}]}
Berhasil kirim balasan ke "responServer_2310IZ003"

[2023-11-30 01:51:52]
Menerima pesan dari: dariMCU_2310IZ003 - Pesan: {"nokartu":"D3561606","idchip":"C00FC908B764","nodevice":"2310IZ003","key":"1234567890987654321","ipa":"10.16.0.161"}
[2023-11-30 01:51:52]
Berhasil merespon "dariMCU_2310IZ003" : {"respon":[{"id":"C00FC908B764","nodevice":"","message":"406","info":"ERROR!--CHIP TIDAK TERDAFTAR","nokartu":"D3561606"}]}
Berhasil kirim balasan ke "responServer_2310IZ003"

[2023-11-30 01:54:56]
Menerima pesan dari: dariMCU_2310IZ003 - Pesan: {"nokartu":"D3561606","idchip":"C00FC908B764","nodevice":"2310IZ003","key":"1234567890987654321","ipa":"10.16.0.161"}
[2023-11-30 01:54:56]
Berhasil merespon "dariMCU_2310IZ003" : {"respon":[{"id":"C00FC908B764","nodevice":"","message":"406","info":"ERROR!--CHIP TIDAK TERDAFTAR","nokartu":"D3561606"}]}
Berhasil kirim balasan ke "responServer_2310IZ003"

[2023-11-30 01:55:11]
Menerima pesan dari: dariMCU_2310IZ003 - Pesan: {"nokartu":"D3561606","idchip":"C00FC908B764","nodevice":"2310IZ003","key":"1234567890987654321","ipa":"10.16.0.161"}
[2023-11-30 01:55:11]
Berhasil merespon "dariMCU_2310IZ003" : {"respon":[{"id":"C00FC908B764","nodevice":"","message":"406","info":"ERROR!--CHIP TIDAK TERDAFTAR","nokartu":"D3561606"}]}
Berhasil kirim balasan ke "responServer_2310IZ003"

[2023-11-30 01:55:44]
Menerima pesan dari: dariMCU_2310IZ003 - Pesan: {"nokartu":"D3561606","idchip":"C00FC908B764","nodevice":"2310IZ003","key":"1234567890987654321","ipa":"10.16.0.161"}
[2023-11-30 01:55:44]
Berhasil merespon "dariMCU_2310IZ003" : {"respon":[{"id":"C00FC908B764","nodevice":"","message":"406","info":"ERROR!--CHIP TIDAK TERDAFTAR","nokartu":"D3561606"}]}
Berhasil kirim balasan ke "responServer_2310IZ003"

[2023-11-30 02:00:47]
Menerima pesan dari: dariMCU_2310IZ003 - Pesan: {"nokartu":"D3561606","idchip":"C00FC908B764","nodevice":"2310IZ003","key":"1234567890987654321","ipa":"10.16.0.161"}
[2023-11-30 02:00:47]
Berhasil merespon "dariMCU_2310IZ003" : {"respon":[{"id":"C00FC908B764","nodevice":"","message":"406","info":"ERROR!--CHIP TIDAK TERDAFTAR","nokartu":"D3561606"}]}
Berhasil kirim balasan ke "responServer_2310IZ003"

[2023-11-30 02:04:41]
Menerima pesan dari: dariMCU_2310IZ003 - Pesan: {"nokartu":"D3561606","idchip":"C00FC908B764","nodevice":"2310IZ003","key":"1234567890987654321","ipa":"10.16.0.161"}
[2023-11-30 02:04:41]
Berhasil merespon "dariMCU_2310IZ003" : {"respon":[{"id":"C00FC908B764","nodevice":"","message":"406","info":"ERROR!--CHIP TIDAK TERDAFTAR","nokartu":"D3561606"}]}
Berhasil kirim balasan ke "responServer_2310IZ003"

[2023-11-30 02:09:06]
Menerima pesan dari: dariMCU_2310IZ003 - Pesan: {"nokartu":"D3561606","idchip":"C00FC908B764","nodevice":"2310IZ003","key":"1234567890987654321","ipa":"10.16.0.161"}
[2023-11-30 02:09:06]
Berhasil merespon "dariMCU_2310IZ003" : {"respon":[{"id":"C00FC908B764","nodevice":"","message":"406","info":"ERROR!--CHIP TIDAK TERDAFTAR","nokartu":"D3561606"}]}
Berhasil kirim balasan ke "responServer_2310IZ003"

[2023-11-30 02:11:41]
Menerima pesan dari: dariMCU_2310IZ003 - Pesan: {"nokartu":"D3561606","idchip":"C00FC908B764","nodevice":"2310IZ003","key":"1234567890987654321","ipa":"10.16.0.161"}
[2023-11-30 02:11:41]
Berhasil merespon "dariMCU_2310IZ003" : {"respon":[{"id":"C00FC908B764","nodevice":"","message":"406","info":"ERROR!--CHIP TIDAK TERDAFTAR","nokartu":"D3561606"}]}
Berhasil kirim balasan ke "responServer_2310IZ003"

[2023-11-30 02:11:57]
Menerima pesan dari: dariMCU_2310IZ003 - Pesan: {"nokartu":"D3561606","idchip":"C00FC908B764","nodevice":"2310IZ003","key":"1234567890987654321","ipa":"10.16.0.161"}
[2023-11-30 02:11:57]
Berhasil merespon "dariMCU_2310IZ003" : {"respon":[{"id":"C00FC908B764","nodevice":"","message":"406","info":"ERROR!--CHIP TIDAK TERDAFTAR","nokartu":"D3561606"}]}
Berhasil kirim balasan ke "responServer_2310IZ003"

[2023-11-30 02:13:35]
Menerima pesan dari: dariMCU_2310IZ003 - Pesan: {"nokartu":"D3561606","idchip":"C00FC908B764","nodevice":"2310IZ003","key":"1234567890987654321","ipa":"10.16.0.161"}
[2023-11-30 02:13:35]
Berhasil merespon "dariMCU_2310IZ003" : {"respon":[{"id":"C00FC908B764","nodevice":"","message":"406","info":"ERROR!--CHIP TIDAK TERDAFTAR","nokartu":"D3561606"}]}
Berhasil kirim balasan ke "responServer_2310IZ003"

[2023-11-30 02:19:49]
Menerima pesan dari: dariMCU_2310IZ003 - Pesan: {"nokartu":"D3561606","idchip":"C00FC908B764","nodevice":"2310IZ003","key":"1234567890987654321","ipa":"10.16.0.161"}
[2023-11-30 02:19:49]
Berhasil merespon "dariMCU_2310IZ003" : {"respon":[{"id":"C00FC908B764","nodevice":"","message":"406","info":"ERROR!--CHIP TIDAK TERDAFTAR","nokartu":"D3561606"}]}
Berhasil kirim balasan ke "responServer_2310IZ003"

[2023-11-30 02:21:25]
Menerima pesan dari: dariMCU_2310IZ003 - Pesan: {"nokartu":"D3561606","idchip":"C00FC908B764","nodevice":"2310IZ003","key":"1234567890987654321","ipa":"10.16.0.161"}
[2023-11-30 02:21:25]
Berhasil merespon "dariMCU_2310IZ003" : {"respon":[{"id":"C00FC908B764","nodevice":"","message":"406","info":"ERROR!--CHIP TIDAK TERDAFTAR","nokartu":"D3561606"}]}
Berhasil kirim balasan ke "responServer_2310IZ003"

[2023-11-30 02:23:50]
Menerima pesan dari: dariMCU_2310IZ003 - Pesan: {"nokartu":"D3561606","idchip":"C00FC908B764","nodevice":"2310IZ003","key":"1234567890987654321","ipa":"10.16.0.161"}
[2023-11-30 02:23:50]
Berhasil merespon "dariMCU_2310IZ003" : {"respon":[{"id":"C00FC908B764","nodevice":"","message":"406","info":"ERROR!--CHIP TIDAK TERDAFTAR","nokartu":"D3561606"}]}
Berhasil kirim balasan ke "responServer_2310IZ003"

[2023-11-30 02:34:57]
Menerima pesan dari: dariMCU_2310IZ003 - Pesan: {"nokartu":"D3561606","idchip":"C00FC908B764","nodevice":"2310IZ003","key":"1234567890987654321","ipa":"10.16.0.161"}
[2023-11-30 02:34:57]
Berhasil merespon "dariMCU_2310IZ003" : {"respon":[{"id":"C00FC908B764","nodevice":"","message":"406","info":"ERROR!--CHIP TIDAK TERDAFTAR","nokartu":"D3561606"}]}
Berhasil kirim balasan ke "responServer_2310IZ003"

[2023-11-30 02:45:43]
Menerima pesan dari: dariMCU_2310IZ003 - Pesan: {"nokartu":"D3561606","idchip":"C00FC908B764","nodevice":"2310IZ003","key":"1234567890987654321","ipa":"10.16.0.161"}
[2023-11-30 02:45:43]
Berhasil merespon "dariMCU_2310IZ003" : {"respon":[{"id":"C00FC908B764","nodevice":"","message":"406","info":"ERROR!--CHIP TIDAK TERDAFTAR","nokartu":"D3561606"}]}
Berhasil kirim balasan ke "responServer_2310IZ003"

[2023-11-30 03:10:06]
Menerima pesan dari: dariMCU_2310IZ003 - Pesan: {"nokartu":"13197D05","idchip":"C00FC908B764","nodevice":"2310IZ003","key":"1234567890987654321","ipa":"10.16.0.161"}
[2023-11-30 03:10:06]
Berhasil merespon "dariMCU_2310IZ003" : {"respon":[{"id":"C00FC908B764","nodevice":"","message":"406","info":"ERROR!--CHIP TIDAK TERDAFTAR","nokartu":"13197D05"}]}
Berhasil kirim balasan ke "responServer_2310IZ003"

[2023-11-30 09:41:13]
Menerima pesan dari: dariMCU_2310IZ003 - Pesan: {"nokartu":"13197D05","idchip":"C00FC908B764","nodevice":"2310IZ003","key":"1234567890987654321","ipa":"10.16.0.161"}
[2023-11-30 09:41:13]
Berhasil merespon "dariMCU_2310IZ003" : {"respon":[{"id":"C00FC908B764","nodevice":"","message":"406","info":"ERROR!--CHIP TIDAK TERDAFTAR","nokartu":"13197D05"}]}
Berhasil kirim balasan ke "responServer_2310IZ003"

[2023-11-30 09:41:26]
Menerima pesan dari: dariMCU_2310IZ003 - Pesan: {"nokartu":"C2E2B920","idchip":"C00FC908B764","nodevice":"2310IZ003","key":"1234567890987654321","ipa":"10.16.0.161"}
[2023-11-30 09:41:26]
Berhasil merespon "dariMCU_2310IZ003" : {"respon":[{"id":"C00FC908B764","nodevice":"","message":"406","info":"ERROR!--CHIP TIDAK TERDAFTAR","nokartu":"C2E2B920"}]}
Berhasil kirim balasan ke "responServer_2310IZ003"

[2023-11-30 09:41:46]
Menerima pesan dari: dariMCU_2309G005 - Pesan: {"nokartu":"93F67406","idchip":"10687500","nodevice":"2309G005","key":"1234567890987654321","ipa":"10.16.0.232"}
[2023-11-30 09:41:46]
Berhasil merespon "dariMCU_2309G005" : {"respon":[{"id":"10687500","nodevice":"2309G005","message":"IDTT","info":"Kartu ID ini--belum terdaftar","nokartu":"93F67406"}]}
Berhasil kirim balasan ke "responServer_2309G005"

[2023-11-30 09:41:56]
Menerima pesan dari: dariMCU_2309G005 - Pesan: {"nokartu":"93F67406","idchip":"10687500","nodevice":"2309G005","key":"1234567890987654321","ipa":"10.16.0.232"}
[2023-11-30 09:41:56]
Berhasil merespon "dariMCU_2309G005" : {"respon":[{"id":"10687500","nodevice":"2309G005","message":"IDTT","info":"Kartu ID ini--belum terdaftar","nokartu":"93F67406"}]}
Berhasil kirim balasan ke "responServer_2309G005"

[2023-11-30 09:42:05]
Menerima pesan dari: dariMCU_2309G005 - Pesan: {"nokartu":"ED68DF6A","idchip":"10687500","nodevice":"2309G005","key":"1234567890987654321","ipa":"10.16.0.232"}
[2023-11-30 09:42:05]
Berhasil merespon "dariMCU_2309G005" : {"respon":[{"id":"10687500","nodevice":"2309G005","message":"TBPS","info":"Aprillia Palupi, S.P--Tidak bisa melakukan presensi sekarang.","nokartu":"ED68DF6A"}]}
Berhasil kirim balasan ke "responServer_2309G005"

[2023-11-30 09:42:16]
Menerima pesan dari: dariMCU_2309G005 - Pesan: {"nokartu":"C2E2B920","idchip":"10687500","nodevice":"2309G005","key":"1234567890987654321","ipa":"10.16.0.232"}
[2023-11-30 09:42:16]
Berhasil merespon "dariMCU_2309G005" : {"respon":[{"id":"10687500","nodevice":"2309G005","message":"TBPS","info":"Ellin Agesti Milana Al Faida--Tidak bisa melakukan presensi sekarang.","nokartu":"C2E2B920"}]}
Berhasil kirim balasan ke "responServer_2309G005"

[2023-11-30 09:42:33]
Menerima pesan dari: dariMCU_2309G005 - Pesan: {"nokartu":"C2E2B920","idchip":"10687500","nodevice":"2309G005","key":"1234567890987654321","ipa":"10.16.0.232"}
[2023-11-30 09:42:33]
Berhasil merespon "dariMCU_2309G005" : {"respon":[{"id":"10687500","nodevice":"2309G005","message":"TBPS","info":"Ellin Agesti Milana Al Faida--Tidak bisa melakukan presensi sekarang.","nokartu":"C2E2B920"}]}
Berhasil kirim balasan ke "responServer_2309G005"

[2023-11-30 12:58:45]
Menerima pesan dari: dariMCU_2309G005 - Pesan: {"nokartu":"ED68DF6A","idchip":"10687500","nodevice":"2309G005","key":"1234567890987654321","ipa":"10.16.0.232"}
[2023-11-30 12:58:45]
Berhasil merespon "dariMCU_2309G005" : {"respon":[{"id":"10687500","nodevice":"2309G005","message":"TBPS","info":"Aprillia Palupi, S.P--Tidak bisa melakukan presensi sekarang.","nokartu":"ED68DF6A"}]}
Berhasil kirim balasan ke "responServer_2309G005"

[2023-11-30 12:58:48]
Menerima pesan dari: dariMCU_2310IZ003 - Pesan: {"nokartu":"ED68DF6A","idchip":"C00FC908B764","nodevice":"2310IZ003","key":"1234567890987654321","ipa":"10.16.0.161"}
[2023-11-30 12:58:48]
Berhasil merespon "dariMCU_2310IZ003" : {"respon":[{"id":"C00FC908B764","nodevice":"","message":"406","info":"ERROR!--CHIP TIDAK TERDAFTAR","nokartu":"ED68DF6A"}]}
Berhasil kirim balasan ke "responServer_2310IZ003"

[2023-11-30 13:12:51]
Menerima pesan dari: dariMCU_2310IZ003 - Pesan: {"nokartu":"C2601A20","idchip":"C00FC908B764","nodevice":"2310IZ003","key":"1234567890987654321","ipa":"10.16.0.161"}
[2023-11-30 13:12:51]
Berhasil merespon "dariMCU_2310IZ003" : {"respon":[{"id":"C00FC908B764","nodevice":"","message":"406","info":"ERROR!--CHIP TIDAK TERDAFTAR","nokartu":"C2601A20"}]}
Berhasil kirim balasan ke "responServer_2310IZ003"

[2023-11-30 15:24:35]
Menerima pesan dari: dariMCU_2309G005 - Pesan: {"nokartu":"C2E2B920","idchip":"10687500","nodevice":"2309G005","key":"1234567890987654321","ipa":"10.16.0.232"}
[2023-11-30 15:24:35]
Berhasil merespon "dariMCU_2309G005" : {"respon":[{"id":"10687500","nodevice":"2309G005","message":"PPBH","info":"Ellin Agesti Milana Al Faida--Berhasil Presensi Pulang","nokartu":"C2E2B920"}]}
Berhasil kirim balasan ke "responServer_2309G005"

[2023-11-30 15:24:38]
Menerima pesan dari: dariMCU_2310IZ003 - Pesan: {"nokartu":"93F67406","idchip":"C00FC908B764","nodevice":"2310IZ003","key":"1234567890987654321","ipa":"10.16.0.161"}
[2023-11-30 15:24:38]
Berhasil merespon "dariMCU_2310IZ003" : {"respon":[{"id":"C00FC908B764","nodevice":"","message":"406","info":"ERROR!--CHIP TIDAK TERDAFTAR","nokartu":"93F67406"}]}
Berhasil kirim balasan ke "responServer_2310IZ003"

[2023-11-30 15:25:38]
Menerima pesan dari: dariMCU_2310IZ003 - Pesan: {"nokartu":"93F67406","idchip":"C00FC908B764","nodevice":"2310IZ003","key":"1234567890987654321","ipa":"10.16.0.161"}
[2023-11-30 15:25:38]
Berhasil merespon "dariMCU_2310IZ003" : {"respon":[{"id":"C00FC908B764","nodevice":"","message":"406","info":"ERROR!--CHIP TIDAK TERDAFTAR","nokartu":"93F67406"}]}
Berhasil kirim balasan ke "responServer_2310IZ003"

[2023-11-30 15:25:49]
Menerima pesan dari: dariMCU_2309G005 - Pesan: {"nokartu":"93F67406","idchip":"10687500","nodevice":"2309G005","key":"1234567890987654321","ipa":"10.16.0.232"}
[2023-11-30 15:25:49]
Berhasil merespon "dariMCU_2309G005" : {"respon":[{"id":"10687500","nodevice":"2309G005","message":"IDTT","info":"Kartu ID ini--belum terdaftar","nokartu":"93F67406"}]}
Berhasil kirim balasan ke "responServer_2309G005"

[2023-11-30 15:26:04]
Menerima pesan dari: dariMCU_2309G005 - Pesan: {"nokartu":"93F67406","idchip":"10687500","nodevice":"2309G005","key":"1234567890987654321","ipa":"10.16.0.232"}
[2023-11-30 15:26:04]
Berhasil merespon "dariMCU_2309G005" : {"respon":[{"id":"10687500","nodevice":"2309G005","message":"IDTT","info":"Kartu ID ini--belum terdaftar","nokartu":"93F67406"}]}
Berhasil kirim balasan ke "responServer_2309G005"

[2023-11-30 15:45:36]
Menerima pesan dari: dariMCU_2310IZ003 - Pesan: {"nokartu":"ED68DF6A","idchip":"C00FC908B764","nodevice":"2310IZ003","key":"1234567890987654321","ipa":"10.16.0.161"}
[2023-11-30 15:45:36]
Berhasil merespon "dariMCU_2310IZ003" : {"respon":[{"id":"C00FC908B764","nodevice":"","message":"406","info":"ERROR!--CHIP TIDAK TERDAFTAR","nokartu":"ED68DF6A"}]}
Berhasil kirim balasan ke "responServer_2310IZ003"

[2023-11-30 15:45:39]
Menerima pesan dari: dariMCU_2309G005 - Pesan: {"nokartu":"C2E2B920","idchip":"10687500","nodevice":"2309G005","key":"1234567890987654321","ipa":"10.16.0.232"}
[2023-11-30 15:45:39]
Berhasil merespon "dariMCU_2309G005" : {"respon":[{"id":"10687500","nodevice":"2309G005","message":"SAPP","info":"Ellin Agesti Milana Al Faida--Sudah melakukan presensi pulang","nokartu":"C2E2B920"}]}
Berhasil kirim balasan ke "responServer_2309G005"

[2023-11-30 15:45:48]
Menerima pesan dari: dariMCU_2309G005 - Pesan: {"nokartu":"13197D05","idchip":"10687500","nodevice":"2309G005","key":"1234567890987654321","ipa":"10.16.0.232"}
[2023-11-30 15:45:48]
Berhasil merespon "dariMCU_2309G005" : {"respon":[{"id":"10687500","nodevice":"2309G005","message":"IDTT","info":"Kartu ID ini--belum terdaftar","nokartu":"13197D05"}]}
Berhasil kirim balasan ke "responServer_2309G005"

[2023-11-30 18:24:48]
Menerima pesan dari: dariMCU_2309G005 - Pesan: {"nokartu":"C2E2B920","idchip":"10687500","nodevice":"2309G005","key":"1234567890987654321","ipa":"10.16.0.232"}
[2023-11-30 18:24:48]
Berhasil merespon "dariMCU_2309G005" : {"respon":[{"id":"10687500","nodevice":"2309G005","message":"SAPP","info":"Ellin Agesti Milana Al Faida--Sudah melakukan presensi pulang","nokartu":"C2E2B920"}]}
Berhasil kirim balasan ke "responServer_2309G005"

[2023-11-30 18:24:57]
Menerima pesan dari: dariMCU_2309G005 - Pesan: {"nokartu":"13197D05","idchip":"10687500","nodevice":"2309G005","key":"1234567890987654321","ipa":"10.16.0.232"}
[2023-11-30 18:24:57]
Berhasil merespon "dariMCU_2309G005" : {"respon":[{"id":"10687500","nodevice":"2309G005","message":"IDTT","info":"Kartu ID ini--belum terdaftar","nokartu":"13197D05"}]}
Berhasil kirim balasan ke "responServer_2309G005"

[2023-11-30 18:25:07]
Menerima pesan dari: dariMCU_2310IZ003 - Pesan: {"nokartu":"93F67406","idchip":"C00FC908B764","nodevice":"2310IZ003","key":"1234567890987654321","ipa":"10.16.0.161"}
[2023-11-30 18:25:07]
Berhasil merespon "dariMCU_2310IZ003" : {"respon":[{"id":"C00FC908B764","nodevice":"","message":"406","info":"ERROR!--CHIP TIDAK TERDAFTAR","nokartu":"93F67406"}]}
Berhasil kirim balasan ke "responServer_2310IZ003"

[2023-11-30 18:25:46]
Menerima pesan dari: dariMCU_2309G005 - Pesan: {"nokartu":"13197D05","idchip":"10687500","nodevice":"2309G005","key":"1234567890987654321","ipa":"10.16.0.232"}
[2023-11-30 18:25:46]
Berhasil merespon "dariMCU_2309G005" : {"respon":[{"id":"10687500","nodevice":"2309G005","message":"IDTT","info":"Kartu ID ini--belum terdaftar","nokartu":"13197D05"}]}
Berhasil kirim balasan ke "responServer_2309G005"

[2023-11-30 18:25:58]
Menerima pesan dari: dariMCU_2310IZ003 - Pesan: {"nokartu":"93F67406","idchip":"C00FC908B764","nodevice":"2310IZ003","key":"1234567890987654321","ipa":"10.16.0.161"}
[2023-11-30 18:25:58]
Berhasil merespon "dariMCU_2310IZ003" : {"respon":[{"id":"C00FC908B764","nodevice":"","message":"406","info":"ERROR!--CHIP TIDAK TERDAFTAR","nokartu":"93F67406"}]}
Berhasil kirim balasan ke "responServer_2310IZ003"

[2023-11-30 21:18:35]
Menerima pesan dari: dariMCU_2309G005 - Pesan: {"nokartu":"13197D05","idchip":"10687500","nodevice":"2309G005","key":"1234567890987654321","ipa":"10.16.0.232"}
[2023-11-30 21:18:35]
Berhasil merespon "dariMCU_2309G005" : {"respon":[{"id":"10687500","nodevice":"2309G005","message":"IDTT","info":"Kartu ID ini--belum terdaftar","nokartu":"13197D05"}]}
Berhasil kirim balasan ke "responServer_2309G005"

[2023-11-30 21:18:42]
Menerima pesan dari: dariMCU_2309G005 - Pesan: {"nokartu":"C2E2B920","idchip":"10687500","nodevice":"2309G005","key":"1234567890987654321","ipa":"10.16.0.232"}
[2023-11-30 21:18:42]
Berhasil merespon "dariMCU_2309G005" : {"respon":[{"id":"10687500","nodevice":"2309G005","message":"TBPS","info":"Ellin Agesti Milana Al Faida--Tidak bisa melakukan presensi sekarang.","nokartu":"C2E2B920"}]}
Berhasil kirim balasan ke "responServer_2309G005"

[2023-11-30 21:18:42]
Menerima pesan dari: dariMCU_2310IZ003 - Pesan: {"nokartu":"13197D05","idchip":"C00FC908B764","nodevice":"2310IZ003","key":"1234567890987654321","ipa":"10.16.0.161"}
[2023-11-30 21:18:42]
Berhasil merespon "dariMCU_2310IZ003" : {"respon":[{"id":"C00FC908B764","nodevice":"","message":"406","info":"ERROR!--CHIP TIDAK TERDAFTAR","nokartu":"13197D05"}]}
Berhasil kirim balasan ke "responServer_2310IZ003"

[2023-11-30 21:18:57]
Menerima pesan dari: dariMCU_2309G005 - Pesan: {"nokartu":"C2E2B920","idchip":"10687500","nodevice":"2309G005","key":"1234567890987654321","ipa":"10.16.0.232"}
[2023-11-30 21:18:57]
Berhasil merespon "dariMCU_2309G005" : {"respon":[{"id":"10687500","nodevice":"2309G005","message":"TBPS","info":"Ellin Agesti Milana Al Faida--Tidak bisa melakukan presensi sekarang.","nokartu":"C2E2B920"}]}
Berhasil kirim balasan ke "responServer_2309G005"

[2023-11-30 21:18:58]
Menerima pesan dari: dariMCU_2310IZ003 - Pesan: {"nokartu":"13197D05","idchip":"C00FC908B764","nodevice":"2310IZ003","key":"1234567890987654321","ipa":"10.16.0.161"}
[2023-11-30 21:18:58]
Berhasil merespon "dariMCU_2310IZ003" : {"respon":[{"id":"C00FC908B764","nodevice":"","message":"406","info":"ERROR!--CHIP TIDAK TERDAFTAR","nokartu":"13197D05"}]}
Berhasil kirim balasan ke "responServer_2310IZ003"

[2023-11-30 21:19:09]
Menerima pesan dari: dariMCU_2309G005 - Pesan: {"nokartu":"C2E2B920","idchip":"10687500","nodevice":"2309G005","key":"1234567890987654321","ipa":"10.16.0.232"}
[2023-11-30 21:19:09]
Berhasil merespon "dariMCU_2309G005" : {"respon":[{"id":"10687500","nodevice":"2309G005","message":"TBPS","info":"Ellin Agesti Milana Al Faida--Tidak bisa melakukan presensi sekarang.","nokartu":"C2E2B920"}]}
Berhasil kirim balasan ke "responServer_2309G005"

[2023-11-30 21:19:20]
Menerima pesan dari: dariMCU_2309G005 - Pesan: {"nokartu":"93F67406","idchip":"10687500","nodevice":"2309G005","key":"1234567890987654321","ipa":"10.16.0.232"}
[2023-11-30 21:19:20]
Berhasil merespon "dariMCU_2309G005" : {"respon":[{"id":"10687500","nodevice":"2309G005","message":"IDTT","info":"Kartu ID ini--belum terdaftar","nokartu":"93F67406"}]}
Berhasil kirim balasan ke "responServer_2309G005"

[2023-11-30 21:19:29]
Menerima pesan dari: dariMCU_2310IZ003 - Pesan: {"nokartu":"13197D05","idchip":"C00FC908B764","nodevice":"2310IZ003","key":"1234567890987654321","ipa":"10.16.0.161"}
[2023-11-30 21:19:29]
Berhasil merespon "dariMCU_2310IZ003" : {"respon":[{"id":"C00FC908B764","nodevice":"","message":"406","info":"ERROR!--CHIP TIDAK TERDAFTAR","nokartu":"13197D05"}]}
Berhasil kirim balasan ke "responServer_2310IZ003"

[2023-11-30 21:19:44]
Menerima pesan dari: dariMCU_2309G005 - Pesan: {"nokartu":"93F67406","idchip":"10687500","nodevice":"2309G005","key":"1234567890987654321","ipa":"10.16.0.232"}
[2023-11-30 21:19:44]
Berhasil merespon "dariMCU_2309G005" : {"respon":[{"id":"10687500","nodevice":"2309G005","message":"IDTT","info":"Kartu ID ini--belum terdaftar","nokartu":"93F67406"}]}
Berhasil kirim balasan ke "responServer_2309G005"

[2023-11-30 21:19:44]
Menerima pesan dari: dariMCU_2310IZ003 - Pesan: {"nokartu":"13197D05","idchip":"C00FC908B764","nodevice":"2310IZ003","key":"1234567890987654321","ipa":"10.16.0.161"}
[2023-11-30 21:19:44]
Berhasil merespon "dariMCU_2310IZ003" : {"respon":[{"id":"C00FC908B764","nodevice":"","message":"406","info":"ERROR!--CHIP TIDAK TERDAFTAR","nokartu":"13197D05"}]}
Berhasil kirim balasan ke "responServer_2310IZ003"

[2023-11-30 21:20:03]
Menerima pesan dari: dariMCU_2309G005 - Pesan: {"nokartu":"93F67406","idchip":"10687500","nodevice":"2309G005","key":"1234567890987654321","ipa":"10.16.0.232"}
[2023-11-30 21:20:03]
Berhasil merespon "dariMCU_2309G005" : {"respon":[{"id":"10687500","nodevice":"2309G005","message":"IDTT","info":"Kartu ID ini--belum terdaftar","nokartu":"93F67406"}]}
Berhasil kirim balasan ke "responServer_2309G005"

