[2024-09-21 10:01:56]
Menerima pesan dari: dariMCU_2309MAS003 - Pesan: {"nokartu":"B37F7A05","idchip":"16581755","nodevice":"2309MAS003","key":"1234567890987654321","ipa":"10.10.8.233"}
[2024-09-21 10:01:56]
Berhasil merespon "dariMCU_2309MAS003" : {"respon":[{"id":"16581755","nodevice":"2309MAS003","message":"TBPS","info":"Putra Fajar Noviyanto--Tidak bisa melakukan presensi sekarang.","nokartu":"B37F7A05"}]}
Berhasil kirim balasan ke "responServer_2309MAS003"

[2024-09-21 10:02:02]
Menerima pesan dari: dariMCU_2309MAS003 - Pesan: {"nokartu":"B37F7A05","idchip":"16581755","nodevice":"2309MAS003","key":"1234567890987654321","ipa":"10.10.8.233"}
[2024-09-21 10:02:02]
Berhasil merespon "dariMCU_2309MAS003" : {"respon":[{"id":"16581755","nodevice":"2309MAS003","message":"TBPS","info":"Putra Fajar Noviyanto--Tidak bisa melakukan presensi sekarang.","nokartu":"B37F7A05"}]}
Berhasil kirim balasan ke "responServer_2309MAS003"

[2024-09-21 10:02:08]
Menerima pesan dari: dariMCU_2309MAS003 - Pesan: {"nokartu":"B37F7A05","idchip":"16581755","nodevice":"2309MAS003","key":"1234567890987654321","ipa":"10.10.8.233"}
[2024-09-21 10:02:08]
Berhasil merespon "dariMCU_2309MAS003" : {"respon":[{"id":"16581755","nodevice":"2309MAS003","message":"TBPS","info":"Putra Fajar Noviyanto--Tidak bisa melakukan presensi sekarang.","nokartu":"B37F7A05"}]}
Berhasil kirim balasan ke "responServer_2309MAS003"

[2024-09-21 10:02:14]
Menerima pesan dari: dariMCU_2309MAS003 - Pesan: {"nokartu":"B37F7A05","idchip":"16581755","nodevice":"2309MAS003","key":"1234567890987654321","ipa":"10.10.8.233"}
[2024-09-21 10:02:14]
Berhasil merespon "dariMCU_2309MAS003" : {"respon":[{"id":"16581755","nodevice":"2309MAS003","message":"TBPS","info":"Putra Fajar Noviyanto--Tidak bisa melakukan presensi sekarang.","nokartu":"B37F7A05"}]}
Berhasil kirim balasan ke "responServer_2309MAS003"

[2024-09-21 10:02:20]
Menerima pesan dari: dariMCU_2309MAS003 - Pesan: {"nokartu":"B37F7A05","idchip":"16581755","nodevice":"2309MAS003","key":"1234567890987654321","ipa":"10.10.8.233"}
[2024-09-21 10:02:20]
Berhasil merespon "dariMCU_2309MAS003" : {"respon":[{"id":"16581755","nodevice":"2309MAS003","message":"TBPS","info":"Putra Fajar Noviyanto--Tidak bisa melakukan presensi sekarang.","nokartu":"B37F7A05"}]}
Berhasil kirim balasan ke "responServer_2309MAS003"

[2024-09-21 10:02:21]
Menerima pesan dari: dariMCU_2309MAS003 - Pesan: {"nokartu":"B37F7A05","idchip":"16581755","nodevice":"2309MAS003","key":"1234567890987654321","ipa":"10.10.8.233"}
[2024-09-21 10:02:21]
Berhasil merespon "dariMCU_2309MAS003" : {"respon":[{"id":"16581755","nodevice":"2309MAS003","message":"TBPS","info":"Putra Fajar Noviyanto--Tidak bisa melakukan presensi sekarang.","nokartu":"B37F7A05"}]}
Berhasil kirim balasan ke "responServer_2309MAS003"

[2024-09-21 10:02:27]
Menerima pesan dari: dariMCU_2309MAS003 - Pesan: {"nokartu":"B37F7A05","idchip":"16581755","nodevice":"2309MAS003","key":"1234567890987654321","ipa":"10.10.8.233"}
[2024-09-21 10:02:27]
Berhasil merespon "dariMCU_2309MAS003" : {"respon":[{"id":"16581755","nodevice":"2309MAS003","message":"TBPS","info":"Putra Fajar Noviyanto--Tidak bisa melakukan presensi sekarang.","nokartu":"B37F7A05"}]}
Berhasil kirim balasan ke "responServer_2309MAS003"

[2024-09-21 10:05:53]
Menerima pesan dari: dariMCU_2309MAS003 - Pesan: {"nokartu":"A4918C51","idchip":"16581755","nodevice":"2309MAS003","key":"1234567890987654321","ipa":"10.10.8.233"}
[2024-09-21 10:05:53]
Berhasil merespon "dariMCU_2309MAS003" : {"respon":[{"id":"16581755","nodevice":"2309MAS003","message":"TBPS","info":"Dias Fagreen Pradana--Tidak bisa melakukan presensi sekarang.","nokartu":"A4918C51"}]}
Berhasil kirim balasan ke "responServer_2309MAS003"

[2024-09-21 10:05:54]
Menerima pesan dari: dariMCU_2309MAS003 - Pesan: {"nokartu":"A4918C51","idchip":"16581755","nodevice":"2309MAS003","key":"1234567890987654321","ipa":"10.10.8.233"}
[2024-09-21 10:05:54]
Berhasil merespon "dariMCU_2309MAS003" : {"respon":[{"id":"16581755","nodevice":"2309MAS003","message":"TBPS","info":"Dias Fagreen Pradana--Tidak bisa melakukan presensi sekarang.","nokartu":"A4918C51"}]}
Berhasil kirim balasan ke "responServer_2309MAS003"

