[2025-08-07 11:51:47]
Menerima pesan dari: dariMCU_2309MAS003 - Pesan: {"nokartu":"236F14FF","idchip":"16581755","nodevice":"2309MAS003","key":"1234567890987654321","ipa":"10.10.26.21"}
[2025-08-07 11:51:47]
Berhasil merespon "dariMCU_2309MAS003" : {"respon":[{"id":"16581755","nodevice":"2309MAS003","message":"BMPE","info":"Dista Erla Dia--Berhasil Presensi -Mulai-","nokartu":"236F14FF"}]}
Berhasil kirim balasan ke "responServer_2309MAS003"

[2025-08-07 11:51:50]
Menerima pesan dari: dariMCU_2309MAS003 - Pesan: {"nokartu":"236F14FF","idchip":"16581755","nodevice":"2309MAS003","key":"1234567890987654321","ipa":"10.10.26.21"}
[2025-08-07 11:51:50]
Berhasil merespon "dariMCU_2309MAS003" : {"respon":[{"id":"16581755","nodevice":"2309MAS003","message":"510","info":"Dista Erla Dia--TERCATAT! 3 dtk lalu","nokartu":"236F14FF"}]}
Berhasil kirim balasan ke "responServer_2309MAS003"

[2025-08-07 12:06:12]
Menerima pesan dari: dariMCU_2309MAS001 - Pesan: {"nokartu":"93F124FF","idchip":"4115046","nodevice":"2309MAS001","key":"1234567890987654321","ipa":"10.10.24.133"}
[2025-08-07 12:06:12]
Berhasil merespon "dariMCU_2309MAS001" : {"respon":[{"id":"4115046","nodevice":"2309MAS001","message":"BMPE","info":"Reynata Rizki Kisdaningtyas--Berhasil Presensi -Mulai-","nokartu":"93F124FF"}]}
Berhasil kirim balasan ke "responServer_2309MAS001"

[2025-08-07 12:06:16]
Menerima pesan dari: dariMCU_2309MAS001 - Pesan: {"nokartu":"93F124FF","idchip":"4115046","nodevice":"2309MAS001","key":"1234567890987654321","ipa":"10.10.24.133"}
[2025-08-07 12:06:16]
Berhasil merespon "dariMCU_2309MAS001" : {"respon":[{"id":"4115046","nodevice":"2309MAS001","message":"510","info":"Reynata Rizki Kisdaningtyas--TERCATAT! 4 dtk lalu","nokartu":"93F124FF"}]}
Berhasil kirim balasan ke "responServer_2309MAS001"

[2025-08-07 12:06:20]
Menerima pesan dari: dariMCU_2309MAS001 - Pesan: {"nokartu":"73ED2CFF","idchip":"4115046","nodevice":"2309MAS001","key":"1234567890987654321","ipa":"10.10.24.133"}
[2025-08-07 12:06:20]
Berhasil merespon "dariMCU_2309MAS001" : {"respon":[{"id":"4115046","nodevice":"2309MAS001","message":"BMPE","info":"Jesica Ayu Natalia--Berhasil Presensi -Mulai-","nokartu":"73ED2CFF"}]}
Berhasil kirim balasan ke "responServer_2309MAS001"

[2025-08-07 12:06:24]
Menerima pesan dari: dariMCU_2309MAS001 - Pesan: {"nokartu":"73ED2CFF","idchip":"4115046","nodevice":"2309MAS001","key":"1234567890987654321","ipa":"10.10.24.133"}
[2025-08-07 12:06:24]
Berhasil merespon "dariMCU_2309MAS001" : {"respon":[{"id":"4115046","nodevice":"2309MAS001","message":"510","info":"Jesica Ayu Natalia--TERCATAT! 4 dtk lalu","nokartu":"73ED2CFF"}]}
Berhasil kirim balasan ke "responServer_2309MAS001"

[2025-08-07 12:06:25]
Menerima pesan dari: dariMCU_2309MAS001 - Pesan: {"nokartu":"23DD2EFF","idchip":"4115046","nodevice":"2309MAS001","key":"1234567890987654321","ipa":"10.10.24.133"}
[2025-08-07 12:06:25]
Berhasil merespon "dariMCU_2309MAS001" : {"respon":[{"id":"4115046","nodevice":"2309MAS001","message":"BMPE","info":"Widya Rachmawaty--Berhasil Presensi -Mulai-","nokartu":"23DD2EFF"}]}
Berhasil kirim balasan ke "responServer_2309MAS001"

[2025-08-07 12:06:44]
Menerima pesan dari: dariMCU_2309MAS003 - Pesan: {"nokartu":"C31AADE2","idchip":"16581755","nodevice":"2309MAS003","key":"1234567890987654321","ipa":"10.10.26.21"}
[2025-08-07 12:06:44]
Berhasil merespon "dariMCU_2309MAS003" : {"respon":[{"id":"16581755","nodevice":"2309MAS003","message":"IDTT","info":"Kartu ID ini--belum terdaftar","nokartu":"C31AADE2"}]}
Berhasil kirim balasan ke "responServer_2309MAS003"

[2025-08-07 12:06:56]
Menerima pesan dari: dariMCU_2309MAS003 - Pesan: {"nokartu":"83A132FF","idchip":"16581755","nodevice":"2309MAS003","key":"1234567890987654321","ipa":"10.10.26.21"}
[2025-08-07 12:06:56]
Berhasil merespon "dariMCU_2309MAS003" : {"respon":[{"id":"16581755","nodevice":"2309MAS003","message":"BMPE","info":"Desvita Aulia--Berhasil Presensi -Mulai-","nokartu":"83A132FF"}]}
Berhasil kirim balasan ke "responServer_2309MAS003"

[2025-08-07 12:06:59]
Menerima pesan dari: dariMCU_2309MAS003 - Pesan: {"nokartu":"83A132FF","idchip":"16581755","nodevice":"2309MAS003","key":"1234567890987654321","ipa":"10.10.26.21"}
[2025-08-07 12:06:59]
Berhasil merespon "dariMCU_2309MAS003" : {"respon":[{"id":"16581755","nodevice":"2309MAS003","message":"510","info":"Desvita Aulia--TERCATAT! 3 dtk lalu","nokartu":"83A132FF"}]}
Berhasil kirim balasan ke "responServer_2309MAS003"

[2025-08-07 12:07:06]
Menerima pesan dari: dariMCU_2309MAS003 - Pesan: {"nokartu":"83A04B05","idchip":"16581755","nodevice":"2309MAS003","key":"1234567890987654321","ipa":"10.10.26.21"}
[2025-08-07 12:07:06]
Berhasil merespon "dariMCU_2309MAS003" : {"respon":[{"id":"16581755","nodevice":"2309MAS003","message":"BMPE","info":"Desta Ranayuda--Berhasil Presensi -Mulai-","nokartu":"83A04B05"}]}
Berhasil kirim balasan ke "responServer_2309MAS003"

[2025-08-07 12:07:09]
Menerima pesan dari: dariMCU_2309MAS003 - Pesan: {"nokartu":"83A04B05","idchip":"16581755","nodevice":"2309MAS003","key":"1234567890987654321","ipa":"10.10.26.21"}
[2025-08-07 12:07:09]
Berhasil merespon "dariMCU_2309MAS003" : {"respon":[{"id":"16581755","nodevice":"2309MAS003","message":"510","info":"Desta Ranayuda--TERCATAT! 3 dtk lalu","nokartu":"83A04B05"}]}
Berhasil kirim balasan ke "responServer_2309MAS003"

[2025-08-07 12:07:10]
Menerima pesan dari: dariMCU_2309MAS003 - Pesan: {"nokartu":"D3D62DFF","idchip":"16581755","nodevice":"2309MAS003","key":"1234567890987654321","ipa":"10.10.26.21"}
[2025-08-07 12:07:10]
Berhasil merespon "dariMCU_2309MAS003" : {"respon":[{"id":"16581755","nodevice":"2309MAS003","message":"BMPE","info":"Alyka Nur Risya Ilfya--Berhasil Presensi -Mulai-","nokartu":"D3D62DFF"}]}
Berhasil kirim balasan ke "responServer_2309MAS003"

[2025-08-07 12:08:10]
Menerima pesan dari: dariMCU_2309MAS003 - Pesan: {"nokartu":"23B006FE","idchip":"16581755","nodevice":"2309MAS003","key":"1234567890987654321","ipa":"10.10.26.21"}
[2025-08-07 12:08:10]
Berhasil merespon "dariMCU_2309MAS003" : {"respon":[{"id":"16581755","nodevice":"2309MAS003","message":"BMPE","info":"Eka Ananda Putri--Berhasil Presensi -Mulai-","nokartu":"23B006FE"}]}
Berhasil kirim balasan ke "responServer_2309MAS003"

[2025-08-07 12:08:14]
Menerima pesan dari: dariMCU_2309MAS003 - Pesan: {"nokartu":"23B006FE","idchip":"16581755","nodevice":"2309MAS003","key":"1234567890987654321","ipa":"10.10.26.21"}
[2025-08-07 12:08:14]
Berhasil merespon "dariMCU_2309MAS003" : {"respon":[{"id":"16581755","nodevice":"2309MAS003","message":"510","info":"Eka Ananda Putri--TERCATAT! 4 dtk lalu","nokartu":"23B006FE"}]}
Berhasil kirim balasan ke "responServer_2309MAS003"

[2025-08-07 12:08:18]
Menerima pesan dari: dariMCU_2309MAS003 - Pesan: {"nokartu":"4613B989","idchip":"16581755","nodevice":"2309MAS003","key":"1234567890987654321","ipa":"10.10.26.21"}
[2025-08-07 12:08:18]
Berhasil merespon "dariMCU_2309MAS003" : {"respon":[{"id":"16581755","nodevice":"2309MAS003","message":"BMPE","info":"Esa Chandra Apriawan--Berhasil Presensi -Mulai-","nokartu":"4613B989"}]}
Berhasil kirim balasan ke "responServer_2309MAS003"

[2025-08-07 12:08:22]
Menerima pesan dari: dariMCU_2309MAS003 - Pesan: {"nokartu":"4613B989","idchip":"16581755","nodevice":"2309MAS003","key":"1234567890987654321","ipa":"10.10.26.21"}
[2025-08-07 12:08:22]
Berhasil merespon "dariMCU_2309MAS003" : {"respon":[{"id":"16581755","nodevice":"2309MAS003","message":"510","info":"Esa Chandra Apriawan--TERCATAT! 4 dtk lalu","nokartu":"4613B989"}]}
Berhasil kirim balasan ke "responServer_2309MAS003"

[2025-08-07 12:08:28]
Menerima pesan dari: dariMCU_2309MAS003 - Pesan: {"nokartu":"63B91AFE","idchip":"16581755","nodevice":"2309MAS003","key":"1234567890987654321","ipa":"10.10.26.21"}
[2025-08-07 12:08:28]
Berhasil merespon "dariMCU_2309MAS003" : {"respon":[{"id":"16581755","nodevice":"2309MAS003","message":"BMPE","info":"Bahy Daniswara--Berhasil Presensi -Mulai-","nokartu":"63B91AFE"}]}
Berhasil kirim balasan ke "responServer_2309MAS003"

[2025-08-07 12:08:32]
Menerima pesan dari: dariMCU_2309MAS003 - Pesan: {"nokartu":"737931FF","idchip":"16581755","nodevice":"2309MAS003","key":"1234567890987654321","ipa":"10.10.26.21"}
[2025-08-07 12:08:32]
Berhasil merespon "dariMCU_2309MAS003" : {"respon":[{"id":"16581755","nodevice":"2309MAS003","message":"BMPE","info":"Farel Ardian--Berhasil Presensi -Mulai-","nokartu":"737931FF"}]}
Berhasil kirim balasan ke "responServer_2309MAS003"

[2025-08-07 12:08:37]
Menerima pesan dari: dariMCU_2309MAS003 - Pesan: {"nokartu":"53D022FF","idchip":"16581755","nodevice":"2309MAS003","key":"1234567890987654321","ipa":"10.10.26.21"}
[2025-08-07 12:08:37]
Berhasil merespon "dariMCU_2309MAS003" : {"respon":[{"id":"16581755","nodevice":"2309MAS003","message":"BMPE","info":"Muhamad Zulfikar Rahman--Berhasil Presensi -Mulai-","nokartu":"53D022FF"}]}
Berhasil kirim balasan ke "responServer_2309MAS003"

[2025-08-07 12:08:40]
Menerima pesan dari: dariMCU_2309MAS003 - Pesan: {"nokartu":"53D022FF","idchip":"16581755","nodevice":"2309MAS003","key":"1234567890987654321","ipa":"10.10.26.21"}
[2025-08-07 12:08:40]
Berhasil merespon "dariMCU_2309MAS003" : {"respon":[{"id":"16581755","nodevice":"2309MAS003","message":"510","info":"Muhamad Zulfikar Rahman--TERCATAT! 3 dtk lalu","nokartu":"53D022FF"}]}
Berhasil kirim balasan ke "responServer_2309MAS003"

[2025-08-07 12:08:41]
Menerima pesan dari: dariMCU_2309MAS003 - Pesan: {"nokartu":"737931FF","idchip":"16581755","nodevice":"2309MAS003","key":"1234567890987654321","ipa":"10.10.26.21"}
[2025-08-07 12:08:41]
Berhasil merespon "dariMCU_2309MAS003" : {"respon":[{"id":"16581755","nodevice":"2309MAS003","message":"510","info":"Farel Ardian--TERCATAT! 9 dtk lalu","nokartu":"737931FF"}]}
Berhasil kirim balasan ke "responServer_2309MAS003"

[2025-08-07 12:08:50]
Menerima pesan dari: dariMCU_2309MAS003 - Pesan: {"nokartu":"737931FF","idchip":"16581755","nodevice":"2309MAS003","key":"1234567890987654321","ipa":"10.10.26.21"}
[2025-08-07 12:08:50]
Berhasil merespon "dariMCU_2309MAS003" : {"respon":[{"id":"16581755","nodevice":"2309MAS003","message":"510","info":"Farel Ardian--TERCATAT! 18 dtk lalu","nokartu":"737931FF"}]}
Berhasil kirim balasan ke "responServer_2309MAS003"

[2025-08-07 12:08:56]
Menerima pesan dari: dariMCU_2309MAS003 - Pesan: {"nokartu":"C3962FFF","idchip":"16581755","nodevice":"2309MAS003","key":"1234567890987654321","ipa":"10.10.26.21"}
[2025-08-07 12:08:56]
Berhasil merespon "dariMCU_2309MAS003" : {"respon":[{"id":"16581755","nodevice":"2309MAS003","message":"BMPE","info":"Ahmad Riva i--Berhasil Presensi -Mulai-","nokartu":"C3962FFF"}]}
Berhasil kirim balasan ke "responServer_2309MAS003"

[2025-08-07 12:09:00]
Menerima pesan dari: dariMCU_2309MAS003 - Pesan: {"nokartu":"C3962FFF","idchip":"16581755","nodevice":"2309MAS003","key":"1234567890987654321","ipa":"10.10.26.21"}
[2025-08-07 12:09:00]
Berhasil merespon "dariMCU_2309MAS003" : {"respon":[{"id":"16581755","nodevice":"2309MAS003","message":"510","info":"Ahmad Riva i--TERCATAT! 4 dtk lalu","nokartu":"C3962FFF"}]}
Berhasil kirim balasan ke "responServer_2309MAS003"

[2025-08-07 12:09:01]
Menerima pesan dari: dariMCU_2309MAS003 - Pesan: {"nokartu":"737931FF","idchip":"16581755","nodevice":"2309MAS003","key":"1234567890987654321","ipa":"10.10.26.21"}
[2025-08-07 12:09:01]
Berhasil merespon "dariMCU_2309MAS003" : {"respon":[{"id":"16581755","nodevice":"2309MAS003","message":"510","info":"Farel Ardian--TERCATAT! 29 dtk lalu","nokartu":"737931FF"}]}
Berhasil kirim balasan ke "responServer_2309MAS003"

[2025-08-07 12:10:11]
Menerima pesan dari: dariMCU_2309MAS003 - Pesan: {"nokartu":"F3422DFF","idchip":"16581755","nodevice":"2309MAS003","key":"1234567890987654321","ipa":"10.10.26.21"}
[2025-08-07 12:10:11]
Berhasil merespon "dariMCU_2309MAS003" : {"respon":[{"id":"16581755","nodevice":"2309MAS003","message":"BMPE","info":"Verlita Risky--Berhasil Presensi -Mulai-","nokartu":"F3422DFF"}]}
Berhasil kirim balasan ke "responServer_2309MAS003"

[2025-08-07 12:10:12]
Menerima pesan dari: dariMCU_2309MAS003 - Pesan: {"nokartu":"F3422DFF","idchip":"16581755","nodevice":"2309MAS003","key":"1234567890987654321","ipa":"10.10.26.21"}
[2025-08-07 12:10:12]
Berhasil merespon "dariMCU_2309MAS003" : {"respon":[{"id":"16581755","nodevice":"2309MAS003","message":"510","info":"Verlita Risky--TERCATAT! 1 dtk lalu","nokartu":"F3422DFF"}]}
Berhasil kirim balasan ke "responServer_2309MAS003"

[2025-08-07 12:10:44]
Menerima pesan dari: dariMCU_2309MAS003 - Pesan: {"nokartu":"4476B889","idchip":"16581755","nodevice":"2309MAS003","key":"1234567890987654321","ipa":"10.10.26.21"}
[2025-08-07 12:10:44]
Berhasil merespon "dariMCU_2309MAS003" : {"respon":[{"id":"16581755","nodevice":"2309MAS003","message":"BMPE","info":"Asshyfa Nur Lita--Berhasil Presensi -Mulai-","nokartu":"4476B889"}]}
Berhasil kirim balasan ke "responServer_2309MAS003"

[2025-08-07 12:10:48]
Menerima pesan dari: dariMCU_2309MAS003 - Pesan: {"nokartu":"C3BF32FF","idchip":"16581755","nodevice":"2309MAS003","key":"1234567890987654321","ipa":"10.10.26.21"}
[2025-08-07 12:10:48]
Berhasil merespon "dariMCU_2309MAS003" : {"respon":[{"id":"16581755","nodevice":"2309MAS003","message":"BMPE","info":"Leny Adilliani--Berhasil Presensi -Mulai-","nokartu":"C3BF32FF"}]}
Berhasil kirim balasan ke "responServer_2309MAS003"

[2025-08-07 12:10:51]
Menerima pesan dari: dariMCU_2309MAS003 - Pesan: {"nokartu":"C3BF32FF","idchip":"16581755","nodevice":"2309MAS003","key":"1234567890987654321","ipa":"10.10.26.21"}
[2025-08-07 12:10:51]
Berhasil merespon "dariMCU_2309MAS003" : {"respon":[{"id":"16581755","nodevice":"2309MAS003","message":"510","info":"Leny Adilliani--TERCATAT! 3 dtk lalu","nokartu":"C3BF32FF"}]}
Berhasil kirim balasan ke "responServer_2309MAS003"

[2025-08-07 12:10:52]
Menerima pesan dari: dariMCU_2309MAS003 - Pesan: {"nokartu":"7337E1E4","idchip":"16581755","nodevice":"2309MAS003","key":"1234567890987654321","ipa":"10.10.26.21"}
[2025-08-07 12:10:52]
Berhasil merespon "dariMCU_2309MAS003" : {"respon":[{"id":"16581755","nodevice":"2309MAS003","message":"BMPE","info":"Neysiella Belqis Najla Oktavia--Berhasil Presensi -Mulai-","nokartu":"7337E1E4"}]}
Berhasil kirim balasan ke "responServer_2309MAS003"

[2025-08-07 12:10:56]
Menerima pesan dari: dariMCU_2309MAS003 - Pesan: {"nokartu":"A32C22FF","idchip":"16581755","nodevice":"2309MAS003","key":"1234567890987654321","ipa":"10.10.26.21"}
[2025-08-07 12:10:56]
Berhasil merespon "dariMCU_2309MAS003" : {"respon":[{"id":"16581755","nodevice":"2309MAS003","message":"BMPE","info":"Nisfa Leilia Rahma--Berhasil Presensi -Mulai-","nokartu":"A32C22FF"}]}
Berhasil kirim balasan ke "responServer_2309MAS003"

[2025-08-07 12:10:57]
Menerima pesan dari: dariMCU_2309MAS003 - Pesan: {"nokartu":"A32C22FF","idchip":"16581755","nodevice":"2309MAS003","key":"1234567890987654321","ipa":"10.10.26.21"}
[2025-08-07 12:10:57]
Berhasil merespon "dariMCU_2309MAS003" : {"respon":[{"id":"16581755","nodevice":"2309MAS003","message":"510","info":"Nisfa Leilia Rahma--TERCATAT! 1 dtk lalu","nokartu":"A32C22FF"}]}
Berhasil kirim balasan ke "responServer_2309MAS003"

[2025-08-07 12:11:04]
Menerima pesan dari: dariMCU_2309MAS003 - Pesan: {"nokartu":"53267F05","idchip":"16581755","nodevice":"2309MAS003","key":"1234567890987654321","ipa":"10.10.26.21"}
[2025-08-07 12:11:04]
Berhasil merespon "dariMCU_2309MAS003" : {"respon":[{"id":"16581755","nodevice":"2309MAS003","message":"BMPE","info":"Tri Yunita Fatma Sari--Berhasil Presensi -Mulai-","nokartu":"53267F05"}]}
Berhasil kirim balasan ke "responServer_2309MAS003"

[2025-08-07 12:11:08]
Menerima pesan dari: dariMCU_2309MAS003 - Pesan: {"nokartu":"E17E6450","idchip":"16581755","nodevice":"2309MAS003","key":"1234567890987654321","ipa":"10.10.26.21"}
[2025-08-07 12:11:08]
Berhasil merespon "dariMCU_2309MAS003" : {"respon":[{"id":"16581755","nodevice":"2309MAS003","message":"BMPE","info":"Putri Maesaroh--Berhasil Presensi -Mulai-","nokartu":"E17E6450"}]}
Berhasil kirim balasan ke "responServer_2309MAS003"

[2025-08-07 12:11:16]
Menerima pesan dari: dariMCU_2309MAS003 - Pesan: {"nokartu":"E17E6450","idchip":"16581755","nodevice":"2309MAS003","key":"1234567890987654321","ipa":"10.10.26.21"}
[2025-08-07 12:11:16]
Berhasil merespon "dariMCU_2309MAS003" : {"respon":[{"id":"16581755","nodevice":"2309MAS003","message":"510","info":"Putri Maesaroh--TERCATAT! 8 dtk lalu","nokartu":"E17E6450"}]}
Berhasil kirim balasan ke "responServer_2309MAS003"

[2025-08-07 12:11:29]
Menerima pesan dari: dariMCU_2309MAS003 - Pesan: {"nokartu":"A39E14FF","idchip":"16581755","nodevice":"2309MAS003","key":"1234567890987654321","ipa":"10.10.26.21"}
[2025-08-07 12:11:29]
Berhasil merespon "dariMCU_2309MAS003" : {"respon":[{"id":"16581755","nodevice":"2309MAS003","message":"IDTT","info":"Kartu ID ini--belum terdaftar","nokartu":"A39E14FF"}]}
Berhasil kirim balasan ke "responServer_2309MAS003"

[2025-08-07 12:12:27]
Menerima pesan dari: dariMCU_2309MAS003 - Pesan: {"nokartu":"63D323FF","idchip":"16581755","nodevice":"2309MAS003","key":"1234567890987654321","ipa":"10.10.26.21"}
[2025-08-07 12:12:27]
Berhasil merespon "dariMCU_2309MAS003" : {"respon":[{"id":"16581755","nodevice":"2309MAS003","message":"BMPE","info":"Hisna Alifah--Berhasil Presensi -Mulai-","nokartu":"63D323FF"}]}
Berhasil kirim balasan ke "responServer_2309MAS003"

[2025-08-07 12:12:31]
Menerima pesan dari: dariMCU_2309MAS003 - Pesan: {"nokartu":"63D323FF","idchip":"16581755","nodevice":"2309MAS003","key":"1234567890987654321","ipa":"10.10.26.21"}
[2025-08-07 12:12:31]
Berhasil merespon "dariMCU_2309MAS003" : {"respon":[{"id":"16581755","nodevice":"2309MAS003","message":"510","info":"Hisna Alifah--TERCATAT! 4 dtk lalu","nokartu":"63D323FF"}]}
Berhasil kirim balasan ke "responServer_2309MAS003"

[2025-08-07 12:12:35]
Menerima pesan dari: dariMCU_2309MAS003 - Pesan: {"nokartu":"43F32EFF","idchip":"16581755","nodevice":"2309MAS003","key":"1234567890987654321","ipa":"10.10.26.21"}
[2025-08-07 12:12:35]
Berhasil merespon "dariMCU_2309MAS003" : {"respon":[{"id":"16581755","nodevice":"2309MAS003","message":"BMPE","info":"Khilyatul Aini--Berhasil Presensi -Mulai-","nokartu":"43F32EFF"}]}
Berhasil kirim balasan ke "responServer_2309MAS003"

[2025-08-07 12:12:39]
Menerima pesan dari: dariMCU_2309MAS003 - Pesan: {"nokartu":"F3AC0AFE","idchip":"16581755","nodevice":"2309MAS003","key":"1234567890987654321","ipa":"10.10.26.21"}
[2025-08-07 12:12:39]
Berhasil merespon "dariMCU_2309MAS003" : {"respon":[{"id":"16581755","nodevice":"2309MAS003","message":"BMPE","info":"Nurul Umi Salamah--Berhasil Presensi -Mulai-","nokartu":"F3AC0AFE"}]}
Berhasil kirim balasan ke "responServer_2309MAS003"

[2025-08-07 12:12:40]
Menerima pesan dari: dariMCU_2309MAS003 - Pesan: {"nokartu":"E3890FFE","idchip":"16581755","nodevice":"2309MAS003","key":"1234567890987654321","ipa":"10.10.26.21"}
[2025-08-07 12:12:40]
Berhasil merespon "dariMCU_2309MAS003" : {"respon":[{"id":"16581755","nodevice":"2309MAS003","message":"BMPE","info":"Nafisa Azka Rasyida--Berhasil Presensi -Mulai-","nokartu":"E3890FFE"}]}
Berhasil kirim balasan ke "responServer_2309MAS003"

[2025-08-07 12:12:52]
Menerima pesan dari: dariMCU_2309MAS003 - Pesan: {"nokartu":"F3AC0AFE","idchip":"16581755","nodevice":"2309MAS003","key":"1234567890987654321","ipa":"10.10.26.21"}
[2025-08-07 12:12:52]
Berhasil merespon "dariMCU_2309MAS003" : {"respon":[{"id":"16581755","nodevice":"2309MAS003","message":"510","info":"Nurul Umi Salamah--TERCATAT! 13 dtk lalu","nokartu":"F3AC0AFE"}]}
Berhasil kirim balasan ke "responServer_2309MAS003"

[2025-08-07 12:12:54]
Menerima pesan dari: dariMCU_2309MAS003 - Pesan: {"nokartu":"F3AC0AFE","idchip":"16581755","nodevice":"2309MAS003","key":"1234567890987654321","ipa":"10.10.26.21"}
[2025-08-07 12:12:54]
Berhasil merespon "dariMCU_2309MAS003" : {"respon":[{"id":"16581755","nodevice":"2309MAS003","message":"510","info":"Nurul Umi Salamah--TERCATAT! 15 dtk lalu","nokartu":"F3AC0AFE"}]}
Berhasil kirim balasan ke "responServer_2309MAS003"

[2025-08-07 12:12:57]
Menerima pesan dari: dariMCU_2309MAS003 - Pesan: {"nokartu":"E3890FFE","idchip":"16581755","nodevice":"2309MAS003","key":"1234567890987654321","ipa":"10.10.26.21"}
[2025-08-07 12:12:57]
Berhasil merespon "dariMCU_2309MAS003" : {"respon":[{"id":"16581755","nodevice":"2309MAS003","message":"510","info":"Nafisa Azka Rasyida--TERCATAT! 17 dtk lalu","nokartu":"E3890FFE"}]}
Berhasil kirim balasan ke "responServer_2309MAS003"

[2025-08-07 12:12:59]
Menerima pesan dari: dariMCU_2309MAS003 - Pesan: {"nokartu":"C38C0BFE","idchip":"16581755","nodevice":"2309MAS003","key":"1234567890987654321","ipa":"10.10.26.21"}
[2025-08-07 12:12:59]
Berhasil merespon "dariMCU_2309MAS003" : {"respon":[{"id":"16581755","nodevice":"2309MAS003","message":"BMPE","info":"Viana Zahra--Berhasil Presensi -Mulai-","nokartu":"C38C0BFE"}]}
Berhasil kirim balasan ke "responServer_2309MAS003"

[2025-08-07 12:13:01]
Menerima pesan dari: dariMCU_2309MAS001 - Pesan: {"nokartu":"7398CF02","idchip":"4115046","nodevice":"2309MAS001","key":"1234567890987654321","ipa":"10.10.24.133"}
[2025-08-07 12:13:01]
Berhasil merespon "dariMCU_2309MAS001" : {"respon":[{"id":"4115046","nodevice":"2309MAS001","message":"BMPE","info":"Hesty Rahayu--Berhasil Presensi -Mulai-","nokartu":"7398CF02"}]}
Berhasil kirim balasan ke "responServer_2309MAS001"

[2025-08-07 12:13:05]
Menerima pesan dari: dariMCU_2309MAS001 - Pesan: {"nokartu":"7398CF02","idchip":"4115046","nodevice":"2309MAS001","key":"1234567890987654321","ipa":"10.10.24.133"}
[2025-08-07 12:13:05]
Berhasil merespon "dariMCU_2309MAS001" : {"respon":[{"id":"4115046","nodevice":"2309MAS001","message":"510","info":"Hesty Rahayu--TERCATAT! 4 dtk lalu","nokartu":"7398CF02"}]}
Berhasil kirim balasan ke "responServer_2309MAS001"

[2025-08-07 12:13:06]
Menerima pesan dari: dariMCU_2309MAS003 - Pesan: {"nokartu":"C38C0BFE","idchip":"16581755","nodevice":"2309MAS003","key":"1234567890987654321","ipa":"10.10.26.21"}
[2025-08-07 12:13:06]
Berhasil merespon "dariMCU_2309MAS003" : {"respon":[{"id":"16581755","nodevice":"2309MAS003","message":"510","info":"Viana Zahra--TERCATAT! 7 dtk lalu","nokartu":"C38C0BFE"}]}
Berhasil kirim balasan ke "responServer_2309MAS003"

[2025-08-07 12:13:14]
Menerima pesan dari: dariMCU_2309MAS001 - Pesan: {"nokartu":"638706FE","idchip":"4115046","nodevice":"2309MAS001","key":"1234567890987654321","ipa":"10.10.24.133"}
[2025-08-07 12:13:14]
Berhasil merespon "dariMCU_2309MAS001" : {"respon":[{"id":"4115046","nodevice":"2309MAS001","message":"BMPE","info":"Renita Dwi Fauziah--Berhasil Presensi -Mulai-","nokartu":"638706FE"}]}
Berhasil kirim balasan ke "responServer_2309MAS001"

[2025-08-07 12:13:18]
Menerima pesan dari: dariMCU_2309MAS003 - Pesan: {"nokartu":"C38C0BFE","idchip":"16581755","nodevice":"2309MAS003","key":"1234567890987654321","ipa":"10.10.26.21"}
[2025-08-07 12:13:18]
Berhasil merespon "dariMCU_2309MAS003" : {"respon":[{"id":"16581755","nodevice":"2309MAS003","message":"510","info":"Viana Zahra--TERCATAT! 19 dtk lalu","nokartu":"C38C0BFE"}]}
Berhasil kirim balasan ke "responServer_2309MAS003"

[2025-08-07 12:13:20]
Menerima pesan dari: dariMCU_2309MAS001 - Pesan: {"nokartu":"A3C608FE","idchip":"4115046","nodevice":"2309MAS001","key":"1234567890987654321","ipa":"10.10.24.133"}
[2025-08-07 12:13:20]
Berhasil merespon "dariMCU_2309MAS001" : {"respon":[{"id":"4115046","nodevice":"2309MAS001","message":"BMPE","info":"Zenia Sriwijayanti--Berhasil Presensi -Mulai-","nokartu":"A3C608FE"}]}
Berhasil kirim balasan ke "responServer_2309MAS001"

[2025-08-07 12:13:44]
Menerima pesan dari: dariMCU_2309MAS003 - Pesan: {"nokartu":"53E56F05","idchip":"16581755","nodevice":"2309MAS003","key":"1234567890987654321","ipa":"10.10.26.21"}
[2025-08-07 12:13:44]
Berhasil merespon "dariMCU_2309MAS003" : {"respon":[{"id":"16581755","nodevice":"2309MAS003","message":"BMPE","info":"Miftahul Janah--Berhasil Presensi -Mulai-","nokartu":"53E56F05"}]}
Berhasil kirim balasan ke "responServer_2309MAS003"

[2025-08-07 12:13:50]
Menerima pesan dari: dariMCU_2309MAS003 - Pesan: {"nokartu":"53E56F05","idchip":"16581755","nodevice":"2309MAS003","key":"1234567890987654321","ipa":"10.10.26.21"}
[2025-08-07 12:13:50]
Berhasil merespon "dariMCU_2309MAS003" : {"respon":[{"id":"16581755","nodevice":"2309MAS003","message":"510","info":"Miftahul Janah--TERCATAT! 6 dtk lalu","nokartu":"53E56F05"}]}
Berhasil kirim balasan ke "responServer_2309MAS003"

[2025-08-07 12:13:58]
Menerima pesan dari: dariMCU_2309MAS003 - Pesan: {"nokartu":"735105FE","idchip":"16581755","nodevice":"2309MAS003","key":"1234567890987654321","ipa":"10.10.26.21"}
[2025-08-07 12:13:58]
Berhasil merespon "dariMCU_2309MAS003" : {"respon":[{"id":"16581755","nodevice":"2309MAS003","message":"BMPE","info":"Musyarofah Susanti--Berhasil Presensi -Mulai-","nokartu":"735105FE"}]}
Berhasil kirim balasan ke "responServer_2309MAS003"

[2025-08-07 12:14:03]
Menerima pesan dari: dariMCU_2309MAS003 - Pesan: {"nokartu":"53E56F05","idchip":"16581755","nodevice":"2309MAS003","key":"1234567890987654321","ipa":"10.10.26.21"}
[2025-08-07 12:14:03]
Berhasil merespon "dariMCU_2309MAS003" : {"respon":[{"id":"16581755","nodevice":"2309MAS003","message":"510","info":"Miftahul Janah--TERCATAT! 19 dtk lalu","nokartu":"53E56F05"}]}
Berhasil kirim balasan ke "responServer_2309MAS003"

[2025-08-07 12:14:09]
Menerima pesan dari: dariMCU_2309MAS003 - Pesan: {"nokartu":"53E56F05","idchip":"16581755","nodevice":"2309MAS003","key":"1234567890987654321","ipa":"10.10.26.21"}
[2025-08-07 12:14:09]
Berhasil merespon "dariMCU_2309MAS003" : {"respon":[{"id":"16581755","nodevice":"2309MAS003","message":"510","info":"Miftahul Janah--TERCATAT! 25 dtk lalu","nokartu":"53E56F05"}]}
Berhasil kirim balasan ke "responServer_2309MAS003"

[2025-08-07 12:14:13]
Menerima pesan dari: dariMCU_2309MAS003 - Pesan: {"nokartu":"735105FE","idchip":"16581755","nodevice":"2309MAS003","key":"1234567890987654321","ipa":"10.10.26.21"}
[2025-08-07 12:14:13]
Berhasil merespon "dariMCU_2309MAS003" : {"respon":[{"id":"16581755","nodevice":"2309MAS003","message":"510","info":"Musyarofah Susanti--TERCATAT! 15 dtk lalu","nokartu":"735105FE"}]}
Berhasil kirim balasan ke "responServer_2309MAS003"

[2025-08-07 12:14:17]
Menerima pesan dari: dariMCU_2309MAS003 - Pesan: {"nokartu":"735105FE","idchip":"16581755","nodevice":"2309MAS003","key":"1234567890987654321","ipa":"10.10.26.21"}
[2025-08-07 12:14:17]
Berhasil merespon "dariMCU_2309MAS003" : {"respon":[{"id":"16581755","nodevice":"2309MAS003","message":"510","info":"Musyarofah Susanti--TERCATAT! 19 dtk lalu","nokartu":"735105FE"}]}
Berhasil kirim balasan ke "responServer_2309MAS003"

[2025-08-07 12:14:25]
Menerima pesan dari: dariMCU_2309MAS003 - Pesan: {"nokartu":"032868E4","idchip":"16581755","nodevice":"2309MAS003","key":"1234567890987654321","ipa":"10.10.26.21"}
[2025-08-07 12:14:25]
Berhasil merespon "dariMCU_2309MAS003" : {"respon":[{"id":"16581755","nodevice":"2309MAS003","message":"BMPE","info":"Akhmad Kafi Pratama--Berhasil Presensi -Mulai-","nokartu":"032868E4"}]}
Berhasil kirim balasan ke "responServer_2309MAS003"

[2025-08-07 12:14:26]
Menerima pesan dari: dariMCU_2309MAS003 - Pesan: {"nokartu":"032868E4","idchip":"16581755","nodevice":"2309MAS003","key":"1234567890987654321","ipa":"10.10.26.21"}
[2025-08-07 12:14:26]
Berhasil merespon "dariMCU_2309MAS003" : {"respon":[{"id":"16581755","nodevice":"2309MAS003","message":"510","info":"Akhmad Kafi Pratama--TERCATAT! 1 dtk lalu","nokartu":"032868E4"}]}
Berhasil kirim balasan ke "responServer_2309MAS003"

[2025-08-07 12:14:29]
Menerima pesan dari: dariMCU_2309MAS003 - Pesan: {"nokartu":"032868E4","idchip":"16581755","nodevice":"2309MAS003","key":"1234567890987654321","ipa":"10.10.26.21"}
[2025-08-07 12:14:29]
Berhasil merespon "dariMCU_2309MAS003" : {"respon":[{"id":"16581755","nodevice":"2309MAS003","message":"510","info":"Akhmad Kafi Pratama--TERCATAT! 4 dtk lalu","nokartu":"032868E4"}]}
Berhasil kirim balasan ke "responServer_2309MAS003"

[2025-08-07 12:14:30]
Menerima pesan dari: dariMCU_2309MAS003 - Pesan: {"nokartu":"032868E4","idchip":"16581755","nodevice":"2309MAS003","key":"1234567890987654321","ipa":"10.10.26.21"}
[2025-08-07 12:14:30]
Berhasil merespon "dariMCU_2309MAS003" : {"respon":[{"id":"16581755","nodevice":"2309MAS003","message":"510","info":"Akhmad Kafi Pratama--TERCATAT! 5 dtk lalu","nokartu":"032868E4"}]}
Berhasil kirim balasan ke "responServer_2309MAS003"

[2025-08-07 12:14:40]
Menerima pesan dari: dariMCU_2309MAS003 - Pesan: {"nokartu":"431A6E05","idchip":"16581755","nodevice":"2309MAS003","key":"1234567890987654321","ipa":"10.10.26.21"}
[2025-08-07 12:14:40]
Berhasil merespon "dariMCU_2309MAS003" : {"respon":[{"id":"16581755","nodevice":"2309MAS003","message":"BMPE","info":"Dwi Setyawan--Berhasil Presensi -Mulai-","nokartu":"431A6E05"}]}
Berhasil kirim balasan ke "responServer_2309MAS003"

[2025-08-07 12:15:16]
Menerima pesan dari: dariMCU_2309MAS003 - Pesan: {"nokartu":"03D0D7E2","idchip":"16581755","nodevice":"2309MAS003","key":"1234567890987654321","ipa":"10.10.26.21"}
[2025-08-07 12:15:16]
Berhasil merespon "dariMCU_2309MAS003" : {"respon":[{"id":"16581755","nodevice":"2309MAS003","message":"BMPE","info":"Putra Fajar Noviyanto--Berhasil Presensi -Mulai-","nokartu":"03D0D7E2"}]}
Berhasil kirim balasan ke "responServer_2309MAS003"

[2025-08-07 12:15:23]
Menerima pesan dari: dariMCU_2309MAS003 - Pesan: {"nokartu":"03D0D7E2","idchip":"16581755","nodevice":"2309MAS003","key":"1234567890987654321","ipa":"10.10.26.21"}
[2025-08-07 12:15:23]
Berhasil merespon "dariMCU_2309MAS003" : {"respon":[{"id":"16581755","nodevice":"2309MAS003","message":"510","info":"Putra Fajar Noviyanto--TERCATAT! 7 dtk lalu","nokartu":"03D0D7E2"}]}
Berhasil kirim balasan ke "responServer_2309MAS003"

[2025-08-07 12:15:27]
Menerima pesan dari: dariMCU_2309MAS003 - Pesan: {"nokartu":"636D7305","idchip":"16581755","nodevice":"2309MAS003","key":"1234567890987654321","ipa":"10.10.26.21"}
[2025-08-07 12:15:27]
Berhasil merespon "dariMCU_2309MAS003" : {"respon":[{"id":"16581755","nodevice":"2309MAS003","message":"BMPE","info":"Sasetyo--Berhasil Presensi -Mulai-","nokartu":"636D7305"}]}
Berhasil kirim balasan ke "responServer_2309MAS003"

[2025-08-07 12:16:56]
Menerima pesan dari: dariMCU_2309MAS003 - Pesan: {"nokartu":"933E24FF","idchip":"16581755","nodevice":"2309MAS003","key":"1234567890987654321","ipa":"10.10.26.21"}
[2025-08-07 12:16:56]
Berhasil merespon "dariMCU_2309MAS003" : {"respon":[{"id":"16581755","nodevice":"2309MAS003","message":"BMPE","info":"Dhecha Aprillea Nadine--Berhasil Presensi -Mulai-","nokartu":"933E24FF"}]}
Berhasil kirim balasan ke "responServer_2309MAS003"

[2025-08-07 12:17:00]
Menerima pesan dari: dariMCU_2309MAS003 - Pesan: {"nokartu":"933E24FF","idchip":"16581755","nodevice":"2309MAS003","key":"1234567890987654321","ipa":"10.10.26.21"}
[2025-08-07 12:17:00]
Berhasil merespon "dariMCU_2309MAS003" : {"respon":[{"id":"16581755","nodevice":"2309MAS003","message":"510","info":"Dhecha Aprillea Nadine--TERCATAT! 4 dtk lalu","nokartu":"933E24FF"}]}
Berhasil kirim balasan ke "responServer_2309MAS003"

[2025-08-07 12:17:39]
Menerima pesan dari: dariMCU_2309MAS001 - Pesan: {"nokartu":"43D72AFF","idchip":"4115046","nodevice":"2309MAS001","key":"1234567890987654321","ipa":"10.10.24.133"}
[2025-08-07 12:17:39]
Berhasil merespon "dariMCU_2309MAS001" : {"respon":[{"id":"4115046","nodevice":"2309MAS001","message":"BMPE","info":"Resa Dwi Cahyani--Berhasil Presensi -Mulai-","nokartu":"43D72AFF"}]}
Berhasil kirim balasan ke "responServer_2309MAS001"

[2025-08-07 12:17:47]
Menerima pesan dari: dariMCU_2309MAS003 - Pesan: {"nokartu":"C3BB21FF","idchip":"16581755","nodevice":"2309MAS003","key":"1234567890987654321","ipa":"10.10.26.21"}
[2025-08-07 12:17:47]
Berhasil merespon "dariMCU_2309MAS003" : {"respon":[{"id":"16581755","nodevice":"2309MAS003","message":"BMPE","info":"Nathania Cesya Salsabila--Berhasil Presensi -Mulai-","nokartu":"C3BB21FF"}]}
Berhasil kirim balasan ke "responServer_2309MAS003"

[2025-08-07 12:17:48]
Menerima pesan dari: dariMCU_2309MAS003 - Pesan: {"nokartu":"C3BB21FF","idchip":"16581755","nodevice":"2309MAS003","key":"1234567890987654321","ipa":"10.10.26.21"}
[2025-08-07 12:17:48]
Berhasil merespon "dariMCU_2309MAS003" : {"respon":[{"id":"16581755","nodevice":"2309MAS003","message":"510","info":"Nathania Cesya Salsabila--TERCATAT! 1 dtk lalu","nokartu":"C3BB21FF"}]}
Berhasil kirim balasan ke "responServer_2309MAS003"

[2025-08-07 12:17:53]
Menerima pesan dari: dariMCU_2309MAS003 - Pesan: {"nokartu":"53802FFF","idchip":"16581755","nodevice":"2309MAS003","key":"1234567890987654321","ipa":"10.10.26.21"}
[2025-08-07 12:17:53]
Berhasil merespon "dariMCU_2309MAS003" : {"respon":[{"id":"16581755","nodevice":"2309MAS003","message":"BMPE","info":"Fatimatuzzahro--Berhasil Presensi -Mulai-","nokartu":"53802FFF"}]}
Berhasil kirim balasan ke "responServer_2309MAS003"

[2025-08-07 12:17:58]
Menerima pesan dari: dariMCU_2309MAS003 - Pesan: {"nokartu":"43D72AFF","idchip":"16581755","nodevice":"2309MAS003","key":"1234567890987654321","ipa":"10.10.26.21"}
[2025-08-07 12:17:58]
Berhasil merespon "dariMCU_2309MAS003" : {"respon":[{"id":"16581755","nodevice":"2309MAS003","message":"510","info":"Resa Dwi Cahyani--TERCATAT! 19 dtk lalu","nokartu":"43D72AFF"}]}
Berhasil kirim balasan ke "responServer_2309MAS003"

[2025-08-07 12:18:02]
Menerima pesan dari: dariMCU_2309MAS003 - Pesan: {"nokartu":"43D72AFF","idchip":"16581755","nodevice":"2309MAS003","key":"1234567890987654321","ipa":"10.10.26.21"}
[2025-08-07 12:18:02]
Berhasil merespon "dariMCU_2309MAS003" : {"respon":[{"id":"16581755","nodevice":"2309MAS003","message":"510","info":"Resa Dwi Cahyani--TERCATAT! 23 dtk lalu","nokartu":"43D72AFF"}]}
Berhasil kirim balasan ke "responServer_2309MAS003"

[2025-08-07 12:18:03]
Menerima pesan dari: dariMCU_2309MAS003 - Pesan: {"nokartu":"933E24FF","idchip":"16581755","nodevice":"2309MAS003","key":"1234567890987654321","ipa":"10.10.26.21"}
[2025-08-07 12:18:03]
Berhasil merespon "dariMCU_2309MAS003" : {"respon":[{"id":"16581755","nodevice":"2309MAS003","message":"510","info":"Dhecha Aprillea Nadine--TERCATAT! 67 dtk lalu","nokartu":"933E24FF"}]}
Berhasil kirim balasan ke "responServer_2309MAS003"

[2025-08-07 12:18:11]
Menerima pesan dari: dariMCU_2309MAS003 - Pesan: {"nokartu":"53802FFF","idchip":"16581755","nodevice":"2309MAS003","key":"1234567890987654321","ipa":"10.10.26.21"}
[2025-08-07 12:18:11]
Berhasil merespon "dariMCU_2309MAS003" : {"respon":[{"id":"16581755","nodevice":"2309MAS003","message":"510","info":"Fatimatuzzahro--TERCATAT! 18 dtk lalu","nokartu":"53802FFF"}]}
Berhasil kirim balasan ke "responServer_2309MAS003"

[2025-08-07 12:18:15]
Menerima pesan dari: dariMCU_2309MAS003 - Pesan: {"nokartu":"633A8305","idchip":"16581755","nodevice":"2309MAS003","key":"1234567890987654321","ipa":"10.10.26.21"}
[2025-08-07 12:18:15]
Berhasil merespon "dariMCU_2309MAS003" : {"respon":[{"id":"16581755","nodevice":"2309MAS003","message":"BMPE","info":"Eka Nanda Oktafia--Berhasil Presensi -Mulai-","nokartu":"633A8305"}]}
Berhasil kirim balasan ke "responServer_2309MAS003"

[2025-08-07 12:18:19]
Menerima pesan dari: dariMCU_2309MAS003 - Pesan: {"nokartu":"633A8305","idchip":"16581755","nodevice":"2309MAS003","key":"1234567890987654321","ipa":"10.10.26.21"}
[2025-08-07 12:18:19]
Berhasil merespon "dariMCU_2309MAS003" : {"respon":[{"id":"16581755","nodevice":"2309MAS003","message":"510","info":"Eka Nanda Oktafia--TERCATAT! 4 dtk lalu","nokartu":"633A8305"}]}
Berhasil kirim balasan ke "responServer_2309MAS003"

[2025-08-07 12:18:23]
Menerima pesan dari: dariMCU_2309MAS003 - Pesan: {"nokartu":"F3A717FE","idchip":"16581755","nodevice":"2309MAS003","key":"1234567890987654321","ipa":"10.10.26.21"}
[2025-08-07 12:18:23]
Berhasil merespon "dariMCU_2309MAS003" : {"respon":[{"id":"16581755","nodevice":"2309MAS003","message":"BMPE","info":"Elvira Ayu Thirany--Berhasil Presensi -Mulai-","nokartu":"F3A717FE"}]}
Berhasil kirim balasan ke "responServer_2309MAS003"

[2025-08-07 12:18:26]
Menerima pesan dari: dariMCU_2309MAS003 - Pesan: {"nokartu":"F3A717FE","idchip":"16581755","nodevice":"2309MAS003","key":"1234567890987654321","ipa":"10.10.26.21"}
[2025-08-07 12:18:26]
Berhasil merespon "dariMCU_2309MAS003" : {"respon":[{"id":"16581755","nodevice":"2309MAS003","message":"510","info":"Elvira Ayu Thirany--TERCATAT! 3 dtk lalu","nokartu":"F3A717FE"}]}
Berhasil kirim balasan ke "responServer_2309MAS003"

[2025-08-07 12:18:30]
Menerima pesan dari: dariMCU_2309MAS003 - Pesan: {"nokartu":"C3E615FE","idchip":"16581755","nodevice":"2309MAS003","key":"1234567890987654321","ipa":"10.10.26.21"}
[2025-08-07 12:18:30]
Berhasil merespon "dariMCU_2309MAS003" : {"respon":[{"id":"16581755","nodevice":"2309MAS003","message":"BMPE","info":"Amelia Lasaufa Yardha--Berhasil Presensi -Mulai-","nokartu":"C3E615FE"}]}
Berhasil kirim balasan ke "responServer_2309MAS003"

[2025-08-07 12:18:33]
Menerima pesan dari: dariMCU_2309MAS003 - Pesan: {"nokartu":"C3E615FE","idchip":"16581755","nodevice":"2309MAS003","key":"1234567890987654321","ipa":"10.10.26.21"}
[2025-08-07 12:18:33]
Berhasil merespon "dariMCU_2309MAS003" : {"respon":[{"id":"16581755","nodevice":"2309MAS003","message":"510","info":"Amelia Lasaufa Yardha--TERCATAT! 3 dtk lalu","nokartu":"C3E615FE"}]}
Berhasil kirim balasan ke "responServer_2309MAS003"

[2025-08-07 12:18:34]
Menerima pesan dari: dariMCU_2309MAS003 - Pesan: {"nokartu":"83512FFF","idchip":"16581755","nodevice":"2309MAS003","key":"1234567890987654321","ipa":"10.10.26.21"}
[2025-08-07 12:18:34]
Berhasil merespon "dariMCU_2309MAS003" : {"respon":[{"id":"16581755","nodevice":"2309MAS003","message":"BMPE","info":"Nafrida Noviyanti--Berhasil Presensi -Mulai-","nokartu":"83512FFF"}]}
Berhasil kirim balasan ke "responServer_2309MAS003"

[2025-08-07 12:18:44]
Menerima pesan dari: dariMCU_2309MAS003 - Pesan: {"nokartu":"AA04B889","idchip":"16581755","nodevice":"2309MAS003","key":"1234567890987654321","ipa":"10.10.26.21"}
[2025-08-07 12:18:44]
Berhasil merespon "dariMCU_2309MAS003" : {"respon":[{"id":"16581755","nodevice":"2309MAS003","message":"BMPE","info":"Lanang Kaloka Tata Ulama--Berhasil Presensi -Mulai-","nokartu":"AA04B889"}]}
Berhasil kirim balasan ke "responServer_2309MAS003"

[2025-08-07 12:18:47]
Menerima pesan dari: dariMCU_2309MAS003 - Pesan: {"nokartu":"AA04B889","idchip":"16581755","nodevice":"2309MAS003","key":"1234567890987654321","ipa":"10.10.26.21"}
[2025-08-07 12:18:47]
Berhasil merespon "dariMCU_2309MAS003" : {"respon":[{"id":"16581755","nodevice":"2309MAS003","message":"510","info":"Lanang Kaloka Tata Ulama--TERCATAT! 3 dtk lalu","nokartu":"AA04B889"}]}
Berhasil kirim balasan ke "responServer_2309MAS003"

[2025-08-07 12:18:49]
Menerima pesan dari: dariMCU_2309MAS003 - Pesan: {"nokartu":"AA04B889","idchip":"16581755","nodevice":"2309MAS003","key":"1234567890987654321","ipa":"10.10.26.21"}
[2025-08-07 12:18:49]
Berhasil merespon "dariMCU_2309MAS003" : {"respon":[{"id":"16581755","nodevice":"2309MAS003","message":"510","info":"Lanang Kaloka Tata Ulama--TERCATAT! 5 dtk lalu","nokartu":"AA04B889"}]}
Berhasil kirim balasan ke "responServer_2309MAS003"

[2025-08-07 12:18:53]
Menerima pesan dari: dariMCU_2309MAS003 - Pesan: {"nokartu":"B3A98005","idchip":"16581755","nodevice":"2309MAS003","key":"1234567890987654321","ipa":"10.10.26.21"}
[2025-08-07 12:18:53]
Berhasil merespon "dariMCU_2309MAS003" : {"respon":[{"id":"16581755","nodevice":"2309MAS003","message":"BMPE","info":"Rifki Aulia Airlangga--Berhasil Presensi -Mulai-","nokartu":"B3A98005"}]}
Berhasil kirim balasan ke "responServer_2309MAS003"

[2025-08-07 12:18:56]
Menerima pesan dari: dariMCU_2309MAS003 - Pesan: {"nokartu":"B3A98005","idchip":"16581755","nodevice":"2309MAS003","key":"1234567890987654321","ipa":"10.10.26.21"}
[2025-08-07 12:18:56]
Berhasil merespon "dariMCU_2309MAS003" : {"respon":[{"id":"16581755","nodevice":"2309MAS003","message":"510","info":"Rifki Aulia Airlangga--TERCATAT! 3 dtk lalu","nokartu":"B3A98005"}]}
Berhasil kirim balasan ke "responServer_2309MAS003"

[2025-08-07 12:18:57]
Menerima pesan dari: dariMCU_2309MAS003 - Pesan: {"nokartu":"C3AC23FF","idchip":"16581755","nodevice":"2309MAS003","key":"1234567890987654321","ipa":"10.10.26.21"}
[2025-08-07 12:18:57]
Berhasil merespon "dariMCU_2309MAS003" : {"respon":[{"id":"16581755","nodevice":"2309MAS003","message":"BMPE","info":"Redapa Ardiyansah--Berhasil Presensi -Mulai-","nokartu":"C3AC23FF"}]}
Berhasil kirim balasan ke "responServer_2309MAS003"

[2025-08-07 12:19:02]
Menerima pesan dari: dariMCU_2309MAS003 - Pesan: {"nokartu":"232A7605","idchip":"16581755","nodevice":"2309MAS003","key":"1234567890987654321","ipa":"10.10.26.21"}
[2025-08-07 12:19:02]
Berhasil merespon "dariMCU_2309MAS003" : {"respon":[{"id":"16581755","nodevice":"2309MAS003","message":"BMPE","info":"Rozan Dimensi Farid--Berhasil Presensi -Mulai-","nokartu":"232A7605"}]}
Berhasil kirim balasan ke "responServer_2309MAS003"

[2025-08-07 12:19:19]
Menerima pesan dari: dariMCU_2309MAS003 - Pesan: {"nokartu":"636D7305","idchip":"16581755","nodevice":"2309MAS003","key":"1234567890987654321","ipa":"10.10.26.21"}
[2025-08-07 12:19:19]
Berhasil merespon "dariMCU_2309MAS003" : {"respon":[{"id":"16581755","nodevice":"2309MAS003","message":"BPSE","info":"Sasetyo--Berhasil Presensi -Selesai-","nokartu":"636D7305"}]}
Berhasil kirim balasan ke "responServer_2309MAS003"

[2025-08-07 12:19:22]
Menerima pesan dari: dariMCU_2309MAS003 - Pesan: {"nokartu":"636D7305","idchip":"16581755","nodevice":"2309MAS003","key":"1234567890987654321","ipa":"10.10.26.21"}
[2025-08-07 12:19:22]
Berhasil merespon "dariMCU_2309MAS003" : {"respon":[{"id":"16581755","nodevice":"2309MAS003","message":"510","info":"Sasetyo--TERCATAT! 3 dtk lalu","nokartu":"636D7305"}]}
Berhasil kirim balasan ke "responServer_2309MAS003"

[2025-08-07 12:19:26]
Menerima pesan dari: dariMCU_2309MAS003 - Pesan: {"nokartu":"636D7305","idchip":"16581755","nodevice":"2309MAS003","key":"1234567890987654321","ipa":"10.10.26.21"}
[2025-08-07 12:19:26]
Berhasil merespon "dariMCU_2309MAS003" : {"respon":[{"id":"16581755","nodevice":"2309MAS003","message":"510","info":"Sasetyo--TERCATAT! 7 dtk lalu","nokartu":"636D7305"}]}
Berhasil kirim balasan ke "responServer_2309MAS003"

[2025-08-07 12:19:30]
Menerima pesan dari: dariMCU_2309MAS003 - Pesan: {"nokartu":"636D7305","idchip":"16581755","nodevice":"2309MAS003","key":"1234567890987654321","ipa":"10.10.26.21"}
[2025-08-07 12:19:30]
Berhasil merespon "dariMCU_2309MAS003" : {"respon":[{"id":"16581755","nodevice":"2309MAS003","message":"510","info":"Sasetyo--TERCATAT! 11 dtk lalu","nokartu":"636D7305"}]}
Berhasil kirim balasan ke "responServer_2309MAS003"

[2025-08-07 12:19:33]
Menerima pesan dari: dariMCU_2309MAS003 - Pesan: {"nokartu":"636D7305","idchip":"16581755","nodevice":"2309MAS003","key":"1234567890987654321","ipa":"10.10.26.21"}
[2025-08-07 12:19:33]
Berhasil merespon "dariMCU_2309MAS003" : {"respon":[{"id":"16581755","nodevice":"2309MAS003","message":"510","info":"Sasetyo--TERCATAT! 14 dtk lalu","nokartu":"636D7305"}]}
Berhasil kirim balasan ke "responServer_2309MAS003"

[2025-08-07 12:19:39]
Menerima pesan dari: dariMCU_2309MAS003 - Pesan: {"nokartu":"636D7305","idchip":"16581755","nodevice":"2309MAS003","key":"1234567890987654321","ipa":"10.10.26.21"}
[2025-08-07 12:19:39]
Berhasil merespon "dariMCU_2309MAS003" : {"respon":[{"id":"16581755","nodevice":"2309MAS003","message":"510","info":"Sasetyo--TERCATAT! 20 dtk lalu","nokartu":"636D7305"}]}
Berhasil kirim balasan ke "responServer_2309MAS003"

[2025-08-07 12:20:28]
Menerima pesan dari: dariMCU_2309MAS003 - Pesan: {"nokartu":"538418FE","idchip":"16581755","nodevice":"2309MAS003","key":"1234567890987654321","ipa":"10.10.26.21"}
[2025-08-07 12:20:28]
Berhasil merespon "dariMCU_2309MAS003" : {"respon":[{"id":"16581755","nodevice":"2309MAS003","message":"BMPE","info":"Muhamad Zidan Zaka--Berhasil Presensi -Mulai-","nokartu":"538418FE"}]}
Berhasil kirim balasan ke "responServer_2309MAS003"

[2025-08-07 12:22:57]
Menerima pesan dari: dariMCU_2309MAS003 - Pesan: {"nokartu":"B33018FE","idchip":"16581755","nodevice":"2309MAS003","key":"1234567890987654321","ipa":"10.10.26.21"}
[2025-08-07 12:22:57]
Berhasil merespon "dariMCU_2309MAS003" : {"respon":[{"id":"16581755","nodevice":"2309MAS003","message":"BMPE","info":"Aulia Qotrunada--Berhasil Presensi -Mulai-","nokartu":"B33018FE"}]}
Berhasil kirim balasan ke "responServer_2309MAS003"

[2025-08-07 12:23:01]
Menerima pesan dari: dariMCU_2309MAS003 - Pesan: {"nokartu":"735105FE","idchip":"16581755","nodevice":"2309MAS003","key":"1234567890987654321","ipa":"10.10.26.21"}
[2025-08-07 12:23:01]
Berhasil merespon "dariMCU_2309MAS003" : {"respon":[{"id":"16581755","nodevice":"2309MAS003","message":"BPSE","info":"Musyarofah Susanti--Berhasil Presensi -Selesai-","nokartu":"735105FE"}]}
Berhasil kirim balasan ke "responServer_2309MAS003"

[2025-08-07 12:26:43]
Menerima pesan dari: dariMCU_2309MAS003 - Pesan: {"nokartu":"E3628105","idchip":"16581755","nodevice":"2309MAS003","key":"1234567890987654321","ipa":"10.10.26.21"}
[2025-08-07 12:26:43]
Berhasil merespon "dariMCU_2309MAS003" : {"respon":[{"id":"16581755","nodevice":"2309MAS003","message":"BMPE","info":"Devara Fardan Hartanto--Berhasil Presensi -Mulai-","nokartu":"E3628105"}]}
Berhasil kirim balasan ke "responServer_2309MAS003"

[2025-08-07 12:26:46]
Menerima pesan dari: dariMCU_2309MAS003 - Pesan: {"nokartu":"E3628105","idchip":"16581755","nodevice":"2309MAS003","key":"1234567890987654321","ipa":"10.10.26.21"}
[2025-08-07 12:26:46]
Berhasil merespon "dariMCU_2309MAS003" : {"respon":[{"id":"16581755","nodevice":"2309MAS003","message":"510","info":"Devara Fardan Hartanto--TERCATAT! 3 dtk lalu","nokartu":"E3628105"}]}
Berhasil kirim balasan ke "responServer_2309MAS003"

[2025-08-07 12:26:47]
Menerima pesan dari: dariMCU_2309MAS003 - Pesan: {"nokartu":"132E7F05","idchip":"16581755","nodevice":"2309MAS003","key":"1234567890987654321","ipa":"10.10.26.21"}
[2025-08-07 12:26:47]
Berhasil merespon "dariMCU_2309MAS003" : {"respon":[{"id":"16581755","nodevice":"2309MAS003","message":"BMPE","info":"Faliereano Bima Kurniawan--Berhasil Presensi -Mulai-","nokartu":"132E7F05"}]}
Berhasil kirim balasan ke "responServer_2309MAS003"

[2025-08-07 12:26:51]
Menerima pesan dari: dariMCU_2309MAS003 - Pesan: {"nokartu":"73806E05","idchip":"16581755","nodevice":"2309MAS003","key":"1234567890987654321","ipa":"10.10.26.21"}
[2025-08-07 12:26:51]
Berhasil merespon "dariMCU_2309MAS003" : {"respon":[{"id":"16581755","nodevice":"2309MAS003","message":"BMPE","info":"Rendi Nanda Saputra--Berhasil Presensi -Mulai-","nokartu":"73806E05"}]}
Berhasil kirim balasan ke "responServer_2309MAS003"

[2025-08-07 12:26:54]
Menerima pesan dari: dariMCU_2309MAS003 - Pesan: {"nokartu":"73806E05","idchip":"16581755","nodevice":"2309MAS003","key":"1234567890987654321","ipa":"10.10.26.21"}
[2025-08-07 12:26:54]
Berhasil merespon "dariMCU_2309MAS003" : {"respon":[{"id":"16581755","nodevice":"2309MAS003","message":"510","info":"Rendi Nanda Saputra--TERCATAT! 3 dtk lalu","nokartu":"73806E05"}]}
Berhasil kirim balasan ke "responServer_2309MAS003"

[2025-08-07 12:26:55]
Menerima pesan dari: dariMCU_2309MAS003 - Pesan: {"nokartu":"C17D7050","idchip":"16581755","nodevice":"2309MAS003","key":"1234567890987654321","ipa":"10.10.26.21"}
[2025-08-07 12:26:55]
Berhasil merespon "dariMCU_2309MAS003" : {"respon":[{"id":"16581755","nodevice":"2309MAS003","message":"BMPE","info":"Farrel Ganendra Adi Dharmawan--Berhasil Presensi -Mulai-","nokartu":"C17D7050"}]}
Berhasil kirim balasan ke "responServer_2309MAS003"

[2025-08-07 12:30:09]
Menerima pesan dari: dariMCU_2309MAS003 - Pesan: {"nokartu":"632822FF","idchip":"16581755","nodevice":"2309MAS003","key":"1234567890987654321","ipa":"10.10.26.21"}
[2025-08-07 12:30:09]
Berhasil merespon "dariMCU_2309MAS003" : {"respon":[{"id":"16581755","nodevice":"2309MAS003","message":"BMPE","info":"Dwi Yuni Kurniawati--Berhasil Presensi -Mulai-","nokartu":"632822FF"}]}
Berhasil kirim balasan ke "responServer_2309MAS003"

[2025-08-07 12:30:13]
Menerima pesan dari: dariMCU_2309MAS003 - Pesan: {"nokartu":"632822FF","idchip":"16581755","nodevice":"2309MAS003","key":"1234567890987654321","ipa":"10.10.26.21"}
[2025-08-07 12:30:13]
Berhasil merespon "dariMCU_2309MAS003" : {"respon":[{"id":"16581755","nodevice":"2309MAS003","message":"510","info":"Dwi Yuni Kurniawati--TERCATAT! 4 dtk lalu","nokartu":"632822FF"}]}
Berhasil kirim balasan ke "responServer_2309MAS003"

[2025-08-07 12:31:58]
Menerima pesan dari: dariMCU_2309MAS003 - Pesan: {"nokartu":"23797B05","idchip":"16581755","nodevice":"2309MAS003","key":"1234567890987654321","ipa":"10.10.26.21"}
[2025-08-07 12:31:58]
Berhasil merespon "dariMCU_2309MAS003" : {"respon":[{"id":"16581755","nodevice":"2309MAS003","message":"BMPE","info":"Arly Zuriah Safa Soleha--Berhasil Presensi -Mulai-","nokartu":"23797B05"}]}
Berhasil kirim balasan ke "responServer_2309MAS003"

[2025-08-07 12:32:07]
Menerima pesan dari: dariMCU_2309MAS003 - Pesan: {"nokartu":"F39F1AFE","idchip":"16581755","nodevice":"2309MAS003","key":"1234567890987654321","ipa":"10.10.26.21"}
[2025-08-07 12:32:07]
Berhasil merespon "dariMCU_2309MAS003" : {"respon":[{"id":"16581755","nodevice":"2309MAS003","message":"BMPE","info":"Anton Joko Kurniawan--Berhasil Presensi -Mulai-","nokartu":"F39F1AFE"}]}
Berhasil kirim balasan ke "responServer_2309MAS003"

[2025-08-07 12:32:11]
Menerima pesan dari: dariMCU_2309MAS003 - Pesan: {"nokartu":"F39F1AFE","idchip":"16581755","nodevice":"2309MAS003","key":"1234567890987654321","ipa":"10.10.26.21"}
[2025-08-07 12:32:11]
Berhasil merespon "dariMCU_2309MAS003" : {"respon":[{"id":"16581755","nodevice":"2309MAS003","message":"510","info":"Anton Joko Kurniawan--TERCATAT! 4 dtk lalu","nokartu":"F39F1AFE"}]}
Berhasil kirim balasan ke "responServer_2309MAS003"

[2025-08-07 12:32:12]
Menerima pesan dari: dariMCU_2309MAS003 - Pesan: {"nokartu":"13B021FF","idchip":"16581755","nodevice":"2309MAS003","key":"1234567890987654321","ipa":"10.10.26.21"}
[2025-08-07 12:32:12]
Berhasil merespon "dariMCU_2309MAS003" : {"respon":[{"id":"16581755","nodevice":"2309MAS003","message":"BMPE","info":"Muhammad Ulynnuha--Berhasil Presensi -Mulai-","nokartu":"13B021FF"}]}
Berhasil kirim balasan ke "responServer_2309MAS003"

[2025-08-07 12:32:27]
Menerima pesan dari: dariMCU_2309MAS003 - Pesan: {"nokartu":"132634FF","idchip":"16581755","nodevice":"2309MAS003","key":"1234567890987654321","ipa":"10.10.26.21"}
[2025-08-07 12:32:27]
Berhasil merespon "dariMCU_2309MAS003" : {"respon":[{"id":"16581755","nodevice":"2309MAS003","message":"BMPE","info":"Aqila Ferdian Pratama--Berhasil Presensi -Mulai-","nokartu":"132634FF"}]}
Berhasil kirim balasan ke "responServer_2309MAS003"

[2025-08-07 12:32:28]
Menerima pesan dari: dariMCU_2309MAS003 - Pesan: {"nokartu":"132634FF","idchip":"16581755","nodevice":"2309MAS003","key":"1234567890987654321","ipa":"10.10.26.21"}
[2025-08-07 12:32:28]
Berhasil merespon "dariMCU_2309MAS003" : {"respon":[{"id":"16581755","nodevice":"2309MAS003","message":"510","info":"Aqila Ferdian Pratama--TERCATAT! 1 dtk lalu","nokartu":"132634FF"}]}
Berhasil kirim balasan ke "responServer_2309MAS003"

[2025-08-07 12:32:31]
Menerima pesan dari: dariMCU_2309MAS003 - Pesan: {"nokartu":"132634FF","idchip":"16581755","nodevice":"2309MAS003","key":"1234567890987654321","ipa":"10.10.26.21"}
[2025-08-07 12:32:31]
Berhasil merespon "dariMCU_2309MAS003" : {"respon":[{"id":"16581755","nodevice":"2309MAS003","message":"510","info":"Aqila Ferdian Pratama--TERCATAT! 4 dtk lalu","nokartu":"132634FF"}]}
Berhasil kirim balasan ke "responServer_2309MAS003"

[2025-08-07 12:32:36]
Menerima pesan dari: dariMCU_2309MAS003 - Pesan: {"nokartu":"132634FF","idchip":"16581755","nodevice":"2309MAS003","key":"1234567890987654321","ipa":"10.10.26.21"}
[2025-08-07 12:32:36]
Berhasil merespon "dariMCU_2309MAS003" : {"respon":[{"id":"16581755","nodevice":"2309MAS003","message":"510","info":"Aqila Ferdian Pratama--TERCATAT! 9 dtk lalu","nokartu":"132634FF"}]}
Berhasil kirim balasan ke "responServer_2309MAS003"

[2025-08-07 12:32:40]
Menerima pesan dari: dariMCU_2309MAS003 - Pesan: {"nokartu":"132634FF","idchip":"16581755","nodevice":"2309MAS003","key":"1234567890987654321","ipa":"10.10.26.21"}
[2025-08-07 12:32:40]
Berhasil merespon "dariMCU_2309MAS003" : {"respon":[{"id":"16581755","nodevice":"2309MAS003","message":"510","info":"Aqila Ferdian Pratama--TERCATAT! 13 dtk lalu","nokartu":"132634FF"}]}
Berhasil kirim balasan ke "responServer_2309MAS003"

[2025-08-07 12:32:58]
Menerima pesan dari: dariMCU_2309MAS003 - Pesan: {"nokartu":"231C1A03","idchip":"16581755","nodevice":"2309MAS003","key":"1234567890987654321","ipa":"10.10.26.21"}
[2025-08-07 12:32:58]
Berhasil merespon "dariMCU_2309MAS003" : {"respon":[{"id":"16581755","nodevice":"2309MAS003","message":"BMPE","info":"Rio Choirul Anam--Berhasil Presensi -Mulai-","nokartu":"231C1A03"}]}
Berhasil kirim balasan ke "responServer_2309MAS003"

[2025-08-07 12:32:59]
Menerima pesan dari: dariMCU_2309MAS003 - Pesan: {"nokartu":"231C1A03","idchip":"16581755","nodevice":"2309MAS003","key":"1234567890987654321","ipa":"10.10.26.21"}
[2025-08-07 12:32:59]
Berhasil merespon "dariMCU_2309MAS003" : {"respon":[{"id":"16581755","nodevice":"2309MAS003","message":"510","info":"Rio Choirul Anam--TERCATAT! 1 dtk lalu","nokartu":"231C1A03"}]}
Berhasil kirim balasan ke "responServer_2309MAS003"

[2025-08-07 12:33:03]
Menerima pesan dari: dariMCU_2309MAS003 - Pesan: {"nokartu":"231C1A03","idchip":"16581755","nodevice":"2309MAS003","key":"1234567890987654321","ipa":"10.10.26.21"}
[2025-08-07 12:33:03]
Berhasil merespon "dariMCU_2309MAS003" : {"respon":[{"id":"16581755","nodevice":"2309MAS003","message":"510","info":"Rio Choirul Anam--TERCATAT! 5 dtk lalu","nokartu":"231C1A03"}]}
Berhasil kirim balasan ke "responServer_2309MAS003"

[2025-08-07 12:33:04]
Menerima pesan dari: dariMCU_2309MAS003 - Pesan: {"nokartu":"231C1A03","idchip":"16581755","nodevice":"2309MAS003","key":"1234567890987654321","ipa":"10.10.26.21"}
[2025-08-07 12:33:04]
Berhasil merespon "dariMCU_2309MAS003" : {"respon":[{"id":"16581755","nodevice":"2309MAS003","message":"510","info":"Rio Choirul Anam--TERCATAT! 6 dtk lalu","nokartu":"231C1A03"}]}
Berhasil kirim balasan ke "responServer_2309MAS003"

[2025-08-07 12:33:07]
Menerima pesan dari: dariMCU_2309MAS003 - Pesan: {"nokartu":"231C1A03","idchip":"16581755","nodevice":"2309MAS003","key":"1234567890987654321","ipa":"10.10.26.21"}
[2025-08-07 12:33:07]
Berhasil merespon "dariMCU_2309MAS003" : {"respon":[{"id":"16581755","nodevice":"2309MAS003","message":"510","info":"Rio Choirul Anam--TERCATAT! 9 dtk lalu","nokartu":"231C1A03"}]}
Berhasil kirim balasan ke "responServer_2309MAS003"

[2025-08-07 12:33:11]
Menerima pesan dari: dariMCU_2309MAS003 - Pesan: {"nokartu":"5348DA54","idchip":"16581755","nodevice":"2309MAS003","key":"1234567890987654321","ipa":"10.10.26.21"}
[2025-08-07 12:33:11]
Berhasil merespon "dariMCU_2309MAS003" : {"respon":[{"id":"16581755","nodevice":"2309MAS003","message":"BMPE","info":"Ikhwan Priantama--Berhasil Presensi -Mulai-","nokartu":"5348DA54"}]}
Berhasil kirim balasan ke "responServer_2309MAS003"

[2025-08-07 12:33:15]
Menerima pesan dari: dariMCU_2309MAS003 - Pesan: {"nokartu":"13E47B05","idchip":"16581755","nodevice":"2309MAS003","key":"1234567890987654321","ipa":"10.10.26.21"}
[2025-08-07 12:33:15]
Berhasil merespon "dariMCU_2309MAS003" : {"respon":[{"id":"16581755","nodevice":"2309MAS003","message":"BMPE","info":"Ata Amirulloh--Berhasil Presensi -Mulai-","nokartu":"13E47B05"}]}
Berhasil kirim balasan ke "responServer_2309MAS003"

[2025-08-07 12:33:19]
Menerima pesan dari: dariMCU_2309MAS003 - Pesan: {"nokartu":"13E47B05","idchip":"16581755","nodevice":"2309MAS003","key":"1234567890987654321","ipa":"10.10.26.21"}
[2025-08-07 12:33:19]
Berhasil merespon "dariMCU_2309MAS003" : {"respon":[{"id":"16581755","nodevice":"2309MAS003","message":"510","info":"Ata Amirulloh--TERCATAT! 4 dtk lalu","nokartu":"13E47B05"}]}
Berhasil kirim balasan ke "responServer_2309MAS003"

[2025-08-07 12:33:20]
Menerima pesan dari: dariMCU_2309MAS003 - Pesan: {"nokartu":"03C816FE","idchip":"16581755","nodevice":"2309MAS003","key":"1234567890987654321","ipa":"10.10.26.21"}
[2025-08-07 12:33:20]
Berhasil merespon "dariMCU_2309MAS003" : {"respon":[{"id":"16581755","nodevice":"2309MAS003","message":"BMPE","info":"Nauval Wahyu Dwi Prastyo--Berhasil Presensi -Mulai-","nokartu":"03C816FE"}]}
Berhasil kirim balasan ke "responServer_2309MAS003"

[2025-08-07 12:33:24]
Menerima pesan dari: dariMCU_2309MAS003 - Pesan: {"nokartu":"5348DA54","idchip":"16581755","nodevice":"2309MAS003","key":"1234567890987654321","ipa":"10.10.26.21"}
[2025-08-07 12:33:24]
Berhasil merespon "dariMCU_2309MAS003" : {"respon":[{"id":"16581755","nodevice":"2309MAS003","message":"510","info":"Ikhwan Priantama--TERCATAT! 13 dtk lalu","nokartu":"5348DA54"}]}
Berhasil kirim balasan ke "responServer_2309MAS003"

[2025-08-07 12:33:25]
Menerima pesan dari: dariMCU_2309MAS003 - Pesan: {"nokartu":"5348DA54","idchip":"16581755","nodevice":"2309MAS003","key":"1234567890987654321","ipa":"10.10.26.21"}
[2025-08-07 12:33:25]
Berhasil merespon "dariMCU_2309MAS003" : {"respon":[{"id":"16581755","nodevice":"2309MAS003","message":"510","info":"Ikhwan Priantama--TERCATAT! 14 dtk lalu","nokartu":"5348DA54"}]}
Berhasil kirim balasan ke "responServer_2309MAS003"

[2025-08-07 12:33:28]
Menerima pesan dari: dariMCU_2309MAS003 - Pesan: {"nokartu":"13B90AFE","idchip":"16581755","nodevice":"2309MAS003","key":"1234567890987654321","ipa":"10.10.26.21"}
[2025-08-07 12:33:28]
Berhasil merespon "dariMCU_2309MAS003" : {"respon":[{"id":"16581755","nodevice":"2309MAS003","message":"BMPE","info":"Dio Wahyu Agustian--Berhasil Presensi -Mulai-","nokartu":"13B90AFE"}]}
Berhasil kirim balasan ke "responServer_2309MAS003"

[2025-08-07 12:33:32]
Menerima pesan dari: dariMCU_2309MAS003 - Pesan: {"nokartu":"13B90AFE","idchip":"16581755","nodevice":"2309MAS003","key":"1234567890987654321","ipa":"10.10.26.21"}
[2025-08-07 12:33:32]
Berhasil merespon "dariMCU_2309MAS003" : {"respon":[{"id":"16581755","nodevice":"2309MAS003","message":"510","info":"Dio Wahyu Agustian--TERCATAT! 4 dtk lalu","nokartu":"13B90AFE"}]}
Berhasil kirim balasan ke "responServer_2309MAS003"

[2025-08-07 12:33:40]
Menerima pesan dari: dariMCU_2309MAS003 - Pesan: {"nokartu":"53E415FF","idchip":"16581755","nodevice":"2309MAS003","key":"1234567890987654321","ipa":"10.10.26.21"}
[2025-08-07 12:33:40]
Berhasil merespon "dariMCU_2309MAS003" : {"respon":[{"id":"16581755","nodevice":"2309MAS003","message":"BMPE","info":"Arta Widyasari--Berhasil Presensi -Mulai-","nokartu":"53E415FF"}]}
Berhasil kirim balasan ke "responServer_2309MAS003"

[2025-08-07 12:33:50]
Menerima pesan dari: dariMCU_2309MAS003 - Pesan: {"nokartu":"D32434FF","idchip":"16581755","nodevice":"2309MAS003","key":"1234567890987654321","ipa":"10.10.26.21"}
[2025-08-07 12:33:50]
Berhasil merespon "dariMCU_2309MAS003" : {"respon":[{"id":"16581755","nodevice":"2309MAS003","message":"BMPE","info":"Muhamad Ulil Albab--Berhasil Presensi -Mulai-","nokartu":"D32434FF"}]}
Berhasil kirim balasan ke "responServer_2309MAS003"

[2025-08-07 12:33:53]
Menerima pesan dari: dariMCU_2309MAS003 - Pesan: {"nokartu":"D32434FF","idchip":"16581755","nodevice":"2309MAS003","key":"1234567890987654321","ipa":"10.10.26.21"}
[2025-08-07 12:33:53]
Berhasil merespon "dariMCU_2309MAS003" : {"respon":[{"id":"16581755","nodevice":"2309MAS003","message":"510","info":"Muhamad Ulil Albab--TERCATAT! 3 dtk lalu","nokartu":"D32434FF"}]}
Berhasil kirim balasan ke "responServer_2309MAS003"

[2025-08-07 12:33:54]
Menerima pesan dari: dariMCU_2309MAS003 - Pesan: {"nokartu":"D32434FF","idchip":"16581755","nodevice":"2309MAS003","key":"1234567890987654321","ipa":"10.10.26.21"}
[2025-08-07 12:33:54]
Berhasil merespon "dariMCU_2309MAS003" : {"respon":[{"id":"16581755","nodevice":"2309MAS003","message":"510","info":"Muhamad Ulil Albab--TERCATAT! 4 dtk lalu","nokartu":"D32434FF"}]}
Berhasil kirim balasan ke "responServer_2309MAS003"

[2025-08-07 12:33:58]
Menerima pesan dari: dariMCU_2309MAS003 - Pesan: {"nokartu":"63FF7005","idchip":"16581755","nodevice":"2309MAS003","key":"1234567890987654321","ipa":"10.10.26.21"}
[2025-08-07 12:33:58]
Berhasil merespon "dariMCU_2309MAS003" : {"respon":[{"id":"16581755","nodevice":"2309MAS003","message":"BMPE","info":"Wafid Raihan--Berhasil Presensi -Mulai-","nokartu":"63FF7005"}]}
Berhasil kirim balasan ke "responServer_2309MAS003"

[2025-08-07 12:34:02]
Menerima pesan dari: dariMCU_2309MAS003 - Pesan: {"nokartu":"13EB7505","idchip":"16581755","nodevice":"2309MAS003","key":"1234567890987654321","ipa":"10.10.26.21"}
[2025-08-07 12:34:02]
Berhasil merespon "dariMCU_2309MAS003" : {"respon":[{"id":"16581755","nodevice":"2309MAS003","message":"BMPE","info":"Agus Setiawan--Berhasil Presensi -Mulai-","nokartu":"13EB7505"}]}
Berhasil kirim balasan ke "responServer_2309MAS003"

[2025-08-07 12:34:06]
Menerima pesan dari: dariMCU_2309MAS003 - Pesan: {"nokartu":"13EB7505","idchip":"16581755","nodevice":"2309MAS003","key":"1234567890987654321","ipa":"10.10.26.21"}
[2025-08-07 12:34:06]
Berhasil merespon "dariMCU_2309MAS003" : {"respon":[{"id":"16581755","nodevice":"2309MAS003","message":"510","info":"Agus Setiawan--TERCATAT! 4 dtk lalu","nokartu":"13EB7505"}]}
Berhasil kirim balasan ke "responServer_2309MAS003"

[2025-08-07 12:34:10]
Menerima pesan dari: dariMCU_2309MAS003 - Pesan: {"nokartu":"63FF7005","idchip":"16581755","nodevice":"2309MAS003","key":"1234567890987654321","ipa":"10.10.26.21"}
[2025-08-07 12:34:10]
Berhasil merespon "dariMCU_2309MAS003" : {"respon":[{"id":"16581755","nodevice":"2309MAS003","message":"510","info":"Wafid Raihan--TERCATAT! 12 dtk lalu","nokartu":"63FF7005"}]}
Berhasil kirim balasan ke "responServer_2309MAS003"

[2025-08-07 12:34:13]
Menerima pesan dari: dariMCU_2309MAS003 - Pesan: {"nokartu":"63FF7005","idchip":"16581755","nodevice":"2309MAS003","key":"1234567890987654321","ipa":"10.10.26.21"}
[2025-08-07 12:34:13]
Berhasil merespon "dariMCU_2309MAS003" : {"respon":[{"id":"16581755","nodevice":"2309MAS003","message":"510","info":"Wafid Raihan--TERCATAT! 15 dtk lalu","nokartu":"63FF7005"}]}
Berhasil kirim balasan ke "responServer_2309MAS003"

[2025-08-07 12:39:59]
Menerima pesan dari: dariMCU_2309MAS003 - Pesan: {"nokartu":"C3081D05","idchip":"16581755","nodevice":"2309MAS003","key":"1234567890987654321","ipa":"10.10.26.21"}
[2025-08-07 12:39:59]
Berhasil merespon "dariMCU_2309MAS003" : {"respon":[{"id":"16581755","nodevice":"2309MAS003","message":"BMPE","info":"Nilna Sakda Aula Anjumi--Berhasil Presensi -Mulai-","nokartu":"C3081D05"}]}
Berhasil kirim balasan ke "responServer_2309MAS003"

[2025-08-07 12:40:03]
Menerima pesan dari: dariMCU_2309MAS003 - Pesan: {"nokartu":"C3081D05","idchip":"16581755","nodevice":"2309MAS003","key":"1234567890987654321","ipa":"10.10.26.21"}
[2025-08-07 12:40:03]
Berhasil merespon "dariMCU_2309MAS003" : {"respon":[{"id":"16581755","nodevice":"2309MAS003","message":"510","info":"Nilna Sakda Aula Anjumi--TERCATAT! 4 dtk lalu","nokartu":"C3081D05"}]}
Berhasil kirim balasan ke "responServer_2309MAS003"

[2025-08-07 12:40:44]
Menerima pesan dari: dariMCU_2309MAS003 - Pesan: {"nokartu":"23A521FF","idchip":"16581755","nodevice":"2309MAS003","key":"1234567890987654321","ipa":"10.10.26.21"}
[2025-08-07 12:40:44]
Berhasil merespon "dariMCU_2309MAS003" : {"respon":[{"id":"16581755","nodevice":"2309MAS003","message":"BMPE","info":"Rohim Rahmat Dani--Berhasil Presensi -Mulai-","nokartu":"23A521FF"}]}
Berhasil kirim balasan ke "responServer_2309MAS003"

[2025-08-07 12:40:48]
Menerima pesan dari: dariMCU_2309MAS003 - Pesan: {"nokartu":"23A521FF","idchip":"16581755","nodevice":"2309MAS003","key":"1234567890987654321","ipa":"10.10.26.21"}
[2025-08-07 12:40:48]
Berhasil merespon "dariMCU_2309MAS003" : {"respon":[{"id":"16581755","nodevice":"2309MAS003","message":"510","info":"Rohim Rahmat Dani--TERCATAT! 4 dtk lalu","nokartu":"23A521FF"}]}
Berhasil kirim balasan ke "responServer_2309MAS003"

[2025-08-07 12:40:49]
Menerima pesan dari: dariMCU_2309MAS003 - Pesan: {"nokartu":"13B90AFE","idchip":"16581755","nodevice":"2309MAS003","key":"1234567890987654321","ipa":"10.10.26.21"}
[2025-08-07 12:40:49]
Berhasil merespon "dariMCU_2309MAS003" : {"respon":[{"id":"16581755","nodevice":"2309MAS003","message":"BPSE","info":"Dio Wahyu Agustian--Berhasil Presensi -Selesai-","nokartu":"13B90AFE"}]}
Berhasil kirim balasan ke "responServer_2309MAS003"

[2025-08-07 12:40:53]
Menerima pesan dari: dariMCU_2309MAS003 - Pesan: {"nokartu":"13B90AFE","idchip":"16581755","nodevice":"2309MAS003","key":"1234567890987654321","ipa":"10.10.26.21"}
[2025-08-07 12:40:53]
Berhasil merespon "dariMCU_2309MAS003" : {"respon":[{"id":"16581755","nodevice":"2309MAS003","message":"510","info":"Dio Wahyu Agustian--TERCATAT! 4 dtk lalu","nokartu":"13B90AFE"}]}
Berhasil kirim balasan ke "responServer_2309MAS003"

[2025-08-07 12:40:56]
Menerima pesan dari: dariMCU_2309MAS003 - Pesan: {"nokartu":"13B90AFE","idchip":"16581755","nodevice":"2309MAS003","key":"1234567890987654321","ipa":"10.10.26.21"}
[2025-08-07 12:40:56]
Berhasil merespon "dariMCU_2309MAS003" : {"respon":[{"id":"16581755","nodevice":"2309MAS003","message":"510","info":"Dio Wahyu Agustian--TERCATAT! 7 dtk lalu","nokartu":"13B90AFE"}]}
Berhasil kirim balasan ke "responServer_2309MAS003"

[2025-08-07 12:41:41]
Menerima pesan dari: dariMCU_2309MAS003 - Pesan: {"nokartu":"733706FE","idchip":"16581755","nodevice":"2309MAS003","key":"1234567890987654321","ipa":"10.10.26.21"}
[2025-08-07 12:41:41]
Berhasil merespon "dariMCU_2309MAS003" : {"respon":[{"id":"16581755","nodevice":"2309MAS003","message":"BMPE","info":"Sovi Legiyaningsih--Berhasil Presensi -Mulai-","nokartu":"733706FE"}]}
Berhasil kirim balasan ke "responServer_2309MAS003"

[2025-08-07 12:41:45]
Menerima pesan dari: dariMCU_2309MAS003 - Pesan: {"nokartu":"733706FE","idchip":"16581755","nodevice":"2309MAS003","key":"1234567890987654321","ipa":"10.10.26.21"}
[2025-08-07 12:41:45]
Berhasil merespon "dariMCU_2309MAS003" : {"respon":[{"id":"16581755","nodevice":"2309MAS003","message":"510","info":"Sovi Legiyaningsih--TERCATAT! 4 dtk lalu","nokartu":"733706FE"}]}
Berhasil kirim balasan ke "responServer_2309MAS003"

[2025-08-07 12:41:49]
Menerima pesan dari: dariMCU_2309MAS003 - Pesan: {"nokartu":"330833FF","idchip":"16581755","nodevice":"2309MAS003","key":"1234567890987654321","ipa":"10.10.26.21"}
[2025-08-07 12:41:49]
Berhasil merespon "dariMCU_2309MAS003" : {"respon":[{"id":"16581755","nodevice":"2309MAS003","message":"BMPE","info":"Sazkya Rahmawati--Berhasil Presensi -Mulai-","nokartu":"330833FF"}]}
Berhasil kirim balasan ke "responServer_2309MAS003"

[2025-08-07 12:43:21]
Menerima pesan dari: dariMCU_2309MAS003 - Pesan: {"nokartu":"F3358305","idchip":"16581755","nodevice":"2309MAS003","key":"1234567890987654321","ipa":"10.10.26.21"}
[2025-08-07 12:43:21]
Berhasil merespon "dariMCU_2309MAS003" : {"respon":[{"id":"16581755","nodevice":"2309MAS003","message":"BMPE","info":"Bagus Tri Wibowo--Berhasil Presensi -Mulai-","nokartu":"F3358305"}]}
Berhasil kirim balasan ke "responServer_2309MAS003"

[2025-08-07 12:43:24]
Menerima pesan dari: dariMCU_2309MAS003 - Pesan: {"nokartu":"F3358305","idchip":"16581755","nodevice":"2309MAS003","key":"1234567890987654321","ipa":"10.10.26.21"}
[2025-08-07 12:43:24]
Berhasil merespon "dariMCU_2309MAS003" : {"respon":[{"id":"16581755","nodevice":"2309MAS003","message":"510","info":"Bagus Tri Wibowo--TERCATAT! 3 dtk lalu","nokartu":"F3358305"}]}
Berhasil kirim balasan ke "responServer_2309MAS003"

[2025-08-07 12:44:59]
Menerima pesan dari: dariMCU_2309MAS003 - Pesan: {"nokartu":"331D7E05","idchip":"16581755","nodevice":"2309MAS003","key":"1234567890987654321","ipa":"10.10.26.21"}
[2025-08-07 12:44:59]
Berhasil merespon "dariMCU_2309MAS003" : {"respon":[{"id":"16581755","nodevice":"2309MAS003","message":"BMPE","info":"Anisa Setyaningsih--Berhasil Presensi -Mulai-","nokartu":"331D7E05"}]}
Berhasil kirim balasan ke "responServer_2309MAS003"

[2025-08-07 12:45:04]
Menerima pesan dari: dariMCU_2309MAS003 - Pesan: {"nokartu":"C31F05FE","idchip":"16581755","nodevice":"2309MAS003","key":"1234567890987654321","ipa":"10.10.26.21"}
[2025-08-07 12:45:04]
Berhasil merespon "dariMCU_2309MAS003" : {"respon":[{"id":"16581755","nodevice":"2309MAS003","message":"BMPE","info":"Sofa Nur Hasanah--Berhasil Presensi -Mulai-","nokartu":"C31F05FE"}]}
Berhasil kirim balasan ke "responServer_2309MAS003"

[2025-08-07 12:45:07]
Menerima pesan dari: dariMCU_2309MAS003 - Pesan: {"nokartu":"C31F05FE","idchip":"16581755","nodevice":"2309MAS003","key":"1234567890987654321","ipa":"10.10.26.21"}
[2025-08-07 12:45:07]
Berhasil merespon "dariMCU_2309MAS003" : {"respon":[{"id":"16581755","nodevice":"2309MAS003","message":"510","info":"Sofa Nur Hasanah--TERCATAT! 3 dtk lalu","nokartu":"C31F05FE"}]}
Berhasil kirim balasan ke "responServer_2309MAS003"

[2025-08-07 12:45:37]
Menerima pesan dari: dariMCU_2309MAS003 - Pesan: {"nokartu":"93284105","idchip":"16581755","nodevice":"2309MAS003","key":"1234567890987654321","ipa":"10.10.26.21"}
[2025-08-07 12:45:37]
Berhasil merespon "dariMCU_2309MAS003" : {"respon":[{"id":"16581755","nodevice":"2309MAS003","message":"BMPE","info":"Dika Setiyani--Berhasil Presensi -Mulai-","nokartu":"93284105"}]}
Berhasil kirim balasan ke "responServer_2309MAS003"

[2025-08-07 12:45:40]
Menerima pesan dari: dariMCU_2309MAS003 - Pesan: {"nokartu":"93284105","idchip":"16581755","nodevice":"2309MAS003","key":"1234567890987654321","ipa":"10.10.26.21"}
[2025-08-07 12:45:40]
Berhasil merespon "dariMCU_2309MAS003" : {"respon":[{"id":"16581755","nodevice":"2309MAS003","message":"510","info":"Dika Setiyani--TERCATAT! 3 dtk lalu","nokartu":"93284105"}]}
Berhasil kirim balasan ke "responServer_2309MAS003"

[2025-08-07 12:51:14]
Menerima pesan dari: dariMCU_2309MAS001 - Pesan: {"nokartu":"331D7E05","idchip":"4115046","nodevice":"2309MAS001","key":"1234567890987654321","ipa":"10.10.24.133"}
[2025-08-07 12:51:14]
Berhasil merespon "dariMCU_2309MAS001" : {"respon":[{"id":"4115046","nodevice":"2309MAS001","message":"BPSE","info":"Anisa Setyaningsih--Berhasil Presensi -Selesai-","nokartu":"331D7E05"}]}
Berhasil kirim balasan ke "responServer_2309MAS001"

[2025-08-07 12:56:05]
Menerima pesan dari: dariMCU_2309MAS003 - Pesan: {"nokartu":"03BF1805","idchip":"16581755","nodevice":"2309MAS003","key":"1234567890987654321","ipa":"10.10.26.21"}
[2025-08-07 12:56:05]
Berhasil merespon "dariMCU_2309MAS003" : {"respon":[{"id":"16581755","nodevice":"2309MAS003","message":"BMPE","info":"Naffisell Tholibar Rifqi--Berhasil Presensi -Mulai-","nokartu":"03BF1805"}]}
Berhasil kirim balasan ke "responServer_2309MAS003"

[2025-08-07 12:56:09]
Menerima pesan dari: dariMCU_2309MAS003 - Pesan: {"nokartu":"03BF1805","idchip":"16581755","nodevice":"2309MAS003","key":"1234567890987654321","ipa":"10.10.26.21"}
[2025-08-07 12:56:09]
Berhasil merespon "dariMCU_2309MAS003" : {"respon":[{"id":"16581755","nodevice":"2309MAS003","message":"510","info":"Naffisell Tholibar Rifqi--TERCATAT! 4 dtk lalu","nokartu":"03BF1805"}]}
Berhasil kirim balasan ke "responServer_2309MAS003"

[2025-08-07 12:56:33]
Menerima pesan dari: dariMCU_2309MAS003 - Pesan: {"nokartu":"A37E7F05","idchip":"16581755","nodevice":"2309MAS003","key":"1234567890987654321","ipa":"10.10.26.21"}
[2025-08-07 12:56:33]
Berhasil merespon "dariMCU_2309MAS003" : {"respon":[{"id":"16581755","nodevice":"2309MAS003","message":"BMPE","info":"Algi Wian Avantyo--Berhasil Presensi -Mulai-","nokartu":"A37E7F05"}]}
Berhasil kirim balasan ke "responServer_2309MAS003"

[2025-08-07 12:56:36]
Menerima pesan dari: dariMCU_2309MAS003 - Pesan: {"nokartu":"A37E7F05","idchip":"16581755","nodevice":"2309MAS003","key":"1234567890987654321","ipa":"10.10.26.21"}
[2025-08-07 12:56:36]
Berhasil merespon "dariMCU_2309MAS003" : {"respon":[{"id":"16581755","nodevice":"2309MAS003","message":"510","info":"Algi Wian Avantyo--TERCATAT! 3 dtk lalu","nokartu":"A37E7F05"}]}
Berhasil kirim balasan ke "responServer_2309MAS003"

[2025-08-07 12:56:40]
Menerima pesan dari: dariMCU_2309MAS003 - Pesan: {"nokartu":"F3F66905","idchip":"16581755","nodevice":"2309MAS003","key":"1234567890987654321","ipa":"10.10.26.21"}
[2025-08-07 12:56:40]
Berhasil merespon "dariMCU_2309MAS003" : {"respon":[{"id":"16581755","nodevice":"2309MAS003","message":"BMPE","info":"Agil Bayu Nugroho--Berhasil Presensi -Mulai-","nokartu":"F3F66905"}]}
Berhasil kirim balasan ke "responServer_2309MAS003"

[2025-08-07 12:56:42]
Menerima pesan dari: dariMCU_2309MAS003 - Pesan: {"nokartu":"F3F66905","idchip":"16581755","nodevice":"2309MAS003","key":"1234567890987654321","ipa":"10.10.26.21"}
[2025-08-07 12:56:42]
Berhasil merespon "dariMCU_2309MAS003" : {"respon":[{"id":"16581755","nodevice":"2309MAS003","message":"510","info":"Agil Bayu Nugroho--TERCATAT! 2 dtk lalu","nokartu":"F3F66905"}]}
Berhasil kirim balasan ke "responServer_2309MAS003"

[2025-08-07 12:56:45]
Menerima pesan dari: dariMCU_2309MAS003 - Pesan: {"nokartu":"F3F66905","idchip":"16581755","nodevice":"2309MAS003","key":"1234567890987654321","ipa":"10.10.26.21"}
[2025-08-07 12:56:45]
Berhasil merespon "dariMCU_2309MAS003" : {"respon":[{"id":"16581755","nodevice":"2309MAS003","message":"510","info":"Agil Bayu Nugroho--TERCATAT! 5 dtk lalu","nokartu":"F3F66905"}]}
Berhasil kirim balasan ke "responServer_2309MAS003"

[2025-08-07 13:39:37]
Menerima pesan dari: dariMCU_2309MAS003 - Pesan: {"nokartu":"33797F05","idchip":"16581755","nodevice":"2309MAS003","key":"1234567890987654321","ipa":"10.10.26.21"}
[2025-08-07 13:39:37]
Berhasil merespon "dariMCU_2309MAS003" : {"respon":[{"id":"16581755","nodevice":"2309MAS003","message":"BMPE","info":"Dhimas Ardiansyaputra--Berhasil Presensi -Mulai-","nokartu":"33797F05"}]}
Berhasil kirim balasan ke "responServer_2309MAS003"

[2025-08-07 13:39:41]
Menerima pesan dari: dariMCU_2309MAS003 - Pesan: {"nokartu":"F3905F05","idchip":"16581755","nodevice":"2309MAS003","key":"1234567890987654321","ipa":"10.10.26.21"}
[2025-08-07 13:39:41]
Berhasil merespon "dariMCU_2309MAS003" : {"respon":[{"id":"16581755","nodevice":"2309MAS003","message":"BMPE","info":"Sidiq Dwi Ristanto--Berhasil Presensi -Mulai-","nokartu":"F3905F05"}]}
Berhasil kirim balasan ke "responServer_2309MAS003"

[2025-08-07 13:39:44]
Menerima pesan dari: dariMCU_2309MAS003 - Pesan: {"nokartu":"F3905F05","idchip":"16581755","nodevice":"2309MAS003","key":"1234567890987654321","ipa":"10.10.26.21"}
[2025-08-07 13:39:44]
Berhasil merespon "dariMCU_2309MAS003" : {"respon":[{"id":"16581755","nodevice":"2309MAS003","message":"510","info":"Sidiq Dwi Ristanto--TERCATAT! 3 dtk lalu","nokartu":"F3905F05"}]}
Berhasil kirim balasan ke "responServer_2309MAS003"

[2025-08-07 13:43:58]
Menerima pesan dari: dariMCU_2309MAS003 - Pesan: {"nokartu":"C3A96605","idchip":"16581755","nodevice":"2309MAS003","key":"1234567890987654321","ipa":"10.10.26.21"}
[2025-08-07 13:43:58]
Berhasil merespon "dariMCU_2309MAS003" : {"respon":[{"id":"16581755","nodevice":"2309MAS003","message":"BMPE","info":"Dimas Ridwan Rifa i--Berhasil Presensi -Mulai-","nokartu":"C3A96605"}]}
Berhasil kirim balasan ke "responServer_2309MAS003"

[2025-08-07 13:44:04]
Menerima pesan dari: dariMCU_2309MAS003 - Pesan: {"nokartu":"C3A96605","idchip":"16581755","nodevice":"2309MAS003","key":"1234567890987654321","ipa":"10.10.26.21"}
[2025-08-07 13:44:04]
Berhasil merespon "dariMCU_2309MAS003" : {"respon":[{"id":"16581755","nodevice":"2309MAS003","message":"510","info":"Dimas Ridwan Rifa i--TERCATAT! 6 dtk lalu","nokartu":"C3A96605"}]}
Berhasil kirim balasan ke "responServer_2309MAS003"

[2025-08-07 13:44:20]
Menerima pesan dari: dariMCU_2309MAS003 - Pesan: {"nokartu":"33797F05","idchip":"16581755","nodevice":"2309MAS003","key":"1234567890987654321","ipa":"10.10.26.21"}
[2025-08-07 13:44:20]
Berhasil merespon "dariMCU_2309MAS003" : {"respon":[{"id":"16581755","nodevice":"2309MAS003","message":"BPSE","info":"Dhimas Ardiansyaputra--Berhasil Presensi -Selesai-","nokartu":"33797F05"}]}
Berhasil kirim balasan ke "responServer_2309MAS003"

