[2024-01-03 07:00:10]
Menerima pesan dari: dariMCU_2309G003 - Pesan: {"nokartu":"23B56F05","idchip":"8008873","nodevice":"2309G003","key":"1234567890987654321","ipa":"10.10.5.218"}
[2024-01-03 07:00:10]
Berhasil merespon "dariMCU_2309G003" : {"respon":[{"id":"8008873","nodevice":"2309G003","message":"BMPM","info":"Oktafia Salsa Fitria--Berhasil Presensi","nokartu":"23B56F05"}]}
Berhasil kirim balasan ke "responServer_2309G003"

[2024-01-03 07:00:23]
Menerima pesan dari: dariMCU_2309G003 - Pesan: {"nokartu":"23B56F05","idchip":"8008873","nodevice":"2309G003","key":"1234567890987654321","ipa":"10.10.5.218"}
[2024-01-03 07:00:23]
Berhasil merespon "dariMCU_2309G003" : {"respon":[{"id":"8008873","nodevice":"2309G003","message":"SMPM","info":"Oktafia Salsa Fitria--Anda Sudah melakukan Presensi","nokartu":"23B56F05"}]}
Berhasil kirim balasan ke "responServer_2309G003"

[2024-01-03 07:01:00]
Menerima pesan dari: dariMCU_2309G003 - Pesan: {"nokartu":"C31F05FE","idchip":"8008873","nodevice":"2309G003","key":"1234567890987654321","ipa":"10.10.5.218"}
[2024-01-03 07:01:00]
Berhasil merespon "dariMCU_2309G003" : {"respon":[{"id":"8008873","nodevice":"2309G003","message":"BMPM","info":"Sofa Nur Hasanah--Berhasil Presensi","nokartu":"C31F05FE"}]}
Berhasil kirim balasan ke "responServer_2309G003"

[2024-01-03 08:43:58]
Menerima pesan dari: dariMCU_2309G003 - Pesan: {"nokartu":"6C8FED22","idchip":"8008873","nodevice":"2309G003","key":"1234567890987654321","ipa":"10.10.5.218"}
[2024-01-03 08:43:58]
Berhasil merespon "dariMCU_2309G003" : {"respon":[{"id":"8008873","nodevice":"2309G003","message":"BMPM","info":"Raafiyanto Adri Mahardika--Berhasil Presensi","nokartu":"6C8FED22"}]}
Berhasil kirim balasan ke "responServer_2309G003"

[2024-01-03 08:44:06]
Menerima pesan dari: dariMCU_2309G003 - Pesan: {"nokartu":"6C8FED22","idchip":"8008873","nodevice":"2309G003","key":"1234567890987654321","ipa":"10.10.5.218"}
[2024-01-03 08:44:06]
Berhasil merespon "dariMCU_2309G003" : {"respon":[{"id":"8008873","nodevice":"2309G003","message":"SMPM","info":"Raafiyanto Adri Mahardika--Anda Sudah melakukan Presensi","nokartu":"6C8FED22"}]}
Berhasil kirim balasan ke "responServer_2309G003"

[2024-01-03 11:56:00]
Menerima pesan dari: dariMCU_2309MAS003 - Pesan: {"nokartu":"F3808005","idchip":"16581755","nodevice":"2309MAS003","key":"1234567890987654321","ipa":"10.10.6.163"}
[2024-01-03 11:56:00]
Berhasil merespon "dariMCU_2309MAS003" : {"respon":[{"id":"16581755","nodevice":"2309MAS003","message":"BMPE","info":"Berlian Jiyan Swari Putri--Berhasil Presensi -Mulai-","nokartu":"F3808005"}]}
Berhasil kirim balasan ke "responServer_2309MAS003"

[2024-01-03 11:56:02]
Menerima pesan dari: dariMCU_2309MAS003 - Pesan: {"nokartu":"B33018FE","idchip":"16581755","nodevice":"2309MAS003","key":"1234567890987654321","ipa":"10.10.6.163"}
[2024-01-03 11:56:02]
Berhasil merespon "dariMCU_2309MAS003" : {"respon":[{"id":"16581755","nodevice":"2309MAS003","message":"BMPE","info":"Aulia Qotrunada--Berhasil Presensi -Mulai-","nokartu":"B33018FE"}]}
Berhasil kirim balasan ke "responServer_2309MAS003"

[2024-01-03 11:56:09]
Menerima pesan dari: dariMCU_2309MAS003 - Pesan: {"nokartu":"438818FE","idchip":"16581755","nodevice":"2309MAS003","key":"1234567890987654321","ipa":"10.10.6.163"}
[2024-01-03 11:56:09]
Berhasil merespon "dariMCU_2309MAS003" : {"respon":[{"id":"16581755","nodevice":"2309MAS003","message":"BMPE","info":"Nashendi Sabrina Shasa--Berhasil Presensi -Mulai-","nokartu":"438818FE"}]}
Berhasil kirim balasan ke "responServer_2309MAS003"

[2024-01-03 12:08:16]
Menerima pesan dari: dariMCU_2309MAS003 - Pesan: {"nokartu":"636D7305","idchip":"16581755","nodevice":"2309MAS003","key":"1234567890987654321","ipa":"10.10.6.163"}
[2024-01-03 12:08:16]
Berhasil merespon "dariMCU_2309MAS003" : {"respon":[{"id":"16581755","nodevice":"2309MAS003","message":"BMPE","info":"Sasetyo--Berhasil Presensi -Mulai-","nokartu":"636D7305"}]}
Berhasil kirim balasan ke "responServer_2309MAS003"

[2024-01-03 12:11:49]
Menerima pesan dari: dariMCU_2309MAS003 - Pesan: {"nokartu":"53802FFF","idchip":"16581755","nodevice":"2309MAS003","key":"1234567890987654321","ipa":"10.10.6.163"}
[2024-01-03 12:11:49]
Berhasil merespon "dariMCU_2309MAS003" : {"respon":[{"id":"16581755","nodevice":"2309MAS003","message":"BMPE","info":"Fatimatuzzahro--Berhasil Presensi -Mulai-","nokartu":"53802FFF"}]}
Berhasil kirim balasan ke "responServer_2309MAS003"

[2024-01-03 12:11:54]
Menerima pesan dari: dariMCU_2309MAS003 - Pesan: {"nokartu":"53802FFF","idchip":"16581755","nodevice":"2309MAS003","key":"1234567890987654321","ipa":"10.10.6.163"}
[2024-01-03 12:11:54]
Berhasil merespon "dariMCU_2309MAS003" : {"respon":[{"id":"16581755","nodevice":"2309MAS003","message":"510","info":"Fatimatuzzahro--TERCATAT! 5 dtk lalu","nokartu":"53802FFF"}]}
Berhasil kirim balasan ke "responServer_2309MAS003"

[2024-01-03 12:11:57]
Menerima pesan dari: dariMCU_2309MAS003 - Pesan: {"nokartu":"73090DFE","idchip":"16581755","nodevice":"2309MAS003","key":"1234567890987654321","ipa":"10.10.6.163"}
[2024-01-03 12:11:57]
Berhasil merespon "dariMCU_2309MAS003" : {"respon":[{"id":"16581755","nodevice":"2309MAS003","message":"BMPE","info":"Yuliatul Muarifah--Berhasil Presensi -Mulai-","nokartu":"73090DFE"}]}
Berhasil kirim balasan ke "responServer_2309MAS003"

[2024-01-03 12:12:00]
Menerima pesan dari: dariMCU_2309MAS003 - Pesan: {"nokartu":"73090DFE","idchip":"16581755","nodevice":"2309MAS003","key":"1234567890987654321","ipa":"10.10.6.163"}
[2024-01-03 12:12:00]
Berhasil merespon "dariMCU_2309MAS003" : {"respon":[{"id":"16581755","nodevice":"2309MAS003","message":"510","info":"Yuliatul Muarifah--TERCATAT! 3 dtk lalu","nokartu":"73090DFE"}]}
Berhasil kirim balasan ke "responServer_2309MAS003"

[2024-01-03 12:12:02]
Menerima pesan dari: dariMCU_2309MAS003 - Pesan: {"nokartu":"73090DFE","idchip":"16581755","nodevice":"2309MAS003","key":"1234567890987654321","ipa":"10.10.6.163"}
[2024-01-03 12:12:02]
Berhasil merespon "dariMCU_2309MAS003" : {"respon":[{"id":"16581755","nodevice":"2309MAS003","message":"510","info":"Yuliatul Muarifah--TERCATAT! 5 dtk lalu","nokartu":"73090DFE"}]}
Berhasil kirim balasan ke "responServer_2309MAS003"

[2024-01-03 12:12:05]
Menerima pesan dari: dariMCU_2309MAS003 - Pesan: {"nokartu":"73090DFE","idchip":"16581755","nodevice":"2309MAS003","key":"1234567890987654321","ipa":"10.10.6.163"}
[2024-01-03 12:12:05]
Berhasil merespon "dariMCU_2309MAS003" : {"respon":[{"id":"16581755","nodevice":"2309MAS003","message":"510","info":"Yuliatul Muarifah--TERCATAT! 8 dtk lalu","nokartu":"73090DFE"}]}
Berhasil kirim balasan ke "responServer_2309MAS003"

[2024-01-03 12:12:07]
Menerima pesan dari: dariMCU_2309MAS003 - Pesan: {"nokartu":"53802FFF","idchip":"16581755","nodevice":"2309MAS003","key":"1234567890987654321","ipa":"10.10.6.163"}
[2024-01-03 12:12:07]
Berhasil merespon "dariMCU_2309MAS003" : {"respon":[{"id":"16581755","nodevice":"2309MAS003","message":"510","info":"Fatimatuzzahro--TERCATAT! 18 dtk lalu","nokartu":"53802FFF"}]}
Berhasil kirim balasan ke "responServer_2309MAS003"

[2024-01-03 12:12:25]
Menerima pesan dari: dariMCU_2309MAS003 - Pesan: {"nokartu":"636D7305","idchip":"16581755","nodevice":"2309MAS003","key":"1234567890987654321","ipa":"10.10.6.163"}
[2024-01-03 12:12:25]
Berhasil merespon "dariMCU_2309MAS003" : {"respon":[{"id":"16581755","nodevice":"2309MAS003","message":"BPSE","info":"Sasetyo--Berhasil Presensi -Selesai-","nokartu":"636D7305"}]}
Berhasil kirim balasan ke "responServer_2309MAS003"

[2024-01-03 12:14:06]
Menerima pesan dari: dariMCU_2309MAS003 - Pesan: {"nokartu":"F3A717FE","idchip":"16581755","nodevice":"2309MAS003","key":"1234567890987654321","ipa":"10.10.6.163"}
[2024-01-03 12:14:06]
Berhasil merespon "dariMCU_2309MAS003" : {"respon":[{"id":"16581755","nodevice":"2309MAS003","message":"BMPE","info":"Elvira Ayu Thirany--Berhasil Presensi -Mulai-","nokartu":"F3A717FE"}]}
Berhasil kirim balasan ke "responServer_2309MAS003"

[2024-01-03 12:14:07]
Menerima pesan dari: dariMCU_2309MAS003 - Pesan: {"nokartu":"F3A717FE","idchip":"16581755","nodevice":"2309MAS003","key":"1234567890987654321","ipa":"10.10.6.163"}
[2024-01-03 12:14:07]
Berhasil merespon "dariMCU_2309MAS003" : {"respon":[{"id":"16581755","nodevice":"2309MAS003","message":"510","info":"Elvira Ayu Thirany--TERCATAT! 1 dtk lalu","nokartu":"F3A717FE"}]}
Berhasil kirim balasan ke "responServer_2309MAS003"

[2024-01-03 12:14:10]
Menerima pesan dari: dariMCU_2309MAS003 - Pesan: {"nokartu":"03D20AFE","idchip":"16581755","nodevice":"2309MAS003","key":"1234567890987654321","ipa":"10.10.6.163"}
[2024-01-03 12:14:10]
Berhasil merespon "dariMCU_2309MAS003" : {"respon":[{"id":"16581755","nodevice":"2309MAS003","message":"BMPE","info":"Zalika Afarin Azura--Berhasil Presensi -Mulai-","nokartu":"03D20AFE"}]}
Berhasil kirim balasan ke "responServer_2309MAS003"

[2024-01-03 12:15:46]
Menerima pesan dari: dariMCU_2309MAS003 - Pesan: {"nokartu":"930E22FF","idchip":"16581755","nodevice":"2309MAS003","key":"1234567890987654321","ipa":"10.10.6.163"}
[2024-01-03 12:15:46]
Berhasil merespon "dariMCU_2309MAS003" : {"respon":[{"id":"16581755","nodevice":"2309MAS003","message":"BMPE","info":"Nafila Azahro--Berhasil Presensi -Mulai-","nokartu":"930E22FF"}]}
Berhasil kirim balasan ke "responServer_2309MAS003"

[2024-01-03 12:15:49]
Menerima pesan dari: dariMCU_2309MAS003 - Pesan: {"nokartu":"A38D17FE","idchip":"16581755","nodevice":"2309MAS003","key":"1234567890987654321","ipa":"10.10.6.163"}
[2024-01-03 12:15:49]
Berhasil merespon "dariMCU_2309MAS003" : {"respon":[{"id":"16581755","nodevice":"2309MAS003","message":"BMPE","info":"Aulia Hastuti Santalum--Berhasil Presensi -Mulai-","nokartu":"A38D17FE"}]}
Berhasil kirim balasan ke "responServer_2309MAS003"

[2024-01-03 12:16:44]
Menerima pesan dari: dariMCU_2309MAS003 - Pesan: {"nokartu":"B37F7A05","idchip":"16581755","nodevice":"2309MAS003","key":"1234567890987654321","ipa":"10.10.6.163"}
[2024-01-03 12:16:44]
Berhasil merespon "dariMCU_2309MAS003" : {"respon":[{"id":"16581755","nodevice":"2309MAS003","message":"BMPE","info":"Putra Fajar Noviyanto--Berhasil Presensi -Mulai-","nokartu":"B37F7A05"}]}
Berhasil kirim balasan ke "responServer_2309MAS003"

[2024-01-03 12:16:47]
Menerima pesan dari: dariMCU_2309MAS003 - Pesan: {"nokartu":"B37F7A05","idchip":"16581755","nodevice":"2309MAS003","key":"1234567890987654321","ipa":"10.10.6.163"}
[2024-01-03 12:16:47]
Berhasil merespon "dariMCU_2309MAS003" : {"respon":[{"id":"16581755","nodevice":"2309MAS003","message":"510","info":"Putra Fajar Noviyanto--TERCATAT! 3 dtk lalu","nokartu":"B37F7A05"}]}
Berhasil kirim balasan ke "responServer_2309MAS003"

[2024-01-03 12:18:00]
Menerima pesan dari: dariMCU_2309MAS003 - Pesan: {"nokartu":"13B021FF","idchip":"16581755","nodevice":"2309MAS003","key":"1234567890987654321","ipa":"10.10.6.163"}
[2024-01-03 12:18:00]
Berhasil merespon "dariMCU_2309MAS003" : {"respon":[{"id":"16581755","nodevice":"2309MAS003","message":"BMPE","info":"Muhammad Ulynnuha--Berhasil Presensi -Mulai-","nokartu":"13B021FF"}]}
Berhasil kirim balasan ke "responServer_2309MAS003"

[2024-01-03 12:18:02]
Menerima pesan dari: dariMCU_2309MAS003 - Pesan: {"nokartu":"13B021FF","idchip":"16581755","nodevice":"2309MAS003","key":"1234567890987654321","ipa":"10.10.6.163"}
[2024-01-03 12:18:02]
Berhasil merespon "dariMCU_2309MAS003" : {"respon":[{"id":"16581755","nodevice":"2309MAS003","message":"510","info":"Muhammad Ulynnuha--TERCATAT! 2 dtk lalu","nokartu":"13B021FF"}]}
Berhasil kirim balasan ke "responServer_2309MAS003"

[2024-01-03 12:18:05]
Menerima pesan dari: dariMCU_2309MAS003 - Pesan: {"nokartu":"13B021FF","idchip":"16581755","nodevice":"2309MAS003","key":"1234567890987654321","ipa":"10.10.6.163"}
[2024-01-03 12:18:05]
Berhasil merespon "dariMCU_2309MAS003" : {"respon":[{"id":"16581755","nodevice":"2309MAS003","message":"510","info":"Muhammad Ulynnuha--TERCATAT! 5 dtk lalu","nokartu":"13B021FF"}]}
Berhasil kirim balasan ke "responServer_2309MAS003"

[2024-01-03 12:18:07]
Menerima pesan dari: dariMCU_2309MAS003 - Pesan: {"nokartu":"133A7B05","idchip":"16581755","nodevice":"2309MAS003","key":"1234567890987654321","ipa":"10.10.6.163"}
[2024-01-03 12:18:07]
Berhasil merespon "dariMCU_2309MAS003" : {"respon":[{"id":"16581755","nodevice":"2309MAS003","message":"BMPE","info":"Helmi Muhalim Azmi Solih--Berhasil Presensi -Mulai-","nokartu":"133A7B05"}]}
Berhasil kirim balasan ke "responServer_2309MAS003"

[2024-01-03 12:18:10]
Menerima pesan dari: dariMCU_2309MAS003 - Pesan: {"nokartu":"133A7B05","idchip":"16581755","nodevice":"2309MAS003","key":"1234567890987654321","ipa":"10.10.6.163"}
[2024-01-03 12:18:10]
Berhasil merespon "dariMCU_2309MAS003" : {"respon":[{"id":"16581755","nodevice":"2309MAS003","message":"510","info":"Helmi Muhalim Azmi Solih--TERCATAT! 3 dtk lalu","nokartu":"133A7B05"}]}
Berhasil kirim balasan ke "responServer_2309MAS003"

[2024-01-03 12:18:11]
Menerima pesan dari: dariMCU_2309MAS003 - Pesan: {"nokartu":"133A7B05","idchip":"16581755","nodevice":"2309MAS003","key":"1234567890987654321","ipa":"10.10.6.163"}
[2024-01-03 12:18:11]
Berhasil merespon "dariMCU_2309MAS003" : {"respon":[{"id":"16581755","nodevice":"2309MAS003","message":"510","info":"Helmi Muhalim Azmi Solih--TERCATAT! 4 dtk lalu","nokartu":"133A7B05"}]}
Berhasil kirim balasan ke "responServer_2309MAS003"

[2024-01-03 12:18:13]
Menerima pesan dari: dariMCU_2309MAS003 - Pesan: {"nokartu":"F39F1AFE","idchip":"16581755","nodevice":"2309MAS003","key":"1234567890987654321","ipa":"10.10.6.163"}
[2024-01-03 12:18:13]
Berhasil merespon "dariMCU_2309MAS003" : {"respon":[{"id":"16581755","nodevice":"2309MAS003","message":"BMPE","info":"Anton Joko Kurniawan--Berhasil Presensi -Mulai-","nokartu":"F39F1AFE"}]}
Berhasil kirim balasan ke "responServer_2309MAS003"

[2024-01-03 12:18:14]
Menerima pesan dari: dariMCU_2309MAS003 - Pesan: {"nokartu":"F39F1AFE","idchip":"16581755","nodevice":"2309MAS003","key":"1234567890987654321","ipa":"10.10.6.163"}
[2024-01-03 12:18:14]
Berhasil merespon "dariMCU_2309MAS003" : {"respon":[{"id":"16581755","nodevice":"2309MAS003","message":"510","info":"Anton Joko Kurniawan--TERCATAT! 1 dtk lalu","nokartu":"F39F1AFE"}]}
Berhasil kirim balasan ke "responServer_2309MAS003"

[2024-01-03 12:18:17]
Menerima pesan dari: dariMCU_2309MAS003 - Pesan: {"nokartu":"F39F1AFE","idchip":"16581755","nodevice":"2309MAS003","key":"1234567890987654321","ipa":"10.10.6.163"}
[2024-01-03 12:18:17]
Berhasil merespon "dariMCU_2309MAS003" : {"respon":[{"id":"16581755","nodevice":"2309MAS003","message":"510","info":"Anton Joko Kurniawan--TERCATAT! 4 dtk lalu","nokartu":"F39F1AFE"}]}
Berhasil kirim balasan ke "responServer_2309MAS003"

[2024-01-03 12:18:18]
Menerima pesan dari: dariMCU_2309MAS003 - Pesan: {"nokartu":"F3B72CFF","idchip":"16581755","nodevice":"2309MAS003","key":"1234567890987654321","ipa":"10.10.6.163"}
[2024-01-03 12:18:18]
Berhasil merespon "dariMCU_2309MAS003" : {"respon":[{"id":"16581755","nodevice":"2309MAS003","message":"BMPE","info":"Rifqi Naufal Gandhi--Berhasil Presensi -Mulai-","nokartu":"F3B72CFF"}]}
Berhasil kirim balasan ke "responServer_2309MAS003"

[2024-01-03 12:19:02]
Menerima pesan dari: dariMCU_2309MAS003 - Pesan: {"nokartu":"43D72AFF","idchip":"16581755","nodevice":"2309MAS003","key":"1234567890987654321","ipa":"10.10.6.163"}
[2024-01-03 12:19:02]
Berhasil merespon "dariMCU_2309MAS003" : {"respon":[{"id":"16581755","nodevice":"2309MAS003","message":"BMPE","info":"Resa Dwi Cahyani--Berhasil Presensi -Mulai-","nokartu":"43D72AFF"}]}
Berhasil kirim balasan ke "responServer_2309MAS003"

[2024-01-03 12:19:06]
Menerima pesan dari: dariMCU_2309MAS003 - Pesan: {"nokartu":"43D72AFF","idchip":"16581755","nodevice":"2309MAS003","key":"1234567890987654321","ipa":"10.10.6.163"}
[2024-01-03 12:19:06]
Berhasil merespon "dariMCU_2309MAS003" : {"respon":[{"id":"16581755","nodevice":"2309MAS003","message":"510","info":"Resa Dwi Cahyani--TERCATAT! 4 dtk lalu","nokartu":"43D72AFF"}]}
Berhasil kirim balasan ke "responServer_2309MAS003"

[2024-01-03 12:24:44]
Menerima pesan dari: dariMCU_2309MAS003 - Pesan: {"nokartu":"B3A98005","idchip":"16581755","nodevice":"2309MAS003","key":"1234567890987654321","ipa":"10.10.6.163"}
[2024-01-03 12:24:44]
Berhasil merespon "dariMCU_2309MAS003" : {"respon":[{"id":"16581755","nodevice":"2309MAS003","message":"BMPE","info":"Rifki Aulia Airlangga--Berhasil Presensi -Mulai-","nokartu":"B3A98005"}]}
Berhasil kirim balasan ke "responServer_2309MAS003"

[2024-01-03 12:24:50]
Menerima pesan dari: dariMCU_2309MAS003 - Pesan: {"nokartu":"23B97305","idchip":"16581755","nodevice":"2309MAS003","key":"1234567890987654321","ipa":"10.10.6.163"}
[2024-01-03 12:24:50]
Berhasil merespon "dariMCU_2309MAS003" : {"respon":[{"id":"16581755","nodevice":"2309MAS003","message":"BMPE","info":"Khafian Zeka Pratama--Berhasil Presensi -Mulai-","nokartu":"23B97305"}]}
Berhasil kirim balasan ke "responServer_2309MAS003"

[2024-01-03 12:24:54]
Menerima pesan dari: dariMCU_2309MAS003 - Pesan: {"nokartu":"23B97305","idchip":"16581755","nodevice":"2309MAS003","key":"1234567890987654321","ipa":"10.10.6.163"}
[2024-01-03 12:24:54]
Berhasil merespon "dariMCU_2309MAS003" : {"respon":[{"id":"16581755","nodevice":"2309MAS003","message":"510","info":"Khafian Zeka Pratama--TERCATAT! 4 dtk lalu","nokartu":"23B97305"}]}
Berhasil kirim balasan ke "responServer_2309MAS003"

[2024-01-03 12:33:19]
Menerima pesan dari: dariMCU_2309MAS003 - Pesan: {"nokartu":"632822FF","idchip":"16581755","nodevice":"2309MAS003","key":"1234567890987654321","ipa":"10.10.6.163"}
[2024-01-03 12:33:19]
Berhasil merespon "dariMCU_2309MAS003" : {"respon":[{"id":"16581755","nodevice":"2309MAS003","message":"BMPE","info":"Dwi Yuni Kurniawati--Berhasil Presensi -Mulai-","nokartu":"632822FF"}]}
Berhasil kirim balasan ke "responServer_2309MAS003"

[2024-01-03 12:33:22]
Menerima pesan dari: dariMCU_2309MAS003 - Pesan: {"nokartu":"D32022FF","idchip":"16581755","nodevice":"2309MAS003","key":"1234567890987654321","ipa":"10.10.6.163"}
[2024-01-03 12:33:22]
Berhasil merespon "dariMCU_2309MAS003" : {"respon":[{"id":"16581755","nodevice":"2309MAS003","message":"BMPE","info":"Andin Ningmas Dewi--Berhasil Presensi -Mulai-","nokartu":"D32022FF"}]}
Berhasil kirim balasan ke "responServer_2309MAS003"

[2024-01-03 12:33:26]
Menerima pesan dari: dariMCU_2309MAS003 - Pesan: {"nokartu":"63D323FF","idchip":"16581755","nodevice":"2309MAS003","key":"1234567890987654321","ipa":"10.10.6.163"}
[2024-01-03 12:33:26]
Berhasil merespon "dariMCU_2309MAS003" : {"respon":[{"id":"16581755","nodevice":"2309MAS003","message":"BMPE","info":"Hisna Alifah--Berhasil Presensi -Mulai-","nokartu":"63D323FF"}]}
Berhasil kirim balasan ke "responServer_2309MAS003"

[2024-01-03 12:33:30]
Menerima pesan dari: dariMCU_2309MAS003 - Pesan: {"nokartu":"63D323FF","idchip":"16581755","nodevice":"2309MAS003","key":"1234567890987654321","ipa":"10.10.6.163"}
[2024-01-03 12:33:30]
Berhasil merespon "dariMCU_2309MAS003" : {"respon":[{"id":"16581755","nodevice":"2309MAS003","message":"510","info":"Hisna Alifah--TERCATAT! 4 dtk lalu","nokartu":"63D323FF"}]}
Berhasil kirim balasan ke "responServer_2309MAS003"

[2024-01-03 12:35:11]
Menerima pesan dari: dariMCU_2309MAS003 - Pesan: {"nokartu":"73DD16FE","idchip":"16581755","nodevice":"2309MAS003","key":"1234567890987654321","ipa":"10.10.6.163"}
[2024-01-03 12:35:11]
Berhasil merespon "dariMCU_2309MAS003" : {"respon":[{"id":"16581755","nodevice":"2309MAS003","message":"BMPE","info":"Malik Fatah--Berhasil Presensi -Mulai-","nokartu":"73DD16FE"}]}
Berhasil kirim balasan ke "responServer_2309MAS003"

[2024-01-03 12:35:14]
Menerima pesan dari: dariMCU_2309MAS003 - Pesan: {"nokartu":"A3BD08FE","idchip":"16581755","nodevice":"2309MAS003","key":"1234567890987654321","ipa":"10.10.6.163"}
[2024-01-03 12:35:14]
Berhasil merespon "dariMCU_2309MAS003" : {"respon":[{"id":"16581755","nodevice":"2309MAS003","message":"BMPE","info":"Muhammat Ahsanul Mubarok--Berhasil Presensi -Mulai-","nokartu":"A3BD08FE"}]}
Berhasil kirim balasan ke "responServer_2309MAS003"

[2024-01-03 12:37:56]
Menerima pesan dari: dariMCU_2309MAS003 - Pesan: {"nokartu":"134A16FF","idchip":"16581755","nodevice":"2309MAS003","key":"1234567890987654321","ipa":"10.10.6.163"}
[2024-01-03 12:37:56]
Berhasil merespon "dariMCU_2309MAS003" : {"respon":[{"id":"16581755","nodevice":"2309MAS003","message":"BMPE","info":"Geordy Muhammad Chudzori--Berhasil Presensi -Mulai-","nokartu":"134A16FF"}]}
Berhasil kirim balasan ke "responServer_2309MAS003"

[2024-01-03 12:37:59]
Menerima pesan dari: dariMCU_2309MAS003 - Pesan: {"nokartu":"134A16FF","idchip":"16581755","nodevice":"2309MAS003","key":"1234567890987654321","ipa":"10.10.6.163"}
[2024-01-03 12:37:59]
Berhasil merespon "dariMCU_2309MAS003" : {"respon":[{"id":"16581755","nodevice":"2309MAS003","message":"510","info":"Geordy Muhammad Chudzori--TERCATAT! 3 dtk lalu","nokartu":"134A16FF"}]}
Berhasil kirim balasan ke "responServer_2309MAS003"

[2024-01-03 12:38:01]
Menerima pesan dari: dariMCU_2309MAS003 - Pesan: {"nokartu":"134A16FF","idchip":"16581755","nodevice":"2309MAS003","key":"1234567890987654321","ipa":"10.10.6.163"}
[2024-01-03 12:38:01]
Berhasil merespon "dariMCU_2309MAS003" : {"respon":[{"id":"16581755","nodevice":"2309MAS003","message":"510","info":"Geordy Muhammad Chudzori--TERCATAT! 5 dtk lalu","nokartu":"134A16FF"}]}
Berhasil kirim balasan ke "responServer_2309MAS003"

[2024-01-03 12:38:02]
Menerima pesan dari: dariMCU_2309MAS003 - Pesan: {"nokartu":"23C011FE","idchip":"16581755","nodevice":"2309MAS003","key":"1234567890987654321","ipa":"10.10.6.163"}
[2024-01-03 12:38:02]
Berhasil merespon "dariMCU_2309MAS003" : {"respon":[{"id":"16581755","nodevice":"2309MAS003","message":"BMPE","info":"Muhamad Hakan Rafly--Berhasil Presensi -Mulai-","nokartu":"23C011FE"}]}
Berhasil kirim balasan ke "responServer_2309MAS003"

[2024-01-03 12:38:05]
Menerima pesan dari: dariMCU_2309MAS003 - Pesan: {"nokartu":"23C011FE","idchip":"16581755","nodevice":"2309MAS003","key":"1234567890987654321","ipa":"10.10.6.163"}
[2024-01-03 12:38:05]
Berhasil merespon "dariMCU_2309MAS003" : {"respon":[{"id":"16581755","nodevice":"2309MAS003","message":"510","info":"Muhamad Hakan Rafly--TERCATAT! 3 dtk lalu","nokartu":"23C011FE"}]}
Berhasil kirim balasan ke "responServer_2309MAS003"

[2024-01-03 12:38:06]
Menerima pesan dari: dariMCU_2309MAS003 - Pesan: {"nokartu":"23C011FE","idchip":"16581755","nodevice":"2309MAS003","key":"1234567890987654321","ipa":"10.10.6.163"}
[2024-01-03 12:38:06]
Berhasil merespon "dariMCU_2309MAS003" : {"respon":[{"id":"16581755","nodevice":"2309MAS003","message":"510","info":"Muhamad Hakan Rafly--TERCATAT! 4 dtk lalu","nokartu":"23C011FE"}]}
Berhasil kirim balasan ke "responServer_2309MAS003"

[2024-01-03 12:38:09]
Menerima pesan dari: dariMCU_2309MAS003 - Pesan: {"nokartu":"D3B907FE","idchip":"16581755","nodevice":"2309MAS003","key":"1234567890987654321","ipa":"10.10.6.163"}
[2024-01-03 12:38:09]
Berhasil merespon "dariMCU_2309MAS003" : {"respon":[{"id":"16581755","nodevice":"2309MAS003","message":"BMPE","info":"Wiwit Setiawan--Berhasil Presensi -Mulai-","nokartu":"D3B907FE"}]}
Berhasil kirim balasan ke "responServer_2309MAS003"

[2024-01-03 12:38:21]
Menerima pesan dari: dariMCU_2309MAS003 - Pesan: {"nokartu":"332A12FE","idchip":"16581755","nodevice":"2309MAS003","key":"1234567890987654321","ipa":"10.10.6.163"}
[2024-01-03 12:38:21]
Berhasil merespon "dariMCU_2309MAS003" : {"respon":[{"id":"16581755","nodevice":"2309MAS003","message":"BMPE","info":"Rehan Nibras Hibban--Berhasil Presensi -Mulai-","nokartu":"332A12FE"}]}
Berhasil kirim balasan ke "responServer_2309MAS003"

[2024-01-03 12:38:22]
Menerima pesan dari: dariMCU_2309MAS003 - Pesan: {"nokartu":"332A12FE","idchip":"16581755","nodevice":"2309MAS003","key":"1234567890987654321","ipa":"10.10.6.163"}
[2024-01-03 12:38:22]
Berhasil merespon "dariMCU_2309MAS003" : {"respon":[{"id":"16581755","nodevice":"2309MAS003","message":"510","info":"Rehan Nibras Hibban--TERCATAT! 1 dtk lalu","nokartu":"332A12FE"}]}
Berhasil kirim balasan ke "responServer_2309MAS003"

[2024-01-03 12:38:25]
Menerima pesan dari: dariMCU_2309MAS003 - Pesan: {"nokartu":"332A12FE","idchip":"16581755","nodevice":"2309MAS003","key":"1234567890987654321","ipa":"10.10.6.163"}
[2024-01-03 12:38:25]
Berhasil merespon "dariMCU_2309MAS003" : {"respon":[{"id":"16581755","nodevice":"2309MAS003","message":"510","info":"Rehan Nibras Hibban--TERCATAT! 4 dtk lalu","nokartu":"332A12FE"}]}
Berhasil kirim balasan ke "responServer_2309MAS003"

[2024-01-03 12:38:34]
Menerima pesan dari: dariMCU_2309MAS003 - Pesan: {"nokartu":"23B01705","idchip":"16581755","nodevice":"2309MAS003","key":"1234567890987654321","ipa":"10.10.6.163"}
[2024-01-03 12:38:34]
Berhasil merespon "dariMCU_2309MAS003" : {"respon":[{"id":"16581755","nodevice":"2309MAS003","message":"BMPE","info":"Ahmad Solikhul Khafidzi--Berhasil Presensi -Mulai-","nokartu":"23B01705"}]}
Berhasil kirim balasan ke "responServer_2309MAS003"

[2024-01-03 12:38:37]
Menerima pesan dari: dariMCU_2309MAS003 - Pesan: {"nokartu":"83A04B05","idchip":"16581755","nodevice":"2309MAS003","key":"1234567890987654321","ipa":"10.10.6.163"}
[2024-01-03 12:38:37]
Berhasil merespon "dariMCU_2309MAS003" : {"respon":[{"id":"16581755","nodevice":"2309MAS003","message":"BMPE","info":"Desta Ranayuda--Berhasil Presensi -Mulai-","nokartu":"83A04B05"}]}
Berhasil kirim balasan ke "responServer_2309MAS003"

[2024-01-03 12:38:39]
Menerima pesan dari: dariMCU_2309MAS003 - Pesan: {"nokartu":"83A04B05","idchip":"16581755","nodevice":"2309MAS003","key":"1234567890987654321","ipa":"10.10.6.163"}
[2024-01-03 12:38:39]
Berhasil merespon "dariMCU_2309MAS003" : {"respon":[{"id":"16581755","nodevice":"2309MAS003","message":"510","info":"Desta Ranayuda--TERCATAT! 2 dtk lalu","nokartu":"83A04B05"}]}
Berhasil kirim balasan ke "responServer_2309MAS003"

[2024-01-03 12:38:43]
Menerima pesan dari: dariMCU_2309MAS003 - Pesan: {"nokartu":"23336705","idchip":"16581755","nodevice":"2309MAS003","key":"1234567890987654321","ipa":"10.10.6.163"}
[2024-01-03 12:38:43]
Berhasil merespon "dariMCU_2309MAS003" : {"respon":[{"id":"16581755","nodevice":"2309MAS003","message":"BMPE","info":"Dwi Indra Pratama--Berhasil Presensi -Mulai-","nokartu":"23336705"}]}
Berhasil kirim balasan ke "responServer_2309MAS003"

[2024-01-03 12:42:58]
Menerima pesan dari: dariMCU_2309MAS003 - Pesan: {"nokartu":"23B01705","idchip":"16581755","nodevice":"2309MAS003","key":"1234567890987654321","ipa":"10.10.6.163"}
[2024-01-03 12:42:58]
Berhasil merespon "dariMCU_2309MAS003" : {"respon":[{"id":"16581755","nodevice":"2309MAS003","message":"BPSE","info":"Ahmad Solikhul Khafidzi--Berhasil Presensi -Selesai-","nokartu":"23B01705"}]}
Berhasil kirim balasan ke "responServer_2309MAS003"

[2024-01-03 12:43:01]
Menerima pesan dari: dariMCU_2309MAS003 - Pesan: {"nokartu":"83A04B05","idchip":"16581755","nodevice":"2309MAS003","key":"1234567890987654321","ipa":"10.10.6.163"}
[2024-01-03 12:43:01]
Berhasil merespon "dariMCU_2309MAS003" : {"respon":[{"id":"16581755","nodevice":"2309MAS003","message":"BPSE","info":"Desta Ranayuda--Berhasil Presensi -Selesai-","nokartu":"83A04B05"}]}
Berhasil kirim balasan ke "responServer_2309MAS003"

[2024-01-03 13:06:33]
Menerima pesan dari: dariMCU_2309MAS003 - Pesan: {"nokartu":"636D7305","idchip":"16581755","nodevice":"2309MAS003","key":"1234567890987654321","ipa":"10.10.6.163"}
[2024-01-03 13:06:33]
Berhasil merespon "dariMCU_2309MAS003" : {"respon":[{"id":"16581755","nodevice":"2309MAS003","message":"BPEB","info":"Sasetyo--Berhasil Presensi -Mulai Baru-","nokartu":"636D7305"}]}
Berhasil kirim balasan ke "responServer_2309MAS003"

[2024-01-03 13:06:47]
Menerima pesan dari: dariMCU_2309MAS003 - Pesan: {"nokartu":"B37F7A05","idchip":"16581755","nodevice":"2309MAS003","key":"1234567890987654321","ipa":"10.10.6.163"}
[2024-01-03 13:06:47]
Berhasil merespon "dariMCU_2309MAS003" : {"respon":[{"id":"16581755","nodevice":"2309MAS003","message":"BPSE","info":"Putra Fajar Noviyanto--Berhasil Presensi -Selesai-","nokartu":"B37F7A05"}]}
Berhasil kirim balasan ke "responServer_2309MAS003"

[2024-01-03 13:06:49]
Menerima pesan dari: dariMCU_2309MAS003 - Pesan: {"nokartu":"B37F7A05","idchip":"16581755","nodevice":"2309MAS003","key":"1234567890987654321","ipa":"10.10.6.163"}
[2024-01-03 13:06:49]
Berhasil merespon "dariMCU_2309MAS003" : {"respon":[{"id":"16581755","nodevice":"2309MAS003","message":"510","info":"Putra Fajar Noviyanto--TERCATAT! 2 dtk lalu","nokartu":"B37F7A05"}]}
Berhasil kirim balasan ke "responServer_2309MAS003"

[2024-01-03 13:06:52]
Menerima pesan dari: dariMCU_2309MAS003 - Pesan: {"nokartu":"B37F7A05","idchip":"16581755","nodevice":"2309MAS003","key":"1234567890987654321","ipa":"10.10.6.163"}
[2024-01-03 13:06:52]
Berhasil merespon "dariMCU_2309MAS003" : {"respon":[{"id":"16581755","nodevice":"2309MAS003","message":"510","info":"Putra Fajar Noviyanto--TERCATAT! 5 dtk lalu","nokartu":"B37F7A05"}]}
Berhasil kirim balasan ke "responServer_2309MAS003"

[2024-01-03 13:24:52]
Menerima pesan dari: dariMCU_2309MAS003 - Pesan: {"nokartu":"636D7305","idchip":"16581755","nodevice":"2309MAS003","key":"1234567890987654321","ipa":"10.10.6.163"}
[2024-01-03 13:24:52]
Berhasil merespon "dariMCU_2309MAS003" : {"respon":[{"id":"16581755","nodevice":"2309MAS003","message":"BPSE","info":"Sasetyo--Berhasil Presensi -Selesai-","nokartu":"636D7305"}]}
Berhasil kirim balasan ke "responServer_2309MAS003"

[2024-01-03 13:24:55]
Menerima pesan dari: dariMCU_2309MAS003 - Pesan: {"nokartu":"636D7305","idchip":"16581755","nodevice":"2309MAS003","key":"1234567890987654321","ipa":"10.10.6.163"}
[2024-01-03 13:24:55]
Berhasil merespon "dariMCU_2309MAS003" : {"respon":[{"id":"16581755","nodevice":"2309MAS003","message":"510","info":"Sasetyo--TERCATAT! 3 dtk lalu","nokartu":"636D7305"}]}
Berhasil kirim balasan ke "responServer_2309MAS003"

[2024-01-03 13:24:57]
Menerima pesan dari: dariMCU_2309MAS003 - Pesan: {"nokartu":"636D7305","idchip":"16581755","nodevice":"2309MAS003","key":"1234567890987654321","ipa":"10.10.6.163"}
[2024-01-03 13:24:57]
Berhasil merespon "dariMCU_2309MAS003" : {"respon":[{"id":"16581755","nodevice":"2309MAS003","message":"510","info":"Sasetyo--TERCATAT! 5 dtk lalu","nokartu":"636D7305"}]}
Berhasil kirim balasan ke "responServer_2309MAS003"

[2024-01-03 13:25:00]
Menerima pesan dari: dariMCU_2309MAS003 - Pesan: {"nokartu":"636D7305","idchip":"16581755","nodevice":"2309MAS003","key":"1234567890987654321","ipa":"10.10.6.163"}
[2024-01-03 13:25:00]
Berhasil merespon "dariMCU_2309MAS003" : {"respon":[{"id":"16581755","nodevice":"2309MAS003","message":"510","info":"Sasetyo--TERCATAT! 8 dtk lalu","nokartu":"636D7305"}]}
Berhasil kirim balasan ke "responServer_2309MAS003"

[2024-01-03 13:25:02]
Menerima pesan dari: dariMCU_2309MAS003 - Pesan: {"nokartu":"636D7305","idchip":"16581755","nodevice":"2309MAS003","key":"1234567890987654321","ipa":"10.10.6.163"}
[2024-01-03 13:25:02]
Berhasil merespon "dariMCU_2309MAS003" : {"respon":[{"id":"16581755","nodevice":"2309MAS003","message":"510","info":"Sasetyo--TERCATAT! 10 dtk lalu","nokartu":"636D7305"}]}
Berhasil kirim balasan ke "responServer_2309MAS003"

[2024-01-03 13:25:05]
Menerima pesan dari: dariMCU_2309MAS003 - Pesan: {"nokartu":"B37F7A05","idchip":"16581755","nodevice":"2309MAS003","key":"1234567890987654321","ipa":"10.10.6.163"}
[2024-01-03 13:25:05]
Berhasil merespon "dariMCU_2309MAS003" : {"respon":[{"id":"16581755","nodevice":"2309MAS003","message":"BPEB","info":"Putra Fajar Noviyanto--Berhasil Presensi -Mulai Baru-","nokartu":"B37F7A05"}]}
Berhasil kirim balasan ke "responServer_2309MAS003"

[2024-01-03 13:25:12]
Menerima pesan dari: dariMCU_2309MAS003 - Pesan: {"nokartu":"B37F7A05","idchip":"16581755","nodevice":"2309MAS003","key":"1234567890987654321","ipa":"10.10.6.163"}
[2024-01-03 13:25:12]
Berhasil merespon "dariMCU_2309MAS003" : {"respon":[{"id":"16581755","nodevice":"2309MAS003","message":"510","info":"Putra Fajar Noviyanto--TERCATAT! 7 dtk lalu","nokartu":"B37F7A05"}]}
Berhasil kirim balasan ke "responServer_2309MAS003"

[2024-01-03 13:25:14]
Menerima pesan dari: dariMCU_2309MAS003 - Pesan: {"nokartu":"B37F7A05","idchip":"16581755","nodevice":"2309MAS003","key":"1234567890987654321","ipa":"10.10.6.163"}
[2024-01-03 13:25:14]
Berhasil merespon "dariMCU_2309MAS003" : {"respon":[{"id":"16581755","nodevice":"2309MAS003","message":"510","info":"Putra Fajar Noviyanto--TERCATAT! 9 dtk lalu","nokartu":"B37F7A05"}]}
Berhasil kirim balasan ke "responServer_2309MAS003"

[2024-01-03 13:25:22]
Menerima pesan dari: dariMCU_2309MAS003 - Pesan: {"nokartu":"B37F7A05","idchip":"16581755","nodevice":"2309MAS003","key":"1234567890987654321","ipa":"10.10.6.163"}
[2024-01-03 13:25:22]
Berhasil merespon "dariMCU_2309MAS003" : {"respon":[{"id":"16581755","nodevice":"2309MAS003","message":"510","info":"Putra Fajar Noviyanto--TERCATAT! 17 dtk lalu","nokartu":"B37F7A05"}]}
Berhasil kirim balasan ke "responServer_2309MAS003"

[2024-01-03 13:25:29]
Menerima pesan dari: dariMCU_2309MAS003 - Pesan: {"nokartu":"B37F7A05","idchip":"16581755","nodevice":"2309MAS003","key":"1234567890987654321","ipa":"10.10.6.163"}
[2024-01-03 13:25:29]
Berhasil merespon "dariMCU_2309MAS003" : {"respon":[{"id":"16581755","nodevice":"2309MAS003","message":"510","info":"Putra Fajar Noviyanto--TERCATAT! 24 dtk lalu","nokartu":"B37F7A05"}]}
Berhasil kirim balasan ke "responServer_2309MAS003"

[2024-01-03 13:25:32]
Menerima pesan dari: dariMCU_2309MAS003 - Pesan: {"nokartu":"B37F7A05","idchip":"16581755","nodevice":"2309MAS003","key":"1234567890987654321","ipa":"10.10.6.163"}
[2024-01-03 13:25:32]
Berhasil merespon "dariMCU_2309MAS003" : {"respon":[{"id":"16581755","nodevice":"2309MAS003","message":"510","info":"Putra Fajar Noviyanto--TERCATAT! 27 dtk lalu","nokartu":"B37F7A05"}]}
Berhasil kirim balasan ke "responServer_2309MAS003"

[2024-01-03 13:25:35]
Menerima pesan dari: dariMCU_2309MAS003 - Pesan: {"nokartu":"B37F7A05","idchip":"16581755","nodevice":"2309MAS003","key":"1234567890987654321","ipa":"10.10.6.163"}
[2024-01-03 13:25:35]
Berhasil merespon "dariMCU_2309MAS003" : {"respon":[{"id":"16581755","nodevice":"2309MAS003","message":"510","info":"Putra Fajar Noviyanto--TERCATAT! 30 dtk lalu","nokartu":"B37F7A05"}]}
Berhasil kirim balasan ke "responServer_2309MAS003"

