[2025-03-20 06:33:31]
Menerima pesan dari: dariMCU_2309G004 - Pesan: {"nokartu":"331D7E05","idchip":"14375838","nodevice":"2309G004","key":"1234567890987654321","ipa":"10.31.0.4"}
[2025-03-20 06:33:31]
Berhasil merespon "dariMCU_2309G004" : {"respon":[{"id":"14375838","nodevice":"2309G004","message":"BMPM","info":"Anisa Setyaningsih--Berhasil Presensi","nokartu":"331D7E05"}]}
Berhasil kirim balasan ke "responServer_2309G004"

[2025-03-20 06:39:46]
Menerima pesan dari: dariMCU_2309G004 - Pesan: {"nokartu":"4374FBE4","idchip":"14375838","nodevice":"2309G004","key":"1234567890987654321","ipa":"10.31.0.4"}
[2025-03-20 06:39:46]
Berhasil merespon "dariMCU_2309G004" : {"respon":[{"id":"14375838","nodevice":"2309G004","message":"BMPM","info":"Solekha Agustina--Berhasil Presensi","nokartu":"4374FBE4"}]}
Berhasil kirim balasan ke "responServer_2309G004"

[2025-03-20 06:39:48]
Menerima pesan dari: dariMCU_2309G004 - Pesan: {"nokartu":"4374FBE4","idchip":"14375838","nodevice":"2309G004","key":"1234567890987654321","ipa":"10.31.0.4"}
[2025-03-20 06:39:48]
Berhasil merespon "dariMCU_2309G004" : {"respon":[{"id":"14375838","nodevice":"2309G004","message":"SMPM","info":"Solekha Agustina--Anda Sudah melakukan Presensi","nokartu":"4374FBE4"}]}
Berhasil kirim balasan ke "responServer_2309G004"

[2025-03-20 06:43:56]
Menerima pesan dari: dariMCU_2309G004 - Pesan: {"nokartu":"131701E3","idchip":"14375838","nodevice":"2309G004","key":"1234567890987654321","ipa":"10.31.0.4"}
[2025-03-20 06:43:56]
Berhasil merespon "dariMCU_2309G004" : {"respon":[{"id":"14375838","nodevice":"2309G004","message":"BMPM","info":"Afra Pramudya Haswan Yusufpranowo--Berhasil Presensi","nokartu":"131701E3"}]}
Berhasil kirim balasan ke "responServer_2309G004"

[2025-03-20 06:44:35]
Menerima pesan dari: dariMCU_2309G004 - Pesan: {"nokartu":"A3E821FF","idchip":"14375838","nodevice":"2309G004","key":"1234567890987654321","ipa":"10.31.0.4"}
[2025-03-20 06:44:35]
Berhasil merespon "dariMCU_2309G004" : {"respon":[{"id":"14375838","nodevice":"2309G004","message":"BMPM","info":"Eka Whizky Julya--Berhasil Presensi","nokartu":"A3E821FF"}]}
Berhasil kirim balasan ke "responServer_2309G004"

[2025-03-20 06:48:54]
Menerima pesan dari: dariMCU_2309G004 - Pesan: {"nokartu":"3326B654","idchip":"14375838","nodevice":"2309G004","key":"1234567890987654321","ipa":"10.31.0.4"}
[2025-03-20 06:48:54]
Berhasil merespon "dariMCU_2309G004" : {"respon":[{"id":"14375838","nodevice":"2309G004","message":"BMPM","info":"Dinni Maulani--Berhasil Presensi","nokartu":"3326B654"}]}
Berhasil kirim balasan ke "responServer_2309G004"

[2025-03-20 06:48:58]
Menerima pesan dari: dariMCU_2309G004 - Pesan: {"nokartu":"3326B654","idchip":"14375838","nodevice":"2309G004","key":"1234567890987654321","ipa":"10.31.0.4"}
[2025-03-20 06:48:58]
Berhasil merespon "dariMCU_2309G004" : {"respon":[{"id":"14375838","nodevice":"2309G004","message":"SMPM","info":"Dinni Maulani--Anda Sudah melakukan Presensi","nokartu":"3326B654"}]}
Berhasil kirim balasan ke "responServer_2309G004"

[2025-03-20 06:50:31]
Menerima pesan dari: dariMCU_2309G004 - Pesan: {"nokartu":"639FAAE2","idchip":"14375838","nodevice":"2309G004","key":"1234567890987654321","ipa":"10.31.0.4"}
[2025-03-20 06:50:31]
Berhasil merespon "dariMCU_2309G004" : {"respon":[{"id":"14375838","nodevice":"2309G004","message":"BMPM","info":"Ana Meilia Solichah--Berhasil Presensi","nokartu":"639FAAE2"}]}
Berhasil kirim balasan ke "responServer_2309G004"

[2025-03-20 06:51:17]
Menerima pesan dari: dariMCU_2309G004 - Pesan: {"nokartu":"C3BF32FF","idchip":"14375838","nodevice":"2309G004","key":"1234567890987654321","ipa":"10.31.0.4"}
[2025-03-20 06:51:17]
Berhasil merespon "dariMCU_2309G004" : {"respon":[{"id":"14375838","nodevice":"2309G004","message":"BMPM","info":"Leny Adilliani--Berhasil Presensi","nokartu":"C3BF32FF"}]}
Berhasil kirim balasan ke "responServer_2309G004"

[2025-03-20 06:54:22]
Menerima pesan dari: dariMCU_2309G004 - Pesan: {"nokartu":"3348D854","idchip":"14375838","nodevice":"2309G004","key":"1234567890987654321","ipa":"10.31.0.4"}
[2025-03-20 06:54:22]
Berhasil merespon "dariMCU_2309G004" : {"respon":[{"id":"14375838","nodevice":"2309G004","message":"BMPM","info":"Azril Ilmira--Berhasil Presensi","nokartu":"3348D854"}]}
Berhasil kirim balasan ke "responServer_2309G004"

[2025-03-20 06:56:54]
Menerima pesan dari: dariMCU_2309G004 - Pesan: {"nokartu":"C3C321FF","idchip":"14375838","nodevice":"2309G004","key":"1234567890987654321","ipa":"10.31.0.4"}
[2025-03-20 06:56:54]
Berhasil merespon "dariMCU_2309G004" : {"respon":[{"id":"14375838","nodevice":"2309G004","message":"BMPM","info":"Vemas Aulia Restu Nugroho--Berhasil Presensi","nokartu":"C3C321FF"}]}
Berhasil kirim balasan ke "responServer_2309G004"

[2025-03-20 06:56:56]
Menerima pesan dari: dariMCU_2309G004 - Pesan: {"nokartu":"C3C321FF","idchip":"14375838","nodevice":"2309G004","key":"1234567890987654321","ipa":"10.31.0.4"}
[2025-03-20 06:56:56]
Berhasil merespon "dariMCU_2309G004" : {"respon":[{"id":"14375838","nodevice":"2309G004","message":"SMPM","info":"Vemas Aulia Restu Nugroho--Anda Sudah melakukan Presensi","nokartu":"C3C321FF"}]}
Berhasil kirim balasan ke "responServer_2309G004"

[2025-03-20 06:59:23]
Menerima pesan dari: dariMCU_2309G004 - Pesan: {"nokartu":"239DF8E4","idchip":"14375838","nodevice":"2309G004","key":"1234567890987654321","ipa":"10.31.0.4"}
[2025-03-20 06:59:23]
Berhasil merespon "dariMCU_2309G004" : {"respon":[{"id":"14375838","nodevice":"2309G004","message":"BMPM","info":"Rahmawati--Berhasil Presensi","nokartu":"239DF8E4"}]}
Berhasil kirim balasan ke "responServer_2309G004"

[2025-03-20 06:59:25]
Menerima pesan dari: dariMCU_2309G004 - Pesan: {"nokartu":"239DF8E4","idchip":"14375838","nodevice":"2309G004","key":"1234567890987654321","ipa":"10.31.0.4"}
[2025-03-20 06:59:25]
Berhasil merespon "dariMCU_2309G004" : {"respon":[{"id":"14375838","nodevice":"2309G004","message":"SMPM","info":"Rahmawati--Anda Sudah melakukan Presensi","nokartu":"239DF8E4"}]}
Berhasil kirim balasan ke "responServer_2309G004"

[2025-03-20 06:59:26]
Menerima pesan dari: dariMCU_2309G004 - Pesan: {"nokartu":"53646EE4","idchip":"14375838","nodevice":"2309G004","key":"1234567890987654321","ipa":"10.31.0.4"}
[2025-03-20 06:59:26]
Berhasil merespon "dariMCU_2309G004" : {"respon":[{"id":"14375838","nodevice":"2309G004","message":"BMPM","info":"Indah Setyaningrum--Berhasil Presensi","nokartu":"53646EE4"}]}
Berhasil kirim balasan ke "responServer_2309G004"

[2025-03-20 06:59:30]
Menerima pesan dari: dariMCU_2309G004 - Pesan: {"nokartu":"53646EE4","idchip":"14375838","nodevice":"2309G004","key":"1234567890987654321","ipa":"10.31.0.4"}
[2025-03-20 06:59:30]
Berhasil merespon "dariMCU_2309G004" : {"respon":[{"id":"14375838","nodevice":"2309G004","message":"SMPM","info":"Indah Setyaningrum--Anda Sudah melakukan Presensi","nokartu":"53646EE4"}]}
Berhasil kirim balasan ke "responServer_2309G004"

[2025-03-20 06:59:36]
Menerima pesan dari: dariMCU_2309G004 - Pesan: {"nokartu":"13DE82E2","idchip":"14375838","nodevice":"2309G004","key":"1234567890987654321","ipa":"10.31.0.4"}
[2025-03-20 06:59:36]
Berhasil merespon "dariMCU_2309G004" : {"respon":[{"id":"14375838","nodevice":"2309G004","message":"BMPM","info":"Nabilla Umi Lativah--Berhasil Presensi","nokartu":"13DE82E2"}]}
Berhasil kirim balasan ke "responServer_2309G004"

[2025-03-20 06:59:39]
Menerima pesan dari: dariMCU_2309G004 - Pesan: {"nokartu":"13DE82E2","idchip":"14375838","nodevice":"2309G004","key":"1234567890987654321","ipa":"10.31.0.4"}
[2025-03-20 06:59:39]
Berhasil merespon "dariMCU_2309G004" : {"respon":[{"id":"14375838","nodevice":"2309G004","message":"SMPM","info":"Nabilla Umi Lativah--Anda Sudah melakukan Presensi","nokartu":"13DE82E2"}]}
Berhasil kirim balasan ke "responServer_2309G004"

[2025-03-20 06:59:50]
Menerima pesan dari: dariMCU_2309G004 - Pesan: {"nokartu":"435D1654","idchip":"14375838","nodevice":"2309G004","key":"1234567890987654321","ipa":"10.31.0.4"}
[2025-03-20 06:59:50]
Berhasil merespon "dariMCU_2309G004" : {"respon":[{"id":"14375838","nodevice":"2309G004","message":"BMPM","info":"Ulfiyatul Nurul Azizah--Berhasil Presensi","nokartu":"435D1654"}]}
Berhasil kirim balasan ke "responServer_2309G004"

[2025-03-20 06:59:54]
Menerima pesan dari: dariMCU_2309G004 - Pesan: {"nokartu":"435D1654","idchip":"14375838","nodevice":"2309G004","key":"1234567890987654321","ipa":"10.31.0.4"}
[2025-03-20 06:59:54]
Berhasil merespon "dariMCU_2309G004" : {"respon":[{"id":"14375838","nodevice":"2309G004","message":"SMPM","info":"Ulfiyatul Nurul Azizah--Anda Sudah melakukan Presensi","nokartu":"435D1654"}]}
Berhasil kirim balasan ke "responServer_2309G004"

[2025-03-20 07:00:11]
Menerima pesan dari: dariMCU_2309G004 - Pesan: {"nokartu":"F3808005","idchip":"14375838","nodevice":"2309G004","key":"1234567890987654321","ipa":"10.31.0.4"}
[2025-03-20 07:00:11]
Berhasil merespon "dariMCU_2309G004" : {"respon":[{"id":"14375838","nodevice":"2309G004","message":"BMPM","info":"Berlian Jiyan Swari Putri--Berhasil Presensi","nokartu":"F3808005"}]}
Berhasil kirim balasan ke "responServer_2309G004"

[2025-03-20 07:01:27]
Menerima pesan dari: dariMCU_2309G004 - Pesan: {"nokartu":"63B91AFE","idchip":"14375838","nodevice":"2309G004","key":"1234567890987654321","ipa":"10.31.0.4"}
[2025-03-20 07:01:27]
Berhasil merespon "dariMCU_2309G004" : {"respon":[{"id":"14375838","nodevice":"2309G004","message":"BMPM","info":"Bahy Daniswara--Berhasil Presensi","nokartu":"63B91AFE"}]}
Berhasil kirim balasan ke "responServer_2309G004"

[2025-03-20 07:01:32]
Menerima pesan dari: dariMCU_2309G004 - Pesan: {"nokartu":"037E24FF","idchip":"14375838","nodevice":"2309G004","key":"1234567890987654321","ipa":"10.31.0.4"}
[2025-03-20 07:01:32]
Berhasil merespon "dariMCU_2309G004" : {"respon":[{"id":"14375838","nodevice":"2309G004","message":"BMPM","info":"Alisya Desti Maharani--Berhasil Presensi","nokartu":"037E24FF"}]}
Berhasil kirim balasan ke "responServer_2309G004"

[2025-03-20 07:02:15]
Menerima pesan dari: dariMCU_2309G004 - Pesan: {"nokartu":"039EE6E4","idchip":"14375838","nodevice":"2309G004","key":"1234567890987654321","ipa":"10.31.0.4"}
[2025-03-20 07:02:15]
Berhasil merespon "dariMCU_2309G004" : {"respon":[{"id":"14375838","nodevice":"2309G004","message":"BMPM","info":"Rista Dwi Amelia--Berhasil Presensi","nokartu":"039EE6E4"}]}
Berhasil kirim balasan ke "responServer_2309G004"

[2025-03-20 07:03:22]
Menerima pesan dari: dariMCU_2309G004 - Pesan: {"nokartu":"835931FF","idchip":"14375838","nodevice":"2309G004","key":"1234567890987654321","ipa":"10.31.0.4"}
[2025-03-20 07:03:22]
Berhasil merespon "dariMCU_2309G004" : {"respon":[{"id":"14375838","nodevice":"2309G004","message":"BMPM","info":"Dian Lestari--Berhasil Presensi","nokartu":"835931FF"}]}
Berhasil kirim balasan ke "responServer_2309G004"

[2025-03-20 07:03:24]
Menerima pesan dari: dariMCU_2309G004 - Pesan: {"nokartu":"835931FF","idchip":"14375838","nodevice":"2309G004","key":"1234567890987654321","ipa":"10.31.0.4"}
[2025-03-20 07:03:24]
Berhasil merespon "dariMCU_2309G004" : {"respon":[{"id":"14375838","nodevice":"2309G004","message":"SMPM","info":"Dian Lestari--Anda Sudah melakukan Presensi","nokartu":"835931FF"}]}
Berhasil kirim balasan ke "responServer_2309G004"

[2025-03-20 07:04:28]
Menerima pesan dari: dariMCU_2309G004 - Pesan: {"nokartu":"4613B989","idchip":"14375838","nodevice":"2309G004","key":"1234567890987654321","ipa":"10.31.0.4"}
[2025-03-20 07:04:28]
Berhasil merespon "dariMCU_2309G004" : {"respon":[{"id":"14375838","nodevice":"2309G004","message":"BMPM","info":"Esa Chandra Apriawan--Berhasil Presensi","nokartu":"4613B989"}]}
Berhasil kirim balasan ke "responServer_2309G004"

[2025-03-20 07:04:29]
Menerima pesan dari: dariMCU_2309G004 - Pesan: {"nokartu":"4613B989","idchip":"14375838","nodevice":"2309G004","key":"1234567890987654321","ipa":"10.31.0.4"}
[2025-03-20 07:04:29]
Berhasil merespon "dariMCU_2309G004" : {"respon":[{"id":"14375838","nodevice":"2309G004","message":"SMPM","info":"Esa Chandra Apriawan--Anda Sudah melakukan Presensi","nokartu":"4613B989"}]}
Berhasil kirim balasan ke "responServer_2309G004"

[2025-03-20 07:04:35]
Menerima pesan dari: dariMCU_2309G004 - Pesan: {"nokartu":"C38C0BFE","idchip":"14375838","nodevice":"2309G004","key":"1234567890987654321","ipa":"10.31.0.4"}
[2025-03-20 07:04:35]
Berhasil merespon "dariMCU_2309G004" : {"respon":[{"id":"14375838","nodevice":"2309G004","message":"BMPM","info":"Viana Zahra--Berhasil Presensi","nokartu":"C38C0BFE"}]}
Berhasil kirim balasan ke "responServer_2309G004"

[2025-03-20 07:04:37]
Menerima pesan dari: dariMCU_2309G004 - Pesan: {"nokartu":"C38C0BFE","idchip":"14375838","nodevice":"2309G004","key":"1234567890987654321","ipa":"10.31.0.4"}
[2025-03-20 07:04:37]
Berhasil merespon "dariMCU_2309G004" : {"respon":[{"id":"14375838","nodevice":"2309G004","message":"SMPM","info":"Viana Zahra--Anda Sudah melakukan Presensi","nokartu":"C38C0BFE"}]}
Berhasil kirim balasan ke "responServer_2309G004"

[2025-03-20 07:04:40]
Menerima pesan dari: dariMCU_2309G004 - Pesan: {"nokartu":"C38C0BFE","idchip":"14375838","nodevice":"2309G004","key":"1234567890987654321","ipa":"10.31.0.4"}
[2025-03-20 07:04:40]
Berhasil merespon "dariMCU_2309G004" : {"respon":[{"id":"14375838","nodevice":"2309G004","message":"SMPM","info":"Viana Zahra--Anda Sudah melakukan Presensi","nokartu":"C38C0BFE"}]}
Berhasil kirim balasan ke "responServer_2309G004"

[2025-03-20 07:04:55]
Menerima pesan dari: dariMCU_2309G004 - Pesan: {"nokartu":"23CFF7E2","idchip":"14375838","nodevice":"2309G004","key":"1234567890987654321","ipa":"10.31.0.4"}
[2025-03-20 07:04:55]
Berhasil merespon "dariMCU_2309G004" : {"respon":[{"id":"14375838","nodevice":"2309G004","message":"BMPM","info":"Ira Ramadhani--Berhasil Presensi","nokartu":"23CFF7E2"}]}
Berhasil kirim balasan ke "responServer_2309G004"

[2025-03-20 07:05:09]
Menerima pesan dari: dariMCU_2309G004 - Pesan: {"nokartu":"23CFF7E2","idchip":"14375838","nodevice":"2309G004","key":"1234567890987654321","ipa":"10.31.0.4"}
[2025-03-20 07:05:09]
Berhasil merespon "dariMCU_2309G004" : {"respon":[{"id":"14375838","nodevice":"2309G004","message":"SMPM","info":"Ira Ramadhani--Anda Sudah melakukan Presensi","nokartu":"23CFF7E2"}]}
Berhasil kirim balasan ke "responServer_2309G004"

[2025-03-20 07:05:58]
Menerima pesan dari: dariMCU_2309G004 - Pesan: {"nokartu":"F0B7175C","idchip":"14375838","nodevice":"2309G004","key":"1234567890987654321","ipa":"10.31.0.4"}
[2025-03-20 07:05:58]
Berhasil merespon "dariMCU_2309G004" : {"respon":[{"id":"14375838","nodevice":"2309G004","message":"BMPM","info":"Neyla Rahmawati--Berhasil Presensi","nokartu":"F0B7175C"}]}
Berhasil kirim balasan ke "responServer_2309G004"

[2025-03-20 07:06:02]
Menerima pesan dari: dariMCU_2309G004 - Pesan: {"nokartu":"53139C54","idchip":"14375838","nodevice":"2309G004","key":"1234567890987654321","ipa":"10.31.0.4"}
[2025-03-20 07:06:02]
Berhasil merespon "dariMCU_2309G004" : {"respon":[{"id":"14375838","nodevice":"2309G004","message":"BMPM","info":"Novis Kanaya--Berhasil Presensi","nokartu":"53139C54"}]}
Berhasil kirim balasan ke "responServer_2309G004"

[2025-03-20 07:06:08]
Menerima pesan dari: dariMCU_2309G004 - Pesan: {"nokartu":"13087BE2","idchip":"14375838","nodevice":"2309G004","key":"1234567890987654321","ipa":"10.31.0.4"}
[2025-03-20 07:06:08]
Berhasil merespon "dariMCU_2309G004" : {"respon":[{"id":"14375838","nodevice":"2309G004","message":"BMPM","info":"Puspa Indah Karismatika--Berhasil Presensi","nokartu":"13087BE2"}]}
Berhasil kirim balasan ke "responServer_2309G004"

[2025-03-20 07:06:18]
Menerima pesan dari: dariMCU_2309G004 - Pesan: {"nokartu":"A32C22FF","idchip":"14375838","nodevice":"2309G004","key":"1234567890987654321","ipa":"10.31.0.4"}
[2025-03-20 07:06:18]
Berhasil merespon "dariMCU_2309G004" : {"respon":[{"id":"14375838","nodevice":"2309G004","message":"BMPM","info":"Nisfa Leilia Rahma--Berhasil Presensi","nokartu":"A32C22FF"}]}
Berhasil kirim balasan ke "responServer_2309G004"

[2025-03-20 07:06:19]
Menerima pesan dari: dariMCU_2309G004 - Pesan: {"nokartu":"A32C22FF","idchip":"14375838","nodevice":"2309G004","key":"1234567890987654321","ipa":"10.31.0.4"}
[2025-03-20 07:06:19]
Berhasil merespon "dariMCU_2309G004" : {"respon":[{"id":"14375838","nodevice":"2309G004","message":"SMPM","info":"Nisfa Leilia Rahma--Anda Sudah melakukan Presensi","nokartu":"A32C22FF"}]}
Berhasil kirim balasan ke "responServer_2309G004"

[2025-03-20 07:06:37]
Menerima pesan dari: dariMCU_2309G004 - Pesan: {"nokartu":"B3C6F2E4","idchip":"14375838","nodevice":"2309G004","key":"1234567890987654321","ipa":"10.31.0.4"}
[2025-03-20 07:06:37]
Berhasil merespon "dariMCU_2309G004" : {"respon":[{"id":"14375838","nodevice":"2309G004","message":"BMPM","info":"Aira Putri--Berhasil Presensi","nokartu":"B3C6F2E4"}]}
Berhasil kirim balasan ke "responServer_2309G004"

[2025-03-20 07:06:45]
Menerima pesan dari: dariMCU_2309G004 - Pesan: {"nokartu":"A30CDFE4","idchip":"14375838","nodevice":"2309G004","key":"1234567890987654321","ipa":"10.31.0.4"}
[2025-03-20 07:06:45]
Berhasil merespon "dariMCU_2309G004" : {"respon":[{"id":"14375838","nodevice":"2309G004","message":"BMPM","info":"Vinda Lestari--Berhasil Presensi","nokartu":"A30CDFE4"}]}
Berhasil kirim balasan ke "responServer_2309G004"

[2025-03-20 07:06:51]
Menerima pesan dari: dariMCU_2309G004 - Pesan: {"nokartu":"333DE8E4","idchip":"14375838","nodevice":"2309G004","key":"1234567890987654321","ipa":"10.31.0.4"}
[2025-03-20 07:06:51]
Berhasil merespon "dariMCU_2309G004" : {"respon":[{"id":"14375838","nodevice":"2309G004","message":"BMPM","info":"Ria Aulia Shafira--Berhasil Presensi","nokartu":"333DE8E4"}]}
Berhasil kirim balasan ke "responServer_2309G004"

[2025-03-20 07:06:56]
Menerima pesan dari: dariMCU_2309G004 - Pesan: {"nokartu":"735105FE","idchip":"14375838","nodevice":"2309G004","key":"1234567890987654321","ipa":"10.31.0.4"}
[2025-03-20 07:06:56]
Berhasil merespon "dariMCU_2309G004" : {"respon":[{"id":"14375838","nodevice":"2309G004","message":"BMPM","info":"Musyarofah Susanti--Berhasil Presensi","nokartu":"735105FE"}]}
Berhasil kirim balasan ke "responServer_2309G004"

[2025-03-20 07:06:59]
Menerima pesan dari: dariMCU_2309G004 - Pesan: {"nokartu":"735105FE","idchip":"14375838","nodevice":"2309G004","key":"1234567890987654321","ipa":"10.31.0.4"}
[2025-03-20 07:06:59]
Berhasil merespon "dariMCU_2309G004" : {"respon":[{"id":"14375838","nodevice":"2309G004","message":"SMPM","info":"Musyarofah Susanti--Anda Sudah melakukan Presensi","nokartu":"735105FE"}]}
Berhasil kirim balasan ke "responServer_2309G004"

[2025-03-20 07:07:31]
Menerima pesan dari: dariMCU_2309G004 - Pesan: {"nokartu":"F089CC5C","idchip":"14375838","nodevice":"2309G004","key":"1234567890987654321","ipa":"10.31.0.4"}
[2025-03-20 07:07:31]
Berhasil merespon "dariMCU_2309G004" : {"respon":[{"id":"14375838","nodevice":"2309G004","message":"BMPM","info":"Elma Fatya--Berhasil Presensi","nokartu":"F089CC5C"}]}
Berhasil kirim balasan ke "responServer_2309G004"

[2025-03-20 07:08:26]
Menerima pesan dari: dariMCU_2309G004 - Pesan: {"nokartu":"E39D06FE","idchip":"14375838","nodevice":"2309G004","key":"1234567890987654321","ipa":"10.31.0.4"}
[2025-03-20 07:08:26]
Berhasil merespon "dariMCU_2309G004" : {"respon":[{"id":"14375838","nodevice":"2309G004","message":"BMPM","info":"Aira Eidisty--Berhasil Presensi","nokartu":"E39D06FE"}]}
Berhasil kirim balasan ke "responServer_2309G004"

[2025-03-20 07:08:27]
Menerima pesan dari: dariMCU_2309G004 - Pesan: {"nokartu":"E39D06FE","idchip":"14375838","nodevice":"2309G004","key":"1234567890987654321","ipa":"10.31.0.4"}
[2025-03-20 07:08:27]
Berhasil merespon "dariMCU_2309G004" : {"respon":[{"id":"14375838","nodevice":"2309G004","message":"SMPM","info":"Aira Eidisty--Anda Sudah melakukan Presensi","nokartu":"E39D06FE"}]}
Berhasil kirim balasan ke "responServer_2309G004"

[2025-03-20 07:08:39]
Menerima pesan dari: dariMCU_2309G004 - Pesan: {"nokartu":"F311A8E2","idchip":"14375838","nodevice":"2309G004","key":"1234567890987654321","ipa":"10.31.0.4"}
[2025-03-20 07:08:39]
Berhasil merespon "dariMCU_2309G004" : {"respon":[{"id":"14375838","nodevice":"2309G004","message":"BMPM","info":"Saida Nuri Himaya--Berhasil Presensi","nokartu":"F311A8E2"}]}
Berhasil kirim balasan ke "responServer_2309G004"

[2025-03-20 07:08:41]
Menerima pesan dari: dariMCU_2309G004 - Pesan: {"nokartu":"F311A8E2","idchip":"14375838","nodevice":"2309G004","key":"1234567890987654321","ipa":"10.31.0.4"}
[2025-03-20 07:08:41]
Berhasil merespon "dariMCU_2309G004" : {"respon":[{"id":"14375838","nodevice":"2309G004","message":"SMPM","info":"Saida Nuri Himaya--Anda Sudah melakukan Presensi","nokartu":"F311A8E2"}]}
Berhasil kirim balasan ke "responServer_2309G004"

[2025-03-20 07:08:54]
Menerima pesan dari: dariMCU_2309G004 - Pesan: {"nokartu":"03B866E4","idchip":"14375838","nodevice":"2309G004","key":"1234567890987654321","ipa":"10.31.0.4"}
[2025-03-20 07:08:54]
Berhasil merespon "dariMCU_2309G004" : {"respon":[{"id":"14375838","nodevice":"2309G004","message":"BMPM","info":"Syifa Nur Alifa--Berhasil Presensi","nokartu":"03B866E4"}]}
Berhasil kirim balasan ke "responServer_2309G004"

[2025-03-20 07:09:03]
Menerima pesan dari: dariMCU_2309G004 - Pesan: {"nokartu":"03B866E4","idchip":"14375838","nodevice":"2309G004","key":"1234567890987654321","ipa":"10.31.0.4"}
[2025-03-20 07:09:03]
Berhasil merespon "dariMCU_2309G004" : {"respon":[{"id":"14375838","nodevice":"2309G004","message":"SMPM","info":"Syifa Nur Alifa--Anda Sudah melakukan Presensi","nokartu":"03B866E4"}]}
Berhasil kirim balasan ke "responServer_2309G004"

[2025-03-20 07:09:16]
Menerima pesan dari: dariMCU_2309G004 - Pesan: {"nokartu":"03B866E4","idchip":"14375838","nodevice":"2309G004","key":"1234567890987654321","ipa":"10.31.0.4"}
[2025-03-20 07:09:16]
Berhasil merespon "dariMCU_2309G004" : {"respon":[{"id":"14375838","nodevice":"2309G004","message":"SMPM","info":"Syifa Nur Alifa--Anda Sudah melakukan Presensi","nokartu":"03B866E4"}]}
Berhasil kirim balasan ke "responServer_2309G004"

[2025-03-20 07:09:17]
Menerima pesan dari: dariMCU_2309G004 - Pesan: {"nokartu":"03B866E4","idchip":"14375838","nodevice":"2309G004","key":"1234567890987654321","ipa":"10.31.0.4"}
[2025-03-20 07:09:17]
Berhasil merespon "dariMCU_2309G004" : {"respon":[{"id":"14375838","nodevice":"2309G004","message":"SMPM","info":"Syifa Nur Alifa--Anda Sudah melakukan Presensi","nokartu":"03B866E4"}]}
Berhasil kirim balasan ke "responServer_2309G004"

[2025-03-20 07:10:07]
Menerima pesan dari: dariMCU_2309G004 - Pesan: {"nokartu":"432CEFE4","idchip":"14375838","nodevice":"2309G004","key":"1234567890987654321","ipa":"10.31.0.4"}
[2025-03-20 07:10:07]
Berhasil merespon "dariMCU_2309G004" : {"respon":[{"id":"14375838","nodevice":"2309G004","message":"BMPM","info":"Tsuraya Akmalia Millati--Berhasil Presensi","nokartu":"432CEFE4"}]}
Berhasil kirim balasan ke "responServer_2309G004"

[2025-03-20 07:10:08]
Menerima pesan dari: dariMCU_2309G004 - Pesan: {"nokartu":"432CEFE4","idchip":"14375838","nodevice":"2309G004","key":"1234567890987654321","ipa":"10.31.0.4"}
[2025-03-20 07:10:08]
Berhasil merespon "dariMCU_2309G004" : {"respon":[{"id":"14375838","nodevice":"2309G004","message":"SMPM","info":"Tsuraya Akmalia Millati--Anda Sudah melakukan Presensi","nokartu":"432CEFE4"}]}
Berhasil kirim balasan ke "responServer_2309G004"

[2025-03-20 07:10:34]
Menerima pesan dari: dariMCU_2309G004 - Pesan: {"nokartu":"B3495405","idchip":"14375838","nodevice":"2309G004","key":"1234567890987654321","ipa":"10.31.0.4"}
[2025-03-20 07:10:34]
Berhasil merespon "dariMCU_2309G004" : {"respon":[{"id":"14375838","nodevice":"2309G004","message":"BMPM","info":"Dian Khafifah--Berhasil Presensi","nokartu":"B3495405"}]}
Berhasil kirim balasan ke "responServer_2309G004"

[2025-03-20 07:10:34]
Menerima pesan dari: dariMCU_2309G004 - Pesan: {"nokartu":"B3495405","idchip":"14375838","nodevice":"2309G004","key":"1234567890987654321","ipa":"10.31.0.4"}
[2025-03-20 07:10:34]
Berhasil merespon "dariMCU_2309G004" : {"respon":[{"id":"14375838","nodevice":"2309G004","message":"SMPM","info":"Dian Khafifah--Anda Sudah melakukan Presensi","nokartu":"B3495405"}]}
Berhasil kirim balasan ke "responServer_2309G004"

[2025-03-20 07:10:37]
Menerima pesan dari: dariMCU_2309G004 - Pesan: {"nokartu":"B3495405","idchip":"14375838","nodevice":"2309G004","key":"1234567890987654321","ipa":"10.31.0.4"}
[2025-03-20 07:10:37]
Berhasil merespon "dariMCU_2309G004" : {"respon":[{"id":"14375838","nodevice":"2309G004","message":"SMPM","info":"Dian Khafifah--Anda Sudah melakukan Presensi","nokartu":"B3495405"}]}
Berhasil kirim balasan ke "responServer_2309G004"

[2025-03-20 07:11:23]
Menerima pesan dari: dariMCU_2309G004 - Pesan: {"nokartu":"D1F55150","idchip":"14375838","nodevice":"2309G004","key":"1234567890987654321","ipa":"10.31.0.4"}
[2025-03-20 07:11:23]
Berhasil merespon "dariMCU_2309G004" : {"respon":[{"id":"14375838","nodevice":"2309G004","message":"BMPM","info":"Vera Handayani--Berhasil Presensi","nokartu":"D1F55150"}]}
Berhasil kirim balasan ke "responServer_2309G004"

[2025-03-20 07:12:29]
Menerima pesan dari: dariMCU_2309G004 - Pesan: {"nokartu":"431A6E05","idchip":"14375838","nodevice":"2309G004","key":"1234567890987654321","ipa":"10.31.0.4"}
[2025-03-20 07:12:29]
Berhasil merespon "dariMCU_2309G004" : {"respon":[{"id":"14375838","nodevice":"2309G004","message":"BMPM","info":"Dwi Setyawan--Berhasil Presensi","nokartu":"431A6E05"}]}
Berhasil kirim balasan ke "responServer_2309G004"

[2025-03-20 07:12:38]
Menerima pesan dari: dariMCU_2309G004 - Pesan: {"nokartu":"C34634FF","idchip":"14375838","nodevice":"2309G004","key":"1234567890987654321","ipa":"10.31.0.4"}
[2025-03-20 07:12:38]
Berhasil merespon "dariMCU_2309G004" : {"respon":[{"id":"14375838","nodevice":"2309G004","message":"BMPM","info":"Eka Rima Nur Aisah--Berhasil Presensi","nokartu":"C34634FF"}]}
Berhasil kirim balasan ke "responServer_2309G004"

[2025-03-20 07:12:41]
Menerima pesan dari: dariMCU_2309G004 - Pesan: {"nokartu":"A3BF15FE","idchip":"14375838","nodevice":"2309G004","key":"1234567890987654321","ipa":"10.31.0.4"}
[2025-03-20 07:12:41]
Berhasil merespon "dariMCU_2309G004" : {"respon":[{"id":"14375838","nodevice":"2309G004","message":"BMPM","info":"Zenitha Sevira--Berhasil Presensi","nokartu":"A3BF15FE"}]}
Berhasil kirim balasan ke "responServer_2309G004"

[2025-03-20 07:12:44]
Menerima pesan dari: dariMCU_2309G004 - Pesan: {"nokartu":"A3BF15FE","idchip":"14375838","nodevice":"2309G004","key":"1234567890987654321","ipa":"10.31.0.4"}
[2025-03-20 07:12:44]
Berhasil merespon "dariMCU_2309G004" : {"respon":[{"id":"14375838","nodevice":"2309G004","message":"SMPM","info":"Zenitha Sevira--Anda Sudah melakukan Presensi","nokartu":"A3BF15FE"}]}
Berhasil kirim balasan ke "responServer_2309G004"

[2025-03-20 07:12:56]
Menerima pesan dari: dariMCU_2309G004 - Pesan: {"nokartu":"53602CFF","idchip":"14375838","nodevice":"2309G004","key":"1234567890987654321","ipa":"10.31.0.4"}
[2025-03-20 07:12:56]
Berhasil merespon "dariMCU_2309G004" : {"respon":[{"id":"14375838","nodevice":"2309G004","message":"BMPM","info":"Alfiana Rizka Khoirunnisa --Berhasil Presensi","nokartu":"53602CFF"}]}
Berhasil kirim balasan ke "responServer_2309G004"

[2025-03-20 07:13:04]
Menerima pesan dari: dariMCU_2309G004 - Pesan: {"nokartu":"F314E0E4","idchip":"14375838","nodevice":"2309G004","key":"1234567890987654321","ipa":"10.31.0.4"}
[2025-03-20 07:13:04]
Berhasil merespon "dariMCU_2309G004" : {"respon":[{"id":"14375838","nodevice":"2309G004","message":"BMPM","info":"Neisa Chilmi Ristia--Berhasil Presensi","nokartu":"F314E0E4"}]}
Berhasil kirim balasan ke "responServer_2309G004"

[2025-03-20 07:13:24]
Menerima pesan dari: dariMCU_2309G004 - Pesan: {"nokartu":"6323FBE4","idchip":"14375838","nodevice":"2309G004","key":"1234567890987654321","ipa":"10.31.0.4"}
[2025-03-20 07:13:24]
Berhasil merespon "dariMCU_2309G004" : {"respon":[{"id":"14375838","nodevice":"2309G004","message":"BMPM","info":"Wilda Chusnu A Mali--Berhasil Presensi","nokartu":"6323FBE4"}]}
Berhasil kirim balasan ke "responServer_2309G004"

[2025-03-20 07:13:34]
Menerima pesan dari: dariMCU_2309G004 - Pesan: {"nokartu":"B35C22FF","idchip":"14375838","nodevice":"2309G004","key":"1234567890987654321","ipa":"10.31.0.4"}
[2025-03-20 07:13:34]
Berhasil merespon "dariMCU_2309G004" : {"respon":[{"id":"14375838","nodevice":"2309G004","message":"BMPM","info":"Ariyani Saputri--Berhasil Presensi","nokartu":"B35C22FF"}]}
Berhasil kirim balasan ke "responServer_2309G004"

[2025-03-20 07:13:37]
Menerima pesan dari: dariMCU_2309G004 - Pesan: {"nokartu":"B35C22FF","idchip":"14375838","nodevice":"2309G004","key":"1234567890987654321","ipa":"10.31.0.4"}
[2025-03-20 07:13:37]
Berhasil merespon "dariMCU_2309G004" : {"respon":[{"id":"14375838","nodevice":"2309G004","message":"SMPM","info":"Ariyani Saputri--Anda Sudah melakukan Presensi","nokartu":"B35C22FF"}]}
Berhasil kirim balasan ke "responServer_2309G004"

[2025-03-20 07:13:38]
Menerima pesan dari: dariMCU_2309G004 - Pesan: {"nokartu":"B35C22FF","idchip":"14375838","nodevice":"2309G004","key":"1234567890987654321","ipa":"10.31.0.4"}
[2025-03-20 07:13:38]
Berhasil merespon "dariMCU_2309G004" : {"respon":[{"id":"14375838","nodevice":"2309G004","message":"SMPM","info":"Ariyani Saputri--Anda Sudah melakukan Presensi","nokartu":"B35C22FF"}]}
Berhasil kirim balasan ke "responServer_2309G004"

[2025-03-20 07:13:43]
Menerima pesan dari: dariMCU_2309G004 - Pesan: {"nokartu":"D3A223FF","idchip":"14375838","nodevice":"2309G004","key":"1234567890987654321","ipa":"10.31.0.4"}
[2025-03-20 07:13:43]
Berhasil merespon "dariMCU_2309G004" : {"respon":[{"id":"14375838","nodevice":"2309G004","message":"IDTT","info":"Kartu ID ini--belum terdaftar","nokartu":"D3A223FF"}]}
Berhasil kirim balasan ke "responServer_2309G004"

[2025-03-20 07:13:48]
Menerima pesan dari: dariMCU_2309G004 - Pesan: {"nokartu":"F3422DFF","idchip":"14375838","nodevice":"2309G004","key":"1234567890987654321","ipa":"10.31.0.4"}
[2025-03-20 07:13:48]
Berhasil merespon "dariMCU_2309G004" : {"respon":[{"id":"14375838","nodevice":"2309G004","message":"BMPM","info":"Verlita Risky--Berhasil Presensi","nokartu":"F3422DFF"}]}
Berhasil kirim balasan ke "responServer_2309G004"

[2025-03-20 07:13:51]
Menerima pesan dari: dariMCU_2309G004 - Pesan: {"nokartu":"F3422DFF","idchip":"14375838","nodevice":"2309G004","key":"1234567890987654321","ipa":"10.31.0.4"}
[2025-03-20 07:13:51]
Berhasil merespon "dariMCU_2309G004" : {"respon":[{"id":"14375838","nodevice":"2309G004","message":"SMPM","info":"Verlita Risky--Anda Sudah melakukan Presensi","nokartu":"F3422DFF"}]}
Berhasil kirim balasan ke "responServer_2309G004"

[2025-03-20 07:13:54]
Menerima pesan dari: dariMCU_2309G004 - Pesan: {"nokartu":"D3A223FF","idchip":"14375838","nodevice":"2309G004","key":"1234567890987654321","ipa":"10.31.0.4"}
[2025-03-20 07:13:54]
Berhasil merespon "dariMCU_2309G004" : {"respon":[{"id":"14375838","nodevice":"2309G004","message":"IDTT","info":"Kartu ID ini--belum terdaftar","nokartu":"D3A223FF"}]}
Berhasil kirim balasan ke "responServer_2309G004"

[2025-03-20 07:14:08]
Menerima pesan dari: dariMCU_2309G004 - Pesan: {"nokartu":"E35224FF","idchip":"14375838","nodevice":"2309G004","key":"1234567890987654321","ipa":"10.31.0.4"}
[2025-03-20 07:14:08]
Berhasil merespon "dariMCU_2309G004" : {"respon":[{"id":"14375838","nodevice":"2309G004","message":"BMPM","info":"Ika Nur Khofifah--Berhasil Presensi","nokartu":"E35224FF"}]}
Berhasil kirim balasan ke "responServer_2309G004"

[2025-03-20 07:14:10]
Menerima pesan dari: dariMCU_2309G004 - Pesan: {"nokartu":"E35224FF","idchip":"14375838","nodevice":"2309G004","key":"1234567890987654321","ipa":"10.31.0.4"}
[2025-03-20 07:14:10]
Berhasil merespon "dariMCU_2309G004" : {"respon":[{"id":"14375838","nodevice":"2309G004","message":"SMPM","info":"Ika Nur Khofifah--Anda Sudah melakukan Presensi","nokartu":"E35224FF"}]}
Berhasil kirim balasan ke "responServer_2309G004"

[2025-03-20 07:16:02]
Menerima pesan dari: dariMCU_2309G004 - Pesan: {"nokartu":"D3782CFF","idchip":"14375838","nodevice":"2309G004","key":"1234567890987654321","ipa":"10.31.0.4"}
[2025-03-20 07:16:02]
Berhasil merespon "dariMCU_2309G004" : {"respon":[{"id":"14375838","nodevice":"2309G004","message":"BMPM","info":"Risma Novita Rahmawati--Berhasil Presensi","nokartu":"D3782CFF"}]}
Berhasil kirim balasan ke "responServer_2309G004"

[2025-03-20 07:16:06]
Menerima pesan dari: dariMCU_2309G004 - Pesan: {"nokartu":"539D15FF","idchip":"14375838","nodevice":"2309G004","key":"1234567890987654321","ipa":"10.31.0.4"}
[2025-03-20 07:16:06]
Berhasil merespon "dariMCU_2309G004" : {"respon":[{"id":"14375838","nodevice":"2309G004","message":"BMPM","info":"Lilis Susanti--Berhasil Presensi","nokartu":"539D15FF"}]}
Berhasil kirim balasan ke "responServer_2309G004"

[2025-03-20 07:16:09]
Menerima pesan dari: dariMCU_2309G004 - Pesan: {"nokartu":"A3C608FE","idchip":"14375838","nodevice":"2309G004","key":"1234567890987654321","ipa":"10.31.0.4"}
[2025-03-20 07:16:09]
Berhasil merespon "dariMCU_2309G004" : {"respon":[{"id":"14375838","nodevice":"2309G004","message":"BMPM","info":"Zenia Sriwijayanti--Berhasil Presensi","nokartu":"A3C608FE"}]}
Berhasil kirim balasan ke "responServer_2309G004"

[2025-03-20 07:16:11]
Menerima pesan dari: dariMCU_2309G004 - Pesan: {"nokartu":"A3C608FE","idchip":"14375838","nodevice":"2309G004","key":"1234567890987654321","ipa":"10.31.0.4"}
[2025-03-20 07:16:11]
Berhasil merespon "dariMCU_2309G004" : {"respon":[{"id":"14375838","nodevice":"2309G004","message":"SMPM","info":"Zenia Sriwijayanti--Anda Sudah melakukan Presensi","nokartu":"A3C608FE"}]}
Berhasil kirim balasan ke "responServer_2309G004"

[2025-03-20 07:16:18]
Menerima pesan dari: dariMCU_2309G004 - Pesan: {"nokartu":"13736205","idchip":"14375838","nodevice":"2309G004","key":"1234567890987654321","ipa":"10.31.0.4"}
[2025-03-20 07:16:18]
Berhasil merespon "dariMCU_2309G004" : {"respon":[{"id":"14375838","nodevice":"2309G004","message":"BMPM","info":"Ervina Dwi Novyana--Berhasil Presensi","nokartu":"13736205"}]}
Berhasil kirim balasan ke "responServer_2309G004"

[2025-03-20 07:16:22]
Menerima pesan dari: dariMCU_2309G004 - Pesan: {"nokartu":"4352B2E2","idchip":"14375838","nodevice":"2309G004","key":"1234567890987654321","ipa":"10.31.0.4"}
[2025-03-20 07:16:22]
Berhasil merespon "dariMCU_2309G004" : {"respon":[{"id":"14375838","nodevice":"2309G004","message":"BMPM","info":"Adi Risky Wijaya--Berhasil Presensi","nokartu":"4352B2E2"}]}
Berhasil kirim balasan ke "responServer_2309G004"

[2025-03-20 07:17:26]
Menerima pesan dari: dariMCU_2309G004 - Pesan: {"nokartu":"A3DECAE2","idchip":"14375838","nodevice":"2309G004","key":"1234567890987654321","ipa":"10.31.0.4"}
[2025-03-20 07:17:26]
Berhasil merespon "dariMCU_2309G004" : {"respon":[{"id":"14375838","nodevice":"2309G004","message":"BMPM","info":"Rizqy Nurfirdaus--Berhasil Presensi","nokartu":"A3DECAE2"}]}
Berhasil kirim balasan ke "responServer_2309G004"

[2025-03-20 07:17:47]
Menerima pesan dari: dariMCU_2309G004 - Pesan: {"nokartu":"5322B5E2","idchip":"14375838","nodevice":"2309G004","key":"1234567890987654321","ipa":"10.31.0.4"}
[2025-03-20 07:17:47]
Berhasil merespon "dariMCU_2309G004" : {"respon":[{"id":"14375838","nodevice":"2309G004","message":"BMPM","info":"Asyifa Ayu Fitrian--Berhasil Presensi","nokartu":"5322B5E2"}]}
Berhasil kirim balasan ke "responServer_2309G004"

[2025-03-20 07:17:47]
Menerima pesan dari: dariMCU_2309G004 - Pesan: {"nokartu":"5322B5E2","idchip":"14375838","nodevice":"2309G004","key":"1234567890987654321","ipa":"10.31.0.4"}
[2025-03-20 07:17:47]
Berhasil merespon "dariMCU_2309G004" : {"respon":[{"id":"14375838","nodevice":"2309G004","message":"SMPM","info":"Asyifa Ayu Fitrian--Anda Sudah melakukan Presensi","nokartu":"5322B5E2"}]}
Berhasil kirim balasan ke "responServer_2309G004"

[2025-03-20 07:18:10]
Menerima pesan dari: dariMCU_2309G004 - Pesan: {"nokartu":"03807505","idchip":"14375838","nodevice":"2309G004","key":"1234567890987654321","ipa":"10.31.0.4"}
[2025-03-20 07:18:10]
Berhasil merespon "dariMCU_2309G004" : {"respon":[{"id":"14375838","nodevice":"2309G004","message":"BMPM","info":"Muhammad Khairurasyid--Berhasil Presensi","nokartu":"03807505"}]}
Berhasil kirim balasan ke "responServer_2309G004"

[2025-03-20 07:20:38]
Menerima pesan dari: dariMCU_2309G004 - Pesan: {"nokartu":"53802FFF","idchip":"14375838","nodevice":"2309G004","key":"1234567890987654321","ipa":"10.31.0.4"}
[2025-03-20 07:20:38]
Berhasil merespon "dariMCU_2309G004" : {"respon":[{"id":"14375838","nodevice":"2309G004","message":"BMPM","info":"Fatimatuzzahro--Berhasil Presensi","nokartu":"53802FFF"}]}
Berhasil kirim balasan ke "responServer_2309G004"

[2025-03-20 07:20:41]
Menerima pesan dari: dariMCU_2309G004 - Pesan: {"nokartu":"53802FFF","idchip":"14375838","nodevice":"2309G004","key":"1234567890987654321","ipa":"10.31.0.4"}
[2025-03-20 07:20:41]
Berhasil merespon "dariMCU_2309G004" : {"respon":[{"id":"14375838","nodevice":"2309G004","message":"SMPM","info":"Fatimatuzzahro--Anda Sudah melakukan Presensi","nokartu":"53802FFF"}]}
Berhasil kirim balasan ke "responServer_2309G004"

[2025-03-20 07:20:49]
Menerima pesan dari: dariMCU_2309G004 - Pesan: {"nokartu":"C3BB21FF","idchip":"14375838","nodevice":"2309G004","key":"1234567890987654321","ipa":"10.31.0.4"}
[2025-03-20 07:20:49]
Berhasil merespon "dariMCU_2309G004" : {"respon":[{"id":"14375838","nodevice":"2309G004","message":"BMPM","info":"Nathania Cesya Salsabila--Berhasil Presensi","nokartu":"C3BB21FF"}]}
Berhasil kirim balasan ke "responServer_2309G004"

[2025-03-20 07:20:49]
Menerima pesan dari: dariMCU_2309G004 - Pesan: {"nokartu":"C3BB21FF","idchip":"14375838","nodevice":"2309G004","key":"1234567890987654321","ipa":"10.31.0.4"}
[2025-03-20 07:20:49]
Berhasil merespon "dariMCU_2309G004" : {"respon":[{"id":"14375838","nodevice":"2309G004","message":"SMPM","info":"Nathania Cesya Salsabila--Anda Sudah melakukan Presensi","nokartu":"C3BB21FF"}]}
Berhasil kirim balasan ke "responServer_2309G004"

[2025-03-20 07:20:56]
Menerima pesan dari: dariMCU_2309G004 - Pesan: {"nokartu":"F313E4E4","idchip":"14375838","nodevice":"2309G004","key":"1234567890987654321","ipa":"10.31.0.4"}
[2025-03-20 07:20:56]
Berhasil merespon "dariMCU_2309G004" : {"respon":[{"id":"14375838","nodevice":"2309G004","message":"BMPM","info":"Najwa Arzaella--Berhasil Presensi","nokartu":"F313E4E4"}]}
Berhasil kirim balasan ke "responServer_2309G004"

[2025-03-20 07:20:57]
Menerima pesan dari: dariMCU_2309G004 - Pesan: {"nokartu":"F313E4E4","idchip":"14375838","nodevice":"2309G004","key":"1234567890987654321","ipa":"10.31.0.4"}
[2025-03-20 07:20:57]
Berhasil merespon "dariMCU_2309G004" : {"respon":[{"id":"14375838","nodevice":"2309G004","message":"SMPM","info":"Najwa Arzaella--Anda Sudah melakukan Presensi","nokartu":"F313E4E4"}]}
Berhasil kirim balasan ke "responServer_2309G004"

[2025-03-20 07:21:00]
Menerima pesan dari: dariMCU_2309G004 - Pesan: {"nokartu":"637AFAE4","idchip":"14375838","nodevice":"2309G004","key":"1234567890987654321","ipa":"10.31.0.4"}
[2025-03-20 07:21:00]
Berhasil merespon "dariMCU_2309G004" : {"respon":[{"id":"14375838","nodevice":"2309G004","message":"BMPM","info":"Tian Kamelia Azzahro--Berhasil Presensi","nokartu":"637AFAE4"}]}
Berhasil kirim balasan ke "responServer_2309G004"

[2025-03-20 07:21:04]
Menerima pesan dari: dariMCU_2309G004 - Pesan: {"nokartu":"933E24FF","idchip":"14375838","nodevice":"2309G004","key":"1234567890987654321","ipa":"10.31.0.4"}
[2025-03-20 07:21:04]
Berhasil merespon "dariMCU_2309G004" : {"respon":[{"id":"14375838","nodevice":"2309G004","message":"BMPM","info":"Dhecha Aprillea Nadine--Berhasil Presensi","nokartu":"933E24FF"}]}
Berhasil kirim balasan ke "responServer_2309G004"

[2025-03-20 07:21:08]
Menerima pesan dari: dariMCU_2309G004 - Pesan: {"nokartu":"A35D24FF","idchip":"14375838","nodevice":"2309G004","key":"1234567890987654321","ipa":"10.31.0.4"}
[2025-03-20 07:21:08]
Berhasil merespon "dariMCU_2309G004" : {"respon":[{"id":"14375838","nodevice":"2309G004","message":"BMPM","info":"Dhea Aprillia--Berhasil Presensi","nokartu":"A35D24FF"}]}
Berhasil kirim balasan ke "responServer_2309G004"

[2025-03-20 07:21:16]
Menerima pesan dari: dariMCU_2309G004 - Pesan: {"nokartu":"3350E2E4","idchip":"14375838","nodevice":"2309G004","key":"1234567890987654321","ipa":"10.31.0.4"}
[2025-03-20 07:21:16]
Berhasil merespon "dariMCU_2309G004" : {"respon":[{"id":"14375838","nodevice":"2309G004","message":"BMPM","info":"Puput Revi Mariska--Berhasil Presensi","nokartu":"3350E2E4"}]}
Berhasil kirim balasan ke "responServer_2309G004"

[2025-03-20 07:21:20]
Menerima pesan dari: dariMCU_2309G004 - Pesan: {"nokartu":"C3A830FF","idchip":"14375838","nodevice":"2309G004","key":"1234567890987654321","ipa":"10.31.0.4"}
[2025-03-20 07:21:20]
Berhasil merespon "dariMCU_2309G004" : {"respon":[{"id":"14375838","nodevice":"2309G004","message":"BMPM","info":"Eva Nuris Kurniawati--Berhasil Presensi","nokartu":"C3A830FF"}]}
Berhasil kirim balasan ke "responServer_2309G004"

[2025-03-20 07:21:28]
Menerima pesan dari: dariMCU_2309G004 - Pesan: {"nokartu":"93DD12FE","idchip":"14375838","nodevice":"2309G004","key":"1234567890987654321","ipa":"10.31.0.4"}
[2025-03-20 07:21:28]
Berhasil merespon "dariMCU_2309G004" : {"respon":[{"id":"14375838","nodevice":"2309G004","message":"BMPM","info":"Wahidatul Hasanah--Berhasil Presensi","nokartu":"93DD12FE"}]}
Berhasil kirim balasan ke "responServer_2309G004"

[2025-03-20 07:22:08]
Menerima pesan dari: dariMCU_2309G004 - Pesan: {"nokartu":"034C09FE","idchip":"14375838","nodevice":"2309G004","key":"1234567890987654321","ipa":"10.31.0.4"}
[2025-03-20 07:22:08]
Berhasil merespon "dariMCU_2309G004" : {"respon":[{"id":"14375838","nodevice":"2309G004","message":"BMPM","info":"Rifqi Umayah--Berhasil Presensi","nokartu":"034C09FE"}]}
Berhasil kirim balasan ke "responServer_2309G004"

[2025-03-20 07:22:11]
Menerima pesan dari: dariMCU_2309G004 - Pesan: {"nokartu":"034C09FE","idchip":"14375838","nodevice":"2309G004","key":"1234567890987654321","ipa":"10.31.0.4"}
[2025-03-20 07:22:11]
Berhasil merespon "dariMCU_2309G004" : {"respon":[{"id":"14375838","nodevice":"2309G004","message":"SMPM","info":"Rifqi Umayah--Anda Sudah melakukan Presensi","nokartu":"034C09FE"}]}
Berhasil kirim balasan ke "responServer_2309G004"

[2025-03-20 07:22:29]
Menerima pesan dari: dariMCU_2309G004 - Pesan: {"nokartu":"53AAF7E4","idchip":"14375838","nodevice":"2309G004","key":"1234567890987654321","ipa":"10.31.0.4"}
[2025-03-20 07:22:29]
Berhasil merespon "dariMCU_2309G004" : {"respon":[{"id":"14375838","nodevice":"2309G004","message":"BMPM","info":"Agung Rakhmadi--Berhasil Presensi","nokartu":"53AAF7E4"}]}
Berhasil kirim balasan ke "responServer_2309G004"

[2025-03-20 07:22:31]
Menerima pesan dari: dariMCU_2309G004 - Pesan: {"nokartu":"13F7F3E4","idchip":"14375838","nodevice":"2309G004","key":"1234567890987654321","ipa":"10.31.0.4"}
[2025-03-20 07:22:31]
Berhasil merespon "dariMCU_2309G004" : {"respon":[{"id":"14375838","nodevice":"2309G004","message":"BMPM","info":"Muhammad Affan Nibras Razan--Berhasil Presensi","nokartu":"13F7F3E4"}]}
Berhasil kirim balasan ke "responServer_2309G004"

[2025-03-20 07:22:34]
Menerima pesan dari: dariMCU_2309G004 - Pesan: {"nokartu":"53AAF7E4","idchip":"14375838","nodevice":"2309G004","key":"1234567890987654321","ipa":"10.31.0.4"}
[2025-03-20 07:22:34]
Berhasil merespon "dariMCU_2309G004" : {"respon":[{"id":"14375838","nodevice":"2309G004","message":"SMPM","info":"Agung Rakhmadi--Anda Sudah melakukan Presensi","nokartu":"53AAF7E4"}]}
Berhasil kirim balasan ke "responServer_2309G004"

[2025-03-20 07:23:46]
Menerima pesan dari: dariMCU_2309G004 - Pesan: {"nokartu":"43D72AFF","idchip":"14375838","nodevice":"2309G004","key":"1234567890987654321","ipa":"10.31.0.4"}
[2025-03-20 07:23:46]
Berhasil merespon "dariMCU_2309G004" : {"respon":[{"id":"14375838","nodevice":"2309G004","message":"BMPM","info":"Resa Dwi Cahyani--Berhasil Presensi","nokartu":"43D72AFF"}]}
Berhasil kirim balasan ke "responServer_2309G004"

[2025-03-20 07:25:29]
Menerima pesan dari: dariMCU_2309G004 - Pesan: {"nokartu":"C32D2FFF","idchip":"14375838","nodevice":"2309G004","key":"1234567890987654321","ipa":"10.31.0.4"}
[2025-03-20 07:25:29]
Berhasil merespon "dariMCU_2309G004" : {"respon":[{"id":"14375838","nodevice":"2309G004","message":"BMPM","info":"Louren Alelea--Berhasil Presensi","nokartu":"C32D2FFF"}]}
Berhasil kirim balasan ke "responServer_2309G004"

[2025-03-20 07:25:32]
Menerima pesan dari: dariMCU_2309G004 - Pesan: {"nokartu":"C32D2FFF","idchip":"14375838","nodevice":"2309G004","key":"1234567890987654321","ipa":"10.31.0.4"}
[2025-03-20 07:25:32]
Berhasil merespon "dariMCU_2309G004" : {"respon":[{"id":"14375838","nodevice":"2309G004","message":"SMPM","info":"Louren Alelea--Anda Sudah melakukan Presensi","nokartu":"C32D2FFF"}]}
Berhasil kirim balasan ke "responServer_2309G004"

[2025-03-20 07:26:00]
Menerima pesan dari: dariMCU_2309G004 - Pesan: {"nokartu":"23542FFF","idchip":"14375838","nodevice":"2309G004","key":"1234567890987654321","ipa":"10.31.0.4"}
[2025-03-20 07:26:00]
Berhasil merespon "dariMCU_2309G004" : {"respon":[{"id":"14375838","nodevice":"2309G004","message":"BMPM","info":"Devia Lovita Artika--Berhasil Presensi","nokartu":"23542FFF"}]}
Berhasil kirim balasan ke "responServer_2309G004"

[2025-03-20 07:26:03]
Menerima pesan dari: dariMCU_2309G004 - Pesan: {"nokartu":"A39411FE","idchip":"14375838","nodevice":"2309G004","key":"1234567890987654321","ipa":"10.31.0.4"}
[2025-03-20 07:26:03]
Berhasil merespon "dariMCU_2309G004" : {"respon":[{"id":"14375838","nodevice":"2309G004","message":"BMPM","info":"Anzilna Qilada Bilaura--Berhasil Presensi","nokartu":"A39411FE"}]}
Berhasil kirim balasan ke "responServer_2309G004"

[2025-03-20 07:27:19]
Menerima pesan dari: dariMCU_2309G004 - Pesan: {"nokartu":"23B006FE","idchip":"14375838","nodevice":"2309G004","key":"1234567890987654321","ipa":"10.31.0.4"}
[2025-03-20 07:27:19]
Berhasil merespon "dariMCU_2309G004" : {"respon":[{"id":"14375838","nodevice":"2309G004","message":"BMPM","info":"Eka Ananda Putri--Berhasil Presensi","nokartu":"23B006FE"}]}
Berhasil kirim balasan ke "responServer_2309G004"

[2025-03-20 07:27:50]
Menerima pesan dari: dariMCU_2309G004 - Pesan: {"nokartu":"73ED2CFF","idchip":"14375838","nodevice":"2309G004","key":"1234567890987654321","ipa":"10.31.0.4"}
[2025-03-20 07:27:50]
Berhasil merespon "dariMCU_2309G004" : {"respon":[{"id":"14375838","nodevice":"2309G004","message":"BMPM","info":"Jesica Ayu Natalia--Berhasil Presensi","nokartu":"73ED2CFF"}]}
Berhasil kirim balasan ke "responServer_2309G004"

[2025-03-20 07:28:49]
Menerima pesan dari: dariMCU_2309G004 - Pesan: {"nokartu":"5348DA54","idchip":"14375838","nodevice":"2309G004","key":"1234567890987654321","ipa":"10.31.0.4"}
[2025-03-20 07:28:49]
Berhasil merespon "dariMCU_2309G004" : {"respon":[{"id":"14375838","nodevice":"2309G004","message":"BMPM","info":"Ikhwan Priantama--Berhasil Presensi","nokartu":"5348DA54"}]}
Berhasil kirim balasan ke "responServer_2309G004"

[2025-03-20 07:28:52]
Menerima pesan dari: dariMCU_2309G004 - Pesan: {"nokartu":"5348DA54","idchip":"14375838","nodevice":"2309G004","key":"1234567890987654321","ipa":"10.31.0.4"}
[2025-03-20 07:28:52]
Berhasil merespon "dariMCU_2309G004" : {"respon":[{"id":"14375838","nodevice":"2309G004","message":"SMPM","info":"Ikhwan Priantama--Anda Sudah melakukan Presensi","nokartu":"5348DA54"}]}
Berhasil kirim balasan ke "responServer_2309G004"

[2025-03-20 07:29:02]
Menerima pesan dari: dariMCU_2309G004 - Pesan: {"nokartu":"B30123FF","idchip":"14375838","nodevice":"2309G004","key":"1234567890987654321","ipa":"10.31.0.4"}
[2025-03-20 07:29:02]
Berhasil merespon "dariMCU_2309G004" : {"respon":[{"id":"14375838","nodevice":"2309G004","message":"BMPM","info":"Raysha Novasera--Berhasil Presensi","nokartu":"B30123FF"}]}
Berhasil kirim balasan ke "responServer_2309G004"

[2025-03-20 07:30:22]
Menerima pesan dari: dariMCU_2309G004 - Pesan: {"nokartu":"C3AC23FF","idchip":"14375838","nodevice":"2309G004","key":"1234567890987654321","ipa":"10.31.0.4"}
[2025-03-20 07:30:22]
Berhasil merespon "dariMCU_2309G004" : {"respon":[{"id":"14375838","nodevice":"2309G004","message":"BMPM","info":"Redapa Ardiyansah--Berhasil Presensi","nokartu":"C3AC23FF"}]}
Berhasil kirim balasan ke "responServer_2309G004"

[2025-03-20 07:30:26]
Menerima pesan dari: dariMCU_2309G004 - Pesan: {"nokartu":"632822FF","idchip":"14375838","nodevice":"2309G004","key":"1234567890987654321","ipa":"10.31.0.4"}
[2025-03-20 07:30:26]
Berhasil merespon "dariMCU_2309G004" : {"respon":[{"id":"14375838","nodevice":"2309G004","message":"BMPM","info":"Dwi Yuni Kurniawati--Berhasil Presensi","nokartu":"632822FF"}]}
Berhasil kirim balasan ke "responServer_2309G004"

[2025-03-20 07:30:38]
Menerima pesan dari: dariMCU_2309G004 - Pesan: {"nokartu":"A38D17FE","idchip":"14375838","nodevice":"2309G004","key":"1234567890987654321","ipa":"10.31.0.4"}
[2025-03-20 07:30:38]
Berhasil merespon "dariMCU_2309G004" : {"respon":[{"id":"14375838","nodevice":"2309G004","message":"BMPM","info":"Aulia Hastuti Santalum--Berhasil Presensi","nokartu":"A38D17FE"}]}
Berhasil kirim balasan ke "responServer_2309G004"

[2025-03-20 07:36:14]
Menerima pesan dari: dariMCU_2309G004 - Pesan: {"nokartu":"03E7B6E2","idchip":"14375838","nodevice":"2309G004","key":"1234567890987654321","ipa":"10.31.0.4"}
[2025-03-20 07:36:14]
Berhasil merespon "dariMCU_2309G004" : {"respon":[{"id":"14375838","nodevice":"2309G004","message":"BMPM","info":"Aprilia Endah Permata--Berhasil Presensi","nokartu":"03E7B6E2"}]}
Berhasil kirim balasan ke "responServer_2309G004"

[2025-03-20 07:36:27]
Menerima pesan dari: dariMCU_2309G004 - Pesan: {"nokartu":"53196D54","idchip":"14375838","nodevice":"2309G004","key":"1234567890987654321","ipa":"10.31.0.4"}
[2025-03-20 07:36:27]
Berhasil merespon "dariMCU_2309G004" : {"respon":[{"id":"14375838","nodevice":"2309G004","message":"BMPM","info":"Asyifa Nur Rahmadhani--Berhasil Presensi","nokartu":"53196D54"}]}
Berhasil kirim balasan ke "responServer_2309G004"

[2025-03-20 07:36:29]
Menerima pesan dari: dariMCU_2309G004 - Pesan: {"nokartu":"53196D54","idchip":"14375838","nodevice":"2309G004","key":"1234567890987654321","ipa":"10.31.0.4"}
[2025-03-20 07:36:29]
Berhasil merespon "dariMCU_2309G004" : {"respon":[{"id":"14375838","nodevice":"2309G004","message":"SMPM","info":"Asyifa Nur Rahmadhani--Anda Sudah melakukan Presensi","nokartu":"53196D54"}]}
Berhasil kirim balasan ke "responServer_2309G004"

[2025-03-20 07:36:32]
Menerima pesan dari: dariMCU_2309G004 - Pesan: {"nokartu":"C344B7E2","idchip":"14375838","nodevice":"2309G004","key":"1234567890987654321","ipa":"10.31.0.4"}
[2025-03-20 07:36:32]
Berhasil merespon "dariMCU_2309G004" : {"respon":[{"id":"14375838","nodevice":"2309G004","message":"BMPM","info":"Puji Rahayu--Berhasil Presensi","nokartu":"C344B7E2"}]}
Berhasil kirim balasan ke "responServer_2309G004"

[2025-03-20 07:38:15]
Menerima pesan dari: dariMCU_2309G004 - Pesan: {"nokartu":"53E415FF","idchip":"14375838","nodevice":"2309G004","key":"1234567890987654321","ipa":"10.31.0.4"}
[2025-03-20 07:38:15]
Berhasil merespon "dariMCU_2309G004" : {"respon":[{"id":"14375838","nodevice":"2309G004","message":"BMPM","info":"Arta Widyasari--Berhasil Presensi","nokartu":"53E415FF"}]}
Berhasil kirim balasan ke "responServer_2309G004"

[2025-03-20 07:38:29]
Menerima pesan dari: dariMCU_2309G004 - Pesan: {"nokartu":"E3F232FF","idchip":"14375838","nodevice":"2309G004","key":"1234567890987654321","ipa":"10.31.0.4"}
[2025-03-20 07:38:29]
Berhasil merespon "dariMCU_2309G004" : {"respon":[{"id":"14375838","nodevice":"2309G004","message":"BMPM","info":"Fita Ayu Ananta--Berhasil Presensi","nokartu":"E3F232FF"}]}
Berhasil kirim balasan ke "responServer_2309G004"

[2025-03-20 07:38:30]
Menerima pesan dari: dariMCU_2309G004 - Pesan: {"nokartu":"E3F232FF","idchip":"14375838","nodevice":"2309G004","key":"1234567890987654321","ipa":"10.31.0.4"}
[2025-03-20 07:38:30]
Berhasil merespon "dariMCU_2309G004" : {"respon":[{"id":"14375838","nodevice":"2309G004","message":"SMPM","info":"Fita Ayu Ananta--Anda Sudah melakukan Presensi","nokartu":"E3F232FF"}]}
Berhasil kirim balasan ke "responServer_2309G004"

[2025-03-20 07:38:36]
Menerima pesan dari: dariMCU_2309G004 - Pesan: {"nokartu":"43F833FF","idchip":"14375838","nodevice":"2309G004","key":"1234567890987654321","ipa":"10.31.0.4"}
[2025-03-20 07:38:36]
Berhasil merespon "dariMCU_2309G004" : {"respon":[{"id":"14375838","nodevice":"2309G004","message":"BMPM","info":"Hartiningsih--Berhasil Presensi","nokartu":"43F833FF"}]}
Berhasil kirim balasan ke "responServer_2309G004"

[2025-03-20 07:38:36]
Menerima pesan dari: dariMCU_2309G004 - Pesan: {"nokartu":"43F833FF","idchip":"14375838","nodevice":"2309G004","key":"1234567890987654321","ipa":"10.31.0.4"}
[2025-03-20 07:38:36]
Berhasil merespon "dariMCU_2309G004" : {"respon":[{"id":"14375838","nodevice":"2309G004","message":"SMPM","info":"Hartiningsih--Anda Sudah melakukan Presensi","nokartu":"43F833FF"}]}
Berhasil kirim balasan ke "responServer_2309G004"

[2025-03-20 07:39:04]
Menerima pesan dari: dariMCU_2309G004 - Pesan: {"nokartu":"534A2FFF","idchip":"14375838","nodevice":"2309G004","key":"1234567890987654321","ipa":"10.31.0.4"}
[2025-03-20 07:39:04]
Berhasil merespon "dariMCU_2309G004" : {"respon":[{"id":"14375838","nodevice":"2309G004","message":"BMPM","info":"Aulia Syilmi Kaffah--Berhasil Presensi","nokartu":"534A2FFF"}]}
Berhasil kirim balasan ke "responServer_2309G004"

[2025-03-20 07:40:21]
Menerima pesan dari: dariMCU_2309G004 - Pesan: {"nokartu":"03C37905","idchip":"14375838","nodevice":"2309G004","key":"1234567890987654321","ipa":"10.31.0.4"}
[2025-03-20 07:40:21]
Berhasil merespon "dariMCU_2309G004" : {"respon":[{"id":"14375838","nodevice":"2309G004","message":"BMPM","info":"Latif Amanah--Berhasil Presensi","nokartu":"03C37905"}]}
Berhasil kirim balasan ke "responServer_2309G004"

[2025-03-20 07:40:32]
Menerima pesan dari: dariMCU_2309G004 - Pesan: {"nokartu":"03C56905","idchip":"14375838","nodevice":"2309G004","key":"1234567890987654321","ipa":"10.31.0.4"}
[2025-03-20 07:40:32]
Berhasil merespon "dariMCU_2309G004" : {"respon":[{"id":"14375838","nodevice":"2309G004","message":"BMPM","info":"Al Viola Zaki--Berhasil Presensi","nokartu":"03C56905"}]}
Berhasil kirim balasan ke "responServer_2309G004"

[2025-03-20 07:40:32]
Menerima pesan dari: dariMCU_2309G004 - Pesan: {"nokartu":"03C56905","idchip":"14375838","nodevice":"2309G004","key":"1234567890987654321","ipa":"10.31.0.4"}
[2025-03-20 07:40:32]
Berhasil merespon "dariMCU_2309G004" : {"respon":[{"id":"14375838","nodevice":"2309G004","message":"SMPM","info":"Al Viola Zaki--Anda Sudah melakukan Presensi","nokartu":"03C56905"}]}
Berhasil kirim balasan ke "responServer_2309G004"

[2025-03-20 07:42:08]
Menerima pesan dari: dariMCU_2309G004 - Pesan: {"nokartu":"13F6B3E2","idchip":"14375838","nodevice":"2309G004","key":"1234567890987654321","ipa":"10.31.0.4"}
[2025-03-20 07:42:08]
Berhasil merespon "dariMCU_2309G004" : {"respon":[{"id":"14375838","nodevice":"2309G004","message":"BMPM","info":"Amrina Rosyada--Berhasil Presensi","nokartu":"13F6B3E2"}]}
Berhasil kirim balasan ke "responServer_2309G004"

[2025-03-20 07:42:11]
Menerima pesan dari: dariMCU_2309G004 - Pesan: {"nokartu":"13F6B3E2","idchip":"14375838","nodevice":"2309G004","key":"1234567890987654321","ipa":"10.31.0.4"}
[2025-03-20 07:42:11]
Berhasil merespon "dariMCU_2309G004" : {"respon":[{"id":"14375838","nodevice":"2309G004","message":"SMPM","info":"Amrina Rosyada--Anda Sudah melakukan Presensi","nokartu":"13F6B3E2"}]}
Berhasil kirim balasan ke "responServer_2309G004"

[2025-03-20 07:43:28]
Menerima pesan dari: dariMCU_2309G004 - Pesan: {"nokartu":"23A521FF","idchip":"14375838","nodevice":"2309G004","key":"1234567890987654321","ipa":"10.31.0.4"}
[2025-03-20 07:43:28]
Berhasil merespon "dariMCU_2309G004" : {"respon":[{"id":"14375838","nodevice":"2309G004","message":"BMPM","info":"Rohim Rahmat Dani--Berhasil Presensi","nokartu":"23A521FF"}]}
Berhasil kirim balasan ke "responServer_2309G004"

[2025-03-20 10:36:19]
Menerima pesan dari: dariMCU_2309MAS003 - Pesan: {"nokartu":"A3DECAE2","idchip":"16581755","nodevice":"2309MAS003","key":"1234567890987654321","ipa":"10.10.2.142"}
[2025-03-20 10:36:19]
Berhasil merespon "dariMCU_2309MAS003" : {"respon":[{"id":"16581755","nodevice":"2309MAS003","message":"TBPS","info":"Rizqy Nurfirdaus--Tidak bisa melakukan presensi sekarang.","nokartu":"A3DECAE2"}]}
Berhasil kirim balasan ke "responServer_2309MAS003"

[2025-03-20 12:06:18]
Menerima pesan dari: dariMCU_2309G004 - Pesan: {"nokartu":"53AAF7E4","idchip":"14375838","nodevice":"2309G004","key":"1234567890987654321","ipa":"10.31.0.4"}
[2025-03-20 12:06:18]
Berhasil merespon "dariMCU_2309G004" : {"respon":[{"id":"14375838","nodevice":"2309G004","message":"TBPS","info":"Agung Rakhmadi--Tidak bisa melakukan presensi sekarang.","nokartu":"53AAF7E4"}]}
Berhasil kirim balasan ke "responServer_2309G004"

[2025-03-20 12:06:23]
Menerima pesan dari: dariMCU_2309G004 - Pesan: {"nokartu":"53AAF7E4","idchip":"14375838","nodevice":"2309G004","key":"1234567890987654321","ipa":"10.31.0.4"}
[2025-03-20 12:06:23]
Berhasil merespon "dariMCU_2309G004" : {"respon":[{"id":"14375838","nodevice":"2309G004","message":"TBPS","info":"Agung Rakhmadi--Tidak bisa melakukan presensi sekarang.","nokartu":"53AAF7E4"}]}
Berhasil kirim balasan ke "responServer_2309G004"

[2025-03-20 12:06:30]
Menerima pesan dari: dariMCU_2309G004 - Pesan: {"nokartu":"13F7F3E4","idchip":"14375838","nodevice":"2309G004","key":"1234567890987654321","ipa":"10.31.0.4"}
[2025-03-20 12:06:30]
Berhasil merespon "dariMCU_2309G004" : {"respon":[{"id":"14375838","nodevice":"2309G004","message":"TBPS","info":"Muhammad Affan Nibras Razan--Tidak bisa melakukan presensi sekarang.","nokartu":"13F7F3E4"}]}
Berhasil kirim balasan ke "responServer_2309G004"

[2025-03-20 12:06:34]
Menerima pesan dari: dariMCU_2309G004 - Pesan: {"nokartu":"E32AB2E2","idchip":"14375838","nodevice":"2309G004","key":"1234567890987654321","ipa":"10.31.0.4"}
[2025-03-20 12:06:34]
Berhasil merespon "dariMCU_2309G004" : {"respon":[{"id":"14375838","nodevice":"2309G004","message":"TBPS","info":"Fardanesha Aga Rananta--Tidak bisa melakukan presensi sekarang.","nokartu":"E32AB2E2"}]}
Berhasil kirim balasan ke "responServer_2309G004"

[2025-03-20 12:06:42]
Menerima pesan dari: dariMCU_2309MAS003 - Pesan: {"nokartu":"131701E3","idchip":"16581755","nodevice":"2309MAS003","key":"1234567890987654321","ipa":"10.10.2.142"}
[2025-03-20 12:06:42]
Berhasil merespon "dariMCU_2309MAS003" : {"respon":[{"id":"16581755","nodevice":"2309MAS003","message":"BMPE","info":"Afra Pramudya Haswan Yusufpranowo--Berhasil Presensi -Mulai-","nokartu":"131701E3"}]}
Berhasil kirim balasan ke "responServer_2309MAS003"

[2025-03-20 12:06:45]
Menerima pesan dari: dariMCU_2309MAS003 - Pesan: {"nokartu":"131701E3","idchip":"16581755","nodevice":"2309MAS003","key":"1234567890987654321","ipa":"10.10.2.142"}
[2025-03-20 12:06:45]
Berhasil merespon "dariMCU_2309MAS003" : {"respon":[{"id":"16581755","nodevice":"2309MAS003","message":"510","info":"Afra Pramudya Haswan Yusufpranowo--TERCATAT! 3 dtk lalu","nokartu":"131701E3"}]}
Berhasil kirim balasan ke "responServer_2309MAS003"

[2025-03-20 12:07:20]
Menerima pesan dari: dariMCU_2309G004 - Pesan: {"nokartu":"A38D17FE","idchip":"14375838","nodevice":"2309G004","key":"1234567890987654321","ipa":"10.31.0.4"}
[2025-03-20 12:07:20]
Berhasil merespon "dariMCU_2309G004" : {"respon":[{"id":"14375838","nodevice":"2309G004","message":"TBPS","info":"Aulia Hastuti Santalum--Tidak bisa melakukan presensi sekarang.","nokartu":"A38D17FE"}]}
Berhasil kirim balasan ke "responServer_2309G004"

[2025-03-20 12:07:25]
Menerima pesan dari: dariMCU_2309G004 - Pesan: {"nokartu":"A38D17FE","idchip":"14375838","nodevice":"2309G004","key":"1234567890987654321","ipa":"10.31.0.4"}
[2025-03-20 12:07:25]
Berhasil merespon "dariMCU_2309G004" : {"respon":[{"id":"14375838","nodevice":"2309G004","message":"TBPS","info":"Aulia Hastuti Santalum--Tidak bisa melakukan presensi sekarang.","nokartu":"A38D17FE"}]}
Berhasil kirim balasan ke "responServer_2309G004"

[2025-03-20 12:09:04]
Menerima pesan dari: dariMCU_2309G004 - Pesan: {"nokartu":"534A2FFF","idchip":"14375838","nodevice":"2309G004","key":"1234567890987654321","ipa":"10.31.0.4"}
[2025-03-20 12:09:04]
Berhasil merespon "dariMCU_2309G004" : {"respon":[{"id":"14375838","nodevice":"2309G004","message":"TBPS","info":"Aulia Syilmi Kaffah--Tidak bisa melakukan presensi sekarang.","nokartu":"534A2FFF"}]}
Berhasil kirim balasan ke "responServer_2309G004"

[2025-03-20 12:09:08]
Menerima pesan dari: dariMCU_2309G004 - Pesan: {"nokartu":"3350E2E4","idchip":"14375838","nodevice":"2309G004","key":"1234567890987654321","ipa":"10.31.0.4"}
[2025-03-20 12:09:08]
Berhasil merespon "dariMCU_2309G004" : {"respon":[{"id":"14375838","nodevice":"2309G004","message":"TBPS","info":"Puput Revi Mariska--Tidak bisa melakukan presensi sekarang.","nokartu":"3350E2E4"}]}
Berhasil kirim balasan ke "responServer_2309G004"

[2025-03-20 12:21:21]
Menerima pesan dari: dariMCU_2309MAS003 - Pesan: {"nokartu":"131701E3","idchip":"16581755","nodevice":"2309MAS003","key":"1234567890987654321","ipa":"10.10.2.142"}
[2025-03-20 12:21:21]
Berhasil merespon "dariMCU_2309MAS003" : {"respon":[{"id":"16581755","nodevice":"2309MAS003","message":"BPSE","info":"Afra Pramudya Haswan Yusufpranowo--Berhasil Presensi -Selesai-","nokartu":"131701E3"}]}
Berhasil kirim balasan ke "responServer_2309MAS003"

[2025-03-20 12:21:24]
Menerima pesan dari: dariMCU_2309MAS003 - Pesan: {"nokartu":"131701E3","idchip":"16581755","nodevice":"2309MAS003","key":"1234567890987654321","ipa":"10.10.2.142"}
[2025-03-20 12:21:24]
Berhasil merespon "dariMCU_2309MAS003" : {"respon":[{"id":"16581755","nodevice":"2309MAS003","message":"510","info":"Afra Pramudya Haswan Yusufpranowo--TERCATAT! 3 dtk lalu","nokartu":"131701E3"}]}
Berhasil kirim balasan ke "responServer_2309MAS003"

[2025-03-20 12:30:59]
Menerima pesan dari: dariMCU_2309G004 - Pesan: {"nokartu":"03B866E4","idchip":"14375838","nodevice":"2309G004","key":"1234567890987654321","ipa":"10.31.0.4"}
[2025-03-20 12:30:59]
Berhasil merespon "dariMCU_2309G004" : {"respon":[{"id":"14375838","nodevice":"2309G004","message":"TBPS","info":"Syifa Nur Alifa--Tidak bisa melakukan presensi sekarang.","nokartu":"03B866E4"}]}
Berhasil kirim balasan ke "responServer_2309G004"

[2025-03-20 12:31:04]
Menerima pesan dari: dariMCU_2309G004 - Pesan: {"nokartu":"B3C6F2E4","idchip":"14375838","nodevice":"2309G004","key":"1234567890987654321","ipa":"10.31.0.4"}
[2025-03-20 12:31:04]
Berhasil merespon "dariMCU_2309G004" : {"respon":[{"id":"14375838","nodevice":"2309G004","message":"TBPS","info":"Aira Putri--Tidak bisa melakukan presensi sekarang.","nokartu":"B3C6F2E4"}]}
Berhasil kirim balasan ke "responServer_2309G004"

[2025-03-20 12:31:09]
Menerima pesan dari: dariMCU_2309G004 - Pesan: {"nokartu":"F311A8E2","idchip":"14375838","nodevice":"2309G004","key":"1234567890987654321","ipa":"10.31.0.4"}
[2025-03-20 12:31:09]
Berhasil merespon "dariMCU_2309G004" : {"respon":[{"id":"14375838","nodevice":"2309G004","message":"TBPS","info":"Saida Nuri Himaya--Tidak bisa melakukan presensi sekarang.","nokartu":"F311A8E2"}]}
Berhasil kirim balasan ke "responServer_2309G004"

[2025-03-20 12:31:14]
Menerima pesan dari: dariMCU_2309G004 - Pesan: {"nokartu":"13087BE2","idchip":"14375838","nodevice":"2309G004","key":"1234567890987654321","ipa":"10.31.0.4"}
[2025-03-20 12:31:14]
Berhasil merespon "dariMCU_2309G004" : {"respon":[{"id":"14375838","nodevice":"2309G004","message":"TBPS","info":"Puspa Indah Karismatika--Tidak bisa melakukan presensi sekarang.","nokartu":"13087BE2"}]}
Berhasil kirim balasan ke "responServer_2309G004"

