[2023-12-02 07:38:35]
Menerima pesan dari: dariMCU_2310IZ003 - Pesan: {"nokartu":"C2E2B920","idchip":"C00FC908B764","nodevice":"2310IZ003","key":"1234567890987654321","ipa":"10.16.0.161"}
[2023-12-02 07:38:35]
Berhasil merespon "dariMCU_2310IZ003" : {"respon":[{"id":"C00FC908B764","nodevice":"","message":"406","info":"ERROR!--CHIP TIDAK TERDAFTAR","nokartu":"C2E2B920"}]}
Berhasil kirim balasan ke "responServer_2310IZ003"

[2023-12-02 07:39:57]
Menerima pesan dari: dariMCU_2309G005 - Pesan: {"nokartu":"13197D05","idchip":"10687500","nodevice":"2309G005","key":"1234567890987654321","ipa":"10.16.0.232"}
[2023-12-02 07:39:57]
Berhasil merespon "dariMCU_2309G005" : {"respon":[{"id":"10687500","nodevice":"2309G005","message":"IDTT","info":"Kartu ID ini--belum terdaftar","nokartu":"13197D05"}]}
Berhasil kirim balasan ke "responServer_2309G005"

[2023-12-02 07:40:12]
Menerima pesan dari: dariMCU_2309G005 - Pesan: {"nokartu":"C2E2B920","idchip":"10687500","nodevice":"2309G005","key":"1234567890987654321","ipa":"10.16.0.232"}
[2023-12-02 07:40:12]
Berhasil merespon "dariMCU_2309G005" : {"respon":[{"id":"10687500","nodevice":"2309G005","message":"HLTM","info":"Ellin Agesti Milana Al Faida--Hari ini Libur","nokartu":"C2E2B920"}]}
Berhasil kirim balasan ke "responServer_2309G005"

[2023-12-02 07:40:21]
Menerima pesan dari: dariMCU_2309G005 - Pesan: {"nokartu":"93F67406","idchip":"10687500","nodevice":"2309G005","key":"1234567890987654321","ipa":"10.16.0.232"}
[2023-12-02 07:40:21]
Berhasil merespon "dariMCU_2309G005" : {"respon":[{"id":"10687500","nodevice":"2309G005","message":"IDTT","info":"Kartu ID ini--belum terdaftar","nokartu":"93F67406"}]}
Berhasil kirim balasan ke "responServer_2309G005"

[2023-12-02 07:40:37]
Menerima pesan dari: dariMCU_2309G005 - Pesan: {"nokartu":"ED68DF6A","idchip":"10687500","nodevice":"2309G005","key":"1234567890987654321","ipa":"10.16.0.232"}
[2023-12-02 07:40:37]
Berhasil merespon "dariMCU_2309G005" : {"respon":[{"id":"10687500","nodevice":"2309G005","message":"HLTM","info":"Aprillia Palupi, S.P--Hari ini Libur","nokartu":"ED68DF6A"}]}
Berhasil kirim balasan ke "responServer_2309G005"

[2023-12-02 07:40:45]
Menerima pesan dari: dariMCU_2309G005 - Pesan: {"nokartu":"ED68DF6A","idchip":"10687500","nodevice":"2309G005","key":"1234567890987654321","ipa":"10.16.0.232"}
[2023-12-02 07:40:45]
Berhasil merespon "dariMCU_2309G005" : {"respon":[{"id":"10687500","nodevice":"2309G005","message":"HLTM","info":"Aprillia Palupi, S.P--Hari ini Libur","nokartu":"ED68DF6A"}]}
Berhasil kirim balasan ke "responServer_2309G005"

[2023-12-02 07:51:12]
Menerima pesan dari: dariMCU_2309G005 - Pesan: {"nokartu":"ED68DF6A","idchip":"10687500","nodevice":"2309G005","key":"1234567890987654321","ipa":"10.16.0.232"}
[2023-12-02 07:51:12]
Berhasil merespon "dariMCU_2309G005" : {"respon":[{"id":"10687500","nodevice":"2309G005","message":"HLTM","info":"Aprillia Palupi, S.P--Hari ini Libur","nokartu":"ED68DF6A"}]}
Berhasil kirim balasan ke "responServer_2309G005"

[2023-12-02 09:18:18]
Menerima pesan dari: dariMCU_2309G005 - Pesan: {"nokartu":"13197D05","idchip":"10687500","nodevice":"2309G005","key":"1234567890987654321","ipa":"10.16.0.232"}
[2023-12-02 09:18:18]
Berhasil merespon "dariMCU_2309G005" : {"respon":[{"id":"10687500","nodevice":"2309G005","message":"IDTT","info":"Kartu ID ini--belum terdaftar","nokartu":"13197D05"}]}
Berhasil kirim balasan ke "responServer_2309G005"

[2023-12-02 09:18:28]
Menerima pesan dari: dariMCU_2309G005 - Pesan: {"nokartu":"13197D05","idchip":"10687500","nodevice":"2309G005","key":"1234567890987654321","ipa":"10.16.0.232"}
[2023-12-02 09:18:28]
Berhasil merespon "dariMCU_2309G005" : {"respon":[{"id":"10687500","nodevice":"2309G005","message":"IDTT","info":"Kartu ID ini--belum terdaftar","nokartu":"13197D05"}]}
Berhasil kirim balasan ke "responServer_2309G005"

[2023-12-02 09:18:39]
Menerima pesan dari: dariMCU_2309G005 - Pesan: {"nokartu":"13197D05","idchip":"10687500","nodevice":"2309G005","key":"1234567890987654321","ipa":"10.16.0.232"}
[2023-12-02 09:18:39]
Berhasil merespon "dariMCU_2309G005" : {"respon":[{"id":"10687500","nodevice":"2309G005","message":"IDTT","info":"Kartu ID ini--belum terdaftar","nokartu":"13197D05"}]}
Berhasil kirim balasan ke "responServer_2309G005"

[2023-12-02 09:18:40]
Menerima pesan dari: dariMCU_2310IZ003 - Pesan: {"nokartu":"93F67406","idchip":"C00FC908B764","nodevice":"2310IZ003","key":"1234567890987654321","ipa":"10.16.0.161"}
[2023-12-02 09:18:40]
Berhasil merespon "dariMCU_2310IZ003" : {"respon":[{"id":"C00FC908B764","nodevice":"","message":"406","info":"ERROR!--CHIP TIDAK TERDAFTAR","nokartu":"93F67406"}]}
Berhasil kirim balasan ke "responServer_2310IZ003"

[2023-12-02 17:43:06]
Menerima pesan dari: dariMCU_2309G005 - Pesan: {"nokartu":"04555512142C80","idchip":"10687500","nodevice":"2309G005","key":"1234567890987654321","ipa":"10.16.0.232"}
[2023-12-02 17:43:06]
Berhasil merespon "dariMCU_2309G005" : {"respon":[{"id":"10687500","nodevice":"2309G005","message":"IDTT","info":"Kartu ID ini--belum terdaftar","nokartu":"04555512142C80"}]}
Berhasil kirim balasan ke "responServer_2309G005"

[2023-12-02 18:49:16]
Menerima pesan dari: dariMCU_2310NA010 - Pesan: {"nokartu":"93F67406","idchip":"C00FC908B764","nodevice":"2310NA010","key":"1234567890987654321","ipa":"10.16.0.161"}
[2023-12-02 18:49:16]
Berhasil merespon "dariMCU_2310NA010" : {"respon":[{"id":"C00FC908B764","nodevice":"","message":"406","info":"ERROR!--CHIP TIDAK TERDAFTAR","nokartu":"93F67406"}]}
Berhasil kirim balasan ke "responServer_2310NA010"

