[2026-03-17 08:07:57]
Menerima pesan dari: dariMCU/2309G001 - Pesan: {"nokartu":"A6048005","idchip":"4207734","nodevice":"2309G001","key":"1234567890987654321","ipa":"10.31.0.110"}
[2026-03-17 08:07:57]
Berhasil merespon "dariMCU/2309G001" : {"respon":[{"id":"4207734","nodevice":"2309G001","message":"IDTT","info":"Kartu ID ini--belum terdaftar","nokartu":"A6048005"}]}
Berhasil kirim balasan ke "responServer/2309G001"

[2026-03-17 08:08:20]
Menerima pesan dari: dariMCU/2309G001 - Pesan: {"nokartu":"A6048005","idchip":"4207734","nodevice":"2309G001","key":"1234567890987654321","ipa":"10.31.0.110"}
[2026-03-17 08:08:20]
Berhasil merespon "dariMCU/2309G001" : {"respon":[{"id":"4207734","nodevice":"2309G001","message":"IDTT","info":"Kartu ID ini--belum terdaftar","nokartu":"A6048005"}]}
Berhasil kirim balasan ke "responServer/2309G001"

[2026-03-17 08:09:40]
Menerima pesan dari: dariMCU/2309G001 - Pesan: {"nokartu":"A6048005","idchip":"4207734","nodevice":"2309G001","key":"1234567890987654321","ipa":"10.31.0.110"}
[2026-03-17 08:09:40]
Berhasil merespon "dariMCU/2309G001" : {"respon":[{"id":"4207734","nodevice":"2309G001","message":"IDTT","info":"Kartu ID ini--belum terdaftar","nokartu":"A6048005"}]}
Berhasil kirim balasan ke "responServer/2309G001"

[2026-03-17 08:09:46]
Menerima pesan dari: dariMCU/2309G001 - Pesan: {"nokartu":"A6048005","idchip":"4207734","nodevice":"2309G001","key":"1234567890987654321","ipa":"10.31.0.110"}
[2026-03-17 08:09:46]
Berhasil merespon "dariMCU/2309G001" : {"respon":[{"id":"4207734","nodevice":"2309G001","message":"IDTT","info":"Kartu ID ini--belum terdaftar","nokartu":"A6048005"}]}
Berhasil kirim balasan ke "responServer/2309G001"

[2026-03-17 08:09:51]
Menerima pesan dari: dariMCU/2309G001 - Pesan: {"nokartu":"A6048005","idchip":"4207734","nodevice":"2309G001","key":"1234567890987654321","ipa":"10.31.0.110"}
[2026-03-17 08:09:51]
Berhasil merespon "dariMCU/2309G001" : {"respon":[{"id":"4207734","nodevice":"2309G001","message":"IDTT","info":"Kartu ID ini--belum terdaftar","nokartu":"A6048005"}]}
Berhasil kirim balasan ke "responServer/2309G001"

[2026-03-17 08:09:55]
Menerima pesan dari: dariMCU/2309G001 - Pesan: {"nokartu":"A6048005","idchip":"4207734","nodevice":"2309G001","key":"1234567890987654321","ipa":"10.31.0.110"}
[2026-03-17 08:09:55]
Berhasil merespon "dariMCU/2309G001" : {"respon":[{"id":"4207734","nodevice":"2309G001","message":"IDTT","info":"Kartu ID ini--belum terdaftar","nokartu":"A6048005"}]}
Berhasil kirim balasan ke "responServer/2309G001"

[2026-03-17 08:24:57]
Menerima pesan dari: dariMCU/2309G001 - Pesan: {"nokartu":"A6048005","idchip":"4207734","nodevice":"2309G001","key":"1234567890987654321","ipa":"10.31.0.110"}
[2026-03-17 08:24:57]
Berhasil merespon "dariMCU/2309G001" : {"respon":[{"id":"4207734","nodevice":"2309G001","message":"IDTT","info":"Kartu ID ini--belum terdaftar","nokartu":"A6048005"}]}
Berhasil kirim balasan ke "responServer/2309G001"

[2026-03-17 08:25:11]
Menerima pesan dari: dariMCU/2309G001 - Pesan: {"nokartu":"A6048005","idchip":"4207734","nodevice":"2309G001","key":"1234567890987654321","ipa":"10.31.0.110"}
[2026-03-17 08:25:11]
Berhasil merespon "dariMCU/2309G001" : {"respon":[{"id":"4207734","nodevice":"2309G001","message":"IDTT","info":"Kartu ID ini--belum terdaftar","nokartu":"A6048005"}]}
Berhasil kirim balasan ke "responServer/2309G001"

[2026-03-17 08:25:34]
Menerima pesan dari: dariMCU/2309G001 - Pesan: {"nokartu":"A6048005","idchip":"4207734","nodevice":"2309G001","key":"1234567890987654321","ipa":"10.31.0.110"}
[2026-03-17 08:25:34]
Berhasil merespon "dariMCU/2309G001" : {"respon":[{"id":"4207734","nodevice":"2309G001","message":"IDTT","info":"Kartu ID ini--belum terdaftar","nokartu":"A6048005"}]}
Berhasil kirim balasan ke "responServer/2309G001"

[2026-03-17 08:49:45]
Menerima pesan dari: dariMCU/G0002 - Pesan: {"nokartu":"6A573469","idchip":"2424C908B764","nodevice":"G0002","key":"1234567890987654321","ipa":"10.31.8.238"}
[2026-03-17 08:49:45]
Berhasil merespon "dariMCU/G0002" : {"respon":[{"id":"2424C908B764","nodevice":"","message":"406","info":"ERROR!--CHIP TIDAK TERDAFTAR","nokartu":"6A573469"}]}
Berhasil kirim balasan ke "responServer/G0002"

[2026-03-17 10:45:33]
Menerima pesan dari: dariMCU/G0002 - Pesan: {"nokartu":"6A573469","idchip":"2424C908B764","nodevice":"G0002","key":"1234567890987654321","ipa":"10.31.8.238"}
[2026-03-17 10:45:33]
Berhasil merespon "dariMCU/G0002" : {"respon":[{"id":"2424C908B764","nodevice":"","message":"406","info":"ERROR!--CHIP TIDAK TERDAFTAR","nokartu":"6A573469"}]}
Berhasil kirim balasan ke "responServer/G0002"

[2026-03-17 11:06:31]
Menerima pesan dari: dariMCU/G0002 - Pesan: {"nokartu":"A6048005","idchip":"2424C908B764","nodevice":"G0002","key":"1234567890987654321","ipa":"10.31.8.238"}
[2026-03-17 11:06:31]
Berhasil merespon "dariMCU/G0002" : {"respon":[{"id":"2424C908B764","nodevice":"","message":"406","info":"ERROR!--CHIP TIDAK TERDAFTAR","nokartu":"A6048005"}]}
Berhasil kirim balasan ke "responServer/G0002"

[2026-03-17 11:06:35]
Menerima pesan dari: dariMCU/G0002 - Pesan: {"nokartu":"A6048005","idchip":"2424C908B764","nodevice":"G0002","key":"1234567890987654321","ipa":"10.31.8.238"}
[2026-03-17 11:06:35]
Berhasil merespon "dariMCU/G0002" : {"respon":[{"id":"2424C908B764","nodevice":"","message":"406","info":"ERROR!--CHIP TIDAK TERDAFTAR","nokartu":"A6048005"}]}
Berhasil kirim balasan ke "responServer/G0002"

[2026-03-17 11:06:56]
Menerima pesan dari: dariMCU/G0002 - Pesan: {"nokartu":"A6048005","idchip":"2424C908B764","nodevice":"G0002","key":"1234567890987654321","ipa":"10.31.8.238"}
[2026-03-17 11:06:56]
Berhasil merespon "dariMCU/G0002" : {"respon":[{"id":"2424C908B764","nodevice":"","message":"406","info":"ERROR!--CHIP TIDAK TERDAFTAR","nokartu":"A6048005"}]}
Berhasil kirim balasan ke "responServer/G0002"

[2026-03-17 11:07:28]
Menerima pesan dari: dariMCU/2309G001 - Pesan: {"nokartu":"A6048005","idchip":"4207734","nodevice":"2309G001","key":"1234567890987654321","ipa":"10.31.0.110"}
[2026-03-17 11:07:28]
Berhasil merespon "dariMCU/2309G001" : {"respon":[{"id":"4207734","nodevice":"2309G001","message":"IDTT","info":"Kartu ID ini--belum terdaftar","nokartu":"A6048005"}]}
Berhasil kirim balasan ke "responServer/2309G001"

[2026-03-17 11:07:30]
Menerima pesan dari: dariMCU/G0002 - Pesan: {"nokartu":"A6048005","idchip":"2424C908B764","nodevice":"G0002","key":"1234567890987654321","ipa":"10.31.8.238"}
[2026-03-17 11:07:30]
Berhasil merespon "dariMCU/G0002" : {"respon":[{"id":"2424C908B764","nodevice":"","message":"406","info":"ERROR!--CHIP TIDAK TERDAFTAR","nokartu":"A6048005"}]}
Berhasil kirim balasan ke "responServer/G0002"

[2026-03-17 11:10:08]
Menerima pesan dari: dariMCU/G0002 - Pesan: {"nokartu":"A6048005","idchip":"2424C908B764","nodevice":"G0002","key":"1234567890987654321","ipa":"10.31.8.238"}
[2026-03-17 11:10:08]
Berhasil merespon "dariMCU/G0002" : {"respon":[{"id":"2424C908B764","nodevice":"","message":"406","info":"ERROR!--CHIP TIDAK TERDAFTAR","nokartu":"A6048005"}]}
Berhasil kirim balasan ke "responServer/G0002"

[2026-03-17 11:10:45]
Menerima pesan dari: dariMCU/G0002 - Pesan: {"nokartu":"A6048005","idchip":"2424C908B764","nodevice":"G0002","key":"1234567890987654321","ipa":"10.31.8.238"}
[2026-03-17 11:10:45]
Berhasil merespon "dariMCU/G0002" : {"respon":[{"id":"2424C908B764","nodevice":"","message":"406","info":"ERROR!--CHIP TIDAK TERDAFTAR","nokartu":"A6048005"}]}
Berhasil kirim balasan ke "responServer/G0002"

[2026-03-17 11:11:14]
Menerima pesan dari: dariMCU/G0002 - Pesan: {"nokartu":"A6048005","idchip":"2424C908B764","nodevice":"G0002","key":"1234567890987654321","ipa":"10.31.8.238"}
[2026-03-17 11:11:14]
Berhasil merespon "dariMCU/G0002" : {"respon":[{"id":"2424C908B764","nodevice":"","message":"406","info":"ERROR!--CHIP TIDAK TERDAFTAR","nokartu":"A6048005"}]}
Berhasil kirim balasan ke "responServer/G0002"

[2026-03-17 11:13:56]
Menerima pesan dari: dariMCU/2309G001 - Pesan: {"nokartu":"A6048005","idchip":"4207734","nodevice":"2309G001","key":"1234567890987654321","ipa":"10.31.0.110"}
[2026-03-17 11:13:56]
Berhasil merespon "dariMCU/2309G001" : {"respon":[{"id":"4207734","nodevice":"2309G001","message":"IDTT","info":"Kartu ID ini--belum terdaftar","nokartu":"A6048005"}]}
Berhasil kirim balasan ke "responServer/2309G001"

[2026-03-17 11:30:55]
Menerima pesan dari: dariMCU/G0002 - Pesan: {"nokartu":"A6048005","idchip":"2424C908B764","nodevice":"G0002","key":"1234567890987654321","ipa":"10.31.8.238"}
[2026-03-17 11:30:55]
Berhasil merespon "dariMCU/G0002" : {"respon":[{"id":"2424C908B764","nodevice":"","message":"406","info":"ERROR!--CHIP TIDAK TERDAFTAR","nokartu":"A6048005"}]}
Berhasil kirim balasan ke "responServer/G0002"

[2026-03-17 11:31:01]
Menerima pesan dari: dariMCU/G0002 - Pesan: {"nokartu":"A6048005","idchip":"2424C908B764","nodevice":"G0002","key":"1234567890987654321","ipa":"10.31.8.238"}
[2026-03-17 11:31:01]
Berhasil merespon "dariMCU/G0002" : {"respon":[{"id":"2424C908B764","nodevice":"","message":"406","info":"ERROR!--CHIP TIDAK TERDAFTAR","nokartu":"A6048005"}]}
Berhasil kirim balasan ke "responServer/G0002"

[2026-03-17 11:31:25]
Menerima pesan dari: dariMCU/G0002 - Pesan: {"nokartu":"6A573469","idchip":"2424C908B764","nodevice":"G0002","key":"1234567890987654321","ipa":"10.31.8.238"}
[2026-03-17 11:31:25]
Berhasil merespon "dariMCU/G0002" : {"respon":[{"id":"2424C908B764","nodevice":"","message":"406","info":"ERROR!--CHIP TIDAK TERDAFTAR","nokartu":"6A573469"}]}
Berhasil kirim balasan ke "responServer/G0002"

[2026-03-17 11:31:43]
Menerima pesan dari: dariMCU/G0002 - Pesan: {"nokartu":"6A573469","idchip":"2424C908B764","nodevice":"G0002","key":"1234567890987654321","ipa":"10.31.8.238"}
[2026-03-17 11:31:43]
Berhasil merespon "dariMCU/G0002" : {"respon":[{"id":"2424C908B764","nodevice":"","message":"406","info":"ERROR!--CHIP TIDAK TERDAFTAR","nokartu":"6A573469"}]}
Berhasil kirim balasan ke "responServer/G0002"

[2026-03-17 11:35:38]
Menerima pesan dari: dariMCU/G0002 - Pesan: {"nokartu":"A6048005","idchip":"2424C908B764","nodevice":"G0002","key":"1234567890987654321","ipa":"10.31.8.238"}
[2026-03-17 11:35:38]
Berhasil merespon "dariMCU/G0002" : {"respon":[{"id":"2424C908B764","nodevice":"","message":"406","info":"ERROR!--CHIP TIDAK TERDAFTAR","nokartu":"A6048005"}]}
Berhasil kirim balasan ke "responServer/G0002"

[2026-03-17 11:35:58]
Menerima pesan dari: dariMCU/G0002 - Pesan: {"nokartu":"A6048005","idchip":"2424C908B764","nodevice":"G0002","key":"1234567890987654321","ipa":"10.31.8.238"}
[2026-03-17 11:35:58]
Berhasil merespon "dariMCU/G0002" : {"respon":[{"id":"2424C908B764","nodevice":"","message":"406","info":"ERROR!--CHIP TIDAK TERDAFTAR","nokartu":"A6048005"}]}
Berhasil kirim balasan ke "responServer/G0002"

[2026-03-17 11:36:22]
Menerima pesan dari: dariMCU/G0002 - Pesan: {"nokartu":"6A573469","idchip":"2424C908B764","nodevice":"G0002","key":"1234567890987654321","ipa":"10.31.8.238"}
[2026-03-17 11:36:22]
Berhasil merespon "dariMCU/G0002" : {"respon":[{"id":"2424C908B764","nodevice":"","message":"406","info":"ERROR!--CHIP TIDAK TERDAFTAR","nokartu":"6A573469"}]}
Berhasil kirim balasan ke "responServer/G0002"

[2026-03-17 11:37:29]
Menerima pesan dari: dariMCU/2309G001 - Pesan: {"nokartu":"A6048005","idchip":"4207734","nodevice":"2309G001","key":"1234567890987654321","ipa":"10.31.0.110"}
[2026-03-17 11:37:29]
Berhasil merespon "dariMCU/2309G001" : {"respon":[{"id":"4207734","nodevice":"2309G001","message":"IDTT","info":"Kartu ID ini--belum terdaftar","nokartu":"A6048005"}]}
Berhasil kirim balasan ke "responServer/2309G001"

[2026-03-17 11:37:45]
Menerima pesan dari: dariMCU/G0002 - Pesan: {"nokartu":"6A573469","idchip":"2424C908B764","nodevice":"G0002","key":"1234567890987654321","ipa":"10.31.8.238"}
[2026-03-17 11:37:45]
Berhasil merespon "dariMCU/G0002" : {"respon":[{"id":"2424C908B764","nodevice":"","message":"406","info":"ERROR!--CHIP TIDAK TERDAFTAR","nokartu":"6A573469"}]}
Berhasil kirim balasan ke "responServer/G0002"

[2026-03-17 11:41:28]
Menerima pesan dari: dariMCU/2309G001 - Pesan: {"nokartu":"A6048005","idchip":"4207734","nodevice":"2309G001","key":"1234567890987654321","ipa":"10.31.0.110"}
[2026-03-17 11:41:28]
Berhasil merespon "dariMCU/2309G001" : {"respon":[{"id":"4207734","nodevice":"2309G001","message":"IDTT","info":"Kartu ID ini--belum terdaftar","nokartu":"A6048005"}]}
Berhasil kirim balasan ke "responServer/2309G001"

[2026-03-17 11:44:15]
Menerima pesan dari: dariMCU/2309G001 - Pesan: {"nokartu":"51436698","idchip":"4207734","nodevice":"2309G001","key":"1234567890987654321","ipa":"10.31.0.110"}
[2026-03-17 11:44:15]
Berhasil merespon "dariMCU/2309G001" : {"respon":[{"id":"4207734","nodevice":"2309G001","message":"IDTT","info":"Kartu ID ini--belum terdaftar","nokartu":"51436698"}]}
Berhasil kirim balasan ke "responServer/2309G001"

[2026-03-17 11:45:32]
Menerima pesan dari: dariMCU/G0002 - Pesan: {"nokartu":"A6048005","idchip":"2424C908B764","nodevice":"G0002","key":"1234567890987654321","ipa":"10.31.8.238"}
[2026-03-17 11:45:32]
Berhasil merespon "dariMCU/G0002" : {"respon":[{"id":"2424C908B764","nodevice":"","message":"406","info":"ERROR!--CHIP TIDAK TERDAFTAR","nokartu":"A6048005"}]}
Berhasil kirim balasan ke "responServer/G0002"

[2026-03-17 11:49:22]
Menerima pesan dari: dariMCU/G0002 - Pesan: {"nokartu":"A6048005","idchip":"2424C908B764","nodevice":"G0002","key":"1234567890987654321","ipa":"10.31.8.238"}
[2026-03-17 11:49:22]
Berhasil merespon "dariMCU/G0002" : {"respon":[{"id":"2424C908B764","nodevice":"","message":"406","info":"ERROR!--CHIP TIDAK TERDAFTAR","nokartu":"A6048005"}]}
Berhasil kirim balasan ke "responServer/G0002"

[2026-03-17 11:51:37]
Menerima pesan dari: dariMCU/2309G001 - Pesan: {"nokartu":"A6048005","idchip":"4207734","nodevice":"2309G001","key":"1234567890987654321","ipa":"10.31.0.110"}
[2026-03-17 11:51:37]
Berhasil merespon "dariMCU/2309G001" : {"respon":[{"id":"4207734","nodevice":"2309G001","message":"IDTT","info":"Kartu ID ini--belum terdaftar","nokartu":"A6048005"}]}
Berhasil kirim balasan ke "responServer/2309G001"

[2026-03-17 11:55:04]
Menerima pesan dari: dariMCU/2309G001 - Pesan: {"nokartu":"A6048005","idchip":"4207734","nodevice":"2309G001","key":"1234567890987654321","ipa":"10.31.0.110"}
[2026-03-17 11:55:04]
Berhasil merespon "dariMCU/2309G001" : {"respon":[{"id":"4207734","nodevice":"2309G001","message":"IDTT","info":"Kartu ID ini--belum terdaftar","nokartu":"A6048005"}]}
Berhasil kirim balasan ke "responServer/2309G001"

[2026-03-17 11:55:08]
Menerima pesan dari: dariMCU/G0002 - Pesan: {"nokartu":"A6048005","idchip":"2424C908B764","nodevice":"G0002","key":"1234567890987654321","ipa":"10.31.8.238"}
[2026-03-17 11:55:08]
Berhasil merespon "dariMCU/G0002" : {"respon":[{"id":"2424C908B764","nodevice":"","message":"406","info":"ERROR!--CHIP TIDAK TERDAFTAR","nokartu":"A6048005"}]}
Berhasil kirim balasan ke "responServer/G0002"

[2026-03-17 11:55:19]
Menerima pesan dari: dariMCU/G0002 - Pesan: {"nokartu":"A6048005","idchip":"2424C908B764","nodevice":"G0002","key":"1234567890987654321","ipa":"10.31.8.238"}
[2026-03-17 11:55:19]
Berhasil merespon "dariMCU/G0002" : {"respon":[{"id":"2424C908B764","nodevice":"","message":"406","info":"ERROR!--CHIP TIDAK TERDAFTAR","nokartu":"A6048005"}]}
Berhasil kirim balasan ke "responServer/G0002"

[2026-03-17 11:55:26]
Menerima pesan dari: dariMCU/2309G001 - Pesan: {"nokartu":"A6048005","idchip":"4207734","nodevice":"2309G001","key":"1234567890987654321","ipa":"10.31.0.110"}
[2026-03-17 11:55:26]
Berhasil merespon "dariMCU/2309G001" : {"respon":[{"id":"4207734","nodevice":"2309G001","message":"IDTT","info":"Kartu ID ini--belum terdaftar","nokartu":"A6048005"}]}
Berhasil kirim balasan ke "responServer/2309G001"

[2026-03-17 12:00:41]
Menerima pesan dari: dariMCU/G0002 - Pesan: {"nokartu":"6A573469","idchip":"2424C908B764","nodevice":"G0002","key":"1234567890987654321","ipa":"10.31.8.238"}
[2026-03-17 12:00:41]
Berhasil merespon "dariMCU/G0002" : {"respon":[{"id":"2424C908B764","nodevice":"","message":"406","info":"ERROR!--CHIP TIDAK TERDAFTAR","nokartu":"6A573469"}]}
Berhasil kirim balasan ke "responServer/G0002"

[2026-03-17 12:00:46]
Menerima pesan dari: dariMCU/G0002 - Pesan: {"nokartu":"A6048005","idchip":"2424C908B764","nodevice":"G0002","key":"1234567890987654321","ipa":"10.31.8.238"}
[2026-03-17 12:00:46]
Berhasil merespon "dariMCU/G0002" : {"respon":[{"id":"2424C908B764","nodevice":"","message":"406","info":"ERROR!--CHIP TIDAK TERDAFTAR","nokartu":"A6048005"}]}
Berhasil kirim balasan ke "responServer/G0002"

[2026-03-17 12:00:59]
Menerima pesan dari: dariMCU/G0002 - Pesan: {"nokartu":"A6048005","idchip":"2424C908B764","nodevice":"G0002","key":"1234567890987654321","ipa":"10.31.8.238"}
[2026-03-17 12:00:59]
Berhasil merespon "dariMCU/G0002" : {"respon":[{"id":"2424C908B764","nodevice":"","message":"406","info":"ERROR!--CHIP TIDAK TERDAFTAR","nokartu":"A6048005"}]}
Berhasil kirim balasan ke "responServer/G0002"

[2026-03-17 12:18:41]
Menerima pesan dari: dariMCU/2309G001 - Pesan: {"nokartu":"A6048005","idchip":"4207734","nodevice":"2309G001","key":"1234567890987654321","ipa":"10.31.0.110"}
[2026-03-17 12:18:41]
Berhasil merespon "dariMCU/2309G001" : {"respon":[{"id":"4207734","nodevice":"2309G001","message":"IDTT","info":"Kartu ID ini--belum terdaftar","nokartu":"A6048005"}]}
Berhasil kirim balasan ke "responServer/2309G001" (attempt 1)

[2026-03-17 12:18:43]
Menerima pesan dari: dariMCU/G0002 - Pesan: {"nokartu":"A6048005","idchip":"2424C908B764","nodevice":"G0002","key":"1234567890987654321","ipa":"10.31.8.238"}
[2026-03-17 12:18:43]
Berhasil merespon "dariMCU/G0002" : {"respon":[{"id":"2424C908B764","nodevice":"","message":"406","info":"ERROR!--CHIP TIDAK TERDAFTAR","nokartu":"A6048005"}]}
Berhasil kirim balasan ke "responServer/G0002" (attempt 1)

[2026-03-17 12:18:47]
Menerima pesan dari: dariMCU/G0002 - Pesan: {"nokartu":"A6048005","idchip":"2424C908B764","nodevice":"G0002","key":"1234567890987654321","ipa":"10.31.8.238"}
[2026-03-17 12:18:47]
Berhasil merespon "dariMCU/G0002" : {"respon":[{"id":"2424C908B764","nodevice":"","message":"406","info":"ERROR!--CHIP TIDAK TERDAFTAR","nokartu":"A6048005"}]}
Berhasil kirim balasan ke "responServer/G0002" (attempt 1)

[2026-03-17 12:18:51]
Menerima pesan dari: dariMCU/G0002 - Pesan: {"nokartu":"A6048005","idchip":"2424C908B764","nodevice":"G0002","key":"1234567890987654321","ipa":"10.31.8.238"}
[2026-03-17 12:18:51]
Berhasil merespon "dariMCU/G0002" : {"respon":[{"id":"2424C908B764","nodevice":"","message":"406","info":"ERROR!--CHIP TIDAK TERDAFTAR","nokartu":"A6048005"}]}
Berhasil kirim balasan ke "responServer/G0002" (attempt 1)

[2026-03-17 12:18:55]
Menerima pesan dari: dariMCU/G0002 - Pesan: {"nokartu":"A6048005","idchip":"2424C908B764","nodevice":"G0002","key":"1234567890987654321","ipa":"10.31.8.238"}
[2026-03-17 12:18:55]
Berhasil merespon "dariMCU/G0002" : {"respon":[{"id":"2424C908B764","nodevice":"","message":"406","info":"ERROR!--CHIP TIDAK TERDAFTAR","nokartu":"A6048005"}]}
Berhasil kirim balasan ke "responServer/G0002" (attempt 1)

[2026-03-17 12:18:59]
Menerima pesan dari: dariMCU/G0002 - Pesan: {"nokartu":"A6048005","idchip":"2424C908B764","nodevice":"G0002","key":"1234567890987654321","ipa":"10.31.8.238"}
[2026-03-17 12:18:59]
Berhasil merespon "dariMCU/G0002" : {"respon":[{"id":"2424C908B764","nodevice":"","message":"406","info":"ERROR!--CHIP TIDAK TERDAFTAR","nokartu":"A6048005"}]}
Berhasil kirim balasan ke "responServer/G0002" (attempt 1)

[2026-03-17 12:19:36]
Menerima pesan dari: dariMCU/G0002 - Pesan: {"nokartu":"A6048005","idchip":"2424C908B764","nodevice":"G0002","key":"1234567890987654321","ipa":"10.31.8.238"}
[2026-03-17 12:19:36]
Berhasil merespon "dariMCU/G0002" : {"respon":[{"id":"2424C908B764","nodevice":"","message":"406","info":"ERROR!--CHIP TIDAK TERDAFTAR","nokartu":"A6048005"}]}
Berhasil kirim balasan ke "responServer/G0002" (attempt 1)

[2026-03-17 12:19:39]
Menerima pesan dari: dariMCU/G0002 - Pesan: {"nokartu":"A6048005","idchip":"2424C908B764","nodevice":"G0002","key":"1234567890987654321","ipa":"10.31.8.238"}
[2026-03-17 12:19:39]
Berhasil merespon "dariMCU/G0002" : {"respon":[{"id":"2424C908B764","nodevice":"","message":"406","info":"ERROR!--CHIP TIDAK TERDAFTAR","nokartu":"A6048005"}]}
Berhasil kirim balasan ke "responServer/G0002" (attempt 1)

[2026-03-17 12:20:17]
Menerima pesan dari: dariMCU/G0002 - Pesan: {"nokartu":"6A573469","idchip":"2424C908B764","nodevice":"G0002","key":"1234567890987654321","ipa":"10.31.8.238"}
[2026-03-17 12:20:17]
Berhasil merespon "dariMCU/G0002" : {"respon":[{"id":"2424C908B764","nodevice":"","message":"406","info":"ERROR!--CHIP TIDAK TERDAFTAR","nokartu":"6A573469"}]}
Berhasil kirim balasan ke "responServer/G0002" (attempt 1)

[2026-03-17 12:33:02]
Menerima pesan dari: dariMCU/G0002 - Pesan: {"nokartu":"A6048005","idchip":"2424C908B764","nodevice":"G0002","key":"1234567890987654321","ipa":"10.31.8.238"}
[2026-03-17 12:33:02]
Berhasil merespon "dariMCU/G0002" : {"respon":[{"id":"2424C908B764","nodevice":"","message":"406","info":"ERROR!--CHIP TIDAK TERDAFTAR","nokartu":"A6048005"}]}
Berhasil kirim balasan ke "responServer/G0002" (attempt 1)

[2026-03-17 12:33:06]
Menerima pesan dari: dariMCU/2309G001 - Pesan: {"nokartu":"A6048005","idchip":"4207734","nodevice":"2309G001","key":"1234567890987654321","ipa":"10.31.0.110"}
[2026-03-17 12:33:06]
Berhasil merespon "dariMCU/2309G001" : {"respon":[{"id":"4207734","nodevice":"2309G001","message":"IDTT","info":"Kartu ID ini--belum terdaftar","nokartu":"A6048005"}]}
Berhasil kirim balasan ke "responServer/2309G001" (attempt 1)

[2026-03-17 12:56:32]
Menerima pesan dari: dariMCU/2309G001 - Pesan: {"nokartu":"A6048005","idchip":"4207734","nodevice":"2309G001","key":"1234567890987654321","ipa":"10.31.0.110"}
[2026-03-17 12:56:32]
Berhasil merespon "dariMCU/2309G001" : {"respon":[{"id":"4207734","nodevice":"2309G001","message":"IDTT","info":"Kartu ID ini--belum terdaftar","nokartu":"A6048005"}]}
Berhasil kirim balasan ke "responServer/2309G001" (attempt 1)

[2026-03-17 12:56:33]
Menerima pesan dari: dariMCU/G0002 - Pesan: {"nokartu":"A6048005","idchip":"2424C908B764","nodevice":"G0002","key":"1234567890987654321","ipa":"10.31.8.238"}
[2026-03-17 12:56:33]
Berhasil merespon "dariMCU/G0002" : {"respon":[{"id":"2424C908B764","nodevice":"G0002","message":"IDTT","info":"Kartu ID ini--belum terdaftar","nokartu":"A6048005"}]}
Berhasil kirim balasan ke "responServer/G0002" (attempt 1)

[2026-03-17 12:59:07]
Menerima pesan dari: dariMCU/G0002 - Pesan: {"nokartu":"A6048005","idchip":"2424C908B764","nodevice":"G0002","key":"1234567890987654321","ipa":"10.31.8.238"}
[2026-03-17 12:59:07]
Berhasil merespon "dariMCU/G0002" : {"respon":[{"id":"2424C908B764","nodevice":"G0002","message":"IDTT","info":"Kartu ID ini--belum terdaftar","nokartu":"A6048005"}]}
Berhasil kirim balasan ke "responServer/G0002" (attempt 1)

[2026-03-17 12:59:11]
Menerima pesan dari: dariMCU/G0002 - Pesan: {"nokartu":"A6048005","idchip":"2424C908B764","nodevice":"G0002","key":"1234567890987654321","ipa":"10.31.8.238"}
[2026-03-17 12:59:11]
Berhasil merespon "dariMCU/G0002" : {"respon":[{"id":"2424C908B764","nodevice":"G0002","message":"IDTT","info":"Kartu ID ini--belum terdaftar","nokartu":"A6048005"}]}
Berhasil kirim balasan ke "responServer/G0002" (attempt 1)

[2026-03-17 12:59:55]
Menerima pesan dari: dariMCU/G0002 - Pesan: {"nokartu":"A6048005","idchip":"2424C908B764","nodevice":"G0002","key":"1234567890987654321","ipa":"10.31.8.238"}
[2026-03-17 12:59:55]
Berhasil merespon "dariMCU/G0002" : {"respon":[{"id":"2424C908B764","nodevice":"G0002","message":"IDTT","info":"Kartu ID ini--belum terdaftar","nokartu":"A6048005"}]}
Berhasil kirim balasan ke "responServer/G0002" (attempt 1)

[2026-03-17 13:47:02]
Menerima pesan dari: dariMCU/G0002 - Pesan: {"nokartu":"A6048005","idchip":"2424C908B764","nodevice":"G0002","key":"1234567890987654321","ipa":"10.31.8.238"}
[2026-03-17 13:47:02]
Berhasil merespon "dariMCU/G0002" : {"respon":[{"id":"2424C908B764","nodevice":"G0002","message":"IDTT","info":"Kartu ID ini--belum terdaftar","nokartu":"A6048005"}]}
Berhasil kirim balasan ke "responServer/G0002" (attempt 1)

[2026-03-17 13:47:07]
Menerima pesan dari: dariMCU/G0002 - Pesan: {"nokartu":"A6048005","idchip":"2424C908B764","nodevice":"G0002","key":"1234567890987654321","ipa":"10.31.8.238"}
[2026-03-17 13:47:07]
Berhasil merespon "dariMCU/G0002" : {"respon":[{"id":"2424C908B764","nodevice":"G0002","message":"IDTT","info":"Kartu ID ini--belum terdaftar","nokartu":"A6048005"}]}
Berhasil kirim balasan ke "responServer/G0002" (attempt 1)

[2026-03-17 13:47:49]
Menerima pesan dari: dariMCU/G0002 - Pesan: {"nokartu":"6A573469","idchip":"2424C908B764","nodevice":"G0002","key":"1234567890987654321","ipa":"10.31.8.238"}
[2026-03-17 13:47:49]
Berhasil merespon "dariMCU/G0002" : {"respon":[{"id":"2424C908B764","nodevice":"G0002","message":"TBPS","info":"MR. X--Tidak bisa melakukan presensi sekarang.","nokartu":"6A573469"}]}
Berhasil kirim balasan ke "responServer/G0002" (attempt 1)

[2026-03-17 13:51:58]
Menerima pesan dari: dariMCU/G0002 - Pesan: {"nokartu":"A6048005","idchip":"2424C908B764","nodevice":"G0002","key":"1234567890987654321","ipa":"10.31.8.238"}
[2026-03-17 13:51:58]
Berhasil merespon "dariMCU/G0002" : {"respon":[{"id":"2424C908B764","nodevice":"G0002","message":"IDTT","info":"Kartu ID ini--belum terdaftar","nokartu":"A6048005"}]}
Berhasil kirim balasan ke "responServer/G0002" (attempt 1)

[2026-03-17 13:58:13]
Menerima pesan dari: dariMCU/G0002 - Pesan: {"nokartu":"A6048005","idchip":"2424C908B764","nodevice":"G0002","key":"1234567890987654321","ipa":"10.31.8.238"}
[2026-03-17 13:58:13]
Berhasil merespon "dariMCU/G0002" : {"respon":[{"id":"2424C908B764","nodevice":"G0002","message":"IDTT","info":"Kartu ID ini--belum terdaftar","nokartu":"A6048005"}]}
Berhasil kirim balasan ke "responServer/G0002" (attempt 1)

[2026-03-17 13:58:28]
Menerima pesan dari: dariMCU/G0002 - Pesan: {"nokartu":"A6048005","idchip":"2424C908B764","nodevice":"G0002","key":"1234567890987654321","ipa":"10.31.8.238"}
[2026-03-17 13:58:28]
Berhasil merespon "dariMCU/G0002" : {"respon":[{"id":"2424C908B764","nodevice":"G0002","message":"IDTT","info":"Kartu ID ini--belum terdaftar","nokartu":"A6048005"}]}
Berhasil kirim balasan ke "responServer/G0002" (attempt 1)

[2026-03-17 13:58:45]
Menerima pesan dari: dariMCU/G0002 - Pesan: {"nokartu":"A6048005","idchip":"2424C908B764","nodevice":"G0002","key":"1234567890987654321","ipa":"10.31.8.238"}
[2026-03-17 13:58:45]
Berhasil merespon "dariMCU/G0002" : {"respon":[{"id":"2424C908B764","nodevice":"G0002","message":"IDTT","info":"Kartu ID ini--belum terdaftar","nokartu":"A6048005"}]}
Berhasil kirim balasan ke "responServer/G0002" (attempt 1)

[2026-03-17 14:00:06]
Menerima pesan dari: dariMCU/G0002 - Pesan: {"nokartu":"A6048005","idchip":"2424C908B764","nodevice":"G0002","key":"1234567890987654321","ipa":"10.31.8.238"}
[2026-03-17 14:00:06]
Berhasil merespon "dariMCU/G0002" : {"respon":[{"id":"2424C908B764","nodevice":"G0002","message":"IDTT","info":"Kartu ID ini--belum terdaftar","nokartu":"A6048005"}]}
Berhasil kirim balasan ke "responServer/G0002" (attempt 1)

[2026-03-17 14:00:12]
Menerima pesan dari: dariMCU/G0002 - Pesan: {"nokartu":"6A573469","idchip":"2424C908B764","nodevice":"G0002","key":"1234567890987654321","ipa":"10.31.8.238"}
[2026-03-17 14:00:12]
Berhasil merespon "dariMCU/G0002" : {"respon":[{"id":"2424C908B764","nodevice":"G0002","message":"TBPS","info":"MR. X--Tidak bisa melakukan presensi sekarang.","nokartu":"6A573469"}]}
Berhasil kirim balasan ke "responServer/G0002" (attempt 1)

[2026-03-17 14:00:17]
Menerima pesan dari: dariMCU/G0002 - Pesan: {"nokartu":"6A573469","idchip":"2424C908B764","nodevice":"G0002","key":"1234567890987654321","ipa":"10.31.8.238"}
[2026-03-17 14:00:17]
Berhasil merespon "dariMCU/G0002" : {"respon":[{"id":"2424C908B764","nodevice":"G0002","message":"TBPS","info":"MR. X--Tidak bisa melakukan presensi sekarang.","nokartu":"6A573469"}]}
Berhasil kirim balasan ke "responServer/G0002" (attempt 1)

[2026-03-17 14:00:29]
Menerima pesan dari: dariMCU/G0002 - Pesan: {"nokartu":"A6048005","idchip":"2424C908B764","nodevice":"G0002","key":"1234567890987654321","ipa":"10.31.8.238"}
[2026-03-17 14:00:29]
Berhasil merespon "dariMCU/G0002" : {"respon":[{"id":"2424C908B764","nodevice":"G0002","message":"IDTT","info":"Kartu ID ini--belum terdaftar","nokartu":"A6048005"}]}
Berhasil kirim balasan ke "responServer/G0002" (attempt 1)

[2026-03-17 14:00:34]
Menerima pesan dari: dariMCU/G0002 - Pesan: {"nokartu":"0A2D8681","idchip":"2424C908B764","nodevice":"G0002","key":"1234567890987654321","ipa":"10.31.8.238"}
[2026-03-17 14:00:34]
Berhasil merespon "dariMCU/G0002" : {"respon":[{"id":"2424C908B764","nodevice":"G0002","message":"IDTT","info":"Kartu ID ini--belum terdaftar","nokartu":"0A2D8681"}]}
Berhasil kirim balasan ke "responServer/G0002" (attempt 1)

[2026-03-17 14:00:39]
Menerima pesan dari: dariMCU/G0002 - Pesan: {"nokartu":"6A573469","idchip":"2424C908B764","nodevice":"G0002","key":"1234567890987654321","ipa":"10.31.8.238"}
[2026-03-17 14:00:39]
Berhasil merespon "dariMCU/G0002" : {"respon":[{"id":"2424C908B764","nodevice":"G0002","message":"TBPS","info":"MR. X--Tidak bisa melakukan presensi sekarang.","nokartu":"6A573469"}]}
Berhasil kirim balasan ke "responServer/G0002" (attempt 1)

[2026-03-17 14:01:56]
Menerima pesan dari: dariMCU/G0002 - Pesan: {"nokartu":"6A573469","idchip":"2424C908B764","nodevice":"G0002","key":"1234567890987654321","ipa":"10.31.8.238"}
[2026-03-17 14:01:56]
Berhasil merespon "dariMCU/G0002" : {"respon":[{"id":"2424C908B764","nodevice":"G0002","message":"TBPS","info":"MR. X--Tidak bisa melakukan presensi sekarang.","nokartu":"6A573469"}]}
Berhasil kirim balasan ke "responServer/G0002" (attempt 1)

[2026-03-17 14:26:31]
Menerima pesan dari: dariMCU/G0002 - Pesan: {"nokartu":"A6048005","idchip":"2424C908B764","nodevice":"G0002","key":"1234567890987654321","ipa":"10.31.8.238"}
[2026-03-17 14:26:31]
Berhasil merespon "dariMCU/G0002" : {"respon":[{"id":"2424C908B764","nodevice":"G0002","message":"IDTT","info":"Kartu ID ini--belum terdaftar","nokartu":"A6048005"}]}
Berhasil kirim balasan ke "responServer/G0002" (attempt 1)

[2026-03-17 14:26:38]
Menerima pesan dari: dariMCU/G0002 - Pesan: {"nokartu":"6A573469","idchip":"2424C908B764","nodevice":"G0002","key":"1234567890987654321","ipa":"10.31.8.238"}
[2026-03-17 14:26:38]
Berhasil merespon "dariMCU/G0002" : {"respon":[{"id":"2424C908B764","nodevice":"G0002","message":"TBPS","info":"MR. X--Tidak bisa melakukan presensi sekarang.","nokartu":"6A573469"}]}
Berhasil kirim balasan ke "responServer/G0002" (attempt 1)

[2026-03-17 14:45:57]
Menerima pesan dari: dariMCU/RT0002 - Pesan: {"nokartu":"A6048005","idchip":"2424C908B764","nodevice":"RT0002","key":"1234567890987654321","ipa":"10.31.8.238"}
[2026-03-17 14:45:57]
Berhasil merespon "dariMCU/RT0002" : {"respon":[{"id":"2424C908B764","nodevice":"G0002","message":"407","info":"ERROR!--DEVICE TIDAK SESUAI","nokartu":"A6048005"}]}
Berhasil kirim balasan ke "responServer/RT0002" (attempt 1)

[2026-03-17 14:46:33]
Menerima pesan dari: dariMCU/RT0002 - Pesan: {"nokartu":"A6048005","idchip":"2424C908B764","nodevice":"RT0002","key":"1234567890987654321","ipa":"10.31.8.238"}
[2026-03-17 14:46:33]
Berhasil merespon "dariMCU/RT0002" : {"respon":[{"id":"2424C908B764","nodevice":"RT0002","message":"IDTT","info":"Kartu ID ini--belum terdaftar","nokartu":"A6048005"}]}
Berhasil kirim balasan ke "responServer/RT0002" (attempt 1)

[2026-03-17 14:46:37]
Menerima pesan dari: dariMCU/RT0002 - Pesan: {"nokartu":"A6048005","idchip":"2424C908B764","nodevice":"RT0002","key":"1234567890987654321","ipa":"10.31.8.238"}
[2026-03-17 14:46:37]
Berhasil merespon "dariMCU/RT0002" : {"respon":[{"id":"2424C908B764","nodevice":"RT0002","message":"IDTT","info":"Kartu ID ini--belum terdaftar","nokartu":"A6048005"}]}
Berhasil kirim balasan ke "responServer/RT0002" (attempt 1)

[2026-03-17 14:46:41]
Menerima pesan dari: dariMCU/RT0002 - Pesan: {"nokartu":"6A573469","idchip":"2424C908B764","nodevice":"RT0002","key":"1234567890987654321","ipa":"10.31.8.238"}
[2026-03-17 14:46:41]
Berhasil merespon "dariMCU/RT0002" : {"respon":[{"id":"2424C908B764","nodevice":"RT0002","message":"TBPS","info":"MR. X--Tidak bisa melakukan presensi sekarang.","nokartu":"6A573469"}]}
Berhasil kirim balasan ke "responServer/RT0002" (attempt 1)

[2026-03-17 14:46:45]
Menerima pesan dari: dariMCU/RT0002 - Pesan: {"nokartu":"6A573469","idchip":"2424C908B764","nodevice":"RT0002","key":"1234567890987654321","ipa":"10.31.8.238"}
[2026-03-17 14:46:45]
Berhasil merespon "dariMCU/RT0002" : {"respon":[{"id":"2424C908B764","nodevice":"RT0002","message":"TBPS","info":"MR. X--Tidak bisa melakukan presensi sekarang.","nokartu":"6A573469"}]}
Berhasil kirim balasan ke "responServer/RT0002" (attempt 1)

[2026-03-17 14:47:10]
Menerima pesan dari: dariMCU/RT0002 - Pesan: {"nokartu":"6A573469","idchip":"2424C908B764","nodevice":"RT0002","key":"1234567890987654321","ipa":"10.31.8.238"}
[2026-03-17 14:47:10]
Berhasil merespon "dariMCU/RT0002" : {"respon":[{"id":"2424C908B764","nodevice":"RT0002","message":"BMPE","info":"MR. X--Berhasil Presensi -Mulai-","nokartu":"6A573469"}]}
Berhasil kirim balasan ke "responServer/RT0002" (attempt 1)

[2026-03-17 14:47:14]
Menerima pesan dari: dariMCU/RT0002 - Pesan: {"nokartu":"6A573469","idchip":"2424C908B764","nodevice":"RT0002","key":"1234567890987654321","ipa":"10.31.8.238"}
[2026-03-17 14:47:14]
Berhasil merespon "dariMCU/RT0002" : {"respon":[{"id":"2424C908B764","nodevice":"RT0002","message":"SMPM","info":"MR. X--Anda Sudah melakukan Presensi","nokartu":"6A573469"}]}
Berhasil kirim balasan ke "responServer/RT0002" (attempt 1)

[2026-03-17 14:53:27]
Menerima pesan dari: dariMCU/RT0002 - Pesan: {"nokartu":"A6048005","idchip":"2424C908B764","nodevice":"RT0002","key":"1234567890987654321","ipa":"10.31.8.238"}
[2026-03-17 14:53:27]
Berhasil merespon "dariMCU/RT0002" : {"respon":[{"id":"2424C908B764","nodevice":"RT0002","message":"IDTT","info":"Kartu ID ini--belum terdaftar","nokartu":"A6048005"}]}
Berhasil kirim balasan ke "responServer/RT0002" (attempt 1)

[2026-03-17 14:53:31]
Menerima pesan dari: dariMCU/RT0002 - Pesan: {"nokartu":"61840298","idchip":"2424C908B764","nodevice":"RT0002","key":"1234567890987654321","ipa":"10.31.8.238"}
[2026-03-17 14:53:31]
Berhasil merespon "dariMCU/RT0002" : {"respon":[{"id":"2424C908B764","nodevice":"RT0002","message":"BMPE","info":"ADMIN--Berhasil Presensi -Mulai-","nokartu":"61840298"}]}
Berhasil kirim balasan ke "responServer/RT0002" (attempt 1)

[2026-03-17 14:53:50]
Menerima pesan dari: dariMCU/RT0002 - Pesan: {"nokartu":"F167BD97","idchip":"2424C908B764","nodevice":"RT0002","key":"1234567890987654321","ipa":"10.31.8.238"}
[2026-03-17 14:53:50]
Berhasil merespon "dariMCU/RT0002" : {"respon":[{"id":"2424C908B764","nodevice":"RT0002","message":"IDTT","info":"Kartu ID ini--belum terdaftar","nokartu":"F167BD97"}]}
Berhasil kirim balasan ke "responServer/RT0002" (attempt 1)

[2026-03-17 14:53:53]
Menerima pesan dari: dariMCU/RT0002 - Pesan: {"nokartu":"F167BD97","idchip":"2424C908B764","nodevice":"RT0002","key":"1234567890987654321","ipa":"10.31.8.238"}
[2026-03-17 14:53:53]
Berhasil merespon "dariMCU/RT0002" : {"respon":[{"id":"2424C908B764","nodevice":"RT0002","message":"IDTT","info":"Kartu ID ini--belum terdaftar","nokartu":"F167BD97"}]}
Berhasil kirim balasan ke "responServer/RT0002" (attempt 1)

[2026-03-17 14:53:57]
Menerima pesan dari: dariMCU/RT0002 - Pesan: {"nokartu":"6A573469","idchip":"2424C908B764","nodevice":"RT0002","key":"1234567890987654321","ipa":"10.31.8.238"}
[2026-03-17 14:53:57]
Berhasil merespon "dariMCU/RT0002" : {"respon":[{"id":"2424C908B764","nodevice":"RT0002","message":"TBPS","info":"MR. X--Tidak bisa melakukan presensi sekarang.","nokartu":"6A573469"}]}
Berhasil kirim balasan ke "responServer/RT0002" (attempt 1)

[2026-03-17 14:54:18]
Menerima pesan dari: dariMCU/RT0002 - Pesan: {"nokartu":"6A573469","idchip":"2424C908B764","nodevice":"RT0002","key":"1234567890987654321","ipa":"10.31.8.238"}
[2026-03-17 14:54:18]
Berhasil merespon "dariMCU/RT0002" : {"respon":[{"id":"2424C908B764","nodevice":"RT0002","message":"TBPS","info":"MR. X--Tidak bisa melakukan presensi sekarang.","nokartu":"6A573469"}]}
Berhasil kirim balasan ke "responServer/RT0002" (attempt 1)

[2026-03-17 14:54:24]
Menerima pesan dari: dariMCU/RT0002 - Pesan: {"nokartu":"6A573469","idchip":"2424C908B764","nodevice":"RT0002","key":"1234567890987654321","ipa":"10.31.8.238"}
[2026-03-17 14:54:24]
Berhasil merespon "dariMCU/RT0002" : {"respon":[{"id":"2424C908B764","nodevice":"RT0002","message":"TBPS","info":"MR. X--Tidak bisa melakukan presensi sekarang.","nokartu":"6A573469"}]}
Berhasil kirim balasan ke "responServer/RT0002" (attempt 1)

[2026-03-17 14:54:51]
Menerima pesan dari: dariMCU/RT0002 - Pesan: {"nokartu":"6A573469","idchip":"2424C908B764","nodevice":"RT0002","key":"1234567890987654321","ipa":"10.31.8.238"}
[2026-03-17 14:54:51]
Berhasil merespon "dariMCU/RT0002" : {"respon":[{"id":"2424C908B764","nodevice":"RT0002","message":"TBPS","info":"MR. X--Tidak bisa melakukan presensi sekarang.","nokartu":"6A573469"}]}
Berhasil kirim balasan ke "responServer/RT0002" (attempt 1)

[2026-03-17 14:56:56]
Menerima pesan dari: dariMCU/RT0002 - Pesan: {"nokartu":"6A573469","idchip":"2424C908B764","nodevice":"RT0002","key":"1234567890987654321","ipa":"10.31.8.238"}
[2026-03-17 14:56:56]
Berhasil merespon "dariMCU/RT0002" : {"respon":[{"id":"2424C908B764","nodevice":"RT0002","message":"PLAW","info":"MR. X--Pulang lebih awal","nokartu":"6A573469"}]}
Berhasil kirim balasan ke "responServer/RT0002" (attempt 1)

[2026-03-17 14:57:29]
Menerima pesan dari: dariMCU/RT0002 - Pesan: {"nokartu":"6A573469","idchip":"2424C908B764","nodevice":"RT0002","key":"1234567890987654321","ipa":"10.31.8.238"}
[2026-03-17 14:57:29]
Berhasil merespon "dariMCU/RT0002" : {"respon":[{"id":"2424C908B764","nodevice":"RT0002","message":"SAPP","info":"MR. X--Sudah melakukan presensi pulang","nokartu":"6A573469"}]}
Berhasil kirim balasan ke "responServer/RT0002" (attempt 1)

[2026-03-17 14:57:34]
Menerima pesan dari: dariMCU/RT0002 - Pesan: {"nokartu":"6A573469","idchip":"2424C908B764","nodevice":"RT0002","key":"1234567890987654321","ipa":"10.31.8.238"}
[2026-03-17 14:57:34]
Berhasil merespon "dariMCU/RT0002" : {"respon":[{"id":"2424C908B764","nodevice":"RT0002","message":"SAPP","info":"MR. X--Sudah melakukan presensi pulang","nokartu":"6A573469"}]}
Berhasil kirim balasan ke "responServer/RT0002" (attempt 1)

[2026-03-17 14:57:54]
Menerima pesan dari: dariMCU/RT0002 - Pesan: {"nokartu":"6A573469","idchip":"2424C908B764","nodevice":"RT0002","key":"1234567890987654321","ipa":"10.31.8.238"}
[2026-03-17 14:57:54]
Berhasil merespon "dariMCU/RT0002" : {"respon":[{"id":"2424C908B764","nodevice":"RT0002","message":"SAPP","info":"MR. X--Sudah melakukan presensi pulang","nokartu":"6A573469"}]}
Berhasil kirim balasan ke "responServer/RT0002" (attempt 1)

[2026-03-17 15:01:36]
Menerima pesan dari: dariMCU/RT0002 - Pesan: {"nokartu":"6A573469","idchip":"2424C908B764","nodevice":"RT0002","key":"1234567890987654321","ipa":"10.31.8.238"}
[2026-03-17 15:01:36]
Berhasil merespon "dariMCU/RT0002" : {"respon":[{"id":"2424C908B764","nodevice":"RT0002","message":"SAPP","info":"MR. X--Sudah melakukan presensi pulang","nokartu":"6A573469"}]}
Berhasil kirim balasan ke "responServer/RT0002" (attempt 1)

[2026-03-17 15:01:40]
Menerima pesan dari: dariMCU/RT0002 - Pesan: {"nokartu":"6A573469","idchip":"2424C908B764","nodevice":"RT0002","key":"1234567890987654321","ipa":"10.31.8.238"}
[2026-03-17 15:01:40]
Berhasil merespon "dariMCU/RT0002" : {"respon":[{"id":"2424C908B764","nodevice":"RT0002","message":"SAPP","info":"MR. X--Sudah melakukan presensi pulang","nokartu":"6A573469"}]}
Berhasil kirim balasan ke "responServer/RT0002" (attempt 1)

[2026-03-17 15:03:32]
Menerima pesan dari: dariMCU/RT0002 - Pesan: {"nokartu":"6A573469","idchip":"2424C908B764","nodevice":"RT0002","key":"1234567890987654321","ipa":"10.31.8.238"}
[2026-03-17 15:03:32]
Berhasil merespon "dariMCU/RT0002" : {"respon":[{"id":"2424C908B764","nodevice":"RT0002","message":"SAPP","info":"MR. X--Sudah melakukan presensi pulang","nokartu":"6A573469"}]}
Berhasil kirim balasan ke "responServer/RT0002" (attempt 1)

[2026-03-17 15:04:04]
Menerima pesan dari: dariMCU/RT0002 - Pesan: {"nokartu":"6A573469","idchip":"2424C908B764","nodevice":"RT0002","key":"1234567890987654321","ipa":"10.31.8.238"}
[2026-03-17 15:04:04]
Berhasil merespon "dariMCU/RT0002" : {"respon":[{"id":"2424C908B764","nodevice":"RT0002","message":"SAPP","info":"MR. X--Sudah melakukan presensi pulang","nokartu":"6A573469"}]}
Berhasil kirim balasan ke "responServer/RT0002" (attempt 1)

[2026-03-17 15:04:10]
Menerima pesan dari: dariMCU/RT0002 - Pesan: {"nokartu":"6A573469","idchip":"2424C908B764","nodevice":"RT0002","key":"1234567890987654321","ipa":"10.31.8.238"}
[2026-03-17 15:04:10]
Berhasil merespon "dariMCU/RT0002" : {"respon":[{"id":"2424C908B764","nodevice":"RT0002","message":"SAPP","info":"MR. X--Sudah melakukan presensi pulang","nokartu":"6A573469"}]}
Berhasil kirim balasan ke "responServer/RT0002" (attempt 1)

