[2024-08-17 06:59:16]
Menerima pesan dari: dariMCU_2309G004 - Pesan: {"nokartu":"64468751","idchip":"14375838","nodevice":"2309G004","key":"1234567890987654321","ipa":"10.31.1.217"}
[2024-08-17 06:59:16]
Berhasil merespon "dariMCU_2309G004" : {"respon":[{"id":"14375838","nodevice":"2309G004","message":"HLTM","info":"Reni Yulianti--Hari ini Libur","nokartu":"64468751"}]}
Berhasil kirim balasan ke "responServer_2309G004"

[2024-08-17 06:59:21]
Menerima pesan dari: dariMCU_2309G004 - Pesan: {"nokartu":"140F8751","idchip":"14375838","nodevice":"2309G004","key":"1234567890987654321","ipa":"10.31.1.217"}
[2024-08-17 06:59:21]
Berhasil merespon "dariMCU_2309G004" : {"respon":[{"id":"14375838","nodevice":"2309G004","message":"HLTM","info":"Ise Rezeki Agestia--Hari ini Libur","nokartu":"140F8751"}]}
Berhasil kirim balasan ke "responServer_2309G004"

[2024-08-17 06:59:26]
Menerima pesan dari: dariMCU_2309G004 - Pesan: {"nokartu":"14EB9151","idchip":"14375838","nodevice":"2309G004","key":"1234567890987654321","ipa":"10.31.1.217"}
[2024-08-17 06:59:26]
Berhasil merespon "dariMCU_2309G004" : {"respon":[{"id":"14375838","nodevice":"2309G004","message":"HLTM","info":"Della Silviana--Hari ini Libur","nokartu":"14EB9151"}]}
Berhasil kirim balasan ke "responServer_2309G004"

[2024-08-17 06:59:29]
Menerima pesan dari: dariMCU_2309G004 - Pesan: {"nokartu":"944E8651","idchip":"14375838","nodevice":"2309G004","key":"1234567890987654321","ipa":"10.31.1.217"}
[2024-08-17 06:59:29]
Berhasil merespon "dariMCU_2309G004" : {"respon":[{"id":"14375838","nodevice":"2309G004","message":"HLTM","info":"Selvi Rahmawati--Hari ini Libur","nokartu":"944E8651"}]}
Berhasil kirim balasan ke "responServer_2309G004"

[2024-08-17 07:01:09]
Menerima pesan dari: dariMCU_2309G004 - Pesan: {"nokartu":"E4489751","idchip":"14375838","nodevice":"2309G004","key":"1234567890987654321","ipa":"10.31.1.217"}
[2024-08-17 07:01:09]
Berhasil merespon "dariMCU_2309G004" : {"respon":[{"id":"14375838","nodevice":"2309G004","message":"HLTM","info":"Ratu Irly Salsa--Hari ini Libur","nokartu":"E4489751"}]}
Berhasil kirim balasan ke "responServer_2309G004"

[2024-08-17 07:02:15]
Menerima pesan dari: dariMCU_2309G004 - Pesan: {"nokartu":"D4EA6D51","idchip":"14375838","nodevice":"2309G004","key":"1234567890987654321","ipa":"10.31.1.217"}
[2024-08-17 07:02:15]
Berhasil merespon "dariMCU_2309G004" : {"respon":[{"id":"14375838","nodevice":"2309G004","message":"HLTM","info":"Karunia Rika Difa--Hari ini Libur","nokartu":"D4EA6D51"}]}
Berhasil kirim balasan ke "responServer_2309G004"

[2024-08-17 07:02:19]
Menerima pesan dari: dariMCU_2309G004 - Pesan: {"nokartu":"D4EA6D51","idchip":"14375838","nodevice":"2309G004","key":"1234567890987654321","ipa":"10.31.1.217"}
[2024-08-17 07:02:19]
Berhasil merespon "dariMCU_2309G004" : {"respon":[{"id":"14375838","nodevice":"2309G004","message":"HLTM","info":"Karunia Rika Difa--Hari ini Libur","nokartu":"D4EA6D51"}]}
Berhasil kirim balasan ke "responServer_2309G004"

[2024-08-17 07:02:22]
Menerima pesan dari: dariMCU_2309G004 - Pesan: {"nokartu":"C4CE8D51","idchip":"14375838","nodevice":"2309G004","key":"1234567890987654321","ipa":"10.31.1.217"}
[2024-08-17 07:02:22]
Berhasil merespon "dariMCU_2309G004" : {"respon":[{"id":"14375838","nodevice":"2309G004","message":"HLTM","info":"Pingkan Rahelita--Hari ini Libur","nokartu":"C4CE8D51"}]}
Berhasil kirim balasan ke "responServer_2309G004"

[2024-08-17 07:02:25]
Menerima pesan dari: dariMCU_2309G004 - Pesan: {"nokartu":"E4F08551","idchip":"14375838","nodevice":"2309G004","key":"1234567890987654321","ipa":"10.31.1.217"}
[2024-08-17 07:02:25]
Berhasil merespon "dariMCU_2309G004" : {"respon":[{"id":"14375838","nodevice":"2309G004","message":"HLTM","info":"Kiara Nanda--Hari ini Libur","nokartu":"E4F08551"}]}
Berhasil kirim balasan ke "responServer_2309G004"

[2024-08-17 07:02:32]
Menerima pesan dari: dariMCU_2309G004 - Pesan: {"nokartu":"E4518451","idchip":"14375838","nodevice":"2309G004","key":"1234567890987654321","ipa":"10.31.1.217"}
[2024-08-17 07:02:32]
Berhasil merespon "dariMCU_2309G004" : {"respon":[{"id":"14375838","nodevice":"2309G004","message":"HLTM","info":"Risma Febriyanti--Hari ini Libur","nokartu":"E4518451"}]}
Berhasil kirim balasan ke "responServer_2309G004"

[2024-08-17 07:02:35]
Menerima pesan dari: dariMCU_2309G004 - Pesan: {"nokartu":"14218551","idchip":"14375838","nodevice":"2309G004","key":"1234567890987654321","ipa":"10.31.1.217"}
[2024-08-17 07:02:35]
Berhasil merespon "dariMCU_2309G004" : {"respon":[{"id":"14375838","nodevice":"2309G004","message":"HLTM","info":"Wahida Zulfa Ashfiya--Hari ini Libur","nokartu":"14218551"}]}
Berhasil kirim balasan ke "responServer_2309G004"

[2024-08-17 07:02:38]
Menerima pesan dari: dariMCU_2309G004 - Pesan: {"nokartu":"C4CE8D51","idchip":"14375838","nodevice":"2309G004","key":"1234567890987654321","ipa":"10.31.1.217"}
[2024-08-17 07:02:38]
Berhasil merespon "dariMCU_2309G004" : {"respon":[{"id":"14375838","nodevice":"2309G004","message":"HLTM","info":"Pingkan Rahelita--Hari ini Libur","nokartu":"C4CE8D51"}]}
Berhasil kirim balasan ke "responServer_2309G004"

[2024-08-17 07:06:53]
Menerima pesan dari: dariMCU_2309G004 - Pesan: {"nokartu":"343F7B51","idchip":"14375838","nodevice":"2309G004","key":"1234567890987654321","ipa":"10.31.1.217"}
[2024-08-17 07:06:53]
Berhasil merespon "dariMCU_2309G004" : {"respon":[{"id":"14375838","nodevice":"2309G004","message":"HLTM","info":"Listi Sugiarti--Hari ini Libur","nokartu":"343F7B51"}]}
Berhasil kirim balasan ke "responServer_2309G004"

[2024-08-17 07:06:59]
Menerima pesan dari: dariMCU_2309G004 - Pesan: {"nokartu":"64488551","idchip":"14375838","nodevice":"2309G004","key":"1234567890987654321","ipa":"10.31.1.217"}
[2024-08-17 07:06:59]
Berhasil merespon "dariMCU_2309G004" : {"respon":[{"id":"14375838","nodevice":"2309G004","message":"HLTM","info":"Widya Anggraeni Setianingsih--Hari ini Libur","nokartu":"64488551"}]}
Berhasil kirim balasan ke "responServer_2309G004"

[2024-08-17 07:07:03]
Menerima pesan dari: dariMCU_2309G004 - Pesan: {"nokartu":"C4068151","idchip":"14375838","nodevice":"2309G004","key":"1234567890987654321","ipa":"10.31.1.217"}
[2024-08-17 07:07:03]
Berhasil merespon "dariMCU_2309G004" : {"respon":[{"id":"14375838","nodevice":"2309G004","message":"HLTM","info":"Fatma Surya--Hari ini Libur","nokartu":"C4068151"}]}
Berhasil kirim balasan ke "responServer_2309G004"

[2024-08-17 07:07:07]
Menerima pesan dari: dariMCU_2309G004 - Pesan: {"nokartu":"E4716451","idchip":"14375838","nodevice":"2309G004","key":"1234567890987654321","ipa":"10.31.1.217"}
[2024-08-17 07:07:07]
Berhasil merespon "dariMCU_2309G004" : {"respon":[{"id":"14375838","nodevice":"2309G004","message":"HLTM","info":"Aninda Adzalea Anggraeni--Hari ini Libur","nokartu":"E4716451"}]}
Berhasil kirim balasan ke "responServer_2309G004"

[2024-08-17 07:07:11]
Menerima pesan dari: dariMCU_2309G004 - Pesan: {"nokartu":"C4099551","idchip":"14375838","nodevice":"2309G004","key":"1234567890987654321","ipa":"10.31.1.217"}
[2024-08-17 07:07:11]
Berhasil merespon "dariMCU_2309G004" : {"respon":[{"id":"14375838","nodevice":"2309G004","message":"HLTM","info":"Nathaniela Ajeng Kafina--Hari ini Libur","nokartu":"C4099551"}]}
Berhasil kirim balasan ke "responServer_2309G004"

[2024-08-17 07:07:22]
Menerima pesan dari: dariMCU_2309G004 - Pesan: {"nokartu":"04928751","idchip":"14375838","nodevice":"2309G004","key":"1234567890987654321","ipa":"10.31.1.217"}
[2024-08-17 07:07:22]
Berhasil merespon "dariMCU_2309G004" : {"respon":[{"id":"14375838","nodevice":"2309G004","message":"HLTM","info":"Wahyu Rahmadani--Hari ini Libur","nokartu":"04928751"}]}
Berhasil kirim balasan ke "responServer_2309G004"

