[2026-03-13 07:50:28]
Menerima pesan dari: dariMCU/2309MAS003 - Pesan: {"nokartu":"94CB0DBC","idchip":"16581755","nodevice":"2309MAS003","key":"1234567890987654321","ipa":"10.10.1.23"}
[2026-03-13 07:50:28]
Berhasil merespon "dariMCU/2309MAS003" : {"respon":[{"id":"16581755","nodevice":"2309MAS003","message":"TBPS","info":"GHISAN BRITANIO--Tidak bisa melakukan presensi sekarang.","nokartu":"94CB0DBC"}]}
Berhasil kirim balasan ke "responServer/2309MAS003"

[2026-03-13 07:50:36]
Menerima pesan dari: dariMCU/2309MAS003 - Pesan: {"nokartu":"68F41AD3","idchip":"16581755","nodevice":"2309MAS003","key":"1234567890987654321","ipa":"10.10.1.23"}
[2026-03-13 07:50:36]
Berhasil merespon "dariMCU/2309MAS003" : {"respon":[{"id":"16581755","nodevice":"2309MAS003","message":"TBPS","info":"ACHMAD ZAKY--Tidak bisa melakukan presensi sekarang.","nokartu":"68F41AD3"}]}
Berhasil kirim balasan ke "responServer/2309MAS003"

[2026-03-13 07:51:47]
Menerima pesan dari: dariMCU/2309MAS001 - Pesan: {"nokartu":"730AC7E2","idchip":"4115046","nodevice":"2309MAS001","key":"1234567890987654321","ipa":"10.10.25.50"}
[2026-03-13 07:51:47]
Berhasil merespon "dariMCU/2309MAS001" : {"respon":[{"id":"4115046","nodevice":"2309MAS001","message":"TBPS","info":"LAILATUL HIKMAH--Tidak bisa melakukan presensi sekarang.","nokartu":"730AC7E2"}]}
Berhasil kirim balasan ke "responServer/2309MAS001"

[2026-03-13 07:52:56]
Menerima pesan dari: dariMCU/2309MAS003 - Pesan: {"nokartu":"F3C8BBE2","idchip":"16581755","nodevice":"2309MAS003","key":"1234567890987654321","ipa":"10.10.1.23"}
[2026-03-13 07:52:56]
Berhasil merespon "dariMCU/2309MAS003" : {"respon":[{"id":"16581755","nodevice":"2309MAS003","message":"TBPS","info":"Nisa Yunisa--Tidak bisa melakukan presensi sekarang.","nokartu":"F3C8BBE2"}]}
Berhasil kirim balasan ke "responServer/2309MAS003"

[2026-03-13 07:52:57]
Menerima pesan dari: dariMCU/2309MAS002 - Pesan: {"nokartu":"F3AA6CE4","idchip":"1165251","nodevice":"2309MAS002","key":"1234567890987654321","ipa":"10.10.25.51"}
[2026-03-13 07:52:57]
Berhasil merespon "dariMCU/2309MAS002" : {"respon":[{"id":"1165251","nodevice":"2309MAS002","message":"TBPS","info":"Sasa Livia Rosada--Tidak bisa melakukan presensi sekarang.","nokartu":"F3AA6CE4"}]}
Berhasil kirim balasan ke "responServer/2309MAS002"

[2026-03-13 07:52:59]
Menerima pesan dari: dariMCU/2309MAS001 - Pesan: {"nokartu":"334A71E4","idchip":"4115046","nodevice":"2309MAS001","key":"1234567890987654321","ipa":"10.10.25.50"}
[2026-03-13 07:52:59]
Berhasil merespon "dariMCU/2309MAS001" : {"respon":[{"id":"4115046","nodevice":"2309MAS001","message":"TBPS","info":"Laras Renitasari--Tidak bisa melakukan presensi sekarang.","nokartu":"334A71E4"}]}
Berhasil kirim balasan ke "responServer/2309MAS001"

[2026-03-13 07:53:06]
Menerima pesan dari: dariMCU/2309MAS003 - Pesan: {"nokartu":"23BC59E4","idchip":"16581755","nodevice":"2309MAS003","key":"1234567890987654321","ipa":"10.10.1.23"}
[2026-03-13 07:53:06]
Berhasil merespon "dariMCU/2309MAS003" : {"respon":[{"id":"16581755","nodevice":"2309MAS003","message":"TBPS","info":"Velia Saskurina--Tidak bisa melakukan presensi sekarang.","nokartu":"23BC59E4"}]}
Berhasil kirim balasan ke "responServer/2309MAS003"

[2026-03-13 07:53:08]
Menerima pesan dari: dariMCU/2309MAS001 - Pesan: {"nokartu":"637CBAE2","idchip":"4115046","nodevice":"2309MAS001","key":"1234567890987654321","ipa":"10.10.25.50"}
[2026-03-13 07:53:08]
Berhasil merespon "dariMCU/2309MAS001" : {"respon":[{"id":"4115046","nodevice":"2309MAS001","message":"TBPS","info":"Ayudia Fara--Tidak bisa melakukan presensi sekarang.","nokartu":"637CBAE2"}]}
Berhasil kirim balasan ke "responServer/2309MAS001"

[2026-03-13 07:53:10]
Menerima pesan dari: dariMCU/2309MAS002 - Pesan: {"nokartu":"A55627BE","idchip":"1165251","nodevice":"2309MAS002","key":"1234567890987654321","ipa":"10.10.25.51"}
[2026-03-13 07:53:10]
Berhasil merespon "dariMCU/2309MAS002" : {"respon":[{"id":"1165251","nodevice":"2309MAS002","message":"TBPS","info":"Arvinda Icha Affable--Tidak bisa melakukan presensi sekarang.","nokartu":"A55627BE"}]}
Berhasil kirim balasan ke "responServer/2309MAS002"

[2026-03-13 07:53:10]
Menerima pesan dari: dariMCU/2309MAS001 - Pesan: {"nokartu":"637CBAE2","idchip":"4115046","nodevice":"2309MAS001","key":"1234567890987654321","ipa":"10.10.25.50"}
[2026-03-13 07:53:10]
Berhasil merespon "dariMCU/2309MAS001" : {"respon":[{"id":"4115046","nodevice":"2309MAS001","message":"TBPS","info":"Ayudia Fara--Tidak bisa melakukan presensi sekarang.","nokartu":"637CBAE2"}]}
Berhasil kirim balasan ke "responServer/2309MAS001"

[2026-03-13 07:53:12]
Menerima pesan dari: dariMCU/2309MAS003 - Pesan: {"nokartu":"A3DD9FE2","idchip":"16581755","nodevice":"2309MAS003","key":"1234567890987654321","ipa":"10.10.1.23"}
[2026-03-13 07:53:12]
Berhasil merespon "dariMCU/2309MAS003" : {"respon":[{"id":"16581755","nodevice":"2309MAS003","message":"TBPS","info":"Natisya Chaerunisa--Tidak bisa melakukan presensi sekarang.","nokartu":"A3DD9FE2"}]}
Berhasil kirim balasan ke "responServer/2309MAS003"

[2026-03-13 07:54:03]
Menerima pesan dari: dariMCU/2309MAS001 - Pesan: {"nokartu":"641549CB","idchip":"4115046","nodevice":"2309MAS001","key":"1234567890987654321","ipa":"10.10.25.50"}
[2026-03-13 07:54:03]
Berhasil merespon "dariMCU/2309MAS001" : {"respon":[{"id":"4115046","nodevice":"2309MAS001","message":"TBPS","info":"ARDAN ARDI LAKSONO--Tidak bisa melakukan presensi sekarang.","nokartu":"641549CB"}]}
Berhasil kirim balasan ke "responServer/2309MAS001"

[2026-03-13 07:54:06]
Menerima pesan dari: dariMCU/2309MAS003 - Pesan: {"nokartu":"A5015CCA","idchip":"16581755","nodevice":"2309MAS003","key":"1234567890987654321","ipa":"10.10.1.23"}
[2026-03-13 07:54:06]
Berhasil merespon "dariMCU/2309MAS003" : {"respon":[{"id":"16581755","nodevice":"2309MAS003","message":"TBPS","info":"HAFIZ WAHYU IRMAWAN--Tidak bisa melakukan presensi sekarang.","nokartu":"A5015CCA"}]}
Berhasil kirim balasan ke "responServer/2309MAS003"

[2026-03-13 07:55:00]
Menerima pesan dari: dariMCU/2309MAS001 - Pesan: {"nokartu":"131701E3","idchip":"4115046","nodevice":"2309MAS001","key":"1234567890987654321","ipa":"10.10.25.50"}
[2026-03-13 07:55:00]
Berhasil merespon "dariMCU/2309MAS001" : {"respon":[{"id":"4115046","nodevice":"2309MAS001","message":"TBPS","info":"Afra Pramudya Haswan Yusufpranowo--Tidak bisa melakukan presensi sekarang.","nokartu":"131701E3"}]}
Berhasil kirim balasan ke "responServer/2309MAS001"

[2026-03-13 07:58:19]
Menerima pesan dari: dariMCU/2309MAS002 - Pesan: {"nokartu":"131701E3","idchip":"1165251","nodevice":"2309MAS002","key":"1234567890987654321","ipa":"10.10.25.51"}
[2026-03-13 07:58:19]
Berhasil merespon "dariMCU/2309MAS002" : {"respon":[{"id":"1165251","nodevice":"2309MAS002","message":"TBPS","info":"Afra Pramudya Haswan Yusufpranowo--Tidak bisa melakukan presensi sekarang.","nokartu":"131701E3"}]}
Berhasil kirim balasan ke "responServer/2309MAS002"

[2026-03-13 08:01:53]
Menerima pesan dari: dariMCU/2309MAS001 - Pesan: {"nokartu":"F3C8BBE2","idchip":"4115046","nodevice":"2309MAS001","key":"1234567890987654321","ipa":"10.10.25.50"}
[2026-03-13 08:01:53]
Berhasil merespon "dariMCU/2309MAS001" : {"respon":[{"id":"4115046","nodevice":"2309MAS001","message":"TBPS","info":"Nisa Yunisa--Tidak bisa melakukan presensi sekarang.","nokartu":"F3C8BBE2"}]}
Berhasil kirim balasan ke "responServer/2309MAS001"

[2026-03-13 08:02:00]
Menerima pesan dari: dariMCU/2309MAS002 - Pesan: {"nokartu":"23BC59E4","idchip":"1165251","nodevice":"2309MAS002","key":"1234567890987654321","ipa":"10.10.25.51"}
[2026-03-13 08:02:00]
Berhasil merespon "dariMCU/2309MAS002" : {"respon":[{"id":"1165251","nodevice":"2309MAS002","message":"TBPS","info":"Velia Saskurina--Tidak bisa melakukan presensi sekarang.","nokartu":"23BC59E4"}]}
Berhasil kirim balasan ke "responServer/2309MAS002"

[2026-03-13 08:02:08]
Menerima pesan dari: dariMCU/2309MAS002 - Pesan: {"nokartu":"A3DD9FE2","idchip":"1165251","nodevice":"2309MAS002","key":"1234567890987654321","ipa":"10.10.25.51"}
[2026-03-13 08:02:08]
Berhasil merespon "dariMCU/2309MAS002" : {"respon":[{"id":"1165251","nodevice":"2309MAS002","message":"TBPS","info":"Natisya Chaerunisa--Tidak bisa melakukan presensi sekarang.","nokartu":"A3DD9FE2"}]}
Berhasil kirim balasan ke "responServer/2309MAS002"

[2026-03-13 08:04:14]
Menerima pesan dari: dariMCU/2309MAS001 - Pesan: {"nokartu":"33431F54","idchip":"4115046","nodevice":"2309MAS001","key":"1234567890987654321","ipa":"10.10.25.50"}
[2026-03-13 08:04:14]
Berhasil merespon "dariMCU/2309MAS001" : {"respon":[{"id":"4115046","nodevice":"2309MAS001","message":"TBPS","info":"Dinda Yuliningtyas--Tidak bisa melakukan presensi sekarang.","nokartu":"33431F54"}]}
Berhasil kirim balasan ke "responServer/2309MAS001"

[2026-03-13 08:04:16]
Menerima pesan dari: dariMCU/2309MAS003 - Pesan: {"nokartu":"33431F54","idchip":"16581755","nodevice":"2309MAS003","key":"1234567890987654321","ipa":"10.10.1.23"}
[2026-03-13 08:04:16]
Berhasil merespon "dariMCU/2309MAS003" : {"respon":[{"id":"16581755","nodevice":"2309MAS003","message":"TBPS","info":"Dinda Yuliningtyas--Tidak bisa melakukan presensi sekarang.","nokartu":"33431F54"}]}
Berhasil kirim balasan ke "responServer/2309MAS003"

[2026-03-13 08:04:20]
Menerima pesan dari: dariMCU/2309MAS001 - Pesan: {"nokartu":"B38155E4","idchip":"4115046","nodevice":"2309MAS001","key":"1234567890987654321","ipa":"10.10.25.50"}
[2026-03-13 08:04:20]
Berhasil merespon "dariMCU/2309MAS001" : {"respon":[{"id":"4115046","nodevice":"2309MAS001","message":"TBPS","info":"Raisya Zania Al Aini--Tidak bisa melakukan presensi sekarang.","nokartu":"B38155E4"}]}
Berhasil kirim balasan ke "responServer/2309MAS001"

[2026-03-13 08:04:58]
Menerima pesan dari: dariMCU/2309MAS001 - Pesan: {"nokartu":"432CEFE4","idchip":"4115046","nodevice":"2309MAS001","key":"1234567890987654321","ipa":"10.10.25.50"}
[2026-03-13 08:04:58]
Berhasil merespon "dariMCU/2309MAS001" : {"respon":[{"id":"4115046","nodevice":"2309MAS001","message":"TBPS","info":"Tsuraya Akmalia Millati--Tidak bisa melakukan presensi sekarang.","nokartu":"432CEFE4"}]}
Berhasil kirim balasan ke "responServer/2309MAS001"

[2026-03-13 08:05:04]
Menerima pesan dari: dariMCU/2309MAS001 - Pesan: {"nokartu":"432CEFE4","idchip":"4115046","nodevice":"2309MAS001","key":"1234567890987654321","ipa":"10.10.25.50"}
[2026-03-13 08:05:04]
Berhasil merespon "dariMCU/2309MAS001" : {"respon":[{"id":"4115046","nodevice":"2309MAS001","message":"TBPS","info":"Tsuraya Akmalia Millati--Tidak bisa melakukan presensi sekarang.","nokartu":"432CEFE4"}]}
Berhasil kirim balasan ke "responServer/2309MAS001"

[2026-03-13 08:05:05]
Menerima pesan dari: dariMCU/2309MAS002 - Pesan: {"nokartu":"C344B7E2","idchip":"1165251","nodevice":"2309MAS002","key":"1234567890987654321","ipa":"10.10.25.51"}
[2026-03-13 08:05:05]
Berhasil merespon "dariMCU/2309MAS002" : {"respon":[{"id":"1165251","nodevice":"2309MAS002","message":"TBPS","info":"Puji Rahayu--Tidak bisa melakukan presensi sekarang.","nokartu":"C344B7E2"}]}
Berhasil kirim balasan ke "responServer/2309MAS002"

[2026-03-13 08:05:13]
Menerima pesan dari: dariMCU/2309MAS002 - Pesan: {"nokartu":"C344B7E2","idchip":"1165251","nodevice":"2309MAS002","key":"1234567890987654321","ipa":"10.10.25.51"}
[2026-03-13 08:05:13]
Berhasil merespon "dariMCU/2309MAS002" : {"respon":[{"id":"1165251","nodevice":"2309MAS002","message":"TBPS","info":"Puji Rahayu--Tidak bisa melakukan presensi sekarang.","nokartu":"C344B7E2"}]}
Berhasil kirim balasan ke "responServer/2309MAS002"

[2026-03-13 08:05:13]
Menerima pesan dari: dariMCU/2309MAS001 - Pesan: {"nokartu":"432CEFE4","idchip":"4115046","nodevice":"2309MAS001","key":"1234567890987654321","ipa":"10.10.25.50"}
[2026-03-13 08:05:13]
Berhasil merespon "dariMCU/2309MAS001" : {"respon":[{"id":"4115046","nodevice":"2309MAS001","message":"TBPS","info":"Tsuraya Akmalia Millati--Tidak bisa melakukan presensi sekarang.","nokartu":"432CEFE4"}]}
Berhasil kirim balasan ke "responServer/2309MAS001"

[2026-03-13 08:05:13]
Menerima pesan dari: dariMCU/2309MAS001 - Pesan: {"nokartu":"432CEFE4","idchip":"4115046","nodevice":"2309MAS001","key":"1234567890987654321","ipa":"10.10.25.50"}
[2026-03-13 08:05:13]
Berhasil merespon "dariMCU/2309MAS001" : {"respon":[{"id":"4115046","nodevice":"2309MAS001","message":"TBPS","info":"Tsuraya Akmalia Millati--Tidak bisa melakukan presensi sekarang.","nokartu":"432CEFE4"}]}
Berhasil kirim balasan ke "responServer/2309MAS001"

[2026-03-13 08:05:59]
Menerima pesan dari: dariMCU/2309MAS003 - Pesan: {"nokartu":"B3C6F2E4","idchip":"16581755","nodevice":"2309MAS003","key":"1234567890987654321","ipa":"10.10.1.23"}
[2026-03-13 08:05:59]
Berhasil merespon "dariMCU/2309MAS003" : {"respon":[{"id":"16581755","nodevice":"2309MAS003","message":"TBPS","info":"Aira Putri--Tidak bisa melakukan presensi sekarang.","nokartu":"B3C6F2E4"}]}
Berhasil kirim balasan ke "responServer/2309MAS003"

[2026-03-13 08:06:05]
Menerima pesan dari: dariMCU/2309MAS001 - Pesan: {"nokartu":"6376DCE2","idchip":"4115046","nodevice":"2309MAS001","key":"1234567890987654321","ipa":"10.10.25.50"}
[2026-03-13 08:06:05]
Berhasil merespon "dariMCU/2309MAS001" : {"respon":[{"id":"4115046","nodevice":"2309MAS001","message":"TBPS","info":"Intan Ariani--Tidak bisa melakukan presensi sekarang.","nokartu":"6376DCE2"}]}
Berhasil kirim balasan ke "responServer/2309MAS001"

[2026-03-13 08:06:11]
Menerima pesan dari: dariMCU/2309MAS003 - Pesan: {"nokartu":"F314E0E4","idchip":"16581755","nodevice":"2309MAS003","key":"1234567890987654321","ipa":"10.10.1.23"}
[2026-03-13 08:06:11]
Berhasil merespon "dariMCU/2309MAS003" : {"respon":[{"id":"16581755","nodevice":"2309MAS003","message":"TBPS","info":"Neisa Chilmi Ristia--Tidak bisa melakukan presensi sekarang.","nokartu":"F314E0E4"}]}
Berhasil kirim balasan ke "responServer/2309MAS003"

[2026-03-13 08:06:17]
Menerima pesan dari: dariMCU/2309MAS003 - Pesan: {"nokartu":"F311A8E2","idchip":"16581755","nodevice":"2309MAS003","key":"1234567890987654321","ipa":"10.10.1.23"}
[2026-03-13 08:06:17]
Berhasil merespon "dariMCU/2309MAS003" : {"respon":[{"id":"16581755","nodevice":"2309MAS003","message":"TBPS","info":"Saida Nuri Himaya--Tidak bisa melakukan presensi sekarang.","nokartu":"F311A8E2"}]}
Berhasil kirim balasan ke "responServer/2309MAS003"

[2026-03-13 08:12:25]
Menerima pesan dari: dariMCU/2309MAS002 - Pesan: {"nokartu":"C344B7E2","idchip":"1165251","nodevice":"2309MAS002","key":"1234567890987654321","ipa":"10.10.25.51"}
[2026-03-13 08:12:25]
Berhasil merespon "dariMCU/2309MAS002" : {"respon":[{"id":"1165251","nodevice":"2309MAS002","message":"TBPS","info":"Puji Rahayu--Tidak bisa melakukan presensi sekarang.","nokartu":"C344B7E2"}]}
Berhasil kirim balasan ke "responServer/2309MAS002"

[2026-03-13 08:16:00]
Menerima pesan dari: dariMCU/2309MAS001 - Pesan: {"nokartu":"E1EF9150","idchip":"4115046","nodevice":"2309MAS001","key":"1234567890987654321","ipa":"10.10.25.50"}
[2026-03-13 08:16:00]
Berhasil merespon "dariMCU/2309MAS001" : {"respon":[{"id":"4115046","nodevice":"2309MAS001","message":"TBPS","info":"Keyla Putri Amelia--Tidak bisa melakukan presensi sekarang.","nokartu":"E1EF9150"}]}
Berhasil kirim balasan ke "responServer/2309MAS001"

[2026-03-13 08:16:06]
Menerima pesan dari: dariMCU/2309MAS001 - Pesan: {"nokartu":"F4320FBB","idchip":"4115046","nodevice":"2309MAS001","key":"1234567890987654321","ipa":"10.10.25.50"}
[2026-03-13 08:16:06]
Berhasil merespon "dariMCU/2309MAS001" : {"respon":[{"id":"4115046","nodevice":"2309MAS001","message":"TBPS","info":"Aisyah Alvina Humairo --Tidak bisa melakukan presensi sekarang.","nokartu":"F4320FBB"}]}
Berhasil kirim balasan ke "responServer/2309MAS001"

[2026-03-13 08:16:16]
Menerima pesan dari: dariMCU/2309MAS001 - Pesan: {"nokartu":"E1D0BB50","idchip":"4115046","nodevice":"2309MAS001","key":"1234567890987654321","ipa":"10.10.25.50"}
[2026-03-13 08:16:16]
Berhasil merespon "dariMCU/2309MAS001" : {"respon":[{"id":"4115046","nodevice":"2309MAS001","message":"TBPS","info":"Rika Warda Ningrum--Tidak bisa melakukan presensi sekarang.","nokartu":"E1D0BB50"}]}
Berhasil kirim balasan ke "responServer/2309MAS001"

[2026-03-13 08:24:57]
Menerima pesan dari: dariMCU/2309MAS002 - Pesan: {"nokartu":"53AAF7E4","idchip":"1165251","nodevice":"2309MAS002","key":"1234567890987654321","ipa":"10.10.25.51"}
[2026-03-13 08:24:57]
Berhasil merespon "dariMCU/2309MAS002" : {"respon":[{"id":"1165251","nodevice":"2309MAS002","message":"TBPS","info":"Agung Rakhmadi--Tidak bisa melakukan presensi sekarang.","nokartu":"53AAF7E4"}]}
Berhasil kirim balasan ke "responServer/2309MAS002"

[2026-03-13 08:25:00]
Menerima pesan dari: dariMCU/2309MAS003 - Pesan: {"nokartu":"53AAF7E4","idchip":"16581755","nodevice":"2309MAS003","key":"1234567890987654321","ipa":"10.10.1.23"}
[2026-03-13 08:25:00]
Berhasil merespon "dariMCU/2309MAS003" : {"respon":[{"id":"16581755","nodevice":"2309MAS003","message":"TBPS","info":"Agung Rakhmadi--Tidak bisa melakukan presensi sekarang.","nokartu":"53AAF7E4"}]}
Berhasil kirim balasan ke "responServer/2309MAS003"

[2026-03-13 11:47:02]
Menerima pesan dari: dariMCU/2309MAS003 - Pesan: {"nokartu":"94F033BC","idchip":"16581755","nodevice":"2309MAS003","key":"1234567890987654321","ipa":"10.10.1.23"}
[2026-03-13 11:47:02]
Berhasil merespon "dariMCU/2309MAS003" : {"respon":[{"id":"16581755","nodevice":"2309MAS003","message":"BMPE","info":"BRIYAN ROHMAN MAULANA--Berhasil Presensi -Mulai-","nokartu":"94F033BC"}]}
Berhasil kirim balasan ke "responServer/2309MAS003"

[2026-03-13 11:47:39]
Menerima pesan dari: dariMCU/2309MAS003 - Pesan: {"nokartu":"E42689BB","idchip":"16581755","nodevice":"2309MAS003","key":"1234567890987654321","ipa":"10.10.1.23"}
[2026-03-13 11:47:39]
Berhasil merespon "dariMCU/2309MAS003" : {"respon":[{"id":"16581755","nodevice":"2309MAS003","message":"BMPE","info":"RENO FADHIL ALFIANSYAH--Berhasil Presensi -Mulai-","nokartu":"E42689BB"}]}
Berhasil kirim balasan ke "responServer/2309MAS003"

[2026-03-13 11:47:40]
Menerima pesan dari: dariMCU/2309MAS003 - Pesan: {"nokartu":"E42689BB","idchip":"16581755","nodevice":"2309MAS003","key":"1234567890987654321","ipa":"10.10.1.23"}
[2026-03-13 11:47:40]
Berhasil merespon "dariMCU/2309MAS003" : {"respon":[{"id":"16581755","nodevice":"2309MAS003","message":"SMPM","info":"RENO FADHIL ALFIANSYAH--Anda Sudah melakukan Presensi","nokartu":"E42689BB"}]}
Berhasil kirim balasan ke "responServer/2309MAS003"

[2026-03-13 11:47:46]
Menerima pesan dari: dariMCU/2309MAS001 - Pesan: {"nokartu":"68F41AD3","idchip":"4115046","nodevice":"2309MAS001","key":"1234567890987654321","ipa":"10.10.25.50"}
[2026-03-13 11:47:46]
Berhasil merespon "dariMCU/2309MAS001" : {"respon":[{"id":"4115046","nodevice":"2309MAS001","message":"BMPE","info":"ACHMAD ZAKY--Berhasil Presensi -Mulai-","nokartu":"68F41AD3"}]}
Berhasil kirim balasan ke "responServer/2309MAS001"

[2026-03-13 11:47:46]
Menerima pesan dari: dariMCU/2309MAS001 - Pesan: {"nokartu":"68F41AD3","idchip":"4115046","nodevice":"2309MAS001","key":"1234567890987654321","ipa":"10.10.25.50"}
[2026-03-13 11:47:46]
Berhasil merespon "dariMCU/2309MAS001" : {"respon":[{"id":"4115046","nodevice":"2309MAS001","message":"SMPM","info":"ACHMAD ZAKY--Anda Sudah melakukan Presensi","nokartu":"68F41AD3"}]}
Berhasil kirim balasan ke "responServer/2309MAS001"

[2026-03-13 11:47:46]
Menerima pesan dari: dariMCU/2309MAS001 - Pesan: {"nokartu":"68F41AD3","idchip":"4115046","nodevice":"2309MAS001","key":"1234567890987654321","ipa":"10.10.25.50"}
[2026-03-13 11:47:46]
Berhasil merespon "dariMCU/2309MAS001" : {"respon":[{"id":"4115046","nodevice":"2309MAS001","message":"SMPM","info":"ACHMAD ZAKY--Anda Sudah melakukan Presensi","nokartu":"68F41AD3"}]}
Berhasil kirim balasan ke "responServer/2309MAS001"

[2026-03-13 11:48:06]
Menerima pesan dari: dariMCU/2309MAS001 - Pesan: {"nokartu":"C51212BE","idchip":"4115046","nodevice":"2309MAS001","key":"1234567890987654321","ipa":"10.10.25.50"}
[2026-03-13 11:48:06]
Berhasil merespon "dariMCU/2309MAS001" : {"respon":[{"id":"4115046","nodevice":"2309MAS001","message":"BMPE","info":"MUHAMAD NANANG APRILIANSYAH--Berhasil Presensi -Mulai-","nokartu":"C51212BE"}]}
Berhasil kirim balasan ke "responServer/2309MAS001"

[2026-03-13 11:48:08]
Menerima pesan dari: dariMCU/2309MAS002 - Pesan: {"nokartu":"C51212BE","idchip":"1165251","nodevice":"2309MAS002","key":"1234567890987654321","ipa":"10.10.25.51"}
[2026-03-13 11:48:08]
Berhasil merespon "dariMCU/2309MAS002" : {"respon":[{"id":"1165251","nodevice":"2309MAS002","message":"SMPM","info":"MUHAMAD NANANG APRILIANSYAH--Anda Sudah melakukan Presensi","nokartu":"C51212BE"}]}
Berhasil kirim balasan ke "responServer/2309MAS002"

[2026-03-13 11:48:09]
Menerima pesan dari: dariMCU/2309MAS003 - Pesan: {"nokartu":"C547BFBE","idchip":"16581755","nodevice":"2309MAS003","key":"1234567890987654321","ipa":"10.10.1.23"}
[2026-03-13 11:48:09]
Berhasil merespon "dariMCU/2309MAS003" : {"respon":[{"id":"16581755","nodevice":"2309MAS003","message":"BMPE","info":"SLAMET AL HASYIM--Berhasil Presensi -Mulai-","nokartu":"C547BFBE"}]}
Berhasil kirim balasan ke "responServer/2309MAS003"

[2026-03-13 11:48:12]
Menerima pesan dari: dariMCU/2309MAS001 - Pesan: {"nokartu":"C547BFBE","idchip":"4115046","nodevice":"2309MAS001","key":"1234567890987654321","ipa":"10.10.25.50"}
[2026-03-13 11:48:12]
Berhasil merespon "dariMCU/2309MAS001" : {"respon":[{"id":"4115046","nodevice":"2309MAS001","message":"SMPM","info":"SLAMET AL HASYIM--Anda Sudah melakukan Presensi","nokartu":"C547BFBE"}]}
Berhasil kirim balasan ke "responServer/2309MAS001"

[2026-03-13 11:48:15]
Menerima pesan dari: dariMCU/2309MAS002 - Pesan: {"nokartu":"C547BFBE","idchip":"1165251","nodevice":"2309MAS002","key":"1234567890987654321","ipa":"10.10.25.51"}
[2026-03-13 11:48:15]
Berhasil merespon "dariMCU/2309MAS002" : {"respon":[{"id":"1165251","nodevice":"2309MAS002","message":"SMPM","info":"SLAMET AL HASYIM--Anda Sudah melakukan Presensi","nokartu":"C547BFBE"}]}
Berhasil kirim balasan ke "responServer/2309MAS002"

[2026-03-13 11:51:28]
Menerima pesan dari: dariMCU/2309MAS002 - Pesan: {"nokartu":"15487DBF","idchip":"1165251","nodevice":"2309MAS002","key":"1234567890987654321","ipa":"10.10.25.51"}
[2026-03-13 11:51:28]
Berhasil merespon "dariMCU/2309MAS002" : {"respon":[{"id":"1165251","nodevice":"2309MAS002","message":"BMPE","info":"MUHAMMAD AKHYAS KHOIRUL ANAMI--Berhasil Presensi -Mulai-","nokartu":"15487DBF"}]}
Berhasil kirim balasan ke "responServer/2309MAS002"

[2026-03-13 11:52:17]
Menerima pesan dari: dariMCU/2309MAS001 - Pesan: {"nokartu":"968822AA","idchip":"4115046","nodevice":"2309MAS001","key":"1234567890987654321","ipa":"10.10.25.50"}
[2026-03-13 11:52:17]
Berhasil merespon "dariMCU/2309MAS001" : {"respon":[{"id":"4115046","nodevice":"2309MAS001","message":"BMPE","info":"AXXEL LUDWIG MALIK SECHAN--Berhasil Presensi -Mulai-","nokartu":"968822AA"}]}
Berhasil kirim balasan ke "responServer/2309MAS001"

[2026-03-13 11:52:32]
Menerima pesan dari: dariMCU/2309MAS003 - Pesan: {"nokartu":"3545C6CA","idchip":"16581755","nodevice":"2309MAS003","key":"1234567890987654321","ipa":"10.10.1.23"}
[2026-03-13 11:52:32]
Berhasil merespon "dariMCU/2309MAS003" : {"respon":[{"id":"16581755","nodevice":"2309MAS003","message":"BMPE","info":"ADIL FIONATA--Berhasil Presensi -Mulai-","nokartu":"3545C6CA"}]}
Berhasil kirim balasan ke "responServer/2309MAS003"

[2026-03-13 11:53:00]
Menerima pesan dari: dariMCU/2309MAS001 - Pesan: {"nokartu":"EB27A8B7","idchip":"4115046","nodevice":"2309MAS001","key":"1234567890987654321","ipa":"10.10.25.50"}
[2026-03-13 11:53:00]
Berhasil merespon "dariMCU/2309MAS001" : {"respon":[{"id":"4115046","nodevice":"2309MAS001","message":"BMPE","info":"CATRA DANADYAKSA--Berhasil Presensi -Mulai-","nokartu":"EB27A8B7"}]}
Berhasil kirim balasan ke "responServer/2309MAS001"

[2026-03-13 11:54:24]
Menerima pesan dari: dariMCU/2309MAS001 - Pesan: {"nokartu":"33840854","idchip":"4115046","nodevice":"2309MAS001","key":"1234567890987654321","ipa":"10.10.25.50"}
[2026-03-13 11:54:24]
Berhasil merespon "dariMCU/2309MAS001" : {"respon":[{"id":"4115046","nodevice":"2309MAS001","message":"BMPE","info":"Barrue Surya Afandi--Berhasil Presensi -Mulai-","nokartu":"33840854"}]}
Berhasil kirim balasan ke "responServer/2309MAS001"

[2026-03-13 11:55:54]
Menerima pesan dari: dariMCU/2309MAS003 - Pesan: {"nokartu":"D9DC0AA5","idchip":"16581755","nodevice":"2309MAS003","key":"1234567890987654321","ipa":"10.10.1.23"}
[2026-03-13 11:55:54]
Berhasil merespon "dariMCU/2309MAS003" : {"respon":[{"id":"16581755","nodevice":"2309MAS003","message":"BMPE","info":"GAVRA GILLY NHANDANA--Berhasil Presensi -Mulai-","nokartu":"D9DC0AA5"}]}
Berhasil kirim balasan ke "responServer/2309MAS003"

[2026-03-13 11:56:11]
Menerima pesan dari: dariMCU/2309MAS003 - Pesan: {"nokartu":"952DB0BC","idchip":"16581755","nodevice":"2309MAS003","key":"1234567890987654321","ipa":"10.10.1.23"}
[2026-03-13 11:56:11]
Berhasil merespon "dariMCU/2309MAS003" : {"respon":[{"id":"16581755","nodevice":"2309MAS003","message":"BMPE","info":"KHOIRUL ANAM--Berhasil Presensi -Mulai-","nokartu":"952DB0BC"}]}
Berhasil kirim balasan ke "responServer/2309MAS003"

[2026-03-13 11:56:13]
Menerima pesan dari: dariMCU/2309MAS001 - Pesan: {"nokartu":"952DB0BC","idchip":"4115046","nodevice":"2309MAS001","key":"1234567890987654321","ipa":"10.10.25.50"}
[2026-03-13 11:56:13]
Berhasil merespon "dariMCU/2309MAS001" : {"respon":[{"id":"4115046","nodevice":"2309MAS001","message":"SMPM","info":"KHOIRUL ANAM--Anda Sudah melakukan Presensi","nokartu":"952DB0BC"}]}
Berhasil kirim balasan ke "responServer/2309MAS001"

[2026-03-13 11:56:20]
Menerima pesan dari: dariMCU/2309MAS002 - Pesan: {"nokartu":"952DB0BC","idchip":"1165251","nodevice":"2309MAS002","key":"1234567890987654321","ipa":"10.10.25.51"}
[2026-03-13 11:56:20]
Berhasil merespon "dariMCU/2309MAS002" : {"respon":[{"id":"1165251","nodevice":"2309MAS002","message":"SMPM","info":"KHOIRUL ANAM--Anda Sudah melakukan Presensi","nokartu":"952DB0BC"}]}
Berhasil kirim balasan ke "responServer/2309MAS002"

[2026-03-13 11:57:24]
Menerima pesan dari: dariMCU/2309MAS001 - Pesan: {"nokartu":"D4CCCCCB","idchip":"4115046","nodevice":"2309MAS001","key":"1234567890987654321","ipa":"10.10.25.50"}
[2026-03-13 11:57:24]
Berhasil merespon "dariMCU/2309MAS001" : {"respon":[{"id":"4115046","nodevice":"2309MAS001","message":"BMPE","info":"MUHAMMAD JA FAR SYARIF--Berhasil Presensi -Mulai-","nokartu":"D4CCCCCB"}]}
Berhasil kirim balasan ke "responServer/2309MAS001"

[2026-03-13 11:57:29]
Menerima pesan dari: dariMCU/2309MAS003 - Pesan: {"nokartu":"A8C438D2","idchip":"16581755","nodevice":"2309MAS003","key":"1234567890987654321","ipa":"10.10.1.23"}
[2026-03-13 11:57:29]
Berhasil merespon "dariMCU/2309MAS003" : {"respon":[{"id":"16581755","nodevice":"2309MAS003","message":"BMPE","info":"DESTIAN RASYA ALVARO--Berhasil Presensi -Mulai-","nokartu":"A8C438D2"}]}
Berhasil kirim balasan ke "responServer/2309MAS003"

[2026-03-13 11:57:36]
Menerima pesan dari: dariMCU/2309MAS001 - Pesan: {"nokartu":"A8C438D2","idchip":"4115046","nodevice":"2309MAS001","key":"1234567890987654321","ipa":"10.10.25.50"}
[2026-03-13 11:57:36]
Berhasil merespon "dariMCU/2309MAS001" : {"respon":[{"id":"4115046","nodevice":"2309MAS001","message":"SMPM","info":"DESTIAN RASYA ALVARO--Anda Sudah melakukan Presensi","nokartu":"A8C438D2"}]}
Berhasil kirim balasan ke "responServer/2309MAS001"

[2026-03-13 11:57:44]
Menerima pesan dari: dariMCU/2309MAS003 - Pesan: {"nokartu":"56FA43AA","idchip":"16581755","nodevice":"2309MAS003","key":"1234567890987654321","ipa":"10.10.1.23"}
[2026-03-13 11:57:44]
Berhasil merespon "dariMCU/2309MAS003" : {"respon":[{"id":"16581755","nodevice":"2309MAS003","message":"BMPE","info":"BIMA BUDI HARTONO--Berhasil Presensi -Mulai-","nokartu":"56FA43AA"}]}
Berhasil kirim balasan ke "responServer/2309MAS003"

[2026-03-13 11:57:47]
Menerima pesan dari: dariMCU/2309MAS001 - Pesan: {"nokartu":"6530B3BF","idchip":"4115046","nodevice":"2309MAS001","key":"1234567890987654321","ipa":"10.10.25.50"}
[2026-03-13 11:57:47]
Berhasil merespon "dariMCU/2309MAS001" : {"respon":[{"id":"4115046","nodevice":"2309MAS001","message":"BMPE","info":"AHMAD MAULANA SAPUTRA--Berhasil Presensi -Mulai-","nokartu":"6530B3BF"}]}
Berhasil kirim balasan ke "responServer/2309MAS001"

[2026-03-13 11:57:53]
Menerima pesan dari: dariMCU/2309MAS002 - Pesan: {"nokartu":"6530B3BF","idchip":"1165251","nodevice":"2309MAS002","key":"1234567890987654321","ipa":"10.10.25.51"}
[2026-03-13 11:57:53]
Berhasil merespon "dariMCU/2309MAS002" : {"respon":[{"id":"1165251","nodevice":"2309MAS002","message":"SMPM","info":"AHMAD MAULANA SAPUTRA--Anda Sudah melakukan Presensi","nokartu":"6530B3BF"}]}
Berhasil kirim balasan ke "responServer/2309MAS002"

[2026-03-13 11:57:57]
Menerima pesan dari: dariMCU/2309MAS002 - Pesan: {"nokartu":"94CB0DBC","idchip":"1165251","nodevice":"2309MAS002","key":"1234567890987654321","ipa":"10.10.25.51"}
[2026-03-13 11:57:57]
Berhasil merespon "dariMCU/2309MAS002" : {"respon":[{"id":"1165251","nodevice":"2309MAS002","message":"BMPE","info":"GHISAN BRITANIO--Berhasil Presensi -Mulai-","nokartu":"94CB0DBC"}]}
Berhasil kirim balasan ke "responServer/2309MAS002"

[2026-03-13 11:58:18]
Menerima pesan dari: dariMCU/2309MAS003 - Pesan: {"nokartu":"D44689CB","idchip":"16581755","nodevice":"2309MAS003","key":"1234567890987654321","ipa":"10.10.1.23"}
[2026-03-13 11:58:18]
Berhasil merespon "dariMCU/2309MAS003" : {"respon":[{"id":"16581755","nodevice":"2309MAS003","message":"BMPE","info":"FATAN SYAUQI MUBAROK--Berhasil Presensi -Mulai-","nokartu":"D44689CB"}]}
Berhasil kirim balasan ke "responServer/2309MAS003"

[2026-03-13 11:58:24]
Menerima pesan dari: dariMCU/2309MAS002 - Pesan: {"nokartu":"E412FBCB","idchip":"1165251","nodevice":"2309MAS002","key":"1234567890987654321","ipa":"10.10.25.51"}
[2026-03-13 11:58:24]
Berhasil merespon "dariMCU/2309MAS002" : {"respon":[{"id":"1165251","nodevice":"2309MAS002","message":"BMPE","info":"ABIM MUSTAKIM--Berhasil Presensi -Mulai-","nokartu":"E412FBCB"}]}
Berhasil kirim balasan ke "responServer/2309MAS002"

[2026-03-13 11:58:25]
Menerima pesan dari: dariMCU/2309MAS001 - Pesan: {"nokartu":"84847BBC","idchip":"4115046","nodevice":"2309MAS001","key":"1234567890987654321","ipa":"10.10.25.50"}
[2026-03-13 11:58:25]
Berhasil merespon "dariMCU/2309MAS001" : {"respon":[{"id":"4115046","nodevice":"2309MAS001","message":"BMPE","info":"NAUFAL SYATHIR RAMADHAN--Berhasil Presensi -Mulai-","nokartu":"84847BBC"}]}
Berhasil kirim balasan ke "responServer/2309MAS001"

[2026-03-13 11:58:27]
Menerima pesan dari: dariMCU/2309MAS003 - Pesan: {"nokartu":"84847BBC","idchip":"16581755","nodevice":"2309MAS003","key":"1234567890987654321","ipa":"10.10.1.23"}
[2026-03-13 11:58:27]
Berhasil merespon "dariMCU/2309MAS003" : {"respon":[{"id":"16581755","nodevice":"2309MAS003","message":"SMPM","info":"NAUFAL SYATHIR RAMADHAN--Anda Sudah melakukan Presensi","nokartu":"84847BBC"}]}
Berhasil kirim balasan ke "responServer/2309MAS003"

[2026-03-13 11:58:29]
Menerima pesan dari: dariMCU/2309MAS001 - Pesan: {"nokartu":"E412FBCB","idchip":"4115046","nodevice":"2309MAS001","key":"1234567890987654321","ipa":"10.10.25.50"}
[2026-03-13 11:58:29]
Berhasil merespon "dariMCU/2309MAS001" : {"respon":[{"id":"4115046","nodevice":"2309MAS001","message":"SMPM","info":"ABIM MUSTAKIM--Anda Sudah melakukan Presensi","nokartu":"E412FBCB"}]}
Berhasil kirim balasan ke "responServer/2309MAS001"

[2026-03-13 11:58:31]
Menerima pesan dari: dariMCU/2309MAS003 - Pesan: {"nokartu":"E412FBCB","idchip":"16581755","nodevice":"2309MAS003","key":"1234567890987654321","ipa":"10.10.1.23"}
[2026-03-13 11:58:31]
Berhasil merespon "dariMCU/2309MAS003" : {"respon":[{"id":"16581755","nodevice":"2309MAS003","message":"SMPM","info":"ABIM MUSTAKIM--Anda Sudah melakukan Presensi","nokartu":"E412FBCB"}]}
Berhasil kirim balasan ke "responServer/2309MAS003"

[2026-03-13 11:58:41]
Menerima pesan dari: dariMCU/2309MAS001 - Pesan: {"nokartu":"D44689CB","idchip":"4115046","nodevice":"2309MAS001","key":"1234567890987654321","ipa":"10.10.25.50"}
[2026-03-13 11:58:41]
Berhasil merespon "dariMCU/2309MAS001" : {"respon":[{"id":"4115046","nodevice":"2309MAS001","message":"SMPM","info":"FATAN SYAUQI MUBAROK--Anda Sudah melakukan Presensi","nokartu":"D44689CB"}]}
Berhasil kirim balasan ke "responServer/2309MAS001"

[2026-03-13 11:58:47]
Menerima pesan dari: dariMCU/2309MAS003 - Pesan: {"nokartu":"44CFCDCB","idchip":"16581755","nodevice":"2309MAS003","key":"1234567890987654321","ipa":"10.10.1.23"}
[2026-03-13 11:58:47]
Berhasil merespon "dariMCU/2309MAS003" : {"respon":[{"id":"16581755","nodevice":"2309MAS003","message":"BMPE","info":"SETYO NUGROHO--Berhasil Presensi -Mulai-","nokartu":"44CFCDCB"}]}
Berhasil kirim balasan ke "responServer/2309MAS003"

[2026-03-13 11:58:49]
Menerima pesan dari: dariMCU/2309MAS001 - Pesan: {"nokartu":"44CFCDCB","idchip":"4115046","nodevice":"2309MAS001","key":"1234567890987654321","ipa":"10.10.25.50"}
[2026-03-13 11:58:49]
Berhasil merespon "dariMCU/2309MAS001" : {"respon":[{"id":"4115046","nodevice":"2309MAS001","message":"SMPM","info":"SETYO NUGROHO--Anda Sudah melakukan Presensi","nokartu":"44CFCDCB"}]}
Berhasil kirim balasan ke "responServer/2309MAS001"

[2026-03-13 11:58:59]
Menerima pesan dari: dariMCU/2309MAS003 - Pesan: {"nokartu":"E428D9CB","idchip":"16581755","nodevice":"2309MAS003","key":"1234567890987654321","ipa":"10.10.1.23"}
[2026-03-13 11:58:59]
Berhasil merespon "dariMCU/2309MAS003" : {"respon":[{"id":"16581755","nodevice":"2309MAS003","message":"BMPE","info":"ADHIMAS TYOFARIDHO IHZA HAFIDZ--Berhasil Presensi -Mulai-","nokartu":"E428D9CB"}]}
Berhasil kirim balasan ke "responServer/2309MAS003"

[2026-03-13 12:00:10]
Menerima pesan dari: dariMCU/2309MAS001 - Pesan: {"nokartu":"B51612BE","idchip":"4115046","nodevice":"2309MAS001","key":"1234567890987654321","ipa":"10.10.25.50"}
[2026-03-13 12:00:10]
Berhasil merespon "dariMCU/2309MAS001" : {"respon":[{"id":"4115046","nodevice":"2309MAS001","message":"BMPE","info":"MUHAMAD RAKHA FADHIL--Berhasil Presensi -Mulai-","nokartu":"B51612BE"}]}
Berhasil kirim balasan ke "responServer/2309MAS001"

[2026-03-13 12:00:14]
Menerima pesan dari: dariMCU/2309MAS002 - Pesan: {"nokartu":"B51612BE","idchip":"1165251","nodevice":"2309MAS002","key":"1234567890987654321","ipa":"10.10.25.51"}
[2026-03-13 12:00:14]
Berhasil merespon "dariMCU/2309MAS002" : {"respon":[{"id":"1165251","nodevice":"2309MAS002","message":"SMPM","info":"MUHAMAD RAKHA FADHIL--Anda Sudah melakukan Presensi","nokartu":"B51612BE"}]}
Berhasil kirim balasan ke "responServer/2309MAS002"

[2026-03-13 12:00:39]
Menerima pesan dari: dariMCU/2309MAS003 - Pesan: {"nokartu":"03D5A6E2","idchip":"16581755","nodevice":"2309MAS003","key":"1234567890987654321","ipa":"10.10.1.23"}
[2026-03-13 12:00:39]
Berhasil merespon "dariMCU/2309MAS003" : {"respon":[{"id":"16581755","nodevice":"2309MAS003","message":"BMPE","info":"Muhammad Alveto Aufarasyad--Berhasil Presensi -Mulai-","nokartu":"03D5A6E2"}]}
Berhasil kirim balasan ke "responServer/2309MAS003"

[2026-03-13 12:01:02]
Menerima pesan dari: dariMCU/2309MAS003 - Pesan: {"nokartu":"79CA67A6","idchip":"16581755","nodevice":"2309MAS003","key":"1234567890987654321","ipa":"10.10.1.23"}
[2026-03-13 12:01:02]
Berhasil merespon "dariMCU/2309MAS003" : {"respon":[{"id":"16581755","nodevice":"2309MAS003","message":"BMPE","info":"DIKY ANGGA RESTA--Berhasil Presensi -Mulai-","nokartu":"79CA67A6"}]}
Berhasil kirim balasan ke "responServer/2309MAS003"

[2026-03-13 12:01:03]
Menerima pesan dari: dariMCU/2309MAS001 - Pesan: {"nokartu":"79CA67A6","idchip":"4115046","nodevice":"2309MAS001","key":"1234567890987654321","ipa":"10.10.25.50"}
[2026-03-13 12:01:03]
Berhasil merespon "dariMCU/2309MAS001" : {"respon":[{"id":"4115046","nodevice":"2309MAS001","message":"SMPM","info":"DIKY ANGGA RESTA--Anda Sudah melakukan Presensi","nokartu":"79CA67A6"}]}
Berhasil kirim balasan ke "responServer/2309MAS001"

[2026-03-13 12:01:15]
Menerima pesan dari: dariMCU/2309MAS003 - Pesan: {"nokartu":"F9116BB1","idchip":"16581755","nodevice":"2309MAS003","key":"1234567890987654321","ipa":"10.10.1.23"}
[2026-03-13 12:01:15]
Berhasil merespon "dariMCU/2309MAS003" : {"respon":[{"id":"16581755","nodevice":"2309MAS003","message":"BMPE","info":"MAHARDIKA PUTRA SADEWA--Berhasil Presensi -Mulai-","nokartu":"F9116BB1"}]}
Berhasil kirim balasan ke "responServer/2309MAS003"

[2026-03-13 12:01:17]
Menerima pesan dari: dariMCU/2309MAS001 - Pesan: {"nokartu":"13F7F3E4","idchip":"4115046","nodevice":"2309MAS001","key":"1234567890987654321","ipa":"10.10.25.50"}
[2026-03-13 12:01:17]
Berhasil merespon "dariMCU/2309MAS001" : {"respon":[{"id":"4115046","nodevice":"2309MAS001","message":"BMPE","info":"Muhammad Affan Nibras Razan--Berhasil Presensi -Mulai-","nokartu":"13F7F3E4"}]}
Berhasil kirim balasan ke "responServer/2309MAS001"

[2026-03-13 12:03:36]
Menerima pesan dari: dariMCU/2309MAS003 - Pesan: {"nokartu":"131701E3","idchip":"16581755","nodevice":"2309MAS003","key":"1234567890987654321","ipa":"10.10.1.23"}
[2026-03-13 12:03:36]
Berhasil merespon "dariMCU/2309MAS003" : {"respon":[{"id":"16581755","nodevice":"2309MAS003","message":"BMPE","info":"Afra Pramudya Haswan Yusufpranowo--Berhasil Presensi -Mulai-","nokartu":"131701E3"}]}
Berhasil kirim balasan ke "responServer/2309MAS003"

[2026-03-13 12:04:28]
Menerima pesan dari: dariMCU/2309MAS001 - Pesan: {"nokartu":"C9587CB1","idchip":"4115046","nodevice":"2309MAS001","key":"1234567890987654321","ipa":"10.10.25.50"}
[2026-03-13 12:04:28]
Berhasil merespon "dariMCU/2309MAS001" : {"respon":[{"id":"4115046","nodevice":"2309MAS001","message":"BMPE","info":"FREDA GAUTAMA--Berhasil Presensi -Mulai-","nokartu":"C9587CB1"}]}
Berhasil kirim balasan ke "responServer/2309MAS001"

[2026-03-13 12:04:42]
Menerima pesan dari: dariMCU/2309MAS003 - Pesan: {"nokartu":"C9DA7DA5","idchip":"16581755","nodevice":"2309MAS003","key":"1234567890987654321","ipa":"10.10.1.23"}
[2026-03-13 12:04:42]
Berhasil merespon "dariMCU/2309MAS003" : {"respon":[{"id":"16581755","nodevice":"2309MAS003","message":"BMPE","info":"CANDRA DWI NUGROHO--Berhasil Presensi -Mulai-","nokartu":"C9DA7DA5"}]}
Berhasil kirim balasan ke "responServer/2309MAS003"

[2026-03-13 12:04:49]
Menerima pesan dari: dariMCU/2309MAS003 - Pesan: {"nokartu":"74415DBC","idchip":"16581755","nodevice":"2309MAS003","key":"1234567890987654321","ipa":"10.10.1.23"}
[2026-03-13 12:04:49]
Berhasil merespon "dariMCU/2309MAS003" : {"respon":[{"id":"16581755","nodevice":"2309MAS003","message":"BMPE","info":"NARARYA KEANU JIBRIL--Berhasil Presensi -Mulai-","nokartu":"74415DBC"}]}
Berhasil kirim balasan ke "responServer/2309MAS003"

[2026-03-13 12:04:56]
Menerima pesan dari: dariMCU/2309MAS003 - Pesan: {"nokartu":"64ECC3BC","idchip":"16581755","nodevice":"2309MAS003","key":"1234567890987654321","ipa":"10.10.1.23"}
[2026-03-13 12:04:56]
Berhasil merespon "dariMCU/2309MAS003" : {"respon":[{"id":"16581755","nodevice":"2309MAS003","message":"BMPE","info":"ROBY KUSUMA--Berhasil Presensi -Mulai-","nokartu":"64ECC3BC"}]}
Berhasil kirim balasan ke "responServer/2309MAS003"

[2026-03-13 12:05:11]
Menerima pesan dari: dariMCU/2309MAS003 - Pesan: {"nokartu":"0036F15D","idchip":"16581755","nodevice":"2309MAS003","key":"1234567890987654321","ipa":"10.10.1.23"}
[2026-03-13 12:05:11]
Berhasil merespon "dariMCU/2309MAS003" : {"respon":[{"id":"16581755","nodevice":"2309MAS003","message":"BMPE","info":"Dian Bayu Pratama--Berhasil Presensi -Mulai-","nokartu":"0036F15D"}]}
Berhasil kirim balasan ke "responServer/2309MAS003"

[2026-03-13 12:05:17]
Menerima pesan dari: dariMCU/2309MAS003 - Pesan: {"nokartu":"F0808B5C","idchip":"16581755","nodevice":"2309MAS003","key":"1234567890987654321","ipa":"10.10.1.23"}
[2026-03-13 12:05:17]
Berhasil merespon "dariMCU/2309MAS003" : {"respon":[{"id":"16581755","nodevice":"2309MAS003","message":"BMPE","info":"Reza Agung Praditya--Berhasil Presensi -Mulai-","nokartu":"F0808B5C"}]}
Berhasil kirim balasan ke "responServer/2309MAS003"

[2026-03-13 12:05:21]
Menerima pesan dari: dariMCU/2309MAS003 - Pesan: {"nokartu":"D1726A50","idchip":"16581755","nodevice":"2309MAS003","key":"1234567890987654321","ipa":"10.10.1.23"}
[2026-03-13 12:05:21]
Berhasil merespon "dariMCU/2309MAS003" : {"respon":[{"id":"16581755","nodevice":"2309MAS003","message":"BMPE","info":"Arga Buffon Syah Putra--Berhasil Presensi -Mulai-","nokartu":"D1726A50"}]}
Berhasil kirim balasan ke "responServer/2309MAS003"

[2026-03-13 12:05:27]
Menerima pesan dari: dariMCU/2309MAS002 - Pesan: {"nokartu":"F0808B5C","idchip":"1165251","nodevice":"2309MAS002","key":"1234567890987654321","ipa":"10.10.25.51"}
[2026-03-13 12:05:27]
Berhasil merespon "dariMCU/2309MAS002" : {"respon":[{"id":"1165251","nodevice":"2309MAS002","message":"SMPM","info":"Reza Agung Praditya--Anda Sudah melakukan Presensi","nokartu":"F0808B5C"}]}
Berhasil kirim balasan ke "responServer/2309MAS002"

[2026-03-13 12:05:29]
Menerima pesan dari: dariMCU/2309MAS001 - Pesan: {"nokartu":"D1726A50","idchip":"4115046","nodevice":"2309MAS001","key":"1234567890987654321","ipa":"10.10.25.50"}
[2026-03-13 12:05:29]
Berhasil merespon "dariMCU/2309MAS001" : {"respon":[{"id":"4115046","nodevice":"2309MAS001","message":"SMPM","info":"Arga Buffon Syah Putra--Anda Sudah melakukan Presensi","nokartu":"D1726A50"}]}
Berhasil kirim balasan ke "responServer/2309MAS001"

[2026-03-13 12:05:29]
Menerima pesan dari: dariMCU/2309MAS001 - Pesan: {"nokartu":"D1726A50","idchip":"4115046","nodevice":"2309MAS001","key":"1234567890987654321","ipa":"10.10.25.50"}
[2026-03-13 12:05:29]
Berhasil merespon "dariMCU/2309MAS001" : {"respon":[{"id":"4115046","nodevice":"2309MAS001","message":"SMPM","info":"Arga Buffon Syah Putra--Anda Sudah melakukan Presensi","nokartu":"D1726A50"}]}
Berhasil kirim balasan ke "responServer/2309MAS001"

[2026-03-13 12:05:29]
Menerima pesan dari: dariMCU/2309MAS001 - Pesan: {"nokartu":"D1726A50","idchip":"4115046","nodevice":"2309MAS001","key":"1234567890987654321","ipa":"10.10.25.50"}
[2026-03-13 12:05:29]
Berhasil merespon "dariMCU/2309MAS001" : {"respon":[{"id":"4115046","nodevice":"2309MAS001","message":"SMPM","info":"Arga Buffon Syah Putra--Anda Sudah melakukan Presensi","nokartu":"D1726A50"}]}
Berhasil kirim balasan ke "responServer/2309MAS001"

[2026-03-13 12:05:38]
Menerima pesan dari: dariMCU/2309MAS002 - Pesan: {"nokartu":"F0808B5C","idchip":"1165251","nodevice":"2309MAS002","key":"1234567890987654321","ipa":"10.10.25.51"}
[2026-03-13 12:05:38]
Berhasil merespon "dariMCU/2309MAS002" : {"respon":[{"id":"1165251","nodevice":"2309MAS002","message":"SMPM","info":"Reza Agung Praditya--Anda Sudah melakukan Presensi","nokartu":"F0808B5C"}]}
Berhasil kirim balasan ke "responServer/2309MAS002"

[2026-03-13 12:05:41]
Menerima pesan dari: dariMCU/2309MAS001 - Pesan: {"nokartu":"333BB954","idchip":"4115046","nodevice":"2309MAS001","key":"1234567890987654321","ipa":"10.10.25.50"}
[2026-03-13 12:05:41]
Berhasil merespon "dariMCU/2309MAS001" : {"respon":[{"id":"4115046","nodevice":"2309MAS001","message":"BMPE","info":"Jibran Aldo Dzakwan--Berhasil Presensi -Mulai-","nokartu":"333BB954"}]}
Berhasil kirim balasan ke "responServer/2309MAS001"

[2026-03-13 12:05:43]
Menerima pesan dari: dariMCU/2309MAS002 - Pesan: {"nokartu":"D1726A50","idchip":"1165251","nodevice":"2309MAS002","key":"1234567890987654321","ipa":"10.10.25.51"}
[2026-03-13 12:05:43]
Berhasil merespon "dariMCU/2309MAS002" : {"respon":[{"id":"1165251","nodevice":"2309MAS002","message":"SMPM","info":"Arga Buffon Syah Putra--Anda Sudah melakukan Presensi","nokartu":"D1726A50"}]}
Berhasil kirim balasan ke "responServer/2309MAS002"

[2026-03-13 12:05:45]
Menerima pesan dari: dariMCU/2309MAS003 - Pesan: {"nokartu":"333BB954","idchip":"16581755","nodevice":"2309MAS003","key":"1234567890987654321","ipa":"10.10.1.23"}
[2026-03-13 12:05:45]
Berhasil merespon "dariMCU/2309MAS003" : {"respon":[{"id":"16581755","nodevice":"2309MAS003","message":"SMPM","info":"Jibran Aldo Dzakwan--Anda Sudah melakukan Presensi","nokartu":"333BB954"}]}
Berhasil kirim balasan ke "responServer/2309MAS003"

[2026-03-13 12:05:47]
Menerima pesan dari: dariMCU/2309MAS001 - Pesan: {"nokartu":"F0808B5C","idchip":"4115046","nodevice":"2309MAS001","key":"1234567890987654321","ipa":"10.10.25.50"}
[2026-03-13 12:05:47]
Berhasil merespon "dariMCU/2309MAS001" : {"respon":[{"id":"4115046","nodevice":"2309MAS001","message":"SMPM","info":"Reza Agung Praditya--Anda Sudah melakukan Presensi","nokartu":"F0808B5C"}]}
Berhasil kirim balasan ke "responServer/2309MAS001"

[2026-03-13 12:05:51]
Menerima pesan dari: dariMCU/2309MAS003 - Pesan: {"nokartu":"542CE4CB","idchip":"16581755","nodevice":"2309MAS003","key":"1234567890987654321","ipa":"10.10.1.23"}
[2026-03-13 12:05:51]
Berhasil merespon "dariMCU/2309MAS003" : {"respon":[{"id":"16581755","nodevice":"2309MAS003","message":"BMPE","info":"MUHAMMAD MIFTAKHUL ARIF--Berhasil Presensi -Mulai-","nokartu":"542CE4CB"}]}
Berhasil kirim balasan ke "responServer/2309MAS003"

[2026-03-13 12:05:53]
Menerima pesan dari: dariMCU/2309MAS002 - Pesan: {"nokartu":"333BB954","idchip":"1165251","nodevice":"2309MAS002","key":"1234567890987654321","ipa":"10.10.25.51"}
[2026-03-13 12:05:53]
Berhasil merespon "dariMCU/2309MAS002" : {"respon":[{"id":"1165251","nodevice":"2309MAS002","message":"SMPM","info":"Jibran Aldo Dzakwan--Anda Sudah melakukan Presensi","nokartu":"333BB954"}]}
Berhasil kirim balasan ke "responServer/2309MAS002"

[2026-03-13 12:06:14]
Menerima pesan dari: dariMCU/2309MAS003 - Pesan: {"nokartu":"63ADDAE2","idchip":"16581755","nodevice":"2309MAS003","key":"1234567890987654321","ipa":"10.10.1.23"}
[2026-03-13 12:06:14]
Berhasil merespon "dariMCU/2309MAS003" : {"respon":[{"id":"16581755","nodevice":"2309MAS003","message":"BMPE","info":"Roni--Berhasil Presensi -Mulai-","nokartu":"63ADDAE2"}]}
Berhasil kirim balasan ke "responServer/2309MAS003"

[2026-03-13 12:06:26]
Menerima pesan dari: dariMCU/2309MAS003 - Pesan: {"nokartu":"43CBECE4","idchip":"16581755","nodevice":"2309MAS003","key":"1234567890987654321","ipa":"10.10.1.23"}
[2026-03-13 12:06:26]
Berhasil merespon "dariMCU/2309MAS003" : {"respon":[{"id":"16581755","nodevice":"2309MAS003","message":"BMPE","info":"Muhamad Nabil Fatahillah--Berhasil Presensi -Mulai-","nokartu":"43CBECE4"}]}
Berhasil kirim balasan ke "responServer/2309MAS003"

[2026-03-13 12:06:34]
Menerima pesan dari: dariMCU/2309MAS003 - Pesan: {"nokartu":"D389DFE4","idchip":"16581755","nodevice":"2309MAS003","key":"1234567890987654321","ipa":"10.10.1.23"}
[2026-03-13 12:06:34]
Berhasil merespon "dariMCU/2309MAS003" : {"respon":[{"id":"16581755","nodevice":"2309MAS003","message":"BMPE","info":"Muhammad Ariyanto Fauzan--Berhasil Presensi -Mulai-","nokartu":"D389DFE4"}]}
Berhasil kirim balasan ke "responServer/2309MAS003"

[2026-03-13 12:06:38]
Menerima pesan dari: dariMCU/2309MAS001 - Pesan: {"nokartu":"D389DFE4","idchip":"4115046","nodevice":"2309MAS001","key":"1234567890987654321","ipa":"10.10.25.50"}
[2026-03-13 12:06:38]
Berhasil merespon "dariMCU/2309MAS001" : {"respon":[{"id":"4115046","nodevice":"2309MAS001","message":"SMPM","info":"Muhammad Ariyanto Fauzan--Anda Sudah melakukan Presensi","nokartu":"D389DFE4"}]}
Berhasil kirim balasan ke "responServer/2309MAS001"

[2026-03-13 12:06:44]
Menerima pesan dari: dariMCU/2309MAS003 - Pesan: {"nokartu":"236CD9E2","idchip":"16581755","nodevice":"2309MAS003","key":"1234567890987654321","ipa":"10.10.1.23"}
[2026-03-13 12:06:44]
Berhasil merespon "dariMCU/2309MAS003" : {"respon":[{"id":"16581755","nodevice":"2309MAS003","message":"BMPE","info":"Nur Khozin Alfian--Berhasil Presensi -Mulai-","nokartu":"236CD9E2"}]}
Berhasil kirim balasan ke "responServer/2309MAS003"

[2026-03-13 12:06:48]
Menerima pesan dari: dariMCU/2309MAS001 - Pesan: {"nokartu":"D389DFE4","idchip":"4115046","nodevice":"2309MAS001","key":"1234567890987654321","ipa":"10.10.25.50"}
[2026-03-13 12:06:48]
Berhasil merespon "dariMCU/2309MAS001" : {"respon":[{"id":"4115046","nodevice":"2309MAS001","message":"SMPM","info":"Muhammad Ariyanto Fauzan--Anda Sudah melakukan Presensi","nokartu":"D389DFE4"}]}
Berhasil kirim balasan ke "responServer/2309MAS001"

[2026-03-13 12:06:50]
Menerima pesan dari: dariMCU/2309MAS003 - Pesan: {"nokartu":"236CD9E2","idchip":"16581755","nodevice":"2309MAS003","key":"1234567890987654321","ipa":"10.10.1.23"}
[2026-03-13 12:06:50]
Berhasil merespon "dariMCU/2309MAS003" : {"respon":[{"id":"16581755","nodevice":"2309MAS003","message":"SMPM","info":"Nur Khozin Alfian--Anda Sudah melakukan Presensi","nokartu":"236CD9E2"}]}
Berhasil kirim balasan ke "responServer/2309MAS003"

[2026-03-13 12:06:56]
Menerima pesan dari: dariMCU/2309MAS001 - Pesan: {"nokartu":"A315F6E4","idchip":"4115046","nodevice":"2309MAS001","key":"1234567890987654321","ipa":"10.10.25.50"}
[2026-03-13 12:06:56]
Berhasil merespon "dariMCU/2309MAS001" : {"respon":[{"id":"4115046","nodevice":"2309MAS001","message":"BMPE","info":"Aji Pramudiya--Berhasil Presensi -Mulai-","nokartu":"A315F6E4"}]}
Berhasil kirim balasan ke "responServer/2309MAS001"

[2026-03-13 12:06:59]
Menerima pesan dari: dariMCU/2309MAS003 - Pesan: {"nokartu":"5399F8E4","idchip":"16581755","nodevice":"2309MAS003","key":"1234567890987654321","ipa":"10.10.1.23"}
[2026-03-13 12:06:59]
Berhasil merespon "dariMCU/2309MAS003" : {"respon":[{"id":"16581755","nodevice":"2309MAS003","message":"BMPE","info":"Muhammad Rayhan Saputra--Berhasil Presensi -Mulai-","nokartu":"5399F8E4"}]}
Berhasil kirim balasan ke "responServer/2309MAS003"

[2026-03-13 12:07:07]
Menerima pesan dari: dariMCU/2309MAS001 - Pesan: {"nokartu":"5399F8E4","idchip":"4115046","nodevice":"2309MAS001","key":"1234567890987654321","ipa":"10.10.25.50"}
[2026-03-13 12:07:07]
Berhasil merespon "dariMCU/2309MAS001" : {"respon":[{"id":"4115046","nodevice":"2309MAS001","message":"SMPM","info":"Muhammad Rayhan Saputra--Anda Sudah melakukan Presensi","nokartu":"5399F8E4"}]}
Berhasil kirim balasan ke "responServer/2309MAS001"

[2026-03-13 12:07:09]
Menerima pesan dari: dariMCU/2309MAS002 - Pesan: {"nokartu":"5399F8E4","idchip":"1165251","nodevice":"2309MAS002","key":"1234567890987654321","ipa":"10.10.25.51"}
[2026-03-13 12:07:09]
Berhasil merespon "dariMCU/2309MAS002" : {"respon":[{"id":"1165251","nodevice":"2309MAS002","message":"SMPM","info":"Muhammad Rayhan Saputra--Anda Sudah melakukan Presensi","nokartu":"5399F8E4"}]}
Berhasil kirim balasan ke "responServer/2309MAS002"

[2026-03-13 12:07:11]
Menerima pesan dari: dariMCU/2309MAS003 - Pesan: {"nokartu":"2304ECE4","idchip":"16581755","nodevice":"2309MAS003","key":"1234567890987654321","ipa":"10.10.1.23"}
[2026-03-13 12:07:11]
Berhasil merespon "dariMCU/2309MAS003" : {"respon":[{"id":"16581755","nodevice":"2309MAS003","message":"BMPE","info":"Danar Herdiansyah--Berhasil Presensi -Mulai-","nokartu":"2304ECE4"}]}
Berhasil kirim balasan ke "responServer/2309MAS003"

[2026-03-13 12:07:30]
Menerima pesan dari: dariMCU/2309MAS003 - Pesan: {"nokartu":"D307C5E2","idchip":"16581755","nodevice":"2309MAS003","key":"1234567890987654321","ipa":"10.10.1.23"}
[2026-03-13 12:07:30]
Berhasil merespon "dariMCU/2309MAS003" : {"respon":[{"id":"16581755","nodevice":"2309MAS003","message":"BMPE","info":"Muhammad Andika Dwi Permana--Berhasil Presensi -Mulai-","nokartu":"D307C5E2"}]}
Berhasil kirim balasan ke "responServer/2309MAS003"

[2026-03-13 12:07:31]
Menerima pesan dari: dariMCU/2309MAS002 - Pesan: {"nokartu":"9358B3E2","idchip":"1165251","nodevice":"2309MAS002","key":"1234567890987654321","ipa":"10.10.25.51"}
[2026-03-13 12:07:31]
Berhasil merespon "dariMCU/2309MAS002" : {"respon":[{"id":"1165251","nodevice":"2309MAS002","message":"BMPE","info":"Satya Azzidan--Berhasil Presensi -Mulai-","nokartu":"9358B3E2"}]}
Berhasil kirim balasan ke "responServer/2309MAS002"

[2026-03-13 12:07:33]
Menerima pesan dari: dariMCU/2309MAS001 - Pesan: {"nokartu":"2304ECE4","idchip":"4115046","nodevice":"2309MAS001","key":"1234567890987654321","ipa":"10.10.25.50"}
[2026-03-13 12:07:33]
Berhasil merespon "dariMCU/2309MAS001" : {"respon":[{"id":"4115046","nodevice":"2309MAS001","message":"SMPM","info":"Danar Herdiansyah--Anda Sudah melakukan Presensi","nokartu":"2304ECE4"}]}
Berhasil kirim balasan ke "responServer/2309MAS001"

[2026-03-13 12:07:36]
Menerima pesan dari: dariMCU/2309MAS001 - Pesan: {"nokartu":"E3589FE2","idchip":"4115046","nodevice":"2309MAS001","key":"1234567890987654321","ipa":"10.10.25.50"}
[2026-03-13 12:07:36]
Berhasil merespon "dariMCU/2309MAS001" : {"respon":[{"id":"4115046","nodevice":"2309MAS001","message":"BMPE","info":"Affan Widyatmoko--Berhasil Presensi -Mulai-","nokartu":"E3589FE2"}]}
Berhasil kirim balasan ke "responServer/2309MAS001"

[2026-03-13 12:07:37]
Menerima pesan dari: dariMCU/2309MAS003 - Pesan: {"nokartu":"0017D05D","idchip":"16581755","nodevice":"2309MAS003","key":"1234567890987654321","ipa":"10.10.1.23"}
[2026-03-13 12:07:37]
Berhasil merespon "dariMCU/2309MAS003" : {"respon":[{"id":"16581755","nodevice":"2309MAS003","message":"BMPE","info":"Ata  Al Karim--Berhasil Presensi -Mulai-","nokartu":"0017D05D"}]}
Berhasil kirim balasan ke "responServer/2309MAS003"

[2026-03-13 12:07:39]
Menerima pesan dari: dariMCU/2309MAS002 - Pesan: {"nokartu":"9358B3E2","idchip":"1165251","nodevice":"2309MAS002","key":"1234567890987654321","ipa":"10.10.25.51"}
[2026-03-13 12:07:39]
Berhasil merespon "dariMCU/2309MAS002" : {"respon":[{"id":"1165251","nodevice":"2309MAS002","message":"SMPM","info":"Satya Azzidan--Anda Sudah melakukan Presensi","nokartu":"9358B3E2"}]}
Berhasil kirim balasan ke "responServer/2309MAS002"

[2026-03-13 12:07:46]
Menerima pesan dari: dariMCU/2309MAS001 - Pesan: {"nokartu":"F019465C","idchip":"4115046","nodevice":"2309MAS001","key":"1234567890987654321","ipa":"10.10.25.50"}
[2026-03-13 12:07:46]
Berhasil merespon "dariMCU/2309MAS001" : {"respon":[{"id":"4115046","nodevice":"2309MAS001","message":"BMPE","info":"Zada Siraj--Berhasil Presensi -Mulai-","nokartu":"F019465C"}]}
Berhasil kirim balasan ke "responServer/2309MAS001"

[2026-03-13 12:07:58]
Menerima pesan dari: dariMCU/2309MAS001 - Pesan: {"nokartu":"1B9A88AA","idchip":"4115046","nodevice":"2309MAS001","key":"1234567890987654321","ipa":"10.10.25.50"}
[2026-03-13 12:07:58]
Berhasil merespon "dariMCU/2309MAS001" : {"respon":[{"id":"4115046","nodevice":"2309MAS001","message":"BMPE","info":"ZAUFAN RIZAL FARIZKI--Berhasil Presensi -Mulai-","nokartu":"1B9A88AA"}]}
Berhasil kirim balasan ke "responServer/2309MAS001"

[2026-03-13 12:08:00]
Menerima pesan dari: dariMCU/2309MAS003 - Pesan: {"nokartu":"1B9A88AA","idchip":"16581755","nodevice":"2309MAS003","key":"1234567890987654321","ipa":"10.10.1.23"}
[2026-03-13 12:08:00]
Berhasil merespon "dariMCU/2309MAS003" : {"respon":[{"id":"16581755","nodevice":"2309MAS003","message":"SMPM","info":"ZAUFAN RIZAL FARIZKI--Anda Sudah melakukan Presensi","nokartu":"1B9A88AA"}]}
Berhasil kirim balasan ke "responServer/2309MAS003"

[2026-03-13 12:10:34]
Menerima pesan dari: dariMCU/2309IZ003 - Pesan: {"nokartu":"89399CA6","idchip":"7737844","nodevice":"2309IZ003","key":"1234567890987654321","ipa":"10.10.25.71"}
[2026-03-13 12:10:34]
Berhasil merespon "dariMCU/2309IZ003" : {"respon":[{"id":"7737844","nodevice":"2309IZ003","message":"BMPE","info":"RIMA VISA RIZQI--Berhasil Presensi -Mulai-","nokartu":"89399CA6"}]}
Berhasil kirim balasan ke "responServer/2309IZ003"

[2026-03-13 12:10:41]
Menerima pesan dari: dariMCU/2309MAS003 - Pesan: {"nokartu":"132FB5E2","idchip":"16581755","nodevice":"2309MAS003","key":"1234567890987654321","ipa":"10.10.1.23"}
[2026-03-13 12:10:41]
Berhasil merespon "dariMCU/2309MAS003" : {"respon":[{"id":"16581755","nodevice":"2309MAS003","message":"BMPE","info":"GEBRI SATRIA ARDIYANSYAH--Berhasil Presensi -Mulai-","nokartu":"132FB5E2"}]}
Berhasil kirim balasan ke "responServer/2309MAS003"

[2026-03-13 12:10:42]
Menerima pesan dari: dariMCU/2309IZ003 - Pesan: {"nokartu":"68FB8ED3","idchip":"7737844","nodevice":"2309IZ003","key":"1234567890987654321","ipa":"10.10.25.71"}
[2026-03-13 12:10:42]
Berhasil merespon "dariMCU/2309IZ003" : {"respon":[{"id":"7737844","nodevice":"2309IZ003","message":"BMPE","info":"TYAS SELVIANA SARI--Berhasil Presensi -Mulai-","nokartu":"68FB8ED3"}]}
Berhasil kirim balasan ke "responServer/2309IZ003"

[2026-03-13 12:10:48]
Menerima pesan dari: dariMCU/2309IZ003 - Pesan: {"nokartu":"984D62D3","idchip":"7737844","nodevice":"2309IZ003","key":"1234567890987654321","ipa":"10.10.25.71"}
[2026-03-13 12:10:48]
Berhasil merespon "dariMCU/2309IZ003" : {"respon":[{"id":"7737844","nodevice":"2309IZ003","message":"BMPE","info":"MERCYANA VALENCYA FERNANDA--Berhasil Presensi -Mulai-","nokartu":"984D62D3"}]}
Berhasil kirim balasan ke "responServer/2309IZ003"

[2026-03-13 12:10:56]
Menerima pesan dari: dariMCU/2309IZ003 - Pesan: {"nokartu":"89399CA6","idchip":"7737844","nodevice":"2309IZ003","key":"1234567890987654321","ipa":"10.10.25.71"}
[2026-03-13 12:10:56]
Berhasil merespon "dariMCU/2309IZ003" : {"respon":[{"id":"7737844","nodevice":"2309IZ003","message":"SMPM","info":"RIMA VISA RIZQI--Anda Sudah melakukan Presensi","nokartu":"89399CA6"}]}
Berhasil kirim balasan ke "responServer/2309IZ003"

[2026-03-13 12:11:02]
Menerima pesan dari: dariMCU/2309MAS002 - Pesan: {"nokartu":"C38C70E4","idchip":"1165251","nodevice":"2309MAS002","key":"1234567890987654321","ipa":"10.10.25.51"}
[2026-03-13 12:11:02]
Berhasil merespon "dariMCU/2309MAS002" : {"respon":[{"id":"1165251","nodevice":"2309MAS002","message":"BMPE","info":"NOVAL FENDI KURNIAWAN--Berhasil Presensi -Mulai-","nokartu":"C38C70E4"}]}
Berhasil kirim balasan ke "responServer/2309MAS002"

[2026-03-13 12:11:03]
Menerima pesan dari: dariMCU/2309MAS003 - Pesan: {"nokartu":"23C5C3E2","idchip":"16581755","nodevice":"2309MAS003","key":"1234567890987654321","ipa":"10.10.1.23"}
[2026-03-13 12:11:03]
Berhasil merespon "dariMCU/2309MAS003" : {"respon":[{"id":"16581755","nodevice":"2309MAS003","message":"BMPE","info":"NI AM CHOIRIL UMMAM RAHAYU--Berhasil Presensi -Mulai-","nokartu":"23C5C3E2"}]}
Berhasil kirim balasan ke "responServer/2309MAS003"

[2026-03-13 12:11:10]
Menerima pesan dari: dariMCU/2309IZ003 - Pesan: {"nokartu":"68FB8ED3","idchip":"7737844","nodevice":"2309IZ003","key":"1234567890987654321","ipa":"10.10.25.71"}
[2026-03-13 12:11:10]
Berhasil merespon "dariMCU/2309IZ003" : {"respon":[{"id":"7737844","nodevice":"2309IZ003","message":"SMPM","info":"TYAS SELVIANA SARI--Anda Sudah melakukan Presensi","nokartu":"68FB8ED3"}]}
Berhasil kirim balasan ke "responServer/2309IZ003"

[2026-03-13 12:11:11]
Menerima pesan dari: dariMCU/2309MAS002 - Pesan: {"nokartu":"23C5C3E2","idchip":"1165251","nodevice":"2309MAS002","key":"1234567890987654321","ipa":"10.10.25.51"}
[2026-03-13 12:11:11]
Berhasil merespon "dariMCU/2309MAS002" : {"respon":[{"id":"1165251","nodevice":"2309MAS002","message":"SMPM","info":"NI AM CHOIRIL UMMAM RAHAYU--Anda Sudah melakukan Presensi","nokartu":"23C5C3E2"}]}
Berhasil kirim balasan ke "responServer/2309MAS002"

[2026-03-13 12:11:15]
Menerima pesan dari: dariMCU/2309IZ003 - Pesan: {"nokartu":"984D62D3","idchip":"7737844","nodevice":"2309IZ003","key":"1234567890987654321","ipa":"10.10.25.71"}
[2026-03-13 12:11:15]
Berhasil merespon "dariMCU/2309IZ003" : {"respon":[{"id":"7737844","nodevice":"2309IZ003","message":"SMPM","info":"MERCYANA VALENCYA FERNANDA--Anda Sudah melakukan Presensi","nokartu":"984D62D3"}]}
Berhasil kirim balasan ke "responServer/2309IZ003"

[2026-03-13 12:11:17]
Menerima pesan dari: dariMCU/2309MAS002 - Pesan: {"nokartu":"C38C70E4","idchip":"1165251","nodevice":"2309MAS002","key":"1234567890987654321","ipa":"10.10.25.51"}
[2026-03-13 12:11:17]
Berhasil merespon "dariMCU/2309MAS002" : {"respon":[{"id":"1165251","nodevice":"2309MAS002","message":"SMPM","info":"NOVAL FENDI KURNIAWAN--Anda Sudah melakukan Presensi","nokartu":"C38C70E4"}]}
Berhasil kirim balasan ke "responServer/2309MAS002"

[2026-03-13 12:11:19]
Menerima pesan dari: dariMCU/2309IZ003 - Pesan: {"nokartu":"68FB8ED3","idchip":"7737844","nodevice":"2309IZ003","key":"1234567890987654321","ipa":"10.10.25.71"}
[2026-03-13 12:11:19]
Berhasil merespon "dariMCU/2309IZ003" : {"respon":[{"id":"7737844","nodevice":"2309IZ003","message":"SMPM","info":"TYAS SELVIANA SARI--Anda Sudah melakukan Presensi","nokartu":"68FB8ED3"}]}
Berhasil kirim balasan ke "responServer/2309IZ003"

[2026-03-13 12:11:29]
Menerima pesan dari: dariMCU/2309IZ003 - Pesan: {"nokartu":"68FB8ED3","idchip":"7737844","nodevice":"2309IZ003","key":"1234567890987654321","ipa":"10.10.25.71"}
[2026-03-13 12:11:29]
Berhasil merespon "dariMCU/2309IZ003" : {"respon":[{"id":"7737844","nodevice":"2309IZ003","message":"SMPM","info":"TYAS SELVIANA SARI--Anda Sudah melakukan Presensi","nokartu":"68FB8ED3"}]}
Berhasil kirim balasan ke "responServer/2309IZ003"

[2026-03-13 12:11:32]
Menerima pesan dari: dariMCU/2309MAS001 - Pesan: {"nokartu":"63A2ECE4","idchip":"4115046","nodevice":"2309MAS001","key":"1234567890987654321","ipa":"10.10.25.50"}
[2026-03-13 12:11:32]
Berhasil merespon "dariMCU/2309MAS001" : {"respon":[{"id":"4115046","nodevice":"2309MAS001","message":"BMPE","info":"Narendra Andrian Nova--Berhasil Presensi -Mulai-","nokartu":"63A2ECE4"}]}
Berhasil kirim balasan ke "responServer/2309MAS001"

[2026-03-13 12:11:33]
Menerima pesan dari: dariMCU/2309IZ003 - Pesan: {"nokartu":"984D62D3","idchip":"7737844","nodevice":"2309IZ003","key":"1234567890987654321","ipa":"10.10.25.71"}
[2026-03-13 12:11:33]
Berhasil merespon "dariMCU/2309IZ003" : {"respon":[{"id":"7737844","nodevice":"2309IZ003","message":"SMPM","info":"MERCYANA VALENCYA FERNANDA--Anda Sudah melakukan Presensi","nokartu":"984D62D3"}]}
Berhasil kirim balasan ke "responServer/2309IZ003"

[2026-03-13 12:11:50]
Menerima pesan dari: dariMCU/2309MAS003 - Pesan: {"nokartu":"C39B9EE2","idchip":"16581755","nodevice":"2309MAS003","key":"1234567890987654321","ipa":"10.10.1.23"}
[2026-03-13 12:11:50]
Berhasil merespon "dariMCU/2309MAS003" : {"respon":[{"id":"16581755","nodevice":"2309MAS003","message":"BMPE","info":"Iqbal Yoga Krisnawan--Berhasil Presensi -Mulai-","nokartu":"C39B9EE2"}]}
Berhasil kirim balasan ke "responServer/2309MAS003"

[2026-03-13 12:11:55]
Menerima pesan dari: dariMCU/2309MAS001 - Pesan: {"nokartu":"C3C663E4","idchip":"4115046","nodevice":"2309MAS001","key":"1234567890987654321","ipa":"10.10.25.50"}
[2026-03-13 12:11:55]
Berhasil merespon "dariMCU/2309MAS001" : {"respon":[{"id":"4115046","nodevice":"2309MAS001","message":"BMPE","info":"Ridho--Berhasil Presensi -Mulai-","nokartu":"C3C663E4"}]}
Berhasil kirim balasan ke "responServer/2309MAS001"

[2026-03-13 12:12:15]
Menerima pesan dari: dariMCU/2309MAS001 - Pesan: {"nokartu":"03F1E8E4","idchip":"4115046","nodevice":"2309MAS001","key":"1234567890987654321","ipa":"10.10.25.50"}
[2026-03-13 12:12:15]
Berhasil merespon "dariMCU/2309MAS001" : {"respon":[{"id":"4115046","nodevice":"2309MAS001","message":"BMPE","info":"Arifudin Anjar Sukmajati--Berhasil Presensi -Mulai-","nokartu":"03F1E8E4"}]}
Berhasil kirim balasan ke "responServer/2309MAS001"

[2026-03-13 12:12:21]
Menerima pesan dari: dariMCU/2309MAS002 - Pesan: {"nokartu":"03F1E8E4","idchip":"1165251","nodevice":"2309MAS002","key":"1234567890987654321","ipa":"10.10.25.51"}
[2026-03-13 12:12:21]
Berhasil merespon "dariMCU/2309MAS002" : {"respon":[{"id":"1165251","nodevice":"2309MAS002","message":"SMPM","info":"Arifudin Anjar Sukmajati--Anda Sudah melakukan Presensi","nokartu":"03F1E8E4"}]}
Berhasil kirim balasan ke "responServer/2309MAS002"

[2026-03-13 12:12:24]
Menerima pesan dari: dariMCU/2309MAS003 - Pesan: {"nokartu":"83F3A1E2","idchip":"16581755","nodevice":"2309MAS003","key":"1234567890987654321","ipa":"10.10.1.23"}
[2026-03-13 12:12:24]
Berhasil merespon "dariMCU/2309MAS003" : {"respon":[{"id":"16581755","nodevice":"2309MAS003","message":"BMPE","info":"Yoga Andi Kurniawan--Berhasil Presensi -Mulai-","nokartu":"83F3A1E2"}]}
Berhasil kirim balasan ke "responServer/2309MAS003"

[2026-03-13 12:12:42]
Menerima pesan dari: dariMCU/2309MAS003 - Pesan: {"nokartu":"1369FAE4","idchip":"16581755","nodevice":"2309MAS003","key":"1234567890987654321","ipa":"10.10.1.23"}
[2026-03-13 12:12:42]
Berhasil merespon "dariMCU/2309MAS003" : {"respon":[{"id":"16581755","nodevice":"2309MAS003","message":"BMPE","info":"Fuad Ni Am Ansori--Berhasil Presensi -Mulai-","nokartu":"1369FAE4"}]}
Berhasil kirim balasan ke "responServer/2309MAS003"

[2026-03-13 12:13:16]
Menerima pesan dari: dariMCU/2309MAS003 - Pesan: {"nokartu":"033A81E2","idchip":"16581755","nodevice":"2309MAS003","key":"1234567890987654321","ipa":"10.10.1.23"}
[2026-03-13 12:13:16]
Berhasil merespon "dariMCU/2309MAS003" : {"respon":[{"id":"16581755","nodevice":"2309MAS003","message":"IDTT","info":"Kartu ID ini--belum terdaftar","nokartu":"033A81E2"}]}
Berhasil kirim balasan ke "responServer/2309MAS003"

[2026-03-13 12:13:19]
Menerima pesan dari: dariMCU/2309MAS002 - Pesan: {"nokartu":"53AAF7E4","idchip":"1165251","nodevice":"2309MAS002","key":"1234567890987654321","ipa":"10.10.25.51"}
[2026-03-13 12:13:19]
Berhasil merespon "dariMCU/2309MAS002" : {"respon":[{"id":"1165251","nodevice":"2309MAS002","message":"BMPE","info":"Agung Rakhmadi--Berhasil Presensi -Mulai-","nokartu":"53AAF7E4"}]}
Berhasil kirim balasan ke "responServer/2309MAS002"

[2026-03-13 12:13:27]
Menerima pesan dari: dariMCU/2309MAS003 - Pesan: {"nokartu":"53AAF7E4","idchip":"16581755","nodevice":"2309MAS003","key":"1234567890987654321","ipa":"10.10.1.23"}
[2026-03-13 12:13:27]
Berhasil merespon "dariMCU/2309MAS003" : {"respon":[{"id":"16581755","nodevice":"2309MAS003","message":"SMPM","info":"Agung Rakhmadi--Anda Sudah melakukan Presensi","nokartu":"53AAF7E4"}]}
Berhasil kirim balasan ke "responServer/2309MAS003"

[2026-03-13 12:13:32]
Menerima pesan dari: dariMCU/2309MAS002 - Pesan: {"nokartu":"53AAF7E4","idchip":"1165251","nodevice":"2309MAS002","key":"1234567890987654321","ipa":"10.10.25.51"}
[2026-03-13 12:13:32]
Berhasil merespon "dariMCU/2309MAS002" : {"respon":[{"id":"1165251","nodevice":"2309MAS002","message":"SMPM","info":"Agung Rakhmadi--Anda Sudah melakukan Presensi","nokartu":"53AAF7E4"}]}
Berhasil kirim balasan ke "responServer/2309MAS002"

[2026-03-13 12:13:35]
Menerima pesan dari: dariMCU/2309MAS003 - Pesan: {"nokartu":"53AAF7E4","idchip":"16581755","nodevice":"2309MAS003","key":"1234567890987654321","ipa":"10.10.1.23"}
[2026-03-13 12:13:35]
Berhasil merespon "dariMCU/2309MAS003" : {"respon":[{"id":"16581755","nodevice":"2309MAS003","message":"SMPM","info":"Agung Rakhmadi--Anda Sudah melakukan Presensi","nokartu":"53AAF7E4"}]}
Berhasil kirim balasan ke "responServer/2309MAS003"

[2026-03-13 12:13:38]
Menerima pesan dari: dariMCU/2309MAS002 - Pesan: {"nokartu":"033A81E2","idchip":"1165251","nodevice":"2309MAS002","key":"1234567890987654321","ipa":"10.10.25.51"}
[2026-03-13 12:13:38]
Berhasil merespon "dariMCU/2309MAS002" : {"respon":[{"id":"1165251","nodevice":"2309MAS002","message":"IDTT","info":"Kartu ID ini--belum terdaftar","nokartu":"033A81E2"}]}
Berhasil kirim balasan ke "responServer/2309MAS002"

[2026-03-13 12:13:53]
Menerima pesan dari: dariMCU/2309MAS002 - Pesan: {"nokartu":"033A81E2","idchip":"1165251","nodevice":"2309MAS002","key":"1234567890987654321","ipa":"10.10.25.51"}
[2026-03-13 12:13:53]
Berhasil merespon "dariMCU/2309MAS002" : {"respon":[{"id":"1165251","nodevice":"2309MAS002","message":"IDTT","info":"Kartu ID ini--belum terdaftar","nokartu":"033A81E2"}]}
Berhasil kirim balasan ke "responServer/2309MAS002"

[2026-03-13 12:17:59]
Menerima pesan dari: dariMCU/2309MAS003 - Pesan: {"nokartu":"641549CB","idchip":"16581755","nodevice":"2309MAS003","key":"1234567890987654321","ipa":"10.10.1.23"}
[2026-03-13 12:17:59]
Berhasil merespon "dariMCU/2309MAS003" : {"respon":[{"id":"16581755","nodevice":"2309MAS003","message":"BMPE","info":"ARDAN ARDI LAKSONO--Berhasil Presensi -Mulai-","nokartu":"641549CB"}]}
Berhasil kirim balasan ke "responServer/2309MAS003"

[2026-03-13 12:18:00]
Menerima pesan dari: dariMCU/2309MAS002 - Pesan: {"nokartu":"83A3ACE2","idchip":"1165251","nodevice":"2309MAS002","key":"1234567890987654321","ipa":"10.10.25.51"}
[2026-03-13 12:18:00]
Berhasil merespon "dariMCU/2309MAS002" : {"respon":[{"id":"1165251","nodevice":"2309MAS002","message":"BMPE","info":"Muhammad Gibran Alfarizi--Berhasil Presensi -Mulai-","nokartu":"83A3ACE2"}]}
Berhasil kirim balasan ke "responServer/2309MAS002"

[2026-03-13 12:18:00]
Menerima pesan dari: dariMCU/2309MAS002 - Pesan: {"nokartu":"83A3ACE2","idchip":"1165251","nodevice":"2309MAS002","key":"1234567890987654321","ipa":"10.10.25.51"}
[2026-03-13 12:18:00]
Berhasil merespon "dariMCU/2309MAS002" : {"respon":[{"id":"1165251","nodevice":"2309MAS002","message":"SMPM","info":"Muhammad Gibran Alfarizi--Anda Sudah melakukan Presensi","nokartu":"83A3ACE2"}]}
Berhasil kirim balasan ke "responServer/2309MAS002"

[2026-03-13 12:18:08]
Menerima pesan dari: dariMCU/2309MAS003 - Pesan: {"nokartu":"83A3ACE2","idchip":"16581755","nodevice":"2309MAS003","key":"1234567890987654321","ipa":"10.10.1.23"}
[2026-03-13 12:18:08]
Berhasil merespon "dariMCU/2309MAS003" : {"respon":[{"id":"16581755","nodevice":"2309MAS003","message":"SMPM","info":"Muhammad Gibran Alfarizi--Anda Sudah melakukan Presensi","nokartu":"83A3ACE2"}]}
Berhasil kirim balasan ke "responServer/2309MAS003"

[2026-03-13 12:18:19]
Menerima pesan dari: dariMCU/2309MAS003 - Pesan: {"nokartu":"83A3ACE2","idchip":"16581755","nodevice":"2309MAS003","key":"1234567890987654321","ipa":"10.10.1.23"}
[2026-03-13 12:18:19]
Berhasil merespon "dariMCU/2309MAS003" : {"respon":[{"id":"16581755","nodevice":"2309MAS003","message":"SMPM","info":"Muhammad Gibran Alfarizi--Anda Sudah melakukan Presensi","nokartu":"83A3ACE2"}]}
Berhasil kirim balasan ke "responServer/2309MAS003"

[2026-03-13 12:18:25]
Menerima pesan dari: dariMCU/2309MAS003 - Pesan: {"nokartu":"433D53E4","idchip":"16581755","nodevice":"2309MAS003","key":"1234567890987654321","ipa":"10.10.1.23"}
[2026-03-13 12:18:25]
Berhasil merespon "dariMCU/2309MAS003" : {"respon":[{"id":"16581755","nodevice":"2309MAS003","message":"BMPE","info":"Briyan Ragil Saputro--Berhasil Presensi -Mulai-","nokartu":"433D53E4"}]}
Berhasil kirim balasan ke "responServer/2309MAS003"

[2026-03-13 12:18:31]
Menerima pesan dari: dariMCU/2309MAS002 - Pesan: {"nokartu":"433D53E4","idchip":"1165251","nodevice":"2309MAS002","key":"1234567890987654321","ipa":"10.10.25.51"}
[2026-03-13 12:18:31]
Berhasil merespon "dariMCU/2309MAS002" : {"respon":[{"id":"1165251","nodevice":"2309MAS002","message":"SMPM","info":"Briyan Ragil Saputro--Anda Sudah melakukan Presensi","nokartu":"433D53E4"}]}
Berhasil kirim balasan ke "responServer/2309MAS002"

[2026-03-13 12:18:51]
Menerima pesan dari: dariMCU/2309MAS003 - Pesan: {"nokartu":"E33B9DE2","idchip":"16581755","nodevice":"2309MAS003","key":"1234567890987654321","ipa":"10.10.1.23"}
[2026-03-13 12:18:51]
Berhasil merespon "dariMCU/2309MAS003" : {"respon":[{"id":"16581755","nodevice":"2309MAS003","message":"BMPE","info":"Faldi Irgi Firmansyah--Berhasil Presensi -Mulai-","nokartu":"E33B9DE2"}]}
Berhasil kirim balasan ke "responServer/2309MAS003"

[2026-03-13 12:25:22]
Menerima pesan dari: dariMCU/2309MAS003 - Pesan: {"nokartu":"2A1207C3","idchip":"16581755","nodevice":"2309MAS003","key":"1234567890987654321","ipa":"10.10.1.23"}
[2026-03-13 12:25:22]
Berhasil merespon "dariMCU/2309MAS003" : {"respon":[{"id":"16581755","nodevice":"2309MAS003","message":"BMPE","info":"MUHAMMAD FEBRIANSYAH PRATAMA--Berhasil Presensi -Mulai-","nokartu":"2A1207C3"}]}
Berhasil kirim balasan ke "responServer/2309MAS003"

[2026-03-13 12:25:30]
Menerima pesan dari: dariMCU/2309MAS003 - Pesan: {"nokartu":"D3F8EFE4","idchip":"16581755","nodevice":"2309MAS003","key":"1234567890987654321","ipa":"10.10.1.23"}
[2026-03-13 12:25:30]
Berhasil merespon "dariMCU/2309MAS003" : {"respon":[{"id":"16581755","nodevice":"2309MAS003","message":"BMPE","info":"HANIF AFANDI--Berhasil Presensi -Mulai-","nokartu":"D3F8EFE4"}]}
Berhasil kirim balasan ke "responServer/2309MAS003"

[2026-03-13 12:25:33]
Menerima pesan dari: dariMCU/2309MAS003 - Pesan: {"nokartu":"A39066E4","idchip":"16581755","nodevice":"2309MAS003","key":"1234567890987654321","ipa":"10.10.1.23"}
[2026-03-13 12:25:33]
Berhasil merespon "dariMCU/2309MAS003" : {"respon":[{"id":"16581755","nodevice":"2309MAS003","message":"BMPE","info":"Muhammad Mahiib Nawaaf Faiz--Berhasil Presensi -Mulai-","nokartu":"A39066E4"}]}
Berhasil kirim balasan ke "responServer/2309MAS003"

[2026-03-13 12:25:34]
Menerima pesan dari: dariMCU/2309MAS001 - Pesan: {"nokartu":"131701E3","idchip":"4115046","nodevice":"2309MAS001","key":"1234567890987654321","ipa":"10.10.25.50"}
[2026-03-13 12:25:34]
Berhasil merespon "dariMCU/2309MAS001" : {"respon":[{"id":"4115046","nodevice":"2309MAS001","message":"SMPM","info":"Afra Pramudya Haswan Yusufpranowo--Anda Sudah melakukan Presensi","nokartu":"131701E3"}]}
Berhasil kirim balasan ke "responServer/2309MAS001"

[2026-03-13 12:25:44]
Menerima pesan dari: dariMCU/2309MAS003 - Pesan: {"nokartu":"E428D9CB","idchip":"16581755","nodevice":"2309MAS003","key":"1234567890987654321","ipa":"10.10.1.23"}
[2026-03-13 12:25:44]
Berhasil merespon "dariMCU/2309MAS003" : {"respon":[{"id":"16581755","nodevice":"2309MAS003","message":"SMPM","info":"ADHIMAS TYOFARIDHO IHZA HAFIDZ--Anda Sudah melakukan Presensi","nokartu":"E428D9CB"}]}
Berhasil kirim balasan ke "responServer/2309MAS003"

[2026-03-13 12:26:56]
Menerima pesan dari: dariMCU/2309MAS001 - Pesan: {"nokartu":"A5015CCA","idchip":"4115046","nodevice":"2309MAS001","key":"1234567890987654321","ipa":"10.10.25.50"}
[2026-03-13 12:26:56]
Berhasil merespon "dariMCU/2309MAS001" : {"respon":[{"id":"4115046","nodevice":"2309MAS001","message":"BMPE","info":"HAFIZ WAHYU IRMAWAN--Berhasil Presensi -Mulai-","nokartu":"A5015CCA"}]}
Berhasil kirim balasan ke "responServer/2309MAS001"

[2026-03-13 12:26:57]
Menerima pesan dari: dariMCU/2309MAS003 - Pesan: {"nokartu":"A5015CCA","idchip":"16581755","nodevice":"2309MAS003","key":"1234567890987654321","ipa":"10.10.1.23"}
[2026-03-13 12:26:57]
Berhasil merespon "dariMCU/2309MAS003" : {"respon":[{"id":"16581755","nodevice":"2309MAS003","message":"SMPM","info":"HAFIZ WAHYU IRMAWAN--Anda Sudah melakukan Presensi","nokartu":"A5015CCA"}]}
Berhasil kirim balasan ke "responServer/2309MAS003"

[2026-03-13 12:26:57]
Menerima pesan dari: dariMCU/2309MAS002 - Pesan: {"nokartu":"641549CB","idchip":"1165251","nodevice":"2309MAS002","key":"1234567890987654321","ipa":"10.10.25.51"}
[2026-03-13 12:26:57]
Berhasil merespon "dariMCU/2309MAS002" : {"respon":[{"id":"1165251","nodevice":"2309MAS002","message":"SMPM","info":"ARDAN ARDI LAKSONO--Anda Sudah melakukan Presensi","nokartu":"641549CB"}]}
Berhasil kirim balasan ke "responServer/2309MAS002"

[2026-03-13 12:29:22]
Menerima pesan dari: dariMCU/2309MAS001 - Pesan: {"nokartu":"C394BDE2","idchip":"4115046","nodevice":"2309MAS001","key":"1234567890987654321","ipa":"10.10.25.50"}
[2026-03-13 12:29:22]
Berhasil merespon "dariMCU/2309MAS001" : {"respon":[{"id":"4115046","nodevice":"2309MAS001","message":"BMPE","info":"Alisya Widiya Ningrum--Berhasil Presensi -Mulai-","nokartu":"C394BDE2"}]}
Berhasil kirim balasan ke "responServer/2309MAS001"

[2026-03-13 12:29:29]
Menerima pesan dari: dariMCU/2309MAS001 - Pesan: {"nokartu":"23BC59E4","idchip":"4115046","nodevice":"2309MAS001","key":"1234567890987654321","ipa":"10.10.25.50"}
[2026-03-13 12:29:29]
Berhasil merespon "dariMCU/2309MAS001" : {"respon":[{"id":"4115046","nodevice":"2309MAS001","message":"BMPE","info":"Velia Saskurina--Berhasil Presensi -Mulai-","nokartu":"23BC59E4"}]}
Berhasil kirim balasan ke "responServer/2309MAS001"

[2026-03-13 12:29:32]
Menerima pesan dari: dariMCU/2309MAS003 - Pesan: {"nokartu":"A3DD9FE2","idchip":"16581755","nodevice":"2309MAS003","key":"1234567890987654321","ipa":"10.10.1.23"}
[2026-03-13 12:29:32]
Berhasil merespon "dariMCU/2309MAS003" : {"respon":[{"id":"16581755","nodevice":"2309MAS003","message":"BMPE","info":"Natisya Chaerunisa--Berhasil Presensi -Mulai-","nokartu":"A3DD9FE2"}]}
Berhasil kirim balasan ke "responServer/2309MAS003"

[2026-03-13 12:29:38]
Menerima pesan dari: dariMCU/2309MAS002 - Pesan: {"nokartu":"637CBAE2","idchip":"1165251","nodevice":"2309MAS002","key":"1234567890987654321","ipa":"10.10.25.51"}
[2026-03-13 12:29:38]
Berhasil merespon "dariMCU/2309MAS002" : {"respon":[{"id":"1165251","nodevice":"2309MAS002","message":"BMPE","info":"Ayudia Fara--Berhasil Presensi -Mulai-","nokartu":"637CBAE2"}]}
Berhasil kirim balasan ke "responServer/2309MAS002"

[2026-03-13 12:29:43]
Menerima pesan dari: dariMCU/2309MAS001 - Pesan: {"nokartu":"637CBAE2","idchip":"4115046","nodevice":"2309MAS001","key":"1234567890987654321","ipa":"10.10.25.50"}
[2026-03-13 12:29:43]
Berhasil merespon "dariMCU/2309MAS001" : {"respon":[{"id":"4115046","nodevice":"2309MAS001","message":"SMPM","info":"Ayudia Fara--Anda Sudah melakukan Presensi","nokartu":"637CBAE2"}]}
Berhasil kirim balasan ke "responServer/2309MAS001"

[2026-03-13 12:29:48]
Menerima pesan dari: dariMCU/2309MAS001 - Pesan: {"nokartu":"F3AA6CE4","idchip":"4115046","nodevice":"2309MAS001","key":"1234567890987654321","ipa":"10.10.25.50"}
[2026-03-13 12:29:48]
Berhasil merespon "dariMCU/2309MAS001" : {"respon":[{"id":"4115046","nodevice":"2309MAS001","message":"BMPE","info":"Sasa Livia Rosada--Berhasil Presensi -Mulai-","nokartu":"F3AA6CE4"}]}
Berhasil kirim balasan ke "responServer/2309MAS001"

[2026-03-13 12:35:31]
Menerima pesan dari: dariMCU/2309MAS001 - Pesan: {"nokartu":"A3DD9FE2","idchip":"4115046","nodevice":"2309MAS001","key":"1234567890987654321","ipa":"10.10.25.50"}
[2026-03-13 12:35:31]
Berhasil merespon "dariMCU/2309MAS001" : {"respon":[{"id":"4115046","nodevice":"2309MAS001","message":"SMPM","info":"Natisya Chaerunisa--Anda Sudah melakukan Presensi","nokartu":"A3DD9FE2"}]}
Berhasil kirim balasan ke "responServer/2309MAS001"

[2026-03-13 12:40:53]
Menerima pesan dari: dariMCU/2309MAS003 - Pesan: {"nokartu":"75823EBF","idchip":"16581755","nodevice":"2309MAS003","key":"1234567890987654321","ipa":"10.10.1.23"}
[2026-03-13 12:40:53]
Berhasil merespon "dariMCU/2309MAS003" : {"respon":[{"id":"16581755","nodevice":"2309MAS003","message":"BMPE","info":"VIA ZAIDATUN NUROH--Berhasil Presensi -Mulai-","nokartu":"75823EBF"}]}
Berhasil kirim balasan ke "responServer/2309MAS003"

[2026-03-13 12:41:01]
Menerima pesan dari: dariMCU/2309MAS003 - Pesan: {"nokartu":"58EB07D3","idchip":"16581755","nodevice":"2309MAS003","key":"1234567890987654321","ipa":"10.10.1.23"}
[2026-03-13 12:41:01]
Berhasil merespon "dariMCU/2309MAS003" : {"respon":[{"id":"16581755","nodevice":"2309MAS003","message":"BMPE","info":"SYAFA BETA FEBRIANI--Berhasil Presensi -Mulai-","nokartu":"58EB07D3"}]}
Berhasil kirim balasan ke "responServer/2309MAS003"

[2026-03-13 12:41:02]
Menerima pesan dari: dariMCU/2309MAS001 - Pesan: {"nokartu":"75823EBF","idchip":"4115046","nodevice":"2309MAS001","key":"1234567890987654321","ipa":"10.10.25.50"}
[2026-03-13 12:41:02]
Berhasil merespon "dariMCU/2309MAS001" : {"respon":[{"id":"4115046","nodevice":"2309MAS001","message":"SMPM","info":"VIA ZAIDATUN NUROH--Anda Sudah melakukan Presensi","nokartu":"75823EBF"}]}
Berhasil kirim balasan ke "responServer/2309MAS001"

[2026-03-13 12:41:06]
Menerima pesan dari: dariMCU/2309MAS002 - Pesan: {"nokartu":"75823EBF","idchip":"1165251","nodevice":"2309MAS002","key":"1234567890987654321","ipa":"10.10.25.51"}
[2026-03-13 12:41:06]
Berhasil merespon "dariMCU/2309MAS002" : {"respon":[{"id":"1165251","nodevice":"2309MAS002","message":"SMPM","info":"VIA ZAIDATUN NUROH--Anda Sudah melakukan Presensi","nokartu":"75823EBF"}]}
Berhasil kirim balasan ke "responServer/2309MAS002"

[2026-03-13 12:41:09]
Menerima pesan dari: dariMCU/2309MAS001 - Pesan: {"nokartu":"58EB07D3","idchip":"4115046","nodevice":"2309MAS001","key":"1234567890987654321","ipa":"10.10.25.50"}
[2026-03-13 12:41:09]
Berhasil merespon "dariMCU/2309MAS001" : {"respon":[{"id":"4115046","nodevice":"2309MAS001","message":"SMPM","info":"SYAFA BETA FEBRIANI--Anda Sudah melakukan Presensi","nokartu":"58EB07D3"}]}
Berhasil kirim balasan ke "responServer/2309MAS001"

[2026-03-13 12:41:15]
Menerima pesan dari: dariMCU/2309MAS002 - Pesan: {"nokartu":"58EB07D3","idchip":"1165251","nodevice":"2309MAS002","key":"1234567890987654321","ipa":"10.10.25.51"}
[2026-03-13 12:41:15]
Berhasil merespon "dariMCU/2309MAS002" : {"respon":[{"id":"1165251","nodevice":"2309MAS002","message":"SMPM","info":"SYAFA BETA FEBRIANI--Anda Sudah melakukan Presensi","nokartu":"58EB07D3"}]}
Berhasil kirim balasan ke "responServer/2309MAS002"

