[2025-09-02 12:27:05]
Menerima pesan dari: dariMCU_2309MAS003 - Pesan: {"nokartu":"73C47105","idchip":"16581755","nodevice":"2309MAS003","key":"1234567890987654321","ipa":"10.10.3.148"}
[2025-09-02 12:27:05]
Berhasil merespon "dariMCU_2309MAS003" : {"respon":[{"id":"16581755","nodevice":"2309MAS003","message":"BMPE","info":"Zidan Galih Wicaksono--Berhasil Presensi -Mulai-","nokartu":"73C47105"}]}
Berhasil kirim balasan ke "responServer_2309MAS003"

[2025-09-02 12:27:09]
Menerima pesan dari: dariMCU_2309MAS003 - Pesan: {"nokartu":"73C47105","idchip":"16581755","nodevice":"2309MAS003","key":"1234567890987654321","ipa":"10.10.3.148"}
[2025-09-02 12:27:09]
Berhasil merespon "dariMCU_2309MAS003" : {"respon":[{"id":"16581755","nodevice":"2309MAS003","message":"510","info":"Zidan Galih Wicaksono--TERCATAT! 4 dtk lalu","nokartu":"73C47105"}]}
Berhasil kirim balasan ke "responServer_2309MAS003"

[2025-09-02 12:27:12]
Menerima pesan dari: dariMCU_2309MAS003 - Pesan: {"nokartu":"73C47105","idchip":"16581755","nodevice":"2309MAS003","key":"1234567890987654321","ipa":"10.10.3.148"}
[2025-09-02 12:27:12]
Berhasil merespon "dariMCU_2309MAS003" : {"respon":[{"id":"16581755","nodevice":"2309MAS003","message":"510","info":"Zidan Galih Wicaksono--TERCATAT! 7 dtk lalu","nokartu":"73C47105"}]}
Berhasil kirim balasan ke "responServer_2309MAS003"

[2025-09-02 12:27:16]
Menerima pesan dari: dariMCU_2309MAS003 - Pesan: {"nokartu":"73C47105","idchip":"16581755","nodevice":"2309MAS003","key":"1234567890987654321","ipa":"10.10.3.148"}
[2025-09-02 12:27:16]
Berhasil merespon "dariMCU_2309MAS003" : {"respon":[{"id":"16581755","nodevice":"2309MAS003","message":"510","info":"Zidan Galih Wicaksono--TERCATAT! 11 dtk lalu","nokartu":"73C47105"}]}
Berhasil kirim balasan ke "responServer_2309MAS003"

[2025-09-02 12:27:17]
Menerima pesan dari: dariMCU_2309MAS003 - Pesan: {"nokartu":"F3B47D05","idchip":"16581755","nodevice":"2309MAS003","key":"1234567890987654321","ipa":"10.10.3.148"}
[2025-09-02 12:27:17]
Berhasil merespon "dariMCU_2309MAS003" : {"respon":[{"id":"16581755","nodevice":"2309MAS003","message":"BMPE","info":"Fardhan Azmi Hafidh--Berhasil Presensi -Mulai-","nokartu":"F3B47D05"}]}
Berhasil kirim balasan ke "responServer_2309MAS003"

[2025-09-02 12:27:21]
Menerima pesan dari: dariMCU_2309MAS003 - Pesan: {"nokartu":"F3B47D05","idchip":"16581755","nodevice":"2309MAS003","key":"1234567890987654321","ipa":"10.10.3.148"}
[2025-09-02 12:27:21]
Berhasil merespon "dariMCU_2309MAS003" : {"respon":[{"id":"16581755","nodevice":"2309MAS003","message":"510","info":"Fardhan Azmi Hafidh--TERCATAT! 4 dtk lalu","nokartu":"F3B47D05"}]}
Berhasil kirim balasan ke "responServer_2309MAS003"

[2025-09-02 12:27:24]
Menerima pesan dari: dariMCU_2309MAS003 - Pesan: {"nokartu":"F3B47D05","idchip":"16581755","nodevice":"2309MAS003","key":"1234567890987654321","ipa":"10.10.3.148"}
[2025-09-02 12:27:24]
Berhasil merespon "dariMCU_2309MAS003" : {"respon":[{"id":"16581755","nodevice":"2309MAS003","message":"510","info":"Fardhan Azmi Hafidh--TERCATAT! 7 dtk lalu","nokartu":"F3B47D05"}]}
Berhasil kirim balasan ke "responServer_2309MAS003"

[2025-09-02 12:27:28]
Menerima pesan dari: dariMCU_2309MAS003 - Pesan: {"nokartu":"E33D7605","idchip":"16581755","nodevice":"2309MAS003","key":"1234567890987654321","ipa":"10.10.3.148"}
[2025-09-02 12:27:28]
Berhasil merespon "dariMCU_2309MAS003" : {"respon":[{"id":"16581755","nodevice":"2309MAS003","message":"BMPE","info":"Veri Yunanto--Berhasil Presensi -Mulai-","nokartu":"E33D7605"}]}
Berhasil kirim balasan ke "responServer_2309MAS003"

[2025-09-02 12:27:31]
Menerima pesan dari: dariMCU_2309MAS003 - Pesan: {"nokartu":"E33D7605","idchip":"16581755","nodevice":"2309MAS003","key":"1234567890987654321","ipa":"10.10.3.148"}
[2025-09-02 12:27:31]
Berhasil merespon "dariMCU_2309MAS003" : {"respon":[{"id":"16581755","nodevice":"2309MAS003","message":"510","info":"Veri Yunanto--TERCATAT! 3 dtk lalu","nokartu":"E33D7605"}]}
Berhasil kirim balasan ke "responServer_2309MAS003"

[2025-09-02 12:27:32]
Menerima pesan dari: dariMCU_2309MAS003 - Pesan: {"nokartu":"9391EEE4","idchip":"16581755","nodevice":"2309MAS003","key":"1234567890987654321","ipa":"10.10.3.148"}
[2025-09-02 12:27:32]
Berhasil merespon "dariMCU_2309MAS003" : {"respon":[{"id":"16581755","nodevice":"2309MAS003","message":"BMPE","info":"Raafiyanto Adri Mahardika--Berhasil Presensi -Mulai-","nokartu":"9391EEE4"}]}
Berhasil kirim balasan ke "responServer_2309MAS003"

[2025-09-02 12:27:36]
Menerima pesan dari: dariMCU_2309MAS003 - Pesan: {"nokartu":"9391EEE4","idchip":"16581755","nodevice":"2309MAS003","key":"1234567890987654321","ipa":"10.10.3.148"}
[2025-09-02 12:27:36]
Berhasil merespon "dariMCU_2309MAS003" : {"respon":[{"id":"16581755","nodevice":"2309MAS003","message":"510","info":"Raafiyanto Adri Mahardika--TERCATAT! 4 dtk lalu","nokartu":"9391EEE4"}]}
Berhasil kirim balasan ke "responServer_2309MAS003"

[2025-09-02 12:27:40]
Menerima pesan dari: dariMCU_2309MAS003 - Pesan: {"nokartu":"43227605","idchip":"16581755","nodevice":"2309MAS003","key":"1234567890987654321","ipa":"10.10.3.148"}
[2025-09-02 12:27:40]
Berhasil merespon "dariMCU_2309MAS003" : {"respon":[{"id":"16581755","nodevice":"2309MAS003","message":"BMPE","info":"Muhammad Rizqi Hendrawan--Berhasil Presensi -Mulai-","nokartu":"43227605"}]}
Berhasil kirim balasan ke "responServer_2309MAS003"

[2025-09-02 12:27:43]
Menerima pesan dari: dariMCU_2309MAS003 - Pesan: {"nokartu":"23B01705","idchip":"16581755","nodevice":"2309MAS003","key":"1234567890987654321","ipa":"10.10.3.148"}
[2025-09-02 12:27:43]
Berhasil merespon "dariMCU_2309MAS003" : {"respon":[{"id":"16581755","nodevice":"2309MAS003","message":"BMPE","info":"Ahmad Solikhul Khafidzi--Berhasil Presensi -Mulai-","nokartu":"23B01705"}]}
Berhasil kirim balasan ke "responServer_2309MAS003"

[2025-09-02 12:27:47]
Menerima pesan dari: dariMCU_2309MAS003 - Pesan: {"nokartu":"23B01705","idchip":"16581755","nodevice":"2309MAS003","key":"1234567890987654321","ipa":"10.10.3.148"}
[2025-09-02 12:27:47]
Berhasil merespon "dariMCU_2309MAS003" : {"respon":[{"id":"16581755","nodevice":"2309MAS003","message":"510","info":"Ahmad Solikhul Khafidzi--TERCATAT! 4 dtk lalu","nokartu":"23B01705"}]}
Berhasil kirim balasan ke "responServer_2309MAS003"

[2025-09-02 12:27:48]
Menerima pesan dari: dariMCU_2309MAS003 - Pesan: {"nokartu":"F0020D5C","idchip":"16581755","nodevice":"2309MAS003","key":"1234567890987654321","ipa":"10.10.3.148"}
[2025-09-02 12:27:48]
Berhasil merespon "dariMCU_2309MAS003" : {"respon":[{"id":"16581755","nodevice":"2309MAS003","message":"IDTT","info":"Kartu ID ini--belum terdaftar","nokartu":"F0020D5C"}]}
Berhasil kirim balasan ke "responServer_2309MAS003"

[2025-09-02 12:27:51]
Menerima pesan dari: dariMCU_2309MAS003 - Pesan: {"nokartu":"832C7C05","idchip":"16581755","nodevice":"2309MAS003","key":"1234567890987654321","ipa":"10.10.3.148"}
[2025-09-02 12:27:51]
Berhasil merespon "dariMCU_2309MAS003" : {"respon":[{"id":"16581755","nodevice":"2309MAS003","message":"BMPE","info":"Farel Ababil--Berhasil Presensi -Mulai-","nokartu":"832C7C05"}]}
Berhasil kirim balasan ke "responServer_2309MAS003"

[2025-09-02 12:27:55]
Menerima pesan dari: dariMCU_2309MAS003 - Pesan: {"nokartu":"832C7C05","idchip":"16581755","nodevice":"2309MAS003","key":"1234567890987654321","ipa":"10.10.3.148"}
[2025-09-02 12:27:55]
Berhasil merespon "dariMCU_2309MAS003" : {"respon":[{"id":"16581755","nodevice":"2309MAS003","message":"510","info":"Farel Ababil--TERCATAT! 4 dtk lalu","nokartu":"832C7C05"}]}
Berhasil kirim balasan ke "responServer_2309MAS003"

[2025-09-02 12:27:56]
Menerima pesan dari: dariMCU_2309MAS003 - Pesan: {"nokartu":"D3396E05","idchip":"16581755","nodevice":"2309MAS003","key":"1234567890987654321","ipa":"10.10.3.148"}
[2025-09-02 12:27:56]
Berhasil merespon "dariMCU_2309MAS003" : {"respon":[{"id":"16581755","nodevice":"2309MAS003","message":"BMPE","info":"Sony Dwi Kuncoro--Berhasil Presensi -Mulai-","nokartu":"D3396E05"}]}
Berhasil kirim balasan ke "responServer_2309MAS003"

[2025-09-02 12:28:51]
Menerima pesan dari: dariMCU_2309MAS003 - Pesan: {"nokartu":"13E47B05","idchip":"16581755","nodevice":"2309MAS003","key":"1234567890987654321","ipa":"10.10.3.148"}
[2025-09-02 12:28:51]
Berhasil merespon "dariMCU_2309MAS003" : {"respon":[{"id":"16581755","nodevice":"2309MAS003","message":"BMPE","info":"Ata Amirulloh--Berhasil Presensi -Mulai-","nokartu":"13E47B05"}]}
Berhasil kirim balasan ke "responServer_2309MAS003"

[2025-09-02 12:28:55]
Menerima pesan dari: dariMCU_2309MAS003 - Pesan: {"nokartu":"13E47B05","idchip":"16581755","nodevice":"2309MAS003","key":"1234567890987654321","ipa":"10.10.3.148"}
[2025-09-02 12:28:55]
Berhasil merespon "dariMCU_2309MAS003" : {"respon":[{"id":"16581755","nodevice":"2309MAS003","message":"510","info":"Ata Amirulloh--TERCATAT! 4 dtk lalu","nokartu":"13E47B05"}]}
Berhasil kirim balasan ke "responServer_2309MAS003"

[2025-09-02 12:28:55]
Menerima pesan dari: dariMCU_2309MAS003 - Pesan: {"nokartu":"F39F1AFE","idchip":"16581755","nodevice":"2309MAS003","key":"1234567890987654321","ipa":"10.10.3.148"}
[2025-09-02 12:28:55]
Berhasil merespon "dariMCU_2309MAS003" : {"respon":[{"id":"16581755","nodevice":"2309MAS003","message":"BMPE","info":"Anton Joko Kurniawan--Berhasil Presensi -Mulai-","nokartu":"F39F1AFE"}]}
Berhasil kirim balasan ke "responServer_2309MAS003"

[2025-09-02 12:30:08]
Menerima pesan dari: dariMCU_2309MAS003 - Pesan: {"nokartu":"73DD16FE","idchip":"16581755","nodevice":"2309MAS003","key":"1234567890987654321","ipa":"10.10.3.148"}
[2025-09-02 12:30:08]
Berhasil merespon "dariMCU_2309MAS003" : {"respon":[{"id":"16581755","nodevice":"2309MAS003","message":"BMPE","info":"Malik Fatah--Berhasil Presensi -Mulai-","nokartu":"73DD16FE"}]}
Berhasil kirim balasan ke "responServer_2309MAS003"

[2025-09-02 12:31:11]
Menerima pesan dari: dariMCU_2309MAS003 - Pesan: {"nokartu":"A3E66505","idchip":"16581755","nodevice":"2309MAS003","key":"1234567890987654321","ipa":"10.10.3.148"}
[2025-09-02 12:31:11]
Berhasil merespon "dariMCU_2309MAS003" : {"respon":[{"id":"16581755","nodevice":"2309MAS003","message":"BMPE","info":"Fandi Ahmad Taufikurrohman--Berhasil Presensi -Mulai-","nokartu":"A3E66505"}]}
Berhasil kirim balasan ke "responServer_2309MAS003"

[2025-09-02 12:31:15]
Menerima pesan dari: dariMCU_2309MAS003 - Pesan: {"nokartu":"F3F66905","idchip":"16581755","nodevice":"2309MAS003","key":"1234567890987654321","ipa":"10.10.3.148"}
[2025-09-02 12:31:15]
Berhasil merespon "dariMCU_2309MAS003" : {"respon":[{"id":"16581755","nodevice":"2309MAS003","message":"BMPE","info":"Agil Bayu Nugroho--Berhasil Presensi -Mulai-","nokartu":"F3F66905"}]}
Berhasil kirim balasan ke "responServer_2309MAS003"

[2025-09-02 12:31:18]
Menerima pesan dari: dariMCU_2309MAS003 - Pesan: {"nokartu":"F3F66905","idchip":"16581755","nodevice":"2309MAS003","key":"1234567890987654321","ipa":"10.10.3.148"}
[2025-09-02 12:31:18]
Berhasil merespon "dariMCU_2309MAS003" : {"respon":[{"id":"16581755","nodevice":"2309MAS003","message":"510","info":"Agil Bayu Nugroho--TERCATAT! 3 dtk lalu","nokartu":"F3F66905"}]}
Berhasil kirim balasan ke "responServer_2309MAS003"

[2025-09-02 12:31:19]
Menerima pesan dari: dariMCU_2309MAS003 - Pesan: {"nokartu":"83EC7605","idchip":"16581755","nodevice":"2309MAS003","key":"1234567890987654321","ipa":"10.10.3.148"}
[2025-09-02 12:31:19]
Berhasil merespon "dariMCU_2309MAS003" : {"respon":[{"id":"16581755","nodevice":"2309MAS003","message":"BMPE","info":"Rahmatullah Ramadani--Berhasil Presensi -Mulai-","nokartu":"83EC7605"}]}
Berhasil kirim balasan ke "responServer_2309MAS003"

[2025-09-02 12:31:26]
Menerima pesan dari: dariMCU_2309MAS003 - Pesan: {"nokartu":"E3416905","idchip":"16581755","nodevice":"2309MAS003","key":"1234567890987654321","ipa":"10.10.3.148"}
[2025-09-02 12:31:26]
Berhasil merespon "dariMCU_2309MAS003" : {"respon":[{"id":"16581755","nodevice":"2309MAS003","message":"BMPE","info":"Firman Safaat--Berhasil Presensi -Mulai-","nokartu":"E3416905"}]}
Berhasil kirim balasan ke "responServer_2309MAS003"

[2025-09-02 12:31:34]
Menerima pesan dari: dariMCU_2309MAS003 - Pesan: {"nokartu":"03BF1805","idchip":"16581755","nodevice":"2309MAS003","key":"1234567890987654321","ipa":"10.10.3.148"}
[2025-09-02 12:31:34]
Berhasil merespon "dariMCU_2309MAS003" : {"respon":[{"id":"16581755","nodevice":"2309MAS003","message":"BMPE","info":"Naffisell Tholibar Rifqi--Berhasil Presensi -Mulai-","nokartu":"03BF1805"}]}
Berhasil kirim balasan ke "responServer_2309MAS003"

[2025-09-02 12:31:38]
Menerima pesan dari: dariMCU_2309MAS003 - Pesan: {"nokartu":"03BF1805","idchip":"16581755","nodevice":"2309MAS003","key":"1234567890987654321","ipa":"10.10.3.148"}
[2025-09-02 12:31:38]
Berhasil merespon "dariMCU_2309MAS003" : {"respon":[{"id":"16581755","nodevice":"2309MAS003","message":"510","info":"Naffisell Tholibar Rifqi--TERCATAT! 4 dtk lalu","nokartu":"03BF1805"}]}
Berhasil kirim balasan ke "responServer_2309MAS003"

[2025-09-02 12:31:49]
Menerima pesan dari: dariMCU_2309MAS003 - Pesan: {"nokartu":"E3416905","idchip":"16581755","nodevice":"2309MAS003","key":"1234567890987654321","ipa":"10.10.3.148"}
[2025-09-02 12:31:49]
Berhasil merespon "dariMCU_2309MAS003" : {"respon":[{"id":"16581755","nodevice":"2309MAS003","message":"510","info":"Firman Safaat--TERCATAT! 23 dtk lalu","nokartu":"E3416905"}]}
Berhasil kirim balasan ke "responServer_2309MAS003"

[2025-09-02 12:32:00]
Menerima pesan dari: dariMCU_2309MAS003 - Pesan: {"nokartu":"03BF1805","idchip":"16581755","nodevice":"2309MAS003","key":"1234567890987654321","ipa":"10.10.3.148"}
[2025-09-02 12:32:00]
Berhasil merespon "dariMCU_2309MAS003" : {"respon":[{"id":"16581755","nodevice":"2309MAS003","message":"510","info":"Naffisell Tholibar Rifqi--TERCATAT! 26 dtk lalu","nokartu":"03BF1805"}]}
Berhasil kirim balasan ke "responServer_2309MAS003"

[2025-09-02 12:32:08]
Menerima pesan dari: dariMCU_2309MAS003 - Pesan: {"nokartu":"03BF1805","idchip":"16581755","nodevice":"2309MAS003","key":"1234567890987654321","ipa":"10.10.3.148"}
[2025-09-02 12:32:08]
Berhasil merespon "dariMCU_2309MAS003" : {"respon":[{"id":"16581755","nodevice":"2309MAS003","message":"510","info":"Naffisell Tholibar Rifqi--TERCATAT! 34 dtk lalu","nokartu":"03BF1805"}]}
Berhasil kirim balasan ke "responServer_2309MAS003"

[2025-09-02 12:32:11]
Menerima pesan dari: dariMCU_2309MAS003 - Pesan: {"nokartu":"D37C33FF","idchip":"16581755","nodevice":"2309MAS003","key":"1234567890987654321","ipa":"10.10.3.148"}
[2025-09-02 12:32:11]
Berhasil merespon "dariMCU_2309MAS003" : {"respon":[{"id":"16581755","nodevice":"2309MAS003","message":"BMPE","info":"Bagas Pramudya--Berhasil Presensi -Mulai-","nokartu":"D37C33FF"}]}
Berhasil kirim balasan ke "responServer_2309MAS003"

[2025-09-02 12:32:15]
Menerima pesan dari: dariMCU_2309MAS003 - Pesan: {"nokartu":"D37C33FF","idchip":"16581755","nodevice":"2309MAS003","key":"1234567890987654321","ipa":"10.10.3.148"}
[2025-09-02 12:32:15]
Berhasil merespon "dariMCU_2309MAS003" : {"respon":[{"id":"16581755","nodevice":"2309MAS003","message":"510","info":"Bagas Pramudya--TERCATAT! 4 dtk lalu","nokartu":"D37C33FF"}]}
Berhasil kirim balasan ke "responServer_2309MAS003"

[2025-09-02 12:32:16]
Menerima pesan dari: dariMCU_2309MAS003 - Pesan: {"nokartu":"A37E7F05","idchip":"16581755","nodevice":"2309MAS003","key":"1234567890987654321","ipa":"10.10.3.148"}
[2025-09-02 12:32:16]
Berhasil merespon "dariMCU_2309MAS003" : {"respon":[{"id":"16581755","nodevice":"2309MAS003","message":"BMPE","info":"Algi Wian Avantyo--Berhasil Presensi -Mulai-","nokartu":"A37E7F05"}]}
Berhasil kirim balasan ke "responServer_2309MAS003"

[2025-09-02 12:32:22]
Menerima pesan dari: dariMCU_2309MAS003 - Pesan: {"nokartu":"E3EEF3E4","idchip":"16581755","nodevice":"2309MAS003","key":"1234567890987654321","ipa":"10.10.3.148"}
[2025-09-02 12:32:22]
Berhasil merespon "dariMCU_2309MAS003" : {"respon":[{"id":"16581755","nodevice":"2309MAS003","message":"BMPE","info":"Bunga Putri Agustina--Berhasil Presensi -Mulai-","nokartu":"E3EEF3E4"}]}
Berhasil kirim balasan ke "responServer_2309MAS003"

[2025-09-02 12:32:26]
Menerima pesan dari: dariMCU_2309MAS003 - Pesan: {"nokartu":"E3EEF3E4","idchip":"16581755","nodevice":"2309MAS003","key":"1234567890987654321","ipa":"10.10.3.148"}
[2025-09-02 12:32:26]
Berhasil merespon "dariMCU_2309MAS003" : {"respon":[{"id":"16581755","nodevice":"2309MAS003","message":"510","info":"Bunga Putri Agustina--TERCATAT! 4 dtk lalu","nokartu":"E3EEF3E4"}]}
Berhasil kirim balasan ke "responServer_2309MAS003"

[2025-09-02 12:32:27]
Menerima pesan dari: dariMCU_2309MAS003 - Pesan: {"nokartu":"C39A6205","idchip":"16581755","nodevice":"2309MAS003","key":"1234567890987654321","ipa":"10.10.3.148"}
[2025-09-02 12:32:27]
Berhasil merespon "dariMCU_2309MAS003" : {"respon":[{"id":"16581755","nodevice":"2309MAS003","message":"BMPE","info":"Icha Dwi Andriani--Berhasil Presensi -Mulai-","nokartu":"C39A6205"}]}
Berhasil kirim balasan ke "responServer_2309MAS003"

[2025-09-02 12:32:31]
Menerima pesan dari: dariMCU_2309MAS003 - Pesan: {"nokartu":"C1461750","idchip":"16581755","nodevice":"2309MAS003","key":"1234567890987654321","ipa":"10.10.3.148"}
[2025-09-02 12:32:31]
Berhasil merespon "dariMCU_2309MAS003" : {"respon":[{"id":"16581755","nodevice":"2309MAS003","message":"BMPE","info":"Fiyya Salma Humaida--Berhasil Presensi -Mulai-","nokartu":"C1461750"}]}
Berhasil kirim balasan ke "responServer_2309MAS003"

[2025-09-02 12:32:34]
Menerima pesan dari: dariMCU_2309MAS003 - Pesan: {"nokartu":"C1461750","idchip":"16581755","nodevice":"2309MAS003","key":"1234567890987654321","ipa":"10.10.3.148"}
[2025-09-02 12:32:34]
Berhasil merespon "dariMCU_2309MAS003" : {"respon":[{"id":"16581755","nodevice":"2309MAS003","message":"510","info":"Fiyya Salma Humaida--TERCATAT! 3 dtk lalu","nokartu":"C1461750"}]}
Berhasil kirim balasan ke "responServer_2309MAS003"

[2025-09-02 12:32:40]
Menerima pesan dari: dariMCU_2309MAS003 - Pesan: {"nokartu":"132634FF","idchip":"16581755","nodevice":"2309MAS003","key":"1234567890987654321","ipa":"10.10.3.148"}
[2025-09-02 12:32:40]
Berhasil merespon "dariMCU_2309MAS003" : {"respon":[{"id":"16581755","nodevice":"2309MAS003","message":"BMPE","info":"Aqila Ferdian Pratama--Berhasil Presensi -Mulai-","nokartu":"132634FF"}]}
Berhasil kirim balasan ke "responServer_2309MAS003"

[2025-09-02 12:32:44]
Menerima pesan dari: dariMCU_2309MAS003 - Pesan: {"nokartu":"737931FF","idchip":"16581755","nodevice":"2309MAS003","key":"1234567890987654321","ipa":"10.10.3.148"}
[2025-09-02 12:32:44]
Berhasil merespon "dariMCU_2309MAS003" : {"respon":[{"id":"16581755","nodevice":"2309MAS003","message":"BMPE","info":"Farel Ardian--Berhasil Presensi -Mulai-","nokartu":"737931FF"}]}
Berhasil kirim balasan ke "responServer_2309MAS003"

[2025-09-02 12:32:47]
Menerima pesan dari: dariMCU_2309MAS003 - Pesan: {"nokartu":"737931FF","idchip":"16581755","nodevice":"2309MAS003","key":"1234567890987654321","ipa":"10.10.3.148"}
[2025-09-02 12:32:47]
Berhasil merespon "dariMCU_2309MAS003" : {"respon":[{"id":"16581755","nodevice":"2309MAS003","message":"510","info":"Farel Ardian--TERCATAT! 3 dtk lalu","nokartu":"737931FF"}]}
Berhasil kirim balasan ke "responServer_2309MAS003"

[2025-09-02 12:32:54]
Menerima pesan dari: dariMCU_2309MAS003 - Pesan: {"nokartu":"83CA7905","idchip":"16581755","nodevice":"2309MAS003","key":"1234567890987654321","ipa":"10.10.3.148"}
[2025-09-02 12:32:54]
Berhasil merespon "dariMCU_2309MAS003" : {"respon":[{"id":"16581755","nodevice":"2309MAS003","message":"BMPE","info":"Reyhan Dwiky Septian--Berhasil Presensi -Mulai-","nokartu":"83CA7905"}]}
Berhasil kirim balasan ke "responServer_2309MAS003"

[2025-09-02 12:33:01]
Menerima pesan dari: dariMCU_2309MAS003 - Pesan: {"nokartu":"E3BD2FFF","idchip":"16581755","nodevice":"2309MAS003","key":"1234567890987654321","ipa":"10.10.3.148"}
[2025-09-02 12:33:01]
Berhasil merespon "dariMCU_2309MAS003" : {"respon":[{"id":"16581755","nodevice":"2309MAS003","message":"BMPE","info":"Al Raissa Dyka Pratama--Berhasil Presensi -Mulai-","nokartu":"E3BD2FFF"}]}
Berhasil kirim balasan ke "responServer_2309MAS003"

[2025-09-02 12:33:05]
Menerima pesan dari: dariMCU_2309MAS003 - Pesan: {"nokartu":"E3BD2FFF","idchip":"16581755","nodevice":"2309MAS003","key":"1234567890987654321","ipa":"10.10.3.148"}
[2025-09-02 12:33:05]
Berhasil merespon "dariMCU_2309MAS003" : {"respon":[{"id":"16581755","nodevice":"2309MAS003","message":"510","info":"Al Raissa Dyka Pratama--TERCATAT! 4 dtk lalu","nokartu":"E3BD2FFF"}]}
Berhasil kirim balasan ke "responServer_2309MAS003"

[2025-09-02 12:33:10]
Menerima pesan dari: dariMCU_2309MAS003 - Pesan: {"nokartu":"53D022FF","idchip":"16581755","nodevice":"2309MAS003","key":"1234567890987654321","ipa":"10.10.3.148"}
[2025-09-02 12:33:10]
Berhasil merespon "dariMCU_2309MAS003" : {"respon":[{"id":"16581755","nodevice":"2309MAS003","message":"BMPE","info":"Muhamad Zulfikar Rahman--Berhasil Presensi -Mulai-","nokartu":"53D022FF"}]}
Berhasil kirim balasan ke "responServer_2309MAS003"

[2025-09-02 12:33:14]
Menerima pesan dari: dariMCU_2309MAS003 - Pesan: {"nokartu":"53D022FF","idchip":"16581755","nodevice":"2309MAS003","key":"1234567890987654321","ipa":"10.10.3.148"}
[2025-09-02 12:33:14]
Berhasil merespon "dariMCU_2309MAS003" : {"respon":[{"id":"16581755","nodevice":"2309MAS003","message":"510","info":"Muhamad Zulfikar Rahman--TERCATAT! 4 dtk lalu","nokartu":"53D022FF"}]}
Berhasil kirim balasan ke "responServer_2309MAS003"

[2025-09-02 12:33:15]
Menerima pesan dari: dariMCU_2309MAS003 - Pesan: {"nokartu":"03C816FE","idchip":"16581755","nodevice":"2309MAS003","key":"1234567890987654321","ipa":"10.10.3.148"}
[2025-09-02 12:33:15]
Berhasil merespon "dariMCU_2309MAS003" : {"respon":[{"id":"16581755","nodevice":"2309MAS003","message":"BMPE","info":"Nauval Wahyu Dwi Prastyo--Berhasil Presensi -Mulai-","nokartu":"03C816FE"}]}
Berhasil kirim balasan ke "responServer_2309MAS003"

[2025-09-02 12:33:28]
Menerima pesan dari: dariMCU_2309MAS003 - Pesan: {"nokartu":"C34634FF","idchip":"16581755","nodevice":"2309MAS003","key":"1234567890987654321","ipa":"10.10.3.148"}
[2025-09-02 12:33:28]
Berhasil merespon "dariMCU_2309MAS003" : {"respon":[{"id":"16581755","nodevice":"2309MAS003","message":"BMPE","info":"Eka Rima Nur Aisah--Berhasil Presensi -Mulai-","nokartu":"C34634FF"}]}
Berhasil kirim balasan ke "responServer_2309MAS003"

[2025-09-02 12:33:34]
Menerima pesan dari: dariMCU_2309MAS003 - Pesan: {"nokartu":"93DD12FE","idchip":"16581755","nodevice":"2309MAS003","key":"1234567890987654321","ipa":"10.10.3.148"}
[2025-09-02 12:33:34]
Berhasil merespon "dariMCU_2309MAS003" : {"respon":[{"id":"16581755","nodevice":"2309MAS003","message":"BMPE","info":"Wahidatul Hasanah--Berhasil Presensi -Mulai-","nokartu":"93DD12FE"}]}
Berhasil kirim balasan ke "responServer_2309MAS003"

[2025-09-02 12:33:37]
Menerima pesan dari: dariMCU_2309MAS003 - Pesan: {"nokartu":"93DD12FE","idchip":"16581755","nodevice":"2309MAS003","key":"1234567890987654321","ipa":"10.10.3.148"}
[2025-09-02 12:33:37]
Berhasil merespon "dariMCU_2309MAS003" : {"respon":[{"id":"16581755","nodevice":"2309MAS003","message":"510","info":"Wahidatul Hasanah--TERCATAT! 3 dtk lalu","nokartu":"93DD12FE"}]}
Berhasil kirim balasan ke "responServer_2309MAS003"

[2025-09-02 12:33:38]
Menerima pesan dari: dariMCU_2309MAS003 - Pesan: {"nokartu":"93DD12FE","idchip":"16581755","nodevice":"2309MAS003","key":"1234567890987654321","ipa":"10.10.3.148"}
[2025-09-02 12:33:38]
Berhasil merespon "dariMCU_2309MAS003" : {"respon":[{"id":"16581755","nodevice":"2309MAS003","message":"510","info":"Wahidatul Hasanah--TERCATAT! 4 dtk lalu","nokartu":"93DD12FE"}]}
Berhasil kirim balasan ke "responServer_2309MAS003"

[2025-09-02 12:33:43]
Menerima pesan dari: dariMCU_2309MAS003 - Pesan: {"nokartu":"23542FFF","idchip":"16581755","nodevice":"2309MAS003","key":"1234567890987654321","ipa":"10.10.3.148"}
[2025-09-02 12:33:43]
Berhasil merespon "dariMCU_2309MAS003" : {"respon":[{"id":"16581755","nodevice":"2309MAS003","message":"BMPE","info":"Devia Lovita Artika--Berhasil Presensi -Mulai-","nokartu":"23542FFF"}]}
Berhasil kirim balasan ke "responServer_2309MAS003"

[2025-09-02 12:33:47]
Menerima pesan dari: dariMCU_2309MAS003 - Pesan: {"nokartu":"23542FFF","idchip":"16581755","nodevice":"2309MAS003","key":"1234567890987654321","ipa":"10.10.3.148"}
[2025-09-02 12:33:47]
Berhasil merespon "dariMCU_2309MAS003" : {"respon":[{"id":"16581755","nodevice":"2309MAS003","message":"510","info":"Devia Lovita Artika--TERCATAT! 4 dtk lalu","nokartu":"23542FFF"}]}
Berhasil kirim balasan ke "responServer_2309MAS003"

[2025-09-02 12:35:01]
Menerima pesan dari: dariMCU_2309MAS003 - Pesan: {"nokartu":"C38C0BFE","idchip":"16581755","nodevice":"2309MAS003","key":"1234567890987654321","ipa":"10.10.3.148"}
[2025-09-02 12:35:01]
Berhasil merespon "dariMCU_2309MAS003" : {"respon":[{"id":"16581755","nodevice":"2309MAS003","message":"BMPE","info":"Viana Zahra--Berhasil Presensi -Mulai-","nokartu":"C38C0BFE"}]}
Berhasil kirim balasan ke "responServer_2309MAS003"

[2025-09-02 12:35:05]
Menerima pesan dari: dariMCU_2309MAS003 - Pesan: {"nokartu":"C38C0BFE","idchip":"16581755","nodevice":"2309MAS003","key":"1234567890987654321","ipa":"10.10.3.148"}
[2025-09-02 12:35:05]
Berhasil merespon "dariMCU_2309MAS003" : {"respon":[{"id":"16581755","nodevice":"2309MAS003","message":"510","info":"Viana Zahra--TERCATAT! 4 dtk lalu","nokartu":"C38C0BFE"}]}
Berhasil kirim balasan ke "responServer_2309MAS003"

[2025-09-02 12:35:09]
Menerima pesan dari: dariMCU_2309MAS003 - Pesan: {"nokartu":"C38C0BFE","idchip":"16581755","nodevice":"2309MAS003","key":"1234567890987654321","ipa":"10.10.3.148"}
[2025-09-02 12:35:09]
Berhasil merespon "dariMCU_2309MAS003" : {"respon":[{"id":"16581755","nodevice":"2309MAS003","message":"510","info":"Viana Zahra--TERCATAT! 8 dtk lalu","nokartu":"C38C0BFE"}]}
Berhasil kirim balasan ke "responServer_2309MAS003"

[2025-09-02 12:35:13]
Menerima pesan dari: dariMCU_2309MAS003 - Pesan: {"nokartu":"C3A01AFE","idchip":"16581755","nodevice":"2309MAS003","key":"1234567890987654321","ipa":"10.10.3.148"}
[2025-09-02 12:35:13]
Berhasil merespon "dariMCU_2309MAS003" : {"respon":[{"id":"16581755","nodevice":"2309MAS003","message":"BMPE","info":"Dini Dwi Ariyanti--Berhasil Presensi -Mulai-","nokartu":"C3A01AFE"}]}
Berhasil kirim balasan ke "responServer_2309MAS003"

[2025-09-02 12:35:16]
Menerima pesan dari: dariMCU_2309MAS003 - Pesan: {"nokartu":"C3A01AFE","idchip":"16581755","nodevice":"2309MAS003","key":"1234567890987654321","ipa":"10.10.3.148"}
[2025-09-02 12:35:16]
Berhasil merespon "dariMCU_2309MAS003" : {"respon":[{"id":"16581755","nodevice":"2309MAS003","message":"510","info":"Dini Dwi Ariyanti--TERCATAT! 3 dtk lalu","nokartu":"C3A01AFE"}]}
Berhasil kirim balasan ke "responServer_2309MAS003"

[2025-09-02 12:35:21]
Menerima pesan dari: dariMCU_2309MAS003 - Pesan: {"nokartu":"C31F05FE","idchip":"16581755","nodevice":"2309MAS003","key":"1234567890987654321","ipa":"10.10.3.148"}
[2025-09-02 12:35:21]
Berhasil merespon "dariMCU_2309MAS003" : {"respon":[{"id":"16581755","nodevice":"2309MAS003","message":"BMPE","info":"Sofa Nur Hasanah--Berhasil Presensi -Mulai-","nokartu":"C31F05FE"}]}
Berhasil kirim balasan ke "responServer_2309MAS003"

[2025-09-02 12:35:33]
Menerima pesan dari: dariMCU_2309MAS003 - Pesan: {"nokartu":"938F0C03","idchip":"16581755","nodevice":"2309MAS003","key":"1234567890987654321","ipa":"10.10.3.148"}
[2025-09-02 12:35:33]
Berhasil merespon "dariMCU_2309MAS003" : {"respon":[{"id":"16581755","nodevice":"2309MAS003","message":"BMPE","info":"Tika Qonita--Berhasil Presensi -Mulai-","nokartu":"938F0C03"}]}
Berhasil kirim balasan ke "responServer_2309MAS003"

[2025-09-02 12:35:44]
Menerima pesan dari: dariMCU_2309MAS003 - Pesan: {"nokartu":"23B56F05","idchip":"16581755","nodevice":"2309MAS003","key":"1234567890987654321","ipa":"10.10.3.148"}
[2025-09-02 12:35:44]
Berhasil merespon "dariMCU_2309MAS003" : {"respon":[{"id":"16581755","nodevice":"2309MAS003","message":"BMPE","info":"Oktafia Salsa Fitria--Berhasil Presensi -Mulai-","nokartu":"23B56F05"}]}
Berhasil kirim balasan ke "responServer_2309MAS003"

[2025-09-02 12:35:47]
Menerima pesan dari: dariMCU_2309MAS003 - Pesan: {"nokartu":"938F0C03","idchip":"16581755","nodevice":"2309MAS003","key":"1234567890987654321","ipa":"10.10.3.148"}
[2025-09-02 12:35:47]
Berhasil merespon "dariMCU_2309MAS003" : {"respon":[{"id":"16581755","nodevice":"2309MAS003","message":"510","info":"Tika Qonita--TERCATAT! 14 dtk lalu","nokartu":"938F0C03"}]}
Berhasil kirim balasan ke "responServer_2309MAS003"

[2025-09-02 12:35:51]
Menerima pesan dari: dariMCU_2309MAS003 - Pesan: {"nokartu":"938F0C03","idchip":"16581755","nodevice":"2309MAS003","key":"1234567890987654321","ipa":"10.10.3.148"}
[2025-09-02 12:35:51]
Berhasil merespon "dariMCU_2309MAS003" : {"respon":[{"id":"16581755","nodevice":"2309MAS003","message":"510","info":"Tika Qonita--TERCATAT! 18 dtk lalu","nokartu":"938F0C03"}]}
Berhasil kirim balasan ke "responServer_2309MAS003"

[2025-09-02 12:35:55]
Menerima pesan dari: dariMCU_2309MAS003 - Pesan: {"nokartu":"938F0C03","idchip":"16581755","nodevice":"2309MAS003","key":"1234567890987654321","ipa":"10.10.3.148"}
[2025-09-02 12:35:55]
Berhasil merespon "dariMCU_2309MAS003" : {"respon":[{"id":"16581755","nodevice":"2309MAS003","message":"510","info":"Tika Qonita--TERCATAT! 22 dtk lalu","nokartu":"938F0C03"}]}
Berhasil kirim balasan ke "responServer_2309MAS003"

[2025-09-02 12:35:59]
Menerima pesan dari: dariMCU_2309MAS003 - Pesan: {"nokartu":"7398CF02","idchip":"16581755","nodevice":"2309MAS003","key":"1234567890987654321","ipa":"10.10.3.148"}
[2025-09-02 12:35:59]
Berhasil merespon "dariMCU_2309MAS003" : {"respon":[{"id":"16581755","nodevice":"2309MAS003","message":"BMPE","info":"Hesty Rahayu--Berhasil Presensi -Mulai-","nokartu":"7398CF02"}]}
Berhasil kirim balasan ke "responServer_2309MAS003"

[2025-09-02 12:36:02]
Menerima pesan dari: dariMCU_2309MAS003 - Pesan: {"nokartu":"7398CF02","idchip":"16581755","nodevice":"2309MAS003","key":"1234567890987654321","ipa":"10.10.3.148"}
[2025-09-02 12:36:02]
Berhasil merespon "dariMCU_2309MAS003" : {"respon":[{"id":"16581755","nodevice":"2309MAS003","message":"510","info":"Hesty Rahayu--TERCATAT! 3 dtk lalu","nokartu":"7398CF02"}]}
Berhasil kirim balasan ke "responServer_2309MAS003"

[2025-09-02 12:36:09]
Menerima pesan dari: dariMCU_2309MAS003 - Pesan: {"nokartu":"133A7B05","idchip":"16581755","nodevice":"2309MAS003","key":"1234567890987654321","ipa":"10.10.3.148"}
[2025-09-02 12:36:09]
Berhasil merespon "dariMCU_2309MAS003" : {"respon":[{"id":"16581755","nodevice":"2309MAS003","message":"BMPE","info":"Helmi Muhalim Azmi Solih--Berhasil Presensi -Mulai-","nokartu":"133A7B05"}]}
Berhasil kirim balasan ke "responServer_2309MAS003"

[2025-09-02 12:36:16]
Menerima pesan dari: dariMCU_2309MAS003 - Pesan: {"nokartu":"133A7B05","idchip":"16581755","nodevice":"2309MAS003","key":"1234567890987654321","ipa":"10.10.3.148"}
[2025-09-02 12:36:16]
Berhasil merespon "dariMCU_2309MAS003" : {"respon":[{"id":"16581755","nodevice":"2309MAS003","message":"510","info":"Helmi Muhalim Azmi Solih--TERCATAT! 7 dtk lalu","nokartu":"133A7B05"}]}
Berhasil kirim balasan ke "responServer_2309MAS003"

[2025-09-02 12:36:24]
Menerima pesan dari: dariMCU_2309MAS003 - Pesan: {"nokartu":"43C30DFE","idchip":"16581755","nodevice":"2309MAS003","key":"1234567890987654321","ipa":"10.10.3.148"}
[2025-09-02 12:36:24]
Berhasil merespon "dariMCU_2309MAS003" : {"respon":[{"id":"16581755","nodevice":"2309MAS003","message":"BMPE","info":"Muhamad Saroful Anam--Berhasil Presensi -Mulai-","nokartu":"43C30DFE"}]}
Berhasil kirim balasan ke "responServer_2309MAS003"

[2025-09-02 12:36:25]
Menerima pesan dari: dariMCU_2309MAS003 - Pesan: {"nokartu":"032868E4","idchip":"16581755","nodevice":"2309MAS003","key":"1234567890987654321","ipa":"10.10.3.148"}
[2025-09-02 12:36:25]
Berhasil merespon "dariMCU_2309MAS003" : {"respon":[{"id":"16581755","nodevice":"2309MAS003","message":"BMPE","info":"Akhmad Kafi Pratama--Berhasil Presensi -Mulai-","nokartu":"032868E4"}]}
Berhasil kirim balasan ke "responServer_2309MAS003"

[2025-09-02 12:36:28]
Menerima pesan dari: dariMCU_2309MAS003 - Pesan: {"nokartu":"43247505","idchip":"16581755","nodevice":"2309MAS003","key":"1234567890987654321","ipa":"10.10.3.148"}
[2025-09-02 12:36:28]
Berhasil merespon "dariMCU_2309MAS003" : {"respon":[{"id":"16581755","nodevice":"2309MAS003","message":"BMPE","info":"Muhamad Fatkhurrohman Asany--Berhasil Presensi -Mulai-","nokartu":"43247505"}]}
Berhasil kirim balasan ke "responServer_2309MAS003"

[2025-09-02 12:36:32]
Menerima pesan dari: dariMCU_2309MAS003 - Pesan: {"nokartu":"43247505","idchip":"16581755","nodevice":"2309MAS003","key":"1234567890987654321","ipa":"10.10.3.148"}
[2025-09-02 12:36:32]
Berhasil merespon "dariMCU_2309MAS003" : {"respon":[{"id":"16581755","nodevice":"2309MAS003","message":"510","info":"Muhamad Fatkhurrohman Asany--TERCATAT! 4 dtk lalu","nokartu":"43247505"}]}
Berhasil kirim balasan ke "responServer_2309MAS003"

[2025-09-02 12:36:35]
Menerima pesan dari: dariMCU_2309MAS003 - Pesan: {"nokartu":"53E56F05","idchip":"16581755","nodevice":"2309MAS003","key":"1234567890987654321","ipa":"10.10.3.148"}
[2025-09-02 12:36:35]
Berhasil merespon "dariMCU_2309MAS003" : {"respon":[{"id":"16581755","nodevice":"2309MAS003","message":"BMPE","info":"Miftahul Janah--Berhasil Presensi -Mulai-","nokartu":"53E56F05"}]}
Berhasil kirim balasan ke "responServer_2309MAS003"

[2025-09-02 12:36:36]
Menerima pesan dari: dariMCU_2309MAS003 - Pesan: {"nokartu":"A3C608FE","idchip":"16581755","nodevice":"2309MAS003","key":"1234567890987654321","ipa":"10.10.3.148"}
[2025-09-02 12:36:36]
Berhasil merespon "dariMCU_2309MAS003" : {"respon":[{"id":"16581755","nodevice":"2309MAS003","message":"BMPE","info":"Zenia Sriwijayanti--Berhasil Presensi -Mulai-","nokartu":"A3C608FE"}]}
Berhasil kirim balasan ke "responServer_2309MAS003"

[2025-09-02 12:36:40]
Menerima pesan dari: dariMCU_2309MAS003 - Pesan: {"nokartu":"53E56F05","idchip":"16581755","nodevice":"2309MAS003","key":"1234567890987654321","ipa":"10.10.3.148"}
[2025-09-02 12:36:40]
Berhasil merespon "dariMCU_2309MAS003" : {"respon":[{"id":"16581755","nodevice":"2309MAS003","message":"510","info":"Miftahul Janah--TERCATAT! 5 dtk lalu","nokartu":"53E56F05"}]}
Berhasil kirim balasan ke "responServer_2309MAS003"

[2025-09-02 12:36:41]
Menerima pesan dari: dariMCU_2309MAS003 - Pesan: {"nokartu":"A3C608FE","idchip":"16581755","nodevice":"2309MAS003","key":"1234567890987654321","ipa":"10.10.3.148"}
[2025-09-02 12:36:41]
Berhasil merespon "dariMCU_2309MAS003" : {"respon":[{"id":"16581755","nodevice":"2309MAS003","message":"510","info":"Zenia Sriwijayanti--TERCATAT! 5 dtk lalu","nokartu":"A3C608FE"}]}
Berhasil kirim balasan ke "responServer_2309MAS003"

[2025-09-02 12:36:45]
Menerima pesan dari: dariMCU_2309MAS003 - Pesan: {"nokartu":"133A7B05","idchip":"16581755","nodevice":"2309MAS003","key":"1234567890987654321","ipa":"10.10.3.148"}
[2025-09-02 12:36:45]
Berhasil merespon "dariMCU_2309MAS003" : {"respon":[{"id":"16581755","nodevice":"2309MAS003","message":"510","info":"Helmi Muhalim Azmi Solih--TERCATAT! 36 dtk lalu","nokartu":"133A7B05"}]}
Berhasil kirim balasan ke "responServer_2309MAS003"

[2025-09-02 12:36:46]
Menerima pesan dari: dariMCU_2309MAS003 - Pesan: {"nokartu":"133A7B05","idchip":"16581755","nodevice":"2309MAS003","key":"1234567890987654321","ipa":"10.10.3.148"}
[2025-09-02 12:36:46]
Berhasil merespon "dariMCU_2309MAS003" : {"respon":[{"id":"16581755","nodevice":"2309MAS003","message":"510","info":"Helmi Muhalim Azmi Solih--TERCATAT! 37 dtk lalu","nokartu":"133A7B05"}]}
Berhasil kirim balasan ke "responServer_2309MAS003"

[2025-09-02 12:36:49]
Menerima pesan dari: dariMCU_2309MAS003 - Pesan: {"nokartu":"133A7B05","idchip":"16581755","nodevice":"2309MAS003","key":"1234567890987654321","ipa":"10.10.3.148"}
[2025-09-02 12:36:49]
Berhasil merespon "dariMCU_2309MAS003" : {"respon":[{"id":"16581755","nodevice":"2309MAS003","message":"510","info":"Helmi Muhalim Azmi Solih--TERCATAT! 40 dtk lalu","nokartu":"133A7B05"}]}
Berhasil kirim balasan ke "responServer_2309MAS003"

[2025-09-02 12:37:17]
Menerima pesan dari: dariMCU_2309MAS003 - Pesan: {"nokartu":"63B91AFE","idchip":"16581755","nodevice":"2309MAS003","key":"1234567890987654321","ipa":"10.10.3.148"}
[2025-09-02 12:37:17]
Berhasil merespon "dariMCU_2309MAS003" : {"respon":[{"id":"16581755","nodevice":"2309MAS003","message":"BMPE","info":"Bahy Daniswara--Berhasil Presensi -Mulai-","nokartu":"63B91AFE"}]}
Berhasil kirim balasan ke "responServer_2309MAS003"

[2025-09-02 12:37:20]
Menerima pesan dari: dariMCU_2309MAS003 - Pesan: {"nokartu":"63B91AFE","idchip":"16581755","nodevice":"2309MAS003","key":"1234567890987654321","ipa":"10.10.3.148"}
[2025-09-02 12:37:20]
Berhasil merespon "dariMCU_2309MAS003" : {"respon":[{"id":"16581755","nodevice":"2309MAS003","message":"510","info":"Bahy Daniswara--TERCATAT! 3 dtk lalu","nokartu":"63B91AFE"}]}
Berhasil kirim balasan ke "responServer_2309MAS003"

[2025-09-02 12:37:40]
Menerima pesan dari: dariMCU_2309MAS003 - Pesan: {"nokartu":"D37C33FF","idchip":"16581755","nodevice":"2309MAS003","key":"1234567890987654321","ipa":"10.10.3.148"}
[2025-09-02 12:37:40]
Berhasil merespon "dariMCU_2309MAS003" : {"respon":[{"id":"16581755","nodevice":"2309MAS003","message":"BPSE","info":"Bagas Pramudya--Berhasil Presensi -Selesai-","nokartu":"D37C33FF"}]}
Berhasil kirim balasan ke "responServer_2309MAS003"

[2025-09-02 12:37:46]
Menerima pesan dari: dariMCU_2309MAS003 - Pesan: {"nokartu":"132634FF","idchip":"16581755","nodevice":"2309MAS003","key":"1234567890987654321","ipa":"10.10.3.148"}
[2025-09-02 12:37:46]
Berhasil merespon "dariMCU_2309MAS003" : {"respon":[{"id":"16581755","nodevice":"2309MAS003","message":"BPSE","info":"Aqila Ferdian Pratama--Berhasil Presensi -Selesai-","nokartu":"132634FF"}]}
Berhasil kirim balasan ke "responServer_2309MAS003"

[2025-09-02 12:37:51]
Menerima pesan dari: dariMCU_2309MAS003 - Pesan: {"nokartu":"132634FF","idchip":"16581755","nodevice":"2309MAS003","key":"1234567890987654321","ipa":"10.10.3.148"}
[2025-09-02 12:37:51]
Berhasil merespon "dariMCU_2309MAS003" : {"respon":[{"id":"16581755","nodevice":"2309MAS003","message":"510","info":"Aqila Ferdian Pratama--TERCATAT! 5 dtk lalu","nokartu":"132634FF"}]}
Berhasil kirim balasan ke "responServer_2309MAS003"

[2025-09-02 12:37:52]
Menerima pesan dari: dariMCU_2309MAS003 - Pesan: {"nokartu":"132634FF","idchip":"16581755","nodevice":"2309MAS003","key":"1234567890987654321","ipa":"10.10.3.148"}
[2025-09-02 12:37:52]
Berhasil merespon "dariMCU_2309MAS003" : {"respon":[{"id":"16581755","nodevice":"2309MAS003","message":"510","info":"Aqila Ferdian Pratama--TERCATAT! 6 dtk lalu","nokartu":"132634FF"}]}
Berhasil kirim balasan ke "responServer_2309MAS003"

[2025-09-02 12:38:00]
Menerima pesan dari: dariMCU_2309MAS003 - Pesan: {"nokartu":"B30123FF","idchip":"16581755","nodevice":"2309MAS003","key":"1234567890987654321","ipa":"10.10.3.148"}
[2025-09-02 12:38:00]
Berhasil merespon "dariMCU_2309MAS003" : {"respon":[{"id":"16581755","nodevice":"2309MAS003","message":"BMPE","info":"Raysha Novasera--Berhasil Presensi -Mulai-","nokartu":"B30123FF"}]}
Berhasil kirim balasan ke "responServer_2309MAS003"

[2025-09-02 12:38:03]
Menerima pesan dari: dariMCU_2309MAS003 - Pesan: {"nokartu":"B30123FF","idchip":"16581755","nodevice":"2309MAS003","key":"1234567890987654321","ipa":"10.10.3.148"}
[2025-09-02 12:38:03]
Berhasil merespon "dariMCU_2309MAS003" : {"respon":[{"id":"16581755","nodevice":"2309MAS003","message":"510","info":"Raysha Novasera--TERCATAT! 3 dtk lalu","nokartu":"B30123FF"}]}
Berhasil kirim balasan ke "responServer_2309MAS003"

[2025-09-02 12:38:58]
Menerima pesan dari: dariMCU_2309MAS003 - Pesan: {"nokartu":"23C704FE","idchip":"16581755","nodevice":"2309MAS003","key":"1234567890987654321","ipa":"10.10.3.148"}
[2025-09-02 12:38:58]
Berhasil merespon "dariMCU_2309MAS003" : {"respon":[{"id":"16581755","nodevice":"2309MAS003","message":"BMPE","info":"Novita Dina Aulia--Berhasil Presensi -Mulai-","nokartu":"23C704FE"}]}
Berhasil kirim balasan ke "responServer_2309MAS003"

[2025-09-02 12:39:02]
Menerima pesan dari: dariMCU_2309MAS003 - Pesan: {"nokartu":"23C704FE","idchip":"16581755","nodevice":"2309MAS003","key":"1234567890987654321","ipa":"10.10.3.148"}
[2025-09-02 12:39:02]
Berhasil merespon "dariMCU_2309MAS003" : {"respon":[{"id":"16581755","nodevice":"2309MAS003","message":"510","info":"Novita Dina Aulia--TERCATAT! 4 dtk lalu","nokartu":"23C704FE"}]}
Berhasil kirim balasan ke "responServer_2309MAS003"

[2025-09-02 12:39:30]
Menerima pesan dari: dariMCU_2309MAS003 - Pesan: {"nokartu":"B33018FE","idchip":"16581755","nodevice":"2309MAS003","key":"1234567890987654321","ipa":"10.10.3.148"}
[2025-09-02 12:39:30]
Berhasil merespon "dariMCU_2309MAS003" : {"respon":[{"id":"16581755","nodevice":"2309MAS003","message":"BMPE","info":"Aulia Qotrunada--Berhasil Presensi -Mulai-","nokartu":"B33018FE"}]}
Berhasil kirim balasan ke "responServer_2309MAS003"

[2025-09-02 12:41:49]
Menerima pesan dari: dariMCU_2309MAS003 - Pesan: {"nokartu":"23B97305","idchip":"16581755","nodevice":"2309MAS003","key":"1234567890987654321","ipa":"10.10.3.148"}
[2025-09-02 12:41:49]
Berhasil merespon "dariMCU_2309MAS003" : {"respon":[{"id":"16581755","nodevice":"2309MAS003","message":"BMPE","info":"Khafian Zeka Pratama--Berhasil Presensi -Mulai-","nokartu":"23B97305"}]}
Berhasil kirim balasan ke "responServer_2309MAS003"

[2025-09-02 12:41:52]
Menerima pesan dari: dariMCU_2309MAS003 - Pesan: {"nokartu":"23B97305","idchip":"16581755","nodevice":"2309MAS003","key":"1234567890987654321","ipa":"10.10.3.148"}
[2025-09-02 12:41:52]
Berhasil merespon "dariMCU_2309MAS003" : {"respon":[{"id":"16581755","nodevice":"2309MAS003","message":"510","info":"Khafian Zeka Pratama--TERCATAT! 3 dtk lalu","nokartu":"23B97305"}]}
Berhasil kirim balasan ke "responServer_2309MAS003"

[2025-09-02 12:41:53]
Menerima pesan dari: dariMCU_2309MAS003 - Pesan: {"nokartu":"23B97305","idchip":"16581755","nodevice":"2309MAS003","key":"1234567890987654321","ipa":"10.10.3.148"}
[2025-09-02 12:41:53]
Berhasil merespon "dariMCU_2309MAS003" : {"respon":[{"id":"16581755","nodevice":"2309MAS003","message":"510","info":"Khafian Zeka Pratama--TERCATAT! 4 dtk lalu","nokartu":"23B97305"}]}
Berhasil kirim balasan ke "responServer_2309MAS003"

[2025-09-02 12:41:57]
Menerima pesan dari: dariMCU_2309MAS003 - Pesan: {"nokartu":"23B97305","idchip":"16581755","nodevice":"2309MAS003","key":"1234567890987654321","ipa":"10.10.3.148"}
[2025-09-02 12:41:57]
Berhasil merespon "dariMCU_2309MAS003" : {"respon":[{"id":"16581755","nodevice":"2309MAS003","message":"510","info":"Khafian Zeka Pratama--TERCATAT! 8 dtk lalu","nokartu":"23B97305"}]}
Berhasil kirim balasan ke "responServer_2309MAS003"

[2025-09-02 12:41:58]
Menerima pesan dari: dariMCU_2309MAS003 - Pesan: {"nokartu":"23B97305","idchip":"16581755","nodevice":"2309MAS003","key":"1234567890987654321","ipa":"10.10.3.148"}
[2025-09-02 12:41:58]
Berhasil merespon "dariMCU_2309MAS003" : {"respon":[{"id":"16581755","nodevice":"2309MAS003","message":"510","info":"Khafian Zeka Pratama--TERCATAT! 9 dtk lalu","nokartu":"23B97305"}]}
Berhasil kirim balasan ke "responServer_2309MAS003"

[2025-09-02 12:42:02]
Menerima pesan dari: dariMCU_2309MAS003 - Pesan: {"nokartu":"431A6E05","idchip":"16581755","nodevice":"2309MAS003","key":"1234567890987654321","ipa":"10.10.3.148"}
[2025-09-02 12:42:02]
Berhasil merespon "dariMCU_2309MAS003" : {"respon":[{"id":"16581755","nodevice":"2309MAS003","message":"BMPE","info":"Dwi Setyawan--Berhasil Presensi -Mulai-","nokartu":"431A6E05"}]}
Berhasil kirim balasan ke "responServer_2309MAS003"

[2025-09-02 12:42:05]
Menerima pesan dari: dariMCU_2309MAS003 - Pesan: {"nokartu":"431A6E05","idchip":"16581755","nodevice":"2309MAS003","key":"1234567890987654321","ipa":"10.10.3.148"}
[2025-09-02 12:42:05]
Berhasil merespon "dariMCU_2309MAS003" : {"respon":[{"id":"16581755","nodevice":"2309MAS003","message":"510","info":"Dwi Setyawan--TERCATAT! 3 dtk lalu","nokartu":"431A6E05"}]}
Berhasil kirim balasan ke "responServer_2309MAS003"

[2025-09-02 12:43:33]
Menerima pesan dari: dariMCU_2309MAS003 - Pesan: {"nokartu":"7398CF02","idchip":"16581755","nodevice":"2309MAS003","key":"1234567890987654321","ipa":"10.10.3.148"}
[2025-09-02 12:43:33]
Berhasil merespon "dariMCU_2309MAS003" : {"respon":[{"id":"16581755","nodevice":"2309MAS003","message":"BPSE","info":"Hesty Rahayu--Berhasil Presensi -Selesai-","nokartu":"7398CF02"}]}
Berhasil kirim balasan ke "responServer_2309MAS003"

[2025-09-02 12:43:34]
Menerima pesan dari: dariMCU_2309MAS003 - Pesan: {"nokartu":"53B97E05","idchip":"16581755","nodevice":"2309MAS003","key":"1234567890987654321","ipa":"10.10.3.148"}
[2025-09-02 12:43:34]
Berhasil merespon "dariMCU_2309MAS003" : {"respon":[{"id":"16581755","nodevice":"2309MAS003","message":"BMPE","info":"Laila Citra Lestari--Berhasil Presensi -Mulai-","nokartu":"53B97E05"}]}
Berhasil kirim balasan ke "responServer_2309MAS003"

[2025-09-02 12:43:38]
Menerima pesan dari: dariMCU_2309MAS003 - Pesan: {"nokartu":"7398CF02","idchip":"16581755","nodevice":"2309MAS003","key":"1234567890987654321","ipa":"10.10.3.148"}
[2025-09-02 12:43:38]
Berhasil merespon "dariMCU_2309MAS003" : {"respon":[{"id":"16581755","nodevice":"2309MAS003","message":"510","info":"Hesty Rahayu--TERCATAT! 5 dtk lalu","nokartu":"7398CF02"}]}
Berhasil kirim balasan ke "responServer_2309MAS003"

[2025-09-02 12:43:43]
Menerima pesan dari: dariMCU_2309MAS003 - Pesan: {"nokartu":"A3C608FE","idchip":"16581755","nodevice":"2309MAS003","key":"1234567890987654321","ipa":"10.10.3.148"}
[2025-09-02 12:43:43]
Berhasil merespon "dariMCU_2309MAS003" : {"respon":[{"id":"16581755","nodevice":"2309MAS003","message":"BPSE","info":"Zenia Sriwijayanti--Berhasil Presensi -Selesai-","nokartu":"A3C608FE"}]}
Berhasil kirim balasan ke "responServer_2309MAS003"

[2025-09-02 12:43:48]
Menerima pesan dari: dariMCU_2309MAS003 - Pesan: {"nokartu":"53E56F05","idchip":"16581755","nodevice":"2309MAS003","key":"1234567890987654321","ipa":"10.10.3.148"}
[2025-09-02 12:43:48]
Berhasil merespon "dariMCU_2309MAS003" : {"respon":[{"id":"16581755","nodevice":"2309MAS003","message":"BPSE","info":"Miftahul Janah--Berhasil Presensi -Selesai-","nokartu":"53E56F05"}]}
Berhasil kirim balasan ke "responServer_2309MAS003"

[2025-09-02 12:43:52]
Menerima pesan dari: dariMCU_2309MAS003 - Pesan: {"nokartu":"53E56F05","idchip":"16581755","nodevice":"2309MAS003","key":"1234567890987654321","ipa":"10.10.3.148"}
[2025-09-02 12:43:52]
Berhasil merespon "dariMCU_2309MAS003" : {"respon":[{"id":"16581755","nodevice":"2309MAS003","message":"510","info":"Miftahul Janah--TERCATAT! 4 dtk lalu","nokartu":"53E56F05"}]}
Berhasil kirim balasan ke "responServer_2309MAS003"

[2025-09-02 12:44:32]
Menerima pesan dari: dariMCU_2309MAS003 - Pesan: {"nokartu":"53E415FF","idchip":"16581755","nodevice":"2309MAS003","key":"1234567890987654321","ipa":"10.10.3.148"}
[2025-09-02 12:44:32]
Berhasil merespon "dariMCU_2309MAS003" : {"respon":[{"id":"16581755","nodevice":"2309MAS003","message":"BMPE","info":"Arta Widyasari--Berhasil Presensi -Mulai-","nokartu":"53E415FF"}]}
Berhasil kirim balasan ke "responServer_2309MAS003"

[2025-09-02 12:44:37]
Menerima pesan dari: dariMCU_2309MAS003 - Pesan: {"nokartu":"53E415FF","idchip":"16581755","nodevice":"2309MAS003","key":"1234567890987654321","ipa":"10.10.3.148"}
[2025-09-02 12:44:37]
Berhasil merespon "dariMCU_2309MAS003" : {"respon":[{"id":"16581755","nodevice":"2309MAS003","message":"510","info":"Arta Widyasari--TERCATAT! 5 dtk lalu","nokartu":"53E415FF"}]}
Berhasil kirim balasan ke "responServer_2309MAS003"

[2025-09-02 12:44:41]
Menerima pesan dari: dariMCU_2309MAS003 - Pesan: {"nokartu":"53E415FF","idchip":"16581755","nodevice":"2309MAS003","key":"1234567890987654321","ipa":"10.10.3.148"}
[2025-09-02 12:44:41]
Berhasil merespon "dariMCU_2309MAS003" : {"respon":[{"id":"16581755","nodevice":"2309MAS003","message":"510","info":"Arta Widyasari--TERCATAT! 9 dtk lalu","nokartu":"53E415FF"}]}
Berhasil kirim balasan ke "responServer_2309MAS003"

[2025-09-02 12:44:47]
Menerima pesan dari: dariMCU_2309MAS003 - Pesan: {"nokartu":"935705FE","idchip":"16581755","nodevice":"2309MAS003","key":"1234567890987654321","ipa":"10.10.3.148"}
[2025-09-02 12:44:47]
Berhasil merespon "dariMCU_2309MAS003" : {"respon":[{"id":"16581755","nodevice":"2309MAS003","message":"BMPE","info":"Shafa Az Zahra--Berhasil Presensi -Mulai-","nokartu":"935705FE"}]}
Berhasil kirim balasan ke "responServer_2309MAS003"

[2025-09-02 12:44:50]
Menerima pesan dari: dariMCU_2309MAS003 - Pesan: {"nokartu":"935705FE","idchip":"16581755","nodevice":"2309MAS003","key":"1234567890987654321","ipa":"10.10.3.148"}
[2025-09-02 12:44:50]
Berhasil merespon "dariMCU_2309MAS003" : {"respon":[{"id":"16581755","nodevice":"2309MAS003","message":"510","info":"Shafa Az Zahra--TERCATAT! 3 dtk lalu","nokartu":"935705FE"}]}
Berhasil kirim balasan ke "responServer_2309MAS003"

[2025-09-02 12:44:54]
Menerima pesan dari: dariMCU_2309MAS003 - Pesan: {"nokartu":"935705FE","idchip":"16581755","nodevice":"2309MAS003","key":"1234567890987654321","ipa":"10.10.3.148"}
[2025-09-02 12:44:54]
Berhasil merespon "dariMCU_2309MAS003" : {"respon":[{"id":"16581755","nodevice":"2309MAS003","message":"510","info":"Shafa Az Zahra--TERCATAT! 7 dtk lalu","nokartu":"935705FE"}]}
Berhasil kirim balasan ke "responServer_2309MAS003"

[2025-09-02 12:46:52]
Menerima pesan dari: dariMCU_2309MAS003 - Pesan: {"nokartu":"F3A717FE","idchip":"16581755","nodevice":"2309MAS003","key":"1234567890987654321","ipa":"10.10.3.148"}
[2025-09-02 12:46:52]
Berhasil merespon "dariMCU_2309MAS003" : {"respon":[{"id":"16581755","nodevice":"2309MAS003","message":"BMPE","info":"Elvira Ayu Thirany--Berhasil Presensi -Mulai-","nokartu":"F3A717FE"}]}
Berhasil kirim balasan ke "responServer_2309MAS003"

[2025-09-02 12:46:56]
Menerima pesan dari: dariMCU_2309MAS003 - Pesan: {"nokartu":"F3A717FE","idchip":"16581755","nodevice":"2309MAS003","key":"1234567890987654321","ipa":"10.10.3.148"}
[2025-09-02 12:46:56]
Berhasil merespon "dariMCU_2309MAS003" : {"respon":[{"id":"16581755","nodevice":"2309MAS003","message":"510","info":"Elvira Ayu Thirany--TERCATAT! 4 dtk lalu","nokartu":"F3A717FE"}]}
Berhasil kirim balasan ke "responServer_2309MAS003"

[2025-09-02 12:46:59]
Menerima pesan dari: dariMCU_2309MAS003 - Pesan: {"nokartu":"F3A717FE","idchip":"16581755","nodevice":"2309MAS003","key":"1234567890987654321","ipa":"10.10.3.148"}
[2025-09-02 12:46:59]
Berhasil merespon "dariMCU_2309MAS003" : {"respon":[{"id":"16581755","nodevice":"2309MAS003","message":"510","info":"Elvira Ayu Thirany--TERCATAT! 7 dtk lalu","nokartu":"F3A717FE"}]}
Berhasil kirim balasan ke "responServer_2309MAS003"

[2025-09-02 12:47:30]
Menerima pesan dari: dariMCU_2309MAS003 - Pesan: {"nokartu":"236F14FF","idchip":"16581755","nodevice":"2309MAS003","key":"1234567890987654321","ipa":"10.10.3.148"}
[2025-09-02 12:47:30]
Berhasil merespon "dariMCU_2309MAS003" : {"respon":[{"id":"16581755","nodevice":"2309MAS003","message":"BMPE","info":"Dista Erla Dia--Berhasil Presensi -Mulai-","nokartu":"236F14FF"}]}
Berhasil kirim balasan ke "responServer_2309MAS003"

[2025-09-02 12:47:34]
Menerima pesan dari: dariMCU_2309MAS003 - Pesan: {"nokartu":"236F14FF","idchip":"16581755","nodevice":"2309MAS003","key":"1234567890987654321","ipa":"10.10.3.148"}
[2025-09-02 12:47:34]
Berhasil merespon "dariMCU_2309MAS003" : {"respon":[{"id":"16581755","nodevice":"2309MAS003","message":"510","info":"Dista Erla Dia--TERCATAT! 4 dtk lalu","nokartu":"236F14FF"}]}
Berhasil kirim balasan ke "responServer_2309MAS003"

[2025-09-02 12:47:35]
Menerima pesan dari: dariMCU_2309MAS003 - Pesan: {"nokartu":"930E22FF","idchip":"16581755","nodevice":"2309MAS003","key":"1234567890987654321","ipa":"10.10.3.148"}
[2025-09-02 12:47:35]
Berhasil merespon "dariMCU_2309MAS003" : {"respon":[{"id":"16581755","nodevice":"2309MAS003","message":"BMPE","info":"Nafila Azahro--Berhasil Presensi -Mulai-","nokartu":"930E22FF"}]}
Berhasil kirim balasan ke "responServer_2309MAS003"

[2025-09-02 12:47:38]
Menerima pesan dari: dariMCU_2309MAS003 - Pesan: {"nokartu":"933E24FF","idchip":"16581755","nodevice":"2309MAS003","key":"1234567890987654321","ipa":"10.10.3.148"}
[2025-09-02 12:47:38]
Berhasil merespon "dariMCU_2309MAS003" : {"respon":[{"id":"16581755","nodevice":"2309MAS003","message":"BMPE","info":"Dhecha Aprillea Nadine--Berhasil Presensi -Mulai-","nokartu":"933E24FF"}]}
Berhasil kirim balasan ke "responServer_2309MAS003"

[2025-09-02 12:47:42]
Menerima pesan dari: dariMCU_2309MAS003 - Pesan: {"nokartu":"933E24FF","idchip":"16581755","nodevice":"2309MAS003","key":"1234567890987654321","ipa":"10.10.3.148"}
[2025-09-02 12:47:42]
Berhasil merespon "dariMCU_2309MAS003" : {"respon":[{"id":"16581755","nodevice":"2309MAS003","message":"510","info":"Dhecha Aprillea Nadine--TERCATAT! 4 dtk lalu","nokartu":"933E24FF"}]}
Berhasil kirim balasan ke "responServer_2309MAS003"

[2025-09-02 12:47:43]
Menerima pesan dari: dariMCU_2309MAS003 - Pesan: {"nokartu":"933E24FF","idchip":"16581755","nodevice":"2309MAS003","key":"1234567890987654321","ipa":"10.10.3.148"}
[2025-09-02 12:47:43]
Berhasil merespon "dariMCU_2309MAS003" : {"respon":[{"id":"16581755","nodevice":"2309MAS003","message":"510","info":"Dhecha Aprillea Nadine--TERCATAT! 5 dtk lalu","nokartu":"933E24FF"}]}
Berhasil kirim balasan ke "responServer_2309MAS003"

[2025-09-02 12:48:00]
Menerima pesan dari: dariMCU_2309MAS003 - Pesan: {"nokartu":"C3BB21FF","idchip":"16581755","nodevice":"2309MAS003","key":"1234567890987654321","ipa":"10.10.3.148"}
[2025-09-02 12:48:00]
Berhasil merespon "dariMCU_2309MAS003" : {"respon":[{"id":"16581755","nodevice":"2309MAS003","message":"BMPE","info":"Nathania Cesya Salsabila--Berhasil Presensi -Mulai-","nokartu":"C3BB21FF"}]}
Berhasil kirim balasan ke "responServer_2309MAS003"

[2025-09-02 12:48:01]
Menerima pesan dari: dariMCU_2309MAS003 - Pesan: {"nokartu":"C3BB21FF","idchip":"16581755","nodevice":"2309MAS003","key":"1234567890987654321","ipa":"10.10.3.148"}
[2025-09-02 12:48:01]
Berhasil merespon "dariMCU_2309MAS003" : {"respon":[{"id":"16581755","nodevice":"2309MAS003","message":"510","info":"Nathania Cesya Salsabila--TERCATAT! 1 dtk lalu","nokartu":"C3BB21FF"}]}
Berhasil kirim balasan ke "responServer_2309MAS003"

[2025-09-02 12:48:04]
Menerima pesan dari: dariMCU_2309MAS003 - Pesan: {"nokartu":"C3BB21FF","idchip":"16581755","nodevice":"2309MAS003","key":"1234567890987654321","ipa":"10.10.3.148"}
[2025-09-02 12:48:04]
Berhasil merespon "dariMCU_2309MAS003" : {"respon":[{"id":"16581755","nodevice":"2309MAS003","message":"510","info":"Nathania Cesya Salsabila--TERCATAT! 4 dtk lalu","nokartu":"C3BB21FF"}]}
Berhasil kirim balasan ke "responServer_2309MAS003"

[2025-09-02 12:48:05]
Menerima pesan dari: dariMCU_2309MAS003 - Pesan: {"nokartu":"43D72AFF","idchip":"16581755","nodevice":"2309MAS003","key":"1234567890987654321","ipa":"10.10.3.148"}
[2025-09-02 12:48:05]
Berhasil merespon "dariMCU_2309MAS003" : {"respon":[{"id":"16581755","nodevice":"2309MAS003","message":"BMPE","info":"Resa Dwi Cahyani--Berhasil Presensi -Mulai-","nokartu":"43D72AFF"}]}
Berhasil kirim balasan ke "responServer_2309MAS003"

[2025-09-02 12:48:09]
Menerima pesan dari: dariMCU_2309MAS003 - Pesan: {"nokartu":"C3BB21FF","idchip":"16581755","nodevice":"2309MAS003","key":"1234567890987654321","ipa":"10.10.3.148"}
[2025-09-02 12:48:09]
Berhasil merespon "dariMCU_2309MAS003" : {"respon":[{"id":"16581755","nodevice":"2309MAS003","message":"510","info":"Nathania Cesya Salsabila--TERCATAT! 9 dtk lalu","nokartu":"C3BB21FF"}]}
Berhasil kirim balasan ke "responServer_2309MAS003"

[2025-09-02 12:48:10]
Menerima pesan dari: dariMCU_2309MAS003 - Pesan: {"nokartu":"C3BB21FF","idchip":"16581755","nodevice":"2309MAS003","key":"1234567890987654321","ipa":"10.10.3.148"}
[2025-09-02 12:48:10]
Berhasil merespon "dariMCU_2309MAS003" : {"respon":[{"id":"16581755","nodevice":"2309MAS003","message":"510","info":"Nathania Cesya Salsabila--TERCATAT! 10 dtk lalu","nokartu":"C3BB21FF"}]}
Berhasil kirim balasan ke "responServer_2309MAS003"

[2025-09-02 12:48:15]
Menerima pesan dari: dariMCU_2309MAS003 - Pesan: {"nokartu":"53802FFF","idchip":"16581755","nodevice":"2309MAS003","key":"1234567890987654321","ipa":"10.10.3.148"}
[2025-09-02 12:48:15]
Berhasil merespon "dariMCU_2309MAS003" : {"respon":[{"id":"16581755","nodevice":"2309MAS003","message":"BMPE","info":"Fatimatuzzahro--Berhasil Presensi -Mulai-","nokartu":"53802FFF"}]}
Berhasil kirim balasan ke "responServer_2309MAS003"

[2025-09-02 12:48:19]
Menerima pesan dari: dariMCU_2309MAS003 - Pesan: {"nokartu":"53802FFF","idchip":"16581755","nodevice":"2309MAS003","key":"1234567890987654321","ipa":"10.10.3.148"}
[2025-09-02 12:48:19]
Berhasil merespon "dariMCU_2309MAS003" : {"respon":[{"id":"16581755","nodevice":"2309MAS003","message":"510","info":"Fatimatuzzahro--TERCATAT! 4 dtk lalu","nokartu":"53802FFF"}]}
Berhasil kirim balasan ke "responServer_2309MAS003"

[2025-09-02 12:48:24]
Menerima pesan dari: dariMCU_2309MAS003 - Pesan: {"nokartu":"83AD12FE","idchip":"16581755","nodevice":"2309MAS003","key":"1234567890987654321","ipa":"10.10.3.148"}
[2025-09-02 12:48:24]
Berhasil merespon "dariMCU_2309MAS003" : {"respon":[{"id":"16581755","nodevice":"2309MAS003","message":"BMPE","info":"Niken Viola Anjani--Berhasil Presensi -Mulai-","nokartu":"83AD12FE"}]}
Berhasil kirim balasan ke "responServer_2309MAS003"

[2025-09-02 12:48:27]
Menerima pesan dari: dariMCU_2309MAS003 - Pesan: {"nokartu":"83AD12FE","idchip":"16581755","nodevice":"2309MAS003","key":"1234567890987654321","ipa":"10.10.3.148"}
[2025-09-02 12:48:27]
Berhasil merespon "dariMCU_2309MAS003" : {"respon":[{"id":"16581755","nodevice":"2309MAS003","message":"510","info":"Niken Viola Anjani--TERCATAT! 3 dtk lalu","nokartu":"83AD12FE"}]}
Berhasil kirim balasan ke "responServer_2309MAS003"

[2025-09-02 12:48:28]
Menerima pesan dari: dariMCU_2309MAS003 - Pesan: {"nokartu":"73AB22FF","idchip":"16581755","nodevice":"2309MAS003","key":"1234567890987654321","ipa":"10.10.3.148"}
[2025-09-02 12:48:28]
Berhasil merespon "dariMCU_2309MAS003" : {"respon":[{"id":"16581755","nodevice":"2309MAS003","message":"BMPE","info":"Elsa Danisa--Berhasil Presensi -Mulai-","nokartu":"73AB22FF"}]}
Berhasil kirim balasan ke "responServer_2309MAS003"

[2025-09-02 12:48:32]
Menerima pesan dari: dariMCU_2309MAS003 - Pesan: {"nokartu":"632822FF","idchip":"16581755","nodevice":"2309MAS003","key":"1234567890987654321","ipa":"10.10.3.148"}
[2025-09-02 12:48:32]
Berhasil merespon "dariMCU_2309MAS003" : {"respon":[{"id":"16581755","nodevice":"2309MAS003","message":"BMPE","info":"Dwi Yuni Kurniawati--Berhasil Presensi -Mulai-","nokartu":"632822FF"}]}
Berhasil kirim balasan ke "responServer_2309MAS003"

[2025-09-02 12:48:36]
Menerima pesan dari: dariMCU_2309MAS003 - Pesan: {"nokartu":"632822FF","idchip":"16581755","nodevice":"2309MAS003","key":"1234567890987654321","ipa":"10.10.3.148"}
[2025-09-02 12:48:36]
Berhasil merespon "dariMCU_2309MAS003" : {"respon":[{"id":"16581755","nodevice":"2309MAS003","message":"510","info":"Dwi Yuni Kurniawati--TERCATAT! 4 dtk lalu","nokartu":"632822FF"}]}
Berhasil kirim balasan ke "responServer_2309MAS003"

[2025-09-02 12:49:19]
Menerima pesan dari: dariMCU_2309MAS003 - Pesan: {"nokartu":"63D323FF","idchip":"16581755","nodevice":"2309MAS003","key":"1234567890987654321","ipa":"10.10.3.148"}
[2025-09-02 12:49:19]
Berhasil merespon "dariMCU_2309MAS003" : {"respon":[{"id":"16581755","nodevice":"2309MAS003","message":"BMPE","info":"Hisna Alifah--Berhasil Presensi -Mulai-","nokartu":"63D323FF"}]}
Berhasil kirim balasan ke "responServer_2309MAS003"

[2025-09-02 12:49:23]
Menerima pesan dari: dariMCU_2309MAS003 - Pesan: {"nokartu":"63D323FF","idchip":"16581755","nodevice":"2309MAS003","key":"1234567890987654321","ipa":"10.10.3.148"}
[2025-09-02 12:49:23]
Berhasil merespon "dariMCU_2309MAS003" : {"respon":[{"id":"16581755","nodevice":"2309MAS003","message":"510","info":"Hisna Alifah--TERCATAT! 4 dtk lalu","nokartu":"63D323FF"}]}
Berhasil kirim balasan ke "responServer_2309MAS003"

[2025-09-02 12:50:43]
Menerima pesan dari: dariMCU_2309MAS003 - Pesan: {"nokartu":"C3962FFF","idchip":"16581755","nodevice":"2309MAS003","key":"1234567890987654321","ipa":"10.10.3.148"}
[2025-09-02 12:50:43]
Berhasil merespon "dariMCU_2309MAS003" : {"respon":[{"id":"16581755","nodevice":"2309MAS003","message":"BMPE","info":"Ahmad Riva i--Berhasil Presensi -Mulai-","nokartu":"C3962FFF"}]}
Berhasil kirim balasan ke "responServer_2309MAS003"

[2025-09-02 12:50:46]
Menerima pesan dari: dariMCU_2309MAS003 - Pesan: {"nokartu":"C3962FFF","idchip":"16581755","nodevice":"2309MAS003","key":"1234567890987654321","ipa":"10.10.3.148"}
[2025-09-02 12:50:46]
Berhasil merespon "dariMCU_2309MAS003" : {"respon":[{"id":"16581755","nodevice":"2309MAS003","message":"510","info":"Ahmad Riva i--TERCATAT! 3 dtk lalu","nokartu":"C3962FFF"}]}
Berhasil kirim balasan ke "responServer_2309MAS003"

[2025-09-02 12:50:50]
Menerima pesan dari: dariMCU_2309MAS003 - Pesan: {"nokartu":"B3B5E9E4","idchip":"16581755","nodevice":"2309MAS003","key":"1234567890987654321","ipa":"10.10.3.148"}
[2025-09-02 12:50:50]
Berhasil merespon "dariMCU_2309MAS003" : {"respon":[{"id":"16581755","nodevice":"2309MAS003","message":"BMPE","info":"Rahman Fauzi--Berhasil Presensi -Mulai-","nokartu":"B3B5E9E4"}]}
Berhasil kirim balasan ke "responServer_2309MAS003"

[2025-09-02 12:50:54]
Menerima pesan dari: dariMCU_2309MAS003 - Pesan: {"nokartu":"B3B5E9E4","idchip":"16581755","nodevice":"2309MAS003","key":"1234567890987654321","ipa":"10.10.3.148"}
[2025-09-02 12:50:54]
Berhasil merespon "dariMCU_2309MAS003" : {"respon":[{"id":"16581755","nodevice":"2309MAS003","message":"510","info":"Rahman Fauzi--TERCATAT! 4 dtk lalu","nokartu":"B3B5E9E4"}]}
Berhasil kirim balasan ke "responServer_2309MAS003"

[2025-09-02 12:51:15]
Menerima pesan dari: dariMCU_2309MAS003 - Pesan: {"nokartu":"438818FE","idchip":"16581755","nodevice":"2309MAS003","key":"1234567890987654321","ipa":"10.10.3.148"}
[2025-09-02 12:51:15]
Berhasil merespon "dariMCU_2309MAS003" : {"respon":[{"id":"16581755","nodevice":"2309MAS003","message":"BMPE","info":"Nashendi Sabrina Shasa--Berhasil Presensi -Mulai-","nokartu":"438818FE"}]}
Berhasil kirim balasan ke "responServer_2309MAS003"

[2025-09-02 12:52:02]
Menerima pesan dari: dariMCU_2309MAS003 - Pesan: {"nokartu":"63551605","idchip":"16581755","nodevice":"2309MAS003","key":"1234567890987654321","ipa":"10.10.3.148"}
[2025-09-02 12:52:02]
Berhasil merespon "dariMCU_2309MAS003" : {"respon":[{"id":"16581755","nodevice":"2309MAS003","message":"BMPE","info":"Melisa Sofiyana--Berhasil Presensi -Mulai-","nokartu":"63551605"}]}
Berhasil kirim balasan ke "responServer_2309MAS003"

[2025-09-02 12:52:06]
Menerima pesan dari: dariMCU_2309MAS003 - Pesan: {"nokartu":"63551605","idchip":"16581755","nodevice":"2309MAS003","key":"1234567890987654321","ipa":"10.10.3.148"}
[2025-09-02 12:52:06]
Berhasil merespon "dariMCU_2309MAS003" : {"respon":[{"id":"16581755","nodevice":"2309MAS003","message":"510","info":"Melisa Sofiyana--TERCATAT! 4 dtk lalu","nokartu":"63551605"}]}
Berhasil kirim balasan ke "responServer_2309MAS003"

[2025-09-02 12:52:07]
Menerima pesan dari: dariMCU_2309MAS003 - Pesan: {"nokartu":"63551605","idchip":"16581755","nodevice":"2309MAS003","key":"1234567890987654321","ipa":"10.10.3.148"}
[2025-09-02 12:52:07]
Berhasil merespon "dariMCU_2309MAS003" : {"respon":[{"id":"16581755","nodevice":"2309MAS003","message":"510","info":"Melisa Sofiyana--TERCATAT! 5 dtk lalu","nokartu":"63551605"}]}
Berhasil kirim balasan ke "responServer_2309MAS003"

[2025-09-02 12:52:32]
Menerima pesan dari: dariMCU_2309MAS003 - Pesan: {"nokartu":"5348DA54","idchip":"16581755","nodevice":"2309MAS003","key":"1234567890987654321","ipa":"10.10.3.148"}
[2025-09-02 12:52:32]
Berhasil merespon "dariMCU_2309MAS003" : {"respon":[{"id":"16581755","nodevice":"2309MAS003","message":"BMPE","info":"Ikhwan Priantama--Berhasil Presensi -Mulai-","nokartu":"5348DA54"}]}
Berhasil kirim balasan ke "responServer_2309MAS003"

[2025-09-02 12:52:33]
Menerima pesan dari: dariMCU_2309MAS003 - Pesan: {"nokartu":"5348DA54","idchip":"16581755","nodevice":"2309MAS003","key":"1234567890987654321","ipa":"10.10.3.148"}
[2025-09-02 12:52:33]
Berhasil merespon "dariMCU_2309MAS003" : {"respon":[{"id":"16581755","nodevice":"2309MAS003","message":"510","info":"Ikhwan Priantama--TERCATAT! 1 dtk lalu","nokartu":"5348DA54"}]}
Berhasil kirim balasan ke "responServer_2309MAS003"

[2025-09-02 12:52:38]
Menerima pesan dari: dariMCU_2309MAS003 - Pesan: {"nokartu":"D3782CFF","idchip":"16581755","nodevice":"2309MAS003","key":"1234567890987654321","ipa":"10.10.3.148"}
[2025-09-02 12:52:38]
Berhasil merespon "dariMCU_2309MAS003" : {"respon":[{"id":"16581755","nodevice":"2309MAS003","message":"BMPE","info":"Risma Novita Rahmawati--Berhasil Presensi -Mulai-","nokartu":"D3782CFF"}]}
Berhasil kirim balasan ke "responServer_2309MAS003"

[2025-09-02 12:52:41]
Menerima pesan dari: dariMCU_2309MAS003 - Pesan: {"nokartu":"D3782CFF","idchip":"16581755","nodevice":"2309MAS003","key":"1234567890987654321","ipa":"10.10.3.148"}
[2025-09-02 12:52:41]
Berhasil merespon "dariMCU_2309MAS003" : {"respon":[{"id":"16581755","nodevice":"2309MAS003","message":"510","info":"Risma Novita Rahmawati--TERCATAT! 3 dtk lalu","nokartu":"D3782CFF"}]}
Berhasil kirim balasan ke "responServer_2309MAS003"

[2025-09-02 12:52:42]
Menerima pesan dari: dariMCU_2309MAS003 - Pesan: {"nokartu":"43230AFE","idchip":"16581755","nodevice":"2309MAS003","key":"1234567890987654321","ipa":"10.10.3.148"}
[2025-09-02 12:52:42]
Berhasil merespon "dariMCU_2309MAS003" : {"respon":[{"id":"16581755","nodevice":"2309MAS003","message":"BMPE","info":"Bagus Ade Haryono--Berhasil Presensi -Mulai-","nokartu":"43230AFE"}]}
Berhasil kirim balasan ke "responServer_2309MAS003"

[2025-09-02 12:52:46]
Menerima pesan dari: dariMCU_2309MAS003 - Pesan: {"nokartu":"43230AFE","idchip":"16581755","nodevice":"2309MAS003","key":"1234567890987654321","ipa":"10.10.3.148"}
[2025-09-02 12:52:46]
Berhasil merespon "dariMCU_2309MAS003" : {"respon":[{"id":"16581755","nodevice":"2309MAS003","message":"510","info":"Bagus Ade Haryono--TERCATAT! 4 dtk lalu","nokartu":"43230AFE"}]}
Berhasil kirim balasan ke "responServer_2309MAS003"

[2025-09-02 12:52:49]
Menerima pesan dari: dariMCU_2309MAS003 - Pesan: {"nokartu":"43230AFE","idchip":"16581755","nodevice":"2309MAS003","key":"1234567890987654321","ipa":"10.10.3.148"}
[2025-09-02 12:52:49]
Berhasil merespon "dariMCU_2309MAS003" : {"respon":[{"id":"16581755","nodevice":"2309MAS003","message":"510","info":"Bagus Ade Haryono--TERCATAT! 7 dtk lalu","nokartu":"43230AFE"}]}
Berhasil kirim balasan ke "responServer_2309MAS003"

[2025-09-02 12:52:53]
Menerima pesan dari: dariMCU_2309MAS003 - Pesan: {"nokartu":"43230AFE","idchip":"16581755","nodevice":"2309MAS003","key":"1234567890987654321","ipa":"10.10.3.148"}
[2025-09-02 12:52:53]
Berhasil merespon "dariMCU_2309MAS003" : {"respon":[{"id":"16581755","nodevice":"2309MAS003","message":"510","info":"Bagus Ade Haryono--TERCATAT! 11 dtk lalu","nokartu":"43230AFE"}]}
Berhasil kirim balasan ke "responServer_2309MAS003"

[2025-09-02 12:52:57]
Menerima pesan dari: dariMCU_2309MAS003 - Pesan: {"nokartu":"43230AFE","idchip":"16581755","nodevice":"2309MAS003","key":"1234567890987654321","ipa":"10.10.3.148"}
[2025-09-02 12:52:57]
Berhasil merespon "dariMCU_2309MAS003" : {"respon":[{"id":"16581755","nodevice":"2309MAS003","message":"510","info":"Bagus Ade Haryono--TERCATAT! 15 dtk lalu","nokartu":"43230AFE"}]}
Berhasil kirim balasan ke "responServer_2309MAS003"

[2025-09-02 12:52:58]
Menerima pesan dari: dariMCU_2309MAS003 - Pesan: {"nokartu":"43CC1D03","idchip":"16581755","nodevice":"2309MAS003","key":"1234567890987654321","ipa":"10.10.3.148"}
[2025-09-02 12:52:58]
Berhasil merespon "dariMCU_2309MAS003" : {"respon":[{"id":"16581755","nodevice":"2309MAS003","message":"BMPE","info":"Cholik Mujtaba--Berhasil Presensi -Mulai-","nokartu":"43CC1D03"}]}
Berhasil kirim balasan ke "responServer_2309MAS003"

[2025-09-02 12:53:02]
Menerima pesan dari: dariMCU_2309MAS003 - Pesan: {"nokartu":"03981C03","idchip":"16581755","nodevice":"2309MAS003","key":"1234567890987654321","ipa":"10.10.3.148"}
[2025-09-02 12:53:02]
Berhasil merespon "dariMCU_2309MAS003" : {"respon":[{"id":"16581755","nodevice":"2309MAS003","message":"BMPE","info":"Destira Adi Kusuma--Berhasil Presensi -Mulai-","nokartu":"03981C03"}]}
Berhasil kirim balasan ke "responServer_2309MAS003"

[2025-09-02 12:53:05]
Menerima pesan dari: dariMCU_2309MAS003 - Pesan: {"nokartu":"03981C03","idchip":"16581755","nodevice":"2309MAS003","key":"1234567890987654321","ipa":"10.10.3.148"}
[2025-09-02 12:53:05]
Berhasil merespon "dariMCU_2309MAS003" : {"respon":[{"id":"16581755","nodevice":"2309MAS003","message":"510","info":"Destira Adi Kusuma--TERCATAT! 3 dtk lalu","nokartu":"03981C03"}]}
Berhasil kirim balasan ke "responServer_2309MAS003"

[2025-09-02 12:53:06]
Menerima pesan dari: dariMCU_2309MAS003 - Pesan: {"nokartu":"03981C03","idchip":"16581755","nodevice":"2309MAS003","key":"1234567890987654321","ipa":"10.10.3.148"}
[2025-09-02 12:53:06]
Berhasil merespon "dariMCU_2309MAS003" : {"respon":[{"id":"16581755","nodevice":"2309MAS003","message":"510","info":"Destira Adi Kusuma--TERCATAT! 4 dtk lalu","nokartu":"03981C03"}]}
Berhasil kirim balasan ke "responServer_2309MAS003"

[2025-09-02 12:53:10]
Menerima pesan dari: dariMCU_2309MAS003 - Pesan: {"nokartu":"03981C03","idchip":"16581755","nodevice":"2309MAS003","key":"1234567890987654321","ipa":"10.10.3.148"}
[2025-09-02 12:53:10]
Berhasil merespon "dariMCU_2309MAS003" : {"respon":[{"id":"16581755","nodevice":"2309MAS003","message":"510","info":"Destira Adi Kusuma--TERCATAT! 8 dtk lalu","nokartu":"03981C03"}]}
Berhasil kirim balasan ke "responServer_2309MAS003"

[2025-09-02 12:53:11]
Menerima pesan dari: dariMCU_2309MAS003 - Pesan: {"nokartu":"03981C03","idchip":"16581755","nodevice":"2309MAS003","key":"1234567890987654321","ipa":"10.10.3.148"}
[2025-09-02 12:53:11]
Berhasil merespon "dariMCU_2309MAS003" : {"respon":[{"id":"16581755","nodevice":"2309MAS003","message":"510","info":"Destira Adi Kusuma--TERCATAT! 9 dtk lalu","nokartu":"03981C03"}]}
Berhasil kirim balasan ke "responServer_2309MAS003"

[2025-09-02 12:53:15]
Menerima pesan dari: dariMCU_2309MAS003 - Pesan: {"nokartu":"D3782CFF","idchip":"16581755","nodevice":"2309MAS003","key":"1234567890987654321","ipa":"10.10.3.148"}
[2025-09-02 12:53:15]
Berhasil merespon "dariMCU_2309MAS003" : {"respon":[{"id":"16581755","nodevice":"2309MAS003","message":"510","info":"Risma Novita Rahmawati--TERCATAT! 37 dtk lalu","nokartu":"D3782CFF"}]}
Berhasil kirim balasan ke "responServer_2309MAS003"

[2025-09-02 12:53:18]
Menerima pesan dari: dariMCU_2309MAS003 - Pesan: {"nokartu":"D3782CFF","idchip":"16581755","nodevice":"2309MAS003","key":"1234567890987654321","ipa":"10.10.3.148"}
[2025-09-02 12:53:18]
Berhasil merespon "dariMCU_2309MAS003" : {"respon":[{"id":"16581755","nodevice":"2309MAS003","message":"510","info":"Risma Novita Rahmawati--TERCATAT! 40 dtk lalu","nokartu":"D3782CFF"}]}
Berhasil kirim balasan ke "responServer_2309MAS003"

[2025-09-02 12:53:27]
Menerima pesan dari: dariMCU_2309MAS003 - Pesan: {"nokartu":"23A521FF","idchip":"16581755","nodevice":"2309MAS003","key":"1234567890987654321","ipa":"10.10.3.148"}
[2025-09-02 12:53:27]
Berhasil merespon "dariMCU_2309MAS003" : {"respon":[{"id":"16581755","nodevice":"2309MAS003","message":"BMPE","info":"Rohim Rahmat Dani--Berhasil Presensi -Mulai-","nokartu":"23A521FF"}]}
Berhasil kirim balasan ke "responServer_2309MAS003"

[2025-09-02 12:53:31]
Menerima pesan dari: dariMCU_2309MAS003 - Pesan: {"nokartu":"23A521FF","idchip":"16581755","nodevice":"2309MAS003","key":"1234567890987654321","ipa":"10.10.3.148"}
[2025-09-02 12:53:31]
Berhasil merespon "dariMCU_2309MAS003" : {"respon":[{"id":"16581755","nodevice":"2309MAS003","message":"510","info":"Rohim Rahmat Dani--TERCATAT! 4 dtk lalu","nokartu":"23A521FF"}]}
Berhasil kirim balasan ke "responServer_2309MAS003"

[2025-09-02 12:53:32]
Menerima pesan dari: dariMCU_2309MAS003 - Pesan: {"nokartu":"23A521FF","idchip":"16581755","nodevice":"2309MAS003","key":"1234567890987654321","ipa":"10.10.3.148"}
[2025-09-02 12:53:32]
Berhasil merespon "dariMCU_2309MAS003" : {"respon":[{"id":"16581755","nodevice":"2309MAS003","message":"510","info":"Rohim Rahmat Dani--TERCATAT! 5 dtk lalu","nokartu":"23A521FF"}]}
Berhasil kirim balasan ke "responServer_2309MAS003"

[2025-09-02 12:56:25]
Menerima pesan dari: dariMCU_2309MAS003 - Pesan: {"nokartu":"A33530FF","idchip":"16581755","nodevice":"2309MAS003","key":"1234567890987654321","ipa":"10.10.3.148"}
[2025-09-02 12:56:25]
Berhasil merespon "dariMCU_2309MAS003" : {"respon":[{"id":"16581755","nodevice":"2309MAS003","message":"BMPE","info":"Hanifah Cahyani--Berhasil Presensi -Mulai-","nokartu":"A33530FF"}]}
Berhasil kirim balasan ke "responServer_2309MAS003"

[2025-09-02 12:56:29]
Menerima pesan dari: dariMCU_2309MAS003 - Pesan: {"nokartu":"A33530FF","idchip":"16581755","nodevice":"2309MAS003","key":"1234567890987654321","ipa":"10.10.3.148"}
[2025-09-02 12:56:29]
Berhasil merespon "dariMCU_2309MAS003" : {"respon":[{"id":"16581755","nodevice":"2309MAS003","message":"510","info":"Hanifah Cahyani--TERCATAT! 4 dtk lalu","nokartu":"A33530FF"}]}
Berhasil kirim balasan ke "responServer_2309MAS003"

[2025-09-02 12:56:45]
Menerima pesan dari: dariMCU_2309MAS003 - Pesan: {"nokartu":"AA04B889","idchip":"16581755","nodevice":"2309MAS003","key":"1234567890987654321","ipa":"10.10.3.148"}
[2025-09-02 12:56:45]
Berhasil merespon "dariMCU_2309MAS003" : {"respon":[{"id":"16581755","nodevice":"2309MAS003","message":"BMPE","info":"Lanang Kaloka Tata Ulama--Berhasil Presensi -Mulai-","nokartu":"AA04B889"}]}
Berhasil kirim balasan ke "responServer_2309MAS003"

[2025-09-02 12:56:49]
Menerima pesan dari: dariMCU_2309MAS003 - Pesan: {"nokartu":"AA04B889","idchip":"16581755","nodevice":"2309MAS003","key":"1234567890987654321","ipa":"10.10.3.148"}
[2025-09-02 12:56:49]
Berhasil merespon "dariMCU_2309MAS003" : {"respon":[{"id":"16581755","nodevice":"2309MAS003","message":"510","info":"Lanang Kaloka Tata Ulama--TERCATAT! 4 dtk lalu","nokartu":"AA04B889"}]}
Berhasil kirim balasan ke "responServer_2309MAS003"

[2025-09-02 12:56:52]
Menerima pesan dari: dariMCU_2309MAS003 - Pesan: {"nokartu":"E3628105","idchip":"16581755","nodevice":"2309MAS003","key":"1234567890987654321","ipa":"10.10.3.148"}
[2025-09-02 12:56:52]
Berhasil merespon "dariMCU_2309MAS003" : {"respon":[{"id":"16581755","nodevice":"2309MAS003","message":"BMPE","info":"Devara Fardan Hartanto--Berhasil Presensi -Mulai-","nokartu":"E3628105"}]}
Berhasil kirim balasan ke "responServer_2309MAS003"

[2025-09-02 12:56:56]
Menerima pesan dari: dariMCU_2309MAS003 - Pesan: {"nokartu":"E3628105","idchip":"16581755","nodevice":"2309MAS003","key":"1234567890987654321","ipa":"10.10.3.148"}
[2025-09-02 12:56:56]
Berhasil merespon "dariMCU_2309MAS003" : {"respon":[{"id":"16581755","nodevice":"2309MAS003","message":"510","info":"Devara Fardan Hartanto--TERCATAT! 4 dtk lalu","nokartu":"E3628105"}]}
Berhasil kirim balasan ke "responServer_2309MAS003"

[2025-09-02 12:57:00]
Menerima pesan dari: dariMCU_2309MAS003 - Pesan: {"nokartu":"E3628105","idchip":"16581755","nodevice":"2309MAS003","key":"1234567890987654321","ipa":"10.10.3.148"}
[2025-09-02 12:57:00]
Berhasil merespon "dariMCU_2309MAS003" : {"respon":[{"id":"16581755","nodevice":"2309MAS003","message":"510","info":"Devara Fardan Hartanto--TERCATAT! 8 dtk lalu","nokartu":"E3628105"}]}
Berhasil kirim balasan ke "responServer_2309MAS003"

[2025-09-02 12:57:04]
Menerima pesan dari: dariMCU_2309MAS003 - Pesan: {"nokartu":"E3628105","idchip":"16581755","nodevice":"2309MAS003","key":"1234567890987654321","ipa":"10.10.3.148"}
[2025-09-02 12:57:04]
Berhasil merespon "dariMCU_2309MAS003" : {"respon":[{"id":"16581755","nodevice":"2309MAS003","message":"510","info":"Devara Fardan Hartanto--TERCATAT! 12 dtk lalu","nokartu":"E3628105"}]}
Berhasil kirim balasan ke "responServer_2309MAS003"

[2025-09-02 12:59:15]
Menerima pesan dari: dariMCU_2309MAS003 - Pesan: {"nokartu":"13B90AFE","idchip":"16581755","nodevice":"2309MAS003","key":"1234567890987654321","ipa":"10.10.3.148"}
[2025-09-02 12:59:15]
Berhasil merespon "dariMCU_2309MAS003" : {"respon":[{"id":"16581755","nodevice":"2309MAS003","message":"BMPE","info":"Dio Wahyu Agustian--Berhasil Presensi -Mulai-","nokartu":"13B90AFE"}]}
Berhasil kirim balasan ke "responServer_2309MAS003"

[2025-09-02 12:59:18]
Menerima pesan dari: dariMCU_2309MAS003 - Pesan: {"nokartu":"13B90AFE","idchip":"16581755","nodevice":"2309MAS003","key":"1234567890987654321","ipa":"10.10.3.148"}
[2025-09-02 12:59:18]
Berhasil merespon "dariMCU_2309MAS003" : {"respon":[{"id":"16581755","nodevice":"2309MAS003","message":"510","info":"Dio Wahyu Agustian--TERCATAT! 3 dtk lalu","nokartu":"13B90AFE"}]}
Berhasil kirim balasan ke "responServer_2309MAS003"

[2025-09-02 12:59:22]
Menerima pesan dari: dariMCU_2309MAS003 - Pesan: {"nokartu":"13B90AFE","idchip":"16581755","nodevice":"2309MAS003","key":"1234567890987654321","ipa":"10.10.3.148"}
[2025-09-02 12:59:22]
Berhasil merespon "dariMCU_2309MAS003" : {"respon":[{"id":"16581755","nodevice":"2309MAS003","message":"510","info":"Dio Wahyu Agustian--TERCATAT! 7 dtk lalu","nokartu":"13B90AFE"}]}
Berhasil kirim balasan ke "responServer_2309MAS003"

[2025-09-02 12:59:26]
Menerima pesan dari: dariMCU_2309MAS003 - Pesan: {"nokartu":"13B90AFE","idchip":"16581755","nodevice":"2309MAS003","key":"1234567890987654321","ipa":"10.10.3.148"}
[2025-09-02 12:59:26]
Berhasil merespon "dariMCU_2309MAS003" : {"respon":[{"id":"16581755","nodevice":"2309MAS003","message":"510","info":"Dio Wahyu Agustian--TERCATAT! 11 dtk lalu","nokartu":"13B90AFE"}]}
Berhasil kirim balasan ke "responServer_2309MAS003"

[2025-09-02 12:59:27]
Menerima pesan dari: dariMCU_2309MAS003 - Pesan: {"nokartu":"43230AFE","idchip":"16581755","nodevice":"2309MAS003","key":"1234567890987654321","ipa":"10.10.3.148"}
[2025-09-02 12:59:27]
Berhasil merespon "dariMCU_2309MAS003" : {"respon":[{"id":"16581755","nodevice":"2309MAS003","message":"BPSE","info":"Bagus Ade Haryono--Berhasil Presensi -Selesai-","nokartu":"43230AFE"}]}
Berhasil kirim balasan ke "responServer_2309MAS003"

[2025-09-02 12:59:30]
Menerima pesan dari: dariMCU_2309MAS003 - Pesan: {"nokartu":"43230AFE","idchip":"16581755","nodevice":"2309MAS003","key":"1234567890987654321","ipa":"10.10.3.148"}
[2025-09-02 12:59:30]
Berhasil merespon "dariMCU_2309MAS003" : {"respon":[{"id":"16581755","nodevice":"2309MAS003","message":"510","info":"Bagus Ade Haryono--TERCATAT! 3 dtk lalu","nokartu":"43230AFE"}]}
Berhasil kirim balasan ke "responServer_2309MAS003"

[2025-09-02 12:59:31]
Menerima pesan dari: dariMCU_2309MAS003 - Pesan: {"nokartu":"43230AFE","idchip":"16581755","nodevice":"2309MAS003","key":"1234567890987654321","ipa":"10.10.3.148"}
[2025-09-02 12:59:31]
Berhasil merespon "dariMCU_2309MAS003" : {"respon":[{"id":"16581755","nodevice":"2309MAS003","message":"510","info":"Bagus Ade Haryono--TERCATAT! 4 dtk lalu","nokartu":"43230AFE"}]}
Berhasil kirim balasan ke "responServer_2309MAS003"

[2025-09-02 12:59:35]
Menerima pesan dari: dariMCU_2309MAS003 - Pesan: {"nokartu":"D3782CFF","idchip":"16581755","nodevice":"2309MAS003","key":"1234567890987654321","ipa":"10.10.3.148"}
[2025-09-02 12:59:35]
Berhasil merespon "dariMCU_2309MAS003" : {"respon":[{"id":"16581755","nodevice":"2309MAS003","message":"BPSE","info":"Risma Novita Rahmawati--Berhasil Presensi -Selesai-","nokartu":"D3782CFF"}]}
Berhasil kirim balasan ke "responServer_2309MAS003"

[2025-09-02 12:59:38]
Menerima pesan dari: dariMCU_2309MAS003 - Pesan: {"nokartu":"D3782CFF","idchip":"16581755","nodevice":"2309MAS003","key":"1234567890987654321","ipa":"10.10.3.148"}
[2025-09-02 12:59:38]
Berhasil merespon "dariMCU_2309MAS003" : {"respon":[{"id":"16581755","nodevice":"2309MAS003","message":"510","info":"Risma Novita Rahmawati--TERCATAT! 3 dtk lalu","nokartu":"D3782CFF"}]}
Berhasil kirim balasan ke "responServer_2309MAS003"

[2025-09-02 13:00:08]
Menerima pesan dari: dariMCU_2309MAS003 - Pesan: {"nokartu":"AA04B889","idchip":"16581755","nodevice":"2309MAS003","key":"1234567890987654321","ipa":"10.10.3.148"}
[2025-09-02 13:00:08]
Berhasil merespon "dariMCU_2309MAS003" : {"respon":[{"id":"16581755","nodevice":"2309MAS003","message":"BPSE","info":"Lanang Kaloka Tata Ulama--Berhasil Presensi -Selesai-","nokartu":"AA04B889"}]}
Berhasil kirim balasan ke "responServer_2309MAS003"

[2025-09-02 13:00:17]
Menerima pesan dari: dariMCU_2309MAS003 - Pesan: {"nokartu":"AA04B889","idchip":"16581755","nodevice":"2309MAS003","key":"1234567890987654321","ipa":"10.10.3.148"}
[2025-09-02 13:00:17]
Berhasil merespon "dariMCU_2309MAS003" : {"respon":[{"id":"16581755","nodevice":"2309MAS003","message":"510","info":"Lanang Kaloka Tata Ulama--TERCATAT! 9 dtk lalu","nokartu":"AA04B889"}]}
Berhasil kirim balasan ke "responServer_2309MAS003"

[2025-09-02 13:25:41]
Menerima pesan dari: dariMCU_2309IZ003 - Pesan: {"nokartu":"B00BF232","idchip":"7737844","nodevice":"2309IZ003","key":"1234567890987654321","ipa":"10.10.5.4"}
[2025-09-02 13:25:41]
Berhasil merespon "dariMCU_2309IZ003" : {"respon":[{"id":"7737844","nodevice":"2309IZ003","message":"IDTT","info":"Kartu ID ini--belum terdaftar","nokartu":"B00BF232"}]}
Berhasil kirim balasan ke "responServer_2309IZ003"

