[2024-12-17 09:46:46]
Menerima pesan dari: dariMCU_2309G004 - Pesan: {"nokartu":"236F14FF","idchip":"14375838","nodevice":"2309G004","key":"1234567890987654321","ipa":"10.31.1.217"}
[2024-12-17 09:46:46]
Berhasil merespon "dariMCU_2309G004" : {"respon":[{"id":"14375838","nodevice":"2309G004","message":"TBPS","info":"Dista Erla Dia--Tidak bisa melakukan presensi sekarang.","nokartu":"236F14FF"}]}
Berhasil kirim balasan ke "responServer_2309G004"

[2024-12-17 09:46:51]
Menerima pesan dari: dariMCU_2309G004 - Pesan: {"nokartu":"236F14FF","idchip":"14375838","nodevice":"2309G004","key":"1234567890987654321","ipa":"10.31.1.217"}
[2024-12-17 09:46:51]
Berhasil merespon "dariMCU_2309G004" : {"respon":[{"id":"14375838","nodevice":"2309G004","message":"TBPS","info":"Dista Erla Dia--Tidak bisa melakukan presensi sekarang.","nokartu":"236F14FF"}]}
Berhasil kirim balasan ke "responServer_2309G004"

[2024-12-17 09:46:57]
Menerima pesan dari: dariMCU_2309G004 - Pesan: {"nokartu":"C3A01AFE","idchip":"14375838","nodevice":"2309G004","key":"1234567890987654321","ipa":"10.31.1.217"}
[2024-12-17 09:46:57]
Berhasil merespon "dariMCU_2309G004" : {"respon":[{"id":"14375838","nodevice":"2309G004","message":"TBPS","info":"Dini Dwi Ariyanti--Tidak bisa melakukan presensi sekarang.","nokartu":"C3A01AFE"}]}
Berhasil kirim balasan ke "responServer_2309G004"

[2024-12-17 09:47:03]
Menerima pesan dari: dariMCU_2309G004 - Pesan: {"nokartu":"C3A01AFE","idchip":"14375838","nodevice":"2309G004","key":"1234567890987654321","ipa":"10.31.1.217"}
[2024-12-17 09:47:03]
Berhasil merespon "dariMCU_2309G004" : {"respon":[{"id":"14375838","nodevice":"2309G004","message":"TBPS","info":"Dini Dwi Ariyanti--Tidak bisa melakukan presensi sekarang.","nokartu":"C3A01AFE"}]}
Berhasil kirim balasan ke "responServer_2309G004"

[2024-12-17 09:47:08]
Menerima pesan dari: dariMCU_2309G004 - Pesan: {"nokartu":"03D20AFE","idchip":"14375838","nodevice":"2309G004","key":"1234567890987654321","ipa":"10.31.1.217"}
[2024-12-17 09:47:08]
Berhasil merespon "dariMCU_2309G004" : {"respon":[{"id":"14375838","nodevice":"2309G004","message":"TBPS","info":"Zalika Afarin Azura--Tidak bisa melakukan presensi sekarang.","nokartu":"03D20AFE"}]}
Berhasil kirim balasan ke "responServer_2309G004"

[2024-12-17 09:47:09]
Menerima pesan dari: dariMCU_2309G004 - Pesan: {"nokartu":"03D20AFE","idchip":"14375838","nodevice":"2309G004","key":"1234567890987654321","ipa":"10.31.1.217"}
[2024-12-17 09:47:09]
Berhasil merespon "dariMCU_2309G004" : {"respon":[{"id":"14375838","nodevice":"2309G004","message":"TBPS","info":"Zalika Afarin Azura--Tidak bisa melakukan presensi sekarang.","nokartu":"03D20AFE"}]}
Berhasil kirim balasan ke "responServer_2309G004"

[2024-12-17 09:47:15]
Menerima pesan dari: dariMCU_2309G004 - Pesan: {"nokartu":"03D20AFE","idchip":"14375838","nodevice":"2309G004","key":"1234567890987654321","ipa":"10.31.1.217"}
[2024-12-17 09:47:15]
Berhasil merespon "dariMCU_2309G004" : {"respon":[{"id":"14375838","nodevice":"2309G004","message":"TBPS","info":"Zalika Afarin Azura--Tidak bisa melakukan presensi sekarang.","nokartu":"03D20AFE"}]}
Berhasil kirim balasan ke "responServer_2309G004"

[2024-12-17 09:47:21]
Menerima pesan dari: dariMCU_2309G004 - Pesan: {"nokartu":"C32D2FFF","idchip":"14375838","nodevice":"2309G004","key":"1234567890987654321","ipa":"10.31.1.217"}
[2024-12-17 09:47:21]
Berhasil merespon "dariMCU_2309G004" : {"respon":[{"id":"14375838","nodevice":"2309G004","message":"TBPS","info":"Louren Alelea--Tidak bisa melakukan presensi sekarang.","nokartu":"C32D2FFF"}]}
Berhasil kirim balasan ke "responServer_2309G004"

[2024-12-17 09:47:27]
Menerima pesan dari: dariMCU_2309G004 - Pesan: {"nokartu":"C32D2FFF","idchip":"14375838","nodevice":"2309G004","key":"1234567890987654321","ipa":"10.31.1.217"}
[2024-12-17 09:47:27]
Berhasil merespon "dariMCU_2309G004" : {"respon":[{"id":"14375838","nodevice":"2309G004","message":"TBPS","info":"Louren Alelea--Tidak bisa melakukan presensi sekarang.","nokartu":"C32D2FFF"}]}
Berhasil kirim balasan ke "responServer_2309G004"

[2024-12-17 09:47:32]
Menerima pesan dari: dariMCU_2309G004 - Pesan: {"nokartu":"C32D2FFF","idchip":"14375838","nodevice":"2309G004","key":"1234567890987654321","ipa":"10.31.1.217"}
[2024-12-17 09:47:32]
Berhasil merespon "dariMCU_2309G004" : {"respon":[{"id":"14375838","nodevice":"2309G004","message":"TBPS","info":"Louren Alelea--Tidak bisa melakukan presensi sekarang.","nokartu":"C32D2FFF"}]}
Berhasil kirim balasan ke "responServer_2309G004"

[2024-12-17 09:47:37]
Menerima pesan dari: dariMCU_2309G004 - Pesan: {"nokartu":"C32D2FFF","idchip":"14375838","nodevice":"2309G004","key":"1234567890987654321","ipa":"10.31.1.217"}
[2024-12-17 09:47:37]
Berhasil merespon "dariMCU_2309G004" : {"respon":[{"id":"14375838","nodevice":"2309G004","message":"TBPS","info":"Louren Alelea--Tidak bisa melakukan presensi sekarang.","nokartu":"C32D2FFF"}]}
Berhasil kirim balasan ke "responServer_2309G004"

[2024-12-17 09:47:43]
Menerima pesan dari: dariMCU_2309G004 - Pesan: {"nokartu":"735522FF","idchip":"14375838","nodevice":"2309G004","key":"1234567890987654321","ipa":"10.31.1.217"}
[2024-12-17 09:47:43]
Berhasil merespon "dariMCU_2309G004" : {"respon":[{"id":"14375838","nodevice":"2309G004","message":"TBPS","info":"Nashanda Sabrina Shasa--Tidak bisa melakukan presensi sekarang.","nokartu":"735522FF"}]}
Berhasil kirim balasan ke "responServer_2309G004"

[2024-12-17 09:47:48]
Menerima pesan dari: dariMCU_2309G004 - Pesan: {"nokartu":"735522FF","idchip":"14375838","nodevice":"2309G004","key":"1234567890987654321","ipa":"10.31.1.217"}
[2024-12-17 09:47:48]
Berhasil merespon "dariMCU_2309G004" : {"respon":[{"id":"14375838","nodevice":"2309G004","message":"TBPS","info":"Nashanda Sabrina Shasa--Tidak bisa melakukan presensi sekarang.","nokartu":"735522FF"}]}
Berhasil kirim balasan ke "responServer_2309G004"

[2024-12-17 09:47:54]
Menerima pesan dari: dariMCU_2309G004 - Pesan: {"nokartu":"53802FFF","idchip":"14375838","nodevice":"2309G004","key":"1234567890987654321","ipa":"10.31.1.217"}
[2024-12-17 09:47:54]
Berhasil merespon "dariMCU_2309G004" : {"respon":[{"id":"14375838","nodevice":"2309G004","message":"TBPS","info":"Fatimatuzzahro--Tidak bisa melakukan presensi sekarang.","nokartu":"53802FFF"}]}
Berhasil kirim balasan ke "responServer_2309G004"

[2024-12-17 09:47:59]
Menerima pesan dari: dariMCU_2309G004 - Pesan: {"nokartu":"53802FFF","idchip":"14375838","nodevice":"2309G004","key":"1234567890987654321","ipa":"10.31.1.217"}
[2024-12-17 09:47:59]
Berhasil merespon "dariMCU_2309G004" : {"respon":[{"id":"14375838","nodevice":"2309G004","message":"TBPS","info":"Fatimatuzzahro--Tidak bisa melakukan presensi sekarang.","nokartu":"53802FFF"}]}
Berhasil kirim balasan ke "responServer_2309G004"

