[2025-10-02 12:58:52]
Menerima pesan dari: dariMCU_2309MAS001 - Pesan: {"nokartu":"C3081D05","idchip":"4115046","nodevice":"2309MAS001","key":"1234567890987654321","ipa":"10.10.1.52"}
[2025-10-02 12:58:52]
Berhasil merespon "dariMCU_2309MAS001" : {"respon":[{"id":"4115046","nodevice":"2309MAS001","message":"BMPE","info":"Nilna Sakda Aula Anjumi--Berhasil Presensi -Mulai-","nokartu":"C3081D05"}]}
Berhasil kirim balasan ke "responServer_2309MAS001"

[2025-10-02 12:58:58]
Menerima pesan dari: dariMCU_2309MAS001 - Pesan: {"nokartu":"C3081D05","idchip":"4115046","nodevice":"2309MAS001","key":"1234567890987654321","ipa":"10.10.1.52"}
[2025-10-02 12:58:58]
Berhasil merespon "dariMCU_2309MAS001" : {"respon":[{"id":"4115046","nodevice":"2309MAS001","message":"510","info":"Nilna Sakda Aula Anjumi--TERCATAT! 6 dtk lalu","nokartu":"C3081D05"}]}
Berhasil kirim balasan ke "responServer_2309MAS001"

[2025-10-02 12:58:59]
Menerima pesan dari: dariMCU_2309MAS001 - Pesan: {"nokartu":"C3081D05","idchip":"4115046","nodevice":"2309MAS001","key":"1234567890987654321","ipa":"10.10.1.52"}
[2025-10-02 12:58:59]
Berhasil merespon "dariMCU_2309MAS001" : {"respon":[{"id":"4115046","nodevice":"2309MAS001","message":"510","info":"Nilna Sakda Aula Anjumi--TERCATAT! 7 dtk lalu","nokartu":"C3081D05"}]}
Berhasil kirim balasan ke "responServer_2309MAS001"

[2025-10-02 13:04:59]
Menerima pesan dari: dariMCU_2309MAS003 - Pesan: {"nokartu":"23A521FF","idchip":"16581755","nodevice":"2309MAS003","key":"1234567890987654321","ipa":"10.10.1.80"}
[2025-10-02 13:04:59]
Berhasil merespon "dariMCU_2309MAS003" : {"respon":[{"id":"16581755","nodevice":"2309MAS003","message":"BMPE","info":"Rohim Rahmat Dani--Berhasil Presensi -Mulai-","nokartu":"23A521FF"}]}
Berhasil kirim balasan ke "responServer_2309MAS003"

[2025-10-02 13:05:02]
Menerima pesan dari: dariMCU_2309MAS003 - Pesan: {"nokartu":"23A521FF","idchip":"16581755","nodevice":"2309MAS003","key":"1234567890987654321","ipa":"10.10.1.80"}
[2025-10-02 13:05:02]
Berhasil merespon "dariMCU_2309MAS003" : {"respon":[{"id":"16581755","nodevice":"2309MAS003","message":"510","info":"Rohim Rahmat Dani--TERCATAT! 3 dtk lalu","nokartu":"23A521FF"}]}
Berhasil kirim balasan ke "responServer_2309MAS003"

[2025-10-02 13:05:14]
Menerima pesan dari: dariMCU_2309MAS003 - Pesan: {"nokartu":"13B90AFE","idchip":"16581755","nodevice":"2309MAS003","key":"1234567890987654321","ipa":"10.10.1.80"}
[2025-10-02 13:05:14]
Berhasil merespon "dariMCU_2309MAS003" : {"respon":[{"id":"16581755","nodevice":"2309MAS003","message":"BMPE","info":"Dio Wahyu Agustian--Berhasil Presensi -Mulai-","nokartu":"13B90AFE"}]}
Berhasil kirim balasan ke "responServer_2309MAS003"

[2025-10-02 13:05:17]
Menerima pesan dari: dariMCU_2309MAS003 - Pesan: {"nokartu":"13B90AFE","idchip":"16581755","nodevice":"2309MAS003","key":"1234567890987654321","ipa":"10.10.1.80"}
[2025-10-02 13:05:17]
Berhasil merespon "dariMCU_2309MAS003" : {"respon":[{"id":"16581755","nodevice":"2309MAS003","message":"510","info":"Dio Wahyu Agustian--TERCATAT! 3 dtk lalu","nokartu":"13B90AFE"}]}
Berhasil kirim balasan ke "responServer_2309MAS003"

[2025-10-02 13:05:21]
Menerima pesan dari: dariMCU_2309MAS003 - Pesan: {"nokartu":"23EB7505","idchip":"16581755","nodevice":"2309MAS003","key":"1234567890987654321","ipa":"10.10.1.80"}
[2025-10-02 13:05:21]
Berhasil merespon "dariMCU_2309MAS003" : {"respon":[{"id":"16581755","nodevice":"2309MAS003","message":"BMPE","info":"Hasbi Gusniawan--Berhasil Presensi -Mulai-","nokartu":"23EB7505"}]}
Berhasil kirim balasan ke "responServer_2309MAS003"

[2025-10-02 13:05:25]
Menerima pesan dari: dariMCU_2309MAS003 - Pesan: {"nokartu":"23EB7505","idchip":"16581755","nodevice":"2309MAS003","key":"1234567890987654321","ipa":"10.10.1.80"}
[2025-10-02 13:05:25]
Berhasil merespon "dariMCU_2309MAS003" : {"respon":[{"id":"16581755","nodevice":"2309MAS003","message":"510","info":"Hasbi Gusniawan--TERCATAT! 4 dtk lalu","nokartu":"23EB7505"}]}
Berhasil kirim balasan ke "responServer_2309MAS003"

[2025-10-02 13:05:30]
Menerima pesan dari: dariMCU_2309MAS003 - Pesan: {"nokartu":"03981C03","idchip":"16581755","nodevice":"2309MAS003","key":"1234567890987654321","ipa":"10.10.1.80"}
[2025-10-02 13:05:30]
Berhasil merespon "dariMCU_2309MAS003" : {"respon":[{"id":"16581755","nodevice":"2309MAS003","message":"BMPE","info":"Destira Adi Kusuma--Berhasil Presensi -Mulai-","nokartu":"03981C03"}]}
Berhasil kirim balasan ke "responServer_2309MAS003"

[2025-10-02 13:05:33]
Menerima pesan dari: dariMCU_2309MAS003 - Pesan: {"nokartu":"03981C03","idchip":"16581755","nodevice":"2309MAS003","key":"1234567890987654321","ipa":"10.10.1.80"}
[2025-10-02 13:05:33]
Berhasil merespon "dariMCU_2309MAS003" : {"respon":[{"id":"16581755","nodevice":"2309MAS003","message":"510","info":"Destira Adi Kusuma--TERCATAT! 3 dtk lalu","nokartu":"03981C03"}]}
Berhasil kirim balasan ke "responServer_2309MAS003"

[2025-10-02 13:05:37]
Menerima pesan dari: dariMCU_2309MAS003 - Pesan: {"nokartu":"03981C03","idchip":"16581755","nodevice":"2309MAS003","key":"1234567890987654321","ipa":"10.10.1.80"}
[2025-10-02 13:05:37]
Berhasil merespon "dariMCU_2309MAS003" : {"respon":[{"id":"16581755","nodevice":"2309MAS003","message":"510","info":"Destira Adi Kusuma--TERCATAT! 7 dtk lalu","nokartu":"03981C03"}]}
Berhasil kirim balasan ke "responServer_2309MAS003"

[2025-10-02 13:05:41]
Menerima pesan dari: dariMCU_2309MAS003 - Pesan: {"nokartu":"03981C03","idchip":"16581755","nodevice":"2309MAS003","key":"1234567890987654321","ipa":"10.10.1.80"}
[2025-10-02 13:05:41]
Berhasil merespon "dariMCU_2309MAS003" : {"respon":[{"id":"16581755","nodevice":"2309MAS003","message":"510","info":"Destira Adi Kusuma--TERCATAT! 11 dtk lalu","nokartu":"03981C03"}]}
Berhasil kirim balasan ke "responServer_2309MAS003"

[2025-10-02 13:05:45]
Menerima pesan dari: dariMCU_2309MAS003 - Pesan: {"nokartu":"03981C03","idchip":"16581755","nodevice":"2309MAS003","key":"1234567890987654321","ipa":"10.10.1.80"}
[2025-10-02 13:05:45]
Berhasil merespon "dariMCU_2309MAS003" : {"respon":[{"id":"16581755","nodevice":"2309MAS003","message":"510","info":"Destira Adi Kusuma--TERCATAT! 15 dtk lalu","nokartu":"03981C03"}]}
Berhasil kirim balasan ke "responServer_2309MAS003"

[2025-10-02 13:05:49]
Menerima pesan dari: dariMCU_2309MAS003 - Pesan: {"nokartu":"03981C03","idchip":"16581755","nodevice":"2309MAS003","key":"1234567890987654321","ipa":"10.10.1.80"}
[2025-10-02 13:05:49]
Berhasil merespon "dariMCU_2309MAS003" : {"respon":[{"id":"16581755","nodevice":"2309MAS003","message":"510","info":"Destira Adi Kusuma--TERCATAT! 19 dtk lalu","nokartu":"03981C03"}]}
Berhasil kirim balasan ke "responServer_2309MAS003"

[2025-10-02 13:05:53]
Menerima pesan dari: dariMCU_2309MAS003 - Pesan: {"nokartu":"03981C03","idchip":"16581755","nodevice":"2309MAS003","key":"1234567890987654321","ipa":"10.10.1.80"}
[2025-10-02 13:05:53]
Berhasil merespon "dariMCU_2309MAS003" : {"respon":[{"id":"16581755","nodevice":"2309MAS003","message":"510","info":"Destira Adi Kusuma--TERCATAT! 23 dtk lalu","nokartu":"03981C03"}]}
Berhasil kirim balasan ke "responServer_2309MAS003"

[2025-10-02 13:05:54]
Menerima pesan dari: dariMCU_2309MAS003 - Pesan: {"nokartu":"03981C03","idchip":"16581755","nodevice":"2309MAS003","key":"1234567890987654321","ipa":"10.10.1.80"}
[2025-10-02 13:05:54]
Berhasil merespon "dariMCU_2309MAS003" : {"respon":[{"id":"16581755","nodevice":"2309MAS003","message":"510","info":"Destira Adi Kusuma--TERCATAT! 24 dtk lalu","nokartu":"03981C03"}]}
Berhasil kirim balasan ke "responServer_2309MAS003"

[2025-10-02 13:05:57]
Menerima pesan dari: dariMCU_2309MAS003 - Pesan: {"nokartu":"03981C03","idchip":"16581755","nodevice":"2309MAS003","key":"1234567890987654321","ipa":"10.10.1.80"}
[2025-10-02 13:05:57]
Berhasil merespon "dariMCU_2309MAS003" : {"respon":[{"id":"16581755","nodevice":"2309MAS003","message":"510","info":"Destira Adi Kusuma--TERCATAT! 27 dtk lalu","nokartu":"03981C03"}]}
Berhasil kirim balasan ke "responServer_2309MAS003"

[2025-10-02 13:06:01]
Menerima pesan dari: dariMCU_2309MAS003 - Pesan: {"nokartu":"03981C03","idchip":"16581755","nodevice":"2309MAS003","key":"1234567890987654321","ipa":"10.10.1.80"}
[2025-10-02 13:06:01]
Berhasil merespon "dariMCU_2309MAS003" : {"respon":[{"id":"16581755","nodevice":"2309MAS003","message":"510","info":"Destira Adi Kusuma--TERCATAT! 31 dtk lalu","nokartu":"03981C03"}]}
Berhasil kirim balasan ke "responServer_2309MAS003"

[2025-10-02 13:06:02]
Menerima pesan dari: dariMCU_2309MAS003 - Pesan: {"nokartu":"03981C03","idchip":"16581755","nodevice":"2309MAS003","key":"1234567890987654321","ipa":"10.10.1.80"}
[2025-10-02 13:06:02]
Berhasil merespon "dariMCU_2309MAS003" : {"respon":[{"id":"16581755","nodevice":"2309MAS003","message":"510","info":"Destira Adi Kusuma--TERCATAT! 32 dtk lalu","nokartu":"03981C03"}]}
Berhasil kirim balasan ke "responServer_2309MAS003"

[2025-10-02 13:06:05]
Menerima pesan dari: dariMCU_2309MAS003 - Pesan: {"nokartu":"03981C03","idchip":"16581755","nodevice":"2309MAS003","key":"1234567890987654321","ipa":"10.10.1.80"}
[2025-10-02 13:06:05]
Berhasil merespon "dariMCU_2309MAS003" : {"respon":[{"id":"16581755","nodevice":"2309MAS003","message":"510","info":"Destira Adi Kusuma--TERCATAT! 35 dtk lalu","nokartu":"03981C03"}]}
Berhasil kirim balasan ke "responServer_2309MAS003"

[2025-10-02 13:06:09]
Menerima pesan dari: dariMCU_2309MAS003 - Pesan: {"nokartu":"03981C03","idchip":"16581755","nodevice":"2309MAS003","key":"1234567890987654321","ipa":"10.10.1.80"}
[2025-10-02 13:06:09]
Berhasil merespon "dariMCU_2309MAS003" : {"respon":[{"id":"16581755","nodevice":"2309MAS003","message":"510","info":"Destira Adi Kusuma--TERCATAT! 39 dtk lalu","nokartu":"03981C03"}]}
Berhasil kirim balasan ke "responServer_2309MAS003"

[2025-10-02 13:06:10]
Menerima pesan dari: dariMCU_2309MAS003 - Pesan: {"nokartu":"03981C03","idchip":"16581755","nodevice":"2309MAS003","key":"1234567890987654321","ipa":"10.10.1.80"}
[2025-10-02 13:06:10]
Berhasil merespon "dariMCU_2309MAS003" : {"respon":[{"id":"16581755","nodevice":"2309MAS003","message":"510","info":"Destira Adi Kusuma--TERCATAT! 40 dtk lalu","nokartu":"03981C03"}]}
Berhasil kirim balasan ke "responServer_2309MAS003"

[2025-10-02 13:06:14]
Menerima pesan dari: dariMCU_2309MAS003 - Pesan: {"nokartu":"03981C03","idchip":"16581755","nodevice":"2309MAS003","key":"1234567890987654321","ipa":"10.10.1.80"}
[2025-10-02 13:06:14]
Berhasil merespon "dariMCU_2309MAS003" : {"respon":[{"id":"16581755","nodevice":"2309MAS003","message":"510","info":"Destira Adi Kusuma--TERCATAT! 44 dtk lalu","nokartu":"03981C03"}]}
Berhasil kirim balasan ke "responServer_2309MAS003"

[2025-10-02 13:06:18]
Menerima pesan dari: dariMCU_2309MAS003 - Pesan: {"nokartu":"03981C03","idchip":"16581755","nodevice":"2309MAS003","key":"1234567890987654321","ipa":"10.10.1.80"}
[2025-10-02 13:06:18]
Berhasil merespon "dariMCU_2309MAS003" : {"respon":[{"id":"16581755","nodevice":"2309MAS003","message":"510","info":"Destira Adi Kusuma--TERCATAT! 48 dtk lalu","nokartu":"03981C03"}]}
Berhasil kirim balasan ke "responServer_2309MAS003"

[2025-10-02 13:06:23]
Menerima pesan dari: dariMCU_2309MAS003 - Pesan: {"nokartu":"D3396E05","idchip":"16581755","nodevice":"2309MAS003","key":"1234567890987654321","ipa":"10.10.1.80"}
[2025-10-02 13:06:23]
Berhasil merespon "dariMCU_2309MAS003" : {"respon":[{"id":"16581755","nodevice":"2309MAS003","message":"BMPE","info":"Sony Dwi Kuncoro--Berhasil Presensi -Mulai-","nokartu":"D3396E05"}]}
Berhasil kirim balasan ke "responServer_2309MAS003"

[2025-10-02 13:06:26]
Menerima pesan dari: dariMCU_2309MAS003 - Pesan: {"nokartu":"D3396E05","idchip":"16581755","nodevice":"2309MAS003","key":"1234567890987654321","ipa":"10.10.1.80"}
[2025-10-02 13:06:26]
Berhasil merespon "dariMCU_2309MAS003" : {"respon":[{"id":"16581755","nodevice":"2309MAS003","message":"510","info":"Sony Dwi Kuncoro--TERCATAT! 3 dtk lalu","nokartu":"D3396E05"}]}
Berhasil kirim balasan ke "responServer_2309MAS003"

[2025-10-02 13:06:30]
Menerima pesan dari: dariMCU_2309MAS003 - Pesan: {"nokartu":"E33D7605","idchip":"16581755","nodevice":"2309MAS003","key":"1234567890987654321","ipa":"10.10.1.80"}
[2025-10-02 13:06:30]
Berhasil merespon "dariMCU_2309MAS003" : {"respon":[{"id":"16581755","nodevice":"2309MAS003","message":"BMPE","info":"Veri Yunanto--Berhasil Presensi -Mulai-","nokartu":"E33D7605"}]}
Berhasil kirim balasan ke "responServer_2309MAS003"

[2025-10-02 13:06:33]
Menerima pesan dari: dariMCU_2309MAS003 - Pesan: {"nokartu":"E33D7605","idchip":"16581755","nodevice":"2309MAS003","key":"1234567890987654321","ipa":"10.10.1.80"}
[2025-10-02 13:06:33]
Berhasil merespon "dariMCU_2309MAS003" : {"respon":[{"id":"16581755","nodevice":"2309MAS003","message":"510","info":"Veri Yunanto--TERCATAT! 3 dtk lalu","nokartu":"E33D7605"}]}
Berhasil kirim balasan ke "responServer_2309MAS003"

[2025-10-02 13:06:34]
Menerima pesan dari: dariMCU_2309MAS003 - Pesan: {"nokartu":"832C7C05","idchip":"16581755","nodevice":"2309MAS003","key":"1234567890987654321","ipa":"10.10.1.80"}
[2025-10-02 13:06:34]
Berhasil merespon "dariMCU_2309MAS003" : {"respon":[{"id":"16581755","nodevice":"2309MAS003","message":"BMPE","info":"Farel Ababil--Berhasil Presensi -Mulai-","nokartu":"832C7C05"}]}
Berhasil kirim balasan ke "responServer_2309MAS003"

[2025-10-02 13:08:02]
Menerima pesan dari: dariMCU_2309MAS003 - Pesan: {"nokartu":"9391EEE4","idchip":"16581755","nodevice":"2309MAS003","key":"1234567890987654321","ipa":"10.10.1.80"}
[2025-10-02 13:08:02]
Berhasil merespon "dariMCU_2309MAS003" : {"respon":[{"id":"16581755","nodevice":"2309MAS003","message":"BMPE","info":"Raafiyanto Adri Mahardika--Berhasil Presensi -Mulai-","nokartu":"9391EEE4"}]}
Berhasil kirim balasan ke "responServer_2309MAS003"

[2025-10-02 13:08:08]
Menerima pesan dari: dariMCU_2309MAS003 - Pesan: {"nokartu":"03981C03","idchip":"16581755","nodevice":"2309MAS003","key":"1234567890987654321","ipa":"10.10.1.80"}
[2025-10-02 13:08:08]
Berhasil merespon "dariMCU_2309MAS003" : {"respon":[{"id":"16581755","nodevice":"2309MAS003","message":"BPSE","info":"Destira Adi Kusuma--Berhasil Presensi -Selesai-","nokartu":"03981C03"}]}
Berhasil kirim balasan ke "responServer_2309MAS003"

[2025-10-02 13:08:12]
Menerima pesan dari: dariMCU_2309MAS003 - Pesan: {"nokartu":"03981C03","idchip":"16581755","nodevice":"2309MAS003","key":"1234567890987654321","ipa":"10.10.1.80"}
[2025-10-02 13:08:12]
Berhasil merespon "dariMCU_2309MAS003" : {"respon":[{"id":"16581755","nodevice":"2309MAS003","message":"510","info":"Destira Adi Kusuma--TERCATAT! 4 dtk lalu","nokartu":"03981C03"}]}
Berhasil kirim balasan ke "responServer_2309MAS003"

[2025-10-02 13:08:18]
Menerima pesan dari: dariMCU_2309MAS003 - Pesan: {"nokartu":"33396FE4","idchip":"16581755","nodevice":"2309MAS003","key":"1234567890987654321","ipa":"10.10.1.80"}
[2025-10-02 13:08:18]
Berhasil merespon "dariMCU_2309MAS003" : {"respon":[{"id":"16581755","nodevice":"2309MAS003","message":"BMPE","info":"Muhammad Rizqi Hendrawan--Berhasil Presensi -Mulai-","nokartu":"33396FE4"}]}
Berhasil kirim balasan ke "responServer_2309MAS003"

[2025-10-02 13:08:21]
Menerima pesan dari: dariMCU_2309MAS003 - Pesan: {"nokartu":"33396FE4","idchip":"16581755","nodevice":"2309MAS003","key":"1234567890987654321","ipa":"10.10.1.80"}
[2025-10-02 13:08:21]
Berhasil merespon "dariMCU_2309MAS003" : {"respon":[{"id":"16581755","nodevice":"2309MAS003","message":"510","info":"Muhammad Rizqi Hendrawan--TERCATAT! 3 dtk lalu","nokartu":"33396FE4"}]}
Berhasil kirim balasan ke "responServer_2309MAS003"

[2025-10-02 13:08:27]
Menerima pesan dari: dariMCU_2309MAS003 - Pesan: {"nokartu":"33396FE4","idchip":"16581755","nodevice":"2309MAS003","key":"1234567890987654321","ipa":"10.10.1.80"}
[2025-10-02 13:08:27]
Berhasil merespon "dariMCU_2309MAS003" : {"respon":[{"id":"16581755","nodevice":"2309MAS003","message":"510","info":"Muhammad Rizqi Hendrawan--TERCATAT! 9 dtk lalu","nokartu":"33396FE4"}]}
Berhasil kirim balasan ke "responServer_2309MAS003"

[2025-10-02 13:08:28]
Menerima pesan dari: dariMCU_2309MAS003 - Pesan: {"nokartu":"33396FE4","idchip":"16581755","nodevice":"2309MAS003","key":"1234567890987654321","ipa":"10.10.1.80"}
[2025-10-02 13:08:28]
Berhasil merespon "dariMCU_2309MAS003" : {"respon":[{"id":"16581755","nodevice":"2309MAS003","message":"510","info":"Muhammad Rizqi Hendrawan--TERCATAT! 10 dtk lalu","nokartu":"33396FE4"}]}
Berhasil kirim balasan ke "responServer_2309MAS003"

[2025-10-02 13:09:32]
Menerima pesan dari: dariMCU_2309MAS003 - Pesan: {"nokartu":"03D0D7E2","idchip":"16581755","nodevice":"2309MAS003","key":"1234567890987654321","ipa":"10.10.1.80"}
[2025-10-02 13:09:32]
Berhasil merespon "dariMCU_2309MAS003" : {"respon":[{"id":"16581755","nodevice":"2309MAS003","message":"BMPE","info":"Putra Fajar Noviyanto--Berhasil Presensi -Mulai-","nokartu":"03D0D7E2"}]}
Berhasil kirim balasan ke "responServer_2309MAS003"

[2025-10-02 13:09:52]
Menerima pesan dari: dariMCU_2309MAS003 - Pesan: {"nokartu":"13EB7505","idchip":"16581755","nodevice":"2309MAS003","key":"1234567890987654321","ipa":"10.10.1.80"}
[2025-10-02 13:09:52]
Berhasil merespon "dariMCU_2309MAS003" : {"respon":[{"id":"16581755","nodevice":"2309MAS003","message":"BMPE","info":"Agus Setiawan--Berhasil Presensi -Mulai-","nokartu":"13EB7505"}]}
Berhasil kirim balasan ke "responServer_2309MAS003"

[2025-10-02 13:09:55]
Menerima pesan dari: dariMCU_2309MAS003 - Pesan: {"nokartu":"13EB7505","idchip":"16581755","nodevice":"2309MAS003","key":"1234567890987654321","ipa":"10.10.1.80"}
[2025-10-02 13:09:55]
Berhasil merespon "dariMCU_2309MAS003" : {"respon":[{"id":"16581755","nodevice":"2309MAS003","message":"510","info":"Agus Setiawan--TERCATAT! 3 dtk lalu","nokartu":"13EB7505"}]}
Berhasil kirim balasan ke "responServer_2309MAS003"

[2025-10-02 13:10:00]
Menerima pesan dari: dariMCU_2309MAS003 - Pesan: {"nokartu":"83EC7605","idchip":"16581755","nodevice":"2309MAS003","key":"1234567890987654321","ipa":"10.10.1.80"}
[2025-10-02 13:10:00]
Berhasil merespon "dariMCU_2309MAS003" : {"respon":[{"id":"16581755","nodevice":"2309MAS003","message":"BMPE","info":"Rahmatullah Ramadani--Berhasil Presensi -Mulai-","nokartu":"83EC7605"}]}
Berhasil kirim balasan ke "responServer_2309MAS003"

[2025-10-02 13:10:05]
Menerima pesan dari: dariMCU_2309MAS003 - Pesan: {"nokartu":"D32434FF","idchip":"16581755","nodevice":"2309MAS003","key":"1234567890987654321","ipa":"10.10.1.80"}
[2025-10-02 13:10:05]
Berhasil merespon "dariMCU_2309MAS003" : {"respon":[{"id":"16581755","nodevice":"2309MAS003","message":"BMPE","info":"Muhamad Ulil Albab--Berhasil Presensi -Mulai-","nokartu":"D32434FF"}]}
Berhasil kirim balasan ke "responServer_2309MAS003"

[2025-10-02 13:10:09]
Menerima pesan dari: dariMCU_2309MAS003 - Pesan: {"nokartu":"03D0D7E2","idchip":"16581755","nodevice":"2309MAS003","key":"1234567890987654321","ipa":"10.10.1.80"}
[2025-10-02 13:10:09]
Berhasil merespon "dariMCU_2309MAS003" : {"respon":[{"id":"16581755","nodevice":"2309MAS003","message":"510","info":"Putra Fajar Noviyanto--TERCATAT! 37 dtk lalu","nokartu":"03D0D7E2"}]}
Berhasil kirim balasan ke "responServer_2309MAS003"

[2025-10-02 13:10:25]
Menerima pesan dari: dariMCU_2309MAS003 - Pesan: {"nokartu":"636D7305","idchip":"16581755","nodevice":"2309MAS003","key":"1234567890987654321","ipa":"10.10.1.80"}
[2025-10-02 13:10:25]
Berhasil merespon "dariMCU_2309MAS003" : {"respon":[{"id":"16581755","nodevice":"2309MAS003","message":"BMPE","info":"Sasetyo--Berhasil Presensi -Mulai-","nokartu":"636D7305"}]}
Berhasil kirim balasan ke "responServer_2309MAS003"

[2025-10-02 13:10:29]
Menerima pesan dari: dariMCU_2309MAS003 - Pesan: {"nokartu":"636D7305","idchip":"16581755","nodevice":"2309MAS003","key":"1234567890987654321","ipa":"10.10.1.80"}
[2025-10-02 13:10:29]
Berhasil merespon "dariMCU_2309MAS003" : {"respon":[{"id":"16581755","nodevice":"2309MAS003","message":"510","info":"Sasetyo--TERCATAT! 4 dtk lalu","nokartu":"636D7305"}]}
Berhasil kirim balasan ke "responServer_2309MAS003"

[2025-10-02 13:13:43]
Menerima pesan dari: dariMCU_2309MAS003 - Pesan: {"nokartu":"23A521FF","idchip":"16581755","nodevice":"2309MAS003","key":"1234567890987654321","ipa":"10.10.1.80"}
[2025-10-02 13:13:43]
Berhasil merespon "dariMCU_2309MAS003" : {"respon":[{"id":"16581755","nodevice":"2309MAS003","message":"BPSE","info":"Rohim Rahmat Dani--Berhasil Presensi -Selesai-","nokartu":"23A521FF"}]}
Berhasil kirim balasan ke "responServer_2309MAS003"

[2025-10-02 13:13:46]
Menerima pesan dari: dariMCU_2309MAS003 - Pesan: {"nokartu":"13B90AFE","idchip":"16581755","nodevice":"2309MAS003","key":"1234567890987654321","ipa":"10.10.1.80"}
[2025-10-02 13:13:46]
Berhasil merespon "dariMCU_2309MAS003" : {"respon":[{"id":"16581755","nodevice":"2309MAS003","message":"BPSE","info":"Dio Wahyu Agustian--Berhasil Presensi -Selesai-","nokartu":"13B90AFE"}]}
Berhasil kirim balasan ke "responServer_2309MAS003"

[2025-10-02 13:13:50]
Menerima pesan dari: dariMCU_2309MAS003 - Pesan: {"nokartu":"13B90AFE","idchip":"16581755","nodevice":"2309MAS003","key":"1234567890987654321","ipa":"10.10.1.80"}
[2025-10-02 13:13:50]
Berhasil merespon "dariMCU_2309MAS003" : {"respon":[{"id":"16581755","nodevice":"2309MAS003","message":"510","info":"Dio Wahyu Agustian--TERCATAT! 4 dtk lalu","nokartu":"13B90AFE"}]}
Berhasil kirim balasan ke "responServer_2309MAS003"

[2025-10-02 13:13:56]
Menerima pesan dari: dariMCU_2309MAS003 - Pesan: {"nokartu":"23EB7505","idchip":"16581755","nodevice":"2309MAS003","key":"1234567890987654321","ipa":"10.10.1.80"}
[2025-10-02 13:13:56]
Berhasil merespon "dariMCU_2309MAS003" : {"respon":[{"id":"16581755","nodevice":"2309MAS003","message":"BPSE","info":"Hasbi Gusniawan--Berhasil Presensi -Selesai-","nokartu":"23EB7505"}]}
Berhasil kirim balasan ke "responServer_2309MAS003"

[2025-10-02 13:14:02]
Menerima pesan dari: dariMCU_2309MAS003 - Pesan: {"nokartu":"23EB7505","idchip":"16581755","nodevice":"2309MAS003","key":"1234567890987654321","ipa":"10.10.1.80"}
[2025-10-02 13:14:02]
Berhasil merespon "dariMCU_2309MAS003" : {"respon":[{"id":"16581755","nodevice":"2309MAS003","message":"510","info":"Hasbi Gusniawan--TERCATAT! 6 dtk lalu","nokartu":"23EB7505"}]}
Berhasil kirim balasan ke "responServer_2309MAS003"

[2025-10-02 13:14:08]
Menerima pesan dari: dariMCU_2309MAS003 - Pesan: {"nokartu":"03981C03","idchip":"16581755","nodevice":"2309MAS003","key":"1234567890987654321","ipa":"10.10.1.80"}
[2025-10-02 13:14:08]
Berhasil merespon "dariMCU_2309MAS003" : {"respon":[{"id":"16581755","nodevice":"2309MAS003","message":"BPEB","info":"Destira Adi Kusuma--Berhasil Presensi -Mulai Baru-","nokartu":"03981C03"}]}
Berhasil kirim balasan ke "responServer_2309MAS003"

[2025-10-02 13:14:11]
Menerima pesan dari: dariMCU_2309MAS003 - Pesan: {"nokartu":"03981C03","idchip":"16581755","nodevice":"2309MAS003","key":"1234567890987654321","ipa":"10.10.1.80"}
[2025-10-02 13:14:11]
Berhasil merespon "dariMCU_2309MAS003" : {"respon":[{"id":"16581755","nodevice":"2309MAS003","message":"510","info":"Destira Adi Kusuma--TERCATAT! 3 dtk lalu","nokartu":"03981C03"}]}
Berhasil kirim balasan ke "responServer_2309MAS003"

[2025-10-02 13:14:15]
Menerima pesan dari: dariMCU_2309MAS003 - Pesan: {"nokartu":"03981C03","idchip":"16581755","nodevice":"2309MAS003","key":"1234567890987654321","ipa":"10.10.1.80"}
[2025-10-02 13:14:15]
Berhasil merespon "dariMCU_2309MAS003" : {"respon":[{"id":"16581755","nodevice":"2309MAS003","message":"510","info":"Destira Adi Kusuma--TERCATAT! 7 dtk lalu","nokartu":"03981C03"}]}
Berhasil kirim balasan ke "responServer_2309MAS003"

[2025-10-02 13:15:21]
Menerima pesan dari: dariMCU_2309MAS003 - Pesan: {"nokartu":"13EB7505","idchip":"16581755","nodevice":"2309MAS003","key":"1234567890987654321","ipa":"10.10.1.80"}
[2025-10-02 13:15:21]
Berhasil merespon "dariMCU_2309MAS003" : {"respon":[{"id":"16581755","nodevice":"2309MAS003","message":"BPSE","info":"Agus Setiawan--Berhasil Presensi -Selesai-","nokartu":"13EB7505"}]}
Berhasil kirim balasan ke "responServer_2309MAS003"

[2025-10-02 13:15:27]
Menerima pesan dari: dariMCU_2309MAS003 - Pesan: {"nokartu":"D32434FF","idchip":"16581755","nodevice":"2309MAS003","key":"1234567890987654321","ipa":"10.10.1.80"}
[2025-10-02 13:15:27]
Berhasil merespon "dariMCU_2309MAS003" : {"respon":[{"id":"16581755","nodevice":"2309MAS003","message":"BPSE","info":"Muhamad Ulil Albab--Berhasil Presensi -Selesai-","nokartu":"D32434FF"}]}
Berhasil kirim balasan ke "responServer_2309MAS003"

[2025-10-02 13:15:30]
Menerima pesan dari: dariMCU_2309MAS003 - Pesan: {"nokartu":"D32434FF","idchip":"16581755","nodevice":"2309MAS003","key":"1234567890987654321","ipa":"10.10.1.80"}
[2025-10-02 13:15:30]
Berhasil merespon "dariMCU_2309MAS003" : {"respon":[{"id":"16581755","nodevice":"2309MAS003","message":"510","info":"Muhamad Ulil Albab--TERCATAT! 3 dtk lalu","nokartu":"D32434FF"}]}
Berhasil kirim balasan ke "responServer_2309MAS003"

[2025-10-02 13:15:34]
Menerima pesan dari: dariMCU_2309MAS003 - Pesan: {"nokartu":"83EC7605","idchip":"16581755","nodevice":"2309MAS003","key":"1234567890987654321","ipa":"10.10.1.80"}
[2025-10-02 13:15:34]
Berhasil merespon "dariMCU_2309MAS003" : {"respon":[{"id":"16581755","nodevice":"2309MAS003","message":"BPSE","info":"Rahmatullah Ramadani--Berhasil Presensi -Selesai-","nokartu":"83EC7605"}]}
Berhasil kirim balasan ke "responServer_2309MAS003"

[2025-10-02 13:15:38]
Menerima pesan dari: dariMCU_2309MAS003 - Pesan: {"nokartu":"83EC7605","idchip":"16581755","nodevice":"2309MAS003","key":"1234567890987654321","ipa":"10.10.1.80"}
[2025-10-02 13:15:38]
Berhasil merespon "dariMCU_2309MAS003" : {"respon":[{"id":"16581755","nodevice":"2309MAS003","message":"510","info":"Rahmatullah Ramadani--TERCATAT! 4 dtk lalu","nokartu":"83EC7605"}]}
Berhasil kirim balasan ke "responServer_2309MAS003"

[2025-10-02 13:15:39]
Menerima pesan dari: dariMCU_2309MAS003 - Pesan: {"nokartu":"03D0D7E2","idchip":"16581755","nodevice":"2309MAS003","key":"1234567890987654321","ipa":"10.10.1.80"}
[2025-10-02 13:15:39]
Berhasil merespon "dariMCU_2309MAS003" : {"respon":[{"id":"16581755","nodevice":"2309MAS003","message":"BPSE","info":"Putra Fajar Noviyanto--Berhasil Presensi -Selesai-","nokartu":"03D0D7E2"}]}
Berhasil kirim balasan ke "responServer_2309MAS003"

[2025-10-02 13:23:25]
Menerima pesan dari: dariMCU_2309MAS003 - Pesan: {"nokartu":"63551605","idchip":"16581755","nodevice":"2309MAS003","key":"1234567890987654321","ipa":"10.10.1.80"}
[2025-10-02 13:23:25]
Berhasil merespon "dariMCU_2309MAS003" : {"respon":[{"id":"16581755","nodevice":"2309MAS003","message":"BMPE","info":"Melisa Sofiyana--Berhasil Presensi -Mulai-","nokartu":"63551605"}]}
Berhasil kirim balasan ke "responServer_2309MAS003"

[2025-10-02 13:23:49]
Menerima pesan dari: dariMCU_2309MAS003 - Pesan: {"nokartu":"0014D75D","idchip":"16581755","nodevice":"2309MAS003","key":"1234567890987654321","ipa":"10.10.1.80"}
[2025-10-02 13:23:49]
Berhasil merespon "dariMCU_2309MAS003" : {"respon":[{"id":"16581755","nodevice":"2309MAS003","message":"BMPE","info":"Hevie Mei Rienita--Berhasil Presensi -Mulai-","nokartu":"0014D75D"}]}
Berhasil kirim balasan ke "responServer_2309MAS003"

[2025-10-02 13:23:52]
Menerima pesan dari: dariMCU_2309MAS003 - Pesan: {"nokartu":"0014D75D","idchip":"16581755","nodevice":"2309MAS003","key":"1234567890987654321","ipa":"10.10.1.80"}
[2025-10-02 13:23:52]
Berhasil merespon "dariMCU_2309MAS003" : {"respon":[{"id":"16581755","nodevice":"2309MAS003","message":"510","info":"Hevie Mei Rienita--TERCATAT! 3 dtk lalu","nokartu":"0014D75D"}]}
Berhasil kirim balasan ke "responServer_2309MAS003"

[2025-10-02 13:25:08]
Menerima pesan dari: dariMCU_2309MAS003 - Pesan: {"nokartu":"C3601B05","idchip":"16581755","nodevice":"2309MAS003","key":"1234567890987654321","ipa":"10.10.1.80"}
[2025-10-02 13:25:08]
Berhasil merespon "dariMCU_2309MAS003" : {"respon":[{"id":"16581755","nodevice":"2309MAS003","message":"BMPE","info":"Leli Avivah--Berhasil Presensi -Mulai-","nokartu":"C3601B05"}]}
Berhasil kirim balasan ke "responServer_2309MAS003"

[2025-10-02 13:25:11]
Menerima pesan dari: dariMCU_2309MAS003 - Pesan: {"nokartu":"C3601B05","idchip":"16581755","nodevice":"2309MAS003","key":"1234567890987654321","ipa":"10.10.1.80"}
[2025-10-02 13:25:11]
Berhasil merespon "dariMCU_2309MAS003" : {"respon":[{"id":"16581755","nodevice":"2309MAS003","message":"510","info":"Leli Avivah--TERCATAT! 3 dtk lalu","nokartu":"C3601B05"}]}
Berhasil kirim balasan ke "responServer_2309MAS003"

[2025-10-02 13:25:50]
Menerima pesan dari: dariMCU_2309MAS003 - Pesan: {"nokartu":"137C8105","idchip":"16581755","nodevice":"2309MAS003","key":"1234567890987654321","ipa":"10.10.1.80"}
[2025-10-02 13:25:50]
Berhasil merespon "dariMCU_2309MAS003" : {"respon":[{"id":"16581755","nodevice":"2309MAS003","message":"BMPE","info":"Widya Nurjanah--Berhasil Presensi -Mulai-","nokartu":"137C8105"}]}
Berhasil kirim balasan ke "responServer_2309MAS003"

[2025-10-02 13:25:53]
Menerima pesan dari: dariMCU_2309MAS003 - Pesan: {"nokartu":"137C8105","idchip":"16581755","nodevice":"2309MAS003","key":"1234567890987654321","ipa":"10.10.1.80"}
[2025-10-02 13:25:53]
Berhasil merespon "dariMCU_2309MAS003" : {"respon":[{"id":"16581755","nodevice":"2309MAS003","message":"510","info":"Widya Nurjanah--TERCATAT! 3 dtk lalu","nokartu":"137C8105"}]}
Berhasil kirim balasan ke "responServer_2309MAS003"

