[2023-12-04 06:34:46]
Menerima pesan dari: dariMCU_2309G005 - Pesan: {"nokartu":"13197D05","idchip":"10687500","nodevice":"2309G005","key":"1234567890987654321","ipa":"10.16.0.232"}
[2023-12-04 06:34:46]
Berhasil merespon "dariMCU_2309G005" : {"respon":[{"id":"10687500","nodevice":"2309G005","message":"IDTT","info":"Kartu ID ini--belum terdaftar","nokartu":"13197D05"}]}
Berhasil kirim balasan ke "responServer_2309G005"

[2023-12-04 06:35:04]
Menerima pesan dari: dariMCU_2310NA010 - Pesan: {"nokartu":"93F67406","idchip":"C00FC908B764","nodevice":"2310NA010","key":"1234567890987654321","ipa":"10.16.0.161"}
[2023-12-04 06:35:04]
Berhasil merespon "dariMCU_2310NA010" : {"respon":[{"id":"C00FC908B764","nodevice":"","message":"406","info":"ERROR!--CHIP TIDAK TERDAFTAR","nokartu":"93F67406"}]}
Berhasil kirim balasan ke "responServer_2310NA010"

[2023-12-04 06:35:31]
Menerima pesan dari: dariMCU_2310NA010 - Pesan: {"nokartu":"ED68DF6A","idchip":"C00FC908B764","nodevice":"2310NA010","key":"1234567890987654321","ipa":"10.16.0.161"}
[2023-12-04 06:35:31]
Berhasil merespon "dariMCU_2310NA010" : {"respon":[{"id":"C00FC908B764","nodevice":"","message":"406","info":"ERROR!--CHIP TIDAK TERDAFTAR","nokartu":"ED68DF6A"}]}
Berhasil kirim balasan ke "responServer_2310NA010"

[2023-12-04 06:35:38]
Menerima pesan dari: dariMCU_2309G005 - Pesan: {"nokartu":"ED68DF6A","idchip":"10687500","nodevice":"2309G005","key":"1234567890987654321","ipa":"10.16.0.232"}
[2023-12-04 06:35:38]
Berhasil merespon "dariMCU_2309G005" : {"respon":[{"id":"10687500","nodevice":"2309G005","message":"BMPM","info":"Aprillia Palupi, S.P--Berhasil Presensi","nokartu":"ED68DF6A"}]}
Berhasil kirim balasan ke "responServer_2309G005"

[2023-12-04 06:35:46]
Menerima pesan dari: dariMCU_2309G005 - Pesan: {"nokartu":"C2E2B920","idchip":"10687500","nodevice":"2309G005","key":"1234567890987654321","ipa":"10.16.0.232"}
[2023-12-04 06:35:46]
Berhasil merespon "dariMCU_2309G005" : {"respon":[{"id":"10687500","nodevice":"2309G005","message":"BMPM","info":"Ellin Agesti Milana Al Faida--Berhasil Presensi","nokartu":"C2E2B920"}]}
Berhasil kirim balasan ke "responServer_2309G005"

[2023-12-04 06:35:52]
Menerima pesan dari: dariMCU_2309G005 - Pesan: {"nokartu":"C2E2B920","idchip":"10687500","nodevice":"2309G005","key":"1234567890987654321","ipa":"10.16.0.232"}
[2023-12-04 06:35:52]
Berhasil merespon "dariMCU_2309G005" : {"respon":[{"id":"10687500","nodevice":"2309G005","message":"SMPM","info":"Ellin Agesti Milana Al Faida--Anda Sudah melakukan Presensi","nokartu":"C2E2B920"}]}
Berhasil kirim balasan ke "responServer_2309G005"

[2023-12-04 06:35:54]
Menerima pesan dari: dariMCU_2310NA010 - Pesan: {"nokartu":"ED68DF6A","idchip":"C00FC908B764","nodevice":"2310NA010","key":"1234567890987654321","ipa":"10.16.0.161"}
[2023-12-04 06:35:54]
Berhasil merespon "dariMCU_2310NA010" : {"respon":[{"id":"C00FC908B764","nodevice":"","message":"406","info":"ERROR!--CHIP TIDAK TERDAFTAR","nokartu":"ED68DF6A"}]}
Berhasil kirim balasan ke "responServer_2310NA010"

[2023-12-04 06:36:06]
Menerima pesan dari: dariMCU_2310NA010 - Pesan: {"nokartu":"ED68DF6A","idchip":"C00FC908B764","nodevice":"2310NA010","key":"1234567890987654321","ipa":"10.16.0.161"}
[2023-12-04 06:36:06]
Berhasil merespon "dariMCU_2310NA010" : {"respon":[{"id":"C00FC908B764","nodevice":"","message":"406","info":"ERROR!--CHIP TIDAK TERDAFTAR","nokartu":"ED68DF6A"}]}
Berhasil kirim balasan ke "responServer_2310NA010"

[2023-12-04 06:38:41]
Menerima pesan dari: dariMCU_2309G005 - Pesan: {"nokartu":"B37F7A05","idchip":"10687500","nodevice":"2309G005","key":"1234567890987654321","ipa":"10.16.0.232"}
[2023-12-04 06:38:41]
Berhasil merespon "dariMCU_2309G005" : {"respon":[{"id":"10687500","nodevice":"2309G005","message":"BMPM","info":"Putra Fajar Noviyanto--Berhasil Presensi","nokartu":"B37F7A05"}]}
Berhasil kirim balasan ke "responServer_2309G005"

[2023-12-04 06:40:26]
Menerima pesan dari: dariMCU_2309G005 - Pesan: {"nokartu":"ED68DF6A","idchip":"10687500","nodevice":"2309G005","key":"1234567890987654321","ipa":"10.16.0.232"}
[2023-12-04 06:40:26]
Berhasil merespon "dariMCU_2309G005" : {"respon":[{"id":"10687500","nodevice":"2309G005","message":"SMPM","info":"Aprillia Palupi, S.P--Anda Sudah melakukan Presensi","nokartu":"ED68DF6A"}]}
Berhasil kirim balasan ke "responServer_2309G005"

[2023-12-04 06:40:33]
Menerima pesan dari: dariMCU_2309G005 - Pesan: {"nokartu":"C2E2B920","idchip":"10687500","nodevice":"2309G005","key":"1234567890987654321","ipa":"10.16.0.232"}
[2023-12-04 06:40:33]
Berhasil merespon "dariMCU_2309G005" : {"respon":[{"id":"10687500","nodevice":"2309G005","message":"SMPM","info":"Ellin Agesti Milana Al Faida--Anda Sudah melakukan Presensi","nokartu":"C2E2B920"}]}
Berhasil kirim balasan ke "responServer_2309G005"

[2023-12-04 06:42:09]
Menerima pesan dari: dariMCU_2309G005 - Pesan: {"nokartu":"8947DD68","idchip":"10687500","nodevice":"2309G005","key":"1234567890987654321","ipa":"10.16.0.232"}
[2023-12-04 06:42:09]
Berhasil merespon "dariMCU_2309G005" : {"respon":[{"id":"10687500","nodevice":"2309G005","message":"IDTT","info":"Kartu ID ini--belum terdaftar","nokartu":"8947DD68"}]}
Berhasil kirim balasan ke "responServer_2309G005"

[2023-12-04 06:42:18]
Menerima pesan dari: dariMCU_2310NA010 - Pesan: {"nokartu":"5AA11180","idchip":"C00FC908B764","nodevice":"2310NA010","key":"1234567890987654321","ipa":"10.16.0.161"}
[2023-12-04 06:42:18]
Berhasil merespon "dariMCU_2310NA010" : {"respon":[{"id":"C00FC908B764","nodevice":"","message":"406","info":"ERROR!--CHIP TIDAK TERDAFTAR","nokartu":"5AA11180"}]}
Berhasil kirim balasan ke "responServer_2310NA010"

[2023-12-04 15:28:15]
Menerima pesan dari: dariMCU_2309G005 - Pesan: {"nokartu":"ED68DF6A","idchip":"10687500","nodevice":"2309G005","key":"1234567890987654321","ipa":"10.16.0.232"}
[2023-12-04 15:28:15]
Berhasil merespon "dariMCU_2309G005" : {"respon":[{"id":"10687500","nodevice":"2309G005","message":"SAPP","info":"Aprillia Palupi, S.P--Sudah melakukan presensi pulang","nokartu":"ED68DF6A"}]}
Berhasil kirim balasan ke "responServer_2309G005"

[2023-12-04 17:07:07]
Menerima pesan dari: dariMCU_2309G005 - Pesan: {"nokartu":"13197D05","idchip":"10687500","nodevice":"2309G005","key":"1234567890987654321","ipa":"10.16.0.232"}
[2023-12-04 17:07:07]
Berhasil merespon "dariMCU_2309G005" : {"respon":[{"id":"10687500","nodevice":"2309G005","message":"IDTT","info":"Kartu ID ini--belum terdaftar","nokartu":"13197D05"}]}
Berhasil kirim balasan ke "responServer_2309G005"

[2023-12-04 17:07:15]
Menerima pesan dari: dariMCU_2309G005 - Pesan: {"nokartu":"93F67406","idchip":"10687500","nodevice":"2309G005","key":"1234567890987654321","ipa":"10.16.0.232"}
[2023-12-04 17:07:15]
Berhasil merespon "dariMCU_2309G005" : {"respon":[{"id":"10687500","nodevice":"2309G005","message":"IDTT","info":"Kartu ID ini--belum terdaftar","nokartu":"93F67406"}]}
Berhasil kirim balasan ke "responServer_2309G005"

[2023-12-04 17:07:24]
Menerima pesan dari: dariMCU_2309G005 - Pesan: {"nokartu":"C2E2B920","idchip":"10687500","nodevice":"2309G005","key":"1234567890987654321","ipa":"10.16.0.232"}
[2023-12-04 17:07:24]
Berhasil merespon "dariMCU_2309G005" : {"respon":[{"id":"10687500","nodevice":"2309G005","message":"SAPP","info":"Ellin Agesti Milana Al Faida--Sudah melakukan presensi pulang","nokartu":"C2E2B920"}]}
Berhasil kirim balasan ke "responServer_2309G005"

[2023-12-04 17:07:36]
Menerima pesan dari: dariMCU_2309G005 - Pesan: {"nokartu":"ED68DF6A","idchip":"10687500","nodevice":"2309G005","key":"1234567890987654321","ipa":"10.16.0.232"}
[2023-12-04 17:07:36]
Berhasil merespon "dariMCU_2309G005" : {"respon":[{"id":"10687500","nodevice":"2309G005","message":"SAPP","info":"Aprillia Palupi, S.P--Sudah melakukan presensi pulang","nokartu":"ED68DF6A"}]}
Berhasil kirim balasan ke "responServer_2309G005"

