[2023-11-25 00:05:56]
Menerima pesan dari: dariMCU_2309G005 - Pesan: {"nokartu":"4476B889","idchip":"10687500","nodevice":"2309G005","key":"1234567890987654321","ipa":"10.16.0.232"}
[2023-11-25 00:05:56]
Berhasil merespon "dariMCU_2309G005" : {"respon":[{"id":"10687500","nodevice":"2309G005","message":"IDTT","info":"Kartu ID ini--belum terdaftar","nokartu":"4476B889"}]}
Berhasil kirim balasan ke "responServer_2309G005"

[2023-11-25 05:37:40]
Menerima pesan dari: dariMCU_2309G005 - Pesan: {"nokartu":"13197D05","idchip":"10687500","nodevice":"2309G005","key":"1234567890987654321","ipa":"10.16.0.232"}
[2023-11-25 05:37:40]
Berhasil merespon "dariMCU_2309G005" : {"respon":[{"id":"10687500","nodevice":"2309G005","message":"IDTT","info":"Kartu ID ini--belum terdaftar","nokartu":"13197D05"}]}
Berhasil kirim balasan ke "responServer_2309G005"

[2023-11-25 05:47:41]
Menerima pesan dari: dariMCU_2309G005 - Pesan: {"nokartu":"4476B889","idchip":"10687500","nodevice":"2309G005","key":"1234567890987654321","ipa":"10.16.0.232"}
[2023-11-25 05:47:41]
Berhasil merespon "dariMCU_2309G005" : {"respon":[{"id":"10687500","nodevice":"2309G005","message":"IDTT","info":"Kartu ID ini--belum terdaftar","nokartu":"4476B889"}]}
Berhasil kirim balasan ke "responServer_2309G005"

[2023-11-25 05:50:33]
Menerima pesan dari: dariMCU_2309G005 - Pesan: {"nokartu":"4476B889","idchip":"10687500","nodevice":"2309G005","key":"1234567890987654321","ipa":"10.16.0.232"}
[2023-11-25 05:50:33]
Berhasil merespon "dariMCU_2309G005" : {"respon":[{"id":"10687500","nodevice":"2309G005","message":"IDTT","info":"Kartu ID ini--belum terdaftar","nokartu":"4476B889"}]}
Berhasil kirim balasan ke "responServer_2309G005"

[2023-11-25 05:53:03]
Menerima pesan dari: dariMCU_2309G004 - Pesan: {"nokartu":"4476B889","idchip":"10687500","nodevice":"2309G004","key":"1234567890987654321","ipa":"10.16.0.232"}
[2023-11-25 05:53:03]
Berhasil merespon "dariMCU_2309G004" : {"respon":[{"id":"10687500","nodevice":"2309G005","message":"407","info":"ERROR!--DEVICE TIDAK SESUAI","nokartu":"4476B889"}]}
Berhasil kirim balasan ke "responServer_2309G004"

[2023-11-25 05:56:37]
Menerima pesan dari: dariMCU_2309G005 - Pesan: {"nokartu":"4476B889","idchip":"10687500","nodevice":"2309G005","key":"1234567890987654321","ipa":"10.16.0.232"}
[2023-11-25 05:56:37]
Berhasil merespon "dariMCU_2309G005" : {"respon":[{"id":"10687500","nodevice":"2309G005","message":"IDTT","info":"Kartu ID ini--belum terdaftar","nokartu":"4476B889"}]}
Berhasil kirim balasan ke "responServer_2309G005"

[2023-11-25 08:57:19]
Menerima pesan dari: dariMCU_2309G005 - Pesan: {"nokartu":"4476B889","idchip":"10687500","nodevice":"2309G005","key":"1234567890987654321","ipa":"10.16.0.232"}
[2023-11-25 08:57:19]
Berhasil merespon "dariMCU_2309G005" : {"respon":[{"id":"10687500","nodevice":"2309G005","message":"IDTT","info":"Kartu ID ini--belum terdaftar","nokartu":"4476B889"}]}
Berhasil kirim balasan ke "responServer_2309G005"

[2023-11-25 09:59:45]
Menerima pesan dari: dariMCU_2309G005 - Pesan: {"nokartu":"4476B889","idchip":"10687500","nodevice":"2309G005","key":"1234567890987654321","ipa":"10.16.0.232"}
[2023-11-25 09:59:45]
Berhasil merespon "dariMCU_2309G005" : {"respon":[{"id":"10687500","nodevice":"2309G005","message":"IDTT","info":"Kartu ID ini--belum terdaftar","nokartu":"4476B889"}]}
Berhasil kirim balasan ke "responServer_2309G005"

[2023-11-25 10:44:48]
Menerima pesan dari: dariMCU_2309G005 - Pesan: {"nokartu":"4476B889","idchip":"10687500","nodevice":"2309G005","key":"1234567890987654321","ipa":"10.16.0.232"}
[2023-11-25 10:44:48]
Berhasil merespon "dariMCU_2309G005" : {"respon":[{"id":"10687500","nodevice":"2309G005","message":"IDTT","info":"Kartu ID ini--belum terdaftar","nokartu":"4476B889"}]}
Berhasil kirim balasan ke "responServer_2309G005"

[2023-11-25 11:00:07]
Menerima pesan dari: dariMCU_2309G005 - Pesan: {"nokartu":"4476B889","idchip":"10687500","nodevice":"2309G005","key":"1234567890987654321","ipa":"10.16.0.232"}
[2023-11-25 11:00:07]
Berhasil merespon "dariMCU_2309G005" : {"respon":[{"id":"10687500","nodevice":"2309G005","message":"IDTT","info":"Kartu ID ini--belum terdaftar","nokartu":"4476B889"}]}
Berhasil kirim balasan ke "responServer_2309G005"

[2023-11-25 11:05:00]
Menerima pesan dari: dariMCU_2309G001 - Pesan: {"nokartu":"4476B889","idchip":"10687500","nodevice":"2309G001","key":"1234567890987654321","ipa":"10.16.0.232"}
[2023-11-25 11:05:00]
Berhasil merespon "dariMCU_2309G001" : {"respon":[{"id":"10687500","nodevice":"2309G005","message":"407","info":"ERROR!--DEVICE TIDAK SESUAI","nokartu":"4476B889"}]}
Berhasil kirim balasan ke "responServer_2309G001"

[2023-11-25 11:41:15]
Menerima pesan dari: dariMCU_2309G005 - Pesan: {"nokartu":"4476B889","idchip":"10687500","nodevice":"2309G005","key":"1234567890987654321","ipa":"10.16.0.232"}
[2023-11-25 11:41:15]
Berhasil merespon "dariMCU_2309G005" : {"respon":[{"id":"10687500","nodevice":"2309G005","message":"IDTT","info":"Kartu ID ini--belum terdaftar","nokartu":"4476B889"}]}
Berhasil kirim balasan ke "responServer_2309G005"

[2023-11-25 11:41:23]
Menerima pesan dari: dariMCU_2309G005 - Pesan: {"nokartu":"4476B889","idchip":"10687500","nodevice":"2309G005","key":"1234567890987654321","ipa":"10.16.0.232"}
[2023-11-25 11:41:23]
Berhasil merespon "dariMCU_2309G005" : {"respon":[{"id":"10687500","nodevice":"2309G005","message":"IDTT","info":"Kartu ID ini--belum terdaftar","nokartu":"4476B889"}]}
Berhasil kirim balasan ke "responServer_2309G005"

[2023-11-25 12:59:10]
Menerima pesan dari: dariMCU_2309G005 - Pesan: {"nokartu":"4D4FF96A","idchip":"10687500","nodevice":"2309G005","key":"1234567890987654321","ipa":"10.16.0.232"}
[2023-11-25 12:59:10]
Berhasil merespon "dariMCU_2309G005" : {"respon":[{"id":"10687500","nodevice":"2309G005","message":"HLTM","info":"Agus Priyono, S.Kom--Hari ini Libur","nokartu":"4D4FF96A"}]}
Berhasil kirim balasan ke "responServer_2309G005"

[2023-11-25 14:30:30]
Menerima pesan dari: dariMCU_2309G005 - Pesan: {"nokartu":"13197D05","idchip":"10687500","nodevice":"2309G005","key":"1234567890987654321","ipa":"10.16.0.232"}
[2023-11-25 14:30:30]
Berhasil merespon "dariMCU_2309G005" : {"respon":[{"id":"10687500","nodevice":"2309G005","message":"IDTT","info":"Kartu ID ini--belum terdaftar","nokartu":"13197D05"}]}
Berhasil kirim balasan ke "responServer_2309G005"

[2023-11-25 15:17:02]
Menerima pesan dari: dariMCU_2309G005 - Pesan: {"nokartu":"13197D05","idchip":"10687500","nodevice":"2309G005","key":"1234567890987654321","ipa":"10.16.0.232"}
[2023-11-25 15:17:02]
Berhasil merespon "dariMCU_2309G005" : {"respon":[{"id":"10687500","nodevice":"2309G005","message":"IDTT","info":"Kartu ID ini--belum terdaftar","nokartu":"13197D05"}]}
Berhasil kirim balasan ke "responServer_2309G005"

[2023-11-25 16:58:15]
Menerima pesan dari: dariMCU_2309G005 - Pesan: {"nokartu":"13197D05","idchip":"10687500","nodevice":"2309G005","key":"1234567890987654321","ipa":"10.16.0.232"}
[2023-11-25 16:58:15]
Berhasil merespon "dariMCU_2309G005" : {"respon":[{"id":"10687500","nodevice":"2309G005","message":"IDTT","info":"Kartu ID ini--belum terdaftar","nokartu":"13197D05"}]}
Berhasil kirim balasan ke "responServer_2309G005"

[2023-11-25 17:13:24]
Menerima pesan dari: dariMCU_2309G005 - Pesan: {"nokartu":"13197D05","idchip":"10687500","nodevice":"2309G005","key":"1234567890987654321","ipa":"10.16.0.232"}
[2023-11-25 17:13:24]
Berhasil merespon "dariMCU_2309G005" : {"respon":[{"id":"10687500","nodevice":"2309G005","message":"IDTT","info":"Kartu ID ini--belum terdaftar","nokartu":"13197D05"}]}
Berhasil kirim balasan ke "responServer_2309G005"

[2023-11-25 17:40:41]
Menerima pesan dari: dariMCU_2309G005 - Pesan: {"nokartu":"C2601A20","idchip":"10687500","nodevice":"2309G005","key":"1234567890987654321","ipa":"10.16.0.232"}
[2023-11-25 17:40:41]
Berhasil merespon "dariMCU_2309G005" : {"respon":[{"id":"10687500","nodevice":"2309G005","message":"IDTT","info":"Kartu ID ini--belum terdaftar","nokartu":"C2601A20"}]}
Berhasil kirim balasan ke "responServer_2309G005"

