[2025-08-27 09:52:48]
Menerima pesan dari: dariMCU_2309MAS003 - Pesan: {"nokartu":"F3B47D05","idchip":"16581755","nodevice":"2309MAS003","key":"1234567890987654321","ipa":"10.10.10.239"}
[2025-08-27 09:52:48]
Berhasil merespon "dariMCU_2309MAS003" : {"respon":[{"id":"16581755","nodevice":"2309MAS003","message":"TBPS","info":"Fardhan Azmi Hafidh--Tidak bisa melakukan presensi sekarang.","nokartu":"F3B47D05"}]}
Berhasil kirim balasan ke "responServer_2309MAS003"

[2025-08-27 09:52:55]
Menerima pesan dari: dariMCU_2309MAS003 - Pesan: {"nokartu":"F3B47D05","idchip":"16581755","nodevice":"2309MAS003","key":"1234567890987654321","ipa":"10.10.10.239"}
[2025-08-27 09:52:55]
Berhasil merespon "dariMCU_2309MAS003" : {"respon":[{"id":"16581755","nodevice":"2309MAS003","message":"TBPS","info":"Fardhan Azmi Hafidh--Tidak bisa melakukan presensi sekarang.","nokartu":"F3B47D05"}]}
Berhasil kirim balasan ke "responServer_2309MAS003"

[2025-08-27 12:05:27]
Menerima pesan dari: dariMCU_2309MAS003 - Pesan: {"nokartu":"53B98105","idchip":"16581755","nodevice":"2309MAS003","key":"1234567890987654321","ipa":"10.10.10.239"}
[2025-08-27 12:05:27]
Berhasil merespon "dariMCU_2309MAS003" : {"respon":[{"id":"16581755","nodevice":"2309MAS003","message":"BMPE","info":"Felicia Kumala Dewi--Berhasil Presensi -Mulai-","nokartu":"53B98105"}]}
Berhasil kirim balasan ke "responServer_2309MAS003"

[2025-08-27 12:05:31]
Menerima pesan dari: dariMCU_2309MAS003 - Pesan: {"nokartu":"53B98105","idchip":"16581755","nodevice":"2309MAS003","key":"1234567890987654321","ipa":"10.10.10.239"}
[2025-08-27 12:05:31]
Berhasil merespon "dariMCU_2309MAS003" : {"respon":[{"id":"16581755","nodevice":"2309MAS003","message":"510","info":"Felicia Kumala Dewi--TERCATAT! 4 dtk lalu","nokartu":"53B98105"}]}
Berhasil kirim balasan ke "responServer_2309MAS003"

[2025-08-27 12:05:32]
Menerima pesan dari: dariMCU_2309MAS003 - Pesan: {"nokartu":"9248DA21","idchip":"16581755","nodevice":"2309MAS003","key":"1234567890987654321","ipa":"10.10.10.239"}
[2025-08-27 12:05:32]
Berhasil merespon "dariMCU_2309MAS003" : {"respon":[{"id":"16581755","nodevice":"2309MAS003","message":"BMPE","info":"Roudlotul Aulia--Berhasil Presensi -Mulai-","nokartu":"9248DA21"}]}
Berhasil kirim balasan ke "responServer_2309MAS003"

[2025-08-27 12:06:09]
Menerima pesan dari: dariMCU_2309MAS003 - Pesan: {"nokartu":"633A8305","idchip":"16581755","nodevice":"2309MAS003","key":"1234567890987654321","ipa":"10.10.10.239"}
[2025-08-27 12:06:09]
Berhasil merespon "dariMCU_2309MAS003" : {"respon":[{"id":"16581755","nodevice":"2309MAS003","message":"BMPE","info":"Eka Nanda Oktafia--Berhasil Presensi -Mulai-","nokartu":"633A8305"}]}
Berhasil kirim balasan ke "responServer_2309MAS003"

[2025-08-27 12:06:13]
Menerima pesan dari: dariMCU_2309MAS003 - Pesan: {"nokartu":"633A8305","idchip":"16581755","nodevice":"2309MAS003","key":"1234567890987654321","ipa":"10.10.10.239"}
[2025-08-27 12:06:13]
Berhasil merespon "dariMCU_2309MAS003" : {"respon":[{"id":"16581755","nodevice":"2309MAS003","message":"510","info":"Eka Nanda Oktafia--TERCATAT! 4 dtk lalu","nokartu":"633A8305"}]}
Berhasil kirim balasan ke "responServer_2309MAS003"

[2025-08-27 12:07:17]
Menerima pesan dari: dariMCU_2309MAS003 - Pesan: {"nokartu":"638706FE","idchip":"16581755","nodevice":"2309MAS003","key":"1234567890987654321","ipa":"10.10.10.239"}
[2025-08-27 12:07:17]
Berhasil merespon "dariMCU_2309MAS003" : {"respon":[{"id":"16581755","nodevice":"2309MAS003","message":"BMPE","info":"Renita Dwi Fauziah--Berhasil Presensi -Mulai-","nokartu":"638706FE"}]}
Berhasil kirim balasan ke "responServer_2309MAS003"

[2025-08-27 12:07:22]
Menerima pesan dari: dariMCU_2309MAS003 - Pesan: {"nokartu":"53E56F05","idchip":"16581755","nodevice":"2309MAS003","key":"1234567890987654321","ipa":"10.10.10.239"}
[2025-08-27 12:07:22]
Berhasil merespon "dariMCU_2309MAS003" : {"respon":[{"id":"16581755","nodevice":"2309MAS003","message":"BMPE","info":"Miftahul Janah--Berhasil Presensi -Mulai-","nokartu":"53E56F05"}]}
Berhasil kirim balasan ke "responServer_2309MAS003"

[2025-08-27 12:07:27]
Menerima pesan dari: dariMCU_2309MAS003 - Pesan: {"nokartu":"A3C608FE","idchip":"16581755","nodevice":"2309MAS003","key":"1234567890987654321","ipa":"10.10.10.239"}
[2025-08-27 12:07:27]
Berhasil merespon "dariMCU_2309MAS003" : {"respon":[{"id":"16581755","nodevice":"2309MAS003","message":"BMPE","info":"Zenia Sriwijayanti--Berhasil Presensi -Mulai-","nokartu":"A3C608FE"}]}
Berhasil kirim balasan ke "responServer_2309MAS003"

[2025-08-27 12:07:31]
Menerima pesan dari: dariMCU_2309MAS003 - Pesan: {"nokartu":"638706FE","idchip":"16581755","nodevice":"2309MAS003","key":"1234567890987654321","ipa":"10.10.10.239"}
[2025-08-27 12:07:31]
Berhasil merespon "dariMCU_2309MAS003" : {"respon":[{"id":"16581755","nodevice":"2309MAS003","message":"510","info":"Renita Dwi Fauziah--TERCATAT! 14 dtk lalu","nokartu":"638706FE"}]}
Berhasil kirim balasan ke "responServer_2309MAS003"

[2025-08-27 12:07:36]
Menerima pesan dari: dariMCU_2309MAS003 - Pesan: {"nokartu":"23C704FE","idchip":"16581755","nodevice":"2309MAS003","key":"1234567890987654321","ipa":"10.10.10.239"}
[2025-08-27 12:07:36]
Berhasil merespon "dariMCU_2309MAS003" : {"respon":[{"id":"16581755","nodevice":"2309MAS003","message":"BMPE","info":"Novita Dina Aulia--Berhasil Presensi -Mulai-","nokartu":"23C704FE"}]}
Berhasil kirim balasan ke "responServer_2309MAS003"

[2025-08-27 12:07:40]
Menerima pesan dari: dariMCU_2309MAS003 - Pesan: {"nokartu":"23C704FE","idchip":"16581755","nodevice":"2309MAS003","key":"1234567890987654321","ipa":"10.10.10.239"}
[2025-08-27 12:07:40]
Berhasil merespon "dariMCU_2309MAS003" : {"respon":[{"id":"16581755","nodevice":"2309MAS003","message":"510","info":"Novita Dina Aulia--TERCATAT! 4 dtk lalu","nokartu":"23C704FE"}]}
Berhasil kirim balasan ke "responServer_2309MAS003"

[2025-08-27 12:07:45]
Menerima pesan dari: dariMCU_2309MAS003 - Pesan: {"nokartu":"B33018FE","idchip":"16581755","nodevice":"2309MAS003","key":"1234567890987654321","ipa":"10.10.10.239"}
[2025-08-27 12:07:45]
Berhasil merespon "dariMCU_2309MAS003" : {"respon":[{"id":"16581755","nodevice":"2309MAS003","message":"BMPE","info":"Aulia Qotrunada--Berhasil Presensi -Mulai-","nokartu":"B33018FE"}]}
Berhasil kirim balasan ke "responServer_2309MAS003"

[2025-08-27 12:08:25]
Menerima pesan dari: dariMCU_2309MAS003 - Pesan: {"nokartu":"C3081D05","idchip":"16581755","nodevice":"2309MAS003","key":"1234567890987654321","ipa":"10.10.10.239"}
[2025-08-27 12:08:25]
Berhasil merespon "dariMCU_2309MAS003" : {"respon":[{"id":"16581755","nodevice":"2309MAS003","message":"BMPE","info":"Nilna Sakda Aula Anjumi--Berhasil Presensi -Mulai-","nokartu":"C3081D05"}]}
Berhasil kirim balasan ke "responServer_2309MAS003"

[2025-08-27 12:08:28]
Menerima pesan dari: dariMCU_2309MAS003 - Pesan: {"nokartu":"C3081D05","idchip":"16581755","nodevice":"2309MAS003","key":"1234567890987654321","ipa":"10.10.10.239"}
[2025-08-27 12:08:28]
Berhasil merespon "dariMCU_2309MAS003" : {"respon":[{"id":"16581755","nodevice":"2309MAS003","message":"510","info":"Nilna Sakda Aula Anjumi--TERCATAT! 3 dtk lalu","nokartu":"C3081D05"}]}
Berhasil kirim balasan ke "responServer_2309MAS003"

[2025-08-27 12:08:29]
Menerima pesan dari: dariMCU_2309MAS003 - Pesan: {"nokartu":"C3081D05","idchip":"16581755","nodevice":"2309MAS003","key":"1234567890987654321","ipa":"10.10.10.239"}
[2025-08-27 12:08:29]
Berhasil merespon "dariMCU_2309MAS003" : {"respon":[{"id":"16581755","nodevice":"2309MAS003","message":"510","info":"Nilna Sakda Aula Anjumi--TERCATAT! 4 dtk lalu","nokartu":"C3081D05"}]}
Berhasil kirim balasan ke "responServer_2309MAS003"

[2025-08-27 12:10:17]
Menerima pesan dari: dariMCU_2309MAS003 - Pesan: {"nokartu":"7398CF02","idchip":"16581755","nodevice":"2309MAS003","key":"1234567890987654321","ipa":"10.10.10.239"}
[2025-08-27 12:10:17]
Berhasil merespon "dariMCU_2309MAS003" : {"respon":[{"id":"16581755","nodevice":"2309MAS003","message":"BMPE","info":"Hesty Rahayu--Berhasil Presensi -Mulai-","nokartu":"7398CF02"}]}
Berhasil kirim balasan ke "responServer_2309MAS003"

[2025-08-27 12:10:21]
Menerima pesan dari: dariMCU_2309MAS003 - Pesan: {"nokartu":"7398CF02","idchip":"16581755","nodevice":"2309MAS003","key":"1234567890987654321","ipa":"10.10.10.239"}
[2025-08-27 12:10:21]
Berhasil merespon "dariMCU_2309MAS003" : {"respon":[{"id":"16581755","nodevice":"2309MAS003","message":"510","info":"Hesty Rahayu--TERCATAT! 4 dtk lalu","nokartu":"7398CF02"}]}
Berhasil kirim balasan ke "responServer_2309MAS003"

[2025-08-27 12:10:30]
Menerima pesan dari: dariMCU_2309MAS003 - Pesan: {"nokartu":"133422FF","idchip":"16581755","nodevice":"2309MAS003","key":"1234567890987654321","ipa":"10.10.10.239"}
[2025-08-27 12:10:30]
Berhasil merespon "dariMCU_2309MAS003" : {"respon":[{"id":"16581755","nodevice":"2309MAS003","message":"BMPE","info":"Qeyla Prasida Larasati--Berhasil Presensi -Mulai-","nokartu":"133422FF"}]}
Berhasil kirim balasan ke "responServer_2309MAS003"

[2025-08-27 12:10:33]
Menerima pesan dari: dariMCU_2309MAS003 - Pesan: {"nokartu":"133422FF","idchip":"16581755","nodevice":"2309MAS003","key":"1234567890987654321","ipa":"10.10.10.239"}
[2025-08-27 12:10:33]
Berhasil merespon "dariMCU_2309MAS003" : {"respon":[{"id":"16581755","nodevice":"2309MAS003","message":"510","info":"Qeyla Prasida Larasati--TERCATAT! 3 dtk lalu","nokartu":"133422FF"}]}
Berhasil kirim balasan ke "responServer_2309MAS003"

[2025-08-27 12:10:38]
Menerima pesan dari: dariMCU_2309MAS003 - Pesan: {"nokartu":"C31AADE2","idchip":"16581755","nodevice":"2309MAS003","key":"1234567890987654321","ipa":"10.10.10.239"}
[2025-08-27 12:10:38]
Berhasil merespon "dariMCU_2309MAS003" : {"respon":[{"id":"16581755","nodevice":"2309MAS003","message":"IDTT","info":"Kartu ID ini--belum terdaftar","nokartu":"C31AADE2"}]}
Berhasil kirim balasan ke "responServer_2309MAS003"

[2025-08-27 12:10:56]
Menerima pesan dari: dariMCU_2309MAS003 - Pesan: {"nokartu":"632534FF","idchip":"16581755","nodevice":"2309MAS003","key":"1234567890987654321","ipa":"10.10.10.239"}
[2025-08-27 12:10:56]
Berhasil merespon "dariMCU_2309MAS003" : {"respon":[{"id":"16581755","nodevice":"2309MAS003","message":"BMPE","info":"Kireyna Brindarosa Ramadiany--Berhasil Presensi -Mulai-","nokartu":"632534FF"}]}
Berhasil kirim balasan ke "responServer_2309MAS003"

[2025-08-27 12:10:59]
Menerima pesan dari: dariMCU_2309MAS003 - Pesan: {"nokartu":"632534FF","idchip":"16581755","nodevice":"2309MAS003","key":"1234567890987654321","ipa":"10.10.10.239"}
[2025-08-27 12:10:59]
Berhasil merespon "dariMCU_2309MAS003" : {"respon":[{"id":"16581755","nodevice":"2309MAS003","message":"510","info":"Kireyna Brindarosa Ramadiany--TERCATAT! 3 dtk lalu","nokartu":"632534FF"}]}
Berhasil kirim balasan ke "responServer_2309MAS003"

[2025-08-27 12:12:55]
Menerima pesan dari: dariMCU_2309MAS003 - Pesan: {"nokartu":"9248DA21","idchip":"16581755","nodevice":"2309MAS003","key":"1234567890987654321","ipa":"10.10.10.239"}
[2025-08-27 12:12:55]
Berhasil merespon "dariMCU_2309MAS003" : {"respon":[{"id":"16581755","nodevice":"2309MAS003","message":"BPSE","info":"Roudlotul Aulia--Berhasil Presensi -Selesai-","nokartu":"9248DA21"}]}
Berhasil kirim balasan ke "responServer_2309MAS003"

[2025-08-27 12:13:01]
Menerima pesan dari: dariMCU_2309MAS003 - Pesan: {"nokartu":"9248DA21","idchip":"16581755","nodevice":"2309MAS003","key":"1234567890987654321","ipa":"10.10.10.239"}
[2025-08-27 12:13:01]
Berhasil merespon "dariMCU_2309MAS003" : {"respon":[{"id":"16581755","nodevice":"2309MAS003","message":"510","info":"Roudlotul Aulia--TERCATAT! 6 dtk lalu","nokartu":"9248DA21"}]}
Berhasil kirim balasan ke "responServer_2309MAS003"

[2025-08-27 12:13:04]
Menerima pesan dari: dariMCU_2309MAS003 - Pesan: {"nokartu":"633A8305","idchip":"16581755","nodevice":"2309MAS003","key":"1234567890987654321","ipa":"10.10.10.239"}
[2025-08-27 12:13:04]
Berhasil merespon "dariMCU_2309MAS003" : {"respon":[{"id":"16581755","nodevice":"2309MAS003","message":"BPSE","info":"Eka Nanda Oktafia--Berhasil Presensi -Selesai-","nokartu":"633A8305"}]}
Berhasil kirim balasan ke "responServer_2309MAS003"

[2025-08-27 12:13:33]
Menerima pesan dari: dariMCU_2309MAS003 - Pesan: {"nokartu":"23B006FE","idchip":"16581755","nodevice":"2309MAS003","key":"1234567890987654321","ipa":"10.10.10.239"}
[2025-08-27 12:13:33]
Berhasil merespon "dariMCU_2309MAS003" : {"respon":[{"id":"16581755","nodevice":"2309MAS003","message":"BMPE","info":"Eka Ananda Putri--Berhasil Presensi -Mulai-","nokartu":"23B006FE"}]}
Berhasil kirim balasan ke "responServer_2309MAS003"

[2025-08-27 12:13:37]
Menerima pesan dari: dariMCU_2309MAS003 - Pesan: {"nokartu":"23B006FE","idchip":"16581755","nodevice":"2309MAS003","key":"1234567890987654321","ipa":"10.10.10.239"}
[2025-08-27 12:13:37]
Berhasil merespon "dariMCU_2309MAS003" : {"respon":[{"id":"16581755","nodevice":"2309MAS003","message":"510","info":"Eka Ananda Putri--TERCATAT! 4 dtk lalu","nokartu":"23B006FE"}]}
Berhasil kirim balasan ke "responServer_2309MAS003"

[2025-08-27 12:13:38]
Menerima pesan dari: dariMCU_2309MAS003 - Pesan: {"nokartu":"83710FFE","idchip":"16581755","nodevice":"2309MAS003","key":"1234567890987654321","ipa":"10.10.10.239"}
[2025-08-27 12:13:38]
Berhasil merespon "dariMCU_2309MAS003" : {"respon":[{"id":"16581755","nodevice":"2309MAS003","message":"BMPE","info":"Aura Auliya Mecca--Berhasil Presensi -Mulai-","nokartu":"83710FFE"}]}
Berhasil kirim balasan ke "responServer_2309MAS003"

[2025-08-27 12:14:28]
Menerima pesan dari: dariMCU_2309MAS003 - Pesan: {"nokartu":"6BF7B889","idchip":"16581755","nodevice":"2309MAS003","key":"1234567890987654321","ipa":"10.10.10.239"}
[2025-08-27 12:14:28]
Berhasil merespon "dariMCU_2309MAS003" : {"respon":[{"id":"16581755","nodevice":"2309MAS003","message":"BMPE","info":"Zidane Alfriansyah Pratama--Berhasil Presensi -Mulai-","nokartu":"6BF7B889"}]}
Berhasil kirim balasan ke "responServer_2309MAS003"

[2025-08-27 12:14:29]
Menerima pesan dari: dariMCU_2309MAS003 - Pesan: {"nokartu":"6BF7B889","idchip":"16581755","nodevice":"2309MAS003","key":"1234567890987654321","ipa":"10.10.10.239"}
[2025-08-27 12:14:29]
Berhasil merespon "dariMCU_2309MAS003" : {"respon":[{"id":"16581755","nodevice":"2309MAS003","message":"510","info":"Zidane Alfriansyah Pratama--TERCATAT! 1 dtk lalu","nokartu":"6BF7B889"}]}
Berhasil kirim balasan ke "responServer_2309MAS003"

[2025-08-27 12:14:34]
Menerima pesan dari: dariMCU_2309MAS003 - Pesan: {"nokartu":"6BF7B889","idchip":"16581755","nodevice":"2309MAS003","key":"1234567890987654321","ipa":"10.10.10.239"}
[2025-08-27 12:14:34]
Berhasil merespon "dariMCU_2309MAS003" : {"respon":[{"id":"16581755","nodevice":"2309MAS003","message":"510","info":"Zidane Alfriansyah Pratama--TERCATAT! 6 dtk lalu","nokartu":"6BF7B889"}]}
Berhasil kirim balasan ke "responServer_2309MAS003"

[2025-08-27 12:14:38]
Menerima pesan dari: dariMCU_2309MAS003 - Pesan: {"nokartu":"6BF7B889","idchip":"16581755","nodevice":"2309MAS003","key":"1234567890987654321","ipa":"10.10.10.239"}
[2025-08-27 12:14:38]
Berhasil merespon "dariMCU_2309MAS003" : {"respon":[{"id":"16581755","nodevice":"2309MAS003","message":"510","info":"Zidane Alfriansyah Pratama--TERCATAT! 10 dtk lalu","nokartu":"6BF7B889"}]}
Berhasil kirim balasan ke "responServer_2309MAS003"

[2025-08-27 12:15:18]
Menerima pesan dari: dariMCU_2309MAS003 - Pesan: {"nokartu":"73DD16FE","idchip":"16581755","nodevice":"2309MAS003","key":"1234567890987654321","ipa":"10.10.10.239"}
[2025-08-27 12:15:18]
Berhasil merespon "dariMCU_2309MAS003" : {"respon":[{"id":"16581755","nodevice":"2309MAS003","message":"BMPE","info":"Malik Fatah--Berhasil Presensi -Mulai-","nokartu":"73DD16FE"}]}
Berhasil kirim balasan ke "responServer_2309MAS003"

[2025-08-27 12:15:23]
Menerima pesan dari: dariMCU_2309MAS003 - Pesan: {"nokartu":"43C30DFE","idchip":"16581755","nodevice":"2309MAS003","key":"1234567890987654321","ipa":"10.10.10.239"}
[2025-08-27 12:15:23]
Berhasil merespon "dariMCU_2309MAS003" : {"respon":[{"id":"16581755","nodevice":"2309MAS003","message":"BMPE","info":"Muhamad Saroful Anam--Berhasil Presensi -Mulai-","nokartu":"43C30DFE"}]}
Berhasil kirim balasan ke "responServer_2309MAS003"

[2025-08-27 12:15:33]
Menerima pesan dari: dariMCU_2309MAS003 - Pesan: {"nokartu":"43C30DFE","idchip":"16581755","nodevice":"2309MAS003","key":"1234567890987654321","ipa":"10.10.10.239"}
[2025-08-27 12:15:33]
Berhasil merespon "dariMCU_2309MAS003" : {"respon":[{"id":"16581755","nodevice":"2309MAS003","message":"510","info":"Muhamad Saroful Anam--TERCATAT! 10 dtk lalu","nokartu":"43C30DFE"}]}
Berhasil kirim balasan ke "responServer_2309MAS003"

[2025-08-27 12:15:38]
Menerima pesan dari: dariMCU_2309MAS003 - Pesan: {"nokartu":"431A6E05","idchip":"16581755","nodevice":"2309MAS003","key":"1234567890987654321","ipa":"10.10.10.239"}
[2025-08-27 12:15:38]
Berhasil merespon "dariMCU_2309MAS003" : {"respon":[{"id":"16581755","nodevice":"2309MAS003","message":"BMPE","info":"Dwi Setyawan--Berhasil Presensi -Mulai-","nokartu":"431A6E05"}]}
Berhasil kirim balasan ke "responServer_2309MAS003"

[2025-08-27 12:15:42]
Menerima pesan dari: dariMCU_2309MAS003 - Pesan: {"nokartu":"E3B82BFF","idchip":"16581755","nodevice":"2309MAS003","key":"1234567890987654321","ipa":"10.10.10.239"}
[2025-08-27 12:15:42]
Berhasil merespon "dariMCU_2309MAS003" : {"respon":[{"id":"16581755","nodevice":"2309MAS003","message":"BMPE","info":"Zufi Andrian--Berhasil Presensi -Mulai-","nokartu":"E3B82BFF"}]}
Berhasil kirim balasan ke "responServer_2309MAS003"

[2025-08-27 12:15:51]
Menerima pesan dari: dariMCU_2309MAS003 - Pesan: {"nokartu":"E3B82BFF","idchip":"16581755","nodevice":"2309MAS003","key":"1234567890987654321","ipa":"10.10.10.239"}
[2025-08-27 12:15:51]
Berhasil merespon "dariMCU_2309MAS003" : {"respon":[{"id":"16581755","nodevice":"2309MAS003","message":"510","info":"Zufi Andrian--TERCATAT! 9 dtk lalu","nokartu":"E3B82BFF"}]}
Berhasil kirim balasan ke "responServer_2309MAS003"

[2025-08-27 12:15:56]
Menerima pesan dari: dariMCU_2309MAS003 - Pesan: {"nokartu":"83074105","idchip":"16581755","nodevice":"2309MAS003","key":"1234567890987654321","ipa":"10.10.10.239"}
[2025-08-27 12:15:56]
Berhasil merespon "dariMCU_2309MAS003" : {"respon":[{"id":"16581755","nodevice":"2309MAS003","message":"BMPE","info":"Bika Argo Cahyo Atmuji--Berhasil Presensi -Mulai-","nokartu":"83074105"}]}
Berhasil kirim balasan ke "responServer_2309MAS003"

[2025-08-27 12:15:59]
Menerima pesan dari: dariMCU_2309MAS003 - Pesan: {"nokartu":"83074105","idchip":"16581755","nodevice":"2309MAS003","key":"1234567890987654321","ipa":"10.10.10.239"}
[2025-08-27 12:15:59]
Berhasil merespon "dariMCU_2309MAS003" : {"respon":[{"id":"16581755","nodevice":"2309MAS003","message":"510","info":"Bika Argo Cahyo Atmuji--TERCATAT! 3 dtk lalu","nokartu":"83074105"}]}
Berhasil kirim balasan ke "responServer_2309MAS003"

[2025-08-27 12:16:03]
Menerima pesan dari: dariMCU_2309MAS003 - Pesan: {"nokartu":"83074105","idchip":"16581755","nodevice":"2309MAS003","key":"1234567890987654321","ipa":"10.10.10.239"}
[2025-08-27 12:16:03]
Berhasil merespon "dariMCU_2309MAS003" : {"respon":[{"id":"16581755","nodevice":"2309MAS003","message":"510","info":"Bika Argo Cahyo Atmuji--TERCATAT! 7 dtk lalu","nokartu":"83074105"}]}
Berhasil kirim balasan ke "responServer_2309MAS003"

[2025-08-27 12:16:04]
Menerima pesan dari: dariMCU_2309MAS003 - Pesan: {"nokartu":"E3B82BFF","idchip":"16581755","nodevice":"2309MAS003","key":"1234567890987654321","ipa":"10.10.10.239"}
[2025-08-27 12:16:04]
Berhasil merespon "dariMCU_2309MAS003" : {"respon":[{"id":"16581755","nodevice":"2309MAS003","message":"510","info":"Zufi Andrian--TERCATAT! 22 dtk lalu","nokartu":"E3B82BFF"}]}
Berhasil kirim balasan ke "responServer_2309MAS003"

[2025-08-27 12:18:05]
Menerima pesan dari: dariMCU_2309MAS003 - Pesan: {"nokartu":"835931FF","idchip":"16581755","nodevice":"2309MAS003","key":"1234567890987654321","ipa":"10.10.10.239"}
[2025-08-27 12:18:05]
Berhasil merespon "dariMCU_2309MAS003" : {"respon":[{"id":"16581755","nodevice":"2309MAS003","message":"BMPE","info":"Dian Lestari--Berhasil Presensi -Mulai-","nokartu":"835931FF"}]}
Berhasil kirim balasan ke "responServer_2309MAS003"

[2025-08-27 12:18:08]
Menerima pesan dari: dariMCU_2309MAS003 - Pesan: {"nokartu":"835931FF","idchip":"16581755","nodevice":"2309MAS003","key":"1234567890987654321","ipa":"10.10.10.239"}
[2025-08-27 12:18:08]
Berhasil merespon "dariMCU_2309MAS003" : {"respon":[{"id":"16581755","nodevice":"2309MAS003","message":"510","info":"Dian Lestari--TERCATAT! 3 dtk lalu","nokartu":"835931FF"}]}
Berhasil kirim balasan ke "responServer_2309MAS003"

[2025-08-27 12:18:13]
Menerima pesan dari: dariMCU_2309MAS003 - Pesan: {"nokartu":"C34634FF","idchip":"16581755","nodevice":"2309MAS003","key":"1234567890987654321","ipa":"10.10.10.239"}
[2025-08-27 12:18:13]
Berhasil merespon "dariMCU_2309MAS003" : {"respon":[{"id":"16581755","nodevice":"2309MAS003","message":"BMPE","info":"Eka Rima Nur Aisah--Berhasil Presensi -Mulai-","nokartu":"C34634FF"}]}
Berhasil kirim balasan ke "responServer_2309MAS003"

[2025-08-27 12:18:40]
Menerima pesan dari: dariMCU_2309MAS003 - Pesan: {"nokartu":"A3BF15FE","idchip":"16581755","nodevice":"2309MAS003","key":"1234567890987654321","ipa":"10.10.10.239"}
[2025-08-27 12:18:40]
Berhasil merespon "dariMCU_2309MAS003" : {"respon":[{"id":"16581755","nodevice":"2309MAS003","message":"BMPE","info":"Zenitha Sevira--Berhasil Presensi -Mulai-","nokartu":"A3BF15FE"}]}
Berhasil kirim balasan ke "responServer_2309MAS003"

[2025-08-27 12:18:44]
Menerima pesan dari: dariMCU_2309MAS003 - Pesan: {"nokartu":"A3BF15FE","idchip":"16581755","nodevice":"2309MAS003","key":"1234567890987654321","ipa":"10.10.10.239"}
[2025-08-27 12:18:44]
Berhasil merespon "dariMCU_2309MAS003" : {"respon":[{"id":"16581755","nodevice":"2309MAS003","message":"510","info":"Zenitha Sevira--TERCATAT! 4 dtk lalu","nokartu":"A3BF15FE"}]}
Berhasil kirim balasan ke "responServer_2309MAS003"

[2025-08-27 12:18:50]
Menerima pesan dari: dariMCU_2309MAS003 - Pesan: {"nokartu":"A3BF15FE","idchip":"16581755","nodevice":"2309MAS003","key":"1234567890987654321","ipa":"10.10.10.239"}
[2025-08-27 12:18:50]
Berhasil merespon "dariMCU_2309MAS003" : {"respon":[{"id":"16581755","nodevice":"2309MAS003","message":"510","info":"Zenitha Sevira--TERCATAT! 10 dtk lalu","nokartu":"A3BF15FE"}]}
Berhasil kirim balasan ke "responServer_2309MAS003"

[2025-08-27 12:18:53]
Menerima pesan dari: dariMCU_2309MAS003 - Pesan: {"nokartu":"A3BF15FE","idchip":"16581755","nodevice":"2309MAS003","key":"1234567890987654321","ipa":"10.10.10.239"}
[2025-08-27 12:18:53]
Berhasil merespon "dariMCU_2309MAS003" : {"respon":[{"id":"16581755","nodevice":"2309MAS003","message":"510","info":"Zenitha Sevira--TERCATAT! 13 dtk lalu","nokartu":"A3BF15FE"}]}
Berhasil kirim balasan ke "responServer_2309MAS003"

[2025-08-27 12:18:59]
Menerima pesan dari: dariMCU_2309MAS003 - Pesan: {"nokartu":"C34634FF","idchip":"16581755","nodevice":"2309MAS003","key":"1234567890987654321","ipa":"10.10.10.239"}
[2025-08-27 12:18:59]
Berhasil merespon "dariMCU_2309MAS003" : {"respon":[{"id":"16581755","nodevice":"2309MAS003","message":"510","info":"Eka Rima Nur Aisah--TERCATAT! 46 dtk lalu","nokartu":"C34634FF"}]}
Berhasil kirim balasan ke "responServer_2309MAS003"

[2025-08-27 12:19:16]
Menerima pesan dari: dariMCU_2309MAS003 - Pesan: {"nokartu":"33816E05","idchip":"16581755","nodevice":"2309MAS003","key":"1234567890987654321","ipa":"10.10.10.239"}
[2025-08-27 12:19:16]
Berhasil merespon "dariMCU_2309MAS003" : {"respon":[{"id":"16581755","nodevice":"2309MAS003","message":"BMPE","info":"Ifa Nilta El-Haq--Berhasil Presensi -Mulai-","nokartu":"33816E05"}]}
Berhasil kirim balasan ke "responServer_2309MAS003"

[2025-08-27 12:19:22]
Menerima pesan dari: dariMCU_2309MAS003 - Pesan: {"nokartu":"33816E05","idchip":"16581755","nodevice":"2309MAS003","key":"1234567890987654321","ipa":"10.10.10.239"}
[2025-08-27 12:19:22]
Berhasil merespon "dariMCU_2309MAS003" : {"respon":[{"id":"16581755","nodevice":"2309MAS003","message":"510","info":"Ifa Nilta El-Haq--TERCATAT! 6 dtk lalu","nokartu":"33816E05"}]}
Berhasil kirim balasan ke "responServer_2309MAS003"

[2025-08-27 12:19:27]
Menerima pesan dari: dariMCU_2309MAS003 - Pesan: {"nokartu":"F3AC0AFE","idchip":"16581755","nodevice":"2309MAS003","key":"1234567890987654321","ipa":"10.10.10.239"}
[2025-08-27 12:19:27]
Berhasil merespon "dariMCU_2309MAS003" : {"respon":[{"id":"16581755","nodevice":"2309MAS003","message":"BMPE","info":"Nurul Umi Salamah--Berhasil Presensi -Mulai-","nokartu":"F3AC0AFE"}]}
Berhasil kirim balasan ke "responServer_2309MAS003"

[2025-08-27 12:19:28]
Menerima pesan dari: dariMCU_2309MAS003 - Pesan: {"nokartu":"E3890FFE","idchip":"16581755","nodevice":"2309MAS003","key":"1234567890987654321","ipa":"10.10.10.239"}
[2025-08-27 12:19:28]
Berhasil merespon "dariMCU_2309MAS003" : {"respon":[{"id":"16581755","nodevice":"2309MAS003","message":"BMPE","info":"Nafisa Azka Rasyida--Berhasil Presensi -Mulai-","nokartu":"E3890FFE"}]}
Berhasil kirim balasan ke "responServer_2309MAS003"

[2025-08-27 12:19:31]
Menerima pesan dari: dariMCU_2309MAS003 - Pesan: {"nokartu":"F3AC0AFE","idchip":"16581755","nodevice":"2309MAS003","key":"1234567890987654321","ipa":"10.10.10.239"}
[2025-08-27 12:19:31]
Berhasil merespon "dariMCU_2309MAS003" : {"respon":[{"id":"16581755","nodevice":"2309MAS003","message":"510","info":"Nurul Umi Salamah--TERCATAT! 4 dtk lalu","nokartu":"F3AC0AFE"}]}
Berhasil kirim balasan ke "responServer_2309MAS003"

[2025-08-27 12:21:10]
Menerima pesan dari: dariMCU_2309MAS003 - Pesan: {"nokartu":"23C704FE","idchip":"16581755","nodevice":"2309MAS003","key":"1234567890987654321","ipa":"10.10.10.239"}
[2025-08-27 12:21:10]
Berhasil merespon "dariMCU_2309MAS003" : {"respon":[{"id":"16581755","nodevice":"2309MAS003","message":"BPSE","info":"Novita Dina Aulia--Berhasil Presensi -Selesai-","nokartu":"23C704FE"}]}
Berhasil kirim balasan ke "responServer_2309MAS003"

[2025-08-27 12:23:03]
Menerima pesan dari: dariMCU_2309MAS003 - Pesan: {"nokartu":"A32C22FF","idchip":"16581755","nodevice":"2309MAS003","key":"1234567890987654321","ipa":"10.10.10.239"}
[2025-08-27 12:23:03]
Berhasil merespon "dariMCU_2309MAS003" : {"respon":[{"id":"16581755","nodevice":"2309MAS003","message":"BMPE","info":"Nisfa Leilia Rahma--Berhasil Presensi -Mulai-","nokartu":"A32C22FF"}]}
Berhasil kirim balasan ke "responServer_2309MAS003"

[2025-08-27 12:23:07]
Menerima pesan dari: dariMCU_2309MAS003 - Pesan: {"nokartu":"A32C22FF","idchip":"16581755","nodevice":"2309MAS003","key":"1234567890987654321","ipa":"10.10.10.239"}
[2025-08-27 12:23:07]
Berhasil merespon "dariMCU_2309MAS003" : {"respon":[{"id":"16581755","nodevice":"2309MAS003","message":"510","info":"Nisfa Leilia Rahma--TERCATAT! 4 dtk lalu","nokartu":"A32C22FF"}]}
Berhasil kirim balasan ke "responServer_2309MAS003"

[2025-08-27 12:23:08]
Menerima pesan dari: dariMCU_2309MAS003 - Pesan: {"nokartu":"4476B889","idchip":"16581755","nodevice":"2309MAS003","key":"1234567890987654321","ipa":"10.10.10.239"}
[2025-08-27 12:23:08]
Berhasil merespon "dariMCU_2309MAS003" : {"respon":[{"id":"16581755","nodevice":"2309MAS003","message":"BMPE","info":"Asshyfa Nur Lita--Berhasil Presensi -Mulai-","nokartu":"4476B889"}]}
Berhasil kirim balasan ke "responServer_2309MAS003"

[2025-08-27 12:24:33]
Menerima pesan dari: dariMCU_2309MAS003 - Pesan: {"nokartu":"835931FF","idchip":"16581755","nodevice":"2309MAS003","key":"1234567890987654321","ipa":"10.10.10.239"}
[2025-08-27 12:24:33]
Berhasil merespon "dariMCU_2309MAS003" : {"respon":[{"id":"16581755","nodevice":"2309MAS003","message":"BPSE","info":"Dian Lestari--Berhasil Presensi -Selesai-","nokartu":"835931FF"}]}
Berhasil kirim balasan ke "responServer_2309MAS003"

[2025-08-27 12:24:37]
Menerima pesan dari: dariMCU_2309MAS003 - Pesan: {"nokartu":"835931FF","idchip":"16581755","nodevice":"2309MAS003","key":"1234567890987654321","ipa":"10.10.10.239"}
[2025-08-27 12:24:37]
Berhasil merespon "dariMCU_2309MAS003" : {"respon":[{"id":"16581755","nodevice":"2309MAS003","message":"510","info":"Dian Lestari--TERCATAT! 4 dtk lalu","nokartu":"835931FF"}]}
Berhasil kirim balasan ke "responServer_2309MAS003"

[2025-08-27 12:26:20]
Menerima pesan dari: dariMCU_2309MAS003 - Pesan: {"nokartu":"636D7305","idchip":"16581755","nodevice":"2309MAS003","key":"1234567890987654321","ipa":"10.10.10.239"}
[2025-08-27 12:26:20]
Berhasil merespon "dariMCU_2309MAS003" : {"respon":[{"id":"16581755","nodevice":"2309MAS003","message":"BMPE","info":"Sasetyo--Berhasil Presensi -Mulai-","nokartu":"636D7305"}]}
Berhasil kirim balasan ke "responServer_2309MAS003"

[2025-08-27 12:26:23]
Menerima pesan dari: dariMCU_2309MAS003 - Pesan: {"nokartu":"636D7305","idchip":"16581755","nodevice":"2309MAS003","key":"1234567890987654321","ipa":"10.10.10.239"}
[2025-08-27 12:26:23]
Berhasil merespon "dariMCU_2309MAS003" : {"respon":[{"id":"16581755","nodevice":"2309MAS003","message":"510","info":"Sasetyo--TERCATAT! 3 dtk lalu","nokartu":"636D7305"}]}
Berhasil kirim balasan ke "responServer_2309MAS003"

[2025-08-27 12:26:27]
Menerima pesan dari: dariMCU_2309MAS003 - Pesan: {"nokartu":"4AFEDF3E","idchip":"16581755","nodevice":"2309MAS003","key":"1234567890987654321","ipa":"10.10.10.239"}
[2025-08-27 12:26:27]
Berhasil merespon "dariMCU_2309MAS003" : {"respon":[{"id":"16581755","nodevice":"2309MAS003","message":"IDTT","info":"Kartu ID ini--belum terdaftar","nokartu":"4AFEDF3E"}]}
Berhasil kirim balasan ke "responServer_2309MAS003"

[2025-08-27 12:26:32]
Menerima pesan dari: dariMCU_2309MAS003 - Pesan: {"nokartu":"4AFEDF3E","idchip":"16581755","nodevice":"2309MAS003","key":"1234567890987654321","ipa":"10.10.10.239"}
[2025-08-27 12:26:32]
Berhasil merespon "dariMCU_2309MAS003" : {"respon":[{"id":"16581755","nodevice":"2309MAS003","message":"IDTT","info":"Kartu ID ini--belum terdaftar","nokartu":"4AFEDF3E"}]}
Berhasil kirim balasan ke "responServer_2309MAS003"

[2025-08-27 12:36:49]
Menerima pesan dari: dariMCU_2309MAS003 - Pesan: {"nokartu":"03C816FE","idchip":"16581755","nodevice":"2309MAS003","key":"1234567890987654321","ipa":"10.10.10.239"}
[2025-08-27 12:36:49]
Berhasil merespon "dariMCU_2309MAS003" : {"respon":[{"id":"16581755","nodevice":"2309MAS003","message":"BMPE","info":"Nauval Wahyu Dwi Prastyo--Berhasil Presensi -Mulai-","nokartu":"03C816FE"}]}
Berhasil kirim balasan ke "responServer_2309MAS003"

[2025-08-27 12:36:53]
Menerima pesan dari: dariMCU_2309MAS003 - Pesan: {"nokartu":"03C816FE","idchip":"16581755","nodevice":"2309MAS003","key":"1234567890987654321","ipa":"10.10.10.239"}
[2025-08-27 12:36:53]
Berhasil merespon "dariMCU_2309MAS003" : {"respon":[{"id":"16581755","nodevice":"2309MAS003","message":"510","info":"Nauval Wahyu Dwi Prastyo--TERCATAT! 4 dtk lalu","nokartu":"03C816FE"}]}
Berhasil kirim balasan ke "responServer_2309MAS003"

[2025-08-27 12:36:54]
Menerima pesan dari: dariMCU_2309MAS003 - Pesan: {"nokartu":"C3AC23FF","idchip":"16581755","nodevice":"2309MAS003","key":"1234567890987654321","ipa":"10.10.10.239"}
[2025-08-27 12:36:54]
Berhasil merespon "dariMCU_2309MAS003" : {"respon":[{"id":"16581755","nodevice":"2309MAS003","message":"BMPE","info":"Redapa Ardiyansah--Berhasil Presensi -Mulai-","nokartu":"C3AC23FF"}]}
Berhasil kirim balasan ke "responServer_2309MAS003"

[2025-08-27 12:36:59]
Menerima pesan dari: dariMCU_2309MAS003 - Pesan: {"nokartu":"132634FF","idchip":"16581755","nodevice":"2309MAS003","key":"1234567890987654321","ipa":"10.10.10.239"}
[2025-08-27 12:36:59]
Berhasil merespon "dariMCU_2309MAS003" : {"respon":[{"id":"16581755","nodevice":"2309MAS003","message":"BMPE","info":"Aqila Ferdian Pratama--Berhasil Presensi -Mulai-","nokartu":"132634FF"}]}
Berhasil kirim balasan ke "responServer_2309MAS003"

[2025-08-27 12:37:00]
Menerima pesan dari: dariMCU_2309MAS003 - Pesan: {"nokartu":"132634FF","idchip":"16581755","nodevice":"2309MAS003","key":"1234567890987654321","ipa":"10.10.10.239"}
[2025-08-27 12:37:00]
Berhasil merespon "dariMCU_2309MAS003" : {"respon":[{"id":"16581755","nodevice":"2309MAS003","message":"510","info":"Aqila Ferdian Pratama--TERCATAT! 1 dtk lalu","nokartu":"132634FF"}]}
Berhasil kirim balasan ke "responServer_2309MAS003"

[2025-08-27 12:51:52]
Menerima pesan dari: dariMCU_2309MAS003 - Pesan: {"nokartu":"03807505","idchip":"16581755","nodevice":"2309MAS003","key":"1234567890987654321","ipa":"10.10.10.239"}
[2025-08-27 12:51:52]
Berhasil merespon "dariMCU_2309MAS003" : {"respon":[{"id":"16581755","nodevice":"2309MAS003","message":"BMPE","info":"Muhammad Khairurasyid--Berhasil Presensi -Mulai-","nokartu":"03807505"}]}
Berhasil kirim balasan ke "responServer_2309MAS003"

[2025-08-27 12:51:53]
Menerima pesan dari: dariMCU_2309MAS003 - Pesan: {"nokartu":"188235E28DFA86","idchip":"16581755","nodevice":"2309MAS003","key":"1234567890987654321","ipa":"10.10.10.239"}
[2025-08-27 12:51:53]
Berhasil merespon "dariMCU_2309MAS003" : {"respon":[{"id":"16581755","nodevice":"2309MAS003","message":"IDTT","info":"Kartu ID ini--belum terdaftar","nokartu":"188235E28DFA86"}]}
Berhasil kirim balasan ke "responServer_2309MAS003"

[2025-08-27 12:51:57]
Menerima pesan dari: dariMCU_2309MAS003 - Pesan: {"nokartu":"03807505","idchip":"16581755","nodevice":"2309MAS003","key":"1234567890987654321","ipa":"10.10.10.239"}
[2025-08-27 12:51:57]
Berhasil merespon "dariMCU_2309MAS003" : {"respon":[{"id":"16581755","nodevice":"2309MAS003","message":"510","info":"Muhammad Khairurasyid--TERCATAT! 5 dtk lalu","nokartu":"03807505"}]}
Berhasil kirim balasan ke "responServer_2309MAS003"

[2025-08-27 12:53:22]
Menerima pesan dari: dariMCU_2309MAS003 - Pesan: {"nokartu":"C3A01AFE","idchip":"16581755","nodevice":"2309MAS003","key":"1234567890987654321","ipa":"10.10.10.239"}
[2025-08-27 12:53:22]
Berhasil merespon "dariMCU_2309MAS003" : {"respon":[{"id":"16581755","nodevice":"2309MAS003","message":"BMPE","info":"Dini Dwi Ariyanti--Berhasil Presensi -Mulai-","nokartu":"C3A01AFE"}]}
Berhasil kirim balasan ke "responServer_2309MAS003"

[2025-08-27 12:56:06]
Menerima pesan dari: dariMCU_2309MAS003 - Pesan: {"nokartu":"F3F66905","idchip":"16581755","nodevice":"2309MAS003","key":"1234567890987654321","ipa":"10.10.10.239"}
[2025-08-27 12:56:06]
Berhasil merespon "dariMCU_2309MAS003" : {"respon":[{"id":"16581755","nodevice":"2309MAS003","message":"BMPE","info":"Agil Bayu Nugroho--Berhasil Presensi -Mulai-","nokartu":"F3F66905"}]}
Berhasil kirim balasan ke "responServer_2309MAS003"

[2025-08-27 12:56:09]
Menerima pesan dari: dariMCU_2309MAS003 - Pesan: {"nokartu":"F3F66905","idchip":"16581755","nodevice":"2309MAS003","key":"1234567890987654321","ipa":"10.10.10.239"}
[2025-08-27 12:56:09]
Berhasil merespon "dariMCU_2309MAS003" : {"respon":[{"id":"16581755","nodevice":"2309MAS003","message":"510","info":"Agil Bayu Nugroho--TERCATAT! 3 dtk lalu","nokartu":"F3F66905"}]}
Berhasil kirim balasan ke "responServer_2309MAS003"

[2025-08-27 12:56:13]
Menerima pesan dari: dariMCU_2309MAS003 - Pesan: {"nokartu":"13EB7505","idchip":"16581755","nodevice":"2309MAS003","key":"1234567890987654321","ipa":"10.10.10.239"}
[2025-08-27 12:56:13]
Berhasil merespon "dariMCU_2309MAS003" : {"respon":[{"id":"16581755","nodevice":"2309MAS003","message":"BMPE","info":"Agus Setiawan--Berhasil Presensi -Mulai-","nokartu":"13EB7505"}]}
Berhasil kirim balasan ke "responServer_2309MAS003"

[2025-08-27 13:00:16]
Menerima pesan dari: dariMCU_2309MAS003 - Pesan: {"nokartu":"13EB7505","idchip":"16581755","nodevice":"2309MAS003","key":"1234567890987654321","ipa":"10.10.10.239"}
[2025-08-27 13:00:16]
Berhasil merespon "dariMCU_2309MAS003" : {"respon":[{"id":"16581755","nodevice":"2309MAS003","message":"BPSE","info":"Agus Setiawan--Berhasil Presensi -Selesai-","nokartu":"13EB7505"}]}
Berhasil kirim balasan ke "responServer_2309MAS003"

[2025-08-27 13:08:13]
Menerima pesan dari: dariMCU_2309MAS003 - Pesan: {"nokartu":"43D72AFF","idchip":"16581755","nodevice":"2309MAS003","key":"1234567890987654321","ipa":"10.10.10.239"}
[2025-08-27 13:08:13]
Berhasil merespon "dariMCU_2309MAS003" : {"respon":[{"id":"16581755","nodevice":"2309MAS003","message":"BMPE","info":"Resa Dwi Cahyani--Berhasil Presensi -Mulai-","nokartu":"43D72AFF"}]}
Berhasil kirim balasan ke "responServer_2309MAS003"

[2025-08-27 13:08:17]
Menerima pesan dari: dariMCU_2309MAS003 - Pesan: {"nokartu":"43D72AFF","idchip":"16581755","nodevice":"2309MAS003","key":"1234567890987654321","ipa":"10.10.10.239"}
[2025-08-27 13:08:17]
Berhasil merespon "dariMCU_2309MAS003" : {"respon":[{"id":"16581755","nodevice":"2309MAS003","message":"510","info":"Resa Dwi Cahyani--TERCATAT! 4 dtk lalu","nokartu":"43D72AFF"}]}
Berhasil kirim balasan ke "responServer_2309MAS003"

[2025-08-27 13:08:21]
Menerima pesan dari: dariMCU_2309MAS003 - Pesan: {"nokartu":"53802FFF","idchip":"16581755","nodevice":"2309MAS003","key":"1234567890987654321","ipa":"10.10.10.239"}
[2025-08-27 13:08:21]
Berhasil merespon "dariMCU_2309MAS003" : {"respon":[{"id":"16581755","nodevice":"2309MAS003","message":"BMPE","info":"Fatimatuzzahro--Berhasil Presensi -Mulai-","nokartu":"53802FFF"}]}
Berhasil kirim balasan ke "responServer_2309MAS003"

[2025-08-27 13:08:26]
Menerima pesan dari: dariMCU_2309MAS003 - Pesan: {"nokartu":"C3BB21FF","idchip":"16581755","nodevice":"2309MAS003","key":"1234567890987654321","ipa":"10.10.10.239"}
[2025-08-27 13:08:26]
Berhasil merespon "dariMCU_2309MAS003" : {"respon":[{"id":"16581755","nodevice":"2309MAS003","message":"BMPE","info":"Nathania Cesya Salsabila--Berhasil Presensi -Mulai-","nokartu":"C3BB21FF"}]}
Berhasil kirim balasan ke "responServer_2309MAS003"

[2025-08-27 13:08:29]
Menerima pesan dari: dariMCU_2309MAS003 - Pesan: {"nokartu":"C3BB21FF","idchip":"16581755","nodevice":"2309MAS003","key":"1234567890987654321","ipa":"10.10.10.239"}
[2025-08-27 13:08:29]
Berhasil merespon "dariMCU_2309MAS003" : {"respon":[{"id":"16581755","nodevice":"2309MAS003","message":"510","info":"Nathania Cesya Salsabila--TERCATAT! 3 dtk lalu","nokartu":"C3BB21FF"}]}
Berhasil kirim balasan ke "responServer_2309MAS003"

[2025-08-27 13:08:30]
Menerima pesan dari: dariMCU_2309MAS003 - Pesan: {"nokartu":"C3BB21FF","idchip":"16581755","nodevice":"2309MAS003","key":"1234567890987654321","ipa":"10.10.10.239"}
[2025-08-27 13:08:30]
Berhasil merespon "dariMCU_2309MAS003" : {"respon":[{"id":"16581755","nodevice":"2309MAS003","message":"510","info":"Nathania Cesya Salsabila--TERCATAT! 4 dtk lalu","nokartu":"C3BB21FF"}]}
Berhasil kirim balasan ke "responServer_2309MAS003"

[2025-08-27 13:09:41]
Menerima pesan dari: dariMCU_2309MAS003 - Pesan: {"nokartu":"53A67F05","idchip":"16581755","nodevice":"2309MAS003","key":"1234567890987654321","ipa":"10.10.10.239"}
[2025-08-27 13:09:41]
Berhasil merespon "dariMCU_2309MAS003" : {"respon":[{"id":"16581755","nodevice":"2309MAS003","message":"BMPE","info":"Calista Dewi Octavia--Berhasil Presensi -Mulai-","nokartu":"53A67F05"}]}
Berhasil kirim balasan ke "responServer_2309MAS003"

[2025-08-27 13:09:45]
Menerima pesan dari: dariMCU_2309MAS003 - Pesan: {"nokartu":"53A67F05","idchip":"16581755","nodevice":"2309MAS003","key":"1234567890987654321","ipa":"10.10.10.239"}
[2025-08-27 13:09:45]
Berhasil merespon "dariMCU_2309MAS003" : {"respon":[{"id":"16581755","nodevice":"2309MAS003","message":"510","info":"Calista Dewi Octavia--TERCATAT! 4 dtk lalu","nokartu":"53A67F05"}]}
Berhasil kirim balasan ke "responServer_2309MAS003"

