[2025-10-13 11:55:27]
Menerima pesan dari: dariMCU_2309MAS003 - Pesan: {"nokartu":"43836BE4","idchip":"16581755","nodevice":"2309MAS003","key":"1234567890987654321","ipa":"10.10.1.23"}
[2025-10-13 11:55:27]
Berhasil merespon "dariMCU_2309MAS003" : {"respon":[{"id":"16581755","nodevice":"2309MAS003","message":"BMPE","info":"Alfiana Rizka Khoirunnisa --Berhasil Presensi -Mulai-","nokartu":"43836BE4"}]}
Berhasil kirim balasan ke "responServer_2309MAS003"

[2025-10-13 11:55:31]
Menerima pesan dari: dariMCU_2309MAS003 - Pesan: {"nokartu":"43836BE4","idchip":"16581755","nodevice":"2309MAS003","key":"1234567890987654321","ipa":"10.10.1.23"}
[2025-10-13 11:55:31]
Berhasil merespon "dariMCU_2309MAS003" : {"respon":[{"id":"16581755","nodevice":"2309MAS003","message":"510","info":"Alfiana Rizka Khoirunnisa --TERCATAT! 4 dtk lalu","nokartu":"43836BE4"}]}
Berhasil kirim balasan ke "responServer_2309MAS003"

[2025-10-13 11:58:04]
Menerima pesan dari: dariMCU_2309MAS003 - Pesan: {"nokartu":"431D6905","idchip":"16581755","nodevice":"2309MAS003","key":"1234567890987654321","ipa":"10.10.1.23"}
[2025-10-13 11:58:04]
Berhasil merespon "dariMCU_2309MAS003" : {"respon":[{"id":"16581755","nodevice":"2309MAS003","message":"BMPE","info":"Fadila Aulya Rahma--Berhasil Presensi -Mulai-","nokartu":"431D6905"}]}
Berhasil kirim balasan ke "responServer_2309MAS003"

[2025-10-13 11:58:09]
Menerima pesan dari: dariMCU_2309MAS003 - Pesan: {"nokartu":"33126905","idchip":"16581755","nodevice":"2309MAS003","key":"1234567890987654321","ipa":"10.10.1.23"}
[2025-10-13 11:58:09]
Berhasil merespon "dariMCU_2309MAS003" : {"respon":[{"id":"16581755","nodevice":"2309MAS003","message":"BMPE","info":"Dinda Putri Nabila--Berhasil Presensi -Mulai-","nokartu":"33126905"}]}
Berhasil kirim balasan ke "responServer_2309MAS003"

[2025-10-13 11:58:13]
Menerima pesan dari: dariMCU_2309MAS003 - Pesan: {"nokartu":"73C80AFE","idchip":"16581755","nodevice":"2309MAS003","key":"1234567890987654321","ipa":"10.10.1.23"}
[2025-10-13 11:58:13]
Berhasil merespon "dariMCU_2309MAS003" : {"respon":[{"id":"16581755","nodevice":"2309MAS003","message":"BMPE","info":"Nasywa Azzahra Ekaputri--Berhasil Presensi -Mulai-","nokartu":"73C80AFE"}]}
Berhasil kirim balasan ke "responServer_2309MAS003"

[2025-10-13 11:58:16]
Menerima pesan dari: dariMCU_2309MAS003 - Pesan: {"nokartu":"73C80AFE","idchip":"16581755","nodevice":"2309MAS003","key":"1234567890987654321","ipa":"10.10.1.23"}
[2025-10-13 11:58:16]
Berhasil merespon "dariMCU_2309MAS003" : {"respon":[{"id":"16581755","nodevice":"2309MAS003","message":"510","info":"Nasywa Azzahra Ekaputri--TERCATAT! 3 dtk lalu","nokartu":"73C80AFE"}]}
Berhasil kirim balasan ke "responServer_2309MAS003"

[2025-10-13 12:04:21]
Menerima pesan dari: dariMCU_2309MAS003 - Pesan: {"nokartu":"733D32FF","idchip":"16581755","nodevice":"2309MAS003","key":"1234567890987654321","ipa":"10.10.1.23"}
[2025-10-13 12:04:21]
Berhasil merespon "dariMCU_2309MAS003" : {"respon":[{"id":"16581755","nodevice":"2309MAS003","message":"BMPE","info":"Hafidz Maulana Akbar--Berhasil Presensi -Mulai-","nokartu":"733D32FF"}]}
Berhasil kirim balasan ke "responServer_2309MAS003"

[2025-10-13 12:04:25]
Menerima pesan dari: dariMCU_2309MAS003 - Pesan: {"nokartu":"733D32FF","idchip":"16581755","nodevice":"2309MAS003","key":"1234567890987654321","ipa":"10.10.1.23"}
[2025-10-13 12:04:25]
Berhasil merespon "dariMCU_2309MAS003" : {"respon":[{"id":"16581755","nodevice":"2309MAS003","message":"510","info":"Hafidz Maulana Akbar--TERCATAT! 4 dtk lalu","nokartu":"733D32FF"}]}
Berhasil kirim balasan ke "responServer_2309MAS003"

[2025-10-13 12:04:38]
Menerima pesan dari: dariMCU_2309MAS003 - Pesan: {"nokartu":"B30123FF","idchip":"16581755","nodevice":"2309MAS003","key":"1234567890987654321","ipa":"10.10.1.23"}
[2025-10-13 12:04:38]
Berhasil merespon "dariMCU_2309MAS003" : {"respon":[{"id":"16581755","nodevice":"2309MAS003","message":"BMPE","info":"Raysha Novasera--Berhasil Presensi -Mulai-","nokartu":"B30123FF"}]}
Berhasil kirim balasan ke "responServer_2309MAS003"

[2025-10-13 12:04:41]
Menerima pesan dari: dariMCU_2309MAS003 - Pesan: {"nokartu":"B30123FF","idchip":"16581755","nodevice":"2309MAS003","key":"1234567890987654321","ipa":"10.10.1.23"}
[2025-10-13 12:04:41]
Berhasil merespon "dariMCU_2309MAS003" : {"respon":[{"id":"16581755","nodevice":"2309MAS003","message":"510","info":"Raysha Novasera--TERCATAT! 3 dtk lalu","nokartu":"B30123FF"}]}
Berhasil kirim balasan ke "responServer_2309MAS003"

[2025-10-13 12:05:40]
Menerima pesan dari: dariMCU_2309MAS003 - Pesan: {"nokartu":"83841703","idchip":"16581755","nodevice":"2309MAS003","key":"1234567890987654321","ipa":"10.10.1.23"}
[2025-10-13 12:05:40]
Berhasil merespon "dariMCU_2309MAS003" : {"respon":[{"id":"16581755","nodevice":"2309MAS003","message":"BMPE","info":"Siska Wahyu Pratiwi--Berhasil Presensi -Mulai-","nokartu":"83841703"}]}
Berhasil kirim balasan ke "responServer_2309MAS003"

[2025-10-13 12:05:44]
Menerima pesan dari: dariMCU_2309MAS003 - Pesan: {"nokartu":"83841703","idchip":"16581755","nodevice":"2309MAS003","key":"1234567890987654321","ipa":"10.10.1.23"}
[2025-10-13 12:05:44]
Berhasil merespon "dariMCU_2309MAS003" : {"respon":[{"id":"16581755","nodevice":"2309MAS003","message":"510","info":"Siska Wahyu Pratiwi--TERCATAT! 4 dtk lalu","nokartu":"83841703"}]}
Berhasil kirim balasan ke "responServer_2309MAS003"

[2025-10-13 12:05:45]
Menerima pesan dari: dariMCU_2309MAS003 - Pesan: {"nokartu":"83841703","idchip":"16581755","nodevice":"2309MAS003","key":"1234567890987654321","ipa":"10.10.1.23"}
[2025-10-13 12:05:45]
Berhasil merespon "dariMCU_2309MAS003" : {"respon":[{"id":"16581755","nodevice":"2309MAS003","message":"510","info":"Siska Wahyu Pratiwi--TERCATAT! 5 dtk lalu","nokartu":"83841703"}]}
Berhasil kirim balasan ke "responServer_2309MAS003"

[2025-10-13 12:06:00]
Menerima pesan dari: dariMCU_2309MAS003 - Pesan: {"nokartu":"B33018FE","idchip":"16581755","nodevice":"2309MAS003","key":"1234567890987654321","ipa":"10.10.1.23"}
[2025-10-13 12:06:00]
Berhasil merespon "dariMCU_2309MAS003" : {"respon":[{"id":"16581755","nodevice":"2309MAS003","message":"BMPE","info":"Aulia Qotrunada--Berhasil Presensi -Mulai-","nokartu":"B33018FE"}]}
Berhasil kirim balasan ke "responServer_2309MAS003"

[2025-10-13 12:06:04]
Menerima pesan dari: dariMCU_2309MAS003 - Pesan: {"nokartu":"23C704FE","idchip":"16581755","nodevice":"2309MAS003","key":"1234567890987654321","ipa":"10.10.1.23"}
[2025-10-13 12:06:04]
Berhasil merespon "dariMCU_2309MAS003" : {"respon":[{"id":"16581755","nodevice":"2309MAS003","message":"BMPE","info":"Novita Dina Aulia--Berhasil Presensi -Mulai-","nokartu":"23C704FE"}]}
Berhasil kirim balasan ke "responServer_2309MAS003"

[2025-10-13 12:06:09]
Menerima pesan dari: dariMCU_2309MAS003 - Pesan: {"nokartu":"438818FE","idchip":"16581755","nodevice":"2309MAS003","key":"1234567890987654321","ipa":"10.10.1.23"}
[2025-10-13 12:06:09]
Berhasil merespon "dariMCU_2309MAS003" : {"respon":[{"id":"16581755","nodevice":"2309MAS003","message":"BMPE","info":"Nashendi Sabrina Shasa--Berhasil Presensi -Mulai-","nokartu":"438818FE"}]}
Berhasil kirim balasan ke "responServer_2309MAS003"

[2025-10-13 12:06:13]
Menerima pesan dari: dariMCU_2309MAS003 - Pesan: {"nokartu":"13E47B05","idchip":"16581755","nodevice":"2309MAS003","key":"1234567890987654321","ipa":"10.10.1.23"}
[2025-10-13 12:06:13]
Berhasil merespon "dariMCU_2309MAS003" : {"respon":[{"id":"16581755","nodevice":"2309MAS003","message":"BMPE","info":"Ata Amirulloh--Berhasil Presensi -Mulai-","nokartu":"13E47B05"}]}
Berhasil kirim balasan ke "responServer_2309MAS003"

[2025-10-13 12:06:17]
Menerima pesan dari: dariMCU_2309MAS003 - Pesan: {"nokartu":"13E47B05","idchip":"16581755","nodevice":"2309MAS003","key":"1234567890987654321","ipa":"10.10.1.23"}
[2025-10-13 12:06:17]
Berhasil merespon "dariMCU_2309MAS003" : {"respon":[{"id":"16581755","nodevice":"2309MAS003","message":"510","info":"Ata Amirulloh--TERCATAT! 4 dtk lalu","nokartu":"13E47B05"}]}
Berhasil kirim balasan ke "responServer_2309MAS003"

[2025-10-13 12:06:21]
Menerima pesan dari: dariMCU_2309MAS003 - Pesan: {"nokartu":"73CD31FF","idchip":"16581755","nodevice":"2309MAS003","key":"1234567890987654321","ipa":"10.10.1.23"}
[2025-10-13 12:06:21]
Berhasil merespon "dariMCU_2309MAS003" : {"respon":[{"id":"16581755","nodevice":"2309MAS003","message":"BMPE","info":"Silmi Zadina Hafsari--Berhasil Presensi -Mulai-","nokartu":"73CD31FF"}]}
Berhasil kirim balasan ke "responServer_2309MAS003"

[2025-10-13 12:06:26]
Menerima pesan dari: dariMCU_2309MAS003 - Pesan: {"nokartu":"137C14FF","idchip":"16581755","nodevice":"2309MAS003","key":"1234567890987654321","ipa":"10.10.1.23"}
[2025-10-13 12:06:26]
Berhasil merespon "dariMCU_2309MAS003" : {"respon":[{"id":"16581755","nodevice":"2309MAS003","message":"BMPE","info":"Restika--Berhasil Presensi -Mulai-","nokartu":"137C14FF"}]}
Berhasil kirim balasan ke "responServer_2309MAS003"

[2025-10-13 12:15:20]
Menerima pesan dari: dariMCU_2309MAS003 - Pesan: {"nokartu":"C3AC23FF","idchip":"16581755","nodevice":"2309MAS003","key":"1234567890987654321","ipa":"10.10.1.23"}
[2025-10-13 12:15:20]
Berhasil merespon "dariMCU_2309MAS003" : {"respon":[{"id":"16581755","nodevice":"2309MAS003","message":"BMPE","info":"Redapa Ardiyansah--Berhasil Presensi -Mulai-","nokartu":"C3AC23FF"}]}
Berhasil kirim balasan ke "responServer_2309MAS003"

[2025-10-13 12:15:24]
Menerima pesan dari: dariMCU_2309MAS003 - Pesan: {"nokartu":"C3AC23FF","idchip":"16581755","nodevice":"2309MAS003","key":"1234567890987654321","ipa":"10.10.1.23"}
[2025-10-13 12:15:24]
Berhasil merespon "dariMCU_2309MAS003" : {"respon":[{"id":"16581755","nodevice":"2309MAS003","message":"510","info":"Redapa Ardiyansah--TERCATAT! 4 dtk lalu","nokartu":"C3AC23FF"}]}
Berhasil kirim balasan ke "responServer_2309MAS003"

[2025-10-13 12:15:28]
Menerima pesan dari: dariMCU_2309MAS003 - Pesan: {"nokartu":"636D7305","idchip":"16581755","nodevice":"2309MAS003","key":"1234567890987654321","ipa":"10.10.1.23"}
[2025-10-13 12:15:28]
Berhasil merespon "dariMCU_2309MAS003" : {"respon":[{"id":"16581755","nodevice":"2309MAS003","message":"BMPE","info":"Sasetyo--Berhasil Presensi -Mulai-","nokartu":"636D7305"}]}
Berhasil kirim balasan ke "responServer_2309MAS003"

[2025-10-13 12:15:34]
Menerima pesan dari: dariMCU_2309MAS003 - Pesan: {"nokartu":"636D7305","idchip":"16581755","nodevice":"2309MAS003","key":"1234567890987654321","ipa":"10.10.1.23"}
[2025-10-13 12:15:34]
Berhasil merespon "dariMCU_2309MAS003" : {"respon":[{"id":"16581755","nodevice":"2309MAS003","message":"510","info":"Sasetyo--TERCATAT! 6 dtk lalu","nokartu":"636D7305"}]}
Berhasil kirim balasan ke "responServer_2309MAS003"

[2025-10-13 12:15:38]
Menerima pesan dari: dariMCU_2309MAS003 - Pesan: {"nokartu":"13EB7505","idchip":"16581755","nodevice":"2309MAS003","key":"1234567890987654321","ipa":"10.10.1.23"}
[2025-10-13 12:15:38]
Berhasil merespon "dariMCU_2309MAS003" : {"respon":[{"id":"16581755","nodevice":"2309MAS003","message":"BMPE","info":"Agus Setiawan--Berhasil Presensi -Mulai-","nokartu":"13EB7505"}]}
Berhasil kirim balasan ke "responServer_2309MAS003"

[2025-10-13 12:15:42]
Menerima pesan dari: dariMCU_2309MAS003 - Pesan: {"nokartu":"13EB7505","idchip":"16581755","nodevice":"2309MAS003","key":"1234567890987654321","ipa":"10.10.1.23"}
[2025-10-13 12:15:42]
Berhasil merespon "dariMCU_2309MAS003" : {"respon":[{"id":"16581755","nodevice":"2309MAS003","message":"510","info":"Agus Setiawan--TERCATAT! 4 dtk lalu","nokartu":"13EB7505"}]}
Berhasil kirim balasan ke "responServer_2309MAS003"

[2025-10-13 12:15:50]
Menerima pesan dari: dariMCU_2309MAS003 - Pesan: {"nokartu":"D32434FF","idchip":"16581755","nodevice":"2309MAS003","key":"1234567890987654321","ipa":"10.10.1.23"}
[2025-10-13 12:15:50]
Berhasil merespon "dariMCU_2309MAS003" : {"respon":[{"id":"16581755","nodevice":"2309MAS003","message":"BMPE","info":"Muhamad Ulil Albab--Berhasil Presensi -Mulai-","nokartu":"D32434FF"}]}
Berhasil kirim balasan ke "responServer_2309MAS003"

[2025-10-13 12:15:51]
Menerima pesan dari: dariMCU_2309MAS003 - Pesan: {"nokartu":"D32434FF","idchip":"16581755","nodevice":"2309MAS003","key":"1234567890987654321","ipa":"10.10.1.23"}
[2025-10-13 12:15:51]
Berhasil merespon "dariMCU_2309MAS003" : {"respon":[{"id":"16581755","nodevice":"2309MAS003","message":"510","info":"Muhamad Ulil Albab--TERCATAT! 1 dtk lalu","nokartu":"D32434FF"}]}
Berhasil kirim balasan ke "responServer_2309MAS003"

[2025-10-13 12:15:58]
Menerima pesan dari: dariMCU_2309MAS003 - Pesan: {"nokartu":"83EC7605","idchip":"16581755","nodevice":"2309MAS003","key":"1234567890987654321","ipa":"10.10.1.23"}
[2025-10-13 12:15:58]
Berhasil merespon "dariMCU_2309MAS003" : {"respon":[{"id":"16581755","nodevice":"2309MAS003","message":"BMPE","info":"Rahmatullah Ramadani--Berhasil Presensi -Mulai-","nokartu":"83EC7605"}]}
Berhasil kirim balasan ke "responServer_2309MAS003"

[2025-10-13 12:15:59]
Menerima pesan dari: dariMCU_2309MAS003 - Pesan: {"nokartu":"132634FF","idchip":"16581755","nodevice":"2309MAS003","key":"1234567890987654321","ipa":"10.10.1.23"}
[2025-10-13 12:15:59]
Berhasil merespon "dariMCU_2309MAS003" : {"respon":[{"id":"16581755","nodevice":"2309MAS003","message":"BMPE","info":"Aqila Ferdian Pratama--Berhasil Presensi -Mulai-","nokartu":"132634FF"}]}
Berhasil kirim balasan ke "responServer_2309MAS003"

[2025-10-13 12:16:06]
Menerima pesan dari: dariMCU_2309MAS003 - Pesan: {"nokartu":"03D0D7E2","idchip":"16581755","nodevice":"2309MAS003","key":"1234567890987654321","ipa":"10.10.1.23"}
[2025-10-13 12:16:06]
Berhasil merespon "dariMCU_2309MAS003" : {"respon":[{"id":"16581755","nodevice":"2309MAS003","message":"BMPE","info":"Putra Fajar Noviyanto--Berhasil Presensi -Mulai-","nokartu":"03D0D7E2"}]}
Berhasil kirim balasan ke "responServer_2309MAS003"

[2025-10-13 12:16:07]
Menerima pesan dari: dariMCU_2309MAS003 - Pesan: {"nokartu":"03D0D7E2","idchip":"16581755","nodevice":"2309MAS003","key":"1234567890987654321","ipa":"10.10.1.23"}
[2025-10-13 12:16:07]
Berhasil merespon "dariMCU_2309MAS003" : {"respon":[{"id":"16581755","nodevice":"2309MAS003","message":"510","info":"Putra Fajar Noviyanto--TERCATAT! 1 dtk lalu","nokartu":"03D0D7E2"}]}
Berhasil kirim balasan ke "responServer_2309MAS003"

[2025-10-13 12:16:12]
Menerima pesan dari: dariMCU_2309MAS003 - Pesan: {"nokartu":"83074105","idchip":"16581755","nodevice":"2309MAS003","key":"1234567890987654321","ipa":"10.10.1.23"}
[2025-10-13 12:16:12]
Berhasil merespon "dariMCU_2309MAS003" : {"respon":[{"id":"16581755","nodevice":"2309MAS003","message":"BMPE","info":"Bika Argo Cahyo Atmuji--Berhasil Presensi -Mulai-","nokartu":"83074105"}]}
Berhasil kirim balasan ke "responServer_2309MAS003"

[2025-10-13 12:16:15]
Menerima pesan dari: dariMCU_2309MAS003 - Pesan: {"nokartu":"83074105","idchip":"16581755","nodevice":"2309MAS003","key":"1234567890987654321","ipa":"10.10.1.23"}
[2025-10-13 12:16:15]
Berhasil merespon "dariMCU_2309MAS003" : {"respon":[{"id":"16581755","nodevice":"2309MAS003","message":"510","info":"Bika Argo Cahyo Atmuji--TERCATAT! 3 dtk lalu","nokartu":"83074105"}]}
Berhasil kirim balasan ke "responServer_2309MAS003"

[2025-10-13 12:16:16]
Menerima pesan dari: dariMCU_2309MAS003 - Pesan: {"nokartu":"73DD16FE","idchip":"16581755","nodevice":"2309MAS003","key":"1234567890987654321","ipa":"10.10.1.23"}
[2025-10-13 12:16:16]
Berhasil merespon "dariMCU_2309MAS003" : {"respon":[{"id":"16581755","nodevice":"2309MAS003","message":"BMPE","info":"Malik Fatah--Berhasil Presensi -Mulai-","nokartu":"73DD16FE"}]}
Berhasil kirim balasan ke "responServer_2309MAS003"

[2025-10-13 12:16:21]
Menerima pesan dari: dariMCU_2309MAS003 - Pesan: {"nokartu":"939F2FFF","idchip":"16581755","nodevice":"2309MAS003","key":"1234567890987654321","ipa":"10.10.1.23"}
[2025-10-13 12:16:21]
Berhasil merespon "dariMCU_2309MAS003" : {"respon":[{"id":"16581755","nodevice":"2309MAS003","message":"BMPE","info":"Hafid Andira--Berhasil Presensi -Mulai-","nokartu":"939F2FFF"}]}
Berhasil kirim balasan ke "responServer_2309MAS003"

[2025-10-13 12:16:25]
Menerima pesan dari: dariMCU_2309MAS003 - Pesan: {"nokartu":"939F2FFF","idchip":"16581755","nodevice":"2309MAS003","key":"1234567890987654321","ipa":"10.10.1.23"}
[2025-10-13 12:16:25]
Berhasil merespon "dariMCU_2309MAS003" : {"respon":[{"id":"16581755","nodevice":"2309MAS003","message":"510","info":"Hafid Andira--TERCATAT! 4 dtk lalu","nokartu":"939F2FFF"}]}
Berhasil kirim balasan ke "responServer_2309MAS003"

[2025-10-13 12:16:26]
Menerima pesan dari: dariMCU_2309MAS003 - Pesan: {"nokartu":"43C30DFE","idchip":"16581755","nodevice":"2309MAS003","key":"1234567890987654321","ipa":"10.10.1.23"}
[2025-10-13 12:16:26]
Berhasil merespon "dariMCU_2309MAS003" : {"respon":[{"id":"16581755","nodevice":"2309MAS003","message":"BMPE","info":"Muhamad Saroful Anam--Berhasil Presensi -Mulai-","nokartu":"43C30DFE"}]}
Berhasil kirim balasan ke "responServer_2309MAS003"

[2025-10-13 12:16:30]
Menerima pesan dari: dariMCU_2309MAS003 - Pesan: {"nokartu":"134A16FF","idchip":"16581755","nodevice":"2309MAS003","key":"1234567890987654321","ipa":"10.10.1.23"}
[2025-10-13 12:16:30]
Berhasil merespon "dariMCU_2309MAS003" : {"respon":[{"id":"16581755","nodevice":"2309MAS003","message":"BMPE","info":"Geordy Muhammad Chudzori--Berhasil Presensi -Mulai-","nokartu":"134A16FF"}]}
Berhasil kirim balasan ke "responServer_2309MAS003"

[2025-10-13 12:16:31]
Menerima pesan dari: dariMCU_2309MAS003 - Pesan: {"nokartu":"134A16FF","idchip":"16581755","nodevice":"2309MAS003","key":"1234567890987654321","ipa":"10.10.1.23"}
[2025-10-13 12:16:31]
Berhasil merespon "dariMCU_2309MAS003" : {"respon":[{"id":"16581755","nodevice":"2309MAS003","message":"510","info":"Geordy Muhammad Chudzori--TERCATAT! 1 dtk lalu","nokartu":"134A16FF"}]}
Berhasil kirim balasan ke "responServer_2309MAS003"

[2025-10-13 12:16:35]
Menerima pesan dari: dariMCU_2309MAS003 - Pesan: {"nokartu":"C3FE1EFF","idchip":"16581755","nodevice":"2309MAS003","key":"1234567890987654321","ipa":"10.10.1.23"}
[2025-10-13 12:16:35]
Berhasil merespon "dariMCU_2309MAS003" : {"respon":[{"id":"16581755","nodevice":"2309MAS003","message":"BMPE","info":"Fernandi Ramadhan Dwiki Dharmawan--Berhasil Presensi -Mulai-","nokartu":"C3FE1EFF"}]}
Berhasil kirim balasan ke "responServer_2309MAS003"

[2025-10-13 12:16:39]
Menerima pesan dari: dariMCU_2309MAS003 - Pesan: {"nokartu":"C3FE1EFF","idchip":"16581755","nodevice":"2309MAS003","key":"1234567890987654321","ipa":"10.10.1.23"}
[2025-10-13 12:16:39]
Berhasil merespon "dariMCU_2309MAS003" : {"respon":[{"id":"16581755","nodevice":"2309MAS003","message":"510","info":"Fernandi Ramadhan Dwiki Dharmawan--TERCATAT! 4 dtk lalu","nokartu":"C3FE1EFF"}]}
Berhasil kirim balasan ke "responServer_2309MAS003"

[2025-10-13 12:16:43]
Menerima pesan dari: dariMCU_2309MAS003 - Pesan: {"nokartu":"13EB7505","idchip":"16581755","nodevice":"2309MAS003","key":"1234567890987654321","ipa":"10.10.1.23"}
[2025-10-13 12:16:43]
Berhasil merespon "dariMCU_2309MAS003" : {"respon":[{"id":"16581755","nodevice":"2309MAS003","message":"510","info":"Agus Setiawan--TERCATAT! 65 dtk lalu","nokartu":"13EB7505"}]}
Berhasil kirim balasan ke "responServer_2309MAS003"

[2025-10-13 12:16:49]
Menerima pesan dari: dariMCU_2309MAS003 - Pesan: {"nokartu":"83A04B05","idchip":"16581755","nodevice":"2309MAS003","key":"1234567890987654321","ipa":"10.10.1.23"}
[2025-10-13 12:16:49]
Berhasil merespon "dariMCU_2309MAS003" : {"respon":[{"id":"16581755","nodevice":"2309MAS003","message":"BMPE","info":"Desta Ranayuda--Berhasil Presensi -Mulai-","nokartu":"83A04B05"}]}
Berhasil kirim balasan ke "responServer_2309MAS003"

[2025-10-13 12:16:50]
Menerima pesan dari: dariMCU_2309MAS003 - Pesan: {"nokartu":"83A04B05","idchip":"16581755","nodevice":"2309MAS003","key":"1234567890987654321","ipa":"10.10.1.23"}
[2025-10-13 12:16:50]
Berhasil merespon "dariMCU_2309MAS003" : {"respon":[{"id":"16581755","nodevice":"2309MAS003","message":"510","info":"Desta Ranayuda--TERCATAT! 1 dtk lalu","nokartu":"83A04B05"}]}
Berhasil kirim balasan ke "responServer_2309MAS003"

[2025-10-13 12:16:53]
Menerima pesan dari: dariMCU_2309MAS003 - Pesan: {"nokartu":"033B10FE","idchip":"16581755","nodevice":"2309MAS003","key":"1234567890987654321","ipa":"10.10.1.23"}
[2025-10-13 12:16:53]
Berhasil merespon "dariMCU_2309MAS003" : {"respon":[{"id":"16581755","nodevice":"2309MAS003","message":"BMPE","info":"Dyah Ayu Riyanti--Berhasil Presensi -Mulai-","nokartu":"033B10FE"}]}
Berhasil kirim balasan ke "responServer_2309MAS003"

[2025-10-13 12:16:57]
Menerima pesan dari: dariMCU_2309MAS003 - Pesan: {"nokartu":"033B10FE","idchip":"16581755","nodevice":"2309MAS003","key":"1234567890987654321","ipa":"10.10.1.23"}
[2025-10-13 12:16:57]
Berhasil merespon "dariMCU_2309MAS003" : {"respon":[{"id":"16581755","nodevice":"2309MAS003","message":"510","info":"Dyah Ayu Riyanti--TERCATAT! 4 dtk lalu","nokartu":"033B10FE"}]}
Berhasil kirim balasan ke "responServer_2309MAS003"

[2025-10-13 12:17:03]
Menerima pesan dari: dariMCU_2309MAS003 - Pesan: {"nokartu":"134F0FFE","idchip":"16581755","nodevice":"2309MAS003","key":"1234567890987654321","ipa":"10.10.1.23"}
[2025-10-13 12:17:03]
Berhasil merespon "dariMCU_2309MAS003" : {"respon":[{"id":"16581755","nodevice":"2309MAS003","message":"BMPE","info":"Denis Shofia Dewanti--Berhasil Presensi -Mulai-","nokartu":"134F0FFE"}]}
Berhasil kirim balasan ke "responServer_2309MAS003"

[2025-10-13 12:17:07]
Menerima pesan dari: dariMCU_2309MAS003 - Pesan: {"nokartu":"134F0FFE","idchip":"16581755","nodevice":"2309MAS003","key":"1234567890987654321","ipa":"10.10.1.23"}
[2025-10-13 12:17:07]
Berhasil merespon "dariMCU_2309MAS003" : {"respon":[{"id":"16581755","nodevice":"2309MAS003","message":"510","info":"Denis Shofia Dewanti--TERCATAT! 4 dtk lalu","nokartu":"134F0FFE"}]}
Berhasil kirim balasan ke "responServer_2309MAS003"

[2025-10-13 12:17:10]
Menerima pesan dari: dariMCU_2309MAS003 - Pesan: {"nokartu":"93F124FF","idchip":"16581755","nodevice":"2309MAS003","key":"1234567890987654321","ipa":"10.10.1.23"}
[2025-10-13 12:17:10]
Berhasil merespon "dariMCU_2309MAS003" : {"respon":[{"id":"16581755","nodevice":"2309MAS003","message":"BMPE","info":"Reynata Rizki Kisdaningtyas--Berhasil Presensi -Mulai-","nokartu":"93F124FF"}]}
Berhasil kirim balasan ke "responServer_2309MAS003"

[2025-10-13 12:17:17]
Menerima pesan dari: dariMCU_2309MAS003 - Pesan: {"nokartu":"83710FFE","idchip":"16581755","nodevice":"2309MAS003","key":"1234567890987654321","ipa":"10.10.1.23"}
[2025-10-13 12:17:17]
Berhasil merespon "dariMCU_2309MAS003" : {"respon":[{"id":"16581755","nodevice":"2309MAS003","message":"BMPE","info":"Aura Auliya Mecca--Berhasil Presensi -Mulai-","nokartu":"83710FFE"}]}
Berhasil kirim balasan ke "responServer_2309MAS003"

[2025-10-13 12:17:20]
Menerima pesan dari: dariMCU_2309MAS003 - Pesan: {"nokartu":"83710FFE","idchip":"16581755","nodevice":"2309MAS003","key":"1234567890987654321","ipa":"10.10.1.23"}
[2025-10-13 12:17:20]
Berhasil merespon "dariMCU_2309MAS003" : {"respon":[{"id":"16581755","nodevice":"2309MAS003","message":"510","info":"Aura Auliya Mecca--TERCATAT! 3 dtk lalu","nokartu":"83710FFE"}]}
Berhasil kirim balasan ke "responServer_2309MAS003"

[2025-10-13 12:17:21]
Menerima pesan dari: dariMCU_2309MAS003 - Pesan: {"nokartu":"938F0C03","idchip":"16581755","nodevice":"2309MAS003","key":"1234567890987654321","ipa":"10.10.1.23"}
[2025-10-13 12:17:21]
Berhasil merespon "dariMCU_2309MAS003" : {"respon":[{"id":"16581755","nodevice":"2309MAS003","message":"BMPE","info":"Tika Qonita--Berhasil Presensi -Mulai-","nokartu":"938F0C03"}]}
Berhasil kirim balasan ke "responServer_2309MAS003"

[2025-10-13 12:17:26]
Menerima pesan dari: dariMCU_2309MAS003 - Pesan: {"nokartu":"A32C22FF","idchip":"16581755","nodevice":"2309MAS003","key":"1234567890987654321","ipa":"10.10.1.23"}
[2025-10-13 12:17:26]
Berhasil merespon "dariMCU_2309MAS003" : {"respon":[{"id":"16581755","nodevice":"2309MAS003","message":"BMPE","info":"Nisfa Leilia Rahma--Berhasil Presensi -Mulai-","nokartu":"A32C22FF"}]}
Berhasil kirim balasan ke "responServer_2309MAS003"

[2025-10-13 12:17:29]
Menerima pesan dari: dariMCU_2309MAS003 - Pesan: {"nokartu":"A32C22FF","idchip":"16581755","nodevice":"2309MAS003","key":"1234567890987654321","ipa":"10.10.1.23"}
[2025-10-13 12:17:29]
Berhasil merespon "dariMCU_2309MAS003" : {"respon":[{"id":"16581755","nodevice":"2309MAS003","message":"510","info":"Nisfa Leilia Rahma--TERCATAT! 3 dtk lalu","nokartu":"A32C22FF"}]}
Berhasil kirim balasan ke "responServer_2309MAS003"

[2025-10-13 12:17:41]
Menerima pesan dari: dariMCU_2309MAS003 - Pesan: {"nokartu":"93284105","idchip":"16581755","nodevice":"2309MAS003","key":"1234567890987654321","ipa":"10.10.1.23"}
[2025-10-13 12:17:41]
Berhasil merespon "dariMCU_2309MAS003" : {"respon":[{"id":"16581755","nodevice":"2309MAS003","message":"BMPE","info":"Dika Setiyani--Berhasil Presensi -Mulai-","nokartu":"93284105"}]}
Berhasil kirim balasan ke "responServer_2309MAS003"

[2025-10-13 12:17:46]
Menerima pesan dari: dariMCU_2309MAS003 - Pesan: {"nokartu":"A39411FE","idchip":"16581755","nodevice":"2309MAS003","key":"1234567890987654321","ipa":"10.10.1.23"}
[2025-10-13 12:17:46]
Berhasil merespon "dariMCU_2309MAS003" : {"respon":[{"id":"16581755","nodevice":"2309MAS003","message":"BMPE","info":"Anzilna Qilada Bilaura--Berhasil Presensi -Mulai-","nokartu":"A39411FE"}]}
Berhasil kirim balasan ke "responServer_2309MAS003"

[2025-10-13 12:17:50]
Menerima pesan dari: dariMCU_2309MAS003 - Pesan: {"nokartu":"A39411FE","idchip":"16581755","nodevice":"2309MAS003","key":"1234567890987654321","ipa":"10.10.1.23"}
[2025-10-13 12:17:50]
Berhasil merespon "dariMCU_2309MAS003" : {"respon":[{"id":"16581755","nodevice":"2309MAS003","message":"510","info":"Anzilna Qilada Bilaura--TERCATAT! 4 dtk lalu","nokartu":"A39411FE"}]}
Berhasil kirim balasan ke "responServer_2309MAS003"

[2025-10-13 12:17:51]
Menerima pesan dari: dariMCU_2309MAS003 - Pesan: {"nokartu":"93DD12FE","idchip":"16581755","nodevice":"2309MAS003","key":"1234567890987654321","ipa":"10.10.1.23"}
[2025-10-13 12:17:51]
Berhasil merespon "dariMCU_2309MAS003" : {"respon":[{"id":"16581755","nodevice":"2309MAS003","message":"BMPE","info":"Wahidatul Hasanah--Berhasil Presensi -Mulai-","nokartu":"93DD12FE"}]}
Berhasil kirim balasan ke "responServer_2309MAS003"

[2025-10-13 12:17:54]
Menerima pesan dari: dariMCU_2309MAS003 - Pesan: {"nokartu":"93DD12FE","idchip":"16581755","nodevice":"2309MAS003","key":"1234567890987654321","ipa":"10.10.1.23"}
[2025-10-13 12:17:54]
Berhasil merespon "dariMCU_2309MAS003" : {"respon":[{"id":"16581755","nodevice":"2309MAS003","message":"510","info":"Wahidatul Hasanah--TERCATAT! 3 dtk lalu","nokartu":"93DD12FE"}]}
Berhasil kirim balasan ke "responServer_2309MAS003"

[2025-10-13 12:17:55]
Menerima pesan dari: dariMCU_2309MAS003 - Pesan: {"nokartu":"A39411FE","idchip":"16581755","nodevice":"2309MAS003","key":"1234567890987654321","ipa":"10.10.1.23"}
[2025-10-13 12:17:55]
Berhasil merespon "dariMCU_2309MAS003" : {"respon":[{"id":"16581755","nodevice":"2309MAS003","message":"510","info":"Anzilna Qilada Bilaura--TERCATAT! 9 dtk lalu","nokartu":"A39411FE"}]}
Berhasil kirim balasan ke "responServer_2309MAS003"

[2025-10-13 12:18:00]
Menerima pesan dari: dariMCU_2309MAS003 - Pesan: {"nokartu":"23542FFF","idchip":"16581755","nodevice":"2309MAS003","key":"1234567890987654321","ipa":"10.10.1.23"}
[2025-10-13 12:18:00]
Berhasil merespon "dariMCU_2309MAS003" : {"respon":[{"id":"16581755","nodevice":"2309MAS003","message":"BMPE","info":"Devia Lovita Artika--Berhasil Presensi -Mulai-","nokartu":"23542FFF"}]}
Berhasil kirim balasan ke "responServer_2309MAS003"

[2025-10-13 12:18:03]
Menerima pesan dari: dariMCU_2309MAS003 - Pesan: {"nokartu":"23542FFF","idchip":"16581755","nodevice":"2309MAS003","key":"1234567890987654321","ipa":"10.10.1.23"}
[2025-10-13 12:18:03]
Berhasil merespon "dariMCU_2309MAS003" : {"respon":[{"id":"16581755","nodevice":"2309MAS003","message":"510","info":"Devia Lovita Artika--TERCATAT! 3 dtk lalu","nokartu":"23542FFF"}]}
Berhasil kirim balasan ke "responServer_2309MAS003"

[2025-10-13 12:18:04]
Menerima pesan dari: dariMCU_2309MAS003 - Pesan: {"nokartu":"23542FFF","idchip":"16581755","nodevice":"2309MAS003","key":"1234567890987654321","ipa":"10.10.1.23"}
[2025-10-13 12:18:04]
Berhasil merespon "dariMCU_2309MAS003" : {"respon":[{"id":"16581755","nodevice":"2309MAS003","message":"510","info":"Devia Lovita Artika--TERCATAT! 4 dtk lalu","nokartu":"23542FFF"}]}
Berhasil kirim balasan ke "responServer_2309MAS003"

[2025-10-13 12:18:08]
Menerima pesan dari: dariMCU_2309MAS003 - Pesan: {"nokartu":"732522FF","idchip":"16581755","nodevice":"2309MAS003","key":"1234567890987654321","ipa":"10.10.1.23"}
[2025-10-13 12:18:08]
Berhasil merespon "dariMCU_2309MAS003" : {"respon":[{"id":"16581755","nodevice":"2309MAS003","message":"BMPE","info":"Khanifatu Zahra--Berhasil Presensi -Mulai-","nokartu":"732522FF"}]}
Berhasil kirim balasan ke "responServer_2309MAS003"

[2025-10-13 12:18:12]
Menerima pesan dari: dariMCU_2309MAS003 - Pesan: {"nokartu":"732522FF","idchip":"16581755","nodevice":"2309MAS003","key":"1234567890987654321","ipa":"10.10.1.23"}
[2025-10-13 12:18:12]
Berhasil merespon "dariMCU_2309MAS003" : {"respon":[{"id":"16581755","nodevice":"2309MAS003","message":"510","info":"Khanifatu Zahra--TERCATAT! 4 dtk lalu","nokartu":"732522FF"}]}
Berhasil kirim balasan ke "responServer_2309MAS003"

[2025-10-13 12:18:15]
Menerima pesan dari: dariMCU_2309MAS003 - Pesan: {"nokartu":"732522FF","idchip":"16581755","nodevice":"2309MAS003","key":"1234567890987654321","ipa":"10.10.1.23"}
[2025-10-13 12:18:15]
Berhasil merespon "dariMCU_2309MAS003" : {"respon":[{"id":"16581755","nodevice":"2309MAS003","message":"510","info":"Khanifatu Zahra--TERCATAT! 7 dtk lalu","nokartu":"732522FF"}]}
Berhasil kirim balasan ke "responServer_2309MAS003"

[2025-10-13 12:19:01]
Menerima pesan dari: dariMCU_2309MAS003 - Pesan: {"nokartu":"535A22FF","idchip":"16581755","nodevice":"2309MAS003","key":"1234567890987654321","ipa":"10.10.1.23"}
[2025-10-13 12:19:01]
Berhasil merespon "dariMCU_2309MAS003" : {"respon":[{"id":"16581755","nodevice":"2309MAS003","message":"BMPE","info":"Ramadhani Saputra--Berhasil Presensi -Mulai-","nokartu":"535A22FF"}]}
Berhasil kirim balasan ke "responServer_2309MAS003"

[2025-10-13 12:19:04]
Menerima pesan dari: dariMCU_2309MAS003 - Pesan: {"nokartu":"535A22FF","idchip":"16581755","nodevice":"2309MAS003","key":"1234567890987654321","ipa":"10.10.1.23"}
[2025-10-13 12:19:04]
Berhasil merespon "dariMCU_2309MAS003" : {"respon":[{"id":"16581755","nodevice":"2309MAS003","message":"510","info":"Ramadhani Saputra--TERCATAT! 3 dtk lalu","nokartu":"535A22FF"}]}
Berhasil kirim balasan ke "responServer_2309MAS003"

[2025-10-13 12:19:08]
Menerima pesan dari: dariMCU_2309MAS003 - Pesan: {"nokartu":"D37C33FF","idchip":"16581755","nodevice":"2309MAS003","key":"1234567890987654321","ipa":"10.10.1.23"}
[2025-10-13 12:19:08]
Berhasil merespon "dariMCU_2309MAS003" : {"respon":[{"id":"16581755","nodevice":"2309MAS003","message":"BMPE","info":"Bagas Pramudya--Berhasil Presensi -Mulai-","nokartu":"D37C33FF"}]}
Berhasil kirim balasan ke "responServer_2309MAS003"

[2025-10-13 12:19:09]
Menerima pesan dari: dariMCU_2309MAS003 - Pesan: {"nokartu":"D37C33FF","idchip":"16581755","nodevice":"2309MAS003","key":"1234567890987654321","ipa":"10.10.1.23"}
[2025-10-13 12:19:09]
Berhasil merespon "dariMCU_2309MAS003" : {"respon":[{"id":"16581755","nodevice":"2309MAS003","message":"510","info":"Bagas Pramudya--TERCATAT! 1 dtk lalu","nokartu":"D37C33FF"}]}
Berhasil kirim balasan ke "responServer_2309MAS003"

[2025-10-13 12:19:15]
Menerima pesan dari: dariMCU_2309MAS003 - Pesan: {"nokartu":"E39C8205","idchip":"16581755","nodevice":"2309MAS003","key":"1234567890987654321","ipa":"10.10.1.23"}
[2025-10-13 12:19:15]
Berhasil merespon "dariMCU_2309MAS003" : {"respon":[{"id":"16581755","nodevice":"2309MAS003","message":"BMPE","info":"Raihan Dhika Arraisya--Berhasil Presensi -Mulai-","nokartu":"E39C8205"}]}
Berhasil kirim balasan ke "responServer_2309MAS003"

[2025-10-13 12:19:18]
Menerima pesan dari: dariMCU_2309MAS003 - Pesan: {"nokartu":"E39C8205","idchip":"16581755","nodevice":"2309MAS003","key":"1234567890987654321","ipa":"10.10.1.23"}
[2025-10-13 12:19:18]
Berhasil merespon "dariMCU_2309MAS003" : {"respon":[{"id":"16581755","nodevice":"2309MAS003","message":"510","info":"Raihan Dhika Arraisya--TERCATAT! 3 dtk lalu","nokartu":"E39C8205"}]}
Berhasil kirim balasan ke "responServer_2309MAS003"

[2025-10-13 12:19:22]
Menerima pesan dari: dariMCU_2309MAS003 - Pesan: {"nokartu":"E39C8205","idchip":"16581755","nodevice":"2309MAS003","key":"1234567890987654321","ipa":"10.10.1.23"}
[2025-10-13 12:19:22]
Berhasil merespon "dariMCU_2309MAS003" : {"respon":[{"id":"16581755","nodevice":"2309MAS003","message":"510","info":"Raihan Dhika Arraisya--TERCATAT! 7 dtk lalu","nokartu":"E39C8205"}]}
Berhasil kirim balasan ke "responServer_2309MAS003"

[2025-10-13 12:19:23]
Menerima pesan dari: dariMCU_2309MAS003 - Pesan: {"nokartu":"E39C8205","idchip":"16581755","nodevice":"2309MAS003","key":"1234567890987654321","ipa":"10.10.1.23"}
[2025-10-13 12:19:23]
Berhasil merespon "dariMCU_2309MAS003" : {"respon":[{"id":"16581755","nodevice":"2309MAS003","message":"510","info":"Raihan Dhika Arraisya--TERCATAT! 8 dtk lalu","nokartu":"E39C8205"}]}
Berhasil kirim balasan ke "responServer_2309MAS003"

[2025-10-13 12:19:27]
Menerima pesan dari: dariMCU_2309MAS003 - Pesan: {"nokartu":"A33632FF","idchip":"16581755","nodevice":"2309MAS003","key":"1234567890987654321","ipa":"10.10.1.23"}
[2025-10-13 12:19:27]
Berhasil merespon "dariMCU_2309MAS003" : {"respon":[{"id":"16581755","nodevice":"2309MAS003","message":"BMPE","info":"Elga Farela--Berhasil Presensi -Mulai-","nokartu":"A33632FF"}]}
Berhasil kirim balasan ke "responServer_2309MAS003"

[2025-10-13 12:19:34]
Menerima pesan dari: dariMCU_2309MAS003 - Pesan: {"nokartu":"13B90AFE","idchip":"16581755","nodevice":"2309MAS003","key":"1234567890987654321","ipa":"10.10.1.23"}
[2025-10-13 12:19:34]
Berhasil merespon "dariMCU_2309MAS003" : {"respon":[{"id":"16581755","nodevice":"2309MAS003","message":"BMPE","info":"Dio Wahyu Agustian--Berhasil Presensi -Mulai-","nokartu":"13B90AFE"}]}
Berhasil kirim balasan ke "responServer_2309MAS003"

[2025-10-13 12:19:37]
Menerima pesan dari: dariMCU_2309MAS003 - Pesan: {"nokartu":"03C816FE","idchip":"16581755","nodevice":"2309MAS003","key":"1234567890987654321","ipa":"10.10.1.23"}
[2025-10-13 12:19:37]
Berhasil merespon "dariMCU_2309MAS003" : {"respon":[{"id":"16581755","nodevice":"2309MAS003","message":"BMPE","info":"Nauval Wahyu Dwi Prastyo--Berhasil Presensi -Mulai-","nokartu":"03C816FE"}]}
Berhasil kirim balasan ke "responServer_2309MAS003"

[2025-10-13 12:19:41]
Menerima pesan dari: dariMCU_2309MAS003 - Pesan: {"nokartu":"03C816FE","idchip":"16581755","nodevice":"2309MAS003","key":"1234567890987654321","ipa":"10.10.1.23"}
[2025-10-13 12:19:41]
Berhasil merespon "dariMCU_2309MAS003" : {"respon":[{"id":"16581755","nodevice":"2309MAS003","message":"510","info":"Nauval Wahyu Dwi Prastyo--TERCATAT! 4 dtk lalu","nokartu":"03C816FE"}]}
Berhasil kirim balasan ke "responServer_2309MAS003"

[2025-10-13 12:19:42]
Menerima pesan dari: dariMCU_2309MAS003 - Pesan: {"nokartu":"03C816FE","idchip":"16581755","nodevice":"2309MAS003","key":"1234567890987654321","ipa":"10.10.1.23"}
[2025-10-13 12:19:42]
Berhasil merespon "dariMCU_2309MAS003" : {"respon":[{"id":"16581755","nodevice":"2309MAS003","message":"510","info":"Nauval Wahyu Dwi Prastyo--TERCATAT! 5 dtk lalu","nokartu":"03C816FE"}]}
Berhasil kirim balasan ke "responServer_2309MAS003"

[2025-10-13 12:19:45]
Menerima pesan dari: dariMCU_2309MAS003 - Pesan: {"nokartu":"13B90AFE","idchip":"16581755","nodevice":"2309MAS003","key":"1234567890987654321","ipa":"10.10.1.23"}
[2025-10-13 12:19:45]
Berhasil merespon "dariMCU_2309MAS003" : {"respon":[{"id":"16581755","nodevice":"2309MAS003","message":"510","info":"Dio Wahyu Agustian--TERCATAT! 11 dtk lalu","nokartu":"13B90AFE"}]}
Berhasil kirim balasan ke "responServer_2309MAS003"

[2025-10-13 12:19:49]
Menerima pesan dari: dariMCU_2309MAS003 - Pesan: {"nokartu":"13B90AFE","idchip":"16581755","nodevice":"2309MAS003","key":"1234567890987654321","ipa":"10.10.1.23"}
[2025-10-13 12:19:49]
Berhasil merespon "dariMCU_2309MAS003" : {"respon":[{"id":"16581755","nodevice":"2309MAS003","message":"510","info":"Dio Wahyu Agustian--TERCATAT! 15 dtk lalu","nokartu":"13B90AFE"}]}
Berhasil kirim balasan ke "responServer_2309MAS003"

[2025-10-13 12:19:53]
Menerima pesan dari: dariMCU_2309MAS003 - Pesan: {"nokartu":"13B90AFE","idchip":"16581755","nodevice":"2309MAS003","key":"1234567890987654321","ipa":"10.10.1.23"}
[2025-10-13 12:19:53]
Berhasil merespon "dariMCU_2309MAS003" : {"respon":[{"id":"16581755","nodevice":"2309MAS003","message":"510","info":"Dio Wahyu Agustian--TERCATAT! 19 dtk lalu","nokartu":"13B90AFE"}]}
Berhasil kirim balasan ke "responServer_2309MAS003"

[2025-10-13 12:19:54]
Menerima pesan dari: dariMCU_2309MAS003 - Pesan: {"nokartu":"5348DA54","idchip":"16581755","nodevice":"2309MAS003","key":"1234567890987654321","ipa":"10.10.1.23"}
[2025-10-13 12:19:54]
Berhasil merespon "dariMCU_2309MAS003" : {"respon":[{"id":"16581755","nodevice":"2309MAS003","message":"BMPE","info":"Ikhwan Priantama--Berhasil Presensi -Mulai-","nokartu":"5348DA54"}]}
Berhasil kirim balasan ke "responServer_2309MAS003"

[2025-10-13 12:19:57]
Menerima pesan dari: dariMCU_2309MAS003 - Pesan: {"nokartu":"5348DA54","idchip":"16581755","nodevice":"2309MAS003","key":"1234567890987654321","ipa":"10.10.1.23"}
[2025-10-13 12:19:57]
Berhasil merespon "dariMCU_2309MAS003" : {"respon":[{"id":"16581755","nodevice":"2309MAS003","message":"510","info":"Ikhwan Priantama--TERCATAT! 3 dtk lalu","nokartu":"5348DA54"}]}
Berhasil kirim balasan ke "responServer_2309MAS003"

[2025-10-13 12:19:58]
Menerima pesan dari: dariMCU_2309MAS003 - Pesan: {"nokartu":"5348DA54","idchip":"16581755","nodevice":"2309MAS003","key":"1234567890987654321","ipa":"10.10.1.23"}
[2025-10-13 12:19:58]
Berhasil merespon "dariMCU_2309MAS003" : {"respon":[{"id":"16581755","nodevice":"2309MAS003","message":"510","info":"Ikhwan Priantama--TERCATAT! 4 dtk lalu","nokartu":"5348DA54"}]}
Berhasil kirim balasan ke "responServer_2309MAS003"

[2025-10-13 12:20:02]
Menerima pesan dari: dariMCU_2309MAS003 - Pesan: {"nokartu":"5348DA54","idchip":"16581755","nodevice":"2309MAS003","key":"1234567890987654321","ipa":"10.10.1.23"}
[2025-10-13 12:20:02]
Berhasil merespon "dariMCU_2309MAS003" : {"respon":[{"id":"16581755","nodevice":"2309MAS003","message":"510","info":"Ikhwan Priantama--TERCATAT! 8 dtk lalu","nokartu":"5348DA54"}]}
Berhasil kirim balasan ke "responServer_2309MAS003"

[2025-10-13 12:20:03]
Menerima pesan dari: dariMCU_2309MAS003 - Pesan: {"nokartu":"23A521FF","idchip":"16581755","nodevice":"2309MAS003","key":"1234567890987654321","ipa":"10.10.1.23"}
[2025-10-13 12:20:03]
Berhasil merespon "dariMCU_2309MAS003" : {"respon":[{"id":"16581755","nodevice":"2309MAS003","message":"BMPE","info":"Rohim Rahmat Dani--Berhasil Presensi -Mulai-","nokartu":"23A521FF"}]}
Berhasil kirim balasan ke "responServer_2309MAS003"

[2025-10-13 12:20:06]
Menerima pesan dari: dariMCU_2309MAS003 - Pesan: {"nokartu":"23A521FF","idchip":"16581755","nodevice":"2309MAS003","key":"1234567890987654321","ipa":"10.10.1.23"}
[2025-10-13 12:20:06]
Berhasil merespon "dariMCU_2309MAS003" : {"respon":[{"id":"16581755","nodevice":"2309MAS003","message":"510","info":"Rohim Rahmat Dani--TERCATAT! 3 dtk lalu","nokartu":"23A521FF"}]}
Berhasil kirim balasan ke "responServer_2309MAS003"

[2025-10-13 12:20:08]
Menerima pesan dari: dariMCU_2309MAS003 - Pesan: {"nokartu":"23A521FF","idchip":"16581755","nodevice":"2309MAS003","key":"1234567890987654321","ipa":"10.10.1.23"}
[2025-10-13 12:20:08]
Berhasil merespon "dariMCU_2309MAS003" : {"respon":[{"id":"16581755","nodevice":"2309MAS003","message":"510","info":"Rohim Rahmat Dani--TERCATAT! 5 dtk lalu","nokartu":"23A521FF"}]}
Berhasil kirim balasan ke "responServer_2309MAS003"

[2025-10-13 12:21:00]
Menerima pesan dari: dariMCU_2309MAS003 - Pesan: {"nokartu":"A3E821FF","idchip":"16581755","nodevice":"2309MAS003","key":"1234567890987654321","ipa":"10.10.1.23"}
[2025-10-13 12:21:00]
Berhasil merespon "dariMCU_2309MAS003" : {"respon":[{"id":"16581755","nodevice":"2309MAS003","message":"BMPE","info":"Eka Whizky Julya--Berhasil Presensi -Mulai-","nokartu":"A3E821FF"}]}
Berhasil kirim balasan ke "responServer_2309MAS003"

[2025-10-13 12:21:08]
Menerima pesan dari: dariMCU_2309MAS003 - Pesan: {"nokartu":"A3E821FF","idchip":"16581755","nodevice":"2309MAS003","key":"1234567890987654321","ipa":"10.10.1.23"}
[2025-10-13 12:21:08]
Berhasil merespon "dariMCU_2309MAS003" : {"respon":[{"id":"16581755","nodevice":"2309MAS003","message":"510","info":"Eka Whizky Julya--TERCATAT! 8 dtk lalu","nokartu":"A3E821FF"}]}
Berhasil kirim balasan ke "responServer_2309MAS003"

[2025-10-13 12:21:43]
Menerima pesan dari: dariMCU_2309MAS003 - Pesan: {"nokartu":"B3A98005","idchip":"16581755","nodevice":"2309MAS003","key":"1234567890987654321","ipa":"10.10.1.23"}
[2025-10-13 12:21:43]
Berhasil merespon "dariMCU_2309MAS003" : {"respon":[{"id":"16581755","nodevice":"2309MAS003","message":"BMPE","info":"Rifki Aulia Airlangga--Berhasil Presensi -Mulai-","nokartu":"B3A98005"}]}
Berhasil kirim balasan ke "responServer_2309MAS003"

[2025-10-13 12:21:47]
Menerima pesan dari: dariMCU_2309MAS003 - Pesan: {"nokartu":"B3A98005","idchip":"16581755","nodevice":"2309MAS003","key":"1234567890987654321","ipa":"10.10.1.23"}
[2025-10-13 12:21:47]
Berhasil merespon "dariMCU_2309MAS003" : {"respon":[{"id":"16581755","nodevice":"2309MAS003","message":"510","info":"Rifki Aulia Airlangga--TERCATAT! 4 dtk lalu","nokartu":"B3A98005"}]}
Berhasil kirim balasan ke "responServer_2309MAS003"

[2025-10-13 12:21:50]
Menerima pesan dari: dariMCU_2309MAS003 - Pesan: {"nokartu":"03807505","idchip":"16581755","nodevice":"2309MAS003","key":"1234567890987654321","ipa":"10.10.1.23"}
[2025-10-13 12:21:50]
Berhasil merespon "dariMCU_2309MAS003" : {"respon":[{"id":"16581755","nodevice":"2309MAS003","message":"BMPE","info":"Muhammad Khairurasyid--Berhasil Presensi -Mulai-","nokartu":"03807505"}]}
Berhasil kirim balasan ke "responServer_2309MAS003"

[2025-10-13 12:21:51]
Menerima pesan dari: dariMCU_2309MAS003 - Pesan: {"nokartu":"188235E28DFA86","idchip":"16581755","nodevice":"2309MAS003","key":"1234567890987654321","ipa":"10.10.1.23"}
[2025-10-13 12:21:51]
Berhasil merespon "dariMCU_2309MAS003" : {"respon":[{"id":"16581755","nodevice":"2309MAS003","message":"IDTT","info":"Kartu ID ini--belum terdaftar","nokartu":"188235E28DFA86"}]}
Berhasil kirim balasan ke "responServer_2309MAS003"

[2025-10-13 12:21:55]
Menerima pesan dari: dariMCU_2309MAS003 - Pesan: {"nokartu":"03807505","idchip":"16581755","nodevice":"2309MAS003","key":"1234567890987654321","ipa":"10.10.1.23"}
[2025-10-13 12:21:55]
Berhasil merespon "dariMCU_2309MAS003" : {"respon":[{"id":"16581755","nodevice":"2309MAS003","message":"510","info":"Muhammad Khairurasyid--TERCATAT! 5 dtk lalu","nokartu":"03807505"}]}
Berhasil kirim balasan ke "responServer_2309MAS003"

[2025-10-13 12:21:56]
Menerima pesan dari: dariMCU_2309MAS003 - Pesan: {"nokartu":"136C6A05","idchip":"16581755","nodevice":"2309MAS003","key":"1234567890987654321","ipa":"10.10.1.23"}
[2025-10-13 12:21:56]
Berhasil merespon "dariMCU_2309MAS003" : {"respon":[{"id":"16581755","nodevice":"2309MAS003","message":"BMPE","info":"Muhammad Bintang Santoso--Berhasil Presensi -Mulai-","nokartu":"136C6A05"}]}
Berhasil kirim balasan ke "responServer_2309MAS003"

[2025-10-13 12:21:59]
Menerima pesan dari: dariMCU_2309MAS003 - Pesan: {"nokartu":"136C6A05","idchip":"16581755","nodevice":"2309MAS003","key":"1234567890987654321","ipa":"10.10.1.23"}
[2025-10-13 12:21:59]
Berhasil merespon "dariMCU_2309MAS003" : {"respon":[{"id":"16581755","nodevice":"2309MAS003","message":"510","info":"Muhammad Bintang Santoso--TERCATAT! 3 dtk lalu","nokartu":"136C6A05"}]}
Berhasil kirim balasan ke "responServer_2309MAS003"

[2025-10-13 12:22:03]
Menerima pesan dari: dariMCU_2309MAS003 - Pesan: {"nokartu":"136C6A05","idchip":"16581755","nodevice":"2309MAS003","key":"1234567890987654321","ipa":"10.10.1.23"}
[2025-10-13 12:22:03]
Berhasil merespon "dariMCU_2309MAS003" : {"respon":[{"id":"16581755","nodevice":"2309MAS003","message":"510","info":"Muhammad Bintang Santoso--TERCATAT! 7 dtk lalu","nokartu":"136C6A05"}]}
Berhasil kirim balasan ke "responServer_2309MAS003"

[2025-10-13 12:22:07]
Menerima pesan dari: dariMCU_2309MAS003 - Pesan: {"nokartu":"AA04B889","idchip":"16581755","nodevice":"2309MAS003","key":"1234567890987654321","ipa":"10.10.1.23"}
[2025-10-13 12:22:07]
Berhasil merespon "dariMCU_2309MAS003" : {"respon":[{"id":"16581755","nodevice":"2309MAS003","message":"BMPE","info":"Lanang Kaloka Tata Ulama--Berhasil Presensi -Mulai-","nokartu":"AA04B889"}]}
Berhasil kirim balasan ke "responServer_2309MAS003"

[2025-10-13 12:22:10]
Menerima pesan dari: dariMCU_2309MAS003 - Pesan: {"nokartu":"AA04B889","idchip":"16581755","nodevice":"2309MAS003","key":"1234567890987654321","ipa":"10.10.1.23"}
[2025-10-13 12:22:10]
Berhasil merespon "dariMCU_2309MAS003" : {"respon":[{"id":"16581755","nodevice":"2309MAS003","message":"510","info":"Lanang Kaloka Tata Ulama--TERCATAT! 3 dtk lalu","nokartu":"AA04B889"}]}
Berhasil kirim balasan ke "responServer_2309MAS003"

[2025-10-13 12:22:20]
Menerima pesan dari: dariMCU_2309MAS003 - Pesan: {"nokartu":"53E415FF","idchip":"16581755","nodevice":"2309MAS003","key":"1234567890987654321","ipa":"10.10.1.23"}
[2025-10-13 12:22:20]
Berhasil merespon "dariMCU_2309MAS003" : {"respon":[{"id":"16581755","nodevice":"2309MAS003","message":"BMPE","info":"Arta Widyasari--Berhasil Presensi -Mulai-","nokartu":"53E415FF"}]}
Berhasil kirim balasan ke "responServer_2309MAS003"

[2025-10-13 12:22:26]
Menerima pesan dari: dariMCU_2309MAS003 - Pesan: {"nokartu":"4476B889","idchip":"16581755","nodevice":"2309MAS003","key":"1234567890987654321","ipa":"10.10.1.23"}
[2025-10-13 12:22:26]
Berhasil merespon "dariMCU_2309MAS003" : {"respon":[{"id":"16581755","nodevice":"2309MAS003","message":"BMPE","info":"Asshyfa Nur Lita--Berhasil Presensi -Mulai-","nokartu":"4476B889"}]}
Berhasil kirim balasan ke "responServer_2309MAS003"

[2025-10-13 12:22:30]
Menerima pesan dari: dariMCU_2309MAS003 - Pesan: {"nokartu":"4476B889","idchip":"16581755","nodevice":"2309MAS003","key":"1234567890987654321","ipa":"10.10.1.23"}
[2025-10-13 12:22:30]
Berhasil merespon "dariMCU_2309MAS003" : {"respon":[{"id":"16581755","nodevice":"2309MAS003","message":"510","info":"Asshyfa Nur Lita--TERCATAT! 4 dtk lalu","nokartu":"4476B889"}]}
Berhasil kirim balasan ke "responServer_2309MAS003"

[2025-10-13 12:22:33]
Menerima pesan dari: dariMCU_2309MAS003 - Pesan: {"nokartu":"F3422DFF","idchip":"16581755","nodevice":"2309MAS003","key":"1234567890987654321","ipa":"10.10.1.23"}
[2025-10-13 12:22:33]
Berhasil merespon "dariMCU_2309MAS003" : {"respon":[{"id":"16581755","nodevice":"2309MAS003","message":"BMPE","info":"Verlita Risky--Berhasil Presensi -Mulai-","nokartu":"F3422DFF"}]}
Berhasil kirim balasan ke "responServer_2309MAS003"

[2025-10-13 12:22:37]
Menerima pesan dari: dariMCU_2309MAS003 - Pesan: {"nokartu":"F3422DFF","idchip":"16581755","nodevice":"2309MAS003","key":"1234567890987654321","ipa":"10.10.1.23"}
[2025-10-13 12:22:37]
Berhasil merespon "dariMCU_2309MAS003" : {"respon":[{"id":"16581755","nodevice":"2309MAS003","message":"510","info":"Verlita Risky--TERCATAT! 4 dtk lalu","nokartu":"F3422DFF"}]}
Berhasil kirim balasan ke "responServer_2309MAS003"

[2025-10-13 12:22:41]
Menerima pesan dari: dariMCU_2309MAS003 - Pesan: {"nokartu":"7337E1E4","idchip":"16581755","nodevice":"2309MAS003","key":"1234567890987654321","ipa":"10.10.1.23"}
[2025-10-13 12:22:41]
Berhasil merespon "dariMCU_2309MAS003" : {"respon":[{"id":"16581755","nodevice":"2309MAS003","message":"BMPE","info":"Neysiella Belqis Najla Oktavia--Berhasil Presensi -Mulai-","nokartu":"7337E1E4"}]}
Berhasil kirim balasan ke "responServer_2309MAS003"

[2025-10-13 12:22:45]
Menerima pesan dari: dariMCU_2309MAS003 - Pesan: {"nokartu":"7337E1E4","idchip":"16581755","nodevice":"2309MAS003","key":"1234567890987654321","ipa":"10.10.1.23"}
[2025-10-13 12:22:45]
Berhasil merespon "dariMCU_2309MAS003" : {"respon":[{"id":"16581755","nodevice":"2309MAS003","message":"510","info":"Neysiella Belqis Najla Oktavia--TERCATAT! 4 dtk lalu","nokartu":"7337E1E4"}]}
Berhasil kirim balasan ke "responServer_2309MAS003"

[2025-10-13 12:22:46]
Menerima pesan dari: dariMCU_2309MAS003 - Pesan: {"nokartu":"63E333FF","idchip":"16581755","nodevice":"2309MAS003","key":"1234567890987654321","ipa":"10.10.1.23"}
[2025-10-13 12:22:46]
Berhasil merespon "dariMCU_2309MAS003" : {"respon":[{"id":"16581755","nodevice":"2309MAS003","message":"BMPE","info":"Aprilia Candra Pratiwi--Berhasil Presensi -Mulai-","nokartu":"63E333FF"}]}
Berhasil kirim balasan ke "responServer_2309MAS003"

[2025-10-13 12:22:49]
Menerima pesan dari: dariMCU_2309MAS003 - Pesan: {"nokartu":"63E333FF","idchip":"16581755","nodevice":"2309MAS003","key":"1234567890987654321","ipa":"10.10.1.23"}
[2025-10-13 12:22:49]
Berhasil merespon "dariMCU_2309MAS003" : {"respon":[{"id":"16581755","nodevice":"2309MAS003","message":"510","info":"Aprilia Candra Pratiwi--TERCATAT! 3 dtk lalu","nokartu":"63E333FF"}]}
Berhasil kirim balasan ke "responServer_2309MAS003"

[2025-10-13 12:23:47]
Menerima pesan dari: dariMCU_2309MAS001 - Pesan: {"nokartu":"C19A8250","idchip":"4115046","nodevice":"2309MAS001","key":"1234567890987654321","ipa":"10.10.11.229"}
[2025-10-13 12:23:47]
Berhasil merespon "dariMCU_2309MAS001" : {"respon":[{"id":"4115046","nodevice":"2309MAS001","message":"BMPE","info":"Allissa Aswa Syahira--Berhasil Presensi -Mulai-","nokartu":"C19A8250"}]}
Berhasil kirim balasan ke "responServer_2309MAS001"

[2025-10-13 12:23:51]
Menerima pesan dari: dariMCU_2309MAS001 - Pesan: {"nokartu":"C19A8250","idchip":"4115046","nodevice":"2309MAS001","key":"1234567890987654321","ipa":"10.10.11.229"}
[2025-10-13 12:23:51]
Berhasil merespon "dariMCU_2309MAS001" : {"respon":[{"id":"4115046","nodevice":"2309MAS001","message":"510","info":"Allissa Aswa Syahira--TERCATAT! 4 dtk lalu","nokartu":"C19A8250"}]}
Berhasil kirim balasan ke "responServer_2309MAS001"

[2025-10-13 12:23:52]
Menerima pesan dari: dariMCU_2309MAS001 - Pesan: {"nokartu":"C19A8250","idchip":"4115046","nodevice":"2309MAS001","key":"1234567890987654321","ipa":"10.10.11.229"}
[2025-10-13 12:23:52]
Berhasil merespon "dariMCU_2309MAS001" : {"respon":[{"id":"4115046","nodevice":"2309MAS001","message":"510","info":"Allissa Aswa Syahira--TERCATAT! 5 dtk lalu","nokartu":"C19A8250"}]}
Berhasil kirim balasan ke "responServer_2309MAS001"

[2025-10-13 12:23:54]
Menerima pesan dari: dariMCU_2309MAS003 - Pesan: {"nokartu":"03ABE4E4","idchip":"16581755","nodevice":"2309MAS003","key":"1234567890987654321","ipa":"10.10.1.23"}
[2025-10-13 12:23:54]
Berhasil merespon "dariMCU_2309MAS003" : {"respon":[{"id":"16581755","nodevice":"2309MAS003","message":"BMPE","info":"Safa Nur Ariyatsa--Berhasil Presensi -Mulai-","nokartu":"03ABE4E4"}]}
Berhasil kirim balasan ke "responServer_2309MAS003"

[2025-10-13 12:23:58]
Menerima pesan dari: dariMCU_2309MAS003 - Pesan: {"nokartu":"03ABE4E4","idchip":"16581755","nodevice":"2309MAS003","key":"1234567890987654321","ipa":"10.10.1.23"}
[2025-10-13 12:23:58]
Berhasil merespon "dariMCU_2309MAS003" : {"respon":[{"id":"16581755","nodevice":"2309MAS003","message":"510","info":"Safa Nur Ariyatsa--TERCATAT! 4 dtk lalu","nokartu":"03ABE4E4"}]}
Berhasil kirim balasan ke "responServer_2309MAS003"

[2025-10-13 12:24:02]
Menerima pesan dari: dariMCU_2309MAS003 - Pesan: {"nokartu":"A37E7F05","idchip":"16581755","nodevice":"2309MAS003","key":"1234567890987654321","ipa":"10.10.1.23"}
[2025-10-13 12:24:02]
Berhasil merespon "dariMCU_2309MAS003" : {"respon":[{"id":"16581755","nodevice":"2309MAS003","message":"BMPE","info":"Algi Wian Avantyo--Berhasil Presensi -Mulai-","nokartu":"A37E7F05"}]}
Berhasil kirim balasan ke "responServer_2309MAS003"

[2025-10-13 12:24:06]
Menerima pesan dari: dariMCU_2309MAS003 - Pesan: {"nokartu":"A37E7F05","idchip":"16581755","nodevice":"2309MAS003","key":"1234567890987654321","ipa":"10.10.1.23"}
[2025-10-13 12:24:06]
Berhasil merespon "dariMCU_2309MAS003" : {"respon":[{"id":"16581755","nodevice":"2309MAS003","message":"510","info":"Algi Wian Avantyo--TERCATAT! 4 dtk lalu","nokartu":"A37E7F05"}]}
Berhasil kirim balasan ke "responServer_2309MAS003"

[2025-10-13 12:24:09]
Menerima pesan dari: dariMCU_2309MAS003 - Pesan: {"nokartu":"E3416905","idchip":"16581755","nodevice":"2309MAS003","key":"1234567890987654321","ipa":"10.10.1.23"}
[2025-10-13 12:24:09]
Berhasil merespon "dariMCU_2309MAS003" : {"respon":[{"id":"16581755","nodevice":"2309MAS003","message":"BMPE","info":"Firman Safaat--Berhasil Presensi -Mulai-","nokartu":"E3416905"}]}
Berhasil kirim balasan ke "responServer_2309MAS003"

[2025-10-13 12:24:22]
Menerima pesan dari: dariMCU_2309MAS003 - Pesan: {"nokartu":"F3877F05","idchip":"16581755","nodevice":"2309MAS003","key":"1234567890987654321","ipa":"10.10.1.23"}
[2025-10-13 12:24:22]
Berhasil merespon "dariMCU_2309MAS003" : {"respon":[{"id":"16581755","nodevice":"2309MAS003","message":"BMPE","info":"Khoirul Irfan--Berhasil Presensi -Mulai-","nokartu":"F3877F05"}]}
Berhasil kirim balasan ke "responServer_2309MAS003"

[2025-10-13 12:24:27]
Menerima pesan dari: dariMCU_2309MAS003 - Pesan: {"nokartu":"63FF7005","idchip":"16581755","nodevice":"2309MAS003","key":"1234567890987654321","ipa":"10.10.1.23"}
[2025-10-13 12:24:27]
Berhasil merespon "dariMCU_2309MAS003" : {"respon":[{"id":"16581755","nodevice":"2309MAS003","message":"BMPE","info":"Wafid Raihan--Berhasil Presensi -Mulai-","nokartu":"63FF7005"}]}
Berhasil kirim balasan ke "responServer_2309MAS003"

[2025-10-13 12:24:30]
Menerima pesan dari: dariMCU_2309MAS003 - Pesan: {"nokartu":"63FF7005","idchip":"16581755","nodevice":"2309MAS003","key":"1234567890987654321","ipa":"10.10.1.23"}
[2025-10-13 12:24:30]
Berhasil merespon "dariMCU_2309MAS003" : {"respon":[{"id":"16581755","nodevice":"2309MAS003","message":"510","info":"Wafid Raihan--TERCATAT! 3 dtk lalu","nokartu":"63FF7005"}]}
Berhasil kirim balasan ke "responServer_2309MAS003"

[2025-10-13 12:24:31]
Menerima pesan dari: dariMCU_2309MAS003 - Pesan: {"nokartu":"F3F66905","idchip":"16581755","nodevice":"2309MAS003","key":"1234567890987654321","ipa":"10.10.1.23"}
[2025-10-13 12:24:31]
Berhasil merespon "dariMCU_2309MAS003" : {"respon":[{"id":"16581755","nodevice":"2309MAS003","message":"BMPE","info":"Agil Bayu Nugroho--Berhasil Presensi -Mulai-","nokartu":"F3F66905"}]}
Berhasil kirim balasan ke "responServer_2309MAS003"

[2025-10-13 12:24:35]
Menerima pesan dari: dariMCU_2309MAS003 - Pesan: {"nokartu":"F3F66905","idchip":"16581755","nodevice":"2309MAS003","key":"1234567890987654321","ipa":"10.10.1.23"}
[2025-10-13 12:24:35]
Berhasil merespon "dariMCU_2309MAS003" : {"respon":[{"id":"16581755","nodevice":"2309MAS003","message":"510","info":"Agil Bayu Nugroho--TERCATAT! 4 dtk lalu","nokartu":"F3F66905"}]}
Berhasil kirim balasan ke "responServer_2309MAS003"

[2025-10-13 12:24:59]
Menerima pesan dari: dariMCU_2309MAS001 - Pesan: {"nokartu":"831934FF","idchip":"4115046","nodevice":"2309MAS001","key":"1234567890987654321","ipa":"10.10.11.229"}
[2025-10-13 12:24:59]
Berhasil merespon "dariMCU_2309MAS001" : {"respon":[{"id":"4115046","nodevice":"2309MAS001","message":"BMPE","info":"Nadya Rizka Safitri--Berhasil Presensi -Mulai-","nokartu":"831934FF"}]}
Berhasil kirim balasan ke "responServer_2309MAS001"

[2025-10-13 12:24:59]
Menerima pesan dari: dariMCU_2309MAS001 - Pesan: {"nokartu":"831934FF","idchip":"4115046","nodevice":"2309MAS001","key":"1234567890987654321","ipa":"10.10.11.229"}
[2025-10-13 12:24:59]
Berhasil merespon "dariMCU_2309MAS001" : {"respon":[{"id":"4115046","nodevice":"2309MAS001","message":"510","info":"Nadya Rizka Safitri--TERCATAT! 0 dtk lalu","nokartu":"831934FF"}]}
Berhasil kirim balasan ke "responServer_2309MAS001"

[2025-10-13 12:26:07]
Menerima pesan dari: dariMCU_2309MAS001 - Pesan: {"nokartu":"C34634FF","idchip":"4115046","nodevice":"2309MAS001","key":"1234567890987654321","ipa":"10.10.11.229"}
[2025-10-13 12:26:07]
Berhasil merespon "dariMCU_2309MAS001" : {"respon":[{"id":"4115046","nodevice":"2309MAS001","message":"BMPE","info":"Eka Rima Nur Aisah--Berhasil Presensi -Mulai-","nokartu":"C34634FF"}]}
Berhasil kirim balasan ke "responServer_2309MAS001"

[2025-10-13 12:26:13]
Menerima pesan dari: dariMCU_2309MAS001 - Pesan: {"nokartu":"A3BF15FE","idchip":"4115046","nodevice":"2309MAS001","key":"1234567890987654321","ipa":"10.10.11.229"}
[2025-10-13 12:26:13]
Berhasil merespon "dariMCU_2309MAS001" : {"respon":[{"id":"4115046","nodevice":"2309MAS001","message":"BMPE","info":"Zenitha Sevira--Berhasil Presensi -Mulai-","nokartu":"A3BF15FE"}]}
Berhasil kirim balasan ke "responServer_2309MAS001"

[2025-10-13 12:26:20]
Menerima pesan dari: dariMCU_2309MAS001 - Pesan: {"nokartu":"A3BF15FE","idchip":"4115046","nodevice":"2309MAS001","key":"1234567890987654321","ipa":"10.10.11.229"}
[2025-10-13 12:26:20]
Berhasil merespon "dariMCU_2309MAS001" : {"respon":[{"id":"4115046","nodevice":"2309MAS001","message":"510","info":"Zenitha Sevira--TERCATAT! 7 dtk lalu","nokartu":"A3BF15FE"}]}
Berhasil kirim balasan ke "responServer_2309MAS001"

[2025-10-13 12:26:25]
Menerima pesan dari: dariMCU_2309MAS001 - Pesan: {"nokartu":"534A2FFF","idchip":"4115046","nodevice":"2309MAS001","key":"1234567890987654321","ipa":"10.10.11.229"}
[2025-10-13 12:26:25]
Berhasil merespon "dariMCU_2309MAS001" : {"respon":[{"id":"4115046","nodevice":"2309MAS001","message":"BMPE","info":"Aulia Syilmi Kaffah--Berhasil Presensi -Mulai-","nokartu":"534A2FFF"}]}
Berhasil kirim balasan ke "responServer_2309MAS001"

[2025-10-13 12:26:28]
Menerima pesan dari: dariMCU_2309MAS001 - Pesan: {"nokartu":"534A2FFF","idchip":"4115046","nodevice":"2309MAS001","key":"1234567890987654321","ipa":"10.10.11.229"}
[2025-10-13 12:26:28]
Berhasil merespon "dariMCU_2309MAS001" : {"respon":[{"id":"4115046","nodevice":"2309MAS001","message":"510","info":"Aulia Syilmi Kaffah--TERCATAT! 3 dtk lalu","nokartu":"534A2FFF"}]}
Berhasil kirim balasan ke "responServer_2309MAS001"

[2025-10-13 12:29:29]
Menerima pesan dari: dariMCU_2309MAS001 - Pesan: {"nokartu":"73ED2CFF","idchip":"4115046","nodevice":"2309MAS001","key":"1234567890987654321","ipa":"10.10.11.229"}
[2025-10-13 12:29:29]
Berhasil merespon "dariMCU_2309MAS001" : {"respon":[{"id":"4115046","nodevice":"2309MAS001","message":"BMPE","info":"Jesica Ayu Natalia--Berhasil Presensi -Mulai-","nokartu":"73ED2CFF"}]}
Berhasil kirim balasan ke "responServer_2309MAS001"

[2025-10-13 12:29:35]
Menerima pesan dari: dariMCU_2309MAS001 - Pesan: {"nokartu":"73ED2CFF","idchip":"4115046","nodevice":"2309MAS001","key":"1234567890987654321","ipa":"10.10.11.229"}
[2025-10-13 12:29:35]
Berhasil merespon "dariMCU_2309MAS001" : {"respon":[{"id":"4115046","nodevice":"2309MAS001","message":"510","info":"Jesica Ayu Natalia--TERCATAT! 6 dtk lalu","nokartu":"73ED2CFF"}]}
Berhasil kirim balasan ke "responServer_2309MAS001"

[2025-10-13 12:29:42]
Menerima pesan dari: dariMCU_2309MAS001 - Pesan: {"nokartu":"632534FF","idchip":"4115046","nodevice":"2309MAS001","key":"1234567890987654321","ipa":"10.10.11.229"}
[2025-10-13 12:29:42]
Berhasil merespon "dariMCU_2309MAS001" : {"respon":[{"id":"4115046","nodevice":"2309MAS001","message":"BMPE","info":"Kireyna Brindarosa Ramadiany--Berhasil Presensi -Mulai-","nokartu":"632534FF"}]}
Berhasil kirim balasan ke "responServer_2309MAS001"

[2025-10-13 12:29:46]
Menerima pesan dari: dariMCU_2309MAS001 - Pesan: {"nokartu":"632534FF","idchip":"4115046","nodevice":"2309MAS001","key":"1234567890987654321","ipa":"10.10.11.229"}
[2025-10-13 12:29:46]
Berhasil merespon "dariMCU_2309MAS001" : {"respon":[{"id":"4115046","nodevice":"2309MAS001","message":"510","info":"Kireyna Brindarosa Ramadiany--TERCATAT! 4 dtk lalu","nokartu":"632534FF"}]}
Berhasil kirim balasan ke "responServer_2309MAS001"

[2025-10-13 12:31:31]
Menerima pesan dari: dariMCU_2309MAS001 - Pesan: {"nokartu":"C34634FF","idchip":"4115046","nodevice":"2309MAS001","key":"1234567890987654321","ipa":"10.10.11.229"}
[2025-10-13 12:31:31]
Berhasil merespon "dariMCU_2309MAS001" : {"respon":[{"id":"4115046","nodevice":"2309MAS001","message":"BPSE","info":"Eka Rima Nur Aisah--Berhasil Presensi -Selesai-","nokartu":"C34634FF"}]}
Berhasil kirim balasan ke "responServer_2309MAS001"

[2025-10-13 12:31:43]
Menerima pesan dari: dariMCU_2309MAS003 - Pesan: {"nokartu":"835931FF","idchip":"16581755","nodevice":"2309MAS003","key":"1234567890987654321","ipa":"10.10.1.23"}
[2025-10-13 12:31:43]
Berhasil merespon "dariMCU_2309MAS003" : {"respon":[{"id":"16581755","nodevice":"2309MAS003","message":"BMPE","info":"Dian Lestari--Berhasil Presensi -Mulai-","nokartu":"835931FF"}]}
Berhasil kirim balasan ke "responServer_2309MAS003"

[2025-10-13 12:31:48]
Menerima pesan dari: dariMCU_2309MAS003 - Pesan: {"nokartu":"A3BF15FE","idchip":"16581755","nodevice":"2309MAS003","key":"1234567890987654321","ipa":"10.10.1.23"}
[2025-10-13 12:31:48]
Berhasil merespon "dariMCU_2309MAS003" : {"respon":[{"id":"16581755","nodevice":"2309MAS003","message":"BPSE","info":"Zenitha Sevira--Berhasil Presensi -Selesai-","nokartu":"A3BF15FE"}]}
Berhasil kirim balasan ke "responServer_2309MAS003"

[2025-10-13 12:31:57]
Menerima pesan dari: dariMCU_2309MAS003 - Pesan: {"nokartu":"534A2FFF","idchip":"16581755","nodevice":"2309MAS003","key":"1234567890987654321","ipa":"10.10.1.23"}
[2025-10-13 12:31:57]
Berhasil merespon "dariMCU_2309MAS003" : {"respon":[{"id":"16581755","nodevice":"2309MAS003","message":"BPSE","info":"Aulia Syilmi Kaffah--Berhasil Presensi -Selesai-","nokartu":"534A2FFF"}]}
Berhasil kirim balasan ke "responServer_2309MAS003"

[2025-10-13 12:33:06]
Menerima pesan dari: dariMCU_2309MAS003 - Pesan: {"nokartu":"33FA1EFF","idchip":"16581755","nodevice":"2309MAS003","key":"1234567890987654321","ipa":"10.10.1.23"}
[2025-10-13 12:33:06]
Berhasil merespon "dariMCU_2309MAS003" : {"respon":[{"id":"16581755","nodevice":"2309MAS003","message":"BMPE","info":"Adistya Bintang Rejeki--Berhasil Presensi -Mulai-","nokartu":"33FA1EFF"}]}
Berhasil kirim balasan ke "responServer_2309MAS003"

[2025-10-13 12:33:09]
Menerima pesan dari: dariMCU_2309MAS003 - Pesan: {"nokartu":"33FA1EFF","idchip":"16581755","nodevice":"2309MAS003","key":"1234567890987654321","ipa":"10.10.1.23"}
[2025-10-13 12:33:09]
Berhasil merespon "dariMCU_2309MAS003" : {"respon":[{"id":"16581755","nodevice":"2309MAS003","message":"510","info":"Adistya Bintang Rejeki--TERCATAT! 3 dtk lalu","nokartu":"33FA1EFF"}]}
Berhasil kirim balasan ke "responServer_2309MAS003"

[2025-10-13 12:33:13]
Menerima pesan dari: dariMCU_2309MAS003 - Pesan: {"nokartu":"33FA1EFF","idchip":"16581755","nodevice":"2309MAS003","key":"1234567890987654321","ipa":"10.10.1.23"}
[2025-10-13 12:33:13]
Berhasil merespon "dariMCU_2309MAS003" : {"respon":[{"id":"16581755","nodevice":"2309MAS003","message":"510","info":"Adistya Bintang Rejeki--TERCATAT! 7 dtk lalu","nokartu":"33FA1EFF"}]}
Berhasil kirim balasan ke "responServer_2309MAS003"

[2025-10-13 12:33:56]
Menerima pesan dari: dariMCU_2309MAS003 - Pesan: {"nokartu":"33797F05","idchip":"16581755","nodevice":"2309MAS003","key":"1234567890987654321","ipa":"10.10.1.23"}
[2025-10-13 12:33:56]
Berhasil merespon "dariMCU_2309MAS003" : {"respon":[{"id":"16581755","nodevice":"2309MAS003","message":"BMPE","info":"Dhimas Ardiansyaputra--Berhasil Presensi -Mulai-","nokartu":"33797F05"}]}
Berhasil kirim balasan ke "responServer_2309MAS003"

[2025-10-13 12:34:00]
Menerima pesan dari: dariMCU_2309MAS003 - Pesan: {"nokartu":"33797F05","idchip":"16581755","nodevice":"2309MAS003","key":"1234567890987654321","ipa":"10.10.1.23"}
[2025-10-13 12:34:00]
Berhasil merespon "dariMCU_2309MAS003" : {"respon":[{"id":"16581755","nodevice":"2309MAS003","message":"510","info":"Dhimas Ardiansyaputra--TERCATAT! 4 dtk lalu","nokartu":"33797F05"}]}
Berhasil kirim balasan ke "responServer_2309MAS003"

[2025-10-13 12:34:36]
Menerima pesan dari: dariMCU_2309MAS003 - Pesan: {"nokartu":"737931FF","idchip":"16581755","nodevice":"2309MAS003","key":"1234567890987654321","ipa":"10.10.1.23"}
[2025-10-13 12:34:36]
Berhasil merespon "dariMCU_2309MAS003" : {"respon":[{"id":"16581755","nodevice":"2309MAS003","message":"BMPE","info":"Farel Ardian--Berhasil Presensi -Mulai-","nokartu":"737931FF"}]}
Berhasil kirim balasan ke "responServer_2309MAS003"

[2025-10-13 12:34:39]
Menerima pesan dari: dariMCU_2309MAS003 - Pesan: {"nokartu":"737931FF","idchip":"16581755","nodevice":"2309MAS003","key":"1234567890987654321","ipa":"10.10.1.23"}
[2025-10-13 12:34:39]
Berhasil merespon "dariMCU_2309MAS003" : {"respon":[{"id":"16581755","nodevice":"2309MAS003","message":"510","info":"Farel Ardian--TERCATAT! 3 dtk lalu","nokartu":"737931FF"}]}
Berhasil kirim balasan ke "responServer_2309MAS003"

[2025-10-13 12:34:42]
Menerima pesan dari: dariMCU_2309MAS003 - Pesan: {"nokartu":"B3B5E9E4","idchip":"16581755","nodevice":"2309MAS003","key":"1234567890987654321","ipa":"10.10.1.23"}
[2025-10-13 12:34:42]
Berhasil merespon "dariMCU_2309MAS003" : {"respon":[{"id":"16581755","nodevice":"2309MAS003","message":"BMPE","info":"Rahman Fauzi--Berhasil Presensi -Mulai-","nokartu":"B3B5E9E4"}]}
Berhasil kirim balasan ke "responServer_2309MAS003"

[2025-10-13 12:37:51]
Menerima pesan dari: dariMCU_2309MAS001 - Pesan: {"nokartu":"D3D62DFF","idchip":"4115046","nodevice":"2309MAS001","key":"1234567890987654321","ipa":"10.10.11.229"}
[2025-10-13 12:37:51]
Berhasil merespon "dariMCU_2309MAS001" : {"respon":[{"id":"4115046","nodevice":"2309MAS001","message":"BMPE","info":"Alyka Nur Risya Ilfya--Berhasil Presensi -Mulai-","nokartu":"D3D62DFF"}]}
Berhasil kirim balasan ke "responServer_2309MAS001"

[2025-10-13 12:39:56]
Menerima pesan dari: dariMCU_2309MAS003 - Pesan: {"nokartu":"33FA1EFF","idchip":"16581755","nodevice":"2309MAS003","key":"1234567890987654321","ipa":"10.10.1.23"}
[2025-10-13 12:39:56]
Berhasil merespon "dariMCU_2309MAS003" : {"respon":[{"id":"16581755","nodevice":"2309MAS003","message":"BPSE","info":"Adistya Bintang Rejeki--Berhasil Presensi -Selesai-","nokartu":"33FA1EFF"}]}
Berhasil kirim balasan ke "responServer_2309MAS003"

[2025-10-13 12:40:00]
Menerima pesan dari: dariMCU_2309MAS003 - Pesan: {"nokartu":"33FA1EFF","idchip":"16581755","nodevice":"2309MAS003","key":"1234567890987654321","ipa":"10.10.1.23"}
[2025-10-13 12:40:00]
Berhasil merespon "dariMCU_2309MAS003" : {"respon":[{"id":"16581755","nodevice":"2309MAS003","message":"510","info":"Adistya Bintang Rejeki--TERCATAT! 4 dtk lalu","nokartu":"33FA1EFF"}]}
Berhasil kirim balasan ke "responServer_2309MAS003"

[2025-10-13 12:40:05]
Menerima pesan dari: dariMCU_2309MAS003 - Pesan: {"nokartu":"B3B5E9E4","idchip":"16581755","nodevice":"2309MAS003","key":"1234567890987654321","ipa":"10.10.1.23"}
[2025-10-13 12:40:05]
Berhasil merespon "dariMCU_2309MAS003" : {"respon":[{"id":"16581755","nodevice":"2309MAS003","message":"BPSE","info":"Rahman Fauzi--Berhasil Presensi -Selesai-","nokartu":"B3B5E9E4"}]}
Berhasil kirim balasan ke "responServer_2309MAS003"

[2025-10-13 12:40:12]
Menerima pesan dari: dariMCU_2309MAS003 - Pesan: {"nokartu":"B3B5E9E4","idchip":"16581755","nodevice":"2309MAS003","key":"1234567890987654321","ipa":"10.10.1.23"}
[2025-10-13 12:40:12]
Berhasil merespon "dariMCU_2309MAS003" : {"respon":[{"id":"16581755","nodevice":"2309MAS003","message":"510","info":"Rahman Fauzi--TERCATAT! 7 dtk lalu","nokartu":"B3B5E9E4"}]}
Berhasil kirim balasan ke "responServer_2309MAS003"

[2025-10-13 12:40:15]
Menerima pesan dari: dariMCU_2309MAS003 - Pesan: {"nokartu":"A33530FF","idchip":"16581755","nodevice":"2309MAS003","key":"1234567890987654321","ipa":"10.10.1.23"}
[2025-10-13 12:40:15]
Berhasil merespon "dariMCU_2309MAS003" : {"respon":[{"id":"16581755","nodevice":"2309MAS003","message":"BMPE","info":"Hanifah Cahyani--Berhasil Presensi -Mulai-","nokartu":"A33530FF"}]}
Berhasil kirim balasan ke "responServer_2309MAS003"

[2025-10-13 12:41:26]
Menerima pesan dari: dariMCU_2309MAS003 - Pesan: {"nokartu":"330833FF","idchip":"16581755","nodevice":"2309MAS003","key":"1234567890987654321","ipa":"10.10.1.23"}
[2025-10-13 12:41:26]
Berhasil merespon "dariMCU_2309MAS003" : {"respon":[{"id":"16581755","nodevice":"2309MAS003","message":"BMPE","info":"Sazkya Rahmawati--Berhasil Presensi -Mulai-","nokartu":"330833FF"}]}
Berhasil kirim balasan ke "responServer_2309MAS003"

[2025-10-13 12:42:24]
Menerima pesan dari: dariMCU_2309MAS003 - Pesan: {"nokartu":"236F14FF","idchip":"16581755","nodevice":"2309MAS003","key":"1234567890987654321","ipa":"10.10.1.23"}
[2025-10-13 12:42:24]
Berhasil merespon "dariMCU_2309MAS003" : {"respon":[{"id":"16581755","nodevice":"2309MAS003","message":"BMPE","info":"Dista Erla Dia--Berhasil Presensi -Mulai-","nokartu":"236F14FF"}]}
Berhasil kirim balasan ke "responServer_2309MAS003"

[2025-10-13 12:42:28]
Menerima pesan dari: dariMCU_2309MAS003 - Pesan: {"nokartu":"236F14FF","idchip":"16581755","nodevice":"2309MAS003","key":"1234567890987654321","ipa":"10.10.1.23"}
[2025-10-13 12:42:28]
Berhasil merespon "dariMCU_2309MAS003" : {"respon":[{"id":"16581755","nodevice":"2309MAS003","message":"510","info":"Dista Erla Dia--TERCATAT! 4 dtk lalu","nokartu":"236F14FF"}]}
Berhasil kirim balasan ke "responServer_2309MAS003"

[2025-10-13 12:42:28]
Menerima pesan dari: dariMCU_2309MAS003 - Pesan: {"nokartu":"236F14FF","idchip":"16581755","nodevice":"2309MAS003","key":"1234567890987654321","ipa":"10.10.1.23"}
[2025-10-13 12:42:28]
Berhasil merespon "dariMCU_2309MAS003" : {"respon":[{"id":"16581755","nodevice":"2309MAS003","message":"510","info":"Dista Erla Dia--TERCATAT! 4 dtk lalu","nokartu":"236F14FF"}]}
Berhasil kirim balasan ke "responServer_2309MAS003"

[2025-10-13 12:42:33]
Menerima pesan dari: dariMCU_2309MAS003 - Pesan: {"nokartu":"735522FF","idchip":"16581755","nodevice":"2309MAS003","key":"1234567890987654321","ipa":"10.10.1.23"}
[2025-10-13 12:42:33]
Berhasil merespon "dariMCU_2309MAS003" : {"respon":[{"id":"16581755","nodevice":"2309MAS003","message":"BMPE","info":"Nashanda Sabrina Shasa--Berhasil Presensi -Mulai-","nokartu":"735522FF"}]}
Berhasil kirim balasan ke "responServer_2309MAS003"

[2025-10-13 12:42:37]
Menerima pesan dari: dariMCU_2309MAS003 - Pesan: {"nokartu":"735522FF","idchip":"16581755","nodevice":"2309MAS003","key":"1234567890987654321","ipa":"10.10.1.23"}
[2025-10-13 12:42:37]
Berhasil merespon "dariMCU_2309MAS003" : {"respon":[{"id":"16581755","nodevice":"2309MAS003","message":"510","info":"Nashanda Sabrina Shasa--TERCATAT! 4 dtk lalu","nokartu":"735522FF"}]}
Berhasil kirim balasan ke "responServer_2309MAS003"

[2025-10-13 12:42:41]
Menerima pesan dari: dariMCU_2309MAS003 - Pesan: {"nokartu":"735522FF","idchip":"16581755","nodevice":"2309MAS003","key":"1234567890987654321","ipa":"10.10.1.23"}
[2025-10-13 12:42:41]
Berhasil merespon "dariMCU_2309MAS003" : {"respon":[{"id":"16581755","nodevice":"2309MAS003","message":"510","info":"Nashanda Sabrina Shasa--TERCATAT! 8 dtk lalu","nokartu":"735522FF"}]}
Berhasil kirim balasan ke "responServer_2309MAS003"

[2025-10-13 12:42:41]
Menerima pesan dari: dariMCU_2309MAS003 - Pesan: {"nokartu":"735522FF","idchip":"16581755","nodevice":"2309MAS003","key":"1234567890987654321","ipa":"10.10.1.23"}
[2025-10-13 12:42:41]
Berhasil merespon "dariMCU_2309MAS003" : {"respon":[{"id":"16581755","nodevice":"2309MAS003","message":"510","info":"Nashanda Sabrina Shasa--TERCATAT! 8 dtk lalu","nokartu":"735522FF"}]}
Berhasil kirim balasan ke "responServer_2309MAS003"

[2025-10-13 12:44:33]
Menerima pesan dari: dariMCU_2309MAS003 - Pesan: {"nokartu":"331A6805","idchip":"16581755","nodevice":"2309MAS003","key":"1234567890987654321","ipa":"10.10.1.23"}
[2025-10-13 12:44:33]
Berhasil merespon "dariMCU_2309MAS003" : {"respon":[{"id":"16581755","nodevice":"2309MAS003","message":"BMPE","info":"Yohan Setiawan--Berhasil Presensi -Mulai-","nokartu":"331A6805"}]}
Berhasil kirim balasan ke "responServer_2309MAS003"

[2025-10-13 12:44:37]
Menerima pesan dari: dariMCU_2309MAS003 - Pesan: {"nokartu":"331A6805","idchip":"16581755","nodevice":"2309MAS003","key":"1234567890987654321","ipa":"10.10.1.23"}
[2025-10-13 12:44:37]
Berhasil merespon "dariMCU_2309MAS003" : {"respon":[{"id":"16581755","nodevice":"2309MAS003","message":"510","info":"Yohan Setiawan--TERCATAT! 4 dtk lalu","nokartu":"331A6805"}]}
Berhasil kirim balasan ke "responServer_2309MAS003"

[2025-10-13 12:46:12]
Menerima pesan dari: dariMCU_2309MAS003 - Pesan: {"nokartu":"E3EEF3E4","idchip":"16581755","nodevice":"2309MAS003","key":"1234567890987654321","ipa":"10.10.1.23"}
[2025-10-13 12:46:12]
Berhasil merespon "dariMCU_2309MAS003" : {"respon":[{"id":"16581755","nodevice":"2309MAS003","message":"BMPE","info":"Bunga Putri Agustina--Berhasil Presensi -Mulai-","nokartu":"E3EEF3E4"}]}
Berhasil kirim balasan ke "responServer_2309MAS003"

[2025-10-13 12:46:15]
Menerima pesan dari: dariMCU_2309MAS003 - Pesan: {"nokartu":"E3EEF3E4","idchip":"16581755","nodevice":"2309MAS003","key":"1234567890987654321","ipa":"10.10.1.23"}
[2025-10-13 12:46:15]
Berhasil merespon "dariMCU_2309MAS003" : {"respon":[{"id":"16581755","nodevice":"2309MAS003","message":"510","info":"Bunga Putri Agustina--TERCATAT! 3 dtk lalu","nokartu":"E3EEF3E4"}]}
Berhasil kirim balasan ke "responServer_2309MAS003"

[2025-10-13 12:46:16]
Menerima pesan dari: dariMCU_2309MAS003 - Pesan: {"nokartu":"C3081D05","idchip":"16581755","nodevice":"2309MAS003","key":"1234567890987654321","ipa":"10.10.1.23"}
[2025-10-13 12:46:16]
Berhasil merespon "dariMCU_2309MAS003" : {"respon":[{"id":"16581755","nodevice":"2309MAS003","message":"BMPE","info":"Nilna Sakda Aula Anjumi--Berhasil Presensi -Mulai-","nokartu":"C3081D05"}]}
Berhasil kirim balasan ke "responServer_2309MAS003"

[2025-10-13 12:46:20]
Menerima pesan dari: dariMCU_2309MAS003 - Pesan: {"nokartu":"C3081D05","idchip":"16581755","nodevice":"2309MAS003","key":"1234567890987654321","ipa":"10.10.1.23"}
[2025-10-13 12:46:20]
Berhasil merespon "dariMCU_2309MAS003" : {"respon":[{"id":"16581755","nodevice":"2309MAS003","message":"510","info":"Nilna Sakda Aula Anjumi--TERCATAT! 4 dtk lalu","nokartu":"C3081D05"}]}
Berhasil kirim balasan ke "responServer_2309MAS003"

[2025-10-13 12:46:24]
Menerima pesan dari: dariMCU_2309MAS003 - Pesan: {"nokartu":"C3081D05","idchip":"16581755","nodevice":"2309MAS003","key":"1234567890987654321","ipa":"10.10.1.23"}
[2025-10-13 12:46:24]
Berhasil merespon "dariMCU_2309MAS003" : {"respon":[{"id":"16581755","nodevice":"2309MAS003","message":"510","info":"Nilna Sakda Aula Anjumi--TERCATAT! 8 dtk lalu","nokartu":"C3081D05"}]}
Berhasil kirim balasan ke "responServer_2309MAS003"

[2025-10-13 12:53:16]
Menerima pesan dari: dariMCU_2309MAS001 - Pesan: {"nokartu":"63D323FF","idchip":"4115046","nodevice":"2309MAS001","key":"1234567890987654321","ipa":"10.10.11.229"}
[2025-10-13 12:53:16]
Berhasil merespon "dariMCU_2309MAS001" : {"respon":[{"id":"4115046","nodevice":"2309MAS001","message":"BMPE","info":"Hisna Alifah--Berhasil Presensi -Mulai-","nokartu":"63D323FF"}]}
Berhasil kirim balasan ke "responServer_2309MAS001"

[2025-10-13 12:53:28]
Menerima pesan dari: dariMCU_2309MAS003 - Pesan: {"nokartu":"63D323FF","idchip":"16581755","nodevice":"2309MAS003","key":"1234567890987654321","ipa":"10.10.1.23"}
[2025-10-13 12:53:28]
Berhasil merespon "dariMCU_2309MAS003" : {"respon":[{"id":"16581755","nodevice":"2309MAS003","message":"510","info":"Hisna Alifah--TERCATAT! 12 dtk lalu","nokartu":"63D323FF"}]}
Berhasil kirim balasan ke "responServer_2309MAS003"

[2025-10-13 12:53:31]
Menerima pesan dari: dariMCU_2309MAS003 - Pesan: {"nokartu":"63D323FF","idchip":"16581755","nodevice":"2309MAS003","key":"1234567890987654321","ipa":"10.10.1.23"}
[2025-10-13 12:53:31]
Berhasil merespon "dariMCU_2309MAS003" : {"respon":[{"id":"16581755","nodevice":"2309MAS003","message":"510","info":"Hisna Alifah--TERCATAT! 15 dtk lalu","nokartu":"63D323FF"}]}
Berhasil kirim balasan ke "responServer_2309MAS003"

[2025-10-13 12:53:35]
Menerima pesan dari: dariMCU_2309MAS001 - Pesan: {"nokartu":"236F14FF","idchip":"4115046","nodevice":"2309MAS001","key":"1234567890987654321","ipa":"10.10.11.229"}
[2025-10-13 12:53:35]
Berhasil merespon "dariMCU_2309MAS001" : {"respon":[{"id":"4115046","nodevice":"2309MAS001","message":"BPSE","info":"Dista Erla Dia--Berhasil Presensi -Selesai-","nokartu":"236F14FF"}]}
Berhasil kirim balasan ke "responServer_2309MAS001"

[2025-10-13 12:53:41]
Menerima pesan dari: dariMCU_2309MAS001 - Pesan: {"nokartu":"236F14FF","idchip":"4115046","nodevice":"2309MAS001","key":"1234567890987654321","ipa":"10.10.11.229"}
[2025-10-13 12:53:41]
Berhasil merespon "dariMCU_2309MAS001" : {"respon":[{"id":"4115046","nodevice":"2309MAS001","message":"510","info":"Dista Erla Dia--TERCATAT! 6 dtk lalu","nokartu":"236F14FF"}]}
Berhasil kirim balasan ke "responServer_2309MAS001"

[2025-10-13 12:53:56]
Menerima pesan dari: dariMCU_2309MAS003 - Pesan: {"nokartu":"236F14FF","idchip":"16581755","nodevice":"2309MAS003","key":"1234567890987654321","ipa":"10.10.1.23"}
[2025-10-13 12:53:56]
Berhasil merespon "dariMCU_2309MAS003" : {"respon":[{"id":"16581755","nodevice":"2309MAS003","message":"510","info":"Dista Erla Dia--TERCATAT! 21 dtk lalu","nokartu":"236F14FF"}]}
Berhasil kirim balasan ke "responServer_2309MAS003"

[2025-10-13 12:53:59]
Menerima pesan dari: dariMCU_2309MAS003 - Pesan: {"nokartu":"236F14FF","idchip":"16581755","nodevice":"2309MAS003","key":"1234567890987654321","ipa":"10.10.1.23"}
[2025-10-13 12:53:59]
Berhasil merespon "dariMCU_2309MAS003" : {"respon":[{"id":"16581755","nodevice":"2309MAS003","message":"510","info":"Dista Erla Dia--TERCATAT! 24 dtk lalu","nokartu":"236F14FF"}]}
Berhasil kirim balasan ke "responServer_2309MAS003"

[2025-10-13 12:59:16]
Menerima pesan dari: dariMCU_2309MAS003 - Pesan: {"nokartu":"F04BC05C","idchip":"16581755","nodevice":"2309MAS003","key":"1234567890987654321","ipa":"10.10.1.23"}
[2025-10-13 12:59:16]
Berhasil merespon "dariMCU_2309MAS003" : {"respon":[{"id":"16581755","nodevice":"2309MAS003","message":"BMPE","info":"Afrizal Eka Prasetya--Berhasil Presensi -Mulai-","nokartu":"F04BC05C"}]}
Berhasil kirim balasan ke "responServer_2309MAS003"

[2025-10-13 12:59:22]
Menerima pesan dari: dariMCU_2309MAS003 - Pesan: {"nokartu":"83CA7905","idchip":"16581755","nodevice":"2309MAS003","key":"1234567890987654321","ipa":"10.10.1.23"}
[2025-10-13 12:59:22]
Berhasil merespon "dariMCU_2309MAS003" : {"respon":[{"id":"16581755","nodevice":"2309MAS003","message":"BMPE","info":"Reyhan Dwiky Septian--Berhasil Presensi -Mulai-","nokartu":"83CA7905"}]}
Berhasil kirim balasan ke "responServer_2309MAS003"

[2025-10-13 12:59:26]
Menerima pesan dari: dariMCU_2309MAS003 - Pesan: {"nokartu":"D3396E05","idchip":"16581755","nodevice":"2309MAS003","key":"1234567890987654321","ipa":"10.10.1.23"}
[2025-10-13 12:59:26]
Berhasil merespon "dariMCU_2309MAS003" : {"respon":[{"id":"16581755","nodevice":"2309MAS003","message":"BMPE","info":"Sony Dwi Kuncoro--Berhasil Presensi -Mulai-","nokartu":"D3396E05"}]}
Berhasil kirim balasan ke "responServer_2309MAS003"

[2025-10-13 12:59:31]
Menerima pesan dari: dariMCU_2309MAS003 - Pesan: {"nokartu":"33396FE4","idchip":"16581755","nodevice":"2309MAS003","key":"1234567890987654321","ipa":"10.10.1.23"}
[2025-10-13 12:59:31]
Berhasil merespon "dariMCU_2309MAS003" : {"respon":[{"id":"16581755","nodevice":"2309MAS003","message":"BMPE","info":"Muhammad Rizqi Hendrawan--Berhasil Presensi -Mulai-","nokartu":"33396FE4"}]}
Berhasil kirim balasan ke "responServer_2309MAS003"

[2025-10-13 12:59:32]
Menerima pesan dari: dariMCU_2309MAS003 - Pesan: {"nokartu":"188235D4F6DD8F","idchip":"16581755","nodevice":"2309MAS003","key":"1234567890987654321","ipa":"10.10.1.23"}
[2025-10-13 12:59:32]
Berhasil merespon "dariMCU_2309MAS003" : {"respon":[{"id":"16581755","nodevice":"2309MAS003","message":"IDTT","info":"Kartu ID ini--belum terdaftar","nokartu":"188235D4F6DD8F"}]}
Berhasil kirim balasan ke "responServer_2309MAS003"

[2025-10-13 12:59:36]
Menerima pesan dari: dariMCU_2309MAS003 - Pesan: {"nokartu":"33396FE4","idchip":"16581755","nodevice":"2309MAS003","key":"1234567890987654321","ipa":"10.10.1.23"}
[2025-10-13 12:59:36]
Berhasil merespon "dariMCU_2309MAS003" : {"respon":[{"id":"16581755","nodevice":"2309MAS003","message":"510","info":"Muhammad Rizqi Hendrawan--TERCATAT! 5 dtk lalu","nokartu":"33396FE4"}]}
Berhasil kirim balasan ke "responServer_2309MAS003"

[2025-10-13 12:59:41]
Menerima pesan dari: dariMCU_2309MAS003 - Pesan: {"nokartu":"23B01705","idchip":"16581755","nodevice":"2309MAS003","key":"1234567890987654321","ipa":"10.10.1.23"}
[2025-10-13 12:59:41]
Berhasil merespon "dariMCU_2309MAS003" : {"respon":[{"id":"16581755","nodevice":"2309MAS003","message":"BMPE","info":"Ahmad Solikhul Khafidzi--Berhasil Presensi -Mulai-","nokartu":"23B01705"}]}
Berhasil kirim balasan ke "responServer_2309MAS003"

[2025-10-13 12:59:44]
Menerima pesan dari: dariMCU_2309MAS003 - Pesan: {"nokartu":"23B01705","idchip":"16581755","nodevice":"2309MAS003","key":"1234567890987654321","ipa":"10.10.1.23"}
[2025-10-13 12:59:44]
Berhasil merespon "dariMCU_2309MAS003" : {"respon":[{"id":"16581755","nodevice":"2309MAS003","message":"510","info":"Ahmad Solikhul Khafidzi--TERCATAT! 3 dtk lalu","nokartu":"23B01705"}]}
Berhasil kirim balasan ke "responServer_2309MAS003"

[2025-10-13 13:03:43]
Menerima pesan dari: dariMCU_2309MAS003 - Pesan: {"nokartu":"A38D17FE","idchip":"16581755","nodevice":"2309MAS003","key":"1234567890987654321","ipa":"10.10.1.23"}
[2025-10-13 13:03:43]
Berhasil merespon "dariMCU_2309MAS003" : {"respon":[{"id":"16581755","nodevice":"2309MAS003","message":"BMPE","info":"Aulia Hastuti Santalum--Berhasil Presensi -Mulai-","nokartu":"A38D17FE"}]}
Berhasil kirim balasan ke "responServer_2309MAS003"

[2025-10-13 13:03:57]
Menerima pesan dari: dariMCU_2309MAS001 - Pesan: {"nokartu":"A38D17FE","idchip":"4115046","nodevice":"2309MAS001","key":"1234567890987654321","ipa":"10.10.11.229"}
[2025-10-13 13:03:57]
Berhasil merespon "dariMCU_2309MAS001" : {"respon":[{"id":"4115046","nodevice":"2309MAS001","message":"510","info":"Aulia Hastuti Santalum--TERCATAT! 14 dtk lalu","nokartu":"A38D17FE"}]}
Berhasil kirim balasan ke "responServer_2309MAS001"

