[2024-08-05 06:34:14]
Menerima pesan dari: dariMCU_2309G004 - Pesan: {"nokartu":"F4FA6B51","idchip":"14375838","nodevice":"2309G004","key":"1234567890987654321","ipa":"10.31.1.217"}
[2024-08-05 06:34:14]
Berhasil merespon "dariMCU_2309G004" : {"respon":[{"id":"14375838","nodevice":"2309G004","message":"BMPM","info":"Syafa Mukminati--Berhasil Presensi","nokartu":"F4FA6B51"}]}
Berhasil kirim balasan ke "responServer_2309G004"

[2024-08-05 07:07:05]
Menerima pesan dari: dariMCU_2309G001 - Pesan: {"nokartu":"74EDC6B9","idchip":"4207734","nodevice":"2309G001","key":"1234567890987654321","ipa":"192.168.2.101"}
[2024-08-05 07:07:05]
Berhasil merespon "dariMCU_2309G001" : {"respon":[{"id":"4207734","nodevice":"2309G001","message":"BMPM","info":"Benny Surahman, S.Pd--Berhasil Presensi","nokartu":"74EDC6B9"}]}
Berhasil kirim balasan ke "responServer_2309G001"

[2024-08-05 07:39:37]
Menerima pesan dari: dariMCU_2309G004 - Pesan: {"nokartu":"74AF9651","idchip":"14375838","nodevice":"2309G004","key":"1234567890987654321","ipa":"10.31.1.217"}
[2024-08-05 07:39:37]
Berhasil merespon "dariMCU_2309G004" : {"respon":[{"id":"14375838","nodevice":"2309G004","message":"BMPM","info":"Oseano Fagan Akira--Berhasil Presensi","nokartu":"74AF9651"}]}
Berhasil kirim balasan ke "responServer_2309G004"

[2024-08-05 07:39:41]
Menerima pesan dari: dariMCU_2309G004 - Pesan: {"nokartu":"D4968451","idchip":"14375838","nodevice":"2309G004","key":"1234567890987654321","ipa":"10.31.1.217"}
[2024-08-05 07:39:41]
Berhasil merespon "dariMCU_2309G004" : {"respon":[{"id":"14375838","nodevice":"2309G004","message":"BMPM","info":"Lintang Adiba--Berhasil Presensi","nokartu":"D4968451"}]}
Berhasil kirim balasan ke "responServer_2309G004"

[2024-08-05 07:39:41]
Menerima pesan dari: dariMCU_2309G004 - Pesan: {"nokartu":"D4968451","idchip":"14375838","nodevice":"2309G004","key":"1234567890987654321","ipa":"10.31.1.217"}
[2024-08-05 07:39:41]
Berhasil merespon "dariMCU_2309G004" : {"respon":[{"id":"14375838","nodevice":"2309G004","message":"SMPM","info":"Lintang Adiba--Anda Sudah melakukan Presensi","nokartu":"D4968451"}]}
Berhasil kirim balasan ke "responServer_2309G004"

[2024-08-05 07:39:46]
Menerima pesan dari: dariMCU_2309G004 - Pesan: {"nokartu":"24108D51","idchip":"14375838","nodevice":"2309G004","key":"1234567890987654321","ipa":"10.31.1.217"}
[2024-08-05 07:39:46]
Berhasil merespon "dariMCU_2309G004" : {"respon":[{"id":"14375838","nodevice":"2309G004","message":"BMPM","info":"Afifatus Solichah--Berhasil Presensi","nokartu":"24108D51"}]}
Berhasil kirim balasan ke "responServer_2309G004"

[2024-08-05 07:39:55]
Menerima pesan dari: dariMCU_2309G004 - Pesan: {"nokartu":"04018F51","idchip":"14375838","nodevice":"2309G004","key":"1234567890987654321","ipa":"10.31.1.217"}
[2024-08-05 07:39:55]
Berhasil merespon "dariMCU_2309G004" : {"respon":[{"id":"14375838","nodevice":"2309G004","message":"BMPM","info":"Muhammad Nabil Andri Yuliawan--Berhasil Presensi","nokartu":"04018F51"}]}
Berhasil kirim balasan ke "responServer_2309G004"

[2024-08-05 07:40:06]
Menerima pesan dari: dariMCU_2309G004 - Pesan: {"nokartu":"14218551","idchip":"14375838","nodevice":"2309G004","key":"1234567890987654321","ipa":"10.31.1.217"}
[2024-08-05 07:40:06]
Berhasil merespon "dariMCU_2309G004" : {"respon":[{"id":"14375838","nodevice":"2309G004","message":"BMPM","info":"Wahida Zulfa Ashfiya--Berhasil Presensi","nokartu":"14218551"}]}
Berhasil kirim balasan ke "responServer_2309G004"

[2024-08-05 07:40:08]
Menerima pesan dari: dariMCU_2309G004 - Pesan: {"nokartu":"14218551","idchip":"14375838","nodevice":"2309G004","key":"1234567890987654321","ipa":"10.31.1.217"}
[2024-08-05 07:40:08]
Berhasil merespon "dariMCU_2309G004" : {"respon":[{"id":"14375838","nodevice":"2309G004","message":"SMPM","info":"Wahida Zulfa Ashfiya--Anda Sudah melakukan Presensi","nokartu":"14218551"}]}
Berhasil kirim balasan ke "responServer_2309G004"

[2024-08-05 07:40:08]
Menerima pesan dari: dariMCU_2309G004 - Pesan: {"nokartu":"04928751","idchip":"14375838","nodevice":"2309G004","key":"1234567890987654321","ipa":"10.31.1.217"}
[2024-08-05 07:40:08]
Berhasil merespon "dariMCU_2309G004" : {"respon":[{"id":"14375838","nodevice":"2309G004","message":"BMPM","info":"Wahyu Rahmadani--Berhasil Presensi","nokartu":"04928751"}]}
Berhasil kirim balasan ke "responServer_2309G004"

[2024-08-05 07:40:12]
Menerima pesan dari: dariMCU_2309G004 - Pesan: {"nokartu":"44E07751","idchip":"14375838","nodevice":"2309G004","key":"1234567890987654321","ipa":"10.31.1.217"}
[2024-08-05 07:40:12]
Berhasil merespon "dariMCU_2309G004" : {"respon":[{"id":"14375838","nodevice":"2309G004","message":"BMPM","info":"Fajar Bagus Prasetyo--Berhasil Presensi","nokartu":"44E07751"}]}
Berhasil kirim balasan ke "responServer_2309G004"

[2024-08-05 07:40:17]
Menerima pesan dari: dariMCU_2309G004 - Pesan: {"nokartu":"E4A89451","idchip":"14375838","nodevice":"2309G004","key":"1234567890987654321","ipa":"10.31.1.217"}
[2024-08-05 07:40:17]
Berhasil merespon "dariMCU_2309G004" : {"respon":[{"id":"14375838","nodevice":"2309G004","message":"BMPM","info":"Monera Julian Fahmida--Berhasil Presensi","nokartu":"E4A89451"}]}
Berhasil kirim balasan ke "responServer_2309G004"

[2024-08-05 07:40:19]
Menerima pesan dari: dariMCU_2309G004 - Pesan: {"nokartu":"14E58B51","idchip":"14375838","nodevice":"2309G004","key":"1234567890987654321","ipa":"10.31.1.217"}
[2024-08-05 07:40:19]
Berhasil merespon "dariMCU_2309G004" : {"respon":[{"id":"14375838","nodevice":"2309G004","message":"BMPM","info":"Najwa Intan Ayuningtyas--Berhasil Presensi","nokartu":"14E58B51"}]}
Berhasil kirim balasan ke "responServer_2309G004"

[2024-08-05 07:40:24]
Menerima pesan dari: dariMCU_2309G004 - Pesan: {"nokartu":"E4F08551","idchip":"14375838","nodevice":"2309G004","key":"1234567890987654321","ipa":"10.31.1.217"}
[2024-08-05 07:40:24]
Berhasil merespon "dariMCU_2309G004" : {"respon":[{"id":"14375838","nodevice":"2309G004","message":"BMPM","info":"Kiara Nanda--Berhasil Presensi","nokartu":"E4F08551"}]}
Berhasil kirim balasan ke "responServer_2309G004"

[2024-08-05 07:40:27]
Menerima pesan dari: dariMCU_2309G004 - Pesan: {"nokartu":"44DF8E51","idchip":"14375838","nodevice":"2309G004","key":"1234567890987654321","ipa":"10.31.1.217"}
[2024-08-05 07:40:27]
Berhasil merespon "dariMCU_2309G004" : {"respon":[{"id":"14375838","nodevice":"2309G004","message":"BMPM","info":"Najwa Divani Putri--Berhasil Presensi","nokartu":"44DF8E51"}]}
Berhasil kirim balasan ke "responServer_2309G004"

[2024-08-05 07:40:30]
Menerima pesan dari: dariMCU_2309G004 - Pesan: {"nokartu":"349F8F51","idchip":"14375838","nodevice":"2309G004","key":"1234567890987654321","ipa":"10.31.1.217"}
[2024-08-05 07:40:30]
Berhasil merespon "dariMCU_2309G004" : {"respon":[{"id":"14375838","nodevice":"2309G004","message":"BMPM","info":"Rini Muzazanah--Berhasil Presensi","nokartu":"349F8F51"}]}
Berhasil kirim balasan ke "responServer_2309G004"

[2024-08-05 07:41:50]
Menerima pesan dari: dariMCU_2309G004 - Pesan: {"nokartu":"C4099551","idchip":"14375838","nodevice":"2309G004","key":"1234567890987654321","ipa":"10.31.1.217"}
[2024-08-05 07:41:50]
Berhasil merespon "dariMCU_2309G004" : {"respon":[{"id":"14375838","nodevice":"2309G004","message":"BMPM","info":"Nathaniela Ajeng Kafina--Berhasil Presensi","nokartu":"C4099551"}]}
Berhasil kirim balasan ke "responServer_2309G004"

[2024-08-05 07:41:55]
Menerima pesan dari: dariMCU_2309G002 - Pesan: {"nokartu":"64B89651","idchip":"7976318","nodevice":"2309G002","key":"1234567890987654321","ipa":"10.10.25.113"}
[2024-08-05 07:41:55]
Berhasil merespon "dariMCU_2309G002" : {"respon":[{"id":"7976318","nodevice":"2309G002","message":"BMPM","info":"Eliya Kusumawati--Berhasil Presensi","nokartu":"64B89651"}]}
Berhasil kirim balasan ke "responServer_2309G002"

[2024-08-05 07:41:59]
Menerima pesan dari: dariMCU_2309G002 - Pesan: {"nokartu":"64B89651","idchip":"7976318","nodevice":"2309G002","key":"1234567890987654321","ipa":"10.10.25.113"}
[2024-08-05 07:41:59]
Berhasil merespon "dariMCU_2309G002" : {"respon":[{"id":"7976318","nodevice":"2309G002","message":"SMPM","info":"Eliya Kusumawati--Anda Sudah melakukan Presensi","nokartu":"64B89651"}]}
Berhasil kirim balasan ke "responServer_2309G002"

[2024-08-05 07:42:13]
Menerima pesan dari: dariMCU_2309G002 - Pesan: {"nokartu":"64B89651","idchip":"7976318","nodevice":"2309G002","key":"1234567890987654321","ipa":"10.10.25.113"}
[2024-08-05 07:42:13]
Berhasil merespon "dariMCU_2309G002" : {"respon":[{"id":"7976318","nodevice":"2309G002","message":"SMPM","info":"Eliya Kusumawati--Anda Sudah melakukan Presensi","nokartu":"64B89651"}]}
Berhasil kirim balasan ke "responServer_2309G002"

[2024-08-05 07:42:14]
Menerima pesan dari: dariMCU_2309G002 - Pesan: {"nokartu":"64B89651","idchip":"7976318","nodevice":"2309G002","key":"1234567890987654321","ipa":"10.10.25.113"}
[2024-08-05 07:42:14]
Berhasil merespon "dariMCU_2309G002" : {"respon":[{"id":"7976318","nodevice":"2309G002","message":"SMPM","info":"Eliya Kusumawati--Anda Sudah melakukan Presensi","nokartu":"64B89651"}]}
Berhasil kirim balasan ke "responServer_2309G002"

[2024-08-05 07:44:27]
Menerima pesan dari: dariMCU_2309G004 - Pesan: {"nokartu":"64468751","idchip":"14375838","nodevice":"2309G004","key":"1234567890987654321","ipa":"10.31.1.217"}
[2024-08-05 07:44:27]
Berhasil merespon "dariMCU_2309G004" : {"respon":[{"id":"14375838","nodevice":"2309G004","message":"BMPM","info":"Reni Yulianti--Berhasil Presensi","nokartu":"64468751"}]}
Berhasil kirim balasan ke "responServer_2309G004"

[2024-08-05 08:56:47]
Menerima pesan dari: dariMCU_2309G004 - Pesan: {"nokartu":"A4918C51","idchip":"14375838","nodevice":"2309G004","key":"1234567890987654321","ipa":"10.31.1.217"}
[2024-08-05 08:56:47]
Berhasil merespon "dariMCU_2309G004" : {"respon":[{"id":"14375838","nodevice":"2309G004","message":"BMPM","info":"Dias Fagreen Pradana--Berhasil Presensi","nokartu":"A4918C51"}]}
Berhasil kirim balasan ke "responServer_2309G004"

[2024-08-05 18:11:29]
Menerima pesan dari: dariMCU_2309G001 - Pesan: {"nokartu":"0581E497B65300","idchip":"4207734","nodevice":"2309G001","key":"1234567890987654321","ipa":"192.168.2.101"}
[2024-08-05 18:11:29]
Berhasil merespon "dariMCU_2309G001" : {"respon":[{"id":"4207734","nodevice":"2309G001","message":"IDTT","info":"Kartu ID ini--belum terdaftar","nokartu":"0581E497B65300"}]}
Berhasil kirim balasan ke "responServer_2309G001"

