[2026-01-05 12:07:51]
Menerima pesan dari: dariMCU/2309IZ003 - Pesan: {"nokartu":"6BC111A9","idchip":"7737844","nodevice":"2309IZ003","key":"1234567890987654321","ipa":"10.10.25.71"}
[2026-01-05 12:07:51]
Berhasil merespon "dariMCU/2309IZ003" : {"respon":[{"id":"7737844","nodevice":"2309IZ003","message":"BMPE","info":"NAJWA NISA KAMILA--Berhasil Presensi -Mulai-","nokartu":"6BC111A9"}]}
Berhasil kirim balasan ke "responServer/2309IZ003"

[2026-01-05 12:07:56]
Menerima pesan dari: dariMCU/2309IZ003 - Pesan: {"nokartu":"44AF44C7","idchip":"7737844","nodevice":"2309IZ003","key":"1234567890987654321","ipa":"10.10.25.71"}
[2026-01-05 12:07:56]
Berhasil merespon "dariMCU/2309IZ003" : {"respon":[{"id":"7737844","nodevice":"2309IZ003","message":"BMPE","info":"ALIN NANDITA ZAHRA--Berhasil Presensi -Mulai-","nokartu":"44AF44C7"}]}
Berhasil kirim balasan ke "responServer/2309IZ003"

[2026-01-05 12:10:08]
Menerima pesan dari: dariMCU/2309IZ003 - Pesan: {"nokartu":"352DEACA","idchip":"7737844","nodevice":"2309IZ003","key":"1234567890987654321","ipa":"10.10.25.71"}
[2026-01-05 12:10:08]
Berhasil merespon "dariMCU/2309IZ003" : {"respon":[{"id":"7737844","nodevice":"2309IZ003","message":"BMPE","info":"LAILI UZLIFATUL CHASANAH--Berhasil Presensi -Mulai-","nokartu":"352DEACA"}]}
Berhasil kirim balasan ke "responServer/2309IZ003"

[2026-01-05 12:11:17]
Menerima pesan dari: dariMCU/2309IZ003 - Pesan: {"nokartu":"CB3D87A9","idchip":"7737844","nodevice":"2309IZ003","key":"1234567890987654321","ipa":"10.10.25.71"}
[2026-01-05 12:11:17]
Berhasil merespon "dariMCU/2309IZ003" : {"respon":[{"id":"7737844","nodevice":"2309IZ003","message":"BMPE","info":"GRECCYA ANAYA PUTRI--Berhasil Presensi -Mulai-","nokartu":"CB3D87A9"}]}
Berhasil kirim balasan ke "responServer/2309IZ003"

[2026-01-05 12:22:12]
Menerima pesan dari: dariMCU/2309MAS003 - Pesan: {"nokartu":"99E508A6","idchip":"16581755","nodevice":"2309MAS003","key":"1234567890987654321","ipa":"10.10.1.23"}
[2026-01-05 12:22:12]
Berhasil merespon "dariMCU/2309MAS003" : {"respon":[{"id":"16581755","nodevice":"2309MAS003","message":"BMPE","info":"SELVIA RAHAYU--Berhasil Presensi -Mulai-","nokartu":"99E508A6"}]}
Berhasil kirim balasan ke "responServer/2309MAS003"

[2026-01-05 12:22:16]
Menerima pesan dari: dariMCU/2309MAS003 - Pesan: {"nokartu":"246F50BC","idchip":"16581755","nodevice":"2309MAS003","key":"1234567890987654321","ipa":"10.10.1.23"}
[2026-01-05 12:22:16]
Berhasil merespon "dariMCU/2309MAS003" : {"respon":[{"id":"16581755","nodevice":"2309MAS003","message":"BMPE","info":"MELANIE SILVI OCTAVIA--Berhasil Presensi -Mulai-","nokartu":"246F50BC"}]}
Berhasil kirim balasan ke "responServer/2309MAS003"

[2026-01-05 12:22:19]
Menerima pesan dari: dariMCU/2309MAS003 - Pesan: {"nokartu":"B8D3BBCF","idchip":"16581755","nodevice":"2309MAS003","key":"1234567890987654321","ipa":"10.10.1.23"}
[2026-01-05 12:22:19]
Berhasil merespon "dariMCU/2309MAS003" : {"respon":[{"id":"16581755","nodevice":"2309MAS003","message":"BMPE","info":"AGELA LUTFI KHOIRUNNISA--Berhasil Presensi -Mulai-","nokartu":"B8D3BBCF"}]}
Berhasil kirim balasan ke "responServer/2309MAS003"

[2026-01-05 12:22:22]
Menerima pesan dari: dariMCU/2309MAS003 - Pesan: {"nokartu":"99E508A6","idchip":"16581755","nodevice":"2309MAS003","key":"1234567890987654321","ipa":"10.10.1.23"}
[2026-01-05 12:22:22]
Berhasil merespon "dariMCU/2309MAS003" : {"respon":[{"id":"16581755","nodevice":"2309MAS003","message":"510","info":"SELVIA RAHAYU--TERCATAT! 10 dtk lalu","nokartu":"99E508A6"}]}
Berhasil kirim balasan ke "responServer/2309MAS003"

[2026-01-05 12:22:25]
Menerima pesan dari: dariMCU/2309MAS003 - Pesan: {"nokartu":"246F50BC","idchip":"16581755","nodevice":"2309MAS003","key":"1234567890987654321","ipa":"10.10.1.23"}
[2026-01-05 12:22:25]
Berhasil merespon "dariMCU/2309MAS003" : {"respon":[{"id":"16581755","nodevice":"2309MAS003","message":"510","info":"MELANIE SILVI OCTAVIA--TERCATAT! 9 dtk lalu","nokartu":"246F50BC"}]}
Berhasil kirim balasan ke "responServer/2309MAS003"

[2026-01-05 12:22:29]
Menerima pesan dari: dariMCU/2309MAS003 - Pesan: {"nokartu":"B8D3BBCF","idchip":"16581755","nodevice":"2309MAS003","key":"1234567890987654321","ipa":"10.10.1.23"}
[2026-01-05 12:22:29]
Berhasil merespon "dariMCU/2309MAS003" : {"respon":[{"id":"16581755","nodevice":"2309MAS003","message":"510","info":"AGELA LUTFI KHOIRUNNISA--TERCATAT! 10 dtk lalu","nokartu":"B8D3BBCF"}]}
Berhasil kirim balasan ke "responServer/2309MAS003"

[2026-01-05 12:22:31]
Menerima pesan dari: dariMCU/2309MAS003 - Pesan: {"nokartu":"B9FBC7A5","idchip":"16581755","nodevice":"2309MAS003","key":"1234567890987654321","ipa":"10.10.1.23"}
[2026-01-05 12:22:31]
Berhasil merespon "dariMCU/2309MAS003" : {"respon":[{"id":"16581755","nodevice":"2309MAS003","message":"BMPE","info":"MEILANI RIZQINA FIZIA--Berhasil Presensi -Mulai-","nokartu":"B9FBC7A5"}]}
Berhasil kirim balasan ke "responServer/2309MAS003"

[2026-01-05 12:22:35]
Menerima pesan dari: dariMCU/2309MAS003 - Pesan: {"nokartu":"784B19D3","idchip":"16581755","nodevice":"2309MAS003","key":"1234567890987654321","ipa":"10.10.1.23"}
[2026-01-05 12:22:35]
Berhasil merespon "dariMCU/2309MAS003" : {"respon":[{"id":"16581755","nodevice":"2309MAS003","message":"BMPE","info":"SYHFA PUTRI ARDANIA--Berhasil Presensi -Mulai-","nokartu":"784B19D3"}]}
Berhasil kirim balasan ke "responServer/2309MAS003"

[2026-01-05 12:23:54]
Menerima pesan dari: dariMCU/2309MAS003 - Pesan: {"nokartu":"44DF5ECB","idchip":"16581755","nodevice":"2309MAS003","key":"1234567890987654321","ipa":"10.10.1.23"}
[2026-01-05 12:23:54]
Berhasil merespon "dariMCU/2309MAS003" : {"respon":[{"id":"16581755","nodevice":"2309MAS003","message":"BMPE","info":"KHARISMA NUR DIAN--Berhasil Presensi -Mulai-","nokartu":"44DF5ECB"}]}
Berhasil kirim balasan ke "responServer/2309MAS003"

[2026-01-05 12:23:57]
Menerima pesan dari: dariMCU/2309MAS003 - Pesan: {"nokartu":"D62499A9","idchip":"16581755","nodevice":"2309MAS003","key":"1234567890987654321","ipa":"10.10.1.23"}
[2026-01-05 12:23:57]
Berhasil merespon "dariMCU/2309MAS003" : {"respon":[{"id":"16581755","nodevice":"2309MAS003","message":"BMPE","info":"FARROS HIBBAN ADI MAULANA--Berhasil Presensi -Mulai-","nokartu":"D62499A9"}]}
Berhasil kirim balasan ke "responServer/2309MAS003"

[2026-01-05 12:24:00]
Menerima pesan dari: dariMCU/2309MAS003 - Pesan: {"nokartu":"D4CCCCCB","idchip":"16581755","nodevice":"2309MAS003","key":"1234567890987654321","ipa":"10.10.1.23"}
[2026-01-05 12:24:00]
Berhasil merespon "dariMCU/2309MAS003" : {"respon":[{"id":"16581755","nodevice":"2309MAS003","message":"BMPE","info":"MUHAMMAD JA FAR SYARIF--Berhasil Presensi -Mulai-","nokartu":"D4CCCCCB"}]}
Berhasil kirim balasan ke "responServer/2309MAS003"

[2026-01-05 12:26:07]
Menerima pesan dari: dariMCU/2309MAS003 - Pesan: {"nokartu":"E49F2ACB","idchip":"16581755","nodevice":"2309MAS003","key":"1234567890987654321","ipa":"10.10.1.23"}
[2026-01-05 12:26:07]
Berhasil merespon "dariMCU/2309MAS003" : {"respon":[{"id":"16581755","nodevice":"2309MAS003","message":"BMPE","info":"TIFATUL FAIZAH--Berhasil Presensi -Mulai-","nokartu":"E49F2ACB"}]}
Berhasil kirim balasan ke "responServer/2309MAS003"

[2026-01-05 12:26:10]
Menerima pesan dari: dariMCU/2309MAS003 - Pesan: {"nokartu":"559B57CA","idchip":"16581755","nodevice":"2309MAS003","key":"1234567890987654321","ipa":"10.10.1.23"}
[2026-01-05 12:26:10]
Berhasil merespon "dariMCU/2309MAS003" : {"respon":[{"id":"16581755","nodevice":"2309MAS003","message":"BMPE","info":"SAFA MAULIDA ADAWIYAH--Berhasil Presensi -Mulai-","nokartu":"559B57CA"}]}
Berhasil kirim balasan ke "responServer/2309MAS003"

[2026-01-05 12:26:13]
Menerima pesan dari: dariMCU/2309MAS003 - Pesan: {"nokartu":"F45569C6","idchip":"16581755","nodevice":"2309MAS003","key":"1234567890987654321","ipa":"10.10.1.23"}
[2026-01-05 12:26:13]
Berhasil merespon "dariMCU/2309MAS003" : {"respon":[{"id":"16581755","nodevice":"2309MAS003","message":"BMPE","info":"MAULIDA LAILATUL KHASANAH--Berhasil Presensi -Mulai-","nokartu":"F45569C6"}]}
Berhasil kirim balasan ke "responServer/2309MAS003"

[2026-01-05 12:26:16]
Menerima pesan dari: dariMCU/2309MAS003 - Pesan: {"nokartu":"F45569C6","idchip":"16581755","nodevice":"2309MAS003","key":"1234567890987654321","ipa":"10.10.1.23"}
[2026-01-05 12:26:16]
Berhasil merespon "dariMCU/2309MAS003" : {"respon":[{"id":"16581755","nodevice":"2309MAS003","message":"510","info":"MAULIDA LAILATUL KHASANAH--TERCATAT! 3 dtk lalu","nokartu":"F45569C6"}]}
Berhasil kirim balasan ke "responServer/2309MAS003"

[2026-01-05 12:26:20]
Menerima pesan dari: dariMCU/2309MAS003 - Pesan: {"nokartu":"E49F2ACB","idchip":"16581755","nodevice":"2309MAS003","key":"1234567890987654321","ipa":"10.10.1.23"}
[2026-01-05 12:26:20]
Berhasil merespon "dariMCU/2309MAS003" : {"respon":[{"id":"16581755","nodevice":"2309MAS003","message":"510","info":"TIFATUL FAIZAH--TERCATAT! 13 dtk lalu","nokartu":"E49F2ACB"}]}
Berhasil kirim balasan ke "responServer/2309MAS003"

[2026-01-05 12:26:23]
Menerima pesan dari: dariMCU/2309MAS003 - Pesan: {"nokartu":"E49F2ACB","idchip":"16581755","nodevice":"2309MAS003","key":"1234567890987654321","ipa":"10.10.1.23"}
[2026-01-05 12:26:23]
Berhasil merespon "dariMCU/2309MAS003" : {"respon":[{"id":"16581755","nodevice":"2309MAS003","message":"510","info":"TIFATUL FAIZAH--TERCATAT! 16 dtk lalu","nokartu":"E49F2ACB"}]}
Berhasil kirim balasan ke "responServer/2309MAS003"

[2026-01-05 12:26:27]
Menerima pesan dari: dariMCU/2309MAS003 - Pesan: {"nokartu":"E49F2ACB","idchip":"16581755","nodevice":"2309MAS003","key":"1234567890987654321","ipa":"10.10.1.23"}
[2026-01-05 12:26:27]
Berhasil merespon "dariMCU/2309MAS003" : {"respon":[{"id":"16581755","nodevice":"2309MAS003","message":"510","info":"TIFATUL FAIZAH--TERCATAT! 20 dtk lalu","nokartu":"E49F2ACB"}]}
Berhasil kirim balasan ke "responServer/2309MAS003"

[2026-01-05 12:26:31]
Menerima pesan dari: dariMCU/2309MAS003 - Pesan: {"nokartu":"85852ECA","idchip":"16581755","nodevice":"2309MAS003","key":"1234567890987654321","ipa":"10.10.1.23"}
[2026-01-05 12:26:31]
Berhasil merespon "dariMCU/2309MAS003" : {"respon":[{"id":"16581755","nodevice":"2309MAS003","message":"BMPE","info":"ZAKIAH ROKHIMATUL JANNAH--Berhasil Presensi -Mulai-","nokartu":"85852ECA"}]}
Berhasil kirim balasan ke "responServer/2309MAS003"

[2026-01-05 12:27:24]
Menerima pesan dari: dariMCU/2309MAS003 - Pesan: {"nokartu":"C406A8CB","idchip":"16581755","nodevice":"2309MAS003","key":"1234567890987654321","ipa":"10.10.1.23"}
[2026-01-05 12:27:24]
Berhasil merespon "dariMCU/2309MAS003" : {"respon":[{"id":"16581755","nodevice":"2309MAS003","message":"BMPE","info":"ABEL VIOGHANIA--Berhasil Presensi -Mulai-","nokartu":"C406A8CB"}]}
Berhasil kirim balasan ke "responServer/2309MAS003"

[2026-01-05 12:27:27]
Menerima pesan dari: dariMCU/2309MAS003 - Pesan: {"nokartu":"B486E4BB","idchip":"16581755","nodevice":"2309MAS003","key":"1234567890987654321","ipa":"10.10.1.23"}
[2026-01-05 12:27:27]
Berhasil merespon "dariMCU/2309MAS003" : {"respon":[{"id":"16581755","nodevice":"2309MAS003","message":"BMPE","info":"ERLITA FAZA ALHUSNA--Berhasil Presensi -Mulai-","nokartu":"B486E4BB"}]}
Berhasil kirim balasan ke "responServer/2309MAS003"

[2026-01-05 12:27:30]
Menerima pesan dari: dariMCU/2309MAS003 - Pesan: {"nokartu":"B486E4BB","idchip":"16581755","nodevice":"2309MAS003","key":"1234567890987654321","ipa":"10.10.1.23"}
[2026-01-05 12:27:30]
Berhasil merespon "dariMCU/2309MAS003" : {"respon":[{"id":"16581755","nodevice":"2309MAS003","message":"510","info":"ERLITA FAZA ALHUSNA--TERCATAT! 3 dtk lalu","nokartu":"B486E4BB"}]}
Berhasil kirim balasan ke "responServer/2309MAS003"

[2026-01-05 12:27:33]
Menerima pesan dari: dariMCU/2309MAS003 - Pesan: {"nokartu":"E4D38DCB","idchip":"16581755","nodevice":"2309MAS003","key":"1234567890987654321","ipa":"10.10.1.23"}
[2026-01-05 12:27:33]
Berhasil merespon "dariMCU/2309MAS003" : {"respon":[{"id":"16581755","nodevice":"2309MAS003","message":"BMPE","info":"KEYLA DARA KIRANA--Berhasil Presensi -Mulai-","nokartu":"E4D38DCB"}]}
Berhasil kirim balasan ke "responServer/2309MAS003"

[2026-01-05 12:27:36]
Menerima pesan dari: dariMCU/2309MAS003 - Pesan: {"nokartu":"E4D38DCB","idchip":"16581755","nodevice":"2309MAS003","key":"1234567890987654321","ipa":"10.10.1.23"}
[2026-01-05 12:27:36]
Berhasil merespon "dariMCU/2309MAS003" : {"respon":[{"id":"16581755","nodevice":"2309MAS003","message":"510","info":"KEYLA DARA KIRANA--TERCATAT! 3 dtk lalu","nokartu":"E4D38DCB"}]}
Berhasil kirim balasan ke "responServer/2309MAS003"

[2026-01-05 12:27:39]
Menerima pesan dari: dariMCU/2309MAS003 - Pesan: {"nokartu":"A53CE6CA","idchip":"16581755","nodevice":"2309MAS003","key":"1234567890987654321","ipa":"10.10.1.23"}
[2026-01-05 12:27:39]
Berhasil merespon "dariMCU/2309MAS003" : {"respon":[{"id":"16581755","nodevice":"2309MAS003","message":"BMPE","info":"ANDIN OKTAVIA--Berhasil Presensi -Mulai-","nokartu":"A53CE6CA"}]}
Berhasil kirim balasan ke "responServer/2309MAS003"

[2026-01-05 12:27:42]
Menerima pesan dari: dariMCU/2309MAS003 - Pesan: {"nokartu":"A53CE6CA","idchip":"16581755","nodevice":"2309MAS003","key":"1234567890987654321","ipa":"10.10.1.23"}
[2026-01-05 12:27:42]
Berhasil merespon "dariMCU/2309MAS003" : {"respon":[{"id":"16581755","nodevice":"2309MAS003","message":"510","info":"ANDIN OKTAVIA--TERCATAT! 3 dtk lalu","nokartu":"A53CE6CA"}]}
Berhasil kirim balasan ke "responServer/2309MAS003"

[2026-01-05 12:28:35]
Menerima pesan dari: dariMCU/2309MAS003 - Pesan: {"nokartu":"642555BC","idchip":"16581755","nodevice":"2309MAS003","key":"1234567890987654321","ipa":"10.10.1.23"}
[2026-01-05 12:28:35]
Berhasil merespon "dariMCU/2309MAS003" : {"respon":[{"id":"16581755","nodevice":"2309MAS003","message":"BMPE","info":"AVALENO IBRADIYYA ULHAQ--Berhasil Presensi -Mulai-","nokartu":"642555BC"}]}
Berhasil kirim balasan ke "responServer/2309MAS003"

[2026-01-05 12:28:40]
Menerima pesan dari: dariMCU/2309MAS003 - Pesan: {"nokartu":"EB27A8B7","idchip":"16581755","nodevice":"2309MAS003","key":"1234567890987654321","ipa":"10.10.1.23"}
[2026-01-05 12:28:40]
Berhasil merespon "dariMCU/2309MAS003" : {"respon":[{"id":"16581755","nodevice":"2309MAS003","message":"BMPE","info":"CATRA DANADYAKSA--Berhasil Presensi -Mulai-","nokartu":"EB27A8B7"}]}
Berhasil kirim balasan ke "responServer/2309MAS003"

[2026-01-05 12:28:43]
Menerima pesan dari: dariMCU/2309MAS003 - Pesan: {"nokartu":"15487DBF","idchip":"16581755","nodevice":"2309MAS003","key":"1234567890987654321","ipa":"10.10.1.23"}
[2026-01-05 12:28:43]
Berhasil merespon "dariMCU/2309MAS003" : {"respon":[{"id":"16581755","nodevice":"2309MAS003","message":"BMPE","info":"MUHAMMAD AKHYAS KHOIRUL ANAMI--Berhasil Presensi -Mulai-","nokartu":"15487DBF"}]}
Berhasil kirim balasan ke "responServer/2309MAS003"

[2026-01-05 12:28:46]
Menerima pesan dari: dariMCU/2309MAS003 - Pesan: {"nokartu":"968822AA","idchip":"16581755","nodevice":"2309MAS003","key":"1234567890987654321","ipa":"10.10.1.23"}
[2026-01-05 12:28:46]
Berhasil merespon "dariMCU/2309MAS003" : {"respon":[{"id":"16581755","nodevice":"2309MAS003","message":"BMPE","info":"AXXEL LUDWIG MALIK SECHAN--Berhasil Presensi -Mulai-","nokartu":"968822AA"}]}
Berhasil kirim balasan ke "responServer/2309MAS003"

[2026-01-05 12:28:51]
Menerima pesan dari: dariMCU/2309MAS003 - Pesan: {"nokartu":"75D7C5BE","idchip":"16581755","nodevice":"2309MAS003","key":"1234567890987654321","ipa":"10.10.1.23"}
[2026-01-05 12:28:51]
Berhasil merespon "dariMCU/2309MAS003" : {"respon":[{"id":"16581755","nodevice":"2309MAS003","message":"BMPE","info":"ANTONY DWI CAHYO--Berhasil Presensi -Mulai-","nokartu":"75D7C5BE"}]}
Berhasil kirim balasan ke "responServer/2309MAS003"

[2026-01-05 12:28:55]
Menerima pesan dari: dariMCU/2309MAS003 - Pesan: {"nokartu":"A51174BE","idchip":"16581755","nodevice":"2309MAS003","key":"1234567890987654321","ipa":"10.10.1.23"}
[2026-01-05 12:28:55]
Berhasil merespon "dariMCU/2309MAS003" : {"respon":[{"id":"16581755","nodevice":"2309MAS003","message":"BMPE","info":"RIFKI ANANTA PUTRA--Berhasil Presensi -Mulai-","nokartu":"A51174BE"}]}
Berhasil kirim balasan ke "responServer/2309MAS003"

[2026-01-05 12:31:08]
Menerima pesan dari: dariMCU/2309MAS003 - Pesan: {"nokartu":"A999A7B1","idchip":"16581755","nodevice":"2309MAS003","key":"1234567890987654321","ipa":"10.10.1.23"}
[2026-01-05 12:31:08]
Berhasil merespon "dariMCU/2309MAS003" : {"respon":[{"id":"16581755","nodevice":"2309MAS003","message":"BMPE","info":"ALFIRA ULFIANA--Berhasil Presensi -Mulai-","nokartu":"A999A7B1"}]}
Berhasil kirim balasan ke "responServer/2309MAS003"

[2026-01-05 12:31:10]
Menerima pesan dari: dariMCU/2309MAS003 - Pesan: {"nokartu":"A999A7B1","idchip":"16581755","nodevice":"2309MAS003","key":"1234567890987654321","ipa":"10.10.1.23"}
[2026-01-05 12:31:10]
Berhasil merespon "dariMCU/2309MAS003" : {"respon":[{"id":"16581755","nodevice":"2309MAS003","message":"510","info":"ALFIRA ULFIANA--TERCATAT! 2 dtk lalu","nokartu":"A999A7B1"}]}
Berhasil kirim balasan ke "responServer/2309MAS003"

[2026-01-05 12:31:14]
Menerima pesan dari: dariMCU/2309MAS003 - Pesan: {"nokartu":"84CBC2BC","idchip":"16581755","nodevice":"2309MAS003","key":"1234567890987654321","ipa":"10.10.1.23"}
[2026-01-05 12:31:14]
Berhasil merespon "dariMCU/2309MAS003" : {"respon":[{"id":"16581755","nodevice":"2309MAS003","message":"BMPE","info":"ALICYA FAKHREZA--Berhasil Presensi -Mulai-","nokartu":"84CBC2BC"}]}
Berhasil kirim balasan ke "responServer/2309MAS003"

[2026-01-05 12:31:55]
Menerima pesan dari: dariMCU/2309MAS003 - Pesan: {"nokartu":"F311F4E4","idchip":"16581755","nodevice":"2309MAS003","key":"1234567890987654321","ipa":"10.10.1.23"}
[2026-01-05 12:31:55]
Berhasil merespon "dariMCU/2309MAS003" : {"respon":[{"id":"16581755","nodevice":"2309MAS003","message":"BMPE","info":"Mario Samosyir Akbar--Berhasil Presensi -Mulai-","nokartu":"F311F4E4"}]}
Berhasil kirim balasan ke "responServer/2309MAS003"

[2026-01-05 12:32:00]
Menerima pesan dari: dariMCU/2309MAS003 - Pesan: {"nokartu":"F311F4E4","idchip":"16581755","nodevice":"2309MAS003","key":"1234567890987654321","ipa":"10.10.1.23"}
[2026-01-05 12:32:00]
Berhasil merespon "dariMCU/2309MAS003" : {"respon":[{"id":"16581755","nodevice":"2309MAS003","message":"510","info":"Mario Samosyir Akbar--TERCATAT! 5 dtk lalu","nokartu":"F311F4E4"}]}
Berhasil kirim balasan ke "responServer/2309MAS003"

[2026-01-05 12:32:04]
Menerima pesan dari: dariMCU/2309MAS003 - Pesan: {"nokartu":"A3DECAE2","idchip":"16581755","nodevice":"2309MAS003","key":"1234567890987654321","ipa":"10.10.1.23"}
[2026-01-05 12:32:04]
Berhasil merespon "dariMCU/2309MAS003" : {"respon":[{"id":"16581755","nodevice":"2309MAS003","message":"BMPE","info":"Rizqy Nurfirdaus--Berhasil Presensi -Mulai-","nokartu":"A3DECAE2"}]}
Berhasil kirim balasan ke "responServer/2309MAS003"

[2026-01-05 12:32:07]
Menerima pesan dari: dariMCU/2309MAS003 - Pesan: {"nokartu":"A3DECAE2","idchip":"16581755","nodevice":"2309MAS003","key":"1234567890987654321","ipa":"10.10.1.23"}
[2026-01-05 12:32:07]
Berhasil merespon "dariMCU/2309MAS003" : {"respon":[{"id":"16581755","nodevice":"2309MAS003","message":"510","info":"Rizqy Nurfirdaus--TERCATAT! 3 dtk lalu","nokartu":"A3DECAE2"}]}
Berhasil kirim balasan ke "responServer/2309MAS003"

[2026-01-05 12:32:52]
Menerima pesan dari: dariMCU/2309MAS003 - Pesan: {"nokartu":"E4B0BBCB","idchip":"16581755","nodevice":"2309MAS003","key":"1234567890987654321","ipa":"10.10.1.23"}
[2026-01-05 12:32:52]
Berhasil merespon "dariMCU/2309MAS003" : {"respon":[{"id":"16581755","nodevice":"2309MAS003","message":"BMPE","info":"YULFA ROHADATUL AIS--Berhasil Presensi -Mulai-","nokartu":"E4B0BBCB"}]}
Berhasil kirim balasan ke "responServer/2309MAS003"

[2026-01-05 12:32:54]
Menerima pesan dari: dariMCU/2309MAS003 - Pesan: {"nokartu":"E4B0BBCB","idchip":"16581755","nodevice":"2309MAS003","key":"1234567890987654321","ipa":"10.10.1.23"}
[2026-01-05 12:32:54]
Berhasil merespon "dariMCU/2309MAS003" : {"respon":[{"id":"16581755","nodevice":"2309MAS003","message":"510","info":"YULFA ROHADATUL AIS--TERCATAT! 2 dtk lalu","nokartu":"E4B0BBCB"}]}
Berhasil kirim balasan ke "responServer/2309MAS003"

[2026-01-05 12:32:57]
Menerima pesan dari: dariMCU/2309MAS003 - Pesan: {"nokartu":"741EE1CB","idchip":"16581755","nodevice":"2309MAS003","key":"1234567890987654321","ipa":"10.10.1.23"}
[2026-01-05 12:32:57]
Berhasil merespon "dariMCU/2309MAS003" : {"respon":[{"id":"16581755","nodevice":"2309MAS003","message":"BMPE","info":"TARA SALI PUTRI--Berhasil Presensi -Mulai-","nokartu":"741EE1CB"}]}
Berhasil kirim balasan ke "responServer/2309MAS003"

[2026-01-05 12:33:00]
Menerima pesan dari: dariMCU/2309MAS003 - Pesan: {"nokartu":"459BFACA","idchip":"16581755","nodevice":"2309MAS003","key":"1234567890987654321","ipa":"10.10.1.23"}
[2026-01-05 12:33:00]
Berhasil merespon "dariMCU/2309MAS003" : {"respon":[{"id":"16581755","nodevice":"2309MAS003","message":"BMPE","info":"SYAFA AGHSTASYA--Berhasil Presensi -Mulai-","nokartu":"459BFACA"}]}
Berhasil kirim balasan ke "responServer/2309MAS003"

[2026-01-05 12:33:03]
Menerima pesan dari: dariMCU/2309MAS003 - Pesan: {"nokartu":"E91AE2B1","idchip":"16581755","nodevice":"2309MAS003","key":"1234567890987654321","ipa":"10.10.1.23"}
[2026-01-05 12:33:03]
Berhasil merespon "dariMCU/2309MAS003" : {"respon":[{"id":"16581755","nodevice":"2309MAS003","message":"BMPE","info":"LISA KHOLIFATUL LATIFAH--Berhasil Presensi -Mulai-","nokartu":"E91AE2B1"}]}
Berhasil kirim balasan ke "responServer/2309MAS003"

[2026-01-05 12:33:07]
Menerima pesan dari: dariMCU/2309MAS003 - Pesan: {"nokartu":"681380D3","idchip":"16581755","nodevice":"2309MAS003","key":"1234567890987654321","ipa":"10.10.1.23"}
[2026-01-05 12:33:07]
Berhasil merespon "dariMCU/2309MAS003" : {"respon":[{"id":"16581755","nodevice":"2309MAS003","message":"BMPE","info":"MEISELLA PUTRI ANGGRAENI--Berhasil Presensi -Mulai-","nokartu":"681380D3"}]}
Berhasil kirim balasan ke "responServer/2309MAS003"

[2026-01-05 12:33:35]
Menerima pesan dari: dariMCU/2309MAS003 - Pesan: {"nokartu":"3A76D8C3","idchip":"16581755","nodevice":"2309MAS003","key":"1234567890987654321","ipa":"10.10.1.23"}
[2026-01-05 12:33:35]
Berhasil merespon "dariMCU/2309MAS003" : {"respon":[{"id":"16581755","nodevice":"2309MAS003","message":"BMPE","info":"RISKI DWI PUTRA--Berhasil Presensi -Mulai-","nokartu":"3A76D8C3"}]}
Berhasil kirim balasan ke "responServer/2309MAS003"

[2026-01-05 12:33:37]
Menerima pesan dari: dariMCU/2309MAS003 - Pesan: {"nokartu":"3A76D8C3","idchip":"16581755","nodevice":"2309MAS003","key":"1234567890987654321","ipa":"10.10.1.23"}
[2026-01-05 12:33:37]
Berhasil merespon "dariMCU/2309MAS003" : {"respon":[{"id":"16581755","nodevice":"2309MAS003","message":"510","info":"RISKI DWI PUTRA--TERCATAT! 2 dtk lalu","nokartu":"3A76D8C3"}]}
Berhasil kirim balasan ke "responServer/2309MAS003"

[2026-01-05 12:33:41]
Menerima pesan dari: dariMCU/2309MAS003 - Pesan: {"nokartu":"84922ABC","idchip":"16581755","nodevice":"2309MAS003","key":"1234567890987654321","ipa":"10.10.1.23"}
[2026-01-05 12:33:41]
Berhasil merespon "dariMCU/2309MAS003" : {"respon":[{"id":"16581755","nodevice":"2309MAS003","message":"BMPE","info":"REFKA AZURI AKBAR PRATAMA--Berhasil Presensi -Mulai-","nokartu":"84922ABC"}]}
Berhasil kirim balasan ke "responServer/2309MAS003"

[2026-01-05 12:34:37]
Menerima pesan dari: dariMCU/2309MAS003 - Pesan: {"nokartu":"74415DBC","idchip":"16581755","nodevice":"2309MAS003","key":"1234567890987654321","ipa":"10.10.1.23"}
[2026-01-05 12:34:37]
Berhasil merespon "dariMCU/2309MAS003" : {"respon":[{"id":"16581755","nodevice":"2309MAS003","message":"BMPE","info":"NARARYA KEANU JIBRIL--Berhasil Presensi -Mulai-","nokartu":"74415DBC"}]}
Berhasil kirim balasan ke "responServer/2309MAS003"

[2026-01-05 12:34:41]
Menerima pesan dari: dariMCU/2309MAS003 - Pesan: {"nokartu":"C9587CB1","idchip":"16581755","nodevice":"2309MAS003","key":"1234567890987654321","ipa":"10.10.1.23"}
[2026-01-05 12:34:41]
Berhasil merespon "dariMCU/2309MAS003" : {"respon":[{"id":"16581755","nodevice":"2309MAS003","message":"BMPE","info":"FREDA GAUTAMA--Berhasil Presensi -Mulai-","nokartu":"C9587CB1"}]}
Berhasil kirim balasan ke "responServer/2309MAS003"

[2026-01-05 12:34:45]
Menerima pesan dari: dariMCU/2309MAS003 - Pesan: {"nokartu":"B3A7ECE4","idchip":"16581755","nodevice":"2309MAS003","key":"1234567890987654321","ipa":"10.10.1.23"}
[2026-01-05 12:34:45]
Berhasil merespon "dariMCU/2309MAS003" : {"respon":[{"id":"16581755","nodevice":"2309MAS003","message":"BMPE","info":"Nadine Hasna Nafisa--Berhasil Presensi -Mulai-","nokartu":"B3A7ECE4"}]}
Berhasil kirim balasan ke "responServer/2309MAS003"

[2026-01-05 12:34:48]
Menerima pesan dari: dariMCU/2309MAS003 - Pesan: {"nokartu":"F9116BB1","idchip":"16581755","nodevice":"2309MAS003","key":"1234567890987654321","ipa":"10.10.1.23"}
[2026-01-05 12:34:48]
Berhasil merespon "dariMCU/2309MAS003" : {"respon":[{"id":"16581755","nodevice":"2309MAS003","message":"BMPE","info":"MAHARDIKA PUTRA SADEWA--Berhasil Presensi -Mulai-","nokartu":"F9116BB1"}]}
Berhasil kirim balasan ke "responServer/2309MAS003"

[2026-01-05 12:34:50]
Menerima pesan dari: dariMCU/2309MAS003 - Pesan: {"nokartu":"583433D3","idchip":"16581755","nodevice":"2309MAS003","key":"1234567890987654321","ipa":"10.10.1.23"}
[2026-01-05 12:34:50]
Berhasil merespon "dariMCU/2309MAS003" : {"respon":[{"id":"16581755","nodevice":"2309MAS003","message":"BMPE","info":"RAKA MARFEL SAPUTRA--Berhasil Presensi -Mulai-","nokartu":"583433D3"}]}
Berhasil kirim balasan ke "responServer/2309MAS003"

[2026-01-05 12:34:57]
Menerima pesan dari: dariMCU/2309MAS003 - Pesan: {"nokartu":"C51125BE","idchip":"16581755","nodevice":"2309MAS003","key":"1234567890987654321","ipa":"10.10.1.23"}
[2026-01-05 12:34:57]
Berhasil merespon "dariMCU/2309MAS003" : {"respon":[{"id":"16581755","nodevice":"2309MAS003","message":"BMPE","info":"MUHAMMAD ILHAM RAMADHAN--Berhasil Presensi -Mulai-","nokartu":"C51125BE"}]}
Berhasil kirim balasan ke "responServer/2309MAS003"

[2026-01-05 12:35:04]
Menerima pesan dari: dariMCU/2309MAS003 - Pesan: {"nokartu":"B51EE0BE","idchip":"16581755","nodevice":"2309MAS003","key":"1234567890987654321","ipa":"10.10.1.23"}
[2026-01-05 12:35:04]
Berhasil merespon "dariMCU/2309MAS003" : {"respon":[{"id":"16581755","nodevice":"2309MAS003","message":"BMPE","info":"THARIQ NABIL--Berhasil Presensi -Mulai-","nokartu":"B51EE0BE"}]}
Berhasil kirim balasan ke "responServer/2309MAS003"

[2026-01-05 12:35:07]
Menerima pesan dari: dariMCU/2309MAS003 - Pesan: {"nokartu":"44B6FBBC","idchip":"16581755","nodevice":"2309MAS003","key":"1234567890987654321","ipa":"10.10.1.23"}
[2026-01-05 12:35:07]
Berhasil merespon "dariMCU/2309MAS003" : {"respon":[{"id":"16581755","nodevice":"2309MAS003","message":"BMPE","info":"FADHIL ARRAHMAN--Berhasil Presensi -Mulai-","nokartu":"44B6FBBC"}]}
Berhasil kirim balasan ke "responServer/2309MAS003"

[2026-01-05 12:35:09]
Menerima pesan dari: dariMCU/2309MAS003 - Pesan: {"nokartu":"44CFCDCB","idchip":"16581755","nodevice":"2309MAS003","key":"1234567890987654321","ipa":"10.10.1.23"}
[2026-01-05 12:35:09]
Berhasil merespon "dariMCU/2309MAS003" : {"respon":[{"id":"16581755","nodevice":"2309MAS003","message":"BMPE","info":"SETYO NUGROHO--Berhasil Presensi -Mulai-","nokartu":"44CFCDCB"}]}
Berhasil kirim balasan ke "responServer/2309MAS003"

[2026-01-05 12:35:12]
Menerima pesan dari: dariMCU/2309MAS003 - Pesan: {"nokartu":"44CFCDCB","idchip":"16581755","nodevice":"2309MAS003","key":"1234567890987654321","ipa":"10.10.1.23"}
[2026-01-05 12:35:12]
Berhasil merespon "dariMCU/2309MAS003" : {"respon":[{"id":"16581755","nodevice":"2309MAS003","message":"510","info":"SETYO NUGROHO--TERCATAT! 3 dtk lalu","nokartu":"44CFCDCB"}]}
Berhasil kirim balasan ke "responServer/2309MAS003"

[2026-01-05 12:38:29]
Menerima pesan dari: dariMCU/2309MAS003 - Pesan: {"nokartu":"4B7B75A9","idchip":"16581755","nodevice":"2309MAS003","key":"1234567890987654321","ipa":"10.10.1.23"}
[2026-01-05 12:38:29]
Berhasil merespon "dariMCU/2309MAS003" : {"respon":[{"id":"16581755","nodevice":"2309MAS003","message":"BMPE","info":"ATA NAFISSATUN NABILA--Berhasil Presensi -Mulai-","nokartu":"4B7B75A9"}]}
Berhasil kirim balasan ke "responServer/2309MAS003"

[2026-01-05 12:38:33]
Menerima pesan dari: dariMCU/2309MAS003 - Pesan: {"nokartu":"CB3919A9","idchip":"16581755","nodevice":"2309MAS003","key":"1234567890987654321","ipa":"10.10.1.23"}
[2026-01-05 12:38:33]
Berhasil merespon "dariMCU/2309MAS003" : {"respon":[{"id":"16581755","nodevice":"2309MAS003","message":"BMPE","info":"ARFIA AIN NAZANISA--Berhasil Presensi -Mulai-","nokartu":"CB3919A9"}]}
Berhasil kirim balasan ke "responServer/2309MAS003"

[2026-01-05 12:38:36]
Menerima pesan dari: dariMCU/2309MAS003 - Pesan: {"nokartu":"59085EA6","idchip":"16581755","nodevice":"2309MAS003","key":"1234567890987654321","ipa":"10.10.1.23"}
[2026-01-05 12:38:36]
Berhasil merespon "dariMCU/2309MAS003" : {"respon":[{"id":"16581755","nodevice":"2309MAS003","message":"BMPE","info":"INTAN NUR AZIZAH--Berhasil Presensi -Mulai-","nokartu":"59085EA6"}]}
Berhasil kirim balasan ke "responServer/2309MAS003"

[2026-01-05 12:38:41]
Menerima pesan dari: dariMCU/2309MAS003 - Pesan: {"nokartu":"3BD94AAA","idchip":"16581755","nodevice":"2309MAS003","key":"1234567890987654321","ipa":"10.10.1.23"}
[2026-01-05 12:38:41]
Berhasil merespon "dariMCU/2309MAS003" : {"respon":[{"id":"16581755","nodevice":"2309MAS003","message":"BMPE","info":"RAIZA NABIL--Berhasil Presensi -Mulai-","nokartu":"3BD94AAA"}]}
Berhasil kirim balasan ke "responServer/2309MAS003"

[2026-01-05 12:39:31]
Menerima pesan dari: dariMCU/2309MAS003 - Pesan: {"nokartu":"348F80BC","idchip":"16581755","nodevice":"2309MAS003","key":"1234567890987654321","ipa":"10.10.1.23"}
[2026-01-05 12:39:31]
Berhasil merespon "dariMCU/2309MAS003" : {"respon":[{"id":"16581755","nodevice":"2309MAS003","message":"BMPE","info":"NABILLA SALFA RAHMAWATI--Berhasil Presensi -Mulai-","nokartu":"348F80BC"}]}
Berhasil kirim balasan ke "responServer/2309MAS003"

[2026-01-05 12:40:05]
Menerima pesan dari: dariMCU/2309MAS003 - Pesan: {"nokartu":"435BD054","idchip":"16581755","nodevice":"2309MAS003","key":"1234567890987654321","ipa":"10.10.1.23"}
[2026-01-05 12:40:05]
Berhasil merespon "dariMCU/2309MAS003" : {"respon":[{"id":"16581755","nodevice":"2309MAS003","message":"BMPE","info":"Klara Novita Anggraeni--Berhasil Presensi -Mulai-","nokartu":"435BD054"}]}
Berhasil kirim balasan ke "responServer/2309MAS003"

[2026-01-05 12:40:07]
Menerima pesan dari: dariMCU/2309MAS003 - Pesan: {"nokartu":"338CEA54","idchip":"16581755","nodevice":"2309MAS003","key":"1234567890987654321","ipa":"10.10.1.23"}
[2026-01-05 12:40:07]
Berhasil merespon "dariMCU/2309MAS003" : {"respon":[{"id":"16581755","nodevice":"2309MAS003","message":"BMPE","info":"Aisya Kinara Verlita--Berhasil Presensi -Mulai-","nokartu":"338CEA54"}]}
Berhasil kirim balasan ke "responServer/2309MAS003"

[2026-01-05 12:40:10]
Menerima pesan dari: dariMCU/2309MAS003 - Pesan: {"nokartu":"435BD054","idchip":"16581755","nodevice":"2309MAS003","key":"1234567890987654321","ipa":"10.10.1.23"}
[2026-01-05 12:40:10]
Berhasil merespon "dariMCU/2309MAS003" : {"respon":[{"id":"16581755","nodevice":"2309MAS003","message":"510","info":"Klara Novita Anggraeni--TERCATAT! 5 dtk lalu","nokartu":"435BD054"}]}
Berhasil kirim balasan ke "responServer/2309MAS003"

[2026-01-05 12:40:13]
Menerima pesan dari: dariMCU/2309MAS003 - Pesan: {"nokartu":"338CEA54","idchip":"16581755","nodevice":"2309MAS003","key":"1234567890987654321","ipa":"10.10.1.23"}
[2026-01-05 12:40:13]
Berhasil merespon "dariMCU/2309MAS003" : {"respon":[{"id":"16581755","nodevice":"2309MAS003","message":"510","info":"Aisya Kinara Verlita--TERCATAT! 6 dtk lalu","nokartu":"338CEA54"}]}
Berhasil kirim balasan ke "responServer/2309MAS003"

[2026-01-05 12:40:19]
Menerima pesan dari: dariMCU/2309MAS003 - Pesan: {"nokartu":"338CEA54","idchip":"16581755","nodevice":"2309MAS003","key":"1234567890987654321","ipa":"10.10.1.23"}
[2026-01-05 12:40:19]
Berhasil merespon "dariMCU/2309MAS003" : {"respon":[{"id":"16581755","nodevice":"2309MAS003","message":"510","info":"Aisya Kinara Verlita--TERCATAT! 12 dtk lalu","nokartu":"338CEA54"}]}
Berhasil kirim balasan ke "responServer/2309MAS003"

[2026-01-05 12:41:04]
Menerima pesan dari: dariMCU/2309IZ003 - Pesan: {"nokartu":"7876F4AD","idchip":"7737844","nodevice":"2309IZ003","key":"1234567890987654321","ipa":"10.10.25.71"}
[2026-01-05 12:41:04]
Berhasil merespon "dariMCU/2309IZ003" : {"respon":[{"id":"7737844","nodevice":"2309IZ003","message":"BMPE","info":"RAYA ARDITTRIA--Berhasil Presensi -Mulai-","nokartu":"7876F4AD"}]}
Berhasil kirim balasan ke "responServer/2309IZ003"

[2026-01-05 12:41:07]
Menerima pesan dari: dariMCU/2309IZ003 - Pesan: {"nokartu":"B5F35FBE","idchip":"7737844","nodevice":"2309IZ003","key":"1234567890987654321","ipa":"10.10.25.71"}
[2026-01-05 12:41:07]
Berhasil merespon "dariMCU/2309IZ003" : {"respon":[{"id":"7737844","nodevice":"2309IZ003","message":"BMPE","info":"NAURA ZANIAR--Berhasil Presensi -Mulai-","nokartu":"B5F35FBE"}]}
Berhasil kirim balasan ke "responServer/2309IZ003"

[2026-01-05 12:41:10]
Menerima pesan dari: dariMCU/2309IZ003 - Pesan: {"nokartu":"B5F35FBE","idchip":"7737844","nodevice":"2309IZ003","key":"1234567890987654321","ipa":"10.10.25.71"}
[2026-01-05 12:41:10]
Berhasil merespon "dariMCU/2309IZ003" : {"respon":[{"id":"7737844","nodevice":"2309IZ003","message":"510","info":"NAURA ZANIAR--TERCATAT! 3 dtk lalu","nokartu":"B5F35FBE"}]}
Berhasil kirim balasan ke "responServer/2309IZ003"

[2026-01-05 12:41:13]
Menerima pesan dari: dariMCU/2309IZ003 - Pesan: {"nokartu":"7876F4AD","idchip":"7737844","nodevice":"2309IZ003","key":"1234567890987654321","ipa":"10.10.25.71"}
[2026-01-05 12:41:13]
Berhasil merespon "dariMCU/2309IZ003" : {"respon":[{"id":"7737844","nodevice":"2309IZ003","message":"510","info":"RAYA ARDITTRIA--TERCATAT! 9 dtk lalu","nokartu":"7876F4AD"}]}
Berhasil kirim balasan ke "responServer/2309IZ003"

[2026-01-05 12:41:32]
Menerima pesan dari: dariMCU/2309MAS003 - Pesan: {"nokartu":"A5015CCA","idchip":"16581755","nodevice":"2309MAS003","key":"1234567890987654321","ipa":"10.10.1.23"}
[2026-01-05 12:41:32]
Berhasil merespon "dariMCU/2309MAS003" : {"respon":[{"id":"16581755","nodevice":"2309MAS003","message":"BMPE","info":"HAFIZ WAHYU IRMAWAN--Berhasil Presensi -Mulai-","nokartu":"A5015CCA"}]}
Berhasil kirim balasan ke "responServer/2309MAS003"

[2026-01-05 12:41:35]
Menerima pesan dari: dariMCU/2309MAS003 - Pesan: {"nokartu":"641549CB","idchip":"16581755","nodevice":"2309MAS003","key":"1234567890987654321","ipa":"10.10.1.23"}
[2026-01-05 12:41:35]
Berhasil merespon "dariMCU/2309MAS003" : {"respon":[{"id":"16581755","nodevice":"2309MAS003","message":"BMPE","info":"ARDAN ARDI LAKSONO--Berhasil Presensi -Mulai-","nokartu":"641549CB"}]}
Berhasil kirim balasan ke "responServer/2309MAS003"

[2026-01-05 12:41:36]
Menerima pesan dari: dariMCU/2309MAS003 - Pesan: {"nokartu":"641549CB","idchip":"16581755","nodevice":"2309MAS003","key":"1234567890987654321","ipa":"10.10.1.23"}
[2026-01-05 12:41:36]
Berhasil merespon "dariMCU/2309MAS003" : {"respon":[{"id":"16581755","nodevice":"2309MAS003","message":"510","info":"ARDAN ARDI LAKSONO--TERCATAT! 1 dtk lalu","nokartu":"641549CB"}]}
Berhasil kirim balasan ke "responServer/2309MAS003"

[2026-01-05 12:41:38]
Menerima pesan dari: dariMCU/2309MAS003 - Pesan: {"nokartu":"641549CB","idchip":"16581755","nodevice":"2309MAS003","key":"1234567890987654321","ipa":"10.10.1.23"}
[2026-01-05 12:41:38]
Berhasil merespon "dariMCU/2309MAS003" : {"respon":[{"id":"16581755","nodevice":"2309MAS003","message":"510","info":"ARDAN ARDI LAKSONO--TERCATAT! 3 dtk lalu","nokartu":"641549CB"}]}
Berhasil kirim balasan ke "responServer/2309MAS003"

[2026-01-05 12:41:48]
Menerima pesan dari: dariMCU/2309MAS003 - Pesan: {"nokartu":"E95F42B1","idchip":"16581755","nodevice":"2309MAS003","key":"1234567890987654321","ipa":"10.10.1.23"}
[2026-01-05 12:41:48]
Berhasil merespon "dariMCU/2309MAS003" : {"respon":[{"id":"16581755","nodevice":"2309MAS003","message":"BMPE","info":"RAFI IBRAHIMOFID--Berhasil Presensi -Mulai-","nokartu":"E95F42B1"}]}
Berhasil kirim balasan ke "responServer/2309MAS003"

[2026-01-05 12:41:49]
Menerima pesan dari: dariMCU/2309MAS003 - Pesan: {"nokartu":"E95F42B1","idchip":"16581755","nodevice":"2309MAS003","key":"1234567890987654321","ipa":"10.10.1.23"}
[2026-01-05 12:41:49]
Berhasil merespon "dariMCU/2309MAS003" : {"respon":[{"id":"16581755","nodevice":"2309MAS003","message":"510","info":"RAFI IBRAHIMOFID--TERCATAT! 1 dtk lalu","nokartu":"E95F42B1"}]}
Berhasil kirim balasan ke "responServer/2309MAS003"

[2026-01-05 12:41:51]
Menerima pesan dari: dariMCU/2309MAS003 - Pesan: {"nokartu":"73A371E4","idchip":"16581755","nodevice":"2309MAS003","key":"1234567890987654321","ipa":"10.10.1.23"}
[2026-01-05 12:41:51]
Berhasil merespon "dariMCU/2309MAS003" : {"respon":[{"id":"16581755","nodevice":"2309MAS003","message":"BMPE","info":"FAQIH AUFA IKHSANI--Berhasil Presensi -Mulai-","nokartu":"73A371E4"}]}
Berhasil kirim balasan ke "responServer/2309MAS003"

[2026-01-05 12:41:52]
Menerima pesan dari: dariMCU/2309MAS003 - Pesan: {"nokartu":"73A371E4","idchip":"16581755","nodevice":"2309MAS003","key":"1234567890987654321","ipa":"10.10.1.23"}
[2026-01-05 12:41:52]
Berhasil merespon "dariMCU/2309MAS003" : {"respon":[{"id":"16581755","nodevice":"2309MAS003","message":"510","info":"FAQIH AUFA IKHSANI--TERCATAT! 1 dtk lalu","nokartu":"73A371E4"}]}
Berhasil kirim balasan ke "responServer/2309MAS003"

[2026-01-05 12:41:58]
Menerima pesan dari: dariMCU/2309MAS003 - Pesan: {"nokartu":"E95F42B1","idchip":"16581755","nodevice":"2309MAS003","key":"1234567890987654321","ipa":"10.10.1.23"}
[2026-01-05 12:41:58]
Berhasil merespon "dariMCU/2309MAS003" : {"respon":[{"id":"16581755","nodevice":"2309MAS003","message":"510","info":"RAFI IBRAHIMOFID--TERCATAT! 10 dtk lalu","nokartu":"E95F42B1"}]}
Berhasil kirim balasan ke "responServer/2309MAS003"

[2026-01-05 12:42:03]
Menerima pesan dari: dariMCU/2309MAS003 - Pesan: {"nokartu":"A38155E4","idchip":"16581755","nodevice":"2309MAS003","key":"1234567890987654321","ipa":"10.10.1.23"}
[2026-01-05 12:42:03]
Berhasil merespon "dariMCU/2309MAS003" : {"respon":[{"id":"16581755","nodevice":"2309MAS003","message":"BMPE","info":"ABI RIZKI PRATAMA--Berhasil Presensi -Mulai-","nokartu":"A38155E4"}]}
Berhasil kirim balasan ke "responServer/2309MAS003"

[2026-01-05 12:42:07]
Menerima pesan dari: dariMCU/2309MAS003 - Pesan: {"nokartu":"23C5C3E2","idchip":"16581755","nodevice":"2309MAS003","key":"1234567890987654321","ipa":"10.10.1.23"}
[2026-01-05 12:42:07]
Berhasil merespon "dariMCU/2309MAS003" : {"respon":[{"id":"16581755","nodevice":"2309MAS003","message":"BMPE","info":"NI AM CHOIRIL UMMAM RAHAYU--Berhasil Presensi -Mulai-","nokartu":"23C5C3E2"}]}
Berhasil kirim balasan ke "responServer/2309MAS003"

[2026-01-05 12:42:10]
Menerima pesan dari: dariMCU/2309MAS003 - Pesan: {"nokartu":"E428D9CB","idchip":"16581755","nodevice":"2309MAS003","key":"1234567890987654321","ipa":"10.10.1.23"}
[2026-01-05 12:42:10]
Berhasil merespon "dariMCU/2309MAS003" : {"respon":[{"id":"16581755","nodevice":"2309MAS003","message":"BMPE","info":"ADHIMAS TYOFARIDHO IHZA HAFIDZ--Berhasil Presensi -Mulai-","nokartu":"E428D9CB"}]}
Berhasil kirim balasan ke "responServer/2309MAS003"

[2026-01-05 12:42:13]
Menerima pesan dari: dariMCU/2309MAS003 - Pesan: {"nokartu":"44CFCDCB","idchip":"16581755","nodevice":"2309MAS003","key":"1234567890987654321","ipa":"10.10.1.23"}
[2026-01-05 12:42:13]
Berhasil merespon "dariMCU/2309MAS003" : {"respon":[{"id":"16581755","nodevice":"2309MAS003","message":"BPSE","info":"SETYO NUGROHO--Berhasil Presensi -Selesai-","nokartu":"44CFCDCB"}]}
Berhasil kirim balasan ke "responServer/2309MAS003"

[2026-01-05 12:42:16]
Menerima pesan dari: dariMCU/2309MAS003 - Pesan: {"nokartu":"E428D9CB","idchip":"16581755","nodevice":"2309MAS003","key":"1234567890987654321","ipa":"10.10.1.23"}
[2026-01-05 12:42:16]
Berhasil merespon "dariMCU/2309MAS003" : {"respon":[{"id":"16581755","nodevice":"2309MAS003","message":"510","info":"ADHIMAS TYOFARIDHO IHZA HAFIDZ--TERCATAT! 6 dtk lalu","nokartu":"E428D9CB"}]}
Berhasil kirim balasan ke "responServer/2309MAS003"

[2026-01-05 12:42:19]
Menerima pesan dari: dariMCU/2309MAS003 - Pesan: {"nokartu":"44CFCDCB","idchip":"16581755","nodevice":"2309MAS003","key":"1234567890987654321","ipa":"10.10.1.23"}
[2026-01-05 12:42:19]
Berhasil merespon "dariMCU/2309MAS003" : {"respon":[{"id":"16581755","nodevice":"2309MAS003","message":"510","info":"SETYO NUGROHO--TERCATAT! 6 dtk lalu","nokartu":"44CFCDCB"}]}
Berhasil kirim balasan ke "responServer/2309MAS003"

[2026-01-05 12:42:27]
Menerima pesan dari: dariMCU/2309MAS003 - Pesan: {"nokartu":"2596C7BF","idchip":"16581755","nodevice":"2309MAS003","key":"1234567890987654321","ipa":"10.10.1.23"}
[2026-01-05 12:42:27]
Berhasil merespon "dariMCU/2309MAS003" : {"respon":[{"id":"16581755","nodevice":"2309MAS003","message":"BMPE","info":"DIANDRA YUDE PRAWIRA--Berhasil Presensi -Mulai-","nokartu":"2596C7BF"}]}
Berhasil kirim balasan ke "responServer/2309MAS003"

[2026-01-05 12:42:30]
Menerima pesan dari: dariMCU/2309MAS003 - Pesan: {"nokartu":"3BD94AAA","idchip":"16581755","nodevice":"2309MAS003","key":"1234567890987654321","ipa":"10.10.1.23"}
[2026-01-05 12:42:30]
Berhasil merespon "dariMCU/2309MAS003" : {"respon":[{"id":"16581755","nodevice":"2309MAS003","message":"BPSE","info":"RAIZA NABIL--Berhasil Presensi -Selesai-","nokartu":"3BD94AAA"}]}
Berhasil kirim balasan ke "responServer/2309MAS003"

[2026-01-05 12:43:40]
Menerima pesan dari: dariMCU/2309MAS003 - Pesan: {"nokartu":"B51612BE","idchip":"16581755","nodevice":"2309MAS003","key":"1234567890987654321","ipa":"10.10.1.23"}
[2026-01-05 12:43:40]
Berhasil merespon "dariMCU/2309MAS003" : {"respon":[{"id":"16581755","nodevice":"2309MAS003","message":"BMPE","info":"MUHAMAD RAKHA FADHIL--Berhasil Presensi -Mulai-","nokartu":"B51612BE"}]}
Berhasil kirim balasan ke "responServer/2309MAS003"

[2026-01-05 12:43:42]
Menerima pesan dari: dariMCU/2309MAS003 - Pesan: {"nokartu":"D92D30A5","idchip":"16581755","nodevice":"2309MAS003","key":"1234567890987654321","ipa":"10.10.1.23"}
[2026-01-05 12:43:42]
Berhasil merespon "dariMCU/2309MAS003" : {"respon":[{"id":"16581755","nodevice":"2309MAS003","message":"BMPE","info":"FERDIAN RADITYA--Berhasil Presensi -Mulai-","nokartu":"D92D30A5"}]}
Berhasil kirim balasan ke "responServer/2309MAS003"

[2026-01-05 12:43:47]
Menerima pesan dari: dariMCU/2309MAS003 - Pesan: {"nokartu":"24E782BC","idchip":"16581755","nodevice":"2309MAS003","key":"1234567890987654321","ipa":"10.10.1.23"}
[2026-01-05 12:43:47]
Berhasil merespon "dariMCU/2309MAS003" : {"respon":[{"id":"16581755","nodevice":"2309MAS003","message":"BMPE","info":"HASYA ALGHANIYA RUFARI--Berhasil Presensi -Mulai-","nokartu":"24E782BC"}]}
Berhasil kirim balasan ke "responServer/2309MAS003"

[2026-01-05 12:43:51]
Menerima pesan dari: dariMCU/2309MAS003 - Pesan: {"nokartu":"24E782BC","idchip":"16581755","nodevice":"2309MAS003","key":"1234567890987654321","ipa":"10.10.1.23"}
[2026-01-05 12:43:51]
Berhasil merespon "dariMCU/2309MAS003" : {"respon":[{"id":"16581755","nodevice":"2309MAS003","message":"510","info":"HASYA ALGHANIYA RUFARI--TERCATAT! 4 dtk lalu","nokartu":"24E782BC"}]}
Berhasil kirim balasan ke "responServer/2309MAS003"

[2026-01-05 12:43:54]
Menerima pesan dari: dariMCU/2309MAS003 - Pesan: {"nokartu":"D846F4CF","idchip":"16581755","nodevice":"2309MAS003","key":"1234567890987654321","ipa":"10.10.1.23"}
[2026-01-05 12:43:54]
Berhasil merespon "dariMCU/2309MAS003" : {"respon":[{"id":"16581755","nodevice":"2309MAS003","message":"BMPE","info":"BIMA EKA PRADITA--Berhasil Presensi -Mulai-","nokartu":"D846F4CF"}]}
Berhasil kirim balasan ke "responServer/2309MAS003"

[2026-01-05 12:43:55]
Menerima pesan dari: dariMCU/2309MAS003 - Pesan: {"nokartu":"D846F4CF","idchip":"16581755","nodevice":"2309MAS003","key":"1234567890987654321","ipa":"10.10.1.23"}
[2026-01-05 12:43:55]
Berhasil merespon "dariMCU/2309MAS003" : {"respon":[{"id":"16581755","nodevice":"2309MAS003","message":"510","info":"BIMA EKA PRADITA--TERCATAT! 1 dtk lalu","nokartu":"D846F4CF"}]}
Berhasil kirim balasan ke "responServer/2309MAS003"

[2026-01-05 12:43:55]
Menerima pesan dari: dariMCU/2309IZ003 - Pesan: {"nokartu":"25913CBF","idchip":"7737844","nodevice":"2309IZ003","key":"1234567890987654321","ipa":"10.10.25.71"}
[2026-01-05 12:43:55]
Berhasil merespon "dariMCU/2309IZ003" : {"respon":[{"id":"7737844","nodevice":"2309IZ003","message":"BMPE","info":"NAYLA CITRA FEBRIYANA--Berhasil Presensi -Mulai-","nokartu":"25913CBF"}]}
Berhasil kirim balasan ke "responServer/2309IZ003"

[2026-01-05 12:43:58]
Menerima pesan dari: dariMCU/2309IZ003 - Pesan: {"nokartu":"25913CBF","idchip":"7737844","nodevice":"2309IZ003","key":"1234567890987654321","ipa":"10.10.25.71"}
[2026-01-05 12:43:58]
Berhasil merespon "dariMCU/2309IZ003" : {"respon":[{"id":"7737844","nodevice":"2309IZ003","message":"510","info":"NAYLA CITRA FEBRIYANA--TERCATAT! 3 dtk lalu","nokartu":"25913CBF"}]}
Berhasil kirim balasan ke "responServer/2309IZ003"

[2026-01-05 12:44:01]
Menerima pesan dari: dariMCU/2309IZ003 - Pesan: {"nokartu":"25913CBF","idchip":"7737844","nodevice":"2309IZ003","key":"1234567890987654321","ipa":"10.10.25.71"}
[2026-01-05 12:44:01]
Berhasil merespon "dariMCU/2309IZ003" : {"respon":[{"id":"7737844","nodevice":"2309IZ003","message":"510","info":"NAYLA CITRA FEBRIYANA--TERCATAT! 6 dtk lalu","nokartu":"25913CBF"}]}
Berhasil kirim balasan ke "responServer/2309IZ003"

[2026-01-05 12:44:02]
Menerima pesan dari: dariMCU/2309MAS003 - Pesan: {"nokartu":"D846F4CF","idchip":"16581755","nodevice":"2309MAS003","key":"1234567890987654321","ipa":"10.10.1.23"}
[2026-01-05 12:44:02]
Berhasil merespon "dariMCU/2309MAS003" : {"respon":[{"id":"16581755","nodevice":"2309MAS003","message":"510","info":"BIMA EKA PRADITA--TERCATAT! 8 dtk lalu","nokartu":"D846F4CF"}]}
Berhasil kirim balasan ke "responServer/2309MAS003"

[2026-01-05 12:44:04]
Menerima pesan dari: dariMCU/2309IZ003 - Pesan: {"nokartu":"29A8B9A6","idchip":"7737844","nodevice":"2309IZ003","key":"1234567890987654321","ipa":"10.10.25.71"}
[2026-01-05 12:44:04]
Berhasil merespon "dariMCU/2309IZ003" : {"respon":[{"id":"7737844","nodevice":"2309IZ003","message":"BMPE","info":"VRISKA KARUNIA--Berhasil Presensi -Mulai-","nokartu":"29A8B9A6"}]}
Berhasil kirim balasan ke "responServer/2309IZ003"

[2026-01-05 12:44:07]
Menerima pesan dari: dariMCU/2309IZ003 - Pesan: {"nokartu":"780D8FAD","idchip":"7737844","nodevice":"2309IZ003","key":"1234567890987654321","ipa":"10.10.25.71"}
[2026-01-05 12:44:07]
Berhasil merespon "dariMCU/2309IZ003" : {"respon":[{"id":"7737844","nodevice":"2309IZ003","message":"BMPE","info":"NAIRA SYABILA YUNA--Berhasil Presensi -Mulai-","nokartu":"780D8FAD"}]}
Berhasil kirim balasan ke "responServer/2309IZ003"

[2026-01-05 12:44:10]
Menerima pesan dari: dariMCU/2309MAS003 - Pesan: {"nokartu":"24E782BC","idchip":"16581755","nodevice":"2309MAS003","key":"1234567890987654321","ipa":"10.10.1.23"}
[2026-01-05 12:44:10]
Berhasil merespon "dariMCU/2309MAS003" : {"respon":[{"id":"16581755","nodevice":"2309MAS003","message":"510","info":"HASYA ALGHANIYA RUFARI--TERCATAT! 23 dtk lalu","nokartu":"24E782BC"}]}
Berhasil kirim balasan ke "responServer/2309MAS003"

[2026-01-05 12:44:12]
Menerima pesan dari: dariMCU/2309IZ003 - Pesan: {"nokartu":"E95AD1A5","idchip":"7737844","nodevice":"2309IZ003","key":"1234567890987654321","ipa":"10.10.25.71"}
[2026-01-05 12:44:12]
Berhasil merespon "dariMCU/2309IZ003" : {"respon":[{"id":"7737844","nodevice":"2309IZ003","message":"BMPE","info":"WIDYA SYAHARANI--Berhasil Presensi -Mulai-","nokartu":"E95AD1A5"}]}
Berhasil kirim balasan ke "responServer/2309IZ003"

[2026-01-05 12:44:54]
Menerima pesan dari: dariMCU/2309MAS003 - Pesan: {"nokartu":"649B22CB","idchip":"16581755","nodevice":"2309MAS003","key":"1234567890987654321","ipa":"10.10.1.23"}
[2026-01-05 12:44:54]
Berhasil merespon "dariMCU/2309MAS003" : {"respon":[{"id":"16581755","nodevice":"2309MAS003","message":"BMPE","info":"AULIA HASTA PUTRI--Berhasil Presensi -Mulai-","nokartu":"649B22CB"}]}
Berhasil kirim balasan ke "responServer/2309MAS003"

[2026-01-05 12:44:57]
Menerima pesan dari: dariMCU/2309MAS003 - Pesan: {"nokartu":"A54BE2CA","idchip":"16581755","nodevice":"2309MAS003","key":"1234567890987654321","ipa":"10.10.1.23"}
[2026-01-05 12:44:57]
Berhasil merespon "dariMCU/2309MAS003" : {"respon":[{"id":"16581755","nodevice":"2309MAS003","message":"BMPE","info":"ANGGI SETIA NINGSIH--Berhasil Presensi -Mulai-","nokartu":"A54BE2CA"}]}
Berhasil kirim balasan ke "responServer/2309MAS003"

[2026-01-05 12:44:59]
Menerima pesan dari: dariMCU/2309MAS003 - Pesan: {"nokartu":"A54BE2CA","idchip":"16581755","nodevice":"2309MAS003","key":"1234567890987654321","ipa":"10.10.1.23"}
[2026-01-05 12:44:59]
Berhasil merespon "dariMCU/2309MAS003" : {"respon":[{"id":"16581755","nodevice":"2309MAS003","message":"510","info":"ANGGI SETIA NINGSIH--TERCATAT! 2 dtk lalu","nokartu":"A54BE2CA"}]}
Berhasil kirim balasan ke "responServer/2309MAS003"

[2026-01-05 12:45:47]
Menerima pesan dari: dariMCU/2309IZ003 - Pesan: {"nokartu":"447217CB","idchip":"7737844","nodevice":"2309IZ003","key":"1234567890987654321","ipa":"10.10.25.71"}
[2026-01-05 12:45:47]
Berhasil merespon "dariMCU/2309IZ003" : {"respon":[{"id":"7737844","nodevice":"2309IZ003","message":"BMPE","info":"DINA LESTARI--Berhasil Presensi -Mulai-","nokartu":"447217CB"}]}
Berhasil kirim balasan ke "responServer/2309IZ003"

[2026-01-05 12:45:50]
Menerima pesan dari: dariMCU/2309IZ003 - Pesan: {"nokartu":"447217CB","idchip":"7737844","nodevice":"2309IZ003","key":"1234567890987654321","ipa":"10.10.25.71"}
[2026-01-05 12:45:50]
Berhasil merespon "dariMCU/2309IZ003" : {"respon":[{"id":"7737844","nodevice":"2309IZ003","message":"510","info":"DINA LESTARI--TERCATAT! 3 dtk lalu","nokartu":"447217CB"}]}
Berhasil kirim balasan ke "responServer/2309IZ003"

[2026-01-05 12:45:55]
Menerima pesan dari: dariMCU/2309IZ003 - Pesan: {"nokartu":"955A4FCA","idchip":"7737844","nodevice":"2309IZ003","key":"1234567890987654321","ipa":"10.10.25.71"}
[2026-01-05 12:45:55]
Berhasil merespon "dariMCU/2309IZ003" : {"respon":[{"id":"7737844","nodevice":"2309IZ003","message":"BMPE","info":"ATIKA LULUK MASFUFAH--Berhasil Presensi -Mulai-","nokartu":"955A4FCA"}]}
Berhasil kirim balasan ke "responServer/2309IZ003"

[2026-01-05 12:46:03]
Menerima pesan dari: dariMCU/2309MAS003 - Pesan: {"nokartu":"C4F997CB","idchip":"16581755","nodevice":"2309MAS003","key":"1234567890987654321","ipa":"10.10.1.23"}
[2026-01-05 12:46:03]
Berhasil merespon "dariMCU/2309MAS003" : {"respon":[{"id":"16581755","nodevice":"2309MAS003","message":"BMPE","info":"FRANSISKA DEA PUTRI--Berhasil Presensi -Mulai-","nokartu":"C4F997CB"}]}
Berhasil kirim balasan ke "responServer/2309MAS003"

[2026-01-05 12:46:07]
Menerima pesan dari: dariMCU/2309MAS003 - Pesan: {"nokartu":"348F80BC","idchip":"16581755","nodevice":"2309MAS003","key":"1234567890987654321","ipa":"10.10.1.23"}
[2026-01-05 12:46:07]
Berhasil merespon "dariMCU/2309MAS003" : {"respon":[{"id":"16581755","nodevice":"2309MAS003","message":"BPSE","info":"NABILLA SALFA RAHMAWATI--Berhasil Presensi -Selesai-","nokartu":"348F80BC"}]}
Berhasil kirim balasan ke "responServer/2309MAS003"

[2026-01-05 12:46:10]
Menerima pesan dari: dariMCU/2309MAS003 - Pesan: {"nokartu":"E44583CB","idchip":"16581755","nodevice":"2309MAS003","key":"1234567890987654321","ipa":"10.10.1.23"}
[2026-01-05 12:46:10]
Berhasil merespon "dariMCU/2309MAS003" : {"respon":[{"id":"16581755","nodevice":"2309MAS003","message":"BMPE","info":"RIDHA DIAN PERTIWI--Berhasil Presensi -Mulai-","nokartu":"E44583CB"}]}
Berhasil kirim balasan ke "responServer/2309MAS003"

[2026-01-05 12:46:13]
Menerima pesan dari: dariMCU/2309MAS003 - Pesan: {"nokartu":"A5D3D6CA","idchip":"16581755","nodevice":"2309MAS003","key":"1234567890987654321","ipa":"10.10.1.23"}
[2026-01-05 12:46:13]
Berhasil merespon "dariMCU/2309MAS003" : {"respon":[{"id":"16581755","nodevice":"2309MAS003","message":"BMPE","info":"LENITA ARUM WARDHANI--Berhasil Presensi -Mulai-","nokartu":"A5D3D6CA"}]}
Berhasil kirim balasan ke "responServer/2309MAS003"

[2026-01-05 12:46:16]
Menerima pesan dari: dariMCU/2309MAS003 - Pesan: {"nokartu":"9412D7CB","idchip":"16581755","nodevice":"2309MAS003","key":"1234567890987654321","ipa":"10.10.1.23"}
[2026-01-05 12:46:16]
Berhasil merespon "dariMCU/2309MAS003" : {"respon":[{"id":"16581755","nodevice":"2309MAS003","message":"BMPE","info":"ZUNITA RISHALATHUL HIKMAH--Berhasil Presensi -Mulai-","nokartu":"9412D7CB"}]}
Berhasil kirim balasan ke "responServer/2309MAS003"

[2026-01-05 12:46:22]
Menerima pesan dari: dariMCU/2309MAS003 - Pesan: {"nokartu":"98536FAD","idchip":"16581755","nodevice":"2309MAS003","key":"1234567890987654321","ipa":"10.10.1.23"}
[2026-01-05 12:46:22]
Berhasil merespon "dariMCU/2309MAS003" : {"respon":[{"id":"16581755","nodevice":"2309MAS003","message":"BMPE","info":"REYNA KEISHA RAHAYU--Berhasil Presensi -Mulai-","nokartu":"98536FAD"}]}
Berhasil kirim balasan ke "responServer/2309MAS003"

[2026-01-05 12:46:25]
Menerima pesan dari: dariMCU/2309MAS003 - Pesan: {"nokartu":"54E566CB","idchip":"16581755","nodevice":"2309MAS003","key":"1234567890987654321","ipa":"10.10.1.23"}
[2026-01-05 12:46:25]
Berhasil merespon "dariMCU/2309MAS003" : {"respon":[{"id":"16581755","nodevice":"2309MAS003","message":"BMPE","info":"SHINTA DEWI ANGGRAENI--Berhasil Presensi -Mulai-","nokartu":"54E566CB"}]}
Berhasil kirim balasan ke "responServer/2309MAS003"

[2026-01-05 12:46:28]
Menerima pesan dari: dariMCU/2309MAS003 - Pesan: {"nokartu":"54E566CB","idchip":"16581755","nodevice":"2309MAS003","key":"1234567890987654321","ipa":"10.10.1.23"}
[2026-01-05 12:46:28]
Berhasil merespon "dariMCU/2309MAS003" : {"respon":[{"id":"16581755","nodevice":"2309MAS003","message":"510","info":"SHINTA DEWI ANGGRAENI--TERCATAT! 3 dtk lalu","nokartu":"54E566CB"}]}
Berhasil kirim balasan ke "responServer/2309MAS003"

[2026-01-05 12:46:31]
Menerima pesan dari: dariMCU/2309MAS003 - Pesan: {"nokartu":"B6F253A9","idchip":"16581755","nodevice":"2309MAS003","key":"1234567890987654321","ipa":"10.10.1.23"}
[2026-01-05 12:46:31]
Berhasil merespon "dariMCU/2309MAS003" : {"respon":[{"id":"16581755","nodevice":"2309MAS003","message":"BMPE","info":"BETHANI SYIFA SUYANTO--Berhasil Presensi -Mulai-","nokartu":"B6F253A9"}]}
Berhasil kirim balasan ke "responServer/2309MAS003"

[2026-01-05 12:46:35]
Menerima pesan dari: dariMCU/2309MAS003 - Pesan: {"nokartu":"953C11CA","idchip":"16581755","nodevice":"2309MAS003","key":"1234567890987654321","ipa":"10.10.1.23"}
[2026-01-05 12:46:35]
Berhasil merespon "dariMCU/2309MAS003" : {"respon":[{"id":"16581755","nodevice":"2309MAS003","message":"BMPE","info":"PUTRI RAHAYU--Berhasil Presensi -Mulai-","nokartu":"953C11CA"}]}
Berhasil kirim balasan ke "responServer/2309MAS003"

[2026-01-05 12:46:41]
Menerima pesan dari: dariMCU/2309MAS003 - Pesan: {"nokartu":"953C11CA","idchip":"16581755","nodevice":"2309MAS003","key":"1234567890987654321","ipa":"10.10.1.23"}
[2026-01-05 12:46:41]
Berhasil merespon "dariMCU/2309MAS003" : {"respon":[{"id":"16581755","nodevice":"2309MAS003","message":"510","info":"PUTRI RAHAYU--TERCATAT! 6 dtk lalu","nokartu":"953C11CA"}]}
Berhasil kirim balasan ke "responServer/2309MAS003"

[2026-01-05 12:46:51]
Menerima pesan dari: dariMCU/2309MAS003 - Pesan: {"nokartu":"A4B0D7CB","idchip":"16581755","nodevice":"2309MAS003","key":"1234567890987654321","ipa":"10.10.1.23"}
[2026-01-05 12:46:51]
Berhasil merespon "dariMCU/2309MAS003" : {"respon":[{"id":"16581755","nodevice":"2309MAS003","message":"BMPE","info":"ELSA PRATIWI--Berhasil Presensi -Mulai-","nokartu":"A4B0D7CB"}]}
Berhasil kirim balasan ke "responServer/2309MAS003"

[2026-01-05 12:47:42]
Menerima pesan dari: dariMCU/2309IZ003 - Pesan: {"nokartu":"859C0ECA","idchip":"7737844","nodevice":"2309IZ003","key":"1234567890987654321","ipa":"10.10.25.71"}
[2026-01-05 12:47:42]
Berhasil merespon "dariMCU/2309IZ003" : {"respon":[{"id":"7737844","nodevice":"2309IZ003","message":"BMPE","info":"SABRINA NAYA AGUSTI--Berhasil Presensi -Mulai-","nokartu":"859C0ECA"}]}
Berhasil kirim balasan ke "responServer/2309IZ003"

[2026-01-05 12:47:46]
Menerima pesan dari: dariMCU/2309MAS003 - Pesan: {"nokartu":"F904E3A5","idchip":"16581755","nodevice":"2309MAS003","key":"1234567890987654321","ipa":"10.10.1.23"}
[2026-01-05 12:47:46]
Berhasil merespon "dariMCU/2309MAS003" : {"respon":[{"id":"16581755","nodevice":"2309MAS003","message":"BMPE","info":"WILDHA VERNANDA--Berhasil Presensi -Mulai-","nokartu":"F904E3A5"}]}
Berhasil kirim balasan ke "responServer/2309MAS003"

[2026-01-05 12:47:49]
Menerima pesan dari: dariMCU/2309MAS003 - Pesan: {"nokartu":"296500A6","idchip":"16581755","nodevice":"2309MAS003","key":"1234567890987654321","ipa":"10.10.1.23"}
[2026-01-05 12:47:49]
Berhasil merespon "dariMCU/2309MAS003" : {"respon":[{"id":"16581755","nodevice":"2309MAS003","message":"BMPE","info":"BRIZTA RIFFY FALENCIA--Berhasil Presensi -Mulai-","nokartu":"296500A6"}]}
Berhasil kirim balasan ke "responServer/2309MAS003"

[2026-01-05 12:47:52]
Menerima pesan dari: dariMCU/2309MAS003 - Pesan: {"nokartu":"296500A6","idchip":"16581755","nodevice":"2309MAS003","key":"1234567890987654321","ipa":"10.10.1.23"}
[2026-01-05 12:47:52]
Berhasil merespon "dariMCU/2309MAS003" : {"respon":[{"id":"16581755","nodevice":"2309MAS003","message":"510","info":"BRIZTA RIFFY FALENCIA--TERCATAT! 3 dtk lalu","nokartu":"296500A6"}]}
Berhasil kirim balasan ke "responServer/2309MAS003"

[2026-01-05 12:48:06]
Menerima pesan dari: dariMCU/2309MAS003 - Pesan: {"nokartu":"781EC0AD","idchip":"16581755","nodevice":"2309MAS003","key":"1234567890987654321","ipa":"10.10.1.23"}
[2026-01-05 12:48:06]
Berhasil merespon "dariMCU/2309MAS003" : {"respon":[{"id":"16581755","nodevice":"2309MAS003","message":"BMPE","info":"ERLITA AULIA--Berhasil Presensi -Mulai-","nokartu":"781EC0AD"}]}
Berhasil kirim balasan ke "responServer/2309MAS003"

[2026-01-05 12:48:10]
Menerima pesan dari: dariMCU/2309MAS003 - Pesan: {"nokartu":"781EC0AD","idchip":"16581755","nodevice":"2309MAS003","key":"1234567890987654321","ipa":"10.10.1.23"}
[2026-01-05 12:48:10]
Berhasil merespon "dariMCU/2309MAS003" : {"respon":[{"id":"16581755","nodevice":"2309MAS003","message":"510","info":"ERLITA AULIA--TERCATAT! 4 dtk lalu","nokartu":"781EC0AD"}]}
Berhasil kirim balasan ke "responServer/2309MAS003"

[2026-01-05 12:49:54]
Menerima pesan dari: dariMCU/2309MAS003 - Pesan: {"nokartu":"846FD4BC","idchip":"16581755","nodevice":"2309MAS003","key":"1234567890987654321","ipa":"10.10.1.23"}
[2026-01-05 12:49:54]
Berhasil merespon "dariMCU/2309MAS003" : {"respon":[{"id":"16581755","nodevice":"2309MAS003","message":"BMPE","info":"MUHAMMAD IQBAL PRATAMA--Berhasil Presensi -Mulai-","nokartu":"846FD4BC"}]}
Berhasil kirim balasan ke "responServer/2309MAS003"

[2026-01-05 12:49:57]
Menerima pesan dari: dariMCU/2309MAS003 - Pesan: {"nokartu":"846FD4BC","idchip":"16581755","nodevice":"2309MAS003","key":"1234567890987654321","ipa":"10.10.1.23"}
[2026-01-05 12:49:57]
Berhasil merespon "dariMCU/2309MAS003" : {"respon":[{"id":"16581755","nodevice":"2309MAS003","message":"510","info":"MUHAMMAD IQBAL PRATAMA--TERCATAT! 3 dtk lalu","nokartu":"846FD4BC"}]}
Berhasil kirim balasan ke "responServer/2309MAS003"

[2026-01-05 12:50:00]
Menerima pesan dari: dariMCU/2309MAS003 - Pesan: {"nokartu":"3545C6CA","idchip":"16581755","nodevice":"2309MAS003","key":"1234567890987654321","ipa":"10.10.1.23"}
[2026-01-05 12:50:00]
Berhasil merespon "dariMCU/2309MAS003" : {"respon":[{"id":"16581755","nodevice":"2309MAS003","message":"BMPE","info":"ADIL FIONATA--Berhasil Presensi -Mulai-","nokartu":"3545C6CA"}]}
Berhasil kirim balasan ke "responServer/2309MAS003"

[2026-01-05 12:50:03]
Menerima pesan dari: dariMCU/2309MAS003 - Pesan: {"nokartu":"256642BF","idchip":"16581755","nodevice":"2309MAS003","key":"1234567890987654321","ipa":"10.10.1.23"}
[2026-01-05 12:50:03]
Berhasil merespon "dariMCU/2309MAS003" : {"respon":[{"id":"16581755","nodevice":"2309MAS003","message":"BMPE","info":"MUHAMMAD AMJAD ASDIANSYAH--Berhasil Presensi -Mulai-","nokartu":"256642BF"}]}
Berhasil kirim balasan ke "responServer/2309MAS003"

[2026-01-05 12:50:22]
Menerima pesan dari: dariMCU/2309MAS003 - Pesan: {"nokartu":"F3977CE2","idchip":"16581755","nodevice":"2309MAS003","key":"1234567890987654321","ipa":"10.10.1.23"}
[2026-01-05 12:50:22]
Berhasil merespon "dariMCU/2309MAS003" : {"respon":[{"id":"16581755","nodevice":"2309MAS003","message":"BMPE","info":"Liza Harlina Saputri--Berhasil Presensi -Mulai-","nokartu":"F3977CE2"}]}
Berhasil kirim balasan ke "responServer/2309MAS003"

[2026-01-05 12:50:47]
Menerima pesan dari: dariMCU/2309MAS003 - Pesan: {"nokartu":"55F16FBF","idchip":"16581755","nodevice":"2309MAS003","key":"1234567890987654321","ipa":"10.10.1.23"}
[2026-01-05 12:50:47]
Berhasil merespon "dariMCU/2309MAS003" : {"respon":[{"id":"16581755","nodevice":"2309MAS003","message":"BMPE","info":"ZAENAL ABIDEN--Berhasil Presensi -Mulai-","nokartu":"55F16FBF"}]}
Berhasil kirim balasan ke "responServer/2309MAS003"

[2026-01-05 12:50:51]
Menerima pesan dari: dariMCU/2309MAS003 - Pesan: {"nokartu":"55F16FBF","idchip":"16581755","nodevice":"2309MAS003","key":"1234567890987654321","ipa":"10.10.1.23"}
[2026-01-05 12:50:51]
Berhasil merespon "dariMCU/2309MAS003" : {"respon":[{"id":"16581755","nodevice":"2309MAS003","message":"510","info":"ZAENAL ABIDEN--TERCATAT! 4 dtk lalu","nokartu":"55F16FBF"}]}
Berhasil kirim balasan ke "responServer/2309MAS003"

[2026-01-05 12:50:54]
Menerima pesan dari: dariMCU/2309MAS003 - Pesan: {"nokartu":"44B6FBBC","idchip":"16581755","nodevice":"2309MAS003","key":"1234567890987654321","ipa":"10.10.1.23"}
[2026-01-05 12:50:54]
Berhasil merespon "dariMCU/2309MAS003" : {"respon":[{"id":"16581755","nodevice":"2309MAS003","message":"BPSE","info":"FADHIL ARRAHMAN--Berhasil Presensi -Selesai-","nokartu":"44B6FBBC"}]}
Berhasil kirim balasan ke "responServer/2309MAS003"

[2026-01-05 12:50:58]
Menerima pesan dari: dariMCU/2309MAS003 - Pesan: {"nokartu":"44B6FBBC","idchip":"16581755","nodevice":"2309MAS003","key":"1234567890987654321","ipa":"10.10.1.23"}
[2026-01-05 12:50:58]
Berhasil merespon "dariMCU/2309MAS003" : {"respon":[{"id":"16581755","nodevice":"2309MAS003","message":"510","info":"FADHIL ARRAHMAN--TERCATAT! 4 dtk lalu","nokartu":"44B6FBBC"}]}
Berhasil kirim balasan ke "responServer/2309MAS003"

[2026-01-05 12:51:01]
Menerima pesan dari: dariMCU/2309MAS003 - Pesan: {"nokartu":"94F033BC","idchip":"16581755","nodevice":"2309MAS003","key":"1234567890987654321","ipa":"10.10.1.23"}
[2026-01-05 12:51:01]
Berhasil merespon "dariMCU/2309MAS003" : {"respon":[{"id":"16581755","nodevice":"2309MAS003","message":"BMPE","info":"BRIYAN ROHMAN MAULANA--Berhasil Presensi -Mulai-","nokartu":"94F033BC"}]}
Berhasil kirim balasan ke "responServer/2309MAS003"

[2026-01-05 12:51:04]
Menerima pesan dari: dariMCU/2309MAS003 - Pesan: {"nokartu":"F48310BB","idchip":"16581755","nodevice":"2309MAS003","key":"1234567890987654321","ipa":"10.10.1.23"}
[2026-01-05 12:51:04]
Berhasil merespon "dariMCU/2309MAS003" : {"respon":[{"id":"16581755","nodevice":"2309MAS003","message":"BMPE","info":"AFAN MASKUR--Berhasil Presensi -Mulai-","nokartu":"F48310BB"}]}
Berhasil kirim balasan ke "responServer/2309MAS003"

[2026-01-05 12:51:09]
Menerima pesan dari: dariMCU/2309MAS003 - Pesan: {"nokartu":"58E9CECF","idchip":"16581755","nodevice":"2309MAS003","key":"1234567890987654321","ipa":"10.10.1.23"}
[2026-01-05 12:51:09]
Berhasil merespon "dariMCU/2309MAS003" : {"respon":[{"id":"16581755","nodevice":"2309MAS003","message":"BMPE","info":"FARELINO ZIDAN SAPUTRA--Berhasil Presensi -Mulai-","nokartu":"58E9CECF"}]}
Berhasil kirim balasan ke "responServer/2309MAS003"

[2026-01-05 12:51:12]
Menerima pesan dari: dariMCU/2309MAS003 - Pesan: {"nokartu":"C547BFBE","idchip":"16581755","nodevice":"2309MAS003","key":"1234567890987654321","ipa":"10.10.1.23"}
[2026-01-05 12:51:12]
Berhasil merespon "dariMCU/2309MAS003" : {"respon":[{"id":"16581755","nodevice":"2309MAS003","message":"BMPE","info":"SLAMET AL HASYIM--Berhasil Presensi -Mulai-","nokartu":"C547BFBE"}]}
Berhasil kirim balasan ke "responServer/2309MAS003"

[2026-01-05 12:52:02]
Menerima pesan dari: dariMCU/2309MAS003 - Pesan: {"nokartu":"B6F253A9","idchip":"16581755","nodevice":"2309MAS003","key":"1234567890987654321","ipa":"10.10.1.23"}
[2026-01-05 12:52:02]
Berhasil merespon "dariMCU/2309MAS003" : {"respon":[{"id":"16581755","nodevice":"2309MAS003","message":"BPSE","info":"BETHANI SYIFA SUYANTO--Berhasil Presensi -Selesai-","nokartu":"B6F253A9"}]}
Berhasil kirim balasan ke "responServer/2309MAS003"

[2026-01-05 12:52:05]
Menerima pesan dari: dariMCU/2309MAS003 - Pesan: {"nokartu":"B6F253A9","idchip":"16581755","nodevice":"2309MAS003","key":"1234567890987654321","ipa":"10.10.1.23"}
[2026-01-05 12:52:05]
Berhasil merespon "dariMCU/2309MAS003" : {"respon":[{"id":"16581755","nodevice":"2309MAS003","message":"510","info":"BETHANI SYIFA SUYANTO--TERCATAT! 3 dtk lalu","nokartu":"B6F253A9"}]}
Berhasil kirim balasan ke "responServer/2309MAS003"

[2026-01-05 12:55:42]
Menerima pesan dari: dariMCU/2309MAS003 - Pesan: {"nokartu":"13C36BE4","idchip":"16581755","nodevice":"2309MAS003","key":"1234567890987654321","ipa":"10.10.1.23"}
[2026-01-05 12:55:42]
Berhasil merespon "dariMCU/2309MAS003" : {"respon":[{"id":"16581755","nodevice":"2309MAS003","message":"BMPE","info":"FAJARINA RATIH AKNIA--Berhasil Presensi -Mulai-","nokartu":"13C36BE4"}]}
Berhasil kirim balasan ke "responServer/2309MAS003"

[2026-01-05 12:55:46]
Menerima pesan dari: dariMCU/2309MAS003 - Pesan: {"nokartu":"630FC5E2","idchip":"16581755","nodevice":"2309MAS003","key":"1234567890987654321","ipa":"10.10.1.23"}
[2026-01-05 12:55:46]
Berhasil merespon "dariMCU/2309MAS003" : {"respon":[{"id":"16581755","nodevice":"2309MAS003","message":"BMPE","info":"NADINE AGATHA SALSABELLA--Berhasil Presensi -Mulai-","nokartu":"630FC5E2"}]}
Berhasil kirim balasan ke "responServer/2309MAS003"

[2026-01-05 12:55:52]
Menerima pesan dari: dariMCU/2309MAS003 - Pesan: {"nokartu":"330DADE2","idchip":"16581755","nodevice":"2309MAS003","key":"1234567890987654321","ipa":"10.10.1.23"}
[2026-01-05 12:55:52]
Berhasil merespon "dariMCU/2309MAS003" : {"respon":[{"id":"16581755","nodevice":"2309MAS003","message":"BMPE","info":"AQSA SITHA RAMADANI--Berhasil Presensi -Mulai-","nokartu":"330DADE2"}]}
Berhasil kirim balasan ke "responServer/2309MAS003"

[2026-01-05 12:56:07]
Menerima pesan dari: dariMCU/2309MAS003 - Pesan: {"nokartu":"D396B9E2","idchip":"16581755","nodevice":"2309MAS003","key":"1234567890987654321","ipa":"10.10.1.23"}
[2026-01-05 12:56:07]
Berhasil merespon "dariMCU/2309MAS003" : {"respon":[{"id":"16581755","nodevice":"2309MAS003","message":"BMPE","info":"AURA AYU MAHARANI--Berhasil Presensi -Mulai-","nokartu":"D396B9E2"}]}
Berhasil kirim balasan ke "responServer/2309MAS003"

[2026-01-05 12:56:10]
Menerima pesan dari: dariMCU/2309MAS003 - Pesan: {"nokartu":"730AC7E2","idchip":"16581755","nodevice":"2309MAS003","key":"1234567890987654321","ipa":"10.10.1.23"}
[2026-01-05 12:56:10]
Berhasil merespon "dariMCU/2309MAS003" : {"respon":[{"id":"16581755","nodevice":"2309MAS003","message":"BMPE","info":"LAILATUL HIKMAH--Berhasil Presensi -Mulai-","nokartu":"730AC7E2"}]}
Berhasil kirim balasan ke "responServer/2309MAS003"

[2026-01-05 12:56:49]
Menerima pesan dari: dariMCU/2309MAS003 - Pesan: {"nokartu":"55F16FBF","idchip":"16581755","nodevice":"2309MAS003","key":"1234567890987654321","ipa":"10.10.1.23"}
[2026-01-05 12:56:49]
Berhasil merespon "dariMCU/2309MAS003" : {"respon":[{"id":"16581755","nodevice":"2309MAS003","message":"BPSE","info":"ZAENAL ABIDEN--Berhasil Presensi -Selesai-","nokartu":"55F16FBF"}]}
Berhasil kirim balasan ke "responServer/2309MAS003"

[2026-01-05 13:00:22]
Menerima pesan dari: dariMCU/2309IZ003 - Pesan: {"nokartu":"3421DDBC","idchip":"7737844","nodevice":"2309IZ003","key":"1234567890987654321","ipa":"10.10.25.71"}
[2026-01-05 13:00:22]
Berhasil merespon "dariMCU/2309IZ003" : {"respon":[{"id":"7737844","nodevice":"2309IZ003","message":"BMPE","info":"NIKEN TARYZA FITRY--Berhasil Presensi -Mulai-","nokartu":"3421DDBC"}]}
Berhasil kirim balasan ke "responServer/2309IZ003"

[2026-01-05 13:00:24]
Menerima pesan dari: dariMCU/2309IZ003 - Pesan: {"nokartu":"995023B2","idchip":"7737844","nodevice":"2309IZ003","key":"1234567890987654321","ipa":"10.10.25.71"}
[2026-01-05 13:00:24]
Berhasil merespon "dariMCU/2309IZ003" : {"respon":[{"id":"7737844","nodevice":"2309IZ003","message":"BMPE","info":"UFAH NEFI ZAHRIYAH--Berhasil Presensi -Mulai-","nokartu":"995023B2"}]}
Berhasil kirim balasan ke "responServer/2309IZ003"

[2026-01-05 13:00:27]
Menerima pesan dari: dariMCU/2309IZ003 - Pesan: {"nokartu":"3421DDBC","idchip":"7737844","nodevice":"2309IZ003","key":"1234567890987654321","ipa":"10.10.25.71"}
[2026-01-05 13:00:27]
Berhasil merespon "dariMCU/2309IZ003" : {"respon":[{"id":"7737844","nodevice":"2309IZ003","message":"510","info":"NIKEN TARYZA FITRY--TERCATAT! 5 dtk lalu","nokartu":"3421DDBC"}]}
Berhasil kirim balasan ke "responServer/2309IZ003"

[2026-01-05 13:00:32]
Menerima pesan dari: dariMCU/2309IZ003 - Pesan: {"nokartu":"3421DDBC","idchip":"7737844","nodevice":"2309IZ003","key":"1234567890987654321","ipa":"10.10.25.71"}
[2026-01-05 13:00:32]
Berhasil merespon "dariMCU/2309IZ003" : {"respon":[{"id":"7737844","nodevice":"2309IZ003","message":"510","info":"NIKEN TARYZA FITRY--TERCATAT! 10 dtk lalu","nokartu":"3421DDBC"}]}
Berhasil kirim balasan ke "responServer/2309IZ003"

[2026-01-05 13:00:36]
Menerima pesan dari: dariMCU/2309IZ003 - Pesan: {"nokartu":"995023B2","idchip":"7737844","nodevice":"2309IZ003","key":"1234567890987654321","ipa":"10.10.25.71"}
[2026-01-05 13:00:36]
Berhasil merespon "dariMCU/2309IZ003" : {"respon":[{"id":"7737844","nodevice":"2309IZ003","message":"510","info":"UFAH NEFI ZAHRIYAH--TERCATAT! 12 dtk lalu","nokartu":"995023B2"}]}
Berhasil kirim balasan ke "responServer/2309IZ003"

[2026-01-05 13:00:36]
Menerima pesan dari: dariMCU/2309MAS003 - Pesan: {"nokartu":"749D5FBB","idchip":"16581755","nodevice":"2309MAS003","key":"1234567890987654321","ipa":"10.10.1.23"}
[2026-01-05 13:00:36]
Berhasil merespon "dariMCU/2309MAS003" : {"respon":[{"id":"16581755","nodevice":"2309MAS003","message":"BMPE","info":"NATA SYAHFITRIA UTAMI--Berhasil Presensi -Mulai-","nokartu":"749D5FBB"}]}
Berhasil kirim balasan ke "responServer/2309MAS003"

[2026-01-05 13:00:39]
Menerima pesan dari: dariMCU/2309MAS003 - Pesan: {"nokartu":"34FB0DBC","idchip":"16581755","nodevice":"2309MAS003","key":"1234567890987654321","ipa":"10.10.1.23"}
[2026-01-05 13:00:39]
Berhasil merespon "dariMCU/2309MAS003" : {"respon":[{"id":"16581755","nodevice":"2309MAS003","message":"BMPE","info":"RINA LISTIANA--Berhasil Presensi -Mulai-","nokartu":"34FB0DBC"}]}
Berhasil kirim balasan ke "responServer/2309MAS003"

[2026-01-05 13:22:02]
Menerima pesan dari: dariMCU/2309MAS003 - Pesan: {"nokartu":"D351DEE4","idchip":"16581755","nodevice":"2309MAS003","key":"1234567890987654321","ipa":"10.10.1.23"}
[2026-01-05 13:22:02]
Berhasil merespon "dariMCU/2309MAS003" : {"respon":[{"id":"16581755","nodevice":"2309MAS003","message":"BMPE","info":"Novita Devi Maelani--Berhasil Presensi -Mulai-","nokartu":"D351DEE4"}]}
Berhasil kirim balasan ke "responServer/2309MAS003"

[2026-01-05 13:22:06]
Menerima pesan dari: dariMCU/2309MAS003 - Pesan: {"nokartu":"D351DEE4","idchip":"16581755","nodevice":"2309MAS003","key":"1234567890987654321","ipa":"10.10.1.23"}
[2026-01-05 13:22:06]
Berhasil merespon "dariMCU/2309MAS003" : {"respon":[{"id":"16581755","nodevice":"2309MAS003","message":"510","info":"Novita Devi Maelani--TERCATAT! 4 dtk lalu","nokartu":"D351DEE4"}]}
Berhasil kirim balasan ke "responServer/2309MAS003"

[2026-01-05 13:22:09]
Menerima pesan dari: dariMCU/2309MAS003 - Pesan: {"nokartu":"D351DEE4","idchip":"16581755","nodevice":"2309MAS003","key":"1234567890987654321","ipa":"10.10.1.23"}
[2026-01-05 13:22:09]
Berhasil merespon "dariMCU/2309MAS003" : {"respon":[{"id":"16581755","nodevice":"2309MAS003","message":"510","info":"Novita Devi Maelani--TERCATAT! 7 dtk lalu","nokartu":"D351DEE4"}]}
Berhasil kirim balasan ke "responServer/2309MAS003"

[2026-01-05 13:22:13]
Menerima pesan dari: dariMCU/2309MAS003 - Pesan: {"nokartu":"F3EFF4E4","idchip":"16581755","nodevice":"2309MAS003","key":"1234567890987654321","ipa":"10.10.1.23"}
[2026-01-05 13:22:13]
Berhasil merespon "dariMCU/2309MAS003" : {"respon":[{"id":"16581755","nodevice":"2309MAS003","message":"BMPE","info":"Alin Jenny Putami--Berhasil Presensi -Mulai-","nokartu":"F3EFF4E4"}]}
Berhasil kirim balasan ke "responServer/2309MAS003"

[2026-01-05 13:22:16]
Menerima pesan dari: dariMCU/2309MAS003 - Pesan: {"nokartu":"F3EFF4E4","idchip":"16581755","nodevice":"2309MAS003","key":"1234567890987654321","ipa":"10.10.1.23"}
[2026-01-05 13:22:16]
Berhasil merespon "dariMCU/2309MAS003" : {"respon":[{"id":"16581755","nodevice":"2309MAS003","message":"510","info":"Alin Jenny Putami--TERCATAT! 3 dtk lalu","nokartu":"F3EFF4E4"}]}
Berhasil kirim balasan ke "responServer/2309MAS003"

[2026-01-05 13:22:19]
Menerima pesan dari: dariMCU/2309MAS003 - Pesan: {"nokartu":"F3EFF4E4","idchip":"16581755","nodevice":"2309MAS003","key":"1234567890987654321","ipa":"10.10.1.23"}
[2026-01-05 13:22:19]
Berhasil merespon "dariMCU/2309MAS003" : {"respon":[{"id":"16581755","nodevice":"2309MAS003","message":"510","info":"Alin Jenny Putami--TERCATAT! 6 dtk lalu","nokartu":"F3EFF4E4"}]}
Berhasil kirim balasan ke "responServer/2309MAS003"

[2026-01-05 13:44:04]
Menerima pesan dari: dariMCU/2309MAS003 - Pesan: {"nokartu":"E421F3CB","idchip":"16581755","nodevice":"2309MAS003","key":"1234567890987654321","ipa":"10.10.1.23"}
[2026-01-05 13:44:04]
Berhasil merespon "dariMCU/2309MAS003" : {"respon":[{"id":"16581755","nodevice":"2309MAS003","message":"BMPE","info":"AFIF SIGIT ALLAYUBI--Berhasil Presensi -Mulai-","nokartu":"E421F3CB"}]}
Berhasil kirim balasan ke "responServer/2309MAS003"

[2026-01-05 13:44:07]
Menerima pesan dari: dariMCU/2309MAS003 - Pesan: {"nokartu":"24E856BC","idchip":"16581755","nodevice":"2309MAS003","key":"1234567890987654321","ipa":"10.10.1.23"}
[2026-01-05 13:44:07]
Berhasil merespon "dariMCU/2309MAS003" : {"respon":[{"id":"16581755","nodevice":"2309MAS003","message":"BMPE","info":"MUHAMMAD ZIEDAN KHIBRAN EL FAQIH--Berhasil Presensi -Mulai-","nokartu":"24E856BC"}]}
Berhasil kirim balasan ke "responServer/2309MAS003"

[2026-01-05 13:44:10]
Menerima pesan dari: dariMCU/2309MAS003 - Pesan: {"nokartu":"758563BF","idchip":"16581755","nodevice":"2309MAS003","key":"1234567890987654321","ipa":"10.10.1.23"}
[2026-01-05 13:44:10]
Berhasil merespon "dariMCU/2309MAS003" : {"respon":[{"id":"16581755","nodevice":"2309MAS003","message":"BMPE","info":"MUHAMMAD WILDAN--Berhasil Presensi -Mulai-","nokartu":"758563BF"}]}
Berhasil kirim balasan ke "responServer/2309MAS003"

[2026-01-05 13:44:13]
Menerima pesan dari: dariMCU/2309MAS003 - Pesan: {"nokartu":"758563BF","idchip":"16581755","nodevice":"2309MAS003","key":"1234567890987654321","ipa":"10.10.1.23"}
[2026-01-05 13:44:13]
Berhasil merespon "dariMCU/2309MAS003" : {"respon":[{"id":"16581755","nodevice":"2309MAS003","message":"510","info":"MUHAMMAD WILDAN--TERCATAT! 3 dtk lalu","nokartu":"758563BF"}]}
Berhasil kirim balasan ke "responServer/2309MAS003"

[2026-01-05 13:44:16]
Menerima pesan dari: dariMCU/2309MAS003 - Pesan: {"nokartu":"E412FBCB","idchip":"16581755","nodevice":"2309MAS003","key":"1234567890987654321","ipa":"10.10.1.23"}
[2026-01-05 13:44:16]
Berhasil merespon "dariMCU/2309MAS003" : {"respon":[{"id":"16581755","nodevice":"2309MAS003","message":"BMPE","info":"ABIM MUSTAKIM--Berhasil Presensi -Mulai-","nokartu":"E412FBCB"}]}
Berhasil kirim balasan ke "responServer/2309MAS003"

[2026-01-05 13:44:19]
Menerima pesan dari: dariMCU/2309MAS003 - Pesan: {"nokartu":"84847BBC","idchip":"16581755","nodevice":"2309MAS003","key":"1234567890987654321","ipa":"10.10.1.23"}
[2026-01-05 13:44:19]
Berhasil merespon "dariMCU/2309MAS003" : {"respon":[{"id":"16581755","nodevice":"2309MAS003","message":"BMPE","info":"NAUFAL SYATHIR RAMADHAN--Berhasil Presensi -Mulai-","nokartu":"84847BBC"}]}
Berhasil kirim balasan ke "responServer/2309MAS003"

[2026-01-05 13:44:21]
Menerima pesan dari: dariMCU/2309MAS003 - Pesan: {"nokartu":"84847BBC","idchip":"16581755","nodevice":"2309MAS003","key":"1234567890987654321","ipa":"10.10.1.23"}
[2026-01-05 13:44:21]
Berhasil merespon "dariMCU/2309MAS003" : {"respon":[{"id":"16581755","nodevice":"2309MAS003","message":"510","info":"NAUFAL SYATHIR RAMADHAN--TERCATAT! 2 dtk lalu","nokartu":"84847BBC"}]}
Berhasil kirim balasan ke "responServer/2309MAS003"

[2026-01-05 13:44:24]
Menerima pesan dari: dariMCU/2309MAS003 - Pesan: {"nokartu":"84847BBC","idchip":"16581755","nodevice":"2309MAS003","key":"1234567890987654321","ipa":"10.10.1.23"}
[2026-01-05 13:44:24]
Berhasil merespon "dariMCU/2309MAS003" : {"respon":[{"id":"16581755","nodevice":"2309MAS003","message":"510","info":"NAUFAL SYATHIR RAMADHAN--TERCATAT! 5 dtk lalu","nokartu":"84847BBC"}]}
Berhasil kirim balasan ke "responServer/2309MAS003"

[2026-01-05 13:44:27]
Menerima pesan dari: dariMCU/2309MAS003 - Pesan: {"nokartu":"84847BBC","idchip":"16581755","nodevice":"2309MAS003","key":"1234567890987654321","ipa":"10.10.1.23"}
[2026-01-05 13:44:27]
Berhasil merespon "dariMCU/2309MAS003" : {"respon":[{"id":"16581755","nodevice":"2309MAS003","message":"510","info":"NAUFAL SYATHIR RAMADHAN--TERCATAT! 8 dtk lalu","nokartu":"84847BBC"}]}
Berhasil kirim balasan ke "responServer/2309MAS003"

[2026-01-05 13:49:08]
Menerima pesan dari: dariMCU/2309MAS003 - Pesan: {"nokartu":"E412FBCB","idchip":"16581755","nodevice":"2309MAS003","key":"1234567890987654321","ipa":"10.10.1.23"}
[2026-01-05 13:49:08]
Berhasil merespon "dariMCU/2309MAS003" : {"respon":[{"id":"16581755","nodevice":"2309MAS003","message":"BPSE","info":"ABIM MUSTAKIM--Berhasil Presensi -Selesai-","nokartu":"E412FBCB"}]}
Berhasil kirim balasan ke "responServer/2309MAS003"

[2026-01-05 14:20:57]
Menerima pesan dari: dariMCU/2309MAS002 - Pesan: {"nokartu":"333BB954","idchip":"1165251","nodevice":"2309MAS002","key":"1234567890987654321","ipa":"10.10.25.51"}
[2026-01-05 14:20:57]
Berhasil merespon "dariMCU/2309MAS002" : {"respon":[{"id":"1165251","nodevice":"2309MAS002","message":"BMPE","info":"Jibran Aldo Dzakwan--Berhasil Presensi -Mulai-","nokartu":"333BB954"}]}
Berhasil kirim balasan ke "responServer/2309MAS002"

[2026-01-05 14:21:00]
Menerima pesan dari: dariMCU/2309MAS002 - Pesan: {"nokartu":"333BB954","idchip":"1165251","nodevice":"2309MAS002","key":"1234567890987654321","ipa":"10.10.25.51"}
[2026-01-05 14:21:00]
Berhasil merespon "dariMCU/2309MAS002" : {"respon":[{"id":"1165251","nodevice":"2309MAS002","message":"510","info":"Jibran Aldo Dzakwan--TERCATAT! 3 dtk lalu","nokartu":"333BB954"}]}
Berhasil kirim balasan ke "responServer/2309MAS002"

[2026-01-05 14:21:02]
Menerima pesan dari: dariMCU/2309MAS001 - Pesan: {"nokartu":"333BB954","idchip":"4115046","nodevice":"2309MAS001","key":"1234567890987654321","ipa":"10.10.25.50"}
[2026-01-05 14:21:02]
Berhasil merespon "dariMCU/2309MAS001" : {"respon":[{"id":"4115046","nodevice":"2309MAS001","message":"510","info":"Jibran Aldo Dzakwan--TERCATAT! 5 dtk lalu","nokartu":"333BB954"}]}
Berhasil kirim balasan ke "responServer/2309MAS001"

[2026-01-05 14:21:04]
Menerima pesan dari: dariMCU/2309MAS003 - Pesan: {"nokartu":"333BB954","idchip":"16581755","nodevice":"2309MAS003","key":"1234567890987654321","ipa":"10.10.1.23"}
[2026-01-05 14:21:04]
Berhasil merespon "dariMCU/2309MAS003" : {"respon":[{"id":"16581755","nodevice":"2309MAS003","message":"510","info":"Jibran Aldo Dzakwan--TERCATAT! 7 dtk lalu","nokartu":"333BB954"}]}
Berhasil kirim balasan ke "responServer/2309MAS003"

[2026-01-05 14:35:46]
Menerima pesan dari: dariMCU/2309MAS002 - Pesan: {"nokartu":"C3EBB7E2","idchip":"1165251","nodevice":"2309MAS002","key":"1234567890987654321","ipa":"10.10.25.51"}
[2026-01-05 14:35:46]
Berhasil merespon "dariMCU/2309MAS002" : {"respon":[{"id":"1165251","nodevice":"2309MAS002","message":"TBPS","info":"Putra Firmansyah--Tidak bisa melakukan presensi sekarang.","nokartu":"C3EBB7E2"}]}
Berhasil kirim balasan ke "responServer/2309MAS002"

