[2023-11-27 06:49:53]
Menerima pesan dari: dariMCU_2309G005 - Pesan: {"nokartu":"13197D05","idchip":"10687500","nodevice":"2309G005","key":"1234567890987654321","ipa":"10.16.0.232"}
[2023-11-27 06:49:53]
Berhasil merespon "dariMCU_2309G005" : {"respon":[{"id":"10687500","nodevice":"2309G005","message":"IDTT","info":"Kartu ID ini--belum terdaftar","nokartu":"13197D05"}]}
Berhasil kirim balasan ke "responServer_2309G005"

[2023-11-27 06:55:51]
Menerima pesan dari: dariMCU_2309G005 - Pesan: {"nokartu":"4476B889","idchip":"10687500","nodevice":"2309G005","key":"1234567890987654321","ipa":"10.16.0.232"}
[2023-11-27 06:55:51]
Berhasil merespon "dariMCU_2309G005" : {"respon":[{"id":"10687500","nodevice":"2309G005","message":"IDTT","info":"Kartu ID ini--belum terdaftar","nokartu":"4476B889"}]}
Berhasil kirim balasan ke "responServer_2309G005"

[2023-11-27 07:04:11]
Menerima pesan dari: dariMCU_2309G005 - Pesan: {"nokartu":"93F67406","idchip":"10687500","nodevice":"2309G005","key":"1234567890987654321","ipa":"10.16.0.232"}
[2023-11-27 07:04:11]
Berhasil merespon "dariMCU_2309G005" : {"respon":[{"id":"10687500","nodevice":"2309G005","message":"IDTT","info":"Kartu ID ini--belum terdaftar","nokartu":"93F67406"}]}
Berhasil kirim balasan ke "responServer_2309G005"

[2023-11-27 07:04:30]
Menerima pesan dari: dariMCU_2309G005 - Pesan: {"nokartu":"C2E2B920","idchip":"10687500","nodevice":"2309G005","key":"1234567890987654321","ipa":"10.16.0.232"}
[2023-11-27 07:04:30]
Berhasil merespon "dariMCU_2309G005" : {"respon":[{"id":"10687500","nodevice":"2309G005","message":"BMPM","info":"Ellin Agesti Milana Al Faida--Berhasil Presensi","nokartu":"C2E2B920"}]}
Berhasil kirim balasan ke "responServer_2309G005"

[2023-11-27 07:04:37]
Menerima pesan dari: dariMCU_2309G005 - Pesan: {"nokartu":"C2E2B920","idchip":"10687500","nodevice":"2309G005","key":"1234567890987654321","ipa":"10.16.0.232"}
[2023-11-27 07:04:37]
Berhasil merespon "dariMCU_2309G005" : {"respon":[{"id":"10687500","nodevice":"2309G005","message":"SMPM","info":"Ellin Agesti Milana Al Faida--Anda Sudah melakukan Presensi","nokartu":"C2E2B920"}]}
Berhasil kirim balasan ke "responServer_2309G005"

[2023-11-27 07:04:43]
Menerima pesan dari: dariMCU_2309G005 - Pesan: {"nokartu":"C2E2B920","idchip":"10687500","nodevice":"2309G005","key":"1234567890987654321","ipa":"10.16.0.232"}
[2023-11-27 07:04:43]
Berhasil merespon "dariMCU_2309G005" : {"respon":[{"id":"10687500","nodevice":"2309G005","message":"SMPM","info":"Ellin Agesti Milana Al Faida--Anda Sudah melakukan Presensi","nokartu":"C2E2B920"}]}
Berhasil kirim balasan ke "responServer_2309G005"

[2023-11-27 07:04:55]
Menerima pesan dari: dariMCU_2309G005 - Pesan: {"nokartu":"ED68DF6A","idchip":"10687500","nodevice":"2309G005","key":"1234567890987654321","ipa":"10.16.0.232"}
[2023-11-27 07:04:55]
Berhasil merespon "dariMCU_2309G005" : {"respon":[{"id":"10687500","nodevice":"2309G005","message":"BMPM","info":"Aprillia Palupi, S.P--Berhasil Presensi","nokartu":"ED68DF6A"}]}
Berhasil kirim balasan ke "responServer_2309G005"

[2023-11-27 07:05:17]
Menerima pesan dari: dariMCU_2309G005 - Pesan: {"nokartu":"4476B889","idchip":"10687500","nodevice":"2309G005","key":"1234567890987654321","ipa":"10.16.0.232"}
[2023-11-27 07:05:17]
Berhasil merespon "dariMCU_2309G005" : {"respon":[{"id":"10687500","nodevice":"2309G005","message":"IDTT","info":"Kartu ID ini--belum terdaftar","nokartu":"4476B889"}]}
Berhasil kirim balasan ke "responServer_2309G005"

[2023-11-27 07:55:22]
Menerima pesan dari: dariMCU_2309G002 - Pesan: {"nokartu":"C2601A20","idchip":"7976318","nodevice":"2309G002","key":"1234567890987654321","ipa":"10.10.10.65"}
[2023-11-27 07:55:22]
Berhasil merespon "dariMCU_2309G002" : {"respon":[{"id":"7976318","nodevice":"2309G002","message":"IDTT","info":"Kartu ID ini--belum terdaftar","nokartu":"C2601A20"}]}
Berhasil kirim balasan ke "responServer_2309G002"

[2023-11-27 10:00:20]
Menerima pesan dari: dariMCU_2309G005 - Pesan: {"nokartu":"4476B889","idchip":"10687500","nodevice":"2309G005","key":"1234567890987654321","ipa":"10.16.0.232"}
[2023-11-27 10:00:20]
Berhasil merespon "dariMCU_2309G005" : {"respon":[{"id":"10687500","nodevice":"2309G005","message":"IDTT","info":"Kartu ID ini--belum terdaftar","nokartu":"4476B889"}]}
Berhasil kirim balasan ke "responServer_2309G005"

[2023-11-27 11:27:31]
Menerima pesan dari: dariMCU_2309G005 - Pesan: {"nokartu":"6A573469","idchip":"10687500","nodevice":"2309G005","key":"1234567890987654321","ipa":"10.16.0.232"}
[2023-11-27 11:27:31]
Berhasil merespon "dariMCU_2309G005" : {"respon":[{"id":"10687500","nodevice":"2309G005","message":"TBPS","info":"Edward Harlin Setiawan Lumban Gaol, S.T--Tidak bisa melakukan presensi sekarang.","nokartu":"6A573469"}]}
Berhasil kirim balasan ke "responServer_2309G005"

[2023-11-27 13:36:46]
Menerima pesan dari: dariMCU_2309G005 - Pesan: {"nokartu":"4476B889","idchip":"10687500","nodevice":"2309G005","key":"1234567890987654321","ipa":"10.16.0.232"}
[2023-11-27 13:36:46]
Berhasil merespon "dariMCU_2309G005" : {"respon":[{"id":"10687500","nodevice":"2309G005","message":"IDTT","info":"Kartu ID ini--belum terdaftar","nokartu":"4476B889"}]}
Berhasil kirim balasan ke "responServer_2309G005"

[2023-11-27 13:41:42]
Menerima pesan dari: dariMCU_2309MAS005 - Pesan: {"nokartu":"4476B889","idchip":"304582","nodevice":"2309MAS005","key":"1234567890987654321","ipa":"10.16.0.140"}
[2023-11-27 13:41:42]
Berhasil merespon "dariMCU_2309MAS005" : {"respon":[{"id":"304582","nodevice":"2309MAS004","message":"407","info":"ERROR!--DEVICE TIDAK SESUAI","nokartu":"4476B889"}]}
Berhasil kirim balasan ke "responServer_2309MAS005"

[2023-11-27 13:42:52]
Menerima pesan dari: dariMCU_2309MAS005 - Pesan: {"nokartu":"4476B889","idchip":"304582","nodevice":"2309MAS005","key":"1234567890987654321","ipa":"10.16.0.140"}
[2023-11-27 13:42:52]
Berhasil merespon "dariMCU_2309MAS005" : {"respon":[{"id":"304582","nodevice":"2309MAS004","message":"407","info":"ERROR!--DEVICE TIDAK SESUAI","nokartu":"4476B889"}]}
Berhasil kirim balasan ke "responServer_2309MAS005"

[2023-11-27 13:43:48]
Menerima pesan dari: dariMCU_2309G005 - Pesan: {"nokartu":"4476B889","idchip":"10687500","nodevice":"2309G005","key":"1234567890987654321","ipa":"10.16.0.232"}
[2023-11-27 13:43:48]
Berhasil merespon "dariMCU_2309G005" : {"respon":[{"id":"10687500","nodevice":"2309G005","message":"IDTT","info":"Kartu ID ini--belum terdaftar","nokartu":"4476B889"}]}
Berhasil kirim balasan ke "responServer_2309G005"

[2023-11-27 13:44:12]
Menerima pesan dari: dariMCU_2309MAS005 - Pesan: {"nokartu":"C2E2B920","idchip":"304582","nodevice":"2309MAS005","key":"1234567890987654321","ipa":"10.16.0.140"}
[2023-11-27 13:44:12]
Berhasil merespon "dariMCU_2309MAS005" : {"respon":[{"id":"304582","nodevice":"2309MAS004","message":"407","info":"ERROR!--DEVICE TIDAK SESUAI","nokartu":"C2E2B920"}]}
Berhasil kirim balasan ke "responServer_2309MAS005"

[2023-11-27 13:46:56]
Menerima pesan dari: dariMCU_2309MAS004 - Pesan: {"nokartu":"4476B889","idchip":"304582","nodevice":"2309MAS004","key":"1234567890987654321","ipa":"10.16.0.140"}
[2023-11-27 13:46:56]
Berhasil merespon "dariMCU_2309MAS004" : {"respon":[{"id":"304582","nodevice":"2309MAS004","message":"IDTT","info":"Kartu ID ini--belum terdaftar","nokartu":"4476B889"}]}
Berhasil kirim balasan ke "responServer_2309MAS004"

[2023-11-27 13:52:53]
Menerima pesan dari: dariMCU_2309MAS004 - Pesan: {"nokartu":"4476B889","idchip":"304582","nodevice":"2309MAS004","key":"1234567890987654321","ipa":"10.16.0.140"}
[2023-11-27 13:52:53]
Berhasil merespon "dariMCU_2309MAS004" : {"respon":[{"id":"304582","nodevice":"2309MAS004","message":"IDTT","info":"Kartu ID ini--belum terdaftar","nokartu":"4476B889"}]}
Berhasil kirim balasan ke "responServer_2309MAS004"

[2023-11-27 14:00:53]
Menerima pesan dari: dariMCU_2309MAS004 - Pesan: {"nokartu":"4476B889","idchip":"304582","nodevice":"2309MAS004","key":"1234567890987654321","ipa":"10.16.0.140"}
[2023-11-27 14:00:53]
Berhasil merespon "dariMCU_2309MAS004" : {"respon":[{"id":"304582","nodevice":"2309MAS004","message":"IDTT","info":"Kartu ID ini--belum terdaftar","nokartu":"4476B889"}]}
Berhasil kirim balasan ke "responServer_2309MAS004"

[2023-11-27 14:08:42]
Menerima pesan dari: dariMCU_2309G005 - Pesan: {"nokartu":"4476B889","idchip":"10687500","nodevice":"2309G005","key":"1234567890987654321","ipa":"10.16.0.232"}
[2023-11-27 14:08:42]
Berhasil merespon "dariMCU_2309G005" : {"respon":[{"id":"10687500","nodevice":"2309G005","message":"IDTT","info":"Kartu ID ini--belum terdaftar","nokartu":"4476B889"}]}
Berhasil kirim balasan ke "responServer_2309G005"

[2023-11-27 14:09:55]
Menerima pesan dari: dariMCU_2309MAS004 - Pesan: {"nokartu":"4476B889","idchip":"304582","nodevice":"2309MAS004","key":"1234567890987654321","ipa":"10.16.0.140"}
[2023-11-27 14:09:55]
Berhasil merespon "dariMCU_2309MAS004" : {"respon":[{"id":"304582","nodevice":"2309MAS004","message":"IDTT","info":"Kartu ID ini--belum terdaftar","nokartu":"4476B889"}]}
Berhasil kirim balasan ke "responServer_2309MAS004"

[2023-11-27 14:18:33]
Menerima pesan dari: dariMCU_2309MAS004 - Pesan: {"nokartu":"4476B889","idchip":"304582","nodevice":"2309MAS004","key":"1234567890987654321","ipa":"10.16.0.140"}
[2023-11-27 14:18:33]
Berhasil merespon "dariMCU_2309MAS004" : {"respon":[{"id":"304582","nodevice":"2309MAS004","message":"IDTT","info":"Kartu ID ini--belum terdaftar","nokartu":"4476B889"}]}
Berhasil kirim balasan ke "responServer_2309MAS004"

[2023-11-27 14:33:50]
Menerima pesan dari: dariMCU_2309MAS004 - Pesan: {"nokartu":"4476B889","idchip":"304582","nodevice":"2309MAS004","key":"1234567890987654321","ipa":"10.16.0.140"}
[2023-11-27 14:33:50]
Berhasil merespon "dariMCU_2309MAS004" : {"respon":[{"id":"304582","nodevice":"2309MAS004","message":"IDTT","info":"Kartu ID ini--belum terdaftar","nokartu":"4476B889"}]}
Berhasil kirim balasan ke "responServer_2309MAS004"

[2023-11-27 14:51:48]
Menerima pesan dari: dariMCU_2309MAS004 - Pesan: {"nokartu":"4476B889","idchip":"304582","nodevice":"2309MAS004","key":"1234567890987654321","ipa":"10.16.0.140"}
[2023-11-27 14:51:48]
Berhasil merespon "dariMCU_2309MAS004" : {"respon":[{"id":"304582","nodevice":"2309MAS004","message":"IDTT","info":"Kartu ID ini--belum terdaftar","nokartu":"4476B889"}]}
Berhasil kirim balasan ke "responServer_2309MAS004"

[2023-11-27 15:00:09]
Menerima pesan dari: dariMCU_2309MAS004 - Pesan: {"nokartu":"4476B889","idchip":"304582","nodevice":"2309MAS004","key":"1234567890987654321","ipa":"10.16.0.140"}
[2023-11-27 15:00:09]
Berhasil merespon "dariMCU_2309MAS004" : {"respon":[{"id":"304582","nodevice":"2309MAS004","message":"IDTT","info":"Kartu ID ini--belum terdaftar","nokartu":"4476B889"}]}
Berhasil kirim balasan ke "responServer_2309MAS004"

[2023-11-27 15:09:35]
Menerima pesan dari: dariMCU_2309MAS004 - Pesan: {"nokartu":"4476B889","idchip":"304582","nodevice":"2309MAS004","key":"1234567890987654321","ipa":"10.16.0.140"}
[2023-11-27 15:09:35]
Berhasil merespon "dariMCU_2309MAS004" : {"respon":[{"id":"304582","nodevice":"2309MAS004","message":"IDTT","info":"Kartu ID ini--belum terdaftar","nokartu":"4476B889"}]}
Berhasil kirim balasan ke "responServer_2309MAS004"

[2023-11-27 15:10:07]
Menerima pesan dari: dariMCU_2309G002 - Pesan: {"nokartu":"B37F7A05","idchip":"7976318","nodevice":"2309G002","key":"1234567890987654321","ipa":"10.10.10.65"}
[2023-11-27 15:10:07]
Berhasil merespon "dariMCU_2309G002" : {"respon":[{"id":"7976318","nodevice":"2309G002","message":"PPBH","info":"Putra Fajar Noviyanto--Berhasil Presensi Pulang","nokartu":"B37F7A05"}]}
Berhasil kirim balasan ke "responServer_2309G002"

[2023-11-27 15:10:37]
Menerima pesan dari: dariMCU_2309MAS004 - Pesan: {"nokartu":"4476B889","idchip":"304582","nodevice":"2309MAS004","key":"1234567890987654321","ipa":"10.16.0.140"}
[2023-11-27 15:10:37]
Berhasil merespon "dariMCU_2309MAS004" : {"respon":[{"id":"304582","nodevice":"2309MAS004","message":"IDTT","info":"Kartu ID ini--belum terdaftar","nokartu":"4476B889"}]}
Berhasil kirim balasan ke "responServer_2309MAS004"

[2023-11-27 15:20:52]
Menerima pesan dari: dariMCU_2309G005 - Pesan: {"nokartu":"4476B889","idchip":"10687500","nodevice":"2309G005","key":"1234567890987654321","ipa":"10.16.0.232"}
[2023-11-27 15:20:52]
Berhasil merespon "dariMCU_2309G005" : {"respon":[{"id":"10687500","nodevice":"2309G005","message":"IDTT","info":"Kartu ID ini--belum terdaftar","nokartu":"4476B889"}]}
Berhasil kirim balasan ke "responServer_2309G005"

[2023-11-27 15:30:37]
Menerima pesan dari: dariMCU_2309G002 - Pesan: {"nokartu":"B37F7A05","idchip":"7976318","nodevice":"2309G002","key":"1234567890987654321","ipa":"10.10.10.65"}
[2023-11-27 15:30:37]
Berhasil merespon "dariMCU_2309G002" : {"respon":[{"id":"7976318","nodevice":"2309G002","message":"SAPP","info":"Putra Fajar Noviyanto--Sudah melakukan presensi pulang","nokartu":"B37F7A05"}]}
Berhasil kirim balasan ke "responServer_2309G002"

[2023-11-27 15:33:19]
Menerima pesan dari: dariMCU_2309G002 - Pesan: {"nokartu":"B37F7A05","idchip":"7976318","nodevice":"2309G002","key":"1234567890987654321","ipa":"10.10.10.65"}
[2023-11-27 15:33:19]
Berhasil merespon "dariMCU_2309G002" : {"respon":[{"id":"7976318","nodevice":"2309G002","message":"SAPP","info":"Putra Fajar Noviyanto--Sudah melakukan presensi pulang","nokartu":"B37F7A05"}]}
Berhasil kirim balasan ke "responServer_2309G002"

[2023-11-27 15:34:47]
Menerima pesan dari: dariMCU_2309G002 - Pesan: {"nokartu":"B37F7A05","idchip":"7976318","nodevice":"2309G002","key":"1234567890987654321","ipa":"10.10.10.65"}
[2023-11-27 15:34:47]
Berhasil merespon "dariMCU_2309G002" : {"respon":[{"id":"7976318","nodevice":"2309G002","message":"SAPP","info":"Putra Fajar Noviyanto--Sudah melakukan presensi pulang","nokartu":"B37F7A05"}]}
Berhasil kirim balasan ke "responServer_2309G002"

[2023-11-27 17:01:43]
Menerima pesan dari: dariMCU_2309MAS004 - Pesan: {"nokartu":"4476B889","idchip":"304582","nodevice":"2309MAS004","key":"1234567890987654321","ipa":"10.16.0.140"}
[2023-11-27 17:01:43]
Berhasil merespon "dariMCU_2309MAS004" : {"respon":[{"id":"304582","nodevice":"2309MAS004","message":"IDTT","info":"Kartu ID ini--belum terdaftar","nokartu":"4476B889"}]}
Berhasil kirim balasan ke "responServer_2309MAS004"

