[2024-08-23 06:18:55]
Menerima pesan dari: dariMCU_2309G004 - Pesan: {"nokartu":"64968E51","idchip":"14375838","nodevice":"2309G004","key":"1234567890987654321","ipa":"10.31.1.217"}
[2024-08-23 06:18:55]
Berhasil merespon "dariMCU_2309G004" : {"respon":[{"id":"14375838","nodevice":"2309G004","message":"BMPM","info":"Lisa Dwi Pricylia--Berhasil Presensi","nokartu":"64968E51"}]}
Berhasil kirim balasan ke "responServer_2309G004"

[2024-08-23 06:33:30]
Menerima pesan dari: dariMCU_2309G004 - Pesan: {"nokartu":"54598651","idchip":"14375838","nodevice":"2309G004","key":"1234567890987654321","ipa":"10.31.1.217"}
[2024-08-23 06:33:30]
Berhasil merespon "dariMCU_2309G004" : {"respon":[{"id":"14375838","nodevice":"2309G004","message":"BMPM","info":"Airin Widyastuti--Berhasil Presensi","nokartu":"54598651"}]}
Berhasil kirim balasan ke "responServer_2309G004"

[2024-08-23 06:42:24]
Menerima pesan dari: dariMCU_2309G003 - Pesan: {"nokartu":"E4089251","idchip":"8008873","nodevice":"2309G003","key":"1234567890987654321","ipa":"10.10.17.32"}
[2024-08-23 06:42:24]
Berhasil merespon "dariMCU_2309G003" : {"respon":[{"id":"8008873","nodevice":"2309G003","message":"BMPM","info":"Uun Musticharoh--Berhasil Presensi","nokartu":"E4089251"}]}
Berhasil kirim balasan ke "responServer_2309G003"

[2024-08-23 06:43:50]
Menerima pesan dari: dariMCU_2309G004 - Pesan: {"nokartu":"D4305C51","idchip":"14375838","nodevice":"2309G004","key":"1234567890987654321","ipa":"10.31.1.217"}
[2024-08-23 06:43:50]
Berhasil merespon "dariMCU_2309G004" : {"respon":[{"id":"14375838","nodevice":"2309G004","message":"BMPM","info":"Fawas Lintang Hayyan--Berhasil Presensi","nokartu":"D4305C51"}]}
Berhasil kirim balasan ke "responServer_2309G004"

[2024-08-23 06:44:02]
Menerima pesan dari: dariMCU_2309G004 - Pesan: {"nokartu":"F4FA6B51","idchip":"14375838","nodevice":"2309G004","key":"1234567890987654321","ipa":"10.31.1.217"}
[2024-08-23 06:44:02]
Berhasil merespon "dariMCU_2309G004" : {"respon":[{"id":"14375838","nodevice":"2309G004","message":"BMPM","info":"Syafa Mukminati--Berhasil Presensi","nokartu":"F4FA6B51"}]}
Berhasil kirim balasan ke "responServer_2309G004"

[2024-08-23 06:47:18]
Menerima pesan dari: dariMCU_2309G004 - Pesan: {"nokartu":"44A68451","idchip":"14375838","nodevice":"2309G004","key":"1234567890987654321","ipa":"10.31.1.217"}
[2024-08-23 06:47:18]
Berhasil merespon "dariMCU_2309G004" : {"respon":[{"id":"14375838","nodevice":"2309G004","message":"BMPM","info":"Putri Najwa Aqila--Berhasil Presensi","nokartu":"44A68451"}]}
Berhasil kirim balasan ke "responServer_2309G004"

[2024-08-23 06:47:21]
Menerima pesan dari: dariMCU_2309G004 - Pesan: {"nokartu":"44A68451","idchip":"14375838","nodevice":"2309G004","key":"1234567890987654321","ipa":"10.31.1.217"}
[2024-08-23 06:47:21]
Berhasil merespon "dariMCU_2309G004" : {"respon":[{"id":"14375838","nodevice":"2309G004","message":"SMPM","info":"Putri Najwa Aqila--Anda Sudah melakukan Presensi","nokartu":"44A68451"}]}
Berhasil kirim balasan ke "responServer_2309G004"

[2024-08-23 06:47:22]
Menerima pesan dari: dariMCU_2309G004 - Pesan: {"nokartu":"44A68451","idchip":"14375838","nodevice":"2309G004","key":"1234567890987654321","ipa":"10.31.1.217"}
[2024-08-23 06:47:22]
Berhasil merespon "dariMCU_2309G004" : {"respon":[{"id":"14375838","nodevice":"2309G004","message":"SMPM","info":"Putri Najwa Aqila--Anda Sudah melakukan Presensi","nokartu":"44A68451"}]}
Berhasil kirim balasan ke "responServer_2309G004"

[2024-08-23 06:47:35]
Menerima pesan dari: dariMCU_2309G004 - Pesan: {"nokartu":"14FD9651","idchip":"14375838","nodevice":"2309G004","key":"1234567890987654321","ipa":"10.31.1.217"}
[2024-08-23 06:47:35]
Berhasil merespon "dariMCU_2309G004" : {"respon":[{"id":"14375838","nodevice":"2309G004","message":"BMPM","info":"Arma Diyana--Berhasil Presensi","nokartu":"14FD9651"}]}
Berhasil kirim balasan ke "responServer_2309G004"

[2024-08-23 06:47:39]
Menerima pesan dari: dariMCU_2309G004 - Pesan: {"nokartu":"74A36451","idchip":"14375838","nodevice":"2309G004","key":"1234567890987654321","ipa":"10.31.1.217"}
[2024-08-23 06:47:39]
Berhasil merespon "dariMCU_2309G004" : {"respon":[{"id":"14375838","nodevice":"2309G004","message":"BMPM","info":"Yeni Fransiska Marbun--Berhasil Presensi","nokartu":"74A36451"}]}
Berhasil kirim balasan ke "responServer_2309G004"

[2024-08-23 06:47:42]
Menerima pesan dari: dariMCU_2309G004 - Pesan: {"nokartu":"44335D51","idchip":"14375838","nodevice":"2309G004","key":"1234567890987654321","ipa":"10.31.1.217"}
[2024-08-23 06:47:42]
Berhasil merespon "dariMCU_2309G004" : {"respon":[{"id":"14375838","nodevice":"2309G004","message":"BMPM","info":"Saskya Gita Rahmadani--Berhasil Presensi","nokartu":"44335D51"}]}
Berhasil kirim balasan ke "responServer_2309G004"

[2024-08-23 06:48:50]
Menerima pesan dari: dariMCU_2309G004 - Pesan: {"nokartu":"B42C5C51","idchip":"14375838","nodevice":"2309G004","key":"1234567890987654321","ipa":"10.31.1.217"}
[2024-08-23 06:48:50]
Berhasil merespon "dariMCU_2309G004" : {"respon":[{"id":"14375838","nodevice":"2309G004","message":"BMPM","info":"Nellisa Indah Pramesti--Berhasil Presensi","nokartu":"B42C5C51"}]}
Berhasil kirim balasan ke "responServer_2309G004"

[2024-08-23 06:50:01]
Menerima pesan dari: dariMCU_2309G004 - Pesan: {"nokartu":"D4CF7351","idchip":"14375838","nodevice":"2309G004","key":"1234567890987654321","ipa":"10.31.1.217"}
[2024-08-23 06:50:01]
Berhasil merespon "dariMCU_2309G004" : {"respon":[{"id":"14375838","nodevice":"2309G004","message":"BMPM","info":"Fieandra Cahya Agustin--Berhasil Presensi","nokartu":"D4CF7351"}]}
Berhasil kirim balasan ke "responServer_2309G004"

[2024-08-23 06:50:20]
Menerima pesan dari: dariMCU_2309G004 - Pesan: {"nokartu":"A4069051","idchip":"14375838","nodevice":"2309G004","key":"1234567890987654321","ipa":"10.31.1.217"}
[2024-08-23 06:50:20]
Berhasil merespon "dariMCU_2309G004" : {"respon":[{"id":"14375838","nodevice":"2309G004","message":"BMPM","info":"Fauziah Jadwa Nur Ngaini--Berhasil Presensi","nokartu":"A4069051"}]}
Berhasil kirim balasan ke "responServer_2309G004"

[2024-08-23 06:51:50]
Menerima pesan dari: dariMCU_2309G004 - Pesan: {"nokartu":"34228451","idchip":"14375838","nodevice":"2309G004","key":"1234567890987654321","ipa":"10.31.1.217"}
[2024-08-23 06:51:50]
Berhasil merespon "dariMCU_2309G004" : {"respon":[{"id":"14375838","nodevice":"2309G004","message":"BMPM","info":"Arum Ning Tyas--Berhasil Presensi","nokartu":"34228451"}]}
Berhasil kirim balasan ke "responServer_2309G004"

[2024-08-23 06:52:02]
Menerima pesan dari: dariMCU_2309G004 - Pesan: {"nokartu":"C4EE8751","idchip":"14375838","nodevice":"2309G004","key":"1234567890987654321","ipa":"10.31.1.217"}
[2024-08-23 06:52:02]
Berhasil merespon "dariMCU_2309G004" : {"respon":[{"id":"14375838","nodevice":"2309G004","message":"BMPM","info":"Aulia Dewi Ardhani--Berhasil Presensi","nokartu":"C4EE8751"}]}
Berhasil kirim balasan ke "responServer_2309G004"

[2024-08-23 06:52:05]
Menerima pesan dari: dariMCU_2309G004 - Pesan: {"nokartu":"C4EE8751","idchip":"14375838","nodevice":"2309G004","key":"1234567890987654321","ipa":"10.31.1.217"}
[2024-08-23 06:52:05]
Berhasil merespon "dariMCU_2309G004" : {"respon":[{"id":"14375838","nodevice":"2309G004","message":"SMPM","info":"Aulia Dewi Ardhani--Anda Sudah melakukan Presensi","nokartu":"C4EE8751"}]}
Berhasil kirim balasan ke "responServer_2309G004"

[2024-08-23 06:52:34]
Menerima pesan dari: dariMCU_2309G004 - Pesan: {"nokartu":"B4B79251","idchip":"14375838","nodevice":"2309G004","key":"1234567890987654321","ipa":"10.31.1.217"}
[2024-08-23 06:52:34]
Berhasil merespon "dariMCU_2309G004" : {"respon":[{"id":"14375838","nodevice":"2309G004","message":"BMPM","info":"Adik Indri Dwi Cahyani--Berhasil Presensi","nokartu":"B4B79251"}]}
Berhasil kirim balasan ke "responServer_2309G004"

[2024-08-23 06:53:13]
Menerima pesan dari: dariMCU_2309G004 - Pesan: {"nokartu":"44DF8E51","idchip":"14375838","nodevice":"2309G004","key":"1234567890987654321","ipa":"10.31.1.217"}
[2024-08-23 06:53:13]
Berhasil merespon "dariMCU_2309G004" : {"respon":[{"id":"14375838","nodevice":"2309G004","message":"BMPM","info":"Najwa Divani Putri--Berhasil Presensi","nokartu":"44DF8E51"}]}
Berhasil kirim balasan ke "responServer_2309G004"

[2024-08-23 06:54:05]
Menerima pesan dari: dariMCU_2309G004 - Pesan: {"nokartu":"A4BA6051","idchip":"14375838","nodevice":"2309G004","key":"1234567890987654321","ipa":"10.31.1.217"}
[2024-08-23 06:54:05]
Berhasil merespon "dariMCU_2309G004" : {"respon":[{"id":"14375838","nodevice":"2309G004","message":"BMPM","info":"Nella Yulita--Berhasil Presensi","nokartu":"A4BA6051"}]}
Berhasil kirim balasan ke "responServer_2309G004"

[2024-08-23 06:54:08]
Menerima pesan dari: dariMCU_2309G004 - Pesan: {"nokartu":"645F8551","idchip":"14375838","nodevice":"2309G004","key":"1234567890987654321","ipa":"10.31.1.217"}
[2024-08-23 06:54:08]
Berhasil merespon "dariMCU_2309G004" : {"respon":[{"id":"14375838","nodevice":"2309G004","message":"BMPM","info":"Arinda Ariyani--Berhasil Presensi","nokartu":"645F8551"}]}
Berhasil kirim balasan ke "responServer_2309G004"

[2024-08-23 06:55:03]
Menerima pesan dari: dariMCU_2309G004 - Pesan: {"nokartu":"944E8651","idchip":"14375838","nodevice":"2309G004","key":"1234567890987654321","ipa":"10.31.1.217"}
[2024-08-23 06:55:03]
Berhasil merespon "dariMCU_2309G004" : {"respon":[{"id":"14375838","nodevice":"2309G004","message":"BMPM","info":"Selvi Rahmawati--Berhasil Presensi","nokartu":"944E8651"}]}
Berhasil kirim balasan ke "responServer_2309G004"

[2024-08-23 06:55:04]
Menerima pesan dari: dariMCU_2309G004 - Pesan: {"nokartu":"944E8651","idchip":"14375838","nodevice":"2309G004","key":"1234567890987654321","ipa":"10.31.1.217"}
[2024-08-23 06:55:04]
Berhasil merespon "dariMCU_2309G004" : {"respon":[{"id":"14375838","nodevice":"2309G004","message":"SMPM","info":"Selvi Rahmawati--Anda Sudah melakukan Presensi","nokartu":"944E8651"}]}
Berhasil kirim balasan ke "responServer_2309G004"

[2024-08-23 06:55:11]
Menerima pesan dari: dariMCU_2309G004 - Pesan: {"nokartu":"C4BF9851","idchip":"14375838","nodevice":"2309G004","key":"1234567890987654321","ipa":"10.31.1.217"}
[2024-08-23 06:55:11]
Berhasil merespon "dariMCU_2309G004" : {"respon":[{"id":"14375838","nodevice":"2309G004","message":"BMPM","info":"Alesa Naura Medina--Berhasil Presensi","nokartu":"C4BF9851"}]}
Berhasil kirim balasan ke "responServer_2309G004"

[2024-08-23 06:55:17]
Menerima pesan dari: dariMCU_2309G004 - Pesan: {"nokartu":"84689751","idchip":"14375838","nodevice":"2309G004","key":"1234567890987654321","ipa":"10.31.1.217"}
[2024-08-23 06:55:17]
Berhasil merespon "dariMCU_2309G004" : {"respon":[{"id":"14375838","nodevice":"2309G004","message":"BMPM","info":"Jeni Sinta Aprilia--Berhasil Presensi","nokartu":"84689751"}]}
Berhasil kirim balasan ke "responServer_2309G004"

[2024-08-23 06:55:20]
Menerima pesan dari: dariMCU_2309G004 - Pesan: {"nokartu":"84689751","idchip":"14375838","nodevice":"2309G004","key":"1234567890987654321","ipa":"10.31.1.217"}
[2024-08-23 06:55:20]
Berhasil merespon "dariMCU_2309G004" : {"respon":[{"id":"14375838","nodevice":"2309G004","message":"SMPM","info":"Jeni Sinta Aprilia--Anda Sudah melakukan Presensi","nokartu":"84689751"}]}
Berhasil kirim balasan ke "responServer_2309G004"

[2024-08-23 06:55:24]
Menerima pesan dari: dariMCU_2309G004 - Pesan: {"nokartu":"34CC6351","idchip":"14375838","nodevice":"2309G004","key":"1234567890987654321","ipa":"10.31.1.217"}
[2024-08-23 06:55:24]
Berhasil merespon "dariMCU_2309G004" : {"respon":[{"id":"14375838","nodevice":"2309G004","message":"BMPM","info":"Yofi Agustin--Berhasil Presensi","nokartu":"34CC6351"}]}
Berhasil kirim balasan ke "responServer_2309G004"

[2024-08-23 06:55:28]
Menerima pesan dari: dariMCU_2309G004 - Pesan: {"nokartu":"C45F8C51","idchip":"14375838","nodevice":"2309G004","key":"1234567890987654321","ipa":"10.31.1.217"}
[2024-08-23 06:55:28]
Berhasil merespon "dariMCU_2309G004" : {"respon":[{"id":"14375838","nodevice":"2309G004","message":"BMPM","info":"Novita Aristiani--Berhasil Presensi","nokartu":"C45F8C51"}]}
Berhasil kirim balasan ke "responServer_2309G004"

[2024-08-23 06:55:29]
Menerima pesan dari: dariMCU_2309G004 - Pesan: {"nokartu":"C45F8C51","idchip":"14375838","nodevice":"2309G004","key":"1234567890987654321","ipa":"10.31.1.217"}
[2024-08-23 06:55:29]
Berhasil merespon "dariMCU_2309G004" : {"respon":[{"id":"14375838","nodevice":"2309G004","message":"SMPM","info":"Novita Aristiani--Anda Sudah melakukan Presensi","nokartu":"C45F8C51"}]}
Berhasil kirim balasan ke "responServer_2309G004"

[2024-08-23 06:55:32]
Menerima pesan dari: dariMCU_2309G004 - Pesan: {"nokartu":"C47F5A51","idchip":"14375838","nodevice":"2309G004","key":"1234567890987654321","ipa":"10.31.1.217"}
[2024-08-23 06:55:32]
Berhasil merespon "dariMCU_2309G004" : {"respon":[{"id":"14375838","nodevice":"2309G004","message":"BMPM","info":"Winda Setyawati--Berhasil Presensi","nokartu":"C47F5A51"}]}
Berhasil kirim balasan ke "responServer_2309G004"

[2024-08-23 06:55:36]
Menerima pesan dari: dariMCU_2309G004 - Pesan: {"nokartu":"C47E6E51","idchip":"14375838","nodevice":"2309G004","key":"1234567890987654321","ipa":"10.31.1.217"}
[2024-08-23 06:55:36]
Berhasil merespon "dariMCU_2309G004" : {"respon":[{"id":"14375838","nodevice":"2309G004","message":"BMPM","info":"Naesah Aliska--Berhasil Presensi","nokartu":"C47E6E51"}]}
Berhasil kirim balasan ke "responServer_2309G004"

[2024-08-23 06:55:40]
Menerima pesan dari: dariMCU_2309G004 - Pesan: {"nokartu":"04B68A51","idchip":"14375838","nodevice":"2309G004","key":"1234567890987654321","ipa":"10.31.1.217"}
[2024-08-23 06:55:40]
Berhasil merespon "dariMCU_2309G004" : {"respon":[{"id":"14375838","nodevice":"2309G004","message":"BMPM","info":"Eka Setya Sari--Berhasil Presensi","nokartu":"04B68A51"}]}
Berhasil kirim balasan ke "responServer_2309G004"

[2024-08-23 06:55:46]
Menerima pesan dari: dariMCU_2309G004 - Pesan: {"nokartu":"E4716451","idchip":"14375838","nodevice":"2309G004","key":"1234567890987654321","ipa":"10.31.1.217"}
[2024-08-23 06:55:46]
Berhasil merespon "dariMCU_2309G004" : {"respon":[{"id":"14375838","nodevice":"2309G004","message":"BMPM","info":"Aninda Adzalea Anggraeni--Berhasil Presensi","nokartu":"E4716451"}]}
Berhasil kirim balasan ke "responServer_2309G004"

[2024-08-23 06:55:48]
Menerima pesan dari: dariMCU_2309G004 - Pesan: {"nokartu":"C4068151","idchip":"14375838","nodevice":"2309G004","key":"1234567890987654321","ipa":"10.31.1.217"}
[2024-08-23 06:55:48]
Berhasil merespon "dariMCU_2309G004" : {"respon":[{"id":"14375838","nodevice":"2309G004","message":"BMPM","info":"Fatma Surya--Berhasil Presensi","nokartu":"C4068151"}]}
Berhasil kirim balasan ke "responServer_2309G004"

[2024-08-23 06:55:52]
Menerima pesan dari: dariMCU_2309G004 - Pesan: {"nokartu":"343F7B51","idchip":"14375838","nodevice":"2309G004","key":"1234567890987654321","ipa":"10.31.1.217"}
[2024-08-23 06:55:52]
Berhasil merespon "dariMCU_2309G004" : {"respon":[{"id":"14375838","nodevice":"2309G004","message":"BMPM","info":"Listi Sugiarti--Berhasil Presensi","nokartu":"343F7B51"}]}
Berhasil kirim balasan ke "responServer_2309G004"

[2024-08-23 06:56:04]
Menerima pesan dari: dariMCU_2309G004 - Pesan: {"nokartu":"C4148F51","idchip":"14375838","nodevice":"2309G004","key":"1234567890987654321","ipa":"10.31.1.217"}
[2024-08-23 06:56:04]
Berhasil merespon "dariMCU_2309G004" : {"respon":[{"id":"14375838","nodevice":"2309G004","message":"BMPM","info":"Salsa Dwi Pertiwi--Berhasil Presensi","nokartu":"C4148F51"}]}
Berhasil kirim balasan ke "responServer_2309G004"

[2024-08-23 06:58:01]
Menerima pesan dari: dariMCU_2309G004 - Pesan: {"nokartu":"F36B1210","idchip":"14375838","nodevice":"2309G004","key":"1234567890987654321","ipa":"10.31.1.217"}
[2024-08-23 06:58:01]
Berhasil merespon "dariMCU_2309G004" : {"respon":[{"id":"14375838","nodevice":"2309G004","message":"BMPM","info":"Yunita Maela Rahma--Berhasil Presensi","nokartu":"F36B1210"}]}
Berhasil kirim balasan ke "responServer_2309G004"

[2024-08-23 06:58:05]
Menerima pesan dari: dariMCU_2309G004 - Pesan: {"nokartu":"64468751","idchip":"14375838","nodevice":"2309G004","key":"1234567890987654321","ipa":"10.31.1.217"}
[2024-08-23 06:58:05]
Berhasil merespon "dariMCU_2309G004" : {"respon":[{"id":"14375838","nodevice":"2309G004","message":"BMPM","info":"Reni Yulianti--Berhasil Presensi","nokartu":"64468751"}]}
Berhasil kirim balasan ke "responServer_2309G004"

[2024-08-23 06:58:51]
Menerima pesan dari: dariMCU_2309G004 - Pesan: {"nokartu":"249D6551","idchip":"14375838","nodevice":"2309G004","key":"1234567890987654321","ipa":"10.31.1.217"}
[2024-08-23 06:58:51]
Berhasil merespon "dariMCU_2309G004" : {"respon":[{"id":"14375838","nodevice":"2309G004","message":"BMPM","info":"Adhine Auditya Santoso--Berhasil Presensi","nokartu":"249D6551"}]}
Berhasil kirim balasan ke "responServer_2309G004"

[2024-08-23 06:59:24]
Menerima pesan dari: dariMCU_2309G004 - Pesan: {"nokartu":"C4BA9451","idchip":"14375838","nodevice":"2309G004","key":"1234567890987654321","ipa":"10.31.1.217"}
[2024-08-23 06:59:24]
Berhasil merespon "dariMCU_2309G004" : {"respon":[{"id":"14375838","nodevice":"2309G004","message":"BMPM","info":"Qoiril Alvasanah--Berhasil Presensi","nokartu":"C4BA9451"}]}
Berhasil kirim balasan ke "responServer_2309G004"

[2024-08-23 06:59:33]
Menerima pesan dari: dariMCU_2309G004 - Pesan: {"nokartu":"A48E9851","idchip":"14375838","nodevice":"2309G004","key":"1234567890987654321","ipa":"10.31.1.217"}
[2024-08-23 06:59:33]
Berhasil merespon "dariMCU_2309G004" : {"respon":[{"id":"14375838","nodevice":"2309G004","message":"BMPM","info":"Imel Nur Rosasmita--Berhasil Presensi","nokartu":"A48E9851"}]}
Berhasil kirim balasan ke "responServer_2309G004"

[2024-08-23 06:59:59]
Menerima pesan dari: dariMCU_2309G004 - Pesan: {"nokartu":"C49D8551","idchip":"14375838","nodevice":"2309G004","key":"1234567890987654321","ipa":"10.31.1.217"}
[2024-08-23 06:59:59]
Berhasil merespon "dariMCU_2309G004" : {"respon":[{"id":"14375838","nodevice":"2309G004","message":"BMPM","info":"Disca Ayu Ramandita--Berhasil Presensi","nokartu":"C49D8551"}]}
Berhasil kirim balasan ke "responServer_2309G004"

[2024-08-23 07:00:01]
Menerima pesan dari: dariMCU_2309G004 - Pesan: {"nokartu":"C49D8551","idchip":"14375838","nodevice":"2309G004","key":"1234567890987654321","ipa":"10.31.1.217"}
[2024-08-23 07:00:01]
Berhasil merespon "dariMCU_2309G004" : {"respon":[{"id":"14375838","nodevice":"2309G004","message":"SMPM","info":"Disca Ayu Ramandita--Anda Sudah melakukan Presensi","nokartu":"C49D8551"}]}
Berhasil kirim balasan ke "responServer_2309G004"

[2024-08-23 07:00:17]
Menerima pesan dari: dariMCU_2309G004 - Pesan: {"nokartu":"04CE8751","idchip":"14375838","nodevice":"2309G004","key":"1234567890987654321","ipa":"10.31.1.217"}
[2024-08-23 07:00:17]
Berhasil merespon "dariMCU_2309G004" : {"respon":[{"id":"14375838","nodevice":"2309G004","message":"BMPM","info":"Ananda Helma Ristian--Berhasil Presensi","nokartu":"04CE8751"}]}
Berhasil kirim balasan ke "responServer_2309G004"

[2024-08-23 07:00:24]
Menerima pesan dari: dariMCU_2309G004 - Pesan: {"nokartu":"C49D8551","idchip":"14375838","nodevice":"2309G004","key":"1234567890987654321","ipa":"10.31.1.217"}
[2024-08-23 07:00:24]
Berhasil merespon "dariMCU_2309G004" : {"respon":[{"id":"14375838","nodevice":"2309G004","message":"SMPM","info":"Disca Ayu Ramandita--Anda Sudah melakukan Presensi","nokartu":"C49D8551"}]}
Berhasil kirim balasan ke "responServer_2309G004"

[2024-08-23 07:00:26]
Menerima pesan dari: dariMCU_2309G004 - Pesan: {"nokartu":"C49D8551","idchip":"14375838","nodevice":"2309G004","key":"1234567890987654321","ipa":"10.31.1.217"}
[2024-08-23 07:00:26]
Berhasil merespon "dariMCU_2309G004" : {"respon":[{"id":"14375838","nodevice":"2309G004","message":"SMPM","info":"Disca Ayu Ramandita--Anda Sudah melakukan Presensi","nokartu":"C49D8551"}]}
Berhasil kirim balasan ke "responServer_2309G004"

[2024-08-23 07:00:36]
Menerima pesan dari: dariMCU_2309G004 - Pesan: {"nokartu":"94C89151","idchip":"14375838","nodevice":"2309G004","key":"1234567890987654321","ipa":"10.31.1.217"}
[2024-08-23 07:00:36]
Berhasil merespon "dariMCU_2309G004" : {"respon":[{"id":"14375838","nodevice":"2309G004","message":"BMPM","info":"Riyanti--Berhasil Presensi","nokartu":"94C89151"}]}
Berhasil kirim balasan ke "responServer_2309G004"

[2024-08-23 07:00:38]
Menerima pesan dari: dariMCU_2309G001 - Pesan: {"nokartu":"449C8851","idchip":"4207734","nodevice":"2309G001","key":"1234567890987654321","ipa":"192.168.2.100"}
[2024-08-23 07:00:38]
Berhasil merespon "dariMCU_2309G001" : {"respon":[{"id":"4207734","nodevice":"2309G001","message":"BMPM","info":"Elsa Fadita--Berhasil Presensi","nokartu":"449C8851"}]}
Berhasil kirim balasan ke "responServer_2309G001"

[2024-08-23 07:00:46]
Menerima pesan dari: dariMCU_2309G004 - Pesan: {"nokartu":"44C26D51","idchip":"14375838","nodevice":"2309G004","key":"1234567890987654321","ipa":"10.31.1.217"}
[2024-08-23 07:00:46]
Berhasil merespon "dariMCU_2309G004" : {"respon":[{"id":"14375838","nodevice":"2309G004","message":"BMPM","info":"Bela Safira--Berhasil Presensi","nokartu":"44C26D51"}]}
Berhasil kirim balasan ke "responServer_2309G004"

[2024-08-23 07:00:46]
Menerima pesan dari: dariMCU_2309G004 - Pesan: {"nokartu":"A4849151","idchip":"14375838","nodevice":"2309G004","key":"1234567890987654321","ipa":"10.31.1.217"}
[2024-08-23 07:00:46]
Berhasil merespon "dariMCU_2309G004" : {"respon":[{"id":"14375838","nodevice":"2309G004","message":"BMPM","info":"Vera Azzahra--Berhasil Presensi","nokartu":"A4849151"}]}
Berhasil kirim balasan ke "responServer_2309G004"

[2024-08-23 07:00:57]
Menerima pesan dari: dariMCU_2309G001 - Pesan: {"nokartu":"449C8851","idchip":"4207734","nodevice":"2309G001","key":"1234567890987654321","ipa":"192.168.2.100"}
[2024-08-23 07:00:57]
Berhasil merespon "dariMCU_2309G001" : {"respon":[{"id":"4207734","nodevice":"2309G001","message":"SMPM","info":"Elsa Fadita--Anda Sudah melakukan Presensi","nokartu":"449C8851"}]}
Berhasil kirim balasan ke "responServer_2309G001"

[2024-08-23 07:01:09]
Menerima pesan dari: dariMCU_2309G004 - Pesan: {"nokartu":"140F8751","idchip":"14375838","nodevice":"2309G004","key":"1234567890987654321","ipa":"10.31.1.217"}
[2024-08-23 07:01:09]
Berhasil merespon "dariMCU_2309G004" : {"respon":[{"id":"14375838","nodevice":"2309G004","message":"BMPM","info":"Ise Rezeki Agestia--Berhasil Presensi","nokartu":"140F8751"}]}
Berhasil kirim balasan ke "responServer_2309G004"

[2024-08-23 07:01:13]
Menerima pesan dari: dariMCU_2309G004 - Pesan: {"nokartu":"140F8751","idchip":"14375838","nodevice":"2309G004","key":"1234567890987654321","ipa":"10.31.1.217"}
[2024-08-23 07:01:13]
Berhasil merespon "dariMCU_2309G004" : {"respon":[{"id":"14375838","nodevice":"2309G004","message":"SMPM","info":"Ise Rezeki Agestia--Anda Sudah melakukan Presensi","nokartu":"140F8751"}]}
Berhasil kirim balasan ke "responServer_2309G004"

[2024-08-23 07:01:38]
Menerima pesan dari: dariMCU_2309G004 - Pesan: {"nokartu":"74E88851","idchip":"14375838","nodevice":"2309G004","key":"1234567890987654321","ipa":"10.31.1.217"}
[2024-08-23 07:01:38]
Berhasil merespon "dariMCU_2309G004" : {"respon":[{"id":"14375838","nodevice":"2309G004","message":"BMPM","info":"Surya Putra Ramandhito--Berhasil Presensi","nokartu":"74E88851"}]}
Berhasil kirim balasan ke "responServer_2309G004"

[2024-08-23 07:01:44]
Menerima pesan dari: dariMCU_2309G004 - Pesan: {"nokartu":"74E88851","idchip":"14375838","nodevice":"2309G004","key":"1234567890987654321","ipa":"10.31.1.217"}
[2024-08-23 07:01:44]
Berhasil merespon "dariMCU_2309G004" : {"respon":[{"id":"14375838","nodevice":"2309G004","message":"SMPM","info":"Surya Putra Ramandhito--Anda Sudah melakukan Presensi","nokartu":"74E88851"}]}
Berhasil kirim balasan ke "responServer_2309G004"

[2024-08-23 07:01:45]
Menerima pesan dari: dariMCU_2309G004 - Pesan: {"nokartu":"74E88851","idchip":"14375838","nodevice":"2309G004","key":"1234567890987654321","ipa":"10.31.1.217"}
[2024-08-23 07:01:45]
Berhasil merespon "dariMCU_2309G004" : {"respon":[{"id":"14375838","nodevice":"2309G004","message":"SMPM","info":"Surya Putra Ramandhito--Anda Sudah melakukan Presensi","nokartu":"74E88851"}]}
Berhasil kirim balasan ke "responServer_2309G004"

[2024-08-23 07:01:52]
Menerima pesan dari: dariMCU_2309G004 - Pesan: {"nokartu":"74D48751","idchip":"14375838","nodevice":"2309G004","key":"1234567890987654321","ipa":"10.31.1.217"}
[2024-08-23 07:01:52]
Berhasil merespon "dariMCU_2309G004" : {"respon":[{"id":"14375838","nodevice":"2309G004","message":"BMPM","info":"Fisah Duwi Novitasari--Berhasil Presensi","nokartu":"74D48751"}]}
Berhasil kirim balasan ke "responServer_2309G004"

[2024-08-23 07:01:52]
Menerima pesan dari: dariMCU_2309G004 - Pesan: {"nokartu":"74D48751","idchip":"14375838","nodevice":"2309G004","key":"1234567890987654321","ipa":"10.31.1.217"}
[2024-08-23 07:01:52]
Berhasil merespon "dariMCU_2309G004" : {"respon":[{"id":"14375838","nodevice":"2309G004","message":"SMPM","info":"Fisah Duwi Novitasari--Anda Sudah melakukan Presensi","nokartu":"74D48751"}]}
Berhasil kirim balasan ke "responServer_2309G004"

[2024-08-23 07:02:00]
Menerima pesan dari: dariMCU_2309G004 - Pesan: {"nokartu":"44C06D51","idchip":"14375838","nodevice":"2309G004","key":"1234567890987654321","ipa":"10.31.1.217"}
[2024-08-23 07:02:00]
Berhasil merespon "dariMCU_2309G004" : {"respon":[{"id":"14375838","nodevice":"2309G004","message":"BMPM","info":"Adis Setia Wardani--Berhasil Presensi","nokartu":"44C06D51"}]}
Berhasil kirim balasan ke "responServer_2309G004"

[2024-08-23 07:02:00]
Menerima pesan dari: dariMCU_2309G004 - Pesan: {"nokartu":"44C06D51","idchip":"14375838","nodevice":"2309G004","key":"1234567890987654321","ipa":"10.31.1.217"}
[2024-08-23 07:02:00]
Berhasil merespon "dariMCU_2309G004" : {"respon":[{"id":"14375838","nodevice":"2309G004","message":"SMPM","info":"Adis Setia Wardani--Anda Sudah melakukan Presensi","nokartu":"44C06D51"}]}
Berhasil kirim balasan ke "responServer_2309G004"

[2024-08-23 07:02:12]
Menerima pesan dari: dariMCU_2309G001 - Pesan: {"nokartu":"64F59651","idchip":"4207734","nodevice":"2309G001","key":"1234567890987654321","ipa":"192.168.2.100"}
[2024-08-23 07:02:12]
Berhasil merespon "dariMCU_2309G001" : {"respon":[{"id":"4207734","nodevice":"2309G001","message":"BMPM","info":"Ana Khoirun Nisa--Berhasil Presensi","nokartu":"64F59651"}]}
Berhasil kirim balasan ke "responServer_2309G001"

[2024-08-23 07:02:14]
Menerima pesan dari: dariMCU_2309G001 - Pesan: {"nokartu":"64F59651","idchip":"4207734","nodevice":"2309G001","key":"1234567890987654321","ipa":"192.168.2.100"}
[2024-08-23 07:02:14]
Berhasil merespon "dariMCU_2309G001" : {"respon":[{"id":"4207734","nodevice":"2309G001","message":"SMPM","info":"Ana Khoirun Nisa--Anda Sudah melakukan Presensi","nokartu":"64F59651"}]}
Berhasil kirim balasan ke "responServer_2309G001"

[2024-08-23 07:02:15]
Menerima pesan dari: dariMCU_2309G004 - Pesan: {"nokartu":"E4518451","idchip":"14375838","nodevice":"2309G004","key":"1234567890987654321","ipa":"10.31.1.217"}
[2024-08-23 07:02:15]
Berhasil merespon "dariMCU_2309G004" : {"respon":[{"id":"14375838","nodevice":"2309G004","message":"BMPM","info":"Risma Febriyanti--Berhasil Presensi","nokartu":"E4518451"}]}
Berhasil kirim balasan ke "responServer_2309G004"

[2024-08-23 07:02:21]
Menerima pesan dari: dariMCU_2309G004 - Pesan: {"nokartu":"14EB9151","idchip":"14375838","nodevice":"2309G004","key":"1234567890987654321","ipa":"10.31.1.217"}
[2024-08-23 07:02:21]
Berhasil merespon "dariMCU_2309G004" : {"respon":[{"id":"14375838","nodevice":"2309G004","message":"BMPM","info":"Della Silviana--Berhasil Presensi","nokartu":"14EB9151"}]}
Berhasil kirim balasan ke "responServer_2309G004"

[2024-08-23 07:02:35]
Menerima pesan dari: dariMCU_2309G004 - Pesan: {"nokartu":"84EB8D51","idchip":"14375838","nodevice":"2309G004","key":"1234567890987654321","ipa":"10.31.1.217"}
[2024-08-23 07:02:35]
Berhasil merespon "dariMCU_2309G004" : {"respon":[{"id":"14375838","nodevice":"2309G004","message":"BMPM","info":"Latifatul Azizah--Berhasil Presensi","nokartu":"84EB8D51"}]}
Berhasil kirim balasan ke "responServer_2309G004"

[2024-08-23 07:02:44]
Menerima pesan dari: dariMCU_2309G004 - Pesan: {"nokartu":"C4F08351","idchip":"14375838","nodevice":"2309G004","key":"1234567890987654321","ipa":"10.31.1.217"}
[2024-08-23 07:02:44]
Berhasil merespon "dariMCU_2309G004" : {"respon":[{"id":"14375838","nodevice":"2309G004","message":"BMPM","info":"Bunga Ripfa Fanthica--Berhasil Presensi","nokartu":"C4F08351"}]}
Berhasil kirim balasan ke "responServer_2309G004"

[2024-08-23 07:02:44]
Menerima pesan dari: dariMCU_2309G004 - Pesan: {"nokartu":"C4F08351","idchip":"14375838","nodevice":"2309G004","key":"1234567890987654321","ipa":"10.31.1.217"}
[2024-08-23 07:02:44]
Berhasil merespon "dariMCU_2309G004" : {"respon":[{"id":"14375838","nodevice":"2309G004","message":"SMPM","info":"Bunga Ripfa Fanthica--Anda Sudah melakukan Presensi","nokartu":"C4F08351"}]}
Berhasil kirim balasan ke "responServer_2309G004"

[2024-08-23 07:03:04]
Menerima pesan dari: dariMCU_2309G004 - Pesan: {"nokartu":"84309051","idchip":"14375838","nodevice":"2309G004","key":"1234567890987654321","ipa":"10.31.1.217"}
[2024-08-23 07:03:04]
Berhasil merespon "dariMCU_2309G004" : {"respon":[{"id":"14375838","nodevice":"2309G004","message":"BMPM","info":"Agustin Fifiyana--Berhasil Presensi","nokartu":"84309051"}]}
Berhasil kirim balasan ke "responServer_2309G004"

[2024-08-23 07:03:10]
Menerima pesan dari: dariMCU_2309G004 - Pesan: {"nokartu":"949F8B51","idchip":"14375838","nodevice":"2309G004","key":"1234567890987654321","ipa":"10.31.1.217"}
[2024-08-23 07:03:10]
Berhasil merespon "dariMCU_2309G004" : {"respon":[{"id":"14375838","nodevice":"2309G004","message":"BMPM","info":"Risna Septy Anggraeni--Berhasil Presensi","nokartu":"949F8B51"}]}
Berhasil kirim balasan ke "responServer_2309G004"

[2024-08-23 07:03:21]
Menerima pesan dari: dariMCU_2309G004 - Pesan: {"nokartu":"E4A89451","idchip":"14375838","nodevice":"2309G004","key":"1234567890987654321","ipa":"10.31.1.217"}
[2024-08-23 07:03:21]
Berhasil merespon "dariMCU_2309G004" : {"respon":[{"id":"14375838","nodevice":"2309G004","message":"BMPM","info":"Monera Julian Fahmida--Berhasil Presensi","nokartu":"E4A89451"}]}
Berhasil kirim balasan ke "responServer_2309G004"

[2024-08-23 07:03:21]
Menerima pesan dari: dariMCU_2309G004 - Pesan: {"nokartu":"E4A89451","idchip":"14375838","nodevice":"2309G004","key":"1234567890987654321","ipa":"10.31.1.217"}
[2024-08-23 07:03:21]
Berhasil merespon "dariMCU_2309G004" : {"respon":[{"id":"14375838","nodevice":"2309G004","message":"SMPM","info":"Monera Julian Fahmida--Anda Sudah melakukan Presensi","nokartu":"E4A89451"}]}
Berhasil kirim balasan ke "responServer_2309G004"

[2024-08-23 07:03:22]
Menerima pesan dari: dariMCU_2309G004 - Pesan: {"nokartu":"E4A89451","idchip":"14375838","nodevice":"2309G004","key":"1234567890987654321","ipa":"10.31.1.217"}
[2024-08-23 07:03:22]
Berhasil merespon "dariMCU_2309G004" : {"respon":[{"id":"14375838","nodevice":"2309G004","message":"SMPM","info":"Monera Julian Fahmida--Anda Sudah melakukan Presensi","nokartu":"E4A89451"}]}
Berhasil kirim balasan ke "responServer_2309G004"

[2024-08-23 07:03:26]
Menerima pesan dari: dariMCU_2309G004 - Pesan: {"nokartu":"64488551","idchip":"14375838","nodevice":"2309G004","key":"1234567890987654321","ipa":"10.31.1.217"}
[2024-08-23 07:03:26]
Berhasil merespon "dariMCU_2309G004" : {"respon":[{"id":"14375838","nodevice":"2309G004","message":"BMPM","info":"Widya Anggraeni Setianingsih--Berhasil Presensi","nokartu":"64488551"}]}
Berhasil kirim balasan ke "responServer_2309G004"

[2024-08-23 07:03:28]
Menerima pesan dari: dariMCU_2309G003 - Pesan: {"nokartu":"C4897C51","idchip":"8008873","nodevice":"2309G003","key":"1234567890987654321","ipa":"10.10.17.32"}
[2024-08-23 07:03:28]
Berhasil merespon "dariMCU_2309G003" : {"respon":[{"id":"8008873","nodevice":"2309G003","message":"BMPM","info":"Andhika Surya Saputra--Berhasil Presensi","nokartu":"C4897C51"}]}
Berhasil kirim balasan ke "responServer_2309G003"

[2024-08-23 07:03:31]
Menerima pesan dari: dariMCU_2309G004 - Pesan: {"nokartu":"847D8951","idchip":"14375838","nodevice":"2309G004","key":"1234567890987654321","ipa":"10.31.1.217"}
[2024-08-23 07:03:31]
Berhasil merespon "dariMCU_2309G004" : {"respon":[{"id":"14375838","nodevice":"2309G004","message":"BMPM","info":"Nadea Pratiwi--Berhasil Presensi","nokartu":"847D8951"}]}
Berhasil kirim balasan ke "responServer_2309G004"

[2024-08-23 07:03:33]
Menerima pesan dari: dariMCU_2309G003 - Pesan: {"nokartu":"C4B58D51","idchip":"8008873","nodevice":"2309G003","key":"1234567890987654321","ipa":"10.10.17.32"}
[2024-08-23 07:03:33]
Berhasil merespon "dariMCU_2309G003" : {"respon":[{"id":"8008873","nodevice":"2309G003","message":"BMPM","info":"Ahdan Adibu Ahmad--Berhasil Presensi","nokartu":"C4B58D51"}]}
Berhasil kirim balasan ke "responServer_2309G003"

[2024-08-23 07:03:34]
Menerima pesan dari: dariMCU_2309G003 - Pesan: {"nokartu":"C4B58D51","idchip":"8008873","nodevice":"2309G003","key":"1234567890987654321","ipa":"10.10.17.32"}
[2024-08-23 07:03:34]
Berhasil merespon "dariMCU_2309G003" : {"respon":[{"id":"8008873","nodevice":"2309G003","message":"SMPM","info":"Ahdan Adibu Ahmad--Anda Sudah melakukan Presensi","nokartu":"C4B58D51"}]}
Berhasil kirim balasan ke "responServer_2309G003"

[2024-08-23 07:03:37]
Menerima pesan dari: dariMCU_2309G003 - Pesan: {"nokartu":"C4B58D51","idchip":"8008873","nodevice":"2309G003","key":"1234567890987654321","ipa":"10.10.17.32"}
[2024-08-23 07:03:37]
Berhasil merespon "dariMCU_2309G003" : {"respon":[{"id":"8008873","nodevice":"2309G003","message":"SMPM","info":"Ahdan Adibu Ahmad--Anda Sudah melakukan Presensi","nokartu":"C4B58D51"}]}
Berhasil kirim balasan ke "responServer_2309G003"

[2024-08-23 07:03:50]
Menerima pesan dari: dariMCU_2309G004 - Pesan: {"nokartu":"847D8951","idchip":"14375838","nodevice":"2309G004","key":"1234567890987654321","ipa":"10.31.1.217"}
[2024-08-23 07:03:50]
Berhasil merespon "dariMCU_2309G004" : {"respon":[{"id":"14375838","nodevice":"2309G004","message":"SMPM","info":"Nadea Pratiwi--Anda Sudah melakukan Presensi","nokartu":"847D8951"}]}
Berhasil kirim balasan ke "responServer_2309G004"

[2024-08-23 07:03:56]
Menerima pesan dari: dariMCU_2309G004 - Pesan: {"nokartu":"847D8951","idchip":"14375838","nodevice":"2309G004","key":"1234567890987654321","ipa":"10.31.1.217"}
[2024-08-23 07:03:56]
Berhasil merespon "dariMCU_2309G004" : {"respon":[{"id":"14375838","nodevice":"2309G004","message":"SMPM","info":"Nadea Pratiwi--Anda Sudah melakukan Presensi","nokartu":"847D8951"}]}
Berhasil kirim balasan ke "responServer_2309G004"

[2024-08-23 07:03:58]
Menerima pesan dari: dariMCU_2309G004 - Pesan: {"nokartu":"B4688051","idchip":"14375838","nodevice":"2309G004","key":"1234567890987654321","ipa":"10.31.1.217"}
[2024-08-23 07:03:58]
Berhasil merespon "dariMCU_2309G004" : {"respon":[{"id":"14375838","nodevice":"2309G004","message":"BMPM","info":"Khuswatun Khasanah--Berhasil Presensi","nokartu":"B4688051"}]}
Berhasil kirim balasan ke "responServer_2309G004"

[2024-08-23 07:03:59]
Menerima pesan dari: dariMCU_2309G004 - Pesan: {"nokartu":"B4688051","idchip":"14375838","nodevice":"2309G004","key":"1234567890987654321","ipa":"10.31.1.217"}
[2024-08-23 07:03:59]
Berhasil merespon "dariMCU_2309G004" : {"respon":[{"id":"14375838","nodevice":"2309G004","message":"SMPM","info":"Khuswatun Khasanah--Anda Sudah melakukan Presensi","nokartu":"B4688051"}]}
Berhasil kirim balasan ke "responServer_2309G004"

[2024-08-23 07:04:06]
Menerima pesan dari: dariMCU_2309G004 - Pesan: {"nokartu":"B4A48C51","idchip":"14375838","nodevice":"2309G004","key":"1234567890987654321","ipa":"10.31.1.217"}
[2024-08-23 07:04:06]
Berhasil merespon "dariMCU_2309G004" : {"respon":[{"id":"14375838","nodevice":"2309G004","message":"BMPM","info":"Dewi Selvi Wulandari--Berhasil Presensi","nokartu":"B4A48C51"}]}
Berhasil kirim balasan ke "responServer_2309G004"

[2024-08-23 07:04:06]
Menerima pesan dari: dariMCU_2309G004 - Pesan: {"nokartu":"B4A48C51","idchip":"14375838","nodevice":"2309G004","key":"1234567890987654321","ipa":"10.31.1.217"}
[2024-08-23 07:04:06]
Berhasil merespon "dariMCU_2309G004" : {"respon":[{"id":"14375838","nodevice":"2309G004","message":"SMPM","info":"Dewi Selvi Wulandari--Anda Sudah melakukan Presensi","nokartu":"B4A48C51"}]}
Berhasil kirim balasan ke "responServer_2309G004"

[2024-08-23 07:04:13]
Menerima pesan dari: dariMCU_2309G004 - Pesan: {"nokartu":"84309051","idchip":"14375838","nodevice":"2309G004","key":"1234567890987654321","ipa":"10.31.1.217"}
[2024-08-23 07:04:13]
Berhasil merespon "dariMCU_2309G004" : {"respon":[{"id":"14375838","nodevice":"2309G004","message":"SMPM","info":"Agustin Fifiyana--Anda Sudah melakukan Presensi","nokartu":"84309051"}]}
Berhasil kirim balasan ke "responServer_2309G004"

[2024-08-23 07:04:15]
Menerima pesan dari: dariMCU_2309G003 - Pesan: {"nokartu":"94B79651","idchip":"8008873","nodevice":"2309G003","key":"1234567890987654321","ipa":"10.10.17.32"}
[2024-08-23 07:04:15]
Berhasil merespon "dariMCU_2309G003" : {"respon":[{"id":"8008873","nodevice":"2309G003","message":"BMPM","info":"Ajeng Ardhia Pramesti--Berhasil Presensi","nokartu":"94B79651"}]}
Berhasil kirim balasan ke "responServer_2309G003"

[2024-08-23 07:04:20]
Menerima pesan dari: dariMCU_2309G003 - Pesan: {"nokartu":"64F08951","idchip":"8008873","nodevice":"2309G003","key":"1234567890987654321","ipa":"10.10.17.32"}
[2024-08-23 07:04:20]
Berhasil merespon "dariMCU_2309G003" : {"respon":[{"id":"8008873","nodevice":"2309G003","message":"BMPM","info":"Anissa Dwi Martha--Berhasil Presensi","nokartu":"64F08951"}]}
Berhasil kirim balasan ke "responServer_2309G003"

[2024-08-23 07:04:24]
Menerima pesan dari: dariMCU_2309G003 - Pesan: {"nokartu":"64F08951","idchip":"8008873","nodevice":"2309G003","key":"1234567890987654321","ipa":"10.10.17.32"}
[2024-08-23 07:04:24]
Berhasil merespon "dariMCU_2309G003" : {"respon":[{"id":"8008873","nodevice":"2309G003","message":"SMPM","info":"Anissa Dwi Martha--Anda Sudah melakukan Presensi","nokartu":"64F08951"}]}
Berhasil kirim balasan ke "responServer_2309G003"

[2024-08-23 07:05:23]
Menerima pesan dari: dariMCU_2309G004 - Pesan: {"nokartu":"F48B7F51","idchip":"14375838","nodevice":"2309G004","key":"1234567890987654321","ipa":"10.31.1.217"}
[2024-08-23 07:05:23]
Berhasil merespon "dariMCU_2309G004" : {"respon":[{"id":"14375838","nodevice":"2309G004","message":"BMPM","info":"Septiana Cahayani--Berhasil Presensi","nokartu":"F48B7F51"}]}
Berhasil kirim balasan ke "responServer_2309G004"

[2024-08-23 07:05:23]
Menerima pesan dari: dariMCU_2309G004 - Pesan: {"nokartu":"F48B7F51","idchip":"14375838","nodevice":"2309G004","key":"1234567890987654321","ipa":"10.31.1.217"}
[2024-08-23 07:05:23]
Berhasil merespon "dariMCU_2309G004" : {"respon":[{"id":"14375838","nodevice":"2309G004","message":"SMPM","info":"Septiana Cahayani--Anda Sudah melakukan Presensi","nokartu":"F48B7F51"}]}
Berhasil kirim balasan ke "responServer_2309G004"

[2024-08-23 07:05:29]
Menerima pesan dari: dariMCU_2309G004 - Pesan: {"nokartu":"A44F9351","idchip":"14375838","nodevice":"2309G004","key":"1234567890987654321","ipa":"10.31.1.217"}
[2024-08-23 07:05:29]
Berhasil merespon "dariMCU_2309G004" : {"respon":[{"id":"14375838","nodevice":"2309G004","message":"BMPM","info":"Dwi Cahyanti Febryana--Berhasil Presensi","nokartu":"A44F9351"}]}
Berhasil kirim balasan ke "responServer_2309G004"

[2024-08-23 07:05:35]
Menerima pesan dari: dariMCU_2309G004 - Pesan: {"nokartu":"04798E51","idchip":"14375838","nodevice":"2309G004","key":"1234567890987654321","ipa":"10.31.1.217"}
[2024-08-23 07:05:35]
Berhasil merespon "dariMCU_2309G004" : {"respon":[{"id":"14375838","nodevice":"2309G004","message":"BMPM","info":"Naila Khafidhotul Maulida--Berhasil Presensi","nokartu":"04798E51"}]}
Berhasil kirim balasan ke "responServer_2309G004"

[2024-08-23 07:05:47]
Menerima pesan dari: dariMCU_2309G003 - Pesan: {"nokartu":"D4E08751","idchip":"8008873","nodevice":"2309G003","key":"1234567890987654321","ipa":"10.10.17.32"}
[2024-08-23 07:05:47]
Berhasil merespon "dariMCU_2309G003" : {"respon":[{"id":"8008873","nodevice":"2309G003","message":"BMPM","info":"Fatimah Latipah--Berhasil Presensi","nokartu":"D4E08751"}]}
Berhasil kirim balasan ke "responServer_2309G003"

[2024-08-23 07:05:51]
Menerima pesan dari: dariMCU_2309G003 - Pesan: {"nokartu":"D4E08751","idchip":"8008873","nodevice":"2309G003","key":"1234567890987654321","ipa":"10.10.17.32"}
[2024-08-23 07:05:51]
Berhasil merespon "dariMCU_2309G003" : {"respon":[{"id":"8008873","nodevice":"2309G003","message":"SMPM","info":"Fatimah Latipah--Anda Sudah melakukan Presensi","nokartu":"D4E08751"}]}
Berhasil kirim balasan ke "responServer_2309G003"

[2024-08-23 07:05:52]
Menerima pesan dari: dariMCU_2309G004 - Pesan: {"nokartu":"14218551","idchip":"14375838","nodevice":"2309G004","key":"1234567890987654321","ipa":"10.31.1.217"}
[2024-08-23 07:05:52]
Berhasil merespon "dariMCU_2309G004" : {"respon":[{"id":"14375838","nodevice":"2309G004","message":"BMPM","info":"Wahida Zulfa Ashfiya--Berhasil Presensi","nokartu":"14218551"}]}
Berhasil kirim balasan ke "responServer_2309G004"

[2024-08-23 07:05:53]
Menerima pesan dari: dariMCU_2309G003 - Pesan: {"nokartu":"74709551","idchip":"8008873","nodevice":"2309G003","key":"1234567890987654321","ipa":"10.10.17.32"}
[2024-08-23 07:05:53]
Berhasil merespon "dariMCU_2309G003" : {"respon":[{"id":"8008873","nodevice":"2309G003","message":"BMPM","info":"Liska Rofiyatun--Berhasil Presensi","nokartu":"74709551"}]}
Berhasil kirim balasan ke "responServer_2309G003"

[2024-08-23 07:05:56]
Menerima pesan dari: dariMCU_2309G003 - Pesan: {"nokartu":"74709551","idchip":"8008873","nodevice":"2309G003","key":"1234567890987654321","ipa":"10.10.17.32"}
[2024-08-23 07:05:56]
Berhasil merespon "dariMCU_2309G003" : {"respon":[{"id":"8008873","nodevice":"2309G003","message":"SMPM","info":"Liska Rofiyatun--Anda Sudah melakukan Presensi","nokartu":"74709551"}]}
Berhasil kirim balasan ke "responServer_2309G003"

[2024-08-23 07:06:01]
Menerima pesan dari: dariMCU_2309G004 - Pesan: {"nokartu":"D4DC7951","idchip":"14375838","nodevice":"2309G004","key":"1234567890987654321","ipa":"10.31.1.217"}
[2024-08-23 07:06:01]
Berhasil merespon "dariMCU_2309G004" : {"respon":[{"id":"14375838","nodevice":"2309G004","message":"BMPM","info":"Muhammad Adjie Kurniawan--Berhasil Presensi","nokartu":"D4DC7951"}]}
Berhasil kirim balasan ke "responServer_2309G004"

[2024-08-23 07:06:02]
Menerima pesan dari: dariMCU_2309G004 - Pesan: {"nokartu":"D4DC7951","idchip":"14375838","nodevice":"2309G004","key":"1234567890987654321","ipa":"10.31.1.217"}
[2024-08-23 07:06:02]
Berhasil merespon "dariMCU_2309G004" : {"respon":[{"id":"14375838","nodevice":"2309G004","message":"SMPM","info":"Muhammad Adjie Kurniawan--Anda Sudah melakukan Presensi","nokartu":"D4DC7951"}]}
Berhasil kirim balasan ke "responServer_2309G004"

[2024-08-23 07:06:23]
Menerima pesan dari: dariMCU_2309G004 - Pesan: {"nokartu":"D4199451","idchip":"14375838","nodevice":"2309G004","key":"1234567890987654321","ipa":"10.31.1.217"}
[2024-08-23 07:06:23]
Berhasil merespon "dariMCU_2309G004" : {"respon":[{"id":"14375838","nodevice":"2309G004","message":"BMPM","info":"Elsa Agustina Dwi Saputri--Berhasil Presensi","nokartu":"D4199451"}]}
Berhasil kirim balasan ke "responServer_2309G004"

[2024-08-23 07:06:27]
Menerima pesan dari: dariMCU_2309G004 - Pesan: {"nokartu":"D4199451","idchip":"14375838","nodevice":"2309G004","key":"1234567890987654321","ipa":"10.31.1.217"}
[2024-08-23 07:06:27]
Berhasil merespon "dariMCU_2309G004" : {"respon":[{"id":"14375838","nodevice":"2309G004","message":"SMPM","info":"Elsa Agustina Dwi Saputri--Anda Sudah melakukan Presensi","nokartu":"D4199451"}]}
Berhasil kirim balasan ke "responServer_2309G004"

[2024-08-23 07:06:43]
Menerima pesan dari: dariMCU_2309G004 - Pesan: {"nokartu":"E4489751","idchip":"14375838","nodevice":"2309G004","key":"1234567890987654321","ipa":"10.31.1.217"}
[2024-08-23 07:06:43]
Berhasil merespon "dariMCU_2309G004" : {"respon":[{"id":"14375838","nodevice":"2309G004","message":"BMPM","info":"Ratu Irly Salsa--Berhasil Presensi","nokartu":"E4489751"}]}
Berhasil kirim balasan ke "responServer_2309G004"

[2024-08-23 07:07:16]
Menerima pesan dari: dariMCU_2309G004 - Pesan: {"nokartu":"64279451","idchip":"14375838","nodevice":"2309G004","key":"1234567890987654321","ipa":"10.31.1.217"}
[2024-08-23 07:07:16]
Berhasil merespon "dariMCU_2309G004" : {"respon":[{"id":"14375838","nodevice":"2309G004","message":"BMPM","info":"Zuyun Na ilufar--Berhasil Presensi","nokartu":"64279451"}]}
Berhasil kirim balasan ke "responServer_2309G004"

[2024-08-23 07:07:16]
Menerima pesan dari: dariMCU_2309G004 - Pesan: {"nokartu":"64279451","idchip":"14375838","nodevice":"2309G004","key":"1234567890987654321","ipa":"10.31.1.217"}
[2024-08-23 07:07:16]
Berhasil merespon "dariMCU_2309G004" : {"respon":[{"id":"14375838","nodevice":"2309G004","message":"SMPM","info":"Zuyun Na ilufar--Anda Sudah melakukan Presensi","nokartu":"64279451"}]}
Berhasil kirim balasan ke "responServer_2309G004"

[2024-08-23 07:07:27]
Menerima pesan dari: dariMCU_2309G004 - Pesan: {"nokartu":"64279451","idchip":"14375838","nodevice":"2309G004","key":"1234567890987654321","ipa":"10.31.1.217"}
[2024-08-23 07:07:27]
Berhasil merespon "dariMCU_2309G004" : {"respon":[{"id":"14375838","nodevice":"2309G004","message":"SMPM","info":"Zuyun Na ilufar--Anda Sudah melakukan Presensi","nokartu":"64279451"}]}
Berhasil kirim balasan ke "responServer_2309G004"

[2024-08-23 07:07:29]
Menerima pesan dari: dariMCU_2309G004 - Pesan: {"nokartu":"64279451","idchip":"14375838","nodevice":"2309G004","key":"1234567890987654321","ipa":"10.31.1.217"}
[2024-08-23 07:07:29]
Berhasil merespon "dariMCU_2309G004" : {"respon":[{"id":"14375838","nodevice":"2309G004","message":"SMPM","info":"Zuyun Na ilufar--Anda Sudah melakukan Presensi","nokartu":"64279451"}]}
Berhasil kirim balasan ke "responServer_2309G004"

[2024-08-23 07:07:32]
Menerima pesan dari: dariMCU_2309G004 - Pesan: {"nokartu":"64279451","idchip":"14375838","nodevice":"2309G004","key":"1234567890987654321","ipa":"10.31.1.217"}
[2024-08-23 07:07:32]
Berhasil merespon "dariMCU_2309G004" : {"respon":[{"id":"14375838","nodevice":"2309G004","message":"SMPM","info":"Zuyun Na ilufar--Anda Sudah melakukan Presensi","nokartu":"64279451"}]}
Berhasil kirim balasan ke "responServer_2309G004"

[2024-08-23 07:08:11]
Menerima pesan dari: dariMCU_2309G003 - Pesan: {"nokartu":"F4B48751","idchip":"8008873","nodevice":"2309G003","key":"1234567890987654321","ipa":"10.10.17.32"}
[2024-08-23 07:08:11]
Berhasil merespon "dariMCU_2309G003" : {"respon":[{"id":"8008873","nodevice":"2309G003","message":"BMPM","info":"Safrindha Wahyu Nugroho--Berhasil Presensi","nokartu":"F4B48751"}]}
Berhasil kirim balasan ke "responServer_2309G003"

[2024-08-23 07:08:12]
Menerima pesan dari: dariMCU_2309G003 - Pesan: {"nokartu":"0439200AA66D80","idchip":"8008873","nodevice":"2309G003","key":"1234567890987654321","ipa":"10.10.17.32"}
[2024-08-23 07:08:12]
Berhasil merespon "dariMCU_2309G003" : {"respon":[{"id":"8008873","nodevice":"2309G003","message":"IDTT","info":"Kartu ID ini--belum terdaftar","nokartu":"0439200AA66D80"}]}
Berhasil kirim balasan ke "responServer_2309G003"

[2024-08-23 07:08:15]
Menerima pesan dari: dariMCU_2309G003 - Pesan: {"nokartu":"F4B48751","idchip":"8008873","nodevice":"2309G003","key":"1234567890987654321","ipa":"10.10.17.32"}
[2024-08-23 07:08:15]
Berhasil merespon "dariMCU_2309G003" : {"respon":[{"id":"8008873","nodevice":"2309G003","message":"SMPM","info":"Safrindha Wahyu Nugroho--Anda Sudah melakukan Presensi","nokartu":"F4B48751"}]}
Berhasil kirim balasan ke "responServer_2309G003"

[2024-08-23 07:08:16]
Menerima pesan dari: dariMCU_2309G003 - Pesan: {"nokartu":"84F39451","idchip":"8008873","nodevice":"2309G003","key":"1234567890987654321","ipa":"10.10.17.32"}
[2024-08-23 07:08:16]
Berhasil merespon "dariMCU_2309G003" : {"respon":[{"id":"8008873","nodevice":"2309G003","message":"BMPM","info":"Afif Nur Fadhli--Berhasil Presensi","nokartu":"84F39451"}]}
Berhasil kirim balasan ke "responServer_2309G003"

[2024-08-23 07:08:42]
Menerima pesan dari: dariMCU_2309G004 - Pesan: {"nokartu":"14DC9251","idchip":"14375838","nodevice":"2309G004","key":"1234567890987654321","ipa":"10.31.1.217"}
[2024-08-23 07:08:42]
Berhasil merespon "dariMCU_2309G004" : {"respon":[{"id":"14375838","nodevice":"2309G004","message":"BMPM","info":"Asyifaturizqi Fadhila Nurendri--Berhasil Presensi","nokartu":"14DC9251"}]}
Berhasil kirim balasan ke "responServer_2309G004"

[2024-08-23 07:08:58]
Menerima pesan dari: dariMCU_2309G004 - Pesan: {"nokartu":"24275C51","idchip":"14375838","nodevice":"2309G004","key":"1234567890987654321","ipa":"10.31.1.217"}
[2024-08-23 07:08:58]
Berhasil merespon "dariMCU_2309G004" : {"respon":[{"id":"14375838","nodevice":"2309G004","message":"BMPM","info":"Muhammad A lam Maulana--Berhasil Presensi","nokartu":"24275C51"}]}
Berhasil kirim balasan ke "responServer_2309G004"

[2024-08-23 07:09:00]
Menerima pesan dari: dariMCU_2309G004 - Pesan: {"nokartu":"24275C51","idchip":"14375838","nodevice":"2309G004","key":"1234567890987654321","ipa":"10.31.1.217"}
[2024-08-23 07:09:00]
Berhasil merespon "dariMCU_2309G004" : {"respon":[{"id":"14375838","nodevice":"2309G004","message":"SMPM","info":"Muhammad A lam Maulana--Anda Sudah melakukan Presensi","nokartu":"24275C51"}]}
Berhasil kirim balasan ke "responServer_2309G004"

[2024-08-23 07:09:10]
Menerima pesan dari: dariMCU_2309G004 - Pesan: {"nokartu":"D4B68C51","idchip":"14375838","nodevice":"2309G004","key":"1234567890987654321","ipa":"10.31.1.217"}
[2024-08-23 07:09:10]
Berhasil merespon "dariMCU_2309G004" : {"respon":[{"id":"14375838","nodevice":"2309G004","message":"BMPM","info":"Dina Fitriana--Berhasil Presensi","nokartu":"D4B68C51"}]}
Berhasil kirim balasan ke "responServer_2309G004"

[2024-08-23 07:09:16]
Menerima pesan dari: dariMCU_2309G004 - Pesan: {"nokartu":"44098551","idchip":"14375838","nodevice":"2309G004","key":"1234567890987654321","ipa":"10.31.1.217"}
[2024-08-23 07:09:16]
Berhasil merespon "dariMCU_2309G004" : {"respon":[{"id":"14375838","nodevice":"2309G004","message":"BMPM","info":"Nurul Alifian--Berhasil Presensi","nokartu":"44098551"}]}
Berhasil kirim balasan ke "responServer_2309G004"

[2024-08-23 07:09:32]
Menerima pesan dari: dariMCU_2309G004 - Pesan: {"nokartu":"84D69251","idchip":"14375838","nodevice":"2309G004","key":"1234567890987654321","ipa":"10.31.1.217"}
[2024-08-23 07:09:32]
Berhasil merespon "dariMCU_2309G004" : {"respon":[{"id":"14375838","nodevice":"2309G004","message":"BMPM","info":"Regita Putri Nuraini--Berhasil Presensi","nokartu":"84D69251"}]}
Berhasil kirim balasan ke "responServer_2309G004"

[2024-08-23 07:09:35]
Menerima pesan dari: dariMCU_2309G004 - Pesan: {"nokartu":"34567751","idchip":"14375838","nodevice":"2309G004","key":"1234567890987654321","ipa":"10.31.1.217"}
[2024-08-23 07:09:35]
Berhasil merespon "dariMCU_2309G004" : {"respon":[{"id":"14375838","nodevice":"2309G004","message":"BMPM","info":"Dini Febryanti--Berhasil Presensi","nokartu":"34567751"}]}
Berhasil kirim balasan ke "responServer_2309G004"

[2024-08-23 07:09:38]
Menerima pesan dari: dariMCU_2309G004 - Pesan: {"nokartu":"D4BF9151","idchip":"14375838","nodevice":"2309G004","key":"1234567890987654321","ipa":"10.31.1.217"}
[2024-08-23 07:09:38]
Berhasil merespon "dariMCU_2309G004" : {"respon":[{"id":"14375838","nodevice":"2309G004","message":"BMPM","info":"Dwi Septiana--Berhasil Presensi","nokartu":"D4BF9151"}]}
Berhasil kirim balasan ke "responServer_2309G004"

[2024-08-23 07:12:05]
Menerima pesan dari: dariMCU_2309G004 - Pesan: {"nokartu":"14BD8851","idchip":"14375838","nodevice":"2309G004","key":"1234567890987654321","ipa":"10.31.1.217"}
[2024-08-23 07:12:05]
Berhasil merespon "dariMCU_2309G004" : {"respon":[{"id":"14375838","nodevice":"2309G004","message":"BMPM","info":"Wulandari--Berhasil Presensi","nokartu":"14BD8851"}]}
Berhasil kirim balasan ke "responServer_2309G004"

[2024-08-23 07:12:51]
Menerima pesan dari: dariMCU_2309G004 - Pesan: {"nokartu":"B4589851","idchip":"14375838","nodevice":"2309G004","key":"1234567890987654321","ipa":"10.31.1.217"}
[2024-08-23 07:12:51]
Berhasil merespon "dariMCU_2309G004" : {"respon":[{"id":"14375838","nodevice":"2309G004","message":"BMPM","info":"Kirana Dinda Tiara--Berhasil Presensi","nokartu":"B4589851"}]}
Berhasil kirim balasan ke "responServer_2309G004"

[2024-08-23 07:13:06]
Menerima pesan dari: dariMCU_2309G004 - Pesan: {"nokartu":"F4219251","idchip":"14375838","nodevice":"2309G004","key":"1234567890987654321","ipa":"10.31.1.217"}
[2024-08-23 07:13:06]
Berhasil merespon "dariMCU_2309G004" : {"respon":[{"id":"14375838","nodevice":"2309G004","message":"BMPM","info":"Kania Radhia Mecha--Berhasil Presensi","nokartu":"F4219251"}]}
Berhasil kirim balasan ke "responServer_2309G004"

[2024-08-23 07:13:07]
Menerima pesan dari: dariMCU_2309G004 - Pesan: {"nokartu":"F4219251","idchip":"14375838","nodevice":"2309G004","key":"1234567890987654321","ipa":"10.31.1.217"}
[2024-08-23 07:13:07]
Berhasil merespon "dariMCU_2309G004" : {"respon":[{"id":"14375838","nodevice":"2309G004","message":"SMPM","info":"Kania Radhia Mecha--Anda Sudah melakukan Presensi","nokartu":"F4219251"}]}
Berhasil kirim balasan ke "responServer_2309G004"

[2024-08-23 07:13:11]
Menerima pesan dari: dariMCU_2309G004 - Pesan: {"nokartu":"24788D51","idchip":"14375838","nodevice":"2309G004","key":"1234567890987654321","ipa":"10.31.1.217"}
[2024-08-23 07:13:11]
Berhasil merespon "dariMCU_2309G004" : {"respon":[{"id":"14375838","nodevice":"2309G004","message":"BMPM","info":"Dayah Nuraeni--Berhasil Presensi","nokartu":"24788D51"}]}
Berhasil kirim balasan ke "responServer_2309G004"

[2024-08-23 07:13:15]
Menerima pesan dari: dariMCU_2309G004 - Pesan: {"nokartu":"24788D51","idchip":"14375838","nodevice":"2309G004","key":"1234567890987654321","ipa":"10.31.1.217"}
[2024-08-23 07:13:15]
Berhasil merespon "dariMCU_2309G004" : {"respon":[{"id":"14375838","nodevice":"2309G004","message":"SMPM","info":"Dayah Nuraeni--Anda Sudah melakukan Presensi","nokartu":"24788D51"}]}
Berhasil kirim balasan ke "responServer_2309G004"

[2024-08-23 07:13:22]
Menerima pesan dari: dariMCU_2309G004 - Pesan: {"nokartu":"24788D51","idchip":"14375838","nodevice":"2309G004","key":"1234567890987654321","ipa":"10.31.1.217"}
[2024-08-23 07:13:22]
Berhasil merespon "dariMCU_2309G004" : {"respon":[{"id":"14375838","nodevice":"2309G004","message":"SMPM","info":"Dayah Nuraeni--Anda Sudah melakukan Presensi","nokartu":"24788D51"}]}
Berhasil kirim balasan ke "responServer_2309G004"

[2024-08-23 07:13:30]
Menerima pesan dari: dariMCU_2309G004 - Pesan: {"nokartu":"D4EA6D51","idchip":"14375838","nodevice":"2309G004","key":"1234567890987654321","ipa":"10.31.1.217"}
[2024-08-23 07:13:30]
Berhasil merespon "dariMCU_2309G004" : {"respon":[{"id":"14375838","nodevice":"2309G004","message":"BMPM","info":"Karunia Rika Difa--Berhasil Presensi","nokartu":"D4EA6D51"}]}
Berhasil kirim balasan ke "responServer_2309G004"

[2024-08-23 07:13:35]
Menerima pesan dari: dariMCU_2309G004 - Pesan: {"nokartu":"D4EA6D51","idchip":"14375838","nodevice":"2309G004","key":"1234567890987654321","ipa":"10.31.1.217"}
[2024-08-23 07:13:35]
Berhasil merespon "dariMCU_2309G004" : {"respon":[{"id":"14375838","nodevice":"2309G004","message":"SMPM","info":"Karunia Rika Difa--Anda Sudah melakukan Presensi","nokartu":"D4EA6D51"}]}
Berhasil kirim balasan ke "responServer_2309G004"

[2024-08-23 07:13:36]
Menerima pesan dari: dariMCU_2309G004 - Pesan: {"nokartu":"D4EA6D51","idchip":"14375838","nodevice":"2309G004","key":"1234567890987654321","ipa":"10.31.1.217"}
[2024-08-23 07:13:36]
Berhasil merespon "dariMCU_2309G004" : {"respon":[{"id":"14375838","nodevice":"2309G004","message":"SMPM","info":"Karunia Rika Difa--Anda Sudah melakukan Presensi","nokartu":"D4EA6D51"}]}
Berhasil kirim balasan ke "responServer_2309G004"

[2024-08-23 07:14:05]
Menerima pesan dari: dariMCU_2309G004 - Pesan: {"nokartu":"349F8F51","idchip":"14375838","nodevice":"2309G004","key":"1234567890987654321","ipa":"10.31.1.217"}
[2024-08-23 07:14:05]
Berhasil merespon "dariMCU_2309G004" : {"respon":[{"id":"14375838","nodevice":"2309G004","message":"BMPM","info":"Rini Muzazanah--Berhasil Presensi","nokartu":"349F8F51"}]}
Berhasil kirim balasan ke "responServer_2309G004"

[2024-08-23 07:14:06]
Menerima pesan dari: dariMCU_2309G004 - Pesan: {"nokartu":"349F8F51","idchip":"14375838","nodevice":"2309G004","key":"1234567890987654321","ipa":"10.31.1.217"}
[2024-08-23 07:14:06]
Berhasil merespon "dariMCU_2309G004" : {"respon":[{"id":"14375838","nodevice":"2309G004","message":"SMPM","info":"Rini Muzazanah--Anda Sudah melakukan Presensi","nokartu":"349F8F51"}]}
Berhasil kirim balasan ke "responServer_2309G004"

[2024-08-23 07:16:52]
Menerima pesan dari: dariMCU_2309G003 - Pesan: {"nokartu":"64B89651","idchip":"8008873","nodevice":"2309G003","key":"1234567890987654321","ipa":"10.10.17.32"}
[2024-08-23 07:16:52]
Berhasil merespon "dariMCU_2309G003" : {"respon":[{"id":"8008873","nodevice":"2309G003","message":"BMPM","info":"Eliya Kusumawati--Berhasil Presensi","nokartu":"64B89651"}]}
Berhasil kirim balasan ke "responServer_2309G003"

[2024-08-23 07:18:24]
Menerima pesan dari: dariMCU_2309G004 - Pesan: {"nokartu":"94C86651","idchip":"14375838","nodevice":"2309G004","key":"1234567890987654321","ipa":"10.31.1.217"}
[2024-08-23 07:18:24]
Berhasil merespon "dariMCU_2309G004" : {"respon":[{"id":"14375838","nodevice":"2309G004","message":"BMPM","info":"Ambar Rini Septiani--Berhasil Presensi","nokartu":"94C86651"}]}
Berhasil kirim balasan ke "responServer_2309G004"

[2024-08-23 07:18:27]
Menerima pesan dari: dariMCU_2309G004 - Pesan: {"nokartu":"F4458751","idchip":"14375838","nodevice":"2309G004","key":"1234567890987654321","ipa":"10.31.1.217"}
[2024-08-23 07:18:27]
Berhasil merespon "dariMCU_2309G004" : {"respon":[{"id":"14375838","nodevice":"2309G004","message":"BMPM","info":"Farah Alifah Alza Rohma--Berhasil Presensi","nokartu":"F4458751"}]}
Berhasil kirim balasan ke "responServer_2309G004"

[2024-08-23 07:20:17]
Menerima pesan dari: dariMCU_2309G003 - Pesan: {"nokartu":"84986351","idchip":"8008873","nodevice":"2309G003","key":"1234567890987654321","ipa":"10.10.17.32"}
[2024-08-23 07:20:17]
Berhasil merespon "dariMCU_2309G003" : {"respon":[{"id":"8008873","nodevice":"2309G003","message":"BMPM","info":"Riki Aditya--Berhasil Presensi","nokartu":"84986351"}]}
Berhasil kirim balasan ke "responServer_2309G003"

[2024-08-23 07:20:23]
Menerima pesan dari: dariMCU_2309G003 - Pesan: {"nokartu":"84986351","idchip":"8008873","nodevice":"2309G003","key":"1234567890987654321","ipa":"10.10.17.32"}
[2024-08-23 07:20:23]
Berhasil merespon "dariMCU_2309G003" : {"respon":[{"id":"8008873","nodevice":"2309G003","message":"SMPM","info":"Riki Aditya--Anda Sudah melakukan Presensi","nokartu":"84986351"}]}
Berhasil kirim balasan ke "responServer_2309G003"

[2024-08-23 09:45:20]
Menerima pesan dari: dariMCU_2309G003 - Pesan: {"nokartu":"A4918C51","idchip":"8008873","nodevice":"2309G003","key":"1234567890987654321","ipa":"10.10.17.32"}
[2024-08-23 09:45:20]
Berhasil merespon "dariMCU_2309G003" : {"respon":[{"id":"8008873","nodevice":"2309G003","message":"TBPS","info":"Dias Fagreen Pradana--Tidak bisa melakukan presensi sekarang.","nokartu":"A4918C51"}]}
Berhasil kirim balasan ke "responServer_2309G003"

[2024-08-23 09:45:28]
Menerima pesan dari: dariMCU_2309G003 - Pesan: {"nokartu":"44E79451","idchip":"8008873","nodevice":"2309G003","key":"1234567890987654321","ipa":"10.10.17.32"}
[2024-08-23 09:45:28]
Berhasil merespon "dariMCU_2309G003" : {"respon":[{"id":"8008873","nodevice":"2309G003","message":"TBPS","info":"Rahmat Aji Santoso--Tidak bisa melakukan presensi sekarang.","nokartu":"44E79451"}]}
Berhasil kirim balasan ke "responServer_2309G003"

[2024-08-23 12:04:03]
Menerima pesan dari: dariMCU_2309MAS003 - Pesan: {"nokartu":"143E8D51","idchip":"16581755","nodevice":"2309MAS003","key":"1234567890987654321","ipa":"10.10.7.117"}
[2024-08-23 12:04:03]
Berhasil merespon "dariMCU_2309MAS003" : {"respon":[{"id":"16581755","nodevice":"2309MAS003","message":"BMPE","info":"Defril Brilian--Berhasil Presensi -Mulai-","nokartu":"143E8D51"}]}
Berhasil kirim balasan ke "responServer_2309MAS003"

[2024-08-23 12:04:25]
Menerima pesan dari: dariMCU_2309MAS003 - Pesan: {"nokartu":"34708A51","idchip":"16581755","nodevice":"2309MAS003","key":"1234567890987654321","ipa":"10.10.7.117"}
[2024-08-23 12:04:25]
Berhasil merespon "dariMCU_2309MAS003" : {"respon":[{"id":"16581755","nodevice":"2309MAS003","message":"BMPE","info":"Wahyu Widayat--Berhasil Presensi -Mulai-","nokartu":"34708A51"}]}
Berhasil kirim balasan ke "responServer_2309MAS003"

[2024-08-23 12:04:26]
Menerima pesan dari: dariMCU_2309MAS003 - Pesan: {"nokartu":"34708A51","idchip":"16581755","nodevice":"2309MAS003","key":"1234567890987654321","ipa":"10.10.7.117"}
[2024-08-23 12:04:26]
Berhasil merespon "dariMCU_2309MAS003" : {"respon":[{"id":"16581755","nodevice":"2309MAS003","message":"510","info":"Wahyu Widayat--TERCATAT! 1 dtk lalu","nokartu":"34708A51"}]}
Berhasil kirim balasan ke "responServer_2309MAS003"

[2024-08-23 12:14:08]
Menerima pesan dari: dariMCU_2309MAS003 - Pesan: {"nokartu":"D4469151","idchip":"16581755","nodevice":"2309MAS003","key":"1234567890987654321","ipa":"10.10.7.117"}
[2024-08-23 12:14:08]
Berhasil merespon "dariMCU_2309MAS003" : {"respon":[{"id":"16581755","nodevice":"2309MAS003","message":"BMPE","info":"Febra Arthur Calista--Berhasil Presensi -Mulai-","nokartu":"D4469151"}]}
Berhasil kirim balasan ke "responServer_2309MAS003"

[2024-08-23 12:16:30]
Menerima pesan dari: dariMCU_2309MAS003 - Pesan: {"nokartu":"34A58651","idchip":"16581755","nodevice":"2309MAS003","key":"1234567890987654321","ipa":"10.10.7.117"}
[2024-08-23 12:16:30]
Berhasil merespon "dariMCU_2309MAS003" : {"respon":[{"id":"16581755","nodevice":"2309MAS003","message":"BMPE","info":"Rohmat Sujati--Berhasil Presensi -Mulai-","nokartu":"34A58651"}]}
Berhasil kirim balasan ke "responServer_2309MAS003"

[2024-08-23 12:16:34]
Menerima pesan dari: dariMCU_2309MAS003 - Pesan: {"nokartu":"34A58651","idchip":"16581755","nodevice":"2309MAS003","key":"1234567890987654321","ipa":"10.10.7.117"}
[2024-08-23 12:16:34]
Berhasil merespon "dariMCU_2309MAS003" : {"respon":[{"id":"16581755","nodevice":"2309MAS003","message":"510","info":"Rohmat Sujati--TERCATAT! 4 dtk lalu","nokartu":"34A58651"}]}
Berhasil kirim balasan ke "responServer_2309MAS003"

[2024-08-23 12:18:32]
Menerima pesan dari: dariMCU_2309MAS003 - Pesan: {"nokartu":"74E28C51","idchip":"16581755","nodevice":"2309MAS003","key":"1234567890987654321","ipa":"10.10.7.117"}
[2024-08-23 12:18:32]
Berhasil merespon "dariMCU_2309MAS003" : {"respon":[{"id":"16581755","nodevice":"2309MAS003","message":"BMPE","info":"Galih Hidayat--Berhasil Presensi -Mulai-","nokartu":"74E28C51"}]}
Berhasil kirim balasan ke "responServer_2309MAS003"

[2024-08-23 12:18:36]
Menerima pesan dari: dariMCU_2309MAS003 - Pesan: {"nokartu":"74E28C51","idchip":"16581755","nodevice":"2309MAS003","key":"1234567890987654321","ipa":"10.10.7.117"}
[2024-08-23 12:18:36]
Berhasil merespon "dariMCU_2309MAS003" : {"respon":[{"id":"16581755","nodevice":"2309MAS003","message":"510","info":"Galih Hidayat--TERCATAT! 4 dtk lalu","nokartu":"74E28C51"}]}
Berhasil kirim balasan ke "responServer_2309MAS003"

[2024-08-23 12:18:37]
Menerima pesan dari: dariMCU_2309MAS003 - Pesan: {"nokartu":"04B27A51","idchip":"16581755","nodevice":"2309MAS003","key":"1234567890987654321","ipa":"10.10.7.117"}
[2024-08-23 12:18:37]
Berhasil merespon "dariMCU_2309MAS003" : {"respon":[{"id":"16581755","nodevice":"2309MAS003","message":"BMPE","info":"Lendra Desmawan--Berhasil Presensi -Mulai-","nokartu":"04B27A51"}]}
Berhasil kirim balasan ke "responServer_2309MAS003"

[2024-08-23 12:18:41]
Menerima pesan dari: dariMCU_2309MAS003 - Pesan: {"nokartu":"04B27A51","idchip":"16581755","nodevice":"2309MAS003","key":"1234567890987654321","ipa":"10.10.7.117"}
[2024-08-23 12:18:41]
Berhasil merespon "dariMCU_2309MAS003" : {"respon":[{"id":"16581755","nodevice":"2309MAS003","message":"510","info":"Lendra Desmawan--TERCATAT! 4 dtk lalu","nokartu":"04B27A51"}]}
Berhasil kirim balasan ke "responServer_2309MAS003"

[2024-08-23 12:18:42]
Menerima pesan dari: dariMCU_2309MAS003 - Pesan: {"nokartu":"04B27A51","idchip":"16581755","nodevice":"2309MAS003","key":"1234567890987654321","ipa":"10.10.7.117"}
[2024-08-23 12:18:42]
Berhasil merespon "dariMCU_2309MAS003" : {"respon":[{"id":"16581755","nodevice":"2309MAS003","message":"510","info":"Lendra Desmawan--TERCATAT! 5 dtk lalu","nokartu":"04B27A51"}]}
Berhasil kirim balasan ke "responServer_2309MAS003"

[2024-08-23 12:18:45]
Menerima pesan dari: dariMCU_2309MAS003 - Pesan: {"nokartu":"94D08851","idchip":"16581755","nodevice":"2309MAS003","key":"1234567890987654321","ipa":"10.10.7.117"}
[2024-08-23 12:18:45]
Berhasil merespon "dariMCU_2309MAS003" : {"respon":[{"id":"16581755","nodevice":"2309MAS003","message":"BMPE","info":"Hildhan Yogi Fratama--Berhasil Presensi -Mulai-","nokartu":"94D08851"}]}
Berhasil kirim balasan ke "responServer_2309MAS003"

[2024-08-23 12:18:49]
Menerima pesan dari: dariMCU_2309MAS003 - Pesan: {"nokartu":"94D08851","idchip":"16581755","nodevice":"2309MAS003","key":"1234567890987654321","ipa":"10.10.7.117"}
[2024-08-23 12:18:49]
Berhasil merespon "dariMCU_2309MAS003" : {"respon":[{"id":"16581755","nodevice":"2309MAS003","message":"510","info":"Hildhan Yogi Fratama--TERCATAT! 4 dtk lalu","nokartu":"94D08851"}]}
Berhasil kirim balasan ke "responServer_2309MAS003"

[2024-08-23 12:18:59]
Menerima pesan dari: dariMCU_2309MAS003 - Pesan: {"nokartu":"54B48B51","idchip":"16581755","nodevice":"2309MAS003","key":"1234567890987654321","ipa":"10.10.7.117"}
[2024-08-23 12:18:59]
Berhasil merespon "dariMCU_2309MAS003" : {"respon":[{"id":"16581755","nodevice":"2309MAS003","message":"BMPE","info":"Bagus Pamungkas--Berhasil Presensi -Mulai-","nokartu":"54B48B51"}]}
Berhasil kirim balasan ke "responServer_2309MAS003"

[2024-08-23 12:32:41]
Menerima pesan dari: dariMCU_2309MAS003 - Pesan: {"nokartu":"44C06D51","idchip":"16581755","nodevice":"2309MAS003","key":"1234567890987654321","ipa":"10.10.7.117"}
[2024-08-23 12:32:41]
Berhasil merespon "dariMCU_2309MAS003" : {"respon":[{"id":"16581755","nodevice":"2309MAS003","message":"BMPE","info":"Adis Setia Wardani--Berhasil Presensi -Mulai-","nokartu":"44C06D51"}]}
Berhasil kirim balasan ke "responServer_2309MAS003"

[2024-08-23 12:32:45]
Menerima pesan dari: dariMCU_2309MAS003 - Pesan: {"nokartu":"74D48751","idchip":"16581755","nodevice":"2309MAS003","key":"1234567890987654321","ipa":"10.10.7.117"}
[2024-08-23 12:32:45]
Berhasil merespon "dariMCU_2309MAS003" : {"respon":[{"id":"16581755","nodevice":"2309MAS003","message":"BMPE","info":"Fisah Duwi Novitasari--Berhasil Presensi -Mulai-","nokartu":"74D48751"}]}
Berhasil kirim balasan ke "responServer_2309MAS003"

[2024-08-23 12:33:51]
Menerima pesan dari: dariMCU_2309G004 - Pesan: {"nokartu":"B4A48C51","idchip":"14375838","nodevice":"2309G004","key":"1234567890987654321","ipa":"10.31.1.217"}
[2024-08-23 12:33:51]
Berhasil merespon "dariMCU_2309G004" : {"respon":[{"id":"14375838","nodevice":"2309G004","message":"SAPP","info":"Dewi Selvi Wulandari--Sudah melakukan presensi pulang","nokartu":"B4A48C51"}]}
Berhasil kirim balasan ke "responServer_2309G004"

[2024-08-23 12:33:54]
Menerima pesan dari: dariMCU_2309G004 - Pesan: {"nokartu":"B4A48C51","idchip":"14375838","nodevice":"2309G004","key":"1234567890987654321","ipa":"10.31.1.217"}
[2024-08-23 12:33:54]
Berhasil merespon "dariMCU_2309G004" : {"respon":[{"id":"14375838","nodevice":"2309G004","message":"SAPP","info":"Dewi Selvi Wulandari--Sudah melakukan presensi pulang","nokartu":"B4A48C51"}]}
Berhasil kirim balasan ke "responServer_2309G004"

[2024-08-23 12:33:56]
Menerima pesan dari: dariMCU_2309G004 - Pesan: {"nokartu":"C47F5A51","idchip":"14375838","nodevice":"2309G004","key":"1234567890987654321","ipa":"10.31.1.217"}
[2024-08-23 12:33:56]
Berhasil merespon "dariMCU_2309G004" : {"respon":[{"id":"14375838","nodevice":"2309G004","message":"SAPP","info":"Winda Setyawati--Sudah melakukan presensi pulang","nokartu":"C47F5A51"}]}
Berhasil kirim balasan ke "responServer_2309G004"

[2024-08-23 12:35:18]
Menerima pesan dari: dariMCU_2309MAS003 - Pesan: {"nokartu":"343F7B51","idchip":"16581755","nodevice":"2309MAS003","key":"1234567890987654321","ipa":"10.10.7.117"}
[2024-08-23 12:35:18]
Berhasil merespon "dariMCU_2309MAS003" : {"respon":[{"id":"16581755","nodevice":"2309MAS003","message":"BMPE","info":"Listi Sugiarti--Berhasil Presensi -Mulai-","nokartu":"343F7B51"}]}
Berhasil kirim balasan ke "responServer_2309MAS003"

[2024-08-23 12:35:19]
Menerima pesan dari: dariMCU_2309MAS003 - Pesan: {"nokartu":"343F7B51","idchip":"16581755","nodevice":"2309MAS003","key":"1234567890987654321","ipa":"10.10.7.117"}
[2024-08-23 12:35:19]
Berhasil merespon "dariMCU_2309MAS003" : {"respon":[{"id":"16581755","nodevice":"2309MAS003","message":"510","info":"Listi Sugiarti--TERCATAT! 1 dtk lalu","nokartu":"343F7B51"}]}
Berhasil kirim balasan ke "responServer_2309MAS003"

[2024-08-23 12:35:25]
Menerima pesan dari: dariMCU_2309MAS003 - Pesan: {"nokartu":"C4068151","idchip":"16581755","nodevice":"2309MAS003","key":"1234567890987654321","ipa":"10.10.7.117"}
[2024-08-23 12:35:25]
Berhasil merespon "dariMCU_2309MAS003" : {"respon":[{"id":"16581755","nodevice":"2309MAS003","message":"BMPE","info":"Fatma Surya--Berhasil Presensi -Mulai-","nokartu":"C4068151"}]}
Berhasil kirim balasan ke "responServer_2309MAS003"

[2024-08-23 12:35:30]
Menerima pesan dari: dariMCU_2309MAS003 - Pesan: {"nokartu":"C4068151","idchip":"16581755","nodevice":"2309MAS003","key":"1234567890987654321","ipa":"10.10.7.117"}
[2024-08-23 12:35:30]
Berhasil merespon "dariMCU_2309MAS003" : {"respon":[{"id":"16581755","nodevice":"2309MAS003","message":"510","info":"Fatma Surya--TERCATAT! 5 dtk lalu","nokartu":"C4068151"}]}
Berhasil kirim balasan ke "responServer_2309MAS003"

[2024-08-23 12:35:36]
Menerima pesan dari: dariMCU_2309MAS003 - Pesan: {"nokartu":"64488551","idchip":"16581755","nodevice":"2309MAS003","key":"1234567890987654321","ipa":"10.10.7.117"}
[2024-08-23 12:35:36]
Berhasil merespon "dariMCU_2309MAS003" : {"respon":[{"id":"16581755","nodevice":"2309MAS003","message":"BMPE","info":"Widya Anggraeni Setianingsih--Berhasil Presensi -Mulai-","nokartu":"64488551"}]}
Berhasil kirim balasan ke "responServer_2309MAS003"

[2024-08-23 12:35:48]
Menerima pesan dari: dariMCU_2309MAS003 - Pesan: {"nokartu":"64488551","idchip":"16581755","nodevice":"2309MAS003","key":"1234567890987654321","ipa":"10.10.7.117"}
[2024-08-23 12:35:48]
Berhasil merespon "dariMCU_2309MAS003" : {"respon":[{"id":"16581755","nodevice":"2309MAS003","message":"510","info":"Widya Anggraeni Setianingsih--TERCATAT! 12 dtk lalu","nokartu":"64488551"}]}
Berhasil kirim balasan ke "responServer_2309MAS003"

[2024-08-23 12:35:49]
Menerima pesan dari: dariMCU_2309MAS003 - Pesan: {"nokartu":"E4716451","idchip":"16581755","nodevice":"2309MAS003","key":"1234567890987654321","ipa":"10.10.7.117"}
[2024-08-23 12:35:49]
Berhasil merespon "dariMCU_2309MAS003" : {"respon":[{"id":"16581755","nodevice":"2309MAS003","message":"BMPE","info":"Aninda Adzalea Anggraeni--Berhasil Presensi -Mulai-","nokartu":"E4716451"}]}
Berhasil kirim balasan ke "responServer_2309MAS003"

[2024-08-23 12:35:54]
Menerima pesan dari: dariMCU_2309MAS003 - Pesan: {"nokartu":"64468751","idchip":"16581755","nodevice":"2309MAS003","key":"1234567890987654321","ipa":"10.10.7.117"}
[2024-08-23 12:35:54]
Berhasil merespon "dariMCU_2309MAS003" : {"respon":[{"id":"16581755","nodevice":"2309MAS003","message":"BMPE","info":"Reni Yulianti--Berhasil Presensi -Mulai-","nokartu":"64468751"}]}
Berhasil kirim balasan ke "responServer_2309MAS003"

[2024-08-23 12:36:01]
Menerima pesan dari: dariMCU_2309MAS003 - Pesan: {"nokartu":"140F8751","idchip":"16581755","nodevice":"2309MAS003","key":"1234567890987654321","ipa":"10.10.7.117"}
[2024-08-23 12:36:01]
Berhasil merespon "dariMCU_2309MAS003" : {"respon":[{"id":"16581755","nodevice":"2309MAS003","message":"BMPE","info":"Ise Rezeki Agestia--Berhasil Presensi -Mulai-","nokartu":"140F8751"}]}
Berhasil kirim balasan ke "responServer_2309MAS003"

[2024-08-23 12:36:04]
Menerima pesan dari: dariMCU_2309MAS003 - Pesan: {"nokartu":"14EB9151","idchip":"16581755","nodevice":"2309MAS003","key":"1234567890987654321","ipa":"10.10.7.117"}
[2024-08-23 12:36:04]
Berhasil merespon "dariMCU_2309MAS003" : {"respon":[{"id":"16581755","nodevice":"2309MAS003","message":"BMPE","info":"Della Silviana--Berhasil Presensi -Mulai-","nokartu":"14EB9151"}]}
Berhasil kirim balasan ke "responServer_2309MAS003"

[2024-08-23 12:36:08]
Menerima pesan dari: dariMCU_2309MAS003 - Pesan: {"nokartu":"14EB9151","idchip":"16581755","nodevice":"2309MAS003","key":"1234567890987654321","ipa":"10.10.7.117"}
[2024-08-23 12:36:08]
Berhasil merespon "dariMCU_2309MAS003" : {"respon":[{"id":"16581755","nodevice":"2309MAS003","message":"510","info":"Della Silviana--TERCATAT! 4 dtk lalu","nokartu":"14EB9151"}]}
Berhasil kirim balasan ke "responServer_2309MAS003"

[2024-08-23 12:36:48]
Menerima pesan dari: dariMCU_2309G004 - Pesan: {"nokartu":"B4589851","idchip":"14375838","nodevice":"2309G004","key":"1234567890987654321","ipa":"10.31.1.217"}
[2024-08-23 12:36:48]
Berhasil merespon "dariMCU_2309G004" : {"respon":[{"id":"14375838","nodevice":"2309G004","message":"SAPP","info":"Kirana Dinda Tiara--Sudah melakukan presensi pulang","nokartu":"B4589851"}]}
Berhasil kirim balasan ke "responServer_2309G004"

[2024-08-23 12:38:36]
Menerima pesan dari: dariMCU_2309G004 - Pesan: {"nokartu":"74E88851","idchip":"14375838","nodevice":"2309G004","key":"1234567890987654321","ipa":"10.31.1.217"}
[2024-08-23 12:38:36]
Berhasil merespon "dariMCU_2309G004" : {"respon":[{"id":"14375838","nodevice":"2309G004","message":"SAPP","info":"Surya Putra Ramandhito--Sudah melakukan presensi pulang","nokartu":"74E88851"}]}
Berhasil kirim balasan ke "responServer_2309G004"

[2024-08-23 12:38:42]
Menerima pesan dari: dariMCU_2309MAS003 - Pesan: {"nokartu":"94C89451","idchip":"16581755","nodevice":"2309MAS003","key":"1234567890987654321","ipa":"10.10.7.117"}
[2024-08-23 12:38:42]
Berhasil merespon "dariMCU_2309MAS003" : {"respon":[{"id":"16581755","nodevice":"2309MAS003","message":"BMPE","info":"Afifatun Indrayani--Berhasil Presensi -Mulai-","nokartu":"94C89451"}]}
Berhasil kirim balasan ke "responServer_2309MAS003"

[2024-08-23 12:38:45]
Menerima pesan dari: dariMCU_2309MAS003 - Pesan: {"nokartu":"94C89451","idchip":"16581755","nodevice":"2309MAS003","key":"1234567890987654321","ipa":"10.10.7.117"}
[2024-08-23 12:38:45]
Berhasil merespon "dariMCU_2309MAS003" : {"respon":[{"id":"16581755","nodevice":"2309MAS003","message":"510","info":"Afifatun Indrayani--TERCATAT! 3 dtk lalu","nokartu":"94C89451"}]}
Berhasil kirim balasan ke "responServer_2309MAS003"

[2024-08-23 12:38:49]
Menerima pesan dari: dariMCU_2309MAS003 - Pesan: {"nokartu":"74D48751","idchip":"16581755","nodevice":"2309MAS003","key":"1234567890987654321","ipa":"10.10.7.117"}
[2024-08-23 12:38:49]
Berhasil merespon "dariMCU_2309MAS003" : {"respon":[{"id":"16581755","nodevice":"2309MAS003","message":"BPSE","info":"Fisah Duwi Novitasari--Berhasil Presensi -Selesai-","nokartu":"74D48751"}]}
Berhasil kirim balasan ke "responServer_2309MAS003"

[2024-08-23 12:38:53]
Menerima pesan dari: dariMCU_2309MAS003 - Pesan: {"nokartu":"74D48751","idchip":"16581755","nodevice":"2309MAS003","key":"1234567890987654321","ipa":"10.10.7.117"}
[2024-08-23 12:38:53]
Berhasil merespon "dariMCU_2309MAS003" : {"respon":[{"id":"16581755","nodevice":"2309MAS003","message":"510","info":"Fisah Duwi Novitasari--TERCATAT! 4 dtk lalu","nokartu":"74D48751"}]}
Berhasil kirim balasan ke "responServer_2309MAS003"

[2024-08-23 12:39:14]
Menerima pesan dari: dariMCU_2309G004 - Pesan: {"nokartu":"14218551","idchip":"14375838","nodevice":"2309G004","key":"1234567890987654321","ipa":"10.31.1.217"}
[2024-08-23 12:39:14]
Berhasil merespon "dariMCU_2309G004" : {"respon":[{"id":"14375838","nodevice":"2309G004","message":"SAPP","info":"Wahida Zulfa Ashfiya--Sudah melakukan presensi pulang","nokartu":"14218551"}]}
Berhasil kirim balasan ke "responServer_2309G004"

[2024-08-23 12:43:36]
Menerima pesan dari: dariMCU_2309G004 - Pesan: {"nokartu":"E4518451","idchip":"14375838","nodevice":"2309G004","key":"1234567890987654321","ipa":"10.31.1.217"}
[2024-08-23 12:43:36]
Berhasil merespon "dariMCU_2309G004" : {"respon":[{"id":"14375838","nodevice":"2309G004","message":"SAPP","info":"Risma Febriyanti--Sudah melakukan presensi pulang","nokartu":"E4518451"}]}
Berhasil kirim balasan ke "responServer_2309G004"

[2024-08-23 12:43:41]
Menerima pesan dari: dariMCU_2309G004 - Pesan: {"nokartu":"14BD8851","idchip":"14375838","nodevice":"2309G004","key":"1234567890987654321","ipa":"10.31.1.217"}
[2024-08-23 12:43:41]
Berhasil merespon "dariMCU_2309G004" : {"respon":[{"id":"14375838","nodevice":"2309G004","message":"SAPP","info":"Wulandari--Sudah melakukan presensi pulang","nokartu":"14BD8851"}]}
Berhasil kirim balasan ke "responServer_2309G004"

[2024-08-23 12:44:09]
Menerima pesan dari: dariMCU_2309G004 - Pesan: {"nokartu":"A44F9351","idchip":"14375838","nodevice":"2309G004","key":"1234567890987654321","ipa":"10.31.1.217"}
[2024-08-23 12:44:09]
Berhasil merespon "dariMCU_2309G004" : {"respon":[{"id":"14375838","nodevice":"2309G004","message":"SAPP","info":"Dwi Cahyanti Febryana--Sudah melakukan presensi pulang","nokartu":"A44F9351"}]}
Berhasil kirim balasan ke "responServer_2309G004"

[2024-08-23 12:44:14]
Menerima pesan dari: dariMCU_2309G004 - Pesan: {"nokartu":"A4B59451","idchip":"14375838","nodevice":"2309G004","key":"1234567890987654321","ipa":"10.31.1.217"}
[2024-08-23 12:44:14]
Berhasil merespon "dariMCU_2309G004" : {"respon":[{"id":"14375838","nodevice":"2309G004","message":"PLAW","info":"Adhelia Ma adani--Pulang lebih awal","nokartu":"A4B59451"}]}
Berhasil kirim balasan ke "responServer_2309G004"

[2024-08-23 12:44:23]
Menerima pesan dari: dariMCU_2309G004 - Pesan: {"nokartu":"04798E51","idchip":"14375838","nodevice":"2309G004","key":"1234567890987654321","ipa":"10.31.1.217"}
[2024-08-23 12:44:23]
Berhasil merespon "dariMCU_2309G004" : {"respon":[{"id":"14375838","nodevice":"2309G004","message":"SAPP","info":"Naila Khafidhotul Maulida--Sudah melakukan presensi pulang","nokartu":"04798E51"}]}
Berhasil kirim balasan ke "responServer_2309G004"

[2024-08-23 12:44:45]
Menerima pesan dari: dariMCU_2309G004 - Pesan: {"nokartu":"84D69251","idchip":"14375838","nodevice":"2309G004","key":"1234567890987654321","ipa":"10.31.1.217"}
[2024-08-23 12:44:45]
Berhasil merespon "dariMCU_2309G004" : {"respon":[{"id":"14375838","nodevice":"2309G004","message":"SAPP","info":"Regita Putri Nuraini--Sudah melakukan presensi pulang","nokartu":"84D69251"}]}
Berhasil kirim balasan ke "responServer_2309G004"

[2024-08-23 12:44:47]
Menerima pesan dari: dariMCU_2309G004 - Pesan: {"nokartu":"84D69251","idchip":"14375838","nodevice":"2309G004","key":"1234567890987654321","ipa":"10.31.1.217"}
[2024-08-23 12:44:47]
Berhasil merespon "dariMCU_2309G004" : {"respon":[{"id":"14375838","nodevice":"2309G004","message":"SAPP","info":"Regita Putri Nuraini--Sudah melakukan presensi pulang","nokartu":"84D69251"}]}
Berhasil kirim balasan ke "responServer_2309G004"

[2024-08-23 12:44:49]
Menerima pesan dari: dariMCU_2309G004 - Pesan: {"nokartu":"84689751","idchip":"14375838","nodevice":"2309G004","key":"1234567890987654321","ipa":"10.31.1.217"}
[2024-08-23 12:44:49]
Berhasil merespon "dariMCU_2309G004" : {"respon":[{"id":"14375838","nodevice":"2309G004","message":"SAPP","info":"Jeni Sinta Aprilia--Sudah melakukan presensi pulang","nokartu":"84689751"}]}
Berhasil kirim balasan ke "responServer_2309G004"

[2024-08-23 12:44:50]
Menerima pesan dari: dariMCU_2309G004 - Pesan: {"nokartu":"84689751","idchip":"14375838","nodevice":"2309G004","key":"1234567890987654321","ipa":"10.31.1.217"}
[2024-08-23 12:44:50]
Berhasil merespon "dariMCU_2309G004" : {"respon":[{"id":"14375838","nodevice":"2309G004","message":"SAPP","info":"Jeni Sinta Aprilia--Sudah melakukan presensi pulang","nokartu":"84689751"}]}
Berhasil kirim balasan ke "responServer_2309G004"

[2024-08-23 12:44:54]
Menerima pesan dari: dariMCU_2309G004 - Pesan: {"nokartu":"84D69251","idchip":"14375838","nodevice":"2309G004","key":"1234567890987654321","ipa":"10.31.1.217"}
[2024-08-23 12:44:54]
Berhasil merespon "dariMCU_2309G004" : {"respon":[{"id":"14375838","nodevice":"2309G004","message":"SAPP","info":"Regita Putri Nuraini--Sudah melakukan presensi pulang","nokartu":"84D69251"}]}
Berhasil kirim balasan ke "responServer_2309G004"

[2024-08-23 12:45:10]
Menerima pesan dari: dariMCU_2309G004 - Pesan: {"nokartu":"541F7451","idchip":"14375838","nodevice":"2309G004","key":"1234567890987654321","ipa":"10.31.1.217"}
[2024-08-23 12:45:10]
Berhasil merespon "dariMCU_2309G004" : {"respon":[{"id":"14375838","nodevice":"2309G004","message":"PLAW","info":"Anita Setyaningsih--Pulang lebih awal","nokartu":"541F7451"}]}
Berhasil kirim balasan ke "responServer_2309G004"

[2024-08-23 12:45:15]
Menerima pesan dari: dariMCU_2309G004 - Pesan: {"nokartu":"64279451","idchip":"14375838","nodevice":"2309G004","key":"1234567890987654321","ipa":"10.31.1.217"}
[2024-08-23 12:45:15]
Berhasil merespon "dariMCU_2309G004" : {"respon":[{"id":"14375838","nodevice":"2309G004","message":"SAPP","info":"Zuyun Na ilufar--Sudah melakukan presensi pulang","nokartu":"64279451"}]}
Berhasil kirim balasan ke "responServer_2309G004"

[2024-08-23 12:45:23]
Menerima pesan dari: dariMCU_2309G004 - Pesan: {"nokartu":"64279451","idchip":"14375838","nodevice":"2309G004","key":"1234567890987654321","ipa":"10.31.1.217"}
[2024-08-23 12:45:23]
Berhasil merespon "dariMCU_2309G004" : {"respon":[{"id":"14375838","nodevice":"2309G004","message":"SAPP","info":"Zuyun Na ilufar--Sudah melakukan presensi pulang","nokartu":"64279451"}]}
Berhasil kirim balasan ke "responServer_2309G004"

[2024-08-23 12:45:44]
Menerima pesan dari: dariMCU_2309G004 - Pesan: {"nokartu":"B4688051","idchip":"14375838","nodevice":"2309G004","key":"1234567890987654321","ipa":"10.31.1.217"}
[2024-08-23 12:45:44]
Berhasil merespon "dariMCU_2309G004" : {"respon":[{"id":"14375838","nodevice":"2309G004","message":"SAPP","info":"Khuswatun Khasanah--Sudah melakukan presensi pulang","nokartu":"B4688051"}]}
Berhasil kirim balasan ke "responServer_2309G004"

[2024-08-23 12:45:49]
Menerima pesan dari: dariMCU_2309G004 - Pesan: {"nokartu":"44DF8E51","idchip":"14375838","nodevice":"2309G004","key":"1234567890987654321","ipa":"10.31.1.217"}
[2024-08-23 12:45:49]
Berhasil merespon "dariMCU_2309G004" : {"respon":[{"id":"14375838","nodevice":"2309G004","message":"SAPP","info":"Najwa Divani Putri--Sudah melakukan presensi pulang","nokartu":"44DF8E51"}]}
Berhasil kirim balasan ke "responServer_2309G004"

[2024-08-23 12:47:26]
Menerima pesan dari: dariMCU_2309G004 - Pesan: {"nokartu":"E4489751","idchip":"14375838","nodevice":"2309G004","key":"1234567890987654321","ipa":"10.31.1.217"}
[2024-08-23 12:47:26]
Berhasil merespon "dariMCU_2309G004" : {"respon":[{"id":"14375838","nodevice":"2309G004","message":"SAPP","info":"Ratu Irly Salsa--Sudah melakukan presensi pulang","nokartu":"E4489751"}]}
Berhasil kirim balasan ke "responServer_2309G004"

[2024-08-23 12:47:32]
Menerima pesan dari: dariMCU_2309G004 - Pesan: {"nokartu":"D4B68C51","idchip":"14375838","nodevice":"2309G004","key":"1234567890987654321","ipa":"10.31.1.217"}
[2024-08-23 12:47:32]
Berhasil merespon "dariMCU_2309G004" : {"respon":[{"id":"14375838","nodevice":"2309G004","message":"SAPP","info":"Dina Fitriana--Sudah melakukan presensi pulang","nokartu":"D4B68C51"}]}
Berhasil kirim balasan ke "responServer_2309G004"

[2024-08-23 12:50:50]
Menerima pesan dari: dariMCU_2309G004 - Pesan: {"nokartu":"349F8F51","idchip":"14375838","nodevice":"2309G004","key":"1234567890987654321","ipa":"10.31.1.217"}
[2024-08-23 12:50:50]
Berhasil merespon "dariMCU_2309G004" : {"respon":[{"id":"14375838","nodevice":"2309G004","message":"SAPP","info":"Rini Muzazanah--Sudah melakukan presensi pulang","nokartu":"349F8F51"}]}
Berhasil kirim balasan ke "responServer_2309G004"

[2024-08-23 12:50:55]
Menerima pesan dari: dariMCU_2309G004 - Pesan: {"nokartu":"D4EA6D51","idchip":"14375838","nodevice":"2309G004","key":"1234567890987654321","ipa":"10.31.1.217"}
[2024-08-23 12:50:55]
Berhasil merespon "dariMCU_2309G004" : {"respon":[{"id":"14375838","nodevice":"2309G004","message":"SAPP","info":"Karunia Rika Difa--Sudah melakukan presensi pulang","nokartu":"D4EA6D51"}]}
Berhasil kirim balasan ke "responServer_2309G004"

[2024-08-23 12:56:57]
Menerima pesan dari: dariMCU_2309G004 - Pesan: {"nokartu":"D4199451","idchip":"14375838","nodevice":"2309G004","key":"1234567890987654321","ipa":"10.31.1.217"}
[2024-08-23 12:56:57]
Berhasil merespon "dariMCU_2309G004" : {"respon":[{"id":"14375838","nodevice":"2309G004","message":"SAPP","info":"Elsa Agustina Dwi Saputri--Sudah melakukan presensi pulang","nokartu":"D4199451"}]}
Berhasil kirim balasan ke "responServer_2309G004"

[2024-08-23 12:57:01]
Menerima pesan dari: dariMCU_2309G004 - Pesan: {"nokartu":"D4199451","idchip":"14375838","nodevice":"2309G004","key":"1234567890987654321","ipa":"10.31.1.217"}
[2024-08-23 12:57:01]
Berhasil merespon "dariMCU_2309G004" : {"respon":[{"id":"14375838","nodevice":"2309G004","message":"SAPP","info":"Elsa Agustina Dwi Saputri--Sudah melakukan presensi pulang","nokartu":"D4199451"}]}
Berhasil kirim balasan ke "responServer_2309G004"

[2024-08-23 12:58:59]
Menerima pesan dari: dariMCU_2309MAS003 - Pesan: {"nokartu":"F4FA6B51","idchip":"16581755","nodevice":"2309MAS003","key":"1234567890987654321","ipa":"10.10.7.117"}
[2024-08-23 12:58:59]
Berhasil merespon "dariMCU_2309MAS003" : {"respon":[{"id":"16581755","nodevice":"2309MAS003","message":"BMPE","info":"Syafa Mukminati--Berhasil Presensi -Mulai-","nokartu":"F4FA6B51"}]}
Berhasil kirim balasan ke "responServer_2309MAS003"

[2024-08-23 12:59:02]
Menerima pesan dari: dariMCU_2309MAS003 - Pesan: {"nokartu":"F4FA6B51","idchip":"16581755","nodevice":"2309MAS003","key":"1234567890987654321","ipa":"10.10.7.117"}
[2024-08-23 12:59:02]
Berhasil merespon "dariMCU_2309MAS003" : {"respon":[{"id":"16581755","nodevice":"2309MAS003","message":"510","info":"Syafa Mukminati--TERCATAT! 3 dtk lalu","nokartu":"F4FA6B51"}]}
Berhasil kirim balasan ke "responServer_2309MAS003"

[2024-08-23 13:02:49]
Menerima pesan dari: dariMCU_2309G004 - Pesan: {"nokartu":"74D48751","idchip":"14375838","nodevice":"2309G004","key":"1234567890987654321","ipa":"10.31.1.217"}
[2024-08-23 13:02:49]
Berhasil merespon "dariMCU_2309G004" : {"respon":[{"id":"14375838","nodevice":"2309G004","message":"SAPP","info":"Fisah Duwi Novitasari--Sudah melakukan presensi pulang","nokartu":"74D48751"}]}
Berhasil kirim balasan ke "responServer_2309G004"

[2024-08-23 13:02:56]
Menerima pesan dari: dariMCU_2309G004 - Pesan: {"nokartu":"44C06D51","idchip":"14375838","nodevice":"2309G004","key":"1234567890987654321","ipa":"10.31.1.217"}
[2024-08-23 13:02:56]
Berhasil merespon "dariMCU_2309G004" : {"respon":[{"id":"14375838","nodevice":"2309G004","message":"SAPP","info":"Adis Setia Wardani--Sudah melakukan presensi pulang","nokartu":"44C06D51"}]}
Berhasil kirim balasan ke "responServer_2309G004"

[2024-08-23 13:03:26]
Menerima pesan dari: dariMCU_2309G004 - Pesan: {"nokartu":"64488551","idchip":"14375838","nodevice":"2309G004","key":"1234567890987654321","ipa":"10.31.1.217"}
[2024-08-23 13:03:26]
Berhasil merespon "dariMCU_2309G004" : {"respon":[{"id":"14375838","nodevice":"2309G004","message":"SAPP","info":"Widya Anggraeni Setianingsih--Sudah melakukan presensi pulang","nokartu":"64488551"}]}
Berhasil kirim balasan ke "responServer_2309G004"

[2024-08-23 13:03:26]
Menerima pesan dari: dariMCU_2309G004 - Pesan: {"nokartu":"64488551","idchip":"14375838","nodevice":"2309G004","key":"1234567890987654321","ipa":"10.31.1.217"}
[2024-08-23 13:03:26]
Berhasil merespon "dariMCU_2309G004" : {"respon":[{"id":"14375838","nodevice":"2309G004","message":"SAPP","info":"Widya Anggraeni Setianingsih--Sudah melakukan presensi pulang","nokartu":"64488551"}]}
Berhasil kirim balasan ke "responServer_2309G004"

[2024-08-23 13:03:32]
Menerima pesan dari: dariMCU_2309G004 - Pesan: {"nokartu":"343F7B51","idchip":"14375838","nodevice":"2309G004","key":"1234567890987654321","ipa":"10.31.1.217"}
[2024-08-23 13:03:32]
Berhasil merespon "dariMCU_2309G004" : {"respon":[{"id":"14375838","nodevice":"2309G004","message":"SAPP","info":"Listi Sugiarti--Sudah melakukan presensi pulang","nokartu":"343F7B51"}]}
Berhasil kirim balasan ke "responServer_2309G004"

[2024-08-23 13:03:36]
Menerima pesan dari: dariMCU_2309G004 - Pesan: {"nokartu":"64468751","idchip":"14375838","nodevice":"2309G004","key":"1234567890987654321","ipa":"10.31.1.217"}
[2024-08-23 13:03:36]
Berhasil merespon "dariMCU_2309G004" : {"respon":[{"id":"14375838","nodevice":"2309G004","message":"SAPP","info":"Reni Yulianti--Sudah melakukan presensi pulang","nokartu":"64468751"}]}
Berhasil kirim balasan ke "responServer_2309G004"

[2024-08-23 13:03:39]
Menerima pesan dari: dariMCU_2309G004 - Pesan: {"nokartu":"944E8651","idchip":"14375838","nodevice":"2309G004","key":"1234567890987654321","ipa":"10.31.1.217"}
[2024-08-23 13:03:39]
Berhasil merespon "dariMCU_2309G004" : {"respon":[{"id":"14375838","nodevice":"2309G004","message":"SAPP","info":"Selvi Rahmawati--Sudah melakukan presensi pulang","nokartu":"944E8651"}]}
Berhasil kirim balasan ke "responServer_2309G004"

[2024-08-23 13:03:53]
Menerima pesan dari: dariMCU_2309G004 - Pesan: {"nokartu":"E4716451","idchip":"14375838","nodevice":"2309G004","key":"1234567890987654321","ipa":"10.31.1.217"}
[2024-08-23 13:03:53]
Berhasil merespon "dariMCU_2309G004" : {"respon":[{"id":"14375838","nodevice":"2309G004","message":"SAPP","info":"Aninda Adzalea Anggraeni--Sudah melakukan presensi pulang","nokartu":"E4716451"}]}
Berhasil kirim balasan ke "responServer_2309G004"

[2024-08-23 13:03:58]
Menerima pesan dari: dariMCU_2309G004 - Pesan: {"nokartu":"C4068151","idchip":"14375838","nodevice":"2309G004","key":"1234567890987654321","ipa":"10.31.1.217"}
[2024-08-23 13:03:58]
Berhasil merespon "dariMCU_2309G004" : {"respon":[{"id":"14375838","nodevice":"2309G004","message":"SAPP","info":"Fatma Surya--Sudah melakukan presensi pulang","nokartu":"C4068151"}]}
Berhasil kirim balasan ke "responServer_2309G004"

[2024-08-23 13:03:59]
Menerima pesan dari: dariMCU_2309G004 - Pesan: {"nokartu":"C4068151","idchip":"14375838","nodevice":"2309G004","key":"1234567890987654321","ipa":"10.31.1.217"}
[2024-08-23 13:03:59]
Berhasil merespon "dariMCU_2309G004" : {"respon":[{"id":"14375838","nodevice":"2309G004","message":"SAPP","info":"Fatma Surya--Sudah melakukan presensi pulang","nokartu":"C4068151"}]}
Berhasil kirim balasan ke "responServer_2309G004"

[2024-08-23 13:10:17]
Menerima pesan dari: dariMCU_2309G004 - Pesan: {"nokartu":"F36B1210","idchip":"14375838","nodevice":"2309G004","key":"1234567890987654321","ipa":"10.31.1.217"}
[2024-08-23 13:10:17]
Berhasil merespon "dariMCU_2309G004" : {"respon":[{"id":"14375838","nodevice":"2309G004","message":"SAPP","info":"Yunita Maela Rahma--Sudah melakukan presensi pulang","nokartu":"F36B1210"}]}
Berhasil kirim balasan ke "responServer_2309G004"

[2024-08-23 13:10:21]
Menerima pesan dari: dariMCU_2309G004 - Pesan: {"nokartu":"C49D8551","idchip":"14375838","nodevice":"2309G004","key":"1234567890987654321","ipa":"10.31.1.217"}
[2024-08-23 13:10:21]
Berhasil merespon "dariMCU_2309G004" : {"respon":[{"id":"14375838","nodevice":"2309G004","message":"SAPP","info":"Disca Ayu Ramandita--Sudah melakukan presensi pulang","nokartu":"C49D8551"}]}
Berhasil kirim balasan ke "responServer_2309G004"

[2024-08-23 13:28:01]
Menerima pesan dari: dariMCU_2309G003 - Pesan: {"nokartu":"84EB8D51","idchip":"8008873","nodevice":"2309G003","key":"1234567890987654321","ipa":"10.10.17.32"}
[2024-08-23 13:28:01]
Berhasil merespon "dariMCU_2309G003" : {"respon":[{"id":"8008873","nodevice":"2309G003","message":"SAPP","info":"Latifatul Azizah--Sudah melakukan presensi pulang","nokartu":"84EB8D51"}]}
Berhasil kirim balasan ke "responServer_2309G003"

[2024-08-23 13:28:05]
Menerima pesan dari: dariMCU_2309G003 - Pesan: {"nokartu":"84EB8D51","idchip":"8008873","nodevice":"2309G003","key":"1234567890987654321","ipa":"10.10.17.32"}
[2024-08-23 13:28:05]
Berhasil merespon "dariMCU_2309G003" : {"respon":[{"id":"8008873","nodevice":"2309G003","message":"SAPP","info":"Latifatul Azizah--Sudah melakukan presensi pulang","nokartu":"84EB8D51"}]}
Berhasil kirim balasan ke "responServer_2309G003"

[2024-08-23 13:34:16]
Menerima pesan dari: dariMCU_2309G003 - Pesan: {"nokartu":"D4E08751","idchip":"8008873","nodevice":"2309G003","key":"1234567890987654321","ipa":"10.10.17.32"}
[2024-08-23 13:34:16]
Berhasil merespon "dariMCU_2309G003" : {"respon":[{"id":"8008873","nodevice":"2309G003","message":"SAPP","info":"Fatimah Latipah--Sudah melakukan presensi pulang","nokartu":"D4E08751"}]}
Berhasil kirim balasan ke "responServer_2309G003"

[2024-08-23 13:34:20]
Menerima pesan dari: dariMCU_2309G003 - Pesan: {"nokartu":"D4E08751","idchip":"8008873","nodevice":"2309G003","key":"1234567890987654321","ipa":"10.10.17.32"}
[2024-08-23 13:34:20]
Berhasil merespon "dariMCU_2309G003" : {"respon":[{"id":"8008873","nodevice":"2309G003","message":"SAPP","info":"Fatimah Latipah--Sudah melakukan presensi pulang","nokartu":"D4E08751"}]}
Berhasil kirim balasan ke "responServer_2309G003"

[2024-08-23 13:34:24]
Menerima pesan dari: dariMCU_2309G003 - Pesan: {"nokartu":"74709551","idchip":"8008873","nodevice":"2309G003","key":"1234567890987654321","ipa":"10.10.17.32"}
[2024-08-23 13:34:24]
Berhasil merespon "dariMCU_2309G003" : {"respon":[{"id":"8008873","nodevice":"2309G003","message":"SAPP","info":"Liska Rofiyatun--Sudah melakukan presensi pulang","nokartu":"74709551"}]}
Berhasil kirim balasan ke "responServer_2309G003"

[2024-08-23 13:34:28]
Menerima pesan dari: dariMCU_2309G003 - Pesan: {"nokartu":"74709551","idchip":"8008873","nodevice":"2309G003","key":"1234567890987654321","ipa":"10.10.17.32"}
[2024-08-23 13:34:28]
Berhasil merespon "dariMCU_2309G003" : {"respon":[{"id":"8008873","nodevice":"2309G003","message":"SAPP","info":"Liska Rofiyatun--Sudah melakukan presensi pulang","nokartu":"74709551"}]}
Berhasil kirim balasan ke "responServer_2309G003"

[2024-08-23 13:34:32]
Menerima pesan dari: dariMCU_2309G003 - Pesan: {"nokartu":"64709051","idchip":"8008873","nodevice":"2309G003","key":"1234567890987654321","ipa":"10.10.17.32"}
[2024-08-23 13:34:32]
Berhasil merespon "dariMCU_2309G003" : {"respon":[{"id":"8008873","nodevice":"2309G003","message":"PPBH","info":"Fina Khoirunisa--Berhasil Presensi Pulang","nokartu":"64709051"}]}
Berhasil kirim balasan ke "responServer_2309G003"

[2024-08-23 13:34:36]
Menerima pesan dari: dariMCU_2309G003 - Pesan: {"nokartu":"94B79651","idchip":"8008873","nodevice":"2309G003","key":"1234567890987654321","ipa":"10.10.17.32"}
[2024-08-23 13:34:36]
Berhasil merespon "dariMCU_2309G003" : {"respon":[{"id":"8008873","nodevice":"2309G003","message":"SAPP","info":"Ajeng Ardhia Pramesti--Sudah melakukan presensi pulang","nokartu":"94B79651"}]}
Berhasil kirim balasan ke "responServer_2309G003"

[2024-08-23 13:34:39]
Menerima pesan dari: dariMCU_2309G003 - Pesan: {"nokartu":"94B79651","idchip":"8008873","nodevice":"2309G003","key":"1234567890987654321","ipa":"10.10.17.32"}
[2024-08-23 13:34:39]
Berhasil merespon "dariMCU_2309G003" : {"respon":[{"id":"8008873","nodevice":"2309G003","message":"SAPP","info":"Ajeng Ardhia Pramesti--Sudah melakukan presensi pulang","nokartu":"94B79651"}]}
Berhasil kirim balasan ke "responServer_2309G003"

[2024-08-23 13:34:47]
Menerima pesan dari: dariMCU_2309G003 - Pesan: {"nokartu":"64F08951","idchip":"8008873","nodevice":"2309G003","key":"1234567890987654321","ipa":"10.10.17.32"}
[2024-08-23 13:34:47]
Berhasil merespon "dariMCU_2309G003" : {"respon":[{"id":"8008873","nodevice":"2309G003","message":"SAPP","info":"Anissa Dwi Martha--Sudah melakukan presensi pulang","nokartu":"64F08951"}]}
Berhasil kirim balasan ke "responServer_2309G003"

[2024-08-23 13:35:18]
Menerima pesan dari: dariMCU_2309G003 - Pesan: {"nokartu":"E4089251","idchip":"8008873","nodevice":"2309G003","key":"1234567890987654321","ipa":"10.10.17.32"}
[2024-08-23 13:35:18]
Berhasil merespon "dariMCU_2309G003" : {"respon":[{"id":"8008873","nodevice":"2309G003","message":"SAPP","info":"Uun Musticharoh--Sudah melakukan presensi pulang","nokartu":"E4089251"}]}
Berhasil kirim balasan ke "responServer_2309G003"

