[2024-11-10 06:39:43]
Menerima pesan dari: dariMCU_2309G003 - Pesan: {"nokartu":"0053615D","idchip":"8008873","nodevice":"2309G003","key":"1234567890987654321","ipa":"10.10.18.36"}
[2024-11-10 06:39:43]
Berhasil merespon "dariMCU_2309G003" : {"respon":[{"id":"8008873","nodevice":"2309G003","message":"HLTM","info":"Lutfiana Afifah--Hari ini Libur","nokartu":"0053615D"}]}
Berhasil kirim balasan ke "responServer_2309G003"

[2024-11-10 06:39:50]
Menerima pesan dari: dariMCU_2309G003 - Pesan: {"nokartu":"0053615D","idchip":"8008873","nodevice":"2309G003","key":"1234567890987654321","ipa":"10.10.18.36"}
[2024-11-10 06:39:50]
Berhasil merespon "dariMCU_2309G003" : {"respon":[{"id":"8008873","nodevice":"2309G003","message":"HLTM","info":"Lutfiana Afifah--Hari ini Libur","nokartu":"0053615D"}]}
Berhasil kirim balasan ke "responServer_2309G003"

[2024-11-10 06:40:10]
Menerima pesan dari: dariMCU_2309G004 - Pesan: {"nokartu":"639FAAE2","idchip":"14375838","nodevice":"2309G004","key":"1234567890987654321","ipa":"10.31.1.217"}
[2024-11-10 06:40:10]
Berhasil merespon "dariMCU_2309G004" : {"respon":[{"id":"14375838","nodevice":"2309G004","message":"HLTM","info":"Ana Meilia Solichah--Hari ini Libur","nokartu":"639FAAE2"}]}
Berhasil kirim balasan ke "responServer_2309G004"

[2024-11-10 06:48:16]
Menerima pesan dari: dariMCU_2309G004 - Pesan: {"nokartu":"E4716451","idchip":"14375838","nodevice":"2309G004","key":"1234567890987654321","ipa":"10.31.1.217"}
[2024-11-10 06:48:16]
Berhasil merespon "dariMCU_2309G004" : {"respon":[{"id":"14375838","nodevice":"2309G004","message":"HLTM","info":"Aninda Adzalea Anggraeni--Hari ini Libur","nokartu":"E4716451"}]}
Berhasil kirim balasan ke "responServer_2309G004"

[2024-11-10 06:48:20]
Menerima pesan dari: dariMCU_2309G004 - Pesan: {"nokartu":"C4068151","idchip":"14375838","nodevice":"2309G004","key":"1234567890987654321","ipa":"10.31.1.217"}
[2024-11-10 06:48:20]
Berhasil merespon "dariMCU_2309G004" : {"respon":[{"id":"14375838","nodevice":"2309G004","message":"HLTM","info":"Fatma Surya--Hari ini Libur","nokartu":"C4068151"}]}
Berhasil kirim balasan ke "responServer_2309G004"

[2024-11-10 06:48:24]
Menerima pesan dari: dariMCU_2309G004 - Pesan: {"nokartu":"944E8651","idchip":"14375838","nodevice":"2309G004","key":"1234567890987654321","ipa":"10.31.1.217"}
[2024-11-10 06:48:24]
Berhasil merespon "dariMCU_2309G004" : {"respon":[{"id":"14375838","nodevice":"2309G004","message":"HLTM","info":"Selvi Rahmawati--Hari ini Libur","nokartu":"944E8651"}]}
Berhasil kirim balasan ke "responServer_2309G004"

[2024-11-10 06:48:27]
Menerima pesan dari: dariMCU_2309G004 - Pesan: {"nokartu":"E4518451","idchip":"14375838","nodevice":"2309G004","key":"1234567890987654321","ipa":"10.31.1.217"}
[2024-11-10 06:48:27]
Berhasil merespon "dariMCU_2309G004" : {"respon":[{"id":"14375838","nodevice":"2309G004","message":"HLTM","info":"Risma Febriyanti--Hari ini Libur","nokartu":"E4518451"}]}
Berhasil kirim balasan ke "responServer_2309G004"

[2024-11-10 06:48:31]
Menerima pesan dari: dariMCU_2309G004 - Pesan: {"nokartu":"343F7B51","idchip":"14375838","nodevice":"2309G004","key":"1234567890987654321","ipa":"10.31.1.217"}
[2024-11-10 06:48:31]
Berhasil merespon "dariMCU_2309G004" : {"respon":[{"id":"14375838","nodevice":"2309G004","message":"HLTM","info":"Listi Sugiarti--Hari ini Libur","nokartu":"343F7B51"}]}
Berhasil kirim balasan ke "responServer_2309G004"

[2024-11-10 06:59:35]
Menerima pesan dari: dariMCU_2309G004 - Pesan: {"nokartu":"C4099551","idchip":"14375838","nodevice":"2309G004","key":"1234567890987654321","ipa":"10.31.1.217"}
[2024-11-10 06:59:35]
Berhasil merespon "dariMCU_2309G004" : {"respon":[{"id":"14375838","nodevice":"2309G004","message":"HLTM","info":"Nathaniela Ajeng Kafina--Hari ini Libur","nokartu":"C4099551"}]}
Berhasil kirim balasan ke "responServer_2309G004"

[2024-11-10 07:01:45]
Menerima pesan dari: dariMCU_2309G004 - Pesan: {"nokartu":"74D48751","idchip":"14375838","nodevice":"2309G004","key":"1234567890987654321","ipa":"10.31.1.217"}
[2024-11-10 07:01:45]
Berhasil merespon "dariMCU_2309G004" : {"respon":[{"id":"14375838","nodevice":"2309G004","message":"HLTM","info":"Fisah Duwi Novitasari--Hari ini Libur","nokartu":"74D48751"}]}
Berhasil kirim balasan ke "responServer_2309G004"

[2024-11-10 07:01:46]
Menerima pesan dari: dariMCU_2309G001 - Pesan: {"nokartu":"B36DF9E4","idchip":"4207734","nodevice":"2309G001","key":"1234567890987654321","ipa":"192.168.0.104"}
[2024-11-10 07:01:46]
Berhasil merespon "dariMCU_2309G001" : {"respon":[{"id":"4207734","nodevice":"2309G001","message":"HLTM","info":"Nur Amelia Eka Sari--Hari ini Libur","nokartu":"B36DF9E4"}]}
Berhasil kirim balasan ke "responServer_2309G001"

[2024-11-10 07:01:46]
Menerima pesan dari: dariMCU_2309G004 - Pesan: {"nokartu":"74D48751","idchip":"14375838","nodevice":"2309G004","key":"1234567890987654321","ipa":"10.31.1.217"}
[2024-11-10 07:01:46]
Berhasil merespon "dariMCU_2309G004" : {"respon":[{"id":"14375838","nodevice":"2309G004","message":"HLTM","info":"Fisah Duwi Novitasari--Hari ini Libur","nokartu":"74D48751"}]}
Berhasil kirim balasan ke "responServer_2309G004"

[2024-11-10 07:01:47]
Menerima pesan dari: dariMCU_2309G001 - Pesan: {"nokartu":"B36DF9E4","idchip":"4207734","nodevice":"2309G001","key":"1234567890987654321","ipa":"192.168.0.104"}
[2024-11-10 07:01:47]
Berhasil merespon "dariMCU_2309G001" : {"respon":[{"id":"4207734","nodevice":"2309G001","message":"HLTM","info":"Nur Amelia Eka Sari--Hari ini Libur","nokartu":"B36DF9E4"}]}
Berhasil kirim balasan ke "responServer_2309G001"

[2024-11-10 07:01:47]
Menerima pesan dari: dariMCU_2309G004 - Pesan: {"nokartu":"74D48751","idchip":"14375838","nodevice":"2309G004","key":"1234567890987654321","ipa":"10.31.1.217"}
[2024-11-10 07:01:47]
Berhasil merespon "dariMCU_2309G004" : {"respon":[{"id":"14375838","nodevice":"2309G004","message":"HLTM","info":"Fisah Duwi Novitasari--Hari ini Libur","nokartu":"74D48751"}]}
Berhasil kirim balasan ke "responServer_2309G004"

[2024-11-10 07:01:48]
Menerima pesan dari: dariMCU_2309G001 - Pesan: {"nokartu":"B36DF9E4","idchip":"4207734","nodevice":"2309G001","key":"1234567890987654321","ipa":"192.168.0.104"}
[2024-11-10 07:01:48]
Berhasil merespon "dariMCU_2309G001" : {"respon":[{"id":"4207734","nodevice":"2309G001","message":"HLTM","info":"Nur Amelia Eka Sari--Hari ini Libur","nokartu":"B36DF9E4"}]}
Berhasil kirim balasan ke "responServer_2309G001"

[2024-11-10 07:01:53]
Menerima pesan dari: dariMCU_2309G001 - Pesan: {"nokartu":"B36DF9E4","idchip":"4207734","nodevice":"2309G001","key":"1234567890987654321","ipa":"192.168.0.104"}
[2024-11-10 07:01:53]
Berhasil merespon "dariMCU_2309G001" : {"respon":[{"id":"4207734","nodevice":"2309G001","message":"HLTM","info":"Nur Amelia Eka Sari--Hari ini Libur","nokartu":"B36DF9E4"}]}
Berhasil kirim balasan ke "responServer_2309G001"

[2024-11-10 07:01:54]
Menerima pesan dari: dariMCU_2309G004 - Pesan: {"nokartu":"74D48751","idchip":"14375838","nodevice":"2309G004","key":"1234567890987654321","ipa":"10.31.1.217"}
[2024-11-10 07:01:54]
Berhasil merespon "dariMCU_2309G004" : {"respon":[{"id":"14375838","nodevice":"2309G004","message":"HLTM","info":"Fisah Duwi Novitasari--Hari ini Libur","nokartu":"74D48751"}]}
Berhasil kirim balasan ke "responServer_2309G004"

[2024-11-10 07:01:54]
Menerima pesan dari: dariMCU_2309G001 - Pesan: {"nokartu":"B36DF9E4","idchip":"4207734","nodevice":"2309G001","key":"1234567890987654321","ipa":"192.168.0.104"}
[2024-11-10 07:01:54]
Berhasil merespon "dariMCU_2309G001" : {"respon":[{"id":"4207734","nodevice":"2309G001","message":"HLTM","info":"Nur Amelia Eka Sari--Hari ini Libur","nokartu":"B36DF9E4"}]}
Berhasil kirim balasan ke "responServer_2309G001"

[2024-11-10 07:01:55]
Menerima pesan dari: dariMCU_2309G004 - Pesan: {"nokartu":"04928751","idchip":"14375838","nodevice":"2309G004","key":"1234567890987654321","ipa":"10.31.1.217"}
[2024-11-10 07:01:55]
Berhasil merespon "dariMCU_2309G004" : {"respon":[{"id":"14375838","nodevice":"2309G004","message":"HLTM","info":"Wahyu Rahmadani--Hari ini Libur","nokartu":"04928751"}]}
Berhasil kirim balasan ke "responServer_2309G004"

[2024-11-10 07:01:59]
Menerima pesan dari: dariMCU_2309G004 - Pesan: {"nokartu":"04928751","idchip":"14375838","nodevice":"2309G004","key":"1234567890987654321","ipa":"10.31.1.217"}
[2024-11-10 07:01:59]
Berhasil merespon "dariMCU_2309G004" : {"respon":[{"id":"14375838","nodevice":"2309G004","message":"HLTM","info":"Wahyu Rahmadani--Hari ini Libur","nokartu":"04928751"}]}
Berhasil kirim balasan ke "responServer_2309G004"

[2024-11-10 07:01:59]
Menerima pesan dari: dariMCU_2309G001 - Pesan: {"nokartu":"B36DF9E4","idchip":"4207734","nodevice":"2309G001","key":"1234567890987654321","ipa":"192.168.0.104"}
[2024-11-10 07:01:59]
Berhasil merespon "dariMCU_2309G001" : {"respon":[{"id":"4207734","nodevice":"2309G001","message":"HLTM","info":"Nur Amelia Eka Sari--Hari ini Libur","nokartu":"B36DF9E4"}]}
Berhasil kirim balasan ke "responServer_2309G001"

[2024-11-10 07:02:01]
Menerima pesan dari: dariMCU_2309G004 - Pesan: {"nokartu":"74D48751","idchip":"14375838","nodevice":"2309G004","key":"1234567890987654321","ipa":"10.31.1.217"}
[2024-11-10 07:02:01]
Berhasil merespon "dariMCU_2309G004" : {"respon":[{"id":"14375838","nodevice":"2309G004","message":"HLTM","info":"Fisah Duwi Novitasari--Hari ini Libur","nokartu":"74D48751"}]}
Berhasil kirim balasan ke "responServer_2309G004"

[2024-11-10 07:02:05]
Menerima pesan dari: dariMCU_2309G004 - Pesan: {"nokartu":"B4A48C51","idchip":"14375838","nodevice":"2309G004","key":"1234567890987654321","ipa":"10.31.1.217"}
[2024-11-10 07:02:05]
Berhasil merespon "dariMCU_2309G004" : {"respon":[{"id":"14375838","nodevice":"2309G004","message":"HLTM","info":"Dewi Selvi Wulandari--Hari ini Libur","nokartu":"B4A48C51"}]}
Berhasil kirim balasan ke "responServer_2309G004"

[2024-11-10 07:02:09]
Menerima pesan dari: dariMCU_2309G001 - Pesan: {"nokartu":"23B4A0E2","idchip":"4207734","nodevice":"2309G001","key":"1234567890987654321","ipa":"192.168.0.104"}
[2024-11-10 07:02:09]
Berhasil merespon "dariMCU_2309G001" : {"respon":[{"id":"4207734","nodevice":"2309G001","message":"HLTM","info":"Windhi Winora Winorsidha--Hari ini Libur","nokartu":"23B4A0E2"}]}
Berhasil kirim balasan ke "responServer_2309G001"

[2024-11-10 07:02:14]
Menerima pesan dari: dariMCU_2309G001 - Pesan: {"nokartu":"23B4A0E2","idchip":"4207734","nodevice":"2309G001","key":"1234567890987654321","ipa":"192.168.0.104"}
[2024-11-10 07:02:14]
Berhasil merespon "dariMCU_2309G001" : {"respon":[{"id":"4207734","nodevice":"2309G001","message":"HLTM","info":"Windhi Winora Winorsidha--Hari ini Libur","nokartu":"23B4A0E2"}]}
Berhasil kirim balasan ke "responServer_2309G001"

[2024-11-10 07:02:15]
Menerima pesan dari: dariMCU_2309G001 - Pesan: {"nokartu":"23B4A0E2","idchip":"4207734","nodevice":"2309G001","key":"1234567890987654321","ipa":"192.168.0.104"}
[2024-11-10 07:02:15]
Berhasil merespon "dariMCU_2309G001" : {"respon":[{"id":"4207734","nodevice":"2309G001","message":"HLTM","info":"Windhi Winora Winorsidha--Hari ini Libur","nokartu":"23B4A0E2"}]}
Berhasil kirim balasan ke "responServer_2309G001"

[2024-11-10 07:02:19]
Menerima pesan dari: dariMCU_2309G001 - Pesan: {"nokartu":"23B4A0E2","idchip":"4207734","nodevice":"2309G001","key":"1234567890987654321","ipa":"192.168.0.104"}
[2024-11-10 07:02:19]
Berhasil merespon "dariMCU_2309G001" : {"respon":[{"id":"4207734","nodevice":"2309G001","message":"HLTM","info":"Windhi Winora Winorsidha--Hari ini Libur","nokartu":"23B4A0E2"}]}
Berhasil kirim balasan ke "responServer_2309G001"

[2024-11-10 07:02:20]
Menerima pesan dari: dariMCU_2309G001 - Pesan: {"nokartu":"034BD7E2","idchip":"4207734","nodevice":"2309G001","key":"1234567890987654321","ipa":"192.168.0.104"}
[2024-11-10 07:02:20]
Berhasil merespon "dariMCU_2309G001" : {"respon":[{"id":"4207734","nodevice":"2309G001","message":"HLTM","info":"Vika Natasya--Hari ini Libur","nokartu":"034BD7E2"}]}
Berhasil kirim balasan ke "responServer_2309G001"

[2024-11-10 07:04:02]
Menerima pesan dari: dariMCU_2309G004 - Pesan: {"nokartu":"64468751","idchip":"14375838","nodevice":"2309G004","key":"1234567890987654321","ipa":"10.31.1.217"}
[2024-11-10 07:04:02]
Berhasil merespon "dariMCU_2309G004" : {"respon":[{"id":"14375838","nodevice":"2309G004","message":"HLTM","info":"Reni Yulianti--Hari ini Libur","nokartu":"64468751"}]}
Berhasil kirim balasan ke "responServer_2309G004"

[2024-11-10 07:04:16]
Menerima pesan dari: dariMCU_2309G004 - Pesan: {"nokartu":"64468751","idchip":"14375838","nodevice":"2309G004","key":"1234567890987654321","ipa":"10.31.1.217"}
[2024-11-10 07:04:16]
Berhasil merespon "dariMCU_2309G004" : {"respon":[{"id":"14375838","nodevice":"2309G004","message":"HLTM","info":"Reni Yulianti--Hari ini Libur","nokartu":"64468751"}]}
Berhasil kirim balasan ke "responServer_2309G004"

[2024-11-10 07:04:17]
Menerima pesan dari: dariMCU_2309G004 - Pesan: {"nokartu":"64468751","idchip":"14375838","nodevice":"2309G004","key":"1234567890987654321","ipa":"10.31.1.217"}
[2024-11-10 07:04:17]
Berhasil merespon "dariMCU_2309G004" : {"respon":[{"id":"14375838","nodevice":"2309G004","message":"HLTM","info":"Reni Yulianti--Hari ini Libur","nokartu":"64468751"}]}
Berhasil kirim balasan ke "responServer_2309G004"

[2024-11-10 07:04:28]
Menerima pesan dari: dariMCU_2309G004 - Pesan: {"nokartu":"23CFF7E2","idchip":"14375838","nodevice":"2309G004","key":"1234567890987654321","ipa":"10.31.1.217"}
[2024-11-10 07:04:28]
Berhasil merespon "dariMCU_2309G004" : {"respon":[{"id":"14375838","nodevice":"2309G004","message":"HLTM","info":"Ira Ramadhani--Hari ini Libur","nokartu":"23CFF7E2"}]}
Berhasil kirim balasan ke "responServer_2309G004"

[2024-11-10 07:04:32]
Menerima pesan dari: dariMCU_2309G004 - Pesan: {"nokartu":"23CFF7E2","idchip":"14375838","nodevice":"2309G004","key":"1234567890987654321","ipa":"10.31.1.217"}
[2024-11-10 07:04:32]
Berhasil merespon "dariMCU_2309G004" : {"respon":[{"id":"14375838","nodevice":"2309G004","message":"HLTM","info":"Ira Ramadhani--Hari ini Libur","nokartu":"23CFF7E2"}]}
Berhasil kirim balasan ke "responServer_2309G004"

[2024-11-10 07:04:44]
Menerima pesan dari: dariMCU_2309G004 - Pesan: {"nokartu":"D3B0F7E4","idchip":"14375838","nodevice":"2309G004","key":"1234567890987654321","ipa":"10.31.1.217"}
[2024-11-10 07:04:44]
Berhasil merespon "dariMCU_2309G004" : {"respon":[{"id":"14375838","nodevice":"2309G004","message":"HLTM","info":"Adinda Hapsari Ramadhani--Hari ini Libur","nokartu":"D3B0F7E4"}]}
Berhasil kirim balasan ke "responServer_2309G004"

[2024-11-10 07:04:48]
Menerima pesan dari: dariMCU_2309G004 - Pesan: {"nokartu":"D3B0F7E4","idchip":"14375838","nodevice":"2309G004","key":"1234567890987654321","ipa":"10.31.1.217"}
[2024-11-10 07:04:48]
Berhasil merespon "dariMCU_2309G004" : {"respon":[{"id":"14375838","nodevice":"2309G004","message":"HLTM","info":"Adinda Hapsari Ramadhani--Hari ini Libur","nokartu":"D3B0F7E4"}]}
Berhasil kirim balasan ke "responServer_2309G004"

[2024-11-10 07:05:55]
Menerima pesan dari: dariMCU_2309G004 - Pesan: {"nokartu":"E4F08551","idchip":"14375838","nodevice":"2309G004","key":"1234567890987654321","ipa":"10.31.1.217"}
[2024-11-10 07:05:55]
Berhasil merespon "dariMCU_2309G004" : {"respon":[{"id":"14375838","nodevice":"2309G004","message":"HLTM","info":"Kiara Nanda--Hari ini Libur","nokartu":"E4F08551"}]}
Berhasil kirim balasan ke "responServer_2309G004"

[2024-11-10 07:07:10]
Menerima pesan dari: dariMCU_2309G004 - Pesan: {"nokartu":"44335D51","idchip":"14375838","nodevice":"2309G004","key":"1234567890987654321","ipa":"10.31.1.217"}
[2024-11-10 07:07:10]
Berhasil merespon "dariMCU_2309G004" : {"respon":[{"id":"14375838","nodevice":"2309G004","message":"HLTM","info":"Saskya Gita Rahmadani--Hari ini Libur","nokartu":"44335D51"}]}
Berhasil kirim balasan ke "responServer_2309G004"

[2024-11-10 07:07:15]
Menerima pesan dari: dariMCU_2309G004 - Pesan: {"nokartu":"D351DEE4","idchip":"14375838","nodevice":"2309G004","key":"1234567890987654321","ipa":"10.31.1.217"}
[2024-11-10 07:07:15]
Berhasil merespon "dariMCU_2309G004" : {"respon":[{"id":"14375838","nodevice":"2309G004","message":"HLTM","info":"Novita Devi Maelani--Hari ini Libur","nokartu":"D351DEE4"}]}
Berhasil kirim balasan ke "responServer_2309G004"

[2024-11-10 07:07:19]
Menerima pesan dari: dariMCU_2309G004 - Pesan: {"nokartu":"D351DEE4","idchip":"14375838","nodevice":"2309G004","key":"1234567890987654321","ipa":"10.31.1.217"}
[2024-11-10 07:07:19]
Berhasil merespon "dariMCU_2309G004" : {"respon":[{"id":"14375838","nodevice":"2309G004","message":"HLTM","info":"Novita Devi Maelani--Hari ini Libur","nokartu":"D351DEE4"}]}
Berhasil kirim balasan ke "responServer_2309G004"

[2024-11-10 07:07:26]
Menerima pesan dari: dariMCU_2309G004 - Pesan: {"nokartu":"93FACBE2","idchip":"14375838","nodevice":"2309G004","key":"1234567890987654321","ipa":"10.31.1.217"}
[2024-11-10 07:07:26]
Berhasil merespon "dariMCU_2309G004" : {"respon":[{"id":"14375838","nodevice":"2309G004","message":"HLTM","info":"Lolita Ava Amelia--Hari ini Libur","nokartu":"93FACBE2"}]}
Berhasil kirim balasan ke "responServer_2309G004"

[2024-11-10 07:07:31]
Menerima pesan dari: dariMCU_2309G004 - Pesan: {"nokartu":"93FACBE2","idchip":"14375838","nodevice":"2309G004","key":"1234567890987654321","ipa":"10.31.1.217"}
[2024-11-10 07:07:31]
Berhasil merespon "dariMCU_2309G004" : {"respon":[{"id":"14375838","nodevice":"2309G004","message":"HLTM","info":"Lolita Ava Amelia--Hari ini Libur","nokartu":"93FACBE2"}]}
Berhasil kirim balasan ke "responServer_2309G004"

[2024-11-10 07:13:34]
Menerima pesan dari: dariMCU_2309G004 - Pesan: {"nokartu":"006CA15D","idchip":"14375838","nodevice":"2309G004","key":"1234567890987654321","ipa":"10.31.1.217"}
[2024-11-10 07:13:34]
Berhasil merespon "dariMCU_2309G004" : {"respon":[{"id":"14375838","nodevice":"2309G004","message":"HLTM","info":"Nurida Utami--Hari ini Libur","nokartu":"006CA15D"}]}
Berhasil kirim balasan ke "responServer_2309G004"

[2024-11-10 07:13:49]
Menerima pesan dari: dariMCU_2309G004 - Pesan: {"nokartu":"34CC6351","idchip":"14375838","nodevice":"2309G004","key":"1234567890987654321","ipa":"10.31.1.217"}
[2024-11-10 07:13:49]
Berhasil merespon "dariMCU_2309G004" : {"respon":[{"id":"14375838","nodevice":"2309G004","message":"HLTM","info":"Yofi Agustin--Hari ini Libur","nokartu":"34CC6351"}]}
Berhasil kirim balasan ke "responServer_2309G004"

[2024-11-10 07:13:53]
Menerima pesan dari: dariMCU_2309G004 - Pesan: {"nokartu":"34CC6351","idchip":"14375838","nodevice":"2309G004","key":"1234567890987654321","ipa":"10.31.1.217"}
[2024-11-10 07:13:53]
Berhasil merespon "dariMCU_2309G004" : {"respon":[{"id":"14375838","nodevice":"2309G004","message":"HLTM","info":"Yofi Agustin--Hari ini Libur","nokartu":"34CC6351"}]}
Berhasil kirim balasan ke "responServer_2309G004"

[2024-11-10 07:15:11]
Menerima pesan dari: dariMCU_2309G003 - Pesan: {"nokartu":"131701E3","idchip":"8008873","nodevice":"2309G003","key":"1234567890987654321","ipa":"10.10.18.36"}
[2024-11-10 07:15:11]
Berhasil merespon "dariMCU_2309G003" : {"respon":[{"id":"8008873","nodevice":"2309G003","message":"HLTM","info":"Afra Pramudya Haswan Yusufpranowo--Hari ini Libur","nokartu":"131701E3"}]}
Berhasil kirim balasan ke "responServer_2309G003"

[2024-11-10 07:16:33]
Menerima pesan dari: dariMCU_2309G001 - Pesan: {"nokartu":"637CBAE2","idchip":"4207734","nodevice":"2309G001","key":"1234567890987654321","ipa":"192.168.0.104"}
[2024-11-10 07:16:33]
Berhasil merespon "dariMCU_2309G001" : {"respon":[{"id":"4207734","nodevice":"2309G001","message":"HLTM","info":"Ayudia Fara--Hari ini Libur","nokartu":"637CBAE2"}]}
Berhasil kirim balasan ke "responServer_2309G001"

[2024-11-10 07:16:39]
Menerima pesan dari: dariMCU_2309G001 - Pesan: {"nokartu":"637CBAE2","idchip":"4207734","nodevice":"2309G001","key":"1234567890987654321","ipa":"192.168.0.104"}
[2024-11-10 07:16:39]
Berhasil merespon "dariMCU_2309G001" : {"respon":[{"id":"4207734","nodevice":"2309G001","message":"HLTM","info":"Ayudia Fara--Hari ini Libur","nokartu":"637CBAE2"}]}
Berhasil kirim balasan ke "responServer_2309G001"

[2024-11-10 07:17:13]
Menerima pesan dari: dariMCU_2309G001 - Pesan: {"nokartu":"F3C8BBE2","idchip":"4207734","nodevice":"2309G001","key":"1234567890987654321","ipa":"192.168.0.104"}
[2024-11-10 07:17:13]
Berhasil merespon "dariMCU_2309G001" : {"respon":[{"id":"4207734","nodevice":"2309G001","message":"HLTM","info":"Nisa Yunisa--Hari ini Libur","nokartu":"F3C8BBE2"}]}
Berhasil kirim balasan ke "responServer_2309G001"

[2024-11-10 07:17:19]
Menerima pesan dari: dariMCU_2309G001 - Pesan: {"nokartu":"5322B5E2","idchip":"4207734","nodevice":"2309G001","key":"1234567890987654321","ipa":"192.168.0.104"}
[2024-11-10 07:17:19]
Berhasil merespon "dariMCU_2309G001" : {"respon":[{"id":"4207734","nodevice":"2309G001","message":"HLTM","info":"Asyifa Ayu Fitrian--Hari ini Libur","nokartu":"5322B5E2"}]}
Berhasil kirim balasan ke "responServer_2309G001"

[2024-11-10 07:17:23]
Menerima pesan dari: dariMCU_2309G001 - Pesan: {"nokartu":"5322B5E2","idchip":"4207734","nodevice":"2309G001","key":"1234567890987654321","ipa":"192.168.0.104"}
[2024-11-10 07:17:23]
Berhasil merespon "dariMCU_2309G001" : {"respon":[{"id":"4207734","nodevice":"2309G001","message":"HLTM","info":"Asyifa Ayu Fitrian--Hari ini Libur","nokartu":"5322B5E2"}]}
Berhasil kirim balasan ke "responServer_2309G001"

[2024-11-10 07:17:24]
Menerima pesan dari: dariMCU_2309G001 - Pesan: {"nokartu":"A3C96FE4","idchip":"4207734","nodevice":"2309G001","key":"1234567890987654321","ipa":"192.168.0.104"}
[2024-11-10 07:17:24]
Berhasil merespon "dariMCU_2309G001" : {"respon":[{"id":"4207734","nodevice":"2309G001","message":"HLTM","info":"Ambar Dwi Cahyani--Hari ini Libur","nokartu":"A3C96FE4"}]}
Berhasil kirim balasan ke "responServer_2309G001"

[2024-11-10 07:17:55]
Menerima pesan dari: dariMCU_2309G004 - Pesan: {"nokartu":"F4FA6B51","idchip":"14375838","nodevice":"2309G004","key":"1234567890987654321","ipa":"10.31.1.217"}
[2024-11-10 07:17:55]
Berhasil merespon "dariMCU_2309G004" : {"respon":[{"id":"14375838","nodevice":"2309G004","message":"HLTM","info":"Syafa Mukminati--Hari ini Libur","nokartu":"F4FA6B51"}]}
Berhasil kirim balasan ke "responServer_2309G004"

[2024-11-10 07:17:58]
Menerima pesan dari: dariMCU_2309G004 - Pesan: {"nokartu":"F4FA6B51","idchip":"14375838","nodevice":"2309G004","key":"1234567890987654321","ipa":"10.31.1.217"}
[2024-11-10 07:17:58]
Berhasil merespon "dariMCU_2309G004" : {"respon":[{"id":"14375838","nodevice":"2309G004","message":"HLTM","info":"Syafa Mukminati--Hari ini Libur","nokartu":"F4FA6B51"}]}
Berhasil kirim balasan ke "responServer_2309G004"

[2024-11-10 07:18:06]
Menerima pesan dari: dariMCU_2309G004 - Pesan: {"nokartu":"F4FA6B51","idchip":"14375838","nodevice":"2309G004","key":"1234567890987654321","ipa":"10.31.1.217"}
[2024-11-10 07:18:06]
Berhasil merespon "dariMCU_2309G004" : {"respon":[{"id":"14375838","nodevice":"2309G004","message":"HLTM","info":"Syafa Mukminati--Hari ini Libur","nokartu":"F4FA6B51"}]}
Berhasil kirim balasan ke "responServer_2309G004"

[2024-11-10 07:18:09]
Menerima pesan dari: dariMCU_2309G004 - Pesan: {"nokartu":"F4FA6B51","idchip":"14375838","nodevice":"2309G004","key":"1234567890987654321","ipa":"10.31.1.217"}
[2024-11-10 07:18:09]
Berhasil merespon "dariMCU_2309G004" : {"respon":[{"id":"14375838","nodevice":"2309G004","message":"HLTM","info":"Syafa Mukminati--Hari ini Libur","nokartu":"F4FA6B51"}]}
Berhasil kirim balasan ke "responServer_2309G004"

[2024-11-10 07:18:13]
Menerima pesan dari: dariMCU_2309G004 - Pesan: {"nokartu":"F4FA6B51","idchip":"14375838","nodevice":"2309G004","key":"1234567890987654321","ipa":"10.31.1.217"}
[2024-11-10 07:18:13]
Berhasil merespon "dariMCU_2309G004" : {"respon":[{"id":"14375838","nodevice":"2309G004","message":"HLTM","info":"Syafa Mukminati--Hari ini Libur","nokartu":"F4FA6B51"}]}
Berhasil kirim balasan ke "responServer_2309G004"

[2024-11-10 07:18:20]
Menerima pesan dari: dariMCU_2309G004 - Pesan: {"nokartu":"F4FA6B51","idchip":"14375838","nodevice":"2309G004","key":"1234567890987654321","ipa":"10.31.1.217"}
[2024-11-10 07:18:20]
Berhasil merespon "dariMCU_2309G004" : {"respon":[{"id":"14375838","nodevice":"2309G004","message":"HLTM","info":"Syafa Mukminati--Hari ini Libur","nokartu":"F4FA6B51"}]}
Berhasil kirim balasan ke "responServer_2309G004"

[2024-11-10 07:18:26]
Menerima pesan dari: dariMCU_2309G004 - Pesan: {"nokartu":"F4FA6B51","idchip":"14375838","nodevice":"2309G004","key":"1234567890987654321","ipa":"10.31.1.217"}
[2024-11-10 07:18:26]
Berhasil merespon "dariMCU_2309G004" : {"respon":[{"id":"14375838","nodevice":"2309G004","message":"HLTM","info":"Syafa Mukminati--Hari ini Libur","nokartu":"F4FA6B51"}]}
Berhasil kirim balasan ke "responServer_2309G004"

[2024-11-10 07:21:33]
Menerima pesan dari: dariMCU_2309G001 - Pesan: {"nokartu":"23BC59E4","idchip":"4207734","nodevice":"2309G001","key":"1234567890987654321","ipa":"192.168.0.104"}
[2024-11-10 07:21:33]
Berhasil merespon "dariMCU_2309G001" : {"respon":[{"id":"4207734","nodevice":"2309G001","message":"HLTM","info":"Velia Saskurina--Hari ini Libur","nokartu":"23BC59E4"}]}
Berhasil kirim balasan ke "responServer_2309G001"

[2024-11-10 07:21:37]
Menerima pesan dari: dariMCU_2309G001 - Pesan: {"nokartu":"23BC59E4","idchip":"4207734","nodevice":"2309G001","key":"1234567890987654321","ipa":"192.168.0.104"}
[2024-11-10 07:21:37]
Berhasil merespon "dariMCU_2309G001" : {"respon":[{"id":"4207734","nodevice":"2309G001","message":"HLTM","info":"Velia Saskurina--Hari ini Libur","nokartu":"23BC59E4"}]}
Berhasil kirim balasan ke "responServer_2309G001"

[2024-11-10 07:21:42]
Menerima pesan dari: dariMCU_2309G001 - Pesan: {"nokartu":"F3AA6CE4","idchip":"4207734","nodevice":"2309G001","key":"1234567890987654321","ipa":"192.168.0.104"}
[2024-11-10 07:21:42]
Berhasil merespon "dariMCU_2309G001" : {"respon":[{"id":"4207734","nodevice":"2309G001","message":"HLTM","info":"Sasa Livia Rosada--Hari ini Libur","nokartu":"F3AA6CE4"}]}
Berhasil kirim balasan ke "responServer_2309G001"

[2024-11-10 07:21:47]
Menerima pesan dari: dariMCU_2309G001 - Pesan: {"nokartu":"F3AA6CE4","idchip":"4207734","nodevice":"2309G001","key":"1234567890987654321","ipa":"192.168.0.104"}
[2024-11-10 07:21:47]
Berhasil merespon "dariMCU_2309G001" : {"respon":[{"id":"4207734","nodevice":"2309G001","message":"HLTM","info":"Sasa Livia Rosada--Hari ini Libur","nokartu":"F3AA6CE4"}]}
Berhasil kirim balasan ke "responServer_2309G001"

[2024-11-10 07:21:53]
Menerima pesan dari: dariMCU_2309G001 - Pesan: {"nokartu":"73E2A5E2","idchip":"4207734","nodevice":"2309G001","key":"1234567890987654321","ipa":"192.168.0.104"}
[2024-11-10 07:21:53]
Berhasil merespon "dariMCU_2309G001" : {"respon":[{"id":"4207734","nodevice":"2309G001","message":"HLTM","info":"Naela Faridatul Afifah--Hari ini Libur","nokartu":"73E2A5E2"}]}
Berhasil kirim balasan ke "responServer_2309G001"

[2024-11-10 07:21:57]
Menerima pesan dari: dariMCU_2309G001 - Pesan: {"nokartu":"73E2A5E2","idchip":"4207734","nodevice":"2309G001","key":"1234567890987654321","ipa":"192.168.0.104"}
[2024-11-10 07:21:57]
Berhasil merespon "dariMCU_2309G001" : {"respon":[{"id":"4207734","nodevice":"2309G001","message":"HLTM","info":"Naela Faridatul Afifah--Hari ini Libur","nokartu":"73E2A5E2"}]}
Berhasil kirim balasan ke "responServer_2309G001"

[2024-11-10 07:28:13]
Menerima pesan dari: dariMCU_2309G004 - Pesan: {"nokartu":"44C06D51","idchip":"14375838","nodevice":"2309G004","key":"1234567890987654321","ipa":"10.31.1.217"}
[2024-11-10 07:28:13]
Berhasil merespon "dariMCU_2309G004" : {"respon":[{"id":"14375838","nodevice":"2309G004","message":"HLTM","info":"Adis Setia Wardani--Hari ini Libur","nokartu":"44C06D51"}]}
Berhasil kirim balasan ke "responServer_2309G004"

[2024-11-10 07:30:48]
Menerima pesan dari: dariMCU_2309G004 - Pesan: {"nokartu":"54A08951","idchip":"14375838","nodevice":"2309G004","key":"1234567890987654321","ipa":"10.31.1.217"}
[2024-11-10 07:30:48]
Berhasil merespon "dariMCU_2309G004" : {"respon":[{"id":"14375838","nodevice":"2309G004","message":"HLTM","info":"Lailatus Sarifa Rahmadhani--Hari ini Libur","nokartu":"54A08951"}]}
Berhasil kirim balasan ke "responServer_2309G004"

[2024-11-10 07:30:51]
Menerima pesan dari: dariMCU_2309G004 - Pesan: {"nokartu":"24788D51","idchip":"14375838","nodevice":"2309G004","key":"1234567890987654321","ipa":"10.31.1.217"}
[2024-11-10 07:30:51]
Berhasil merespon "dariMCU_2309G004" : {"respon":[{"id":"14375838","nodevice":"2309G004","message":"HLTM","info":"Dayah Nuraeni--Hari ini Libur","nokartu":"24788D51"}]}
Berhasil kirim balasan ke "responServer_2309G004"

[2024-11-10 07:30:56]
Menerima pesan dari: dariMCU_2309G004 - Pesan: {"nokartu":"54A08951","idchip":"14375838","nodevice":"2309G004","key":"1234567890987654321","ipa":"10.31.1.217"}
[2024-11-10 07:30:56]
Berhasil merespon "dariMCU_2309G004" : {"respon":[{"id":"14375838","nodevice":"2309G004","message":"HLTM","info":"Lailatus Sarifa Rahmadhani--Hari ini Libur","nokartu":"54A08951"}]}
Berhasil kirim balasan ke "responServer_2309G004"

[2024-11-10 07:31:03]
Menerima pesan dari: dariMCU_2309G004 - Pesan: {"nokartu":"44098551","idchip":"14375838","nodevice":"2309G004","key":"1234567890987654321","ipa":"10.31.1.217"}
[2024-11-10 07:31:03]
Berhasil merespon "dariMCU_2309G004" : {"respon":[{"id":"14375838","nodevice":"2309G004","message":"HLTM","info":"Nurul Alifian--Hari ini Libur","nokartu":"44098551"}]}
Berhasil kirim balasan ke "responServer_2309G004"

[2024-11-10 07:31:12]
Menerima pesan dari: dariMCU_2309G004 - Pesan: {"nokartu":"64488551","idchip":"14375838","nodevice":"2309G004","key":"1234567890987654321","ipa":"10.31.1.217"}
[2024-11-10 07:31:12]
Berhasil merespon "dariMCU_2309G004" : {"respon":[{"id":"14375838","nodevice":"2309G004","message":"HLTM","info":"Widya Anggraeni Setianingsih--Hari ini Libur","nokartu":"64488551"}]}
Berhasil kirim balasan ke "responServer_2309G004"

[2024-11-10 07:31:21]
Menerima pesan dari: dariMCU_2309G004 - Pesan: {"nokartu":"13F6B3E2","idchip":"14375838","nodevice":"2309G004","key":"1234567890987654321","ipa":"10.31.1.217"}
[2024-11-10 07:31:21]
Berhasil merespon "dariMCU_2309G004" : {"respon":[{"id":"14375838","nodevice":"2309G004","message":"HLTM","info":"Amrina Rosyada--Hari ini Libur","nokartu":"13F6B3E2"}]}
Berhasil kirim balasan ke "responServer_2309G004"

[2024-11-10 08:31:18]
Menerima pesan dari: dariMCU_2309G004 - Pesan: {"nokartu":"F4319451","idchip":"14375838","nodevice":"2309G004","key":"1234567890987654321","ipa":"10.31.1.217"}
[2024-11-10 08:31:18]
Berhasil merespon "dariMCU_2309G004" : {"respon":[{"id":"14375838","nodevice":"2309G004","message":"IDTT","info":"Kartu ID ini--belum terdaftar","nokartu":"F4319451"}]}
Berhasil kirim balasan ke "responServer_2309G004"

[2024-11-10 08:31:24]
Menerima pesan dari: dariMCU_2309G003 - Pesan: {"nokartu":"34708A51","idchip":"8008873","nodevice":"2309G003","key":"1234567890987654321","ipa":"10.10.18.36"}
[2024-11-10 08:31:24]
Berhasil merespon "dariMCU_2309G003" : {"respon":[{"id":"8008873","nodevice":"2309G003","message":"HLTM","info":"Wahyu Widayat--Hari ini Libur","nokartu":"34708A51"}]}
Berhasil kirim balasan ke "responServer_2309G003"

[2024-11-10 08:31:25]
Menerima pesan dari: dariMCU_2309G003 - Pesan: {"nokartu":"34708A51","idchip":"8008873","nodevice":"2309G003","key":"1234567890987654321","ipa":"10.10.18.36"}
[2024-11-10 08:31:25]
Berhasil merespon "dariMCU_2309G003" : {"respon":[{"id":"8008873","nodevice":"2309G003","message":"HLTM","info":"Wahyu Widayat--Hari ini Libur","nokartu":"34708A51"}]}
Berhasil kirim balasan ke "responServer_2309G003"

[2024-11-10 08:31:30]
Menerima pesan dari: dariMCU_2309G001 - Pesan: {"nokartu":"131701E3","idchip":"4207734","nodevice":"2309G001","key":"1234567890987654321","ipa":"192.168.0.104"}
[2024-11-10 08:31:30]
Berhasil merespon "dariMCU_2309G001" : {"respon":[{"id":"4207734","nodevice":"2309G001","message":"HLTM","info":"Afra Pramudya Haswan Yusufpranowo--Hari ini Libur","nokartu":"131701E3"}]}
Berhasil kirim balasan ke "responServer_2309G001"

[2024-11-10 08:31:33]
Menerima pesan dari: dariMCU_2309G004 - Pesan: {"nokartu":"C42B8951","idchip":"14375838","nodevice":"2309G004","key":"1234567890987654321","ipa":"10.31.1.217"}
[2024-11-10 08:31:33]
Berhasil merespon "dariMCU_2309G004" : {"respon":[{"id":"14375838","nodevice":"2309G004","message":"HLTM","info":"Ragil Surya Saputra--Hari ini Libur","nokartu":"C42B8951"}]}
Berhasil kirim balasan ke "responServer_2309G004"

[2024-11-10 08:31:34]
Menerima pesan dari: dariMCU_2309G004 - Pesan: {"nokartu":"C42B8951","idchip":"14375838","nodevice":"2309G004","key":"1234567890987654321","ipa":"10.31.1.217"}
[2024-11-10 08:31:34]
Berhasil merespon "dariMCU_2309G004" : {"respon":[{"id":"14375838","nodevice":"2309G004","message":"HLTM","info":"Ragil Surya Saputra--Hari ini Libur","nokartu":"C42B8951"}]}
Berhasil kirim balasan ke "responServer_2309G004"

[2024-11-10 08:33:43]
Menerima pesan dari: dariMCU_2309G001 - Pesan: {"nokartu":"A3C96FE4","idchip":"4207734","nodevice":"2309G001","key":"1234567890987654321","ipa":"192.168.0.104"}
[2024-11-10 08:33:43]
Berhasil merespon "dariMCU_2309G001" : {"respon":[{"id":"4207734","nodevice":"2309G001","message":"HLTM","info":"Ambar Dwi Cahyani--Hari ini Libur","nokartu":"A3C96FE4"}]}
Berhasil kirim balasan ke "responServer_2309G001"

[2024-11-10 08:33:48]
Menerima pesan dari: dariMCU_2309G001 - Pesan: {"nokartu":"034BD7E2","idchip":"4207734","nodevice":"2309G001","key":"1234567890987654321","ipa":"192.168.0.104"}
[2024-11-10 08:33:48]
Berhasil merespon "dariMCU_2309G001" : {"respon":[{"id":"4207734","nodevice":"2309G001","message":"HLTM","info":"Vika Natasya--Hari ini Libur","nokartu":"034BD7E2"}]}
Berhasil kirim balasan ke "responServer_2309G001"

[2024-11-10 08:33:52]
Menerima pesan dari: dariMCU_2309G001 - Pesan: {"nokartu":"034BD7E2","idchip":"4207734","nodevice":"2309G001","key":"1234567890987654321","ipa":"192.168.0.104"}
[2024-11-10 08:33:52]
Berhasil merespon "dariMCU_2309G001" : {"respon":[{"id":"4207734","nodevice":"2309G001","message":"HLTM","info":"Vika Natasya--Hari ini Libur","nokartu":"034BD7E2"}]}
Berhasil kirim balasan ke "responServer_2309G001"

[2024-11-10 08:33:53]
Menerima pesan dari: dariMCU_2309G001 - Pesan: {"nokartu":"23B4A0E2","idchip":"4207734","nodevice":"2309G001","key":"1234567890987654321","ipa":"192.168.0.104"}
[2024-11-10 08:33:53]
Berhasil merespon "dariMCU_2309G001" : {"respon":[{"id":"4207734","nodevice":"2309G001","message":"HLTM","info":"Windhi Winora Winorsidha--Hari ini Libur","nokartu":"23B4A0E2"}]}
Berhasil kirim balasan ke "responServer_2309G001"

[2024-11-10 08:41:53]
Menerima pesan dari: dariMCU_2309G003 - Pesan: {"nokartu":"53ECC954","idchip":"8008873","nodevice":"2309G003","key":"1234567890987654321","ipa":"10.10.18.36"}
[2024-11-10 08:41:53]
Berhasil merespon "dariMCU_2309G003" : {"respon":[{"id":"8008873","nodevice":"2309G003","message":"HLTM","info":"Adhiek Hafiera Septya--Hari ini Libur","nokartu":"53ECC954"}]}
Berhasil kirim balasan ke "responServer_2309G003"

[2024-11-10 08:41:58]
Menerima pesan dari: dariMCU_2309G003 - Pesan: {"nokartu":"53ECC954","idchip":"8008873","nodevice":"2309G003","key":"1234567890987654321","ipa":"10.10.18.36"}
[2024-11-10 08:41:58]
Berhasil merespon "dariMCU_2309G003" : {"respon":[{"id":"8008873","nodevice":"2309G003","message":"HLTM","info":"Adhiek Hafiera Septya--Hari ini Libur","nokartu":"53ECC954"}]}
Berhasil kirim balasan ke "responServer_2309G003"

