[2025-11-07 12:05:14]
Menerima pesan dari: dariMCU/2309MAS003 - Pesan: {"nokartu":"C3FE1EFF","idchip":"16581755","nodevice":"2309MAS003","key":"1234567890987654321","ipa":"10.10.1.23"}
[2025-11-07 12:05:14]
Berhasil merespon "dariMCU/2309MAS003" : {"respon":[{"id":"16581755","nodevice":"2309MAS003","message":"BMPE","info":"Fernandi Ramadhan Dwiki Dharmawan--Berhasil Presensi -Mulai-","nokartu":"C3FE1EFF"}]}
Berhasil kirim balasan ke "responServer/2309MAS003"

[2025-11-07 12:05:19]
Menerima pesan dari: dariMCU/2309MAS001 - Pesan: {"nokartu":"C3FE1EFF","idchip":"4115046","nodevice":"2309MAS001","key":"1234567890987654321","ipa":"10.10.11.5"}
[2025-11-07 12:05:19]
Berhasil merespon "dariMCU/2309MAS001" : {"respon":[{"id":"4115046","nodevice":"2309MAS001","message":"510","info":"Fernandi Ramadhan Dwiki Dharmawan--TERCATAT! 5 dtk lalu","nokartu":"C3FE1EFF"}]}
Berhasil kirim balasan ke "responServer/2309MAS001"

[2025-11-07 12:05:34]
Menerima pesan dari: dariMCU/2309MAS003 - Pesan: {"nokartu":"A3E216FF","idchip":"16581755","nodevice":"2309MAS003","key":"1234567890987654321","ipa":"10.10.1.23"}
[2025-11-07 12:05:34]
Berhasil merespon "dariMCU/2309MAS003" : {"respon":[{"id":"16581755","nodevice":"2309MAS003","message":"BMPE","info":"Jahid Fahri Al Attar--Berhasil Presensi -Mulai-","nokartu":"A3E216FF"}]}
Berhasil kirim balasan ke "responServer/2309MAS003"

[2025-11-07 12:05:35]
Menerima pesan dari: dariMCU/2309MAS001 - Pesan: {"nokartu":"A3E216FF","idchip":"4115046","nodevice":"2309MAS001","key":"1234567890987654321","ipa":"10.10.11.5"}
[2025-11-07 12:05:35]
Berhasil merespon "dariMCU/2309MAS001" : {"respon":[{"id":"4115046","nodevice":"2309MAS001","message":"510","info":"Jahid Fahri Al Attar--TERCATAT! 1 dtk lalu","nokartu":"A3E216FF"}]}
Berhasil kirim balasan ke "responServer/2309MAS001"

[2025-11-07 12:05:36]
Menerima pesan dari: dariMCU/2309MAS002 - Pesan: {"nokartu":"A3E216FF","idchip":"1165251","nodevice":"2309MAS002","key":"1234567890987654321","ipa":"10.10.10.238"}
[2025-11-07 12:05:36]
Berhasil merespon "dariMCU/2309MAS002" : {"respon":[{"id":"1165251","nodevice":"2309MAS002","message":"510","info":"Jahid Fahri Al Attar--TERCATAT! 2 dtk lalu","nokartu":"A3E216FF"}]}
Berhasil kirim balasan ke "responServer/2309MAS002"

[2025-11-07 12:05:38]
Menerima pesan dari: dariMCU/2309MAS003 - Pesan: {"nokartu":"83074105","idchip":"16581755","nodevice":"2309MAS003","key":"1234567890987654321","ipa":"10.10.1.23"}
[2025-11-07 12:05:38]
Berhasil merespon "dariMCU/2309MAS003" : {"respon":[{"id":"16581755","nodevice":"2309MAS003","message":"BMPE","info":"Bika Argo Cahyo Atmuji--Berhasil Presensi -Mulai-","nokartu":"83074105"}]}
Berhasil kirim balasan ke "responServer/2309MAS003"

[2025-11-07 12:05:41]
Menerima pesan dari: dariMCU/2309MAS001 - Pesan: {"nokartu":"83074105","idchip":"4115046","nodevice":"2309MAS001","key":"1234567890987654321","ipa":"10.10.11.5"}
[2025-11-07 12:05:41]
Berhasil merespon "dariMCU/2309MAS001" : {"respon":[{"id":"4115046","nodevice":"2309MAS001","message":"510","info":"Bika Argo Cahyo Atmuji--TERCATAT! 3 dtk lalu","nokartu":"83074105"}]}
Berhasil kirim balasan ke "responServer/2309MAS001"

[2025-11-07 12:05:44]
Menerima pesan dari: dariMCU/2309MAS002 - Pesan: {"nokartu":"83074105","idchip":"1165251","nodevice":"2309MAS002","key":"1234567890987654321","ipa":"10.10.10.238"}
[2025-11-07 12:05:44]
Berhasil merespon "dariMCU/2309MAS002" : {"respon":[{"id":"1165251","nodevice":"2309MAS002","message":"510","info":"Bika Argo Cahyo Atmuji--TERCATAT! 6 dtk lalu","nokartu":"83074105"}]}
Berhasil kirim balasan ke "responServer/2309MAS002"

[2025-11-07 12:05:53]
Menerima pesan dari: dariMCU/2309MAS003 - Pesan: {"nokartu":"6BF7B889","idchip":"16581755","nodevice":"2309MAS003","key":"1234567890987654321","ipa":"10.10.1.23"}
[2025-11-07 12:05:53]
Berhasil merespon "dariMCU/2309MAS003" : {"respon":[{"id":"16581755","nodevice":"2309MAS003","message":"BMPE","info":"Zidane Alfriansyah Pratama--Berhasil Presensi -Mulai-","nokartu":"6BF7B889"}]}
Berhasil kirim balasan ke "responServer/2309MAS003"

[2025-11-07 12:05:57]
Menerima pesan dari: dariMCU/2309MAS003 - Pesan: {"nokartu":"6BF7B889","idchip":"16581755","nodevice":"2309MAS003","key":"1234567890987654321","ipa":"10.10.1.23"}
[2025-11-07 12:05:57]
Berhasil merespon "dariMCU/2309MAS003" : {"respon":[{"id":"16581755","nodevice":"2309MAS003","message":"510","info":"Zidane Alfriansyah Pratama--TERCATAT! 4 dtk lalu","nokartu":"6BF7B889"}]}
Berhasil kirim balasan ke "responServer/2309MAS003"

[2025-11-07 12:07:17]
Menerima pesan dari: dariMCU/2309MAS003 - Pesan: {"nokartu":"538418FE","idchip":"16581755","nodevice":"2309MAS003","key":"1234567890987654321","ipa":"10.10.1.23"}
[2025-11-07 12:07:17]
Berhasil merespon "dariMCU/2309MAS003" : {"respon":[{"id":"16581755","nodevice":"2309MAS003","message":"BMPE","info":"Muhamad Zidan Zaka--Berhasil Presensi -Mulai-","nokartu":"538418FE"}]}
Berhasil kirim balasan ke "responServer/2309MAS003"

[2025-11-07 12:07:42]
Menerima pesan dari: dariMCU/2309MAS003 - Pesan: {"nokartu":"C3C321FF","idchip":"16581755","nodevice":"2309MAS003","key":"1234567890987654321","ipa":"10.10.1.23"}
[2025-11-07 12:07:42]
Berhasil merespon "dariMCU/2309MAS003" : {"respon":[{"id":"16581755","nodevice":"2309MAS003","message":"BMPE","info":"Vemas Aulia Restu Nugroho--Berhasil Presensi -Mulai-","nokartu":"C3C321FF"}]}
Berhasil kirim balasan ke "responServer/2309MAS003"

[2025-11-07 12:07:47]
Menerima pesan dari: dariMCU/2309MAS003 - Pesan: {"nokartu":"63B91AFE","idchip":"16581755","nodevice":"2309MAS003","key":"1234567890987654321","ipa":"10.10.1.23"}
[2025-11-07 12:07:47]
Berhasil merespon "dariMCU/2309MAS003" : {"respon":[{"id":"16581755","nodevice":"2309MAS003","message":"BMPE","info":"Bahy Daniswara--Berhasil Presensi -Mulai-","nokartu":"63B91AFE"}]}
Berhasil kirim balasan ke "responServer/2309MAS003"

[2025-11-07 12:07:50]
Menerima pesan dari: dariMCU/2309MAS003 - Pesan: {"nokartu":"23C011FE","idchip":"16581755","nodevice":"2309MAS003","key":"1234567890987654321","ipa":"10.10.1.23"}
[2025-11-07 12:07:50]
Berhasil merespon "dariMCU/2309MAS003" : {"respon":[{"id":"16581755","nodevice":"2309MAS003","message":"BMPE","info":"Muhamad Hakan Rafly--Berhasil Presensi -Mulai-","nokartu":"23C011FE"}]}
Berhasil kirim balasan ke "responServer/2309MAS003"

[2025-11-07 12:07:51]
Menerima pesan dari: dariMCU/2309MAS001 - Pesan: {"nokartu":"C3A96605","idchip":"4115046","nodevice":"2309MAS001","key":"1234567890987654321","ipa":"10.10.11.5"}
[2025-11-07 12:07:51]
Berhasil merespon "dariMCU/2309MAS001" : {"respon":[{"id":"4115046","nodevice":"2309MAS001","message":"BMPE","info":"Dimas Ridwan Rifa i--Berhasil Presensi -Mulai-","nokartu":"C3A96605"}]}
Berhasil kirim balasan ke "responServer/2309MAS001"

[2025-11-07 12:07:53]
Menerima pesan dari: dariMCU/2309MAS003 - Pesan: {"nokartu":"23C011FE","idchip":"16581755","nodevice":"2309MAS003","key":"1234567890987654321","ipa":"10.10.1.23"}
[2025-11-07 12:07:53]
Berhasil merespon "dariMCU/2309MAS003" : {"respon":[{"id":"16581755","nodevice":"2309MAS003","message":"510","info":"Muhamad Hakan Rafly--TERCATAT! 3 dtk lalu","nokartu":"23C011FE"}]}
Berhasil kirim balasan ke "responServer/2309MAS003"

[2025-11-07 12:07:54]
Menerima pesan dari: dariMCU/2309MAS001 - Pesan: {"nokartu":"03807505","idchip":"4115046","nodevice":"2309MAS001","key":"1234567890987654321","ipa":"10.10.11.5"}
[2025-11-07 12:07:54]
Berhasil merespon "dariMCU/2309MAS001" : {"respon":[{"id":"4115046","nodevice":"2309MAS001","message":"BMPE","info":"Muhammad Khairurasyid--Berhasil Presensi -Mulai-","nokartu":"03807505"}]}
Berhasil kirim balasan ke "responServer/2309MAS001"

[2025-11-07 12:07:57]
Menerima pesan dari: dariMCU/2309MAS003 - Pesan: {"nokartu":"332A12FE","idchip":"16581755","nodevice":"2309MAS003","key":"1234567890987654321","ipa":"10.10.1.23"}
[2025-11-07 12:07:57]
Berhasil merespon "dariMCU/2309MAS003" : {"respon":[{"id":"16581755","nodevice":"2309MAS003","message":"BMPE","info":"Rehan Nibras Hibban--Berhasil Presensi -Mulai-","nokartu":"332A12FE"}]}
Berhasil kirim balasan ke "responServer/2309MAS003"

[2025-11-07 12:07:59]
Menerima pesan dari: dariMCU/2309MAS003 - Pesan: {"nokartu":"332A12FE","idchip":"16581755","nodevice":"2309MAS003","key":"1234567890987654321","ipa":"10.10.1.23"}
[2025-11-07 12:07:59]
Berhasil merespon "dariMCU/2309MAS003" : {"respon":[{"id":"16581755","nodevice":"2309MAS003","message":"510","info":"Rehan Nibras Hibban--TERCATAT! 2 dtk lalu","nokartu":"332A12FE"}]}
Berhasil kirim balasan ke "responServer/2309MAS003"

[2025-11-07 12:08:02]
Menerima pesan dari: dariMCU/2309MAS001 - Pesan: {"nokartu":"03807505","idchip":"4115046","nodevice":"2309MAS001","key":"1234567890987654321","ipa":"10.10.11.5"}
[2025-11-07 12:08:02]
Berhasil merespon "dariMCU/2309MAS001" : {"respon":[{"id":"4115046","nodevice":"2309MAS001","message":"510","info":"Muhammad Khairurasyid--TERCATAT! 8 dtk lalu","nokartu":"03807505"}]}
Berhasil kirim balasan ke "responServer/2309MAS001"

[2025-11-07 12:08:04]
Menerima pesan dari: dariMCU/2309MAS003 - Pesan: {"nokartu":"738715FE","idchip":"16581755","nodevice":"2309MAS003","key":"1234567890987654321","ipa":"10.10.1.23"}
[2025-11-07 12:08:04]
Berhasil merespon "dariMCU/2309MAS003" : {"respon":[{"id":"16581755","nodevice":"2309MAS003","message":"BMPE","info":"Muhamad Miftahudin--Berhasil Presensi -Mulai-","nokartu":"738715FE"}]}
Berhasil kirim balasan ke "responServer/2309MAS003"

[2025-11-07 12:08:06]
Menerima pesan dari: dariMCU/2309MAS001 - Pesan: {"nokartu":"4613B989","idchip":"4115046","nodevice":"2309MAS001","key":"1234567890987654321","ipa":"10.10.11.5"}
[2025-11-07 12:08:06]
Berhasil merespon "dariMCU/2309MAS001" : {"respon":[{"id":"4115046","nodevice":"2309MAS001","message":"BMPE","info":"Esa Chandra Apriawan--Berhasil Presensi -Mulai-","nokartu":"4613B989"}]}
Berhasil kirim balasan ke "responServer/2309MAS001"

[2025-11-07 12:08:11]
Menerima pesan dari: dariMCU/2309MAS003 - Pesan: {"nokartu":"630EE0E2","idchip":"16581755","nodevice":"2309MAS003","key":"1234567890987654321","ipa":"10.10.1.23"}
[2025-11-07 12:08:11]
Berhasil merespon "dariMCU/2309MAS003" : {"respon":[{"id":"16581755","nodevice":"2309MAS003","message":"IDTT","info":"Kartu ID ini--belum terdaftar","nokartu":"630EE0E2"}]}
Berhasil kirim balasan ke "responServer/2309MAS003"

[2025-11-07 12:08:15]
Menerima pesan dari: dariMCU/2309MAS003 - Pesan: {"nokartu":"03D0D7E2","idchip":"16581755","nodevice":"2309MAS003","key":"1234567890987654321","ipa":"10.10.1.23"}
[2025-11-07 12:08:15]
Berhasil merespon "dariMCU/2309MAS003" : {"respon":[{"id":"16581755","nodevice":"2309MAS003","message":"BMPE","info":"Putra Fajar Noviyanto--Berhasil Presensi -Mulai-","nokartu":"03D0D7E2"}]}
Berhasil kirim balasan ke "responServer/2309MAS003"

[2025-11-07 12:08:18]
Menerima pesan dari: dariMCU/2309MAS003 - Pesan: {"nokartu":"636D7305","idchip":"16581755","nodevice":"2309MAS003","key":"1234567890987654321","ipa":"10.10.1.23"}
[2025-11-07 12:08:18]
Berhasil merespon "dariMCU/2309MAS003" : {"respon":[{"id":"16581755","nodevice":"2309MAS003","message":"BMPE","info":"Sasetyo--Berhasil Presensi -Mulai-","nokartu":"636D7305"}]}
Berhasil kirim balasan ke "responServer/2309MAS003"

[2025-11-07 12:08:21]
Menerima pesan dari: dariMCU/2309MAS003 - Pesan: {"nokartu":"636D7305","idchip":"16581755","nodevice":"2309MAS003","key":"1234567890987654321","ipa":"10.10.1.23"}
[2025-11-07 12:08:21]
Berhasil merespon "dariMCU/2309MAS003" : {"respon":[{"id":"16581755","nodevice":"2309MAS003","message":"510","info":"Sasetyo--TERCATAT! 3 dtk lalu","nokartu":"636D7305"}]}
Berhasil kirim balasan ke "responServer/2309MAS003"

[2025-11-07 12:08:23]
Menerima pesan dari: dariMCU/2309MAS002 - Pesan: {"nokartu":"232A7605","idchip":"1165251","nodevice":"2309MAS002","key":"1234567890987654321","ipa":"10.10.10.238"}
[2025-11-07 12:08:23]
Berhasil merespon "dariMCU/2309MAS002" : {"respon":[{"id":"1165251","nodevice":"2309MAS002","message":"BMPE","info":"Rozan Dimensi Farid--Berhasil Presensi -Mulai-","nokartu":"232A7605"}]}
Berhasil kirim balasan ke "responServer/2309MAS002"

[2025-11-07 12:08:25]
Menerima pesan dari: dariMCU/2309MAS003 - Pesan: {"nokartu":"636D7305","idchip":"16581755","nodevice":"2309MAS003","key":"1234567890987654321","ipa":"10.10.1.23"}
[2025-11-07 12:08:25]
Berhasil merespon "dariMCU/2309MAS003" : {"respon":[{"id":"16581755","nodevice":"2309MAS003","message":"510","info":"Sasetyo--TERCATAT! 7 dtk lalu","nokartu":"636D7305"}]}
Berhasil kirim balasan ke "responServer/2309MAS003"

[2025-11-07 12:08:29]
Menerima pesan dari: dariMCU/2309MAS003 - Pesan: {"nokartu":"636D7305","idchip":"16581755","nodevice":"2309MAS003","key":"1234567890987654321","ipa":"10.10.1.23"}
[2025-11-07 12:08:29]
Berhasil merespon "dariMCU/2309MAS003" : {"respon":[{"id":"16581755","nodevice":"2309MAS003","message":"510","info":"Sasetyo--TERCATAT! 11 dtk lalu","nokartu":"636D7305"}]}
Berhasil kirim balasan ke "responServer/2309MAS003"

[2025-11-07 12:08:45]
Menerima pesan dari: dariMCU/2309MAS002 - Pesan: {"nokartu":"13EB7505","idchip":"1165251","nodevice":"2309MAS002","key":"1234567890987654321","ipa":"10.10.10.238"}
[2025-11-07 12:08:45]
Berhasil merespon "dariMCU/2309MAS002" : {"respon":[{"id":"1165251","nodevice":"2309MAS002","message":"BMPE","info":"Agus Setiawan--Berhasil Presensi -Mulai-","nokartu":"13EB7505"}]}
Berhasil kirim balasan ke "responServer/2309MAS002"

[2025-11-07 12:08:46]
Menerima pesan dari: dariMCU/2309MAS001 - Pesan: {"nokartu":"13EB7505","idchip":"4115046","nodevice":"2309MAS001","key":"1234567890987654321","ipa":"10.10.11.5"}
[2025-11-07 12:08:46]
Berhasil merespon "dariMCU/2309MAS001" : {"respon":[{"id":"4115046","nodevice":"2309MAS001","message":"510","info":"Agus Setiawan--TERCATAT! 1 dtk lalu","nokartu":"13EB7505"}]}
Berhasil kirim balasan ke "responServer/2309MAS001"

[2025-11-07 12:08:46]
Menerima pesan dari: dariMCU/2309MAS003 - Pesan: {"nokartu":"13EB7505","idchip":"16581755","nodevice":"2309MAS003","key":"1234567890987654321","ipa":"10.10.1.23"}
[2025-11-07 12:08:46]
Berhasil merespon "dariMCU/2309MAS003" : {"respon":[{"id":"16581755","nodevice":"2309MAS003","message":"510","info":"Agus Setiawan--TERCATAT! 1 dtk lalu","nokartu":"13EB7505"}]}
Berhasil kirim balasan ke "responServer/2309MAS003"

[2025-11-07 12:08:50]
Menerima pesan dari: dariMCU/2309MAS003 - Pesan: {"nokartu":"13EB7505","idchip":"16581755","nodevice":"2309MAS003","key":"1234567890987654321","ipa":"10.10.1.23"}
[2025-11-07 12:08:50]
Berhasil merespon "dariMCU/2309MAS003" : {"respon":[{"id":"16581755","nodevice":"2309MAS003","message":"510","info":"Agus Setiawan--TERCATAT! 5 dtk lalu","nokartu":"13EB7505"}]}
Berhasil kirim balasan ke "responServer/2309MAS003"

[2025-11-07 12:08:52]
Menerima pesan dari: dariMCU/2309MAS001 - Pesan: {"nokartu":"D32434FF","idchip":"4115046","nodevice":"2309MAS001","key":"1234567890987654321","ipa":"10.10.11.5"}
[2025-11-07 12:08:52]
Berhasil merespon "dariMCU/2309MAS001" : {"respon":[{"id":"4115046","nodevice":"2309MAS001","message":"BMPE","info":"Muhamad Ulil Albab--Berhasil Presensi -Mulai-","nokartu":"D32434FF"}]}
Berhasil kirim balasan ke "responServer/2309MAS001"

[2025-11-07 12:08:53]
Menerima pesan dari: dariMCU/2309MAS002 - Pesan: {"nokartu":"D32434FF","idchip":"1165251","nodevice":"2309MAS002","key":"1234567890987654321","ipa":"10.10.10.238"}
[2025-11-07 12:08:53]
Berhasil merespon "dariMCU/2309MAS002" : {"respon":[{"id":"1165251","nodevice":"2309MAS002","message":"510","info":"Muhamad Ulil Albab--TERCATAT! 1 dtk lalu","nokartu":"D32434FF"}]}
Berhasil kirim balasan ke "responServer/2309MAS002"

[2025-11-07 12:09:05]
Menerima pesan dari: dariMCU/2309MAS003 - Pesan: {"nokartu":"D32434FF","idchip":"16581755","nodevice":"2309MAS003","key":"1234567890987654321","ipa":"10.10.1.23"}
[2025-11-07 12:09:05]
Berhasil merespon "dariMCU/2309MAS003" : {"respon":[{"id":"16581755","nodevice":"2309MAS003","message":"510","info":"Muhamad Ulil Albab--TERCATAT! 13 dtk lalu","nokartu":"D32434FF"}]}
Berhasil kirim balasan ke "responServer/2309MAS003"

[2025-11-07 12:09:12]
Menerima pesan dari: dariMCU/2309MAS001 - Pesan: {"nokartu":"D32434FF","idchip":"4115046","nodevice":"2309MAS001","key":"1234567890987654321","ipa":"10.10.11.5"}
[2025-11-07 12:09:12]
Berhasil merespon "dariMCU/2309MAS001" : {"respon":[{"id":"4115046","nodevice":"2309MAS001","message":"510","info":"Muhamad Ulil Albab--TERCATAT! 20 dtk lalu","nokartu":"D32434FF"}]}
Berhasil kirim balasan ke "responServer/2309MAS001"

[2025-11-07 12:09:13]
Menerima pesan dari: dariMCU/2309MAS003 - Pesan: {"nokartu":"136C6A05","idchip":"16581755","nodevice":"2309MAS003","key":"1234567890987654321","ipa":"10.10.1.23"}
[2025-11-07 12:09:13]
Berhasil merespon "dariMCU/2309MAS003" : {"respon":[{"id":"16581755","nodevice":"2309MAS003","message":"BMPE","info":"Muhammad Bintang Santoso--Berhasil Presensi -Mulai-","nokartu":"136C6A05"}]}
Berhasil kirim balasan ke "responServer/2309MAS003"

[2025-11-07 12:09:17]
Menerima pesan dari: dariMCU/2309MAS001 - Pesan: {"nokartu":"13EB7505","idchip":"4115046","nodevice":"2309MAS001","key":"1234567890987654321","ipa":"10.10.11.5"}
[2025-11-07 12:09:17]
Berhasil merespon "dariMCU/2309MAS001" : {"respon":[{"id":"4115046","nodevice":"2309MAS001","message":"510","info":"Agus Setiawan--TERCATAT! 32 dtk lalu","nokartu":"13EB7505"}]}
Berhasil kirim balasan ke "responServer/2309MAS001"

[2025-11-07 12:09:17]
Menerima pesan dari: dariMCU/2309MAS001 - Pesan: {"nokartu":"AA04B889","idchip":"4115046","nodevice":"2309MAS001","key":"1234567890987654321","ipa":"10.10.11.5"}
[2025-11-07 12:09:17]
Berhasil merespon "dariMCU/2309MAS001" : {"respon":[{"id":"4115046","nodevice":"2309MAS001","message":"BMPE","info":"Lanang Kaloka Tata Ulama--Berhasil Presensi -Mulai-","nokartu":"AA04B889"}]}
Berhasil kirim balasan ke "responServer/2309MAS001"

[2025-11-07 12:09:59]
Menerima pesan dari: dariMCU/2309MAS003 - Pesan: {"nokartu":"63FF7005","idchip":"16581755","nodevice":"2309MAS003","key":"1234567890987654321","ipa":"10.10.1.23"}
[2025-11-07 12:09:59]
Berhasil merespon "dariMCU/2309MAS003" : {"respon":[{"id":"16581755","nodevice":"2309MAS003","message":"BMPE","info":"Wafid Raihan--Berhasil Presensi -Mulai-","nokartu":"63FF7005"}]}
Berhasil kirim balasan ke "responServer/2309MAS003"

[2025-11-07 12:10:00]
Menerima pesan dari: dariMCU/2309MAS003 - Pesan: {"nokartu":"63FF7005","idchip":"16581755","nodevice":"2309MAS003","key":"1234567890987654321","ipa":"10.10.1.23"}
[2025-11-07 12:10:00]
Berhasil merespon "dariMCU/2309MAS003" : {"respon":[{"id":"16581755","nodevice":"2309MAS003","message":"510","info":"Wafid Raihan--TERCATAT! 1 dtk lalu","nokartu":"63FF7005"}]}
Berhasil kirim balasan ke "responServer/2309MAS003"

[2025-11-07 12:10:36]
Menerima pesan dari: dariMCU/2309MAS003 - Pesan: {"nokartu":"33797F05","idchip":"16581755","nodevice":"2309MAS003","key":"1234567890987654321","ipa":"10.10.1.23"}
[2025-11-07 12:10:36]
Berhasil merespon "dariMCU/2309MAS003" : {"respon":[{"id":"16581755","nodevice":"2309MAS003","message":"BMPE","info":"Dhimas Ardiansyaputra--Berhasil Presensi -Mulai-","nokartu":"33797F05"}]}
Berhasil kirim balasan ke "responServer/2309MAS003"

[2025-11-07 12:10:46]
Menerima pesan dari: dariMCU/2309MAS003 - Pesan: {"nokartu":"E39C8205","idchip":"16581755","nodevice":"2309MAS003","key":"1234567890987654321","ipa":"10.10.1.23"}
[2025-11-07 12:10:46]
Berhasil merespon "dariMCU/2309MAS003" : {"respon":[{"id":"16581755","nodevice":"2309MAS003","message":"BMPE","info":"Raihan Dhika Arraisya--Berhasil Presensi -Mulai-","nokartu":"E39C8205"}]}
Berhasil kirim balasan ke "responServer/2309MAS003"

[2025-11-07 12:11:14]
Menerima pesan dari: dariMCU/2309MAS003 - Pesan: {"nokartu":"03BF1805","idchip":"16581755","nodevice":"2309MAS003","key":"1234567890987654321","ipa":"10.10.1.23"}
[2025-11-07 12:11:14]
Berhasil merespon "dariMCU/2309MAS003" : {"respon":[{"id":"16581755","nodevice":"2309MAS003","message":"BMPE","info":"Naffisell Tholibar Rifqi--Berhasil Presensi -Mulai-","nokartu":"03BF1805"}]}
Berhasil kirim balasan ke "responServer/2309MAS003"

[2025-11-07 12:11:52]
Menerima pesan dari: dariMCU/2309MAS003 - Pesan: {"nokartu":"F3877F05","idchip":"16581755","nodevice":"2309MAS003","key":"1234567890987654321","ipa":"10.10.1.23"}
[2025-11-07 12:11:52]
Berhasil merespon "dariMCU/2309MAS003" : {"respon":[{"id":"16581755","nodevice":"2309MAS003","message":"BMPE","info":"Khoirul Irfan--Berhasil Presensi -Mulai-","nokartu":"F3877F05"}]}
Berhasil kirim balasan ke "responServer/2309MAS003"

[2025-11-07 12:11:54]
Menerima pesan dari: dariMCU/2309MAS002 - Pesan: {"nokartu":"F3877F05","idchip":"1165251","nodevice":"2309MAS002","key":"1234567890987654321","ipa":"10.10.10.238"}
[2025-11-07 12:11:54]
Berhasil merespon "dariMCU/2309MAS002" : {"respon":[{"id":"1165251","nodevice":"2309MAS002","message":"510","info":"Khoirul Irfan--TERCATAT! 2 dtk lalu","nokartu":"F3877F05"}]}
Berhasil kirim balasan ke "responServer/2309MAS002"

[2025-11-07 12:12:04]
Menerima pesan dari: dariMCU/2309MAS003 - Pesan: {"nokartu":"13E47B05","idchip":"16581755","nodevice":"2309MAS003","key":"1234567890987654321","ipa":"10.10.1.23"}
[2025-11-07 12:12:04]
Berhasil merespon "dariMCU/2309MAS003" : {"respon":[{"id":"16581755","nodevice":"2309MAS003","message":"BMPE","info":"Ata Amirulloh--Berhasil Presensi -Mulai-","nokartu":"13E47B05"}]}
Berhasil kirim balasan ke "responServer/2309MAS003"

[2025-11-07 12:12:08]
Menerima pesan dari: dariMCU/2309MAS001 - Pesan: {"nokartu":"13B021FF","idchip":"4115046","nodevice":"2309MAS001","key":"1234567890987654321","ipa":"10.10.11.5"}
[2025-11-07 12:12:08]
Berhasil merespon "dariMCU/2309MAS001" : {"respon":[{"id":"4115046","nodevice":"2309MAS001","message":"BMPE","info":"Muhammad Ulynnuha--Berhasil Presensi -Mulai-","nokartu":"13B021FF"}]}
Berhasil kirim balasan ke "responServer/2309MAS001"

[2025-11-07 12:12:10]
Menerima pesan dari: dariMCU/2309MAS003 - Pesan: {"nokartu":"F39F1AFE","idchip":"16581755","nodevice":"2309MAS003","key":"1234567890987654321","ipa":"10.10.1.23"}
[2025-11-07 12:12:10]
Berhasil merespon "dariMCU/2309MAS003" : {"respon":[{"id":"16581755","nodevice":"2309MAS003","message":"BMPE","info":"Anton Joko Kurniawan--Berhasil Presensi -Mulai-","nokartu":"F39F1AFE"}]}
Berhasil kirim balasan ke "responServer/2309MAS003"

[2025-11-07 12:12:12]
Menerima pesan dari: dariMCU/2309MAS001 - Pesan: {"nokartu":"13B021FF","idchip":"4115046","nodevice":"2309MAS001","key":"1234567890987654321","ipa":"10.10.11.5"}
[2025-11-07 12:12:12]
Berhasil merespon "dariMCU/2309MAS001" : {"respon":[{"id":"4115046","nodevice":"2309MAS001","message":"510","info":"Muhammad Ulynnuha--TERCATAT! 4 dtk lalu","nokartu":"13B021FF"}]}
Berhasil kirim balasan ke "responServer/2309MAS001"

[2025-11-07 12:12:15]
Menerima pesan dari: dariMCU/2309MAS001 - Pesan: {"nokartu":"F3F66905","idchip":"4115046","nodevice":"2309MAS001","key":"1234567890987654321","ipa":"10.10.11.5"}
[2025-11-07 12:12:15]
Berhasil merespon "dariMCU/2309MAS001" : {"respon":[{"id":"4115046","nodevice":"2309MAS001","message":"BMPE","info":"Agil Bayu Nugroho--Berhasil Presensi -Mulai-","nokartu":"F3F66905"}]}
Berhasil kirim balasan ke "responServer/2309MAS001"

[2025-11-07 12:12:15]
Menerima pesan dari: dariMCU/2309MAS003 - Pesan: {"nokartu":"43C30DFE","idchip":"16581755","nodevice":"2309MAS003","key":"1234567890987654321","ipa":"10.10.1.23"}
[2025-11-07 12:12:15]
Berhasil merespon "dariMCU/2309MAS003" : {"respon":[{"id":"16581755","nodevice":"2309MAS003","message":"BMPE","info":"Muhamad Saroful Anam--Berhasil Presensi -Mulai-","nokartu":"43C30DFE"}]}
Berhasil kirim balasan ke "responServer/2309MAS003"

[2025-11-07 12:12:26]
Menerima pesan dari: dariMCU/2309MAS003 - Pesan: {"nokartu":"A37E7F05","idchip":"16581755","nodevice":"2309MAS003","key":"1234567890987654321","ipa":"10.10.1.23"}
[2025-11-07 12:12:26]
Berhasil merespon "dariMCU/2309MAS003" : {"respon":[{"id":"16581755","nodevice":"2309MAS003","message":"BMPE","info":"Algi Wian Avantyo--Berhasil Presensi -Mulai-","nokartu":"A37E7F05"}]}
Berhasil kirim balasan ke "responServer/2309MAS003"

[2025-11-07 12:12:28]
Menerima pesan dari: dariMCU/2309MAS001 - Pesan: {"nokartu":"F3F66905","idchip":"4115046","nodevice":"2309MAS001","key":"1234567890987654321","ipa":"10.10.11.5"}
[2025-11-07 12:12:28]
Berhasil merespon "dariMCU/2309MAS001" : {"respon":[{"id":"4115046","nodevice":"2309MAS001","message":"510","info":"Agil Bayu Nugroho--TERCATAT! 13 dtk lalu","nokartu":"F3F66905"}]}
Berhasil kirim balasan ke "responServer/2309MAS001"

[2025-11-07 12:12:30]
Menerima pesan dari: dariMCU/2309MAS003 - Pesan: {"nokartu":"33F36305","idchip":"16581755","nodevice":"2309MAS003","key":"1234567890987654321","ipa":"10.10.1.23"}
[2025-11-07 12:12:30]
Berhasil merespon "dariMCU/2309MAS003" : {"respon":[{"id":"16581755","nodevice":"2309MAS003","message":"BMPE","info":"Alga Danu Aprilian--Berhasil Presensi -Mulai-","nokartu":"33F36305"}]}
Berhasil kirim balasan ke "responServer/2309MAS003"

[2025-11-07 12:12:49]
Menerima pesan dari: dariMCU/2309MAS003 - Pesan: {"nokartu":"73C47105","idchip":"16581755","nodevice":"2309MAS003","key":"1234567890987654321","ipa":"10.10.1.23"}
[2025-11-07 12:12:49]
Berhasil merespon "dariMCU/2309MAS003" : {"respon":[{"id":"16581755","nodevice":"2309MAS003","message":"BMPE","info":"Zidan Galih Wicaksono--Berhasil Presensi -Mulai-","nokartu":"73C47105"}]}
Berhasil kirim balasan ke "responServer/2309MAS003"

[2025-11-07 12:12:52]
Menerima pesan dari: dariMCU/2309MAS003 - Pesan: {"nokartu":"73C47105","idchip":"16581755","nodevice":"2309MAS003","key":"1234567890987654321","ipa":"10.10.1.23"}
[2025-11-07 12:12:52]
Berhasil merespon "dariMCU/2309MAS003" : {"respon":[{"id":"16581755","nodevice":"2309MAS003","message":"510","info":"Zidan Galih Wicaksono--TERCATAT! 3 dtk lalu","nokartu":"73C47105"}]}
Berhasil kirim balasan ke "responServer/2309MAS003"

[2025-11-07 12:12:54]
Menerima pesan dari: dariMCU/2309MAS003 - Pesan: {"nokartu":"73C47105","idchip":"16581755","nodevice":"2309MAS003","key":"1234567890987654321","ipa":"10.10.1.23"}
[2025-11-07 12:12:54]
Berhasil merespon "dariMCU/2309MAS003" : {"respon":[{"id":"16581755","nodevice":"2309MAS003","message":"510","info":"Zidan Galih Wicaksono--TERCATAT! 5 dtk lalu","nokartu":"73C47105"}]}
Berhasil kirim balasan ke "responServer/2309MAS003"

[2025-11-07 12:13:00]
Menerima pesan dari: dariMCU/2309MAS003 - Pesan: {"nokartu":"D37C33FF","idchip":"16581755","nodevice":"2309MAS003","key":"1234567890987654321","ipa":"10.10.1.23"}
[2025-11-07 12:13:00]
Berhasil merespon "dariMCU/2309MAS003" : {"respon":[{"id":"16581755","nodevice":"2309MAS003","message":"BMPE","info":"Bagas Pramudya--Berhasil Presensi -Mulai-","nokartu":"D37C33FF"}]}
Berhasil kirim balasan ke "responServer/2309MAS003"

[2025-11-07 12:13:04]
Menerima pesan dari: dariMCU/2309MAS002 - Pesan: {"nokartu":"D37C33FF","idchip":"1165251","nodevice":"2309MAS002","key":"1234567890987654321","ipa":"10.10.10.238"}
[2025-11-07 12:13:04]
Berhasil merespon "dariMCU/2309MAS002" : {"respon":[{"id":"1165251","nodevice":"2309MAS002","message":"510","info":"Bagas Pramudya--TERCATAT! 4 dtk lalu","nokartu":"D37C33FF"}]}
Berhasil kirim balasan ke "responServer/2309MAS002"

[2025-11-07 12:13:06]
Menerima pesan dari: dariMCU/2309MAS002 - Pesan: {"nokartu":"D37C33FF","idchip":"1165251","nodevice":"2309MAS002","key":"1234567890987654321","ipa":"10.10.10.238"}
[2025-11-07 12:13:06]
Berhasil merespon "dariMCU/2309MAS002" : {"respon":[{"id":"1165251","nodevice":"2309MAS002","message":"510","info":"Bagas Pramudya--TERCATAT! 6 dtk lalu","nokartu":"D37C33FF"}]}
Berhasil kirim balasan ke "responServer/2309MAS002"

[2025-11-07 12:13:08]
Menerima pesan dari: dariMCU/2309MAS002 - Pesan: {"nokartu":"D37C33FF","idchip":"1165251","nodevice":"2309MAS002","key":"1234567890987654321","ipa":"10.10.10.238"}
[2025-11-07 12:13:08]
Berhasil merespon "dariMCU/2309MAS002" : {"respon":[{"id":"1165251","nodevice":"2309MAS002","message":"510","info":"Bagas Pramudya--TERCATAT! 8 dtk lalu","nokartu":"D37C33FF"}]}
Berhasil kirim balasan ke "responServer/2309MAS002"

[2025-11-07 12:13:36]
Menerima pesan dari: dariMCU/2309MAS003 - Pesan: {"nokartu":"5348DA54","idchip":"16581755","nodevice":"2309MAS003","key":"1234567890987654321","ipa":"10.10.1.23"}
[2025-11-07 12:13:36]
Berhasil merespon "dariMCU/2309MAS003" : {"respon":[{"id":"16581755","nodevice":"2309MAS003","message":"BMPE","info":"Ikhwan Priantama--Berhasil Presensi -Mulai-","nokartu":"5348DA54"}]}
Berhasil kirim balasan ke "responServer/2309MAS003"

[2025-11-07 12:13:50]
Menerima pesan dari: dariMCU/2309MAS003 - Pesan: {"nokartu":"431A6E05","idchip":"16581755","nodevice":"2309MAS003","key":"1234567890987654321","ipa":"10.10.1.23"}
[2025-11-07 12:13:50]
Berhasil merespon "dariMCU/2309MAS003" : {"respon":[{"id":"16581755","nodevice":"2309MAS003","message":"BMPE","info":"Dwi Setyawan--Berhasil Presensi -Mulai-","nokartu":"431A6E05"}]}
Berhasil kirim balasan ke "responServer/2309MAS003"

[2025-11-07 12:16:19]
Menerima pesan dari: dariMCU/2309MAS003 - Pesan: {"nokartu":"9391EEE4","idchip":"16581755","nodevice":"2309MAS003","key":"1234567890987654321","ipa":"10.10.1.23"}
[2025-11-07 12:16:19]
Berhasil merespon "dariMCU/2309MAS003" : {"respon":[{"id":"16581755","nodevice":"2309MAS003","message":"BMPE","info":"Raafiyanto Adri Mahardika--Berhasil Presensi -Mulai-","nokartu":"9391EEE4"}]}
Berhasil kirim balasan ke "responServer/2309MAS003"

[2025-11-07 12:25:22]
Menerima pesan dari: dariMCU/2309MAS003 - Pesan: {"nokartu":"53E3E754","idchip":"16581755","nodevice":"2309MAS003","key":"1234567890987654321","ipa":"10.10.1.23"}
[2025-11-07 12:25:22]
Berhasil merespon "dariMCU/2309MAS003" : {"respon":[{"id":"16581755","nodevice":"2309MAS003","message":"BMPE","info":"Syahril Alamsah--Berhasil Presensi -Mulai-","nokartu":"53E3E754"}]}
Berhasil kirim balasan ke "responServer/2309MAS003"

[2025-11-07 12:25:28]
Menerima pesan dari: dariMCU/2309MAS001 - Pesan: {"nokartu":"03C816FE","idchip":"4115046","nodevice":"2309MAS001","key":"1234567890987654321","ipa":"10.10.11.5"}
[2025-11-07 12:25:28]
Berhasil merespon "dariMCU/2309MAS001" : {"respon":[{"id":"4115046","nodevice":"2309MAS001","message":"BMPE","info":"Nauval Wahyu Dwi Prastyo--Berhasil Presensi -Mulai-","nokartu":"03C816FE"}]}
Berhasil kirim balasan ke "responServer/2309MAS001"

[2025-11-07 12:25:37]
Menerima pesan dari: dariMCU/2309MAS003 - Pesan: {"nokartu":"AA04B889","idchip":"16581755","nodevice":"2309MAS003","key":"1234567890987654321","ipa":"10.10.1.23"}
[2025-11-07 12:25:37]
Berhasil merespon "dariMCU/2309MAS003" : {"respon":[{"id":"16581755","nodevice":"2309MAS003","message":"BPSE","info":"Lanang Kaloka Tata Ulama--Berhasil Presensi -Selesai-","nokartu":"AA04B889"}]}
Berhasil kirim balasan ke "responServer/2309MAS003"

[2025-11-07 12:25:39]
Menerima pesan dari: dariMCU/2309MAS002 - Pesan: {"nokartu":"AA04B889","idchip":"1165251","nodevice":"2309MAS002","key":"1234567890987654321","ipa":"10.10.10.238"}
[2025-11-07 12:25:39]
Berhasil merespon "dariMCU/2309MAS002" : {"respon":[{"id":"1165251","nodevice":"2309MAS002","message":"510","info":"Lanang Kaloka Tata Ulama--TERCATAT! 2 dtk lalu","nokartu":"AA04B889"}]}
Berhasil kirim balasan ke "responServer/2309MAS002"

[2025-11-07 12:25:52]
Menerima pesan dari: dariMCU/2309MAS002 - Pesan: {"nokartu":"13EB7505","idchip":"1165251","nodevice":"2309MAS002","key":"1234567890987654321","ipa":"10.10.10.238"}
[2025-11-07 12:25:52]
Berhasil merespon "dariMCU/2309MAS002" : {"respon":[{"id":"1165251","nodevice":"2309MAS002","message":"BPSE","info":"Agus Setiawan--Berhasil Presensi -Selesai-","nokartu":"13EB7505"}]}
Berhasil kirim balasan ke "responServer/2309MAS002"

[2025-11-07 12:25:54]
Menerima pesan dari: dariMCU/2309MAS003 - Pesan: {"nokartu":"13EB7505","idchip":"16581755","nodevice":"2309MAS003","key":"1234567890987654321","ipa":"10.10.1.23"}
[2025-11-07 12:25:54]
Berhasil merespon "dariMCU/2309MAS003" : {"respon":[{"id":"16581755","nodevice":"2309MAS003","message":"510","info":"Agus Setiawan--TERCATAT! 2 dtk lalu","nokartu":"13EB7505"}]}
Berhasil kirim balasan ke "responServer/2309MAS003"

[2025-11-07 12:26:09]
Menerima pesan dari: dariMCU/2309MAS001 - Pesan: {"nokartu":"13EB7505","idchip":"4115046","nodevice":"2309MAS001","key":"1234567890987654321","ipa":"10.10.11.5"}
[2025-11-07 12:26:09]
Berhasil merespon "dariMCU/2309MAS001" : {"respon":[{"id":"4115046","nodevice":"2309MAS001","message":"510","info":"Agus Setiawan--TERCATAT! 17 dtk lalu","nokartu":"13EB7505"}]}
Berhasil kirim balasan ke "responServer/2309MAS001"

[2025-11-07 12:26:43]
Menerima pesan dari: dariMCU/2309MAS001 - Pesan: {"nokartu":"636D7305","idchip":"4115046","nodevice":"2309MAS001","key":"1234567890987654321","ipa":"10.10.11.5"}
[2025-11-07 12:26:43]
Berhasil merespon "dariMCU/2309MAS001" : {"respon":[{"id":"4115046","nodevice":"2309MAS001","message":"BPSE","info":"Sasetyo--Berhasil Presensi -Selesai-","nokartu":"636D7305"}]}
Berhasil kirim balasan ke "responServer/2309MAS001"

[2025-11-07 12:26:47]
Menerima pesan dari: dariMCU/2309MAS001 - Pesan: {"nokartu":"636D7305","idchip":"4115046","nodevice":"2309MAS001","key":"1234567890987654321","ipa":"10.10.11.5"}
[2025-11-07 12:26:47]
Berhasil merespon "dariMCU/2309MAS001" : {"respon":[{"id":"4115046","nodevice":"2309MAS001","message":"510","info":"Sasetyo--TERCATAT! 4 dtk lalu","nokartu":"636D7305"}]}
Berhasil kirim balasan ke "responServer/2309MAS001"

[2025-11-07 12:26:48]
Menerima pesan dari: dariMCU/2309MAS001 - Pesan: {"nokartu":"636D7305","idchip":"4115046","nodevice":"2309MAS001","key":"1234567890987654321","ipa":"10.10.11.5"}
[2025-11-07 12:26:48]
Berhasil merespon "dariMCU/2309MAS001" : {"respon":[{"id":"4115046","nodevice":"2309MAS001","message":"510","info":"Sasetyo--TERCATAT! 5 dtk lalu","nokartu":"636D7305"}]}
Berhasil kirim balasan ke "responServer/2309MAS001"

[2025-11-07 12:26:50]
Menerima pesan dari: dariMCU/2309MAS001 - Pesan: {"nokartu":"13EB7505","idchip":"4115046","nodevice":"2309MAS001","key":"1234567890987654321","ipa":"10.10.11.5"}
[2025-11-07 12:26:50]
Berhasil merespon "dariMCU/2309MAS001" : {"respon":[{"id":"4115046","nodevice":"2309MAS001","message":"510","info":"Agus Setiawan--TERCATAT! 58 dtk lalu","nokartu":"13EB7505"}]}
Berhasil kirim balasan ke "responServer/2309MAS001"

[2025-11-07 12:26:50]
Menerima pesan dari: dariMCU/2309MAS003 - Pesan: {"nokartu":"636D7305","idchip":"16581755","nodevice":"2309MAS003","key":"1234567890987654321","ipa":"10.10.1.23"}
[2025-11-07 12:26:50]
Berhasil merespon "dariMCU/2309MAS003" : {"respon":[{"id":"16581755","nodevice":"2309MAS003","message":"510","info":"Sasetyo--TERCATAT! 7 dtk lalu","nokartu":"636D7305"}]}
Berhasil kirim balasan ke "responServer/2309MAS003"

[2025-11-07 12:26:53]
Menerima pesan dari: dariMCU/2309MAS003 - Pesan: {"nokartu":"13EB7505","idchip":"16581755","nodevice":"2309MAS003","key":"1234567890987654321","ipa":"10.10.1.23"}
[2025-11-07 12:26:53]
Berhasil merespon "dariMCU/2309MAS003" : {"respon":[{"id":"16581755","nodevice":"2309MAS003","message":"510","info":"Agus Setiawan--TERCATAT! 61 dtk lalu","nokartu":"13EB7505"}]}
Berhasil kirim balasan ke "responServer/2309MAS003"

[2025-11-07 12:26:55]
Menerima pesan dari: dariMCU/2309MAS002 - Pesan: {"nokartu":"13EB7505","idchip":"1165251","nodevice":"2309MAS002","key":"1234567890987654321","ipa":"10.10.10.238"}
[2025-11-07 12:26:55]
Berhasil merespon "dariMCU/2309MAS002" : {"respon":[{"id":"1165251","nodevice":"2309MAS002","message":"510","info":"Agus Setiawan--TERCATAT! 63 dtk lalu","nokartu":"13EB7505"}]}
Berhasil kirim balasan ke "responServer/2309MAS002"

[2025-11-07 12:34:24]
Menerima pesan dari: dariMCU/2309MAS003 - Pesan: {"nokartu":"C38C0BFE","idchip":"16581755","nodevice":"2309MAS003","key":"1234567890987654321","ipa":"10.10.1.23"}
[2025-11-07 12:34:24]
Berhasil merespon "dariMCU/2309MAS003" : {"respon":[{"id":"16581755","nodevice":"2309MAS003","message":"BMPE","info":"Viana Zahra--Berhasil Presensi -Mulai-","nokartu":"C38C0BFE"}]}
Berhasil kirim balasan ke "responServer/2309MAS003"

[2025-11-07 12:34:26]
Menerima pesan dari: dariMCU/2309MAS001 - Pesan: {"nokartu":"C3A01AFE","idchip":"4115046","nodevice":"2309MAS001","key":"1234567890987654321","ipa":"10.10.11.5"}
[2025-11-07 12:34:26]
Berhasil merespon "dariMCU/2309MAS001" : {"respon":[{"id":"4115046","nodevice":"2309MAS001","message":"BMPE","info":"Dini Dwi Ariyanti--Berhasil Presensi -Mulai-","nokartu":"C3A01AFE"}]}
Berhasil kirim balasan ke "responServer/2309MAS001"

[2025-11-07 12:34:27]
Menerima pesan dari: dariMCU/2309MAS003 - Pesan: {"nokartu":"C38C0BFE","idchip":"16581755","nodevice":"2309MAS003","key":"1234567890987654321","ipa":"10.10.1.23"}
[2025-11-07 12:34:27]
Berhasil merespon "dariMCU/2309MAS003" : {"respon":[{"id":"16581755","nodevice":"2309MAS003","message":"510","info":"Viana Zahra--TERCATAT! 3 dtk lalu","nokartu":"C38C0BFE"}]}
Berhasil kirim balasan ke "responServer/2309MAS003"

[2025-11-07 12:34:27]
Menerima pesan dari: dariMCU/2309MAS001 - Pesan: {"nokartu":"C3A01AFE","idchip":"4115046","nodevice":"2309MAS001","key":"1234567890987654321","ipa":"10.10.11.5"}
[2025-11-07 12:34:27]
Berhasil merespon "dariMCU/2309MAS001" : {"respon":[{"id":"4115046","nodevice":"2309MAS001","message":"510","info":"Dini Dwi Ariyanti--TERCATAT! 1 dtk lalu","nokartu":"C3A01AFE"}]}
Berhasil kirim balasan ke "responServer/2309MAS001"

[2025-11-07 12:34:28]
Menerima pesan dari: dariMCU/2309MAS001 - Pesan: {"nokartu":"C3A01AFE","idchip":"4115046","nodevice":"2309MAS001","key":"1234567890987654321","ipa":"10.10.11.5"}
[2025-11-07 12:34:28]
Berhasil merespon "dariMCU/2309MAS001" : {"respon":[{"id":"4115046","nodevice":"2309MAS001","message":"510","info":"Dini Dwi Ariyanti--TERCATAT! 2 dtk lalu","nokartu":"C3A01AFE"}]}
Berhasil kirim balasan ke "responServer/2309MAS001"

[2025-11-07 12:34:30]
Menerima pesan dari: dariMCU/2309MAS001 - Pesan: {"nokartu":"C3A01AFE","idchip":"4115046","nodevice":"2309MAS001","key":"1234567890987654321","ipa":"10.10.11.5"}
[2025-11-07 12:34:30]
Berhasil merespon "dariMCU/2309MAS001" : {"respon":[{"id":"4115046","nodevice":"2309MAS001","message":"510","info":"Dini Dwi Ariyanti--TERCATAT! 4 dtk lalu","nokartu":"C3A01AFE"}]}
Berhasil kirim balasan ke "responServer/2309MAS001"

[2025-11-07 12:34:31]
Menerima pesan dari: dariMCU/2309MAS003 - Pesan: {"nokartu":"C38C0BFE","idchip":"16581755","nodevice":"2309MAS003","key":"1234567890987654321","ipa":"10.10.1.23"}
[2025-11-07 12:34:31]
Berhasil merespon "dariMCU/2309MAS003" : {"respon":[{"id":"16581755","nodevice":"2309MAS003","message":"510","info":"Viana Zahra--TERCATAT! 7 dtk lalu","nokartu":"C38C0BFE"}]}
Berhasil kirim balasan ke "responServer/2309MAS003"

[2025-11-07 12:34:32]
Menerima pesan dari: dariMCU/2309MAS001 - Pesan: {"nokartu":"C3A01AFE","idchip":"4115046","nodevice":"2309MAS001","key":"1234567890987654321","ipa":"10.10.11.5"}
[2025-11-07 12:34:32]
Berhasil merespon "dariMCU/2309MAS001" : {"respon":[{"id":"4115046","nodevice":"2309MAS001","message":"510","info":"Dini Dwi Ariyanti--TERCATAT! 6 dtk lalu","nokartu":"C3A01AFE"}]}
Berhasil kirim balasan ke "responServer/2309MAS001"

[2025-11-07 12:34:33]
Menerima pesan dari: dariMCU/2309MAS003 - Pesan: {"nokartu":"C38C0BFE","idchip":"16581755","nodevice":"2309MAS003","key":"1234567890987654321","ipa":"10.10.1.23"}
[2025-11-07 12:34:33]
Berhasil merespon "dariMCU/2309MAS003" : {"respon":[{"id":"16581755","nodevice":"2309MAS003","message":"510","info":"Viana Zahra--TERCATAT! 9 dtk lalu","nokartu":"C38C0BFE"}]}
Berhasil kirim balasan ke "responServer/2309MAS003"

[2025-11-07 12:34:35]
Menerima pesan dari: dariMCU/2309MAS002 - Pesan: {"nokartu":"C3A01AFE","idchip":"1165251","nodevice":"2309MAS002","key":"1234567890987654321","ipa":"10.10.10.238"}
[2025-11-07 12:34:35]
Berhasil merespon "dariMCU/2309MAS002" : {"respon":[{"id":"1165251","nodevice":"2309MAS002","message":"510","info":"Dini Dwi Ariyanti--TERCATAT! 9 dtk lalu","nokartu":"C3A01AFE"}]}
Berhasil kirim balasan ke "responServer/2309MAS002"

[2025-11-07 12:34:36]
Menerima pesan dari: dariMCU/2309MAS003 - Pesan: {"nokartu":"C38C0BFE","idchip":"16581755","nodevice":"2309MAS003","key":"1234567890987654321","ipa":"10.10.1.23"}
[2025-11-07 12:34:36]
Berhasil merespon "dariMCU/2309MAS003" : {"respon":[{"id":"16581755","nodevice":"2309MAS003","message":"510","info":"Viana Zahra--TERCATAT! 12 dtk lalu","nokartu":"C38C0BFE"}]}
Berhasil kirim balasan ke "responServer/2309MAS003"

[2025-11-07 12:34:37]
Menerima pesan dari: dariMCU/2309MAS001 - Pesan: {"nokartu":"C38C0BFE","idchip":"4115046","nodevice":"2309MAS001","key":"1234567890987654321","ipa":"10.10.11.5"}
[2025-11-07 12:34:37]
Berhasil merespon "dariMCU/2309MAS001" : {"respon":[{"id":"4115046","nodevice":"2309MAS001","message":"510","info":"Viana Zahra--TERCATAT! 13 dtk lalu","nokartu":"C38C0BFE"}]}
Berhasil kirim balasan ke "responServer/2309MAS001"

[2025-11-07 12:34:38]
Menerima pesan dari: dariMCU/2309MAS001 - Pesan: {"nokartu":"C38C0BFE","idchip":"4115046","nodevice":"2309MAS001","key":"1234567890987654321","ipa":"10.10.11.5"}
[2025-11-07 12:34:38]
Berhasil merespon "dariMCU/2309MAS001" : {"respon":[{"id":"4115046","nodevice":"2309MAS001","message":"510","info":"Viana Zahra--TERCATAT! 14 dtk lalu","nokartu":"C38C0BFE"}]}
Berhasil kirim balasan ke "responServer/2309MAS001"

[2025-11-07 12:34:39]
Menerima pesan dari: dariMCU/2309MAS002 - Pesan: {"nokartu":"C38C0BFE","idchip":"1165251","nodevice":"2309MAS002","key":"1234567890987654321","ipa":"10.10.10.238"}
[2025-11-07 12:34:39]
Berhasil merespon "dariMCU/2309MAS002" : {"respon":[{"id":"1165251","nodevice":"2309MAS002","message":"510","info":"Viana Zahra--TERCATAT! 15 dtk lalu","nokartu":"C38C0BFE"}]}
Berhasil kirim balasan ke "responServer/2309MAS002"

[2025-11-07 12:52:51]
Menerima pesan dari: dariMCU/2309MAS003 - Pesan: {"nokartu":"93DD12FE","idchip":"16581755","nodevice":"2309MAS003","key":"1234567890987654321","ipa":"10.10.1.23"}
[2025-11-07 12:52:51]
Berhasil merespon "dariMCU/2309MAS003" : {"respon":[{"id":"16581755","nodevice":"2309MAS003","message":"BMPE","info":"Wahidatul Hasanah--Berhasil Presensi -Mulai-","nokartu":"93DD12FE"}]}
Berhasil kirim balasan ke "responServer/2309MAS003"

[2025-11-07 12:52:53]
Menerima pesan dari: dariMCU/2309MAS001 - Pesan: {"nokartu":"23542FFF","idchip":"4115046","nodevice":"2309MAS001","key":"1234567890987654321","ipa":"10.10.11.5"}
[2025-11-07 12:52:53]
Berhasil merespon "dariMCU/2309MAS001" : {"respon":[{"id":"4115046","nodevice":"2309MAS001","message":"BMPE","info":"Devia Lovita Artika--Berhasil Presensi -Mulai-","nokartu":"23542FFF"}]}
Berhasil kirim balasan ke "responServer/2309MAS001"

[2025-11-07 12:52:54]
Menerima pesan dari: dariMCU/2309MAS001 - Pesan: {"nokartu":"23542FFF","idchip":"4115046","nodevice":"2309MAS001","key":"1234567890987654321","ipa":"10.10.11.5"}
[2025-11-07 12:52:54]
Berhasil merespon "dariMCU/2309MAS001" : {"respon":[{"id":"4115046","nodevice":"2309MAS001","message":"510","info":"Devia Lovita Artika--TERCATAT! 1 dtk lalu","nokartu":"23542FFF"}]}
Berhasil kirim balasan ke "responServer/2309MAS001"

[2025-11-07 12:52:55]
Menerima pesan dari: dariMCU/2309MAS001 - Pesan: {"nokartu":"23542FFF","idchip":"4115046","nodevice":"2309MAS001","key":"1234567890987654321","ipa":"10.10.11.5"}
[2025-11-07 12:52:55]
Berhasil merespon "dariMCU/2309MAS001" : {"respon":[{"id":"4115046","nodevice":"2309MAS001","message":"510","info":"Devia Lovita Artika--TERCATAT! 2 dtk lalu","nokartu":"23542FFF"}]}
Berhasil kirim balasan ke "responServer/2309MAS001"

[2025-11-07 12:52:56]
Menerima pesan dari: dariMCU/2309MAS003 - Pesan: {"nokartu":"23542FFF","idchip":"16581755","nodevice":"2309MAS003","key":"1234567890987654321","ipa":"10.10.1.23"}
[2025-11-07 12:52:56]
Berhasil merespon "dariMCU/2309MAS003" : {"respon":[{"id":"16581755","nodevice":"2309MAS003","message":"510","info":"Devia Lovita Artika--TERCATAT! 3 dtk lalu","nokartu":"23542FFF"}]}
Berhasil kirim balasan ke "responServer/2309MAS003"

[2025-11-07 12:52:59]
Menerima pesan dari: dariMCU/2309MAS002 - Pesan: {"nokartu":"23542FFF","idchip":"1165251","nodevice":"2309MAS002","key":"1234567890987654321","ipa":"10.10.10.238"}
[2025-11-07 12:52:59]
Berhasil merespon "dariMCU/2309MAS002" : {"respon":[{"id":"1165251","nodevice":"2309MAS002","message":"510","info":"Devia Lovita Artika--TERCATAT! 6 dtk lalu","nokartu":"23542FFF"}]}
Berhasil kirim balasan ke "responServer/2309MAS002"

[2025-11-07 12:58:36]
Menerima pesan dari: dariMCU/2309MAS003 - Pesan: {"nokartu":"93284105","idchip":"16581755","nodevice":"2309MAS003","key":"1234567890987654321","ipa":"10.10.1.23"}
[2025-11-07 12:58:36]
Berhasil merespon "dariMCU/2309MAS003" : {"respon":[{"id":"16581755","nodevice":"2309MAS003","message":"BMPE","info":"Dika Setiyani--Berhasil Presensi -Mulai-","nokartu":"93284105"}]}
Berhasil kirim balasan ke "responServer/2309MAS003"

[2025-11-07 12:58:40]
Menerima pesan dari: dariMCU/2309MAS002 - Pesan: {"nokartu":"C31F05FE","idchip":"1165251","nodevice":"2309MAS002","key":"1234567890987654321","ipa":"10.10.10.238"}
[2025-11-07 12:58:40]
Berhasil merespon "dariMCU/2309MAS002" : {"respon":[{"id":"1165251","nodevice":"2309MAS002","message":"BMPE","info":"Sofa Nur Hasanah--Berhasil Presensi -Mulai-","nokartu":"C31F05FE"}]}
Berhasil kirim balasan ke "responServer/2309MAS002"

[2025-11-07 13:05:38]
Menerima pesan dari: dariMCU/2309MAS003 - Pesan: {"nokartu":"034C09FE","idchip":"16581755","nodevice":"2309MAS003","key":"1234567890987654321","ipa":"10.10.1.23"}
[2025-11-07 13:05:38]
Berhasil merespon "dariMCU/2309MAS003" : {"respon":[{"id":"16581755","nodevice":"2309MAS003","message":"BMPE","info":"Rifqi Umayah--Berhasil Presensi -Mulai-","nokartu":"034C09FE"}]}
Berhasil kirim balasan ke "responServer/2309MAS003"

[2025-11-07 13:05:41]
Menerima pesan dari: dariMCU/2309MAS001 - Pesan: {"nokartu":"034C09FE","idchip":"4115046","nodevice":"2309MAS001","key":"1234567890987654321","ipa":"10.10.11.5"}
[2025-11-07 13:05:41]
Berhasil merespon "dariMCU/2309MAS001" : {"respon":[{"id":"4115046","nodevice":"2309MAS001","message":"510","info":"Rifqi Umayah--TERCATAT! 3 dtk lalu","nokartu":"034C09FE"}]}
Berhasil kirim balasan ke "responServer/2309MAS001"

[2025-11-07 13:05:43]
Menerima pesan dari: dariMCU/2309MAS002 - Pesan: {"nokartu":"034C09FE","idchip":"1165251","nodevice":"2309MAS002","key":"1234567890987654321","ipa":"10.10.10.238"}
[2025-11-07 13:05:43]
Berhasil merespon "dariMCU/2309MAS002" : {"respon":[{"id":"1165251","nodevice":"2309MAS002","message":"510","info":"Rifqi Umayah--TERCATAT! 5 dtk lalu","nokartu":"034C09FE"}]}
Berhasil kirim balasan ke "responServer/2309MAS002"

[2025-11-07 13:06:34]
Menerima pesan dari: dariMCU/2309MAS003 - Pesan: {"nokartu":"53802FFF","idchip":"16581755","nodevice":"2309MAS003","key":"1234567890987654321","ipa":"10.10.1.23"}
[2025-11-07 13:06:34]
Berhasil merespon "dariMCU/2309MAS003" : {"respon":[{"id":"16581755","nodevice":"2309MAS003","message":"BMPE","info":"Fatimatuzzahro--Berhasil Presensi -Mulai-","nokartu":"53802FFF"}]}
Berhasil kirim balasan ke "responServer/2309MAS003"

[2025-11-07 13:06:37]
Menerima pesan dari: dariMCU/2309MAS001 - Pesan: {"nokartu":"53802FFF","idchip":"4115046","nodevice":"2309MAS001","key":"1234567890987654321","ipa":"10.10.11.5"}
[2025-11-07 13:06:37]
Berhasil merespon "dariMCU/2309MAS001" : {"respon":[{"id":"4115046","nodevice":"2309MAS001","message":"510","info":"Fatimatuzzahro--TERCATAT! 3 dtk lalu","nokartu":"53802FFF"}]}
Berhasil kirim balasan ke "responServer/2309MAS001"

[2025-11-07 13:06:39]
Menerima pesan dari: dariMCU/2309MAS002 - Pesan: {"nokartu":"53802FFF","idchip":"1165251","nodevice":"2309MAS002","key":"1234567890987654321","ipa":"10.10.10.238"}
[2025-11-07 13:06:39]
Berhasil merespon "dariMCU/2309MAS002" : {"respon":[{"id":"1165251","nodevice":"2309MAS002","message":"510","info":"Fatimatuzzahro--TERCATAT! 5 dtk lalu","nokartu":"53802FFF"}]}
Berhasil kirim balasan ke "responServer/2309MAS002"

[2025-11-07 13:06:40]
Menerima pesan dari: dariMCU/2309MAS003 - Pesan: {"nokartu":"43D72AFF","idchip":"16581755","nodevice":"2309MAS003","key":"1234567890987654321","ipa":"10.10.1.23"}
[2025-11-07 13:06:40]
Berhasil merespon "dariMCU/2309MAS003" : {"respon":[{"id":"16581755","nodevice":"2309MAS003","message":"BMPE","info":"Resa Dwi Cahyani--Berhasil Presensi -Mulai-","nokartu":"43D72AFF"}]}
Berhasil kirim balasan ke "responServer/2309MAS003"

[2025-11-07 13:06:42]
Menerima pesan dari: dariMCU/2309MAS001 - Pesan: {"nokartu":"43D72AFF","idchip":"4115046","nodevice":"2309MAS001","key":"1234567890987654321","ipa":"10.10.11.5"}
[2025-11-07 13:06:42]
Berhasil merespon "dariMCU/2309MAS001" : {"respon":[{"id":"4115046","nodevice":"2309MAS001","message":"510","info":"Resa Dwi Cahyani--TERCATAT! 2 dtk lalu","nokartu":"43D72AFF"}]}
Berhasil kirim balasan ke "responServer/2309MAS001"

[2025-11-07 13:06:43]
Menerima pesan dari: dariMCU/2309MAS003 - Pesan: {"nokartu":"E3F232FF","idchip":"16581755","nodevice":"2309MAS003","key":"1234567890987654321","ipa":"10.10.1.23"}
[2025-11-07 13:06:43]
Berhasil merespon "dariMCU/2309MAS003" : {"respon":[{"id":"16581755","nodevice":"2309MAS003","message":"BMPE","info":"Fita Ayu Ananta--Berhasil Presensi -Mulai-","nokartu":"E3F232FF"}]}
Berhasil kirim balasan ke "responServer/2309MAS003"

[2025-11-07 13:06:44]
Menerima pesan dari: dariMCU/2309MAS002 - Pesan: {"nokartu":"43D72AFF","idchip":"1165251","nodevice":"2309MAS002","key":"1234567890987654321","ipa":"10.10.10.238"}
[2025-11-07 13:06:44]
Berhasil merespon "dariMCU/2309MAS002" : {"respon":[{"id":"1165251","nodevice":"2309MAS002","message":"510","info":"Resa Dwi Cahyani--TERCATAT! 4 dtk lalu","nokartu":"43D72AFF"}]}
Berhasil kirim balasan ke "responServer/2309MAS002"

[2025-11-07 13:06:45]
Menerima pesan dari: dariMCU/2309MAS001 - Pesan: {"nokartu":"E3F232FF","idchip":"4115046","nodevice":"2309MAS001","key":"1234567890987654321","ipa":"10.10.11.5"}
[2025-11-07 13:06:45]
Berhasil merespon "dariMCU/2309MAS001" : {"respon":[{"id":"4115046","nodevice":"2309MAS001","message":"510","info":"Fita Ayu Ananta--TERCATAT! 2 dtk lalu","nokartu":"E3F232FF"}]}
Berhasil kirim balasan ke "responServer/2309MAS001"

[2025-11-07 13:06:47]
Menerima pesan dari: dariMCU/2309MAS002 - Pesan: {"nokartu":"E3F232FF","idchip":"1165251","nodevice":"2309MAS002","key":"1234567890987654321","ipa":"10.10.10.238"}
[2025-11-07 13:06:47]
Berhasil merespon "dariMCU/2309MAS002" : {"respon":[{"id":"1165251","nodevice":"2309MAS002","message":"510","info":"Fita Ayu Ananta--TERCATAT! 4 dtk lalu","nokartu":"E3F232FF"}]}
Berhasil kirim balasan ke "responServer/2309MAS002"

[2025-11-07 13:13:56]
Menerima pesan dari: dariMCU/2309MAS002 - Pesan: {"nokartu":"735522FF","idchip":"1165251","nodevice":"2309MAS002","key":"1234567890987654321","ipa":"10.10.10.238"}
[2025-11-07 13:13:56]
Berhasil merespon "dariMCU/2309MAS002" : {"respon":[{"id":"1165251","nodevice":"2309MAS002","message":"BMPE","info":"Nashanda Sabrina Shasa--Berhasil Presensi -Mulai-","nokartu":"735522FF"}]}
Berhasil kirim balasan ke "responServer/2309MAS002"

[2025-11-07 13:46:31]
Menerima pesan dari: dariMCU/2309MAS003 - Pesan: {"nokartu":"F04BC05C","idchip":"16581755","nodevice":"2309MAS003","key":"1234567890987654321","ipa":"10.10.1.23"}
[2025-11-07 13:46:31]
Berhasil merespon "dariMCU/2309MAS003" : {"respon":[{"id":"16581755","nodevice":"2309MAS003","message":"BMPE","info":"Afrizal Eka Prasetya--Berhasil Presensi -Mulai-","nokartu":"F04BC05C"}]}
Berhasil kirim balasan ke "responServer/2309MAS003"

[2025-11-07 13:46:34]
Menerima pesan dari: dariMCU/2309MAS001 - Pesan: {"nokartu":"F04BC05C","idchip":"4115046","nodevice":"2309MAS001","key":"1234567890987654321","ipa":"10.10.11.5"}
[2025-11-07 13:46:34]
Berhasil merespon "dariMCU/2309MAS001" : {"respon":[{"id":"4115046","nodevice":"2309MAS001","message":"510","info":"Afrizal Eka Prasetya--TERCATAT! 3 dtk lalu","nokartu":"F04BC05C"}]}
Berhasil kirim balasan ke "responServer/2309MAS001"

[2025-11-07 13:46:36]
Menerima pesan dari: dariMCU/2309MAS002 - Pesan: {"nokartu":"F04BC05C","idchip":"1165251","nodevice":"2309MAS002","key":"1234567890987654321","ipa":"10.10.10.238"}
[2025-11-07 13:46:36]
Berhasil merespon "dariMCU/2309MAS002" : {"respon":[{"id":"1165251","nodevice":"2309MAS002","message":"510","info":"Afrizal Eka Prasetya--TERCATAT! 5 dtk lalu","nokartu":"F04BC05C"}]}
Berhasil kirim balasan ke "responServer/2309MAS002"

[2025-11-07 13:46:39]
Menerima pesan dari: dariMCU/2309MAS003 - Pesan: {"nokartu":"F04BC05C","idchip":"16581755","nodevice":"2309MAS003","key":"1234567890987654321","ipa":"10.10.1.23"}
[2025-11-07 13:46:39]
Berhasil merespon "dariMCU/2309MAS003" : {"respon":[{"id":"16581755","nodevice":"2309MAS003","message":"510","info":"Afrizal Eka Prasetya--TERCATAT! 8 dtk lalu","nokartu":"F04BC05C"}]}
Berhasil kirim balasan ke "responServer/2309MAS003"

