[2025-08-06 08:41:00]
Menerima pesan dari: dariMCU_2309MAS001 - Pesan: {"nokartu":"74EDC6B9","idchip":"4115046","nodevice":"2309MAS001","key":"1234567890987654321","ipa":"10.10.24.133"}
[2025-08-06 08:41:00]
Berhasil merespon "dariMCU_2309MAS001" : {"respon":[{"id":"4115046","nodevice":"2309MAS001","message":"TBPS","info":"Benny Surahman, S.Pd--Tidak bisa melakukan presensi sekarang.","nokartu":"74EDC6B9"}]}
Berhasil kirim balasan ke "responServer_2309MAS001"

[2025-08-06 08:42:07]
Menerima pesan dari: dariMCU_2309MAS001 - Pesan: {"nokartu":"74EDC6B9","idchip":"4115046","nodevice":"2309MAS001","key":"1234567890987654321","ipa":"10.10.24.133"}
[2025-08-06 08:42:07]
Berhasil merespon "dariMCU_2309MAS001" : {"respon":[{"id":"4115046","nodevice":"2309MAS001","message":"TBPS","info":"Benny Surahman, S.Pd--Tidak bisa melakukan presensi sekarang.","nokartu":"74EDC6B9"}]}
Berhasil kirim balasan ke "responServer_2309MAS001"

[2025-08-06 08:49:07]
Menerima pesan dari: dariMCU_2309MAS003 - Pesan: {"nokartu":"74EDC6B9","idchip":"16581755","nodevice":"2309MAS003","key":"1234567890987654321","ipa":"10.10.24.127"}
[2025-08-06 08:49:07]
Berhasil merespon "dariMCU_2309MAS003" : {"respon":[{"id":"16581755","nodevice":"2309MAS003","message":"TBPS","info":"Benny Surahman, S.Pd--Tidak bisa melakukan presensi sekarang.","nokartu":"74EDC6B9"}]}
Berhasil kirim balasan ke "responServer_2309MAS003"

[2025-08-06 08:49:24]
Menerima pesan dari: dariMCU_2309MAS003 - Pesan: {"nokartu":"74EDC6B9","idchip":"16581755","nodevice":"2309MAS003","key":"1234567890987654321","ipa":"10.10.24.127"}
[2025-08-06 08:49:24]
Berhasil merespon "dariMCU_2309MAS003" : {"respon":[{"id":"16581755","nodevice":"2309MAS003","message":"TBPS","info":"Benny Surahman, S.Pd--Tidak bisa melakukan presensi sekarang.","nokartu":"74EDC6B9"}]}
Berhasil kirim balasan ke "responServer_2309MAS003"

[2025-08-06 08:53:11]
Menerima pesan dari: dariMCU_2309MAS003 - Pesan: {"nokartu":"74EDC6B9","idchip":"16581755","nodevice":"2309MAS003","key":"1234567890987654321","ipa":"10.10.24.127"}
[2025-08-06 08:53:11]
Berhasil merespon "dariMCU_2309MAS003" : {"respon":[{"id":"16581755","nodevice":"2309MAS003","message":"TBPS","info":"Benny Surahman, S.Pd--Tidak bisa melakukan presensi sekarang.","nokartu":"74EDC6B9"}]}
Berhasil kirim balasan ke "responServer_2309MAS003"

[2025-08-06 08:55:22]
Menerima pesan dari: dariMCU_2309MAS001 - Pesan: {"nokartu":"74EDC6B9","idchip":"4115046","nodevice":"2309MAS001","key":"1234567890987654321","ipa":"10.10.24.133"}
[2025-08-06 08:55:22]
Berhasil merespon "dariMCU_2309MAS001" : {"respon":[{"id":"4115046","nodevice":"2309MAS001","message":"TBPS","info":"Benny Surahman, S.Pd--Tidak bisa melakukan presensi sekarang.","nokartu":"74EDC6B9"}]}
Berhasil kirim balasan ke "responServer_2309MAS001"

[2025-08-06 08:57:34]
Menerima pesan dari: dariMCU_2309MAS001 - Pesan: {"nokartu":"74EDC6B9","idchip":"4115046","nodevice":"2309MAS001","key":"1234567890987654321","ipa":"10.10.24.133"}
[2025-08-06 08:57:34]
Berhasil merespon "dariMCU_2309MAS001" : {"respon":[{"id":"4115046","nodevice":"2309MAS001","message":"TBPS","info":"Benny Surahman, S.Pd--Tidak bisa melakukan presensi sekarang.","nokartu":"74EDC6B9"}]}
Berhasil kirim balasan ke "responServer_2309MAS001"

[2025-08-06 08:58:13]
Menerima pesan dari: dariMCU_2309MAS001 - Pesan: {"nokartu":"74EDC6B9","idchip":"4115046","nodevice":"2309MAS001","key":"1234567890987654321","ipa":"10.10.24.133"}
[2025-08-06 08:58:13]
Berhasil merespon "dariMCU_2309MAS001" : {"respon":[{"id":"4115046","nodevice":"2309MAS001","message":"TBPS","info":"Benny Surahman, S.Pd--Tidak bisa melakukan presensi sekarang.","nokartu":"74EDC6B9"}]}
Berhasil kirim balasan ke "responServer_2309MAS001"

[2025-08-06 08:58:44]
Menerima pesan dari: dariMCU_2309MAS003 - Pesan: {"nokartu":"74EDC6B9","idchip":"16581755","nodevice":"2309MAS003","key":"1234567890987654321","ipa":"10.10.24.127"}
[2025-08-06 08:58:44]
Berhasil merespon "dariMCU_2309MAS003" : {"respon":[{"id":"16581755","nodevice":"2309MAS003","message":"TBPS","info":"Benny Surahman, S.Pd--Tidak bisa melakukan presensi sekarang.","nokartu":"74EDC6B9"}]}
Berhasil kirim balasan ke "responServer_2309MAS003"

[2025-08-06 09:03:15]
Menerima pesan dari: dariMCU_2309IZ003 - Pesan: {"nokartu":"74EDC6B9","idchip":"7737844","nodevice":"2309IZ003","key":"1234567890987654321","ipa":"10.10.24.159"}
[2025-08-06 09:03:15]
Berhasil merespon "dariMCU_2309IZ003" : {"respon":[{"id":"7737844","nodevice":"2309IZ003","message":"BMIJ","info":"Benny Surahman, S.Pd--Ijin Berhasil","nokartu":"74EDC6B9"}]}
Berhasil kirim balasan ke "responServer_2309IZ003"

[2025-08-06 09:03:31]
Menerima pesan dari: dariMCU_2309IZ003 - Pesan: {"nokartu":"74EDC6B9","idchip":"7737844","nodevice":"2309IZ003","key":"1234567890987654321","ipa":"10.10.24.159"}
[2025-08-06 09:03:31]
Berhasil merespon "dariMCU_2309IZ003" : {"respon":[{"id":"7737844","nodevice":"2309IZ003","message":"510","info":"Benny Surahman, S.Pd--TERCATAT! 16 dtk lalu","nokartu":"74EDC6B9"}]}
Berhasil kirim balasan ke "responServer_2309IZ003"

[2025-08-06 11:57:35]
Menerima pesan dari: dariMCU_2309MAS003 - Pesan: {"nokartu":"C38C0BFE","idchip":"16581755","nodevice":"2309MAS003","key":"1234567890987654321","ipa":"10.10.24.127"}
[2025-08-06 11:57:35]
Berhasil merespon "dariMCU_2309MAS003" : {"respon":[{"id":"16581755","nodevice":"2309MAS003","message":"BMPE","info":"Viana Zahra--Berhasil Presensi -Mulai-","nokartu":"C38C0BFE"}]}
Berhasil kirim balasan ke "responServer_2309MAS003"

[2025-08-06 11:57:39]
Menerima pesan dari: dariMCU_2309MAS003 - Pesan: {"nokartu":"C38C0BFE","idchip":"16581755","nodevice":"2309MAS003","key":"1234567890987654321","ipa":"10.10.24.127"}
[2025-08-06 11:57:39]
Berhasil merespon "dariMCU_2309MAS003" : {"respon":[{"id":"16581755","nodevice":"2309MAS003","message":"510","info":"Viana Zahra--TERCATAT! 4 dtk lalu","nokartu":"C38C0BFE"}]}
Berhasil kirim balasan ke "responServer_2309MAS003"

[2025-08-06 11:59:07]
Menerima pesan dari: dariMCU_2309MAS003 - Pesan: {"nokartu":"53B98105","idchip":"16581755","nodevice":"2309MAS003","key":"1234567890987654321","ipa":"10.10.24.127"}
[2025-08-06 11:59:07]
Berhasil merespon "dariMCU_2309MAS003" : {"respon":[{"id":"16581755","nodevice":"2309MAS003","message":"BMPE","info":"Felicia Kumala Dewi--Berhasil Presensi -Mulai-","nokartu":"53B98105"}]}
Berhasil kirim balasan ke "responServer_2309MAS003"

[2025-08-06 11:59:11]
Menerima pesan dari: dariMCU_2309MAS003 - Pesan: {"nokartu":"53B98105","idchip":"16581755","nodevice":"2309MAS003","key":"1234567890987654321","ipa":"10.10.24.127"}
[2025-08-06 11:59:11]
Berhasil merespon "dariMCU_2309MAS003" : {"respon":[{"id":"16581755","nodevice":"2309MAS003","message":"510","info":"Felicia Kumala Dewi--TERCATAT! 4 dtk lalu","nokartu":"53B98105"}]}
Berhasil kirim balasan ke "responServer_2309MAS003"

[2025-08-06 11:59:14]
Menerima pesan dari: dariMCU_2309MAS003 - Pesan: {"nokartu":"23C704FE","idchip":"16581755","nodevice":"2309MAS003","key":"1234567890987654321","ipa":"10.10.24.127"}
[2025-08-06 11:59:14]
Berhasil merespon "dariMCU_2309MAS003" : {"respon":[{"id":"16581755","nodevice":"2309MAS003","message":"BMPE","info":"Novita Dina Aulia--Berhasil Presensi -Mulai-","nokartu":"23C704FE"}]}
Berhasil kirim balasan ke "responServer_2309MAS003"

[2025-08-06 11:59:18]
Menerima pesan dari: dariMCU_2309MAS003 - Pesan: {"nokartu":"23C704FE","idchip":"16581755","nodevice":"2309MAS003","key":"1234567890987654321","ipa":"10.10.24.127"}
[2025-08-06 11:59:18]
Berhasil merespon "dariMCU_2309MAS003" : {"respon":[{"id":"16581755","nodevice":"2309MAS003","message":"510","info":"Novita Dina Aulia--TERCATAT! 4 dtk lalu","nokartu":"23C704FE"}]}
Berhasil kirim balasan ke "responServer_2309MAS003"

[2025-08-06 11:59:19]
Menerima pesan dari: dariMCU_2309MAS003 - Pesan: {"nokartu":"23C704FE","idchip":"16581755","nodevice":"2309MAS003","key":"1234567890987654321","ipa":"10.10.24.127"}
[2025-08-06 11:59:19]
Berhasil merespon "dariMCU_2309MAS003" : {"respon":[{"id":"16581755","nodevice":"2309MAS003","message":"510","info":"Novita Dina Aulia--TERCATAT! 5 dtk lalu","nokartu":"23C704FE"}]}
Berhasil kirim balasan ke "responServer_2309MAS003"

[2025-08-06 11:59:32]
Menerima pesan dari: dariMCU_2309MAS001 - Pesan: {"nokartu":"D3D62DFF","idchip":"4115046","nodevice":"2309MAS001","key":"1234567890987654321","ipa":"10.10.24.133"}
[2025-08-06 11:59:32]
Berhasil merespon "dariMCU_2309MAS001" : {"respon":[{"id":"4115046","nodevice":"2309MAS001","message":"BMPE","info":"Alyka Nur Risya Ilfya--Berhasil Presensi -Mulai-","nokartu":"D3D62DFF"}]}
Berhasil kirim balasan ke "responServer_2309MAS001"

[2025-08-06 11:59:36]
Menerima pesan dari: dariMCU_2309MAS001 - Pesan: {"nokartu":"C31AADE2","idchip":"4115046","nodevice":"2309MAS001","key":"1234567890987654321","ipa":"10.10.24.133"}
[2025-08-06 11:59:36]
Berhasil merespon "dariMCU_2309MAS001" : {"respon":[{"id":"4115046","nodevice":"2309MAS001","message":"IDTT","info":"Kartu ID ini--belum terdaftar","nokartu":"C31AADE2"}]}
Berhasil kirim balasan ke "responServer_2309MAS001"

[2025-08-06 11:59:41]
Menerima pesan dari: dariMCU_2309MAS001 - Pesan: {"nokartu":"C31AADE2","idchip":"4115046","nodevice":"2309MAS001","key":"1234567890987654321","ipa":"10.10.24.133"}
[2025-08-06 11:59:41]
Berhasil merespon "dariMCU_2309MAS001" : {"respon":[{"id":"4115046","nodevice":"2309MAS001","message":"IDTT","info":"Kartu ID ini--belum terdaftar","nokartu":"C31AADE2"}]}
Berhasil kirim balasan ke "responServer_2309MAS001"

[2025-08-06 11:59:41]
Menerima pesan dari: dariMCU_2309MAS001 - Pesan: {"nokartu":"C31AADE2","idchip":"4115046","nodevice":"2309MAS001","key":"1234567890987654321","ipa":"10.10.24.133"}
[2025-08-06 11:59:41]
Berhasil merespon "dariMCU_2309MAS001" : {"respon":[{"id":"4115046","nodevice":"2309MAS001","message":"IDTT","info":"Kartu ID ini--belum terdaftar","nokartu":"C31AADE2"}]}
Berhasil kirim balasan ke "responServer_2309MAS001"

[2025-08-06 11:59:47]
Menerima pesan dari: dariMCU_2309MAS001 - Pesan: {"nokartu":"43836BE4","idchip":"4115046","nodevice":"2309MAS001","key":"1234567890987654321","ipa":"10.10.24.133"}
[2025-08-06 11:59:47]
Berhasil merespon "dariMCU_2309MAS001" : {"respon":[{"id":"4115046","nodevice":"2309MAS001","message":"IDTT","info":"Kartu ID ini--belum terdaftar","nokartu":"43836BE4"}]}
Berhasil kirim balasan ke "responServer_2309MAS001"

[2025-08-06 11:59:52]
Menerima pesan dari: dariMCU_2309MAS001 - Pesan: {"nokartu":"43836BE4","idchip":"4115046","nodevice":"2309MAS001","key":"1234567890987654321","ipa":"10.10.24.133"}
[2025-08-06 11:59:52]
Berhasil merespon "dariMCU_2309MAS001" : {"respon":[{"id":"4115046","nodevice":"2309MAS001","message":"IDTT","info":"Kartu ID ini--belum terdaftar","nokartu":"43836BE4"}]}
Berhasil kirim balasan ke "responServer_2309MAS001"

[2025-08-06 11:59:58]
Menerima pesan dari: dariMCU_2309MAS001 - Pesan: {"nokartu":"133422FF","idchip":"4115046","nodevice":"2309MAS001","key":"1234567890987654321","ipa":"10.10.24.133"}
[2025-08-06 11:59:58]
Berhasil merespon "dariMCU_2309MAS001" : {"respon":[{"id":"4115046","nodevice":"2309MAS001","message":"BMPE","info":"Qeyla Prasida Larasati--Berhasil Presensi -Mulai-","nokartu":"133422FF"}]}
Berhasil kirim balasan ke "responServer_2309MAS001"

[2025-08-06 12:00:28]
Menerima pesan dari: dariMCU_2309MAS001 - Pesan: {"nokartu":"93F124FF","idchip":"4115046","nodevice":"2309MAS001","key":"1234567890987654321","ipa":"10.10.24.133"}
[2025-08-06 12:00:28]
Berhasil merespon "dariMCU_2309MAS001" : {"respon":[{"id":"4115046","nodevice":"2309MAS001","message":"BMPE","info":"Reynata Rizki Kisdaningtyas--Berhasil Presensi -Mulai-","nokartu":"93F124FF"}]}
Berhasil kirim balasan ke "responServer_2309MAS001"

[2025-08-06 12:00:35]
Menerima pesan dari: dariMCU_2309MAS001 - Pesan: {"nokartu":"93F124FF","idchip":"4115046","nodevice":"2309MAS001","key":"1234567890987654321","ipa":"10.10.24.133"}
[2025-08-06 12:00:35]
Berhasil merespon "dariMCU_2309MAS001" : {"respon":[{"id":"4115046","nodevice":"2309MAS001","message":"510","info":"Reynata Rizki Kisdaningtyas--TERCATAT! 7 dtk lalu","nokartu":"93F124FF"}]}
Berhasil kirim balasan ke "responServer_2309MAS001"

[2025-08-06 12:00:35]
Menerima pesan dari: dariMCU_2309MAS001 - Pesan: {"nokartu":"D3D62DFF","idchip":"4115046","nodevice":"2309MAS001","key":"1234567890987654321","ipa":"10.10.24.133"}
[2025-08-06 12:00:35]
Berhasil merespon "dariMCU_2309MAS001" : {"respon":[{"id":"4115046","nodevice":"2309MAS001","message":"510","info":"Alyka Nur Risya Ilfya--TERCATAT! 63 dtk lalu","nokartu":"D3D62DFF"}]}
Berhasil kirim balasan ke "responServer_2309MAS001"

[2025-08-06 12:00:52]
Menerima pesan dari: dariMCU_2309MAS003 - Pesan: {"nokartu":"F3422DFF","idchip":"16581755","nodevice":"2309MAS003","key":"1234567890987654321","ipa":"10.10.24.127"}
[2025-08-06 12:00:52]
Berhasil merespon "dariMCU_2309MAS003" : {"respon":[{"id":"16581755","nodevice":"2309MAS003","message":"BMPE","info":"Verlita Risky--Berhasil Presensi -Mulai-","nokartu":"F3422DFF"}]}
Berhasil kirim balasan ke "responServer_2309MAS003"

[2025-08-06 12:00:53]
Menerima pesan dari: dariMCU_2309MAS003 - Pesan: {"nokartu":"F3422DFF","idchip":"16581755","nodevice":"2309MAS003","key":"1234567890987654321","ipa":"10.10.24.127"}
[2025-08-06 12:00:53]
Berhasil merespon "dariMCU_2309MAS003" : {"respon":[{"id":"16581755","nodevice":"2309MAS003","message":"510","info":"Verlita Risky--TERCATAT! 1 dtk lalu","nokartu":"F3422DFF"}]}
Berhasil kirim balasan ke "responServer_2309MAS003"

[2025-08-06 12:00:59]
Menerima pesan dari: dariMCU_2309MAS003 - Pesan: {"nokartu":"F3422DFF","idchip":"16581755","nodevice":"2309MAS003","key":"1234567890987654321","ipa":"10.10.24.127"}
[2025-08-06 12:00:59]
Berhasil merespon "dariMCU_2309MAS003" : {"respon":[{"id":"16581755","nodevice":"2309MAS003","message":"510","info":"Verlita Risky--TERCATAT! 7 dtk lalu","nokartu":"F3422DFF"}]}
Berhasil kirim balasan ke "responServer_2309MAS003"

[2025-08-06 12:01:03]
Menerima pesan dari: dariMCU_2309MAS003 - Pesan: {"nokartu":"83A132FF","idchip":"16581755","nodevice":"2309MAS003","key":"1234567890987654321","ipa":"10.10.24.127"}
[2025-08-06 12:01:03]
Berhasil merespon "dariMCU_2309MAS003" : {"respon":[{"id":"16581755","nodevice":"2309MAS003","message":"BMPE","info":"Desvita Aulia--Berhasil Presensi -Mulai-","nokartu":"83A132FF"}]}
Berhasil kirim balasan ke "responServer_2309MAS003"

[2025-08-06 12:01:07]
Menerima pesan dari: dariMCU_2309MAS003 - Pesan: {"nokartu":"83A132FF","idchip":"16581755","nodevice":"2309MAS003","key":"1234567890987654321","ipa":"10.10.24.127"}
[2025-08-06 12:01:07]
Berhasil merespon "dariMCU_2309MAS003" : {"respon":[{"id":"16581755","nodevice":"2309MAS003","message":"510","info":"Desvita Aulia--TERCATAT! 4 dtk lalu","nokartu":"83A132FF"}]}
Berhasil kirim balasan ke "responServer_2309MAS003"

[2025-08-06 12:01:08]
Menerima pesan dari: dariMCU_2309MAS003 - Pesan: {"nokartu":"C3BF32FF","idchip":"16581755","nodevice":"2309MAS003","key":"1234567890987654321","ipa":"10.10.24.127"}
[2025-08-06 12:01:08]
Berhasil merespon "dariMCU_2309MAS003" : {"respon":[{"id":"16581755","nodevice":"2309MAS003","message":"BMPE","info":"Leny Adilliani--Berhasil Presensi -Mulai-","nokartu":"C3BF32FF"}]}
Berhasil kirim balasan ke "responServer_2309MAS003"

[2025-08-06 12:01:13]
Menerima pesan dari: dariMCU_2309MAS003 - Pesan: {"nokartu":"A32C22FF","idchip":"16581755","nodevice":"2309MAS003","key":"1234567890987654321","ipa":"10.10.24.127"}
[2025-08-06 12:01:13]
Berhasil merespon "dariMCU_2309MAS003" : {"respon":[{"id":"16581755","nodevice":"2309MAS003","message":"BMPE","info":"Nisfa Leilia Rahma--Berhasil Presensi -Mulai-","nokartu":"A32C22FF"}]}
Berhasil kirim balasan ke "responServer_2309MAS003"

[2025-08-06 12:01:16]
Menerima pesan dari: dariMCU_2309MAS003 - Pesan: {"nokartu":"A32C22FF","idchip":"16581755","nodevice":"2309MAS003","key":"1234567890987654321","ipa":"10.10.24.127"}
[2025-08-06 12:01:16]
Berhasil merespon "dariMCU_2309MAS003" : {"respon":[{"id":"16581755","nodevice":"2309MAS003","message":"510","info":"Nisfa Leilia Rahma--TERCATAT! 3 dtk lalu","nokartu":"A32C22FF"}]}
Berhasil kirim balasan ke "responServer_2309MAS003"

[2025-08-06 12:01:50]
Menerima pesan dari: dariMCU_2309MAS003 - Pesan: {"nokartu":"735522FF","idchip":"16581755","nodevice":"2309MAS003","key":"1234567890987654321","ipa":"10.10.24.127"}
[2025-08-06 12:01:50]
Berhasil merespon "dariMCU_2309MAS003" : {"respon":[{"id":"16581755","nodevice":"2309MAS003","message":"BMPE","info":"Nashanda Sabrina Shasa--Berhasil Presensi -Mulai-","nokartu":"735522FF"}]}
Berhasil kirim balasan ke "responServer_2309MAS003"

[2025-08-06 12:01:53]
Menerima pesan dari: dariMCU_2309MAS003 - Pesan: {"nokartu":"735522FF","idchip":"16581755","nodevice":"2309MAS003","key":"1234567890987654321","ipa":"10.10.24.127"}
[2025-08-06 12:01:53]
Berhasil merespon "dariMCU_2309MAS003" : {"respon":[{"id":"16581755","nodevice":"2309MAS003","message":"510","info":"Nashanda Sabrina Shasa--TERCATAT! 3 dtk lalu","nokartu":"735522FF"}]}
Berhasil kirim balasan ke "responServer_2309MAS003"

[2025-08-06 12:01:57]
Menerima pesan dari: dariMCU_2309MAS003 - Pesan: {"nokartu":"735522FF","idchip":"16581755","nodevice":"2309MAS003","key":"1234567890987654321","ipa":"10.10.24.127"}
[2025-08-06 12:01:57]
Berhasil merespon "dariMCU_2309MAS003" : {"respon":[{"id":"16581755","nodevice":"2309MAS003","message":"510","info":"Nashanda Sabrina Shasa--TERCATAT! 7 dtk lalu","nokartu":"735522FF"}]}
Berhasil kirim balasan ke "responServer_2309MAS003"

[2025-08-06 12:02:00]
Menerima pesan dari: dariMCU_2309MAS003 - Pesan: {"nokartu":"735522FF","idchip":"16581755","nodevice":"2309MAS003","key":"1234567890987654321","ipa":"10.10.24.127"}
[2025-08-06 12:02:00]
Berhasil merespon "dariMCU_2309MAS003" : {"respon":[{"id":"16581755","nodevice":"2309MAS003","message":"510","info":"Nashanda Sabrina Shasa--TERCATAT! 10 dtk lalu","nokartu":"735522FF"}]}
Berhasil kirim balasan ke "responServer_2309MAS003"

[2025-08-06 12:03:21]
Menerima pesan dari: dariMCU_2309MAS003 - Pesan: {"nokartu":"23B006FE","idchip":"16581755","nodevice":"2309MAS003","key":"1234567890987654321","ipa":"10.10.24.127"}
[2025-08-06 12:03:21]
Berhasil merespon "dariMCU_2309MAS003" : {"respon":[{"id":"16581755","nodevice":"2309MAS003","message":"BMPE","info":"Eka Ananda Putri--Berhasil Presensi -Mulai-","nokartu":"23B006FE"}]}
Berhasil kirim balasan ke "responServer_2309MAS003"

[2025-08-06 12:03:24]
Menerima pesan dari: dariMCU_2309MAS003 - Pesan: {"nokartu":"23B006FE","idchip":"16581755","nodevice":"2309MAS003","key":"1234567890987654321","ipa":"10.10.24.127"}
[2025-08-06 12:03:24]
Berhasil merespon "dariMCU_2309MAS003" : {"respon":[{"id":"16581755","nodevice":"2309MAS003","message":"510","info":"Eka Ananda Putri--TERCATAT! 3 dtk lalu","nokartu":"23B006FE"}]}
Berhasil kirim balasan ke "responServer_2309MAS003"

[2025-08-06 12:03:25]
Menerima pesan dari: dariMCU_2309MAS003 - Pesan: {"nokartu":"23B006FE","idchip":"16581755","nodevice":"2309MAS003","key":"1234567890987654321","ipa":"10.10.24.127"}
[2025-08-06 12:03:25]
Berhasil merespon "dariMCU_2309MAS003" : {"respon":[{"id":"16581755","nodevice":"2309MAS003","message":"510","info":"Eka Ananda Putri--TERCATAT! 4 dtk lalu","nokartu":"23B006FE"}]}
Berhasil kirim balasan ke "responServer_2309MAS003"

[2025-08-06 12:03:30]
Menerima pesan dari: dariMCU_2309MAS003 - Pesan: {"nokartu":"134F0FFE","idchip":"16581755","nodevice":"2309MAS003","key":"1234567890987654321","ipa":"10.10.24.127"}
[2025-08-06 12:03:30]
Berhasil merespon "dariMCU_2309MAS003" : {"respon":[{"id":"16581755","nodevice":"2309MAS003","message":"BMPE","info":"Denis Shofia Dewanti--Berhasil Presensi -Mulai-","nokartu":"134F0FFE"}]}
Berhasil kirim balasan ke "responServer_2309MAS003"

[2025-08-06 12:03:33]
Menerima pesan dari: dariMCU_2309MAS003 - Pesan: {"nokartu":"134F0FFE","idchip":"16581755","nodevice":"2309MAS003","key":"1234567890987654321","ipa":"10.10.24.127"}
[2025-08-06 12:03:33]
Berhasil merespon "dariMCU_2309MAS003" : {"respon":[{"id":"16581755","nodevice":"2309MAS003","message":"510","info":"Denis Shofia Dewanti--TERCATAT! 3 dtk lalu","nokartu":"134F0FFE"}]}
Berhasil kirim balasan ke "responServer_2309MAS003"

[2025-08-06 12:03:34]
Menerima pesan dari: dariMCU_2309MAS003 - Pesan: {"nokartu":"134F0FFE","idchip":"16581755","nodevice":"2309MAS003","key":"1234567890987654321","ipa":"10.10.24.127"}
[2025-08-06 12:03:34]
Berhasil merespon "dariMCU_2309MAS003" : {"respon":[{"id":"16581755","nodevice":"2309MAS003","message":"510","info":"Denis Shofia Dewanti--TERCATAT! 4 dtk lalu","nokartu":"134F0FFE"}]}
Berhasil kirim balasan ke "responServer_2309MAS003"

[2025-08-06 12:03:51]
Menerima pesan dari: dariMCU_2309MAS003 - Pesan: {"nokartu":"C3E615FE","idchip":"16581755","nodevice":"2309MAS003","key":"1234567890987654321","ipa":"10.10.24.127"}
[2025-08-06 12:03:51]
Berhasil merespon "dariMCU_2309MAS003" : {"respon":[{"id":"16581755","nodevice":"2309MAS003","message":"BMPE","info":"Amelia Lasaufa Yardha--Berhasil Presensi -Mulai-","nokartu":"C3E615FE"}]}
Berhasil kirim balasan ke "responServer_2309MAS003"

[2025-08-06 12:03:54]
Menerima pesan dari: dariMCU_2309MAS003 - Pesan: {"nokartu":"C3E615FE","idchip":"16581755","nodevice":"2309MAS003","key":"1234567890987654321","ipa":"10.10.24.127"}
[2025-08-06 12:03:54]
Berhasil merespon "dariMCU_2309MAS003" : {"respon":[{"id":"16581755","nodevice":"2309MAS003","message":"510","info":"Amelia Lasaufa Yardha--TERCATAT! 3 dtk lalu","nokartu":"C3E615FE"}]}
Berhasil kirim balasan ke "responServer_2309MAS003"

[2025-08-06 12:03:58]
Menerima pesan dari: dariMCU_2309MAS003 - Pesan: {"nokartu":"C3E615FE","idchip":"16581755","nodevice":"2309MAS003","key":"1234567890987654321","ipa":"10.10.24.127"}
[2025-08-06 12:03:58]
Berhasil merespon "dariMCU_2309MAS003" : {"respon":[{"id":"16581755","nodevice":"2309MAS003","message":"510","info":"Amelia Lasaufa Yardha--TERCATAT! 7 dtk lalu","nokartu":"C3E615FE"}]}
Berhasil kirim balasan ke "responServer_2309MAS003"

[2025-08-06 12:04:27]
Menerima pesan dari: dariMCU_2309MAS003 - Pesan: {"nokartu":"D33F34FF","idchip":"16581755","nodevice":"2309MAS003","key":"1234567890987654321","ipa":"10.10.24.127"}
[2025-08-06 12:04:27]
Berhasil merespon "dariMCU_2309MAS003" : {"respon":[{"id":"16581755","nodevice":"2309MAS003","message":"BMPE","info":"Kuncoro Ferdiansyah--Berhasil Presensi -Mulai-","nokartu":"D33F34FF"}]}
Berhasil kirim balasan ke "responServer_2309MAS003"

[2025-08-06 12:04:30]
Menerima pesan dari: dariMCU_2309MAS003 - Pesan: {"nokartu":"D33F34FF","idchip":"16581755","nodevice":"2309MAS003","key":"1234567890987654321","ipa":"10.10.24.127"}
[2025-08-06 12:04:30]
Berhasil merespon "dariMCU_2309MAS003" : {"respon":[{"id":"16581755","nodevice":"2309MAS003","message":"510","info":"Kuncoro Ferdiansyah--TERCATAT! 3 dtk lalu","nokartu":"D33F34FF"}]}
Berhasil kirim balasan ke "responServer_2309MAS003"

[2025-08-06 12:04:31]
Menerima pesan dari: dariMCU_2309MAS003 - Pesan: {"nokartu":"D33F34FF","idchip":"16581755","nodevice":"2309MAS003","key":"1234567890987654321","ipa":"10.10.24.127"}
[2025-08-06 12:04:31]
Berhasil merespon "dariMCU_2309MAS003" : {"respon":[{"id":"16581755","nodevice":"2309MAS003","message":"510","info":"Kuncoro Ferdiansyah--TERCATAT! 4 dtk lalu","nokartu":"D33F34FF"}]}
Berhasil kirim balasan ke "responServer_2309MAS003"

[2025-08-06 12:04:35]
Menerima pesan dari: dariMCU_2309MAS003 - Pesan: {"nokartu":"E3BD2FFF","idchip":"16581755","nodevice":"2309MAS003","key":"1234567890987654321","ipa":"10.10.24.127"}
[2025-08-06 12:04:35]
Berhasil merespon "dariMCU_2309MAS003" : {"respon":[{"id":"16581755","nodevice":"2309MAS003","message":"BMPE","info":"Al Raissa Dyka Pratama--Berhasil Presensi -Mulai-","nokartu":"E3BD2FFF"}]}
Berhasil kirim balasan ke "responServer_2309MAS003"

[2025-08-06 12:04:36]
Menerima pesan dari: dariMCU_2309MAS003 - Pesan: {"nokartu":"E3BD2FFF","idchip":"16581755","nodevice":"2309MAS003","key":"1234567890987654321","ipa":"10.10.24.127"}
[2025-08-06 12:04:36]
Berhasil merespon "dariMCU_2309MAS003" : {"respon":[{"id":"16581755","nodevice":"2309MAS003","message":"510","info":"Al Raissa Dyka Pratama--TERCATAT! 1 dtk lalu","nokartu":"E3BD2FFF"}]}
Berhasil kirim balasan ke "responServer_2309MAS003"

[2025-08-06 12:04:39]
Menerima pesan dari: dariMCU_2309MAS003 - Pesan: {"nokartu":"237506FE","idchip":"16581755","nodevice":"2309MAS003","key":"1234567890987654321","ipa":"10.10.24.127"}
[2025-08-06 12:04:39]
Berhasil merespon "dariMCU_2309MAS003" : {"respon":[{"id":"16581755","nodevice":"2309MAS003","message":"BMPE","info":"Bima Agenta--Berhasil Presensi -Mulai-","nokartu":"237506FE"}]}
Berhasil kirim balasan ke "responServer_2309MAS003"

[2025-08-06 12:04:43]
Menerima pesan dari: dariMCU_2309MAS003 - Pesan: {"nokartu":"237506FE","idchip":"16581755","nodevice":"2309MAS003","key":"1234567890987654321","ipa":"10.10.24.127"}
[2025-08-06 12:04:43]
Berhasil merespon "dariMCU_2309MAS003" : {"respon":[{"id":"16581755","nodevice":"2309MAS003","message":"510","info":"Bima Agenta--TERCATAT! 4 dtk lalu","nokartu":"237506FE"}]}
Berhasil kirim balasan ke "responServer_2309MAS003"

[2025-08-06 12:04:44]
Menerima pesan dari: dariMCU_2309MAS003 - Pesan: {"nokartu":"237506FE","idchip":"16581755","nodevice":"2309MAS003","key":"1234567890987654321","ipa":"10.10.24.127"}
[2025-08-06 12:04:44]
Berhasil merespon "dariMCU_2309MAS003" : {"respon":[{"id":"16581755","nodevice":"2309MAS003","message":"510","info":"Bima Agenta--TERCATAT! 5 dtk lalu","nokartu":"237506FE"}]}
Berhasil kirim balasan ke "responServer_2309MAS003"

[2025-08-06 12:04:47]
Menerima pesan dari: dariMCU_2309MAS003 - Pesan: {"nokartu":"63B91AFE","idchip":"16581755","nodevice":"2309MAS003","key":"1234567890987654321","ipa":"10.10.24.127"}
[2025-08-06 12:04:47]
Berhasil merespon "dariMCU_2309MAS003" : {"respon":[{"id":"16581755","nodevice":"2309MAS003","message":"BMPE","info":"Bahy Daniswara--Berhasil Presensi -Mulai-","nokartu":"63B91AFE"}]}
Berhasil kirim balasan ke "responServer_2309MAS003"

[2025-08-06 12:04:51]
Menerima pesan dari: dariMCU_2309MAS003 - Pesan: {"nokartu":"63B91AFE","idchip":"16581755","nodevice":"2309MAS003","key":"1234567890987654321","ipa":"10.10.24.127"}
[2025-08-06 12:04:51]
Berhasil merespon "dariMCU_2309MAS003" : {"respon":[{"id":"16581755","nodevice":"2309MAS003","message":"510","info":"Bahy Daniswara--TERCATAT! 4 dtk lalu","nokartu":"63B91AFE"}]}
Berhasil kirim balasan ke "responServer_2309MAS003"

[2025-08-06 12:05:19]
Menerima pesan dari: dariMCU_2309MAS003 - Pesan: {"nokartu":"C38C0BFE","idchip":"16581755","nodevice":"2309MAS003","key":"1234567890987654321","ipa":"10.10.24.127"}
[2025-08-06 12:05:19]
Berhasil merespon "dariMCU_2309MAS003" : {"respon":[{"id":"16581755","nodevice":"2309MAS003","message":"BPSE","info":"Viana Zahra--Berhasil Presensi -Selesai-","nokartu":"C38C0BFE"}]}
Berhasil kirim balasan ke "responServer_2309MAS003"

[2025-08-06 12:05:35]
Menerima pesan dari: dariMCU_2309MAS003 - Pesan: {"nokartu":"C38C0BFE","idchip":"16581755","nodevice":"2309MAS003","key":"1234567890987654321","ipa":"10.10.24.127"}
[2025-08-06 12:05:35]
Berhasil merespon "dariMCU_2309MAS003" : {"respon":[{"id":"16581755","nodevice":"2309MAS003","message":"510","info":"Viana Zahra--TERCATAT! 16 dtk lalu","nokartu":"C38C0BFE"}]}
Berhasil kirim balasan ke "responServer_2309MAS003"

[2025-08-06 12:09:47]
Menerima pesan dari: dariMCU_2309MAS003 - Pesan: {"nokartu":"538418FE","idchip":"16581755","nodevice":"2309MAS003","key":"1234567890987654321","ipa":"10.10.24.127"}
[2025-08-06 12:09:47]
Berhasil merespon "dariMCU_2309MAS003" : {"respon":[{"id":"16581755","nodevice":"2309MAS003","message":"BMPE","info":"Muhamad Zidan Zaka--Berhasil Presensi -Mulai-","nokartu":"538418FE"}]}
Berhasil kirim balasan ke "responServer_2309MAS003"

[2025-08-06 12:09:55]
Menerima pesan dari: dariMCU_2309MAS003 - Pesan: {"nokartu":"83A04B05","idchip":"16581755","nodevice":"2309MAS003","key":"1234567890987654321","ipa":"10.10.24.127"}
[2025-08-06 12:09:55]
Berhasil merespon "dariMCU_2309MAS003" : {"respon":[{"id":"16581755","nodevice":"2309MAS003","message":"BMPE","info":"Desta Ranayuda--Berhasil Presensi -Mulai-","nokartu":"83A04B05"}]}
Berhasil kirim balasan ke "responServer_2309MAS003"

[2025-08-06 12:09:58]
Menerima pesan dari: dariMCU_2309MAS003 - Pesan: {"nokartu":"83A04B05","idchip":"16581755","nodevice":"2309MAS003","key":"1234567890987654321","ipa":"10.10.24.127"}
[2025-08-06 12:09:58]
Berhasil merespon "dariMCU_2309MAS003" : {"respon":[{"id":"16581755","nodevice":"2309MAS003","message":"510","info":"Desta Ranayuda--TERCATAT! 3 dtk lalu","nokartu":"83A04B05"}]}
Berhasil kirim balasan ke "responServer_2309MAS003"

[2025-08-06 12:10:23]
Menerima pesan dari: dariMCU_2309MAS003 - Pesan: {"nokartu":"431A6E05","idchip":"16581755","nodevice":"2309MAS003","key":"1234567890987654321","ipa":"10.10.24.127"}
[2025-08-06 12:10:23]
Berhasil merespon "dariMCU_2309MAS003" : {"respon":[{"id":"16581755","nodevice":"2309MAS003","message":"BMPE","info":"Dwi Setyawan--Berhasil Presensi -Mulai-","nokartu":"431A6E05"}]}
Berhasil kirim balasan ke "responServer_2309MAS003"

[2025-08-06 12:10:26]
Menerima pesan dari: dariMCU_2309MAS003 - Pesan: {"nokartu":"431A6E05","idchip":"16581755","nodevice":"2309MAS003","key":"1234567890987654321","ipa":"10.10.24.127"}
[2025-08-06 12:10:26]
Berhasil merespon "dariMCU_2309MAS003" : {"respon":[{"id":"16581755","nodevice":"2309MAS003","message":"510","info":"Dwi Setyawan--TERCATAT! 3 dtk lalu","nokartu":"431A6E05"}]}
Berhasil kirim balasan ke "responServer_2309MAS003"

[2025-08-06 12:11:46]
Menerima pesan dari: dariMCU_2309MAS003 - Pesan: {"nokartu":"636D7305","idchip":"16581755","nodevice":"2309MAS003","key":"1234567890987654321","ipa":"10.10.24.127"}
[2025-08-06 12:11:46]
Berhasil merespon "dariMCU_2309MAS003" : {"respon":[{"id":"16581755","nodevice":"2309MAS003","message":"BMPE","info":"Sasetyo--Berhasil Presensi -Mulai-","nokartu":"636D7305"}]}
Berhasil kirim balasan ke "responServer_2309MAS003"

[2025-08-06 12:11:49]
Menerima pesan dari: dariMCU_2309MAS003 - Pesan: {"nokartu":"636D7305","idchip":"16581755","nodevice":"2309MAS003","key":"1234567890987654321","ipa":"10.10.24.127"}
[2025-08-06 12:11:49]
Berhasil merespon "dariMCU_2309MAS003" : {"respon":[{"id":"16581755","nodevice":"2309MAS003","message":"510","info":"Sasetyo--TERCATAT! 3 dtk lalu","nokartu":"636D7305"}]}
Berhasil kirim balasan ke "responServer_2309MAS003"

[2025-08-06 12:11:53]
Menerima pesan dari: dariMCU_2309MAS003 - Pesan: {"nokartu":"636D7305","idchip":"16581755","nodevice":"2309MAS003","key":"1234567890987654321","ipa":"10.10.24.127"}
[2025-08-06 12:11:53]
Berhasil merespon "dariMCU_2309MAS003" : {"respon":[{"id":"16581755","nodevice":"2309MAS003","message":"510","info":"Sasetyo--TERCATAT! 7 dtk lalu","nokartu":"636D7305"}]}
Berhasil kirim balasan ke "responServer_2309MAS003"

[2025-08-06 12:14:42]
Menerima pesan dari: dariMCU_2309MAS003 - Pesan: {"nokartu":"53D022FF","idchip":"16581755","nodevice":"2309MAS003","key":"1234567890987654321","ipa":"10.10.24.127"}
[2025-08-06 12:14:42]
Berhasil merespon "dariMCU_2309MAS003" : {"respon":[{"id":"16581755","nodevice":"2309MAS003","message":"BMPE","info":"Muhamad Zulfikar Rahman--Berhasil Presensi -Mulai-","nokartu":"53D022FF"}]}
Berhasil kirim balasan ke "responServer_2309MAS003"

[2025-08-06 12:14:46]
Menerima pesan dari: dariMCU_2309MAS003 - Pesan: {"nokartu":"53D022FF","idchip":"16581755","nodevice":"2309MAS003","key":"1234567890987654321","ipa":"10.10.24.127"}
[2025-08-06 12:14:46]
Berhasil merespon "dariMCU_2309MAS003" : {"respon":[{"id":"16581755","nodevice":"2309MAS003","message":"510","info":"Muhamad Zulfikar Rahman--TERCATAT! 4 dtk lalu","nokartu":"53D022FF"}]}
Berhasil kirim balasan ke "responServer_2309MAS003"

[2025-08-06 12:15:24]
Menerima pesan dari: dariMCU_2309MAS003 - Pesan: {"nokartu":"737931FF","idchip":"16581755","nodevice":"2309MAS003","key":"1234567890987654321","ipa":"10.10.24.127"}
[2025-08-06 12:15:24]
Berhasil merespon "dariMCU_2309MAS003" : {"respon":[{"id":"16581755","nodevice":"2309MAS003","message":"BMPE","info":"Farel Ardian--Berhasil Presensi -Mulai-","nokartu":"737931FF"}]}
Berhasil kirim balasan ke "responServer_2309MAS003"

[2025-08-06 12:15:28]
Menerima pesan dari: dariMCU_2309MAS003 - Pesan: {"nokartu":"737931FF","idchip":"16581755","nodevice":"2309MAS003","key":"1234567890987654321","ipa":"10.10.24.127"}
[2025-08-06 12:15:28]
Berhasil merespon "dariMCU_2309MAS003" : {"respon":[{"id":"16581755","nodevice":"2309MAS003","message":"510","info":"Farel Ardian--TERCATAT! 4 dtk lalu","nokartu":"737931FF"}]}
Berhasil kirim balasan ke "responServer_2309MAS003"

[2025-08-06 12:15:31]
Menerima pesan dari: dariMCU_2309MAS003 - Pesan: {"nokartu":"43F32EFF","idchip":"16581755","nodevice":"2309MAS003","key":"1234567890987654321","ipa":"10.10.24.127"}
[2025-08-06 12:15:31]
Berhasil merespon "dariMCU_2309MAS003" : {"respon":[{"id":"16581755","nodevice":"2309MAS003","message":"BMPE","info":"Khilyatul Aini--Berhasil Presensi -Mulai-","nokartu":"43F32EFF"}]}
Berhasil kirim balasan ke "responServer_2309MAS003"

[2025-08-06 12:15:35]
Menerima pesan dari: dariMCU_2309MAS003 - Pesan: {"nokartu":"E3890FFE","idchip":"16581755","nodevice":"2309MAS003","key":"1234567890987654321","ipa":"10.10.24.127"}
[2025-08-06 12:15:35]
Berhasil merespon "dariMCU_2309MAS003" : {"respon":[{"id":"16581755","nodevice":"2309MAS003","message":"BMPE","info":"Nafisa Azka Rasyida--Berhasil Presensi -Mulai-","nokartu":"E3890FFE"}]}
Berhasil kirim balasan ke "responServer_2309MAS003"

[2025-08-06 12:15:36]
Menerima pesan dari: dariMCU_2309MAS003 - Pesan: {"nokartu":"F3AC0AFE","idchip":"16581755","nodevice":"2309MAS003","key":"1234567890987654321","ipa":"10.10.24.127"}
[2025-08-06 12:15:36]
Berhasil merespon "dariMCU_2309MAS003" : {"respon":[{"id":"16581755","nodevice":"2309MAS003","message":"BMPE","info":"Nurul Umi Salamah--Berhasil Presensi -Mulai-","nokartu":"F3AC0AFE"}]}
Berhasil kirim balasan ke "responServer_2309MAS003"

[2025-08-06 12:15:40]
Menerima pesan dari: dariMCU_2309MAS003 - Pesan: {"nokartu":"E3890FFE","idchip":"16581755","nodevice":"2309MAS003","key":"1234567890987654321","ipa":"10.10.24.127"}
[2025-08-06 12:15:40]
Berhasil merespon "dariMCU_2309MAS003" : {"respon":[{"id":"16581755","nodevice":"2309MAS003","message":"510","info":"Nafisa Azka Rasyida--TERCATAT! 5 dtk lalu","nokartu":"E3890FFE"}]}
Berhasil kirim balasan ke "responServer_2309MAS003"

[2025-08-06 12:16:01]
Menerima pesan dari: dariMCU_2309MAS001 - Pesan: {"nokartu":"C34634FF","idchip":"4115046","nodevice":"2309MAS001","key":"1234567890987654321","ipa":"10.10.24.133"}
[2025-08-06 12:16:01]
Berhasil merespon "dariMCU_2309MAS001" : {"respon":[{"id":"4115046","nodevice":"2309MAS001","message":"BMPE","info":"Eka Rima Nur Aisah--Berhasil Presensi -Mulai-","nokartu":"C34634FF"}]}
Berhasil kirim balasan ke "responServer_2309MAS001"

[2025-08-06 12:16:11]
Menerima pesan dari: dariMCU_2309MAS001 - Pesan: {"nokartu":"A3BF15FE","idchip":"4115046","nodevice":"2309MAS001","key":"1234567890987654321","ipa":"10.10.24.133"}
[2025-08-06 12:16:11]
Berhasil merespon "dariMCU_2309MAS001" : {"respon":[{"id":"4115046","nodevice":"2309MAS001","message":"BMPE","info":"Zenitha Sevira--Berhasil Presensi -Mulai-","nokartu":"A3BF15FE"}]}
Berhasil kirim balasan ke "responServer_2309MAS001"

[2025-08-06 12:16:24]
Menerima pesan dari: dariMCU_2309MAS001 - Pesan: {"nokartu":"A3BF15FE","idchip":"4115046","nodevice":"2309MAS001","key":"1234567890987654321","ipa":"10.10.24.133"}
[2025-08-06 12:16:24]
Berhasil merespon "dariMCU_2309MAS001" : {"respon":[{"id":"4115046","nodevice":"2309MAS001","message":"510","info":"Zenitha Sevira--TERCATAT! 13 dtk lalu","nokartu":"A3BF15FE"}]}
Berhasil kirim balasan ke "responServer_2309MAS001"

[2025-08-06 12:16:25]
Menerima pesan dari: dariMCU_2309MAS003 - Pesan: {"nokartu":"13E47B05","idchip":"16581755","nodevice":"2309MAS003","key":"1234567890987654321","ipa":"10.10.24.127"}
[2025-08-06 12:16:25]
Berhasil merespon "dariMCU_2309MAS003" : {"respon":[{"id":"16581755","nodevice":"2309MAS003","message":"BMPE","info":"Ata Amirulloh--Berhasil Presensi -Mulai-","nokartu":"13E47B05"}]}
Berhasil kirim balasan ke "responServer_2309MAS003"

[2025-08-06 12:16:29]
Menerima pesan dari: dariMCU_2309MAS003 - Pesan: {"nokartu":"13E47B05","idchip":"16581755","nodevice":"2309MAS003","key":"1234567890987654321","ipa":"10.10.24.127"}
[2025-08-06 12:16:29]
Berhasil merespon "dariMCU_2309MAS003" : {"respon":[{"id":"16581755","nodevice":"2309MAS003","message":"510","info":"Ata Amirulloh--TERCATAT! 4 dtk lalu","nokartu":"13E47B05"}]}
Berhasil kirim balasan ke "responServer_2309MAS003"

[2025-08-06 12:17:56]
Menerima pesan dari: dariMCU_2309MAS003 - Pesan: {"nokartu":"53267F05","idchip":"16581755","nodevice":"2309MAS003","key":"1234567890987654321","ipa":"10.10.24.127"}
[2025-08-06 12:17:56]
Berhasil merespon "dariMCU_2309MAS003" : {"respon":[{"id":"16581755","nodevice":"2309MAS003","message":"BMPE","info":"Tri Yunita Fatma Sari--Berhasil Presensi -Mulai-","nokartu":"53267F05"}]}
Berhasil kirim balasan ke "responServer_2309MAS003"

[2025-08-06 12:18:00]
Menerima pesan dari: dariMCU_2309MAS003 - Pesan: {"nokartu":"93298305","idchip":"16581755","nodevice":"2309MAS003","key":"1234567890987654321","ipa":"10.10.24.127"}
[2025-08-06 12:18:00]
Berhasil merespon "dariMCU_2309MAS003" : {"respon":[{"id":"16581755","nodevice":"2309MAS003","message":"BMPE","info":"Ade Azifa Dewi--Berhasil Presensi -Mulai-","nokartu":"93298305"}]}
Berhasil kirim balasan ke "responServer_2309MAS003"

[2025-08-06 12:18:01]
Menerima pesan dari: dariMCU_2309MAS003 - Pesan: {"nokartu":"93298305","idchip":"16581755","nodevice":"2309MAS003","key":"1234567890987654321","ipa":"10.10.24.127"}
[2025-08-06 12:18:01]
Berhasil merespon "dariMCU_2309MAS003" : {"respon":[{"id":"16581755","nodevice":"2309MAS003","message":"510","info":"Ade Azifa Dewi--TERCATAT! 1 dtk lalu","nokartu":"93298305"}]}
Berhasil kirim balasan ke "responServer_2309MAS003"

[2025-08-06 12:18:04]
Menerima pesan dari: dariMCU_2309MAS003 - Pesan: {"nokartu":"93298305","idchip":"16581755","nodevice":"2309MAS003","key":"1234567890987654321","ipa":"10.10.24.127"}
[2025-08-06 12:18:04]
Berhasil merespon "dariMCU_2309MAS003" : {"respon":[{"id":"16581755","nodevice":"2309MAS003","message":"510","info":"Ade Azifa Dewi--TERCATAT! 4 dtk lalu","nokartu":"93298305"}]}
Berhasil kirim balasan ke "responServer_2309MAS003"

[2025-08-06 12:18:13]
Menerima pesan dari: dariMCU_2309MAS003 - Pesan: {"nokartu":"E17E6450","idchip":"16581755","nodevice":"2309MAS003","key":"1234567890987654321","ipa":"10.10.24.127"}
[2025-08-06 12:18:13]
Berhasil merespon "dariMCU_2309MAS003" : {"respon":[{"id":"16581755","nodevice":"2309MAS003","message":"BMPE","info":"Putri Maesaroh--Berhasil Presensi -Mulai-","nokartu":"E17E6450"}]}
Berhasil kirim balasan ke "responServer_2309MAS003"

[2025-08-06 12:18:16]
Menerima pesan dari: dariMCU_2309MAS003 - Pesan: {"nokartu":"E17E6450","idchip":"16581755","nodevice":"2309MAS003","key":"1234567890987654321","ipa":"10.10.24.127"}
[2025-08-06 12:18:16]
Berhasil merespon "dariMCU_2309MAS003" : {"respon":[{"id":"16581755","nodevice":"2309MAS003","message":"510","info":"Putri Maesaroh--TERCATAT! 3 dtk lalu","nokartu":"E17E6450"}]}
Berhasil kirim balasan ke "responServer_2309MAS003"

[2025-08-06 12:18:17]
Menerima pesan dari: dariMCU_2309MAS003 - Pesan: {"nokartu":"633A8305","idchip":"16581755","nodevice":"2309MAS003","key":"1234567890987654321","ipa":"10.10.24.127"}
[2025-08-06 12:18:17]
Berhasil merespon "dariMCU_2309MAS003" : {"respon":[{"id":"16581755","nodevice":"2309MAS003","message":"BMPE","info":"Eka Nanda Oktafia--Berhasil Presensi -Mulai-","nokartu":"633A8305"}]}
Berhasil kirim balasan ke "responServer_2309MAS003"

[2025-08-06 12:18:51]
Menerima pesan dari: dariMCU_2309MAS003 - Pesan: {"nokartu":"636D7305","idchip":"16581755","nodevice":"2309MAS003","key":"1234567890987654321","ipa":"10.10.24.127"}
[2025-08-06 12:18:51]
Berhasil merespon "dariMCU_2309MAS003" : {"respon":[{"id":"16581755","nodevice":"2309MAS003","message":"BPSE","info":"Sasetyo--Berhasil Presensi -Selesai-","nokartu":"636D7305"}]}
Berhasil kirim balasan ke "responServer_2309MAS003"

[2025-08-06 12:21:04]
Menerima pesan dari: dariMCU_2309MAS003 - Pesan: {"nokartu":"A3E615FE","idchip":"16581755","nodevice":"2309MAS003","key":"1234567890987654321","ipa":"10.10.24.127"}
[2025-08-06 12:21:04]
Berhasil merespon "dariMCU_2309MAS003" : {"respon":[{"id":"16581755","nodevice":"2309MAS003","message":"BMPE","info":"Adhi Irwansah--Berhasil Presensi -Mulai-","nokartu":"A3E615FE"}]}
Berhasil kirim balasan ke "responServer_2309MAS003"

[2025-08-06 12:21:08]
Menerima pesan dari: dariMCU_2309MAS003 - Pesan: {"nokartu":"A3E615FE","idchip":"16581755","nodevice":"2309MAS003","key":"1234567890987654321","ipa":"10.10.24.127"}
[2025-08-06 12:21:08]
Berhasil merespon "dariMCU_2309MAS003" : {"respon":[{"id":"16581755","nodevice":"2309MAS003","message":"510","info":"Adhi Irwansah--TERCATAT! 4 dtk lalu","nokartu":"A3E615FE"}]}
Berhasil kirim balasan ke "responServer_2309MAS003"

[2025-08-06 12:23:26]
Menerima pesan dari: dariMCU_2309MAS003 - Pesan: {"nokartu":"53802FFF","idchip":"16581755","nodevice":"2309MAS003","key":"1234567890987654321","ipa":"10.10.24.127"}
[2025-08-06 12:23:26]
Berhasil merespon "dariMCU_2309MAS003" : {"respon":[{"id":"16581755","nodevice":"2309MAS003","message":"BMPE","info":"Fatimatuzzahro--Berhasil Presensi -Mulai-","nokartu":"53802FFF"}]}
Berhasil kirim balasan ke "responServer_2309MAS003"

[2025-08-06 12:23:29]
Menerima pesan dari: dariMCU_2309MAS003 - Pesan: {"nokartu":"53802FFF","idchip":"16581755","nodevice":"2309MAS003","key":"1234567890987654321","ipa":"10.10.24.127"}
[2025-08-06 12:23:29]
Berhasil merespon "dariMCU_2309MAS003" : {"respon":[{"id":"16581755","nodevice":"2309MAS003","message":"510","info":"Fatimatuzzahro--TERCATAT! 3 dtk lalu","nokartu":"53802FFF"}]}
Berhasil kirim balasan ke "responServer_2309MAS003"

[2025-08-06 12:23:30]
Menerima pesan dari: dariMCU_2309MAS003 - Pesan: {"nokartu":"43D72AFF","idchip":"16581755","nodevice":"2309MAS003","key":"1234567890987654321","ipa":"10.10.24.127"}
[2025-08-06 12:23:30]
Berhasil merespon "dariMCU_2309MAS003" : {"respon":[{"id":"16581755","nodevice":"2309MAS003","message":"BMPE","info":"Resa Dwi Cahyani--Berhasil Presensi -Mulai-","nokartu":"43D72AFF"}]}
Berhasil kirim balasan ke "responServer_2309MAS003"

[2025-08-06 12:23:34]
Menerima pesan dari: dariMCU_2309MAS003 - Pesan: {"nokartu":"C3BB21FF","idchip":"16581755","nodevice":"2309MAS003","key":"1234567890987654321","ipa":"10.10.24.127"}
[2025-08-06 12:23:34]
Berhasil merespon "dariMCU_2309MAS003" : {"respon":[{"id":"16581755","nodevice":"2309MAS003","message":"BMPE","info":"Nathania Cesya Salsabila--Berhasil Presensi -Mulai-","nokartu":"C3BB21FF"}]}
Berhasil kirim balasan ke "responServer_2309MAS003"

[2025-08-06 12:23:37]
Menerima pesan dari: dariMCU_2309MAS003 - Pesan: {"nokartu":"C3BB21FF","idchip":"16581755","nodevice":"2309MAS003","key":"1234567890987654321","ipa":"10.10.24.127"}
[2025-08-06 12:23:37]
Berhasil merespon "dariMCU_2309MAS003" : {"respon":[{"id":"16581755","nodevice":"2309MAS003","message":"510","info":"Nathania Cesya Salsabila--TERCATAT! 3 dtk lalu","nokartu":"C3BB21FF"}]}
Berhasil kirim balasan ke "responServer_2309MAS003"

[2025-08-06 12:24:02]
Menerima pesan dari: dariMCU_2309MAS003 - Pesan: {"nokartu":"C3081D05","idchip":"16581755","nodevice":"2309MAS003","key":"1234567890987654321","ipa":"10.10.24.127"}
[2025-08-06 12:24:02]
Berhasil merespon "dariMCU_2309MAS003" : {"respon":[{"id":"16581755","nodevice":"2309MAS003","message":"BMPE","info":"Nilna Sakda Aula Anjumi--Berhasil Presensi -Mulai-","nokartu":"C3081D05"}]}
Berhasil kirim balasan ke "responServer_2309MAS003"

[2025-08-06 12:24:07]
Menerima pesan dari: dariMCU_2309MAS003 - Pesan: {"nokartu":"C3081D05","idchip":"16581755","nodevice":"2309MAS003","key":"1234567890987654321","ipa":"10.10.24.127"}
[2025-08-06 12:24:07]
Berhasil merespon "dariMCU_2309MAS003" : {"respon":[{"id":"16581755","nodevice":"2309MAS003","message":"510","info":"Nilna Sakda Aula Anjumi--TERCATAT! 5 dtk lalu","nokartu":"C3081D05"}]}
Berhasil kirim balasan ke "responServer_2309MAS003"

[2025-08-06 12:24:12]
Menerima pesan dari: dariMCU_2309MAS003 - Pesan: {"nokartu":"C3081D05","idchip":"16581755","nodevice":"2309MAS003","key":"1234567890987654321","ipa":"10.10.24.127"}
[2025-08-06 12:24:12]
Berhasil merespon "dariMCU_2309MAS003" : {"respon":[{"id":"16581755","nodevice":"2309MAS003","message":"510","info":"Nilna Sakda Aula Anjumi--TERCATAT! 10 dtk lalu","nokartu":"C3081D05"}]}
Berhasil kirim balasan ke "responServer_2309MAS003"

[2025-08-06 12:24:19]
Menerima pesan dari: dariMCU_2309MAS003 - Pesan: {"nokartu":"23EF7B05","idchip":"16581755","nodevice":"2309MAS003","key":"1234567890987654321","ipa":"10.10.24.127"}
[2025-08-06 12:24:19]
Berhasil merespon "dariMCU_2309MAS003" : {"respon":[{"id":"16581755","nodevice":"2309MAS003","message":"BMPE","info":"Bella Raisa Anandita--Berhasil Presensi -Mulai-","nokartu":"23EF7B05"}]}
Berhasil kirim balasan ke "responServer_2309MAS003"

[2025-08-06 12:24:22]
Menerima pesan dari: dariMCU_2309MAS003 - Pesan: {"nokartu":"23EF7B05","idchip":"16581755","nodevice":"2309MAS003","key":"1234567890987654321","ipa":"10.10.24.127"}
[2025-08-06 12:24:22]
Berhasil merespon "dariMCU_2309MAS003" : {"respon":[{"id":"16581755","nodevice":"2309MAS003","message":"510","info":"Bella Raisa Anandita--TERCATAT! 3 dtk lalu","nokartu":"23EF7B05"}]}
Berhasil kirim balasan ke "responServer_2309MAS003"

[2025-08-06 12:25:32]
Menerima pesan dari: dariMCU_2309MAS003 - Pesan: {"nokartu":"4613B989","idchip":"16581755","nodevice":"2309MAS003","key":"1234567890987654321","ipa":"10.10.24.127"}
[2025-08-06 12:25:32]
Berhasil merespon "dariMCU_2309MAS003" : {"respon":[{"id":"16581755","nodevice":"2309MAS003","message":"BMPE","info":"Esa Chandra Apriawan--Berhasil Presensi -Mulai-","nokartu":"4613B989"}]}
Berhasil kirim balasan ke "responServer_2309MAS003"

[2025-08-06 12:25:36]
Menerima pesan dari: dariMCU_2309MAS003 - Pesan: {"nokartu":"4613B989","idchip":"16581755","nodevice":"2309MAS003","key":"1234567890987654321","ipa":"10.10.24.127"}
[2025-08-06 12:25:36]
Berhasil merespon "dariMCU_2309MAS003" : {"respon":[{"id":"16581755","nodevice":"2309MAS003","message":"510","info":"Esa Chandra Apriawan--TERCATAT! 4 dtk lalu","nokartu":"4613B989"}]}
Berhasil kirim balasan ke "responServer_2309MAS003"

[2025-08-06 12:27:34]
Menerima pesan dari: dariMCU_2309MAS003 - Pesan: {"nokartu":"C3AC23FF","idchip":"16581755","nodevice":"2309MAS003","key":"1234567890987654321","ipa":"10.10.24.127"}
[2025-08-06 12:27:34]
Berhasil merespon "dariMCU_2309MAS003" : {"respon":[{"id":"16581755","nodevice":"2309MAS003","message":"BMPE","info":"Redapa Ardiyansah--Berhasil Presensi -Mulai-","nokartu":"C3AC23FF"}]}
Berhasil kirim balasan ke "responServer_2309MAS003"

[2025-08-06 12:27:37]
Menerima pesan dari: dariMCU_2309MAS003 - Pesan: {"nokartu":"C3AC23FF","idchip":"16581755","nodevice":"2309MAS003","key":"1234567890987654321","ipa":"10.10.24.127"}
[2025-08-06 12:27:37]
Berhasil merespon "dariMCU_2309MAS003" : {"respon":[{"id":"16581755","nodevice":"2309MAS003","message":"510","info":"Redapa Ardiyansah--TERCATAT! 3 dtk lalu","nokartu":"C3AC23FF"}]}
Berhasil kirim balasan ke "responServer_2309MAS003"

[2025-08-06 12:27:38]
Menerima pesan dari: dariMCU_2309MAS003 - Pesan: {"nokartu":"03C816FE","idchip":"16581755","nodevice":"2309MAS003","key":"1234567890987654321","ipa":"10.10.24.127"}
[2025-08-06 12:27:38]
Berhasil merespon "dariMCU_2309MAS003" : {"respon":[{"id":"16581755","nodevice":"2309MAS003","message":"BMPE","info":"Nauval Wahyu Dwi Prastyo--Berhasil Presensi -Mulai-","nokartu":"03C816FE"}]}
Berhasil kirim balasan ke "responServer_2309MAS003"

[2025-08-06 12:31:49]
Menerima pesan dari: dariMCU_2309MAS003 - Pesan: {"nokartu":"53E415FF","idchip":"16581755","nodevice":"2309MAS003","key":"1234567890987654321","ipa":"10.10.24.127"}
[2025-08-06 12:31:49]
Berhasil merespon "dariMCU_2309MAS003" : {"respon":[{"id":"16581755","nodevice":"2309MAS003","message":"BMPE","info":"Arta Widyasari--Berhasil Presensi -Mulai-","nokartu":"53E415FF"}]}
Berhasil kirim balasan ke "responServer_2309MAS003"

[2025-08-06 12:31:52]
Menerima pesan dari: dariMCU_2309MAS003 - Pesan: {"nokartu":"53E415FF","idchip":"16581755","nodevice":"2309MAS003","key":"1234567890987654321","ipa":"10.10.24.127"}
[2025-08-06 12:31:52]
Berhasil merespon "dariMCU_2309MAS003" : {"respon":[{"id":"16581755","nodevice":"2309MAS003","message":"510","info":"Arta Widyasari--TERCATAT! 3 dtk lalu","nokartu":"53E415FF"}]}
Berhasil kirim balasan ke "responServer_2309MAS003"

[2025-08-06 12:31:57]
Menerima pesan dari: dariMCU_2309MAS003 - Pesan: {"nokartu":"935705FE","idchip":"16581755","nodevice":"2309MAS003","key":"1234567890987654321","ipa":"10.10.24.127"}
[2025-08-06 12:31:57]
Berhasil merespon "dariMCU_2309MAS003" : {"respon":[{"id":"16581755","nodevice":"2309MAS003","message":"BMPE","info":"Shafa Az Zahra--Berhasil Presensi -Mulai-","nokartu":"935705FE"}]}
Berhasil kirim balasan ke "responServer_2309MAS003"

[2025-08-06 12:32:01]
Menerima pesan dari: dariMCU_2309MAS003 - Pesan: {"nokartu":"935705FE","idchip":"16581755","nodevice":"2309MAS003","key":"1234567890987654321","ipa":"10.10.24.127"}
[2025-08-06 12:32:01]
Berhasil merespon "dariMCU_2309MAS003" : {"respon":[{"id":"16581755","nodevice":"2309MAS003","message":"510","info":"Shafa Az Zahra--TERCATAT! 4 dtk lalu","nokartu":"935705FE"}]}
Berhasil kirim balasan ke "responServer_2309MAS003"

[2025-08-06 12:35:00]
Menerima pesan dari: dariMCU_2309MAS003 - Pesan: {"nokartu":"132634FF","idchip":"16581755","nodevice":"2309MAS003","key":"1234567890987654321","ipa":"10.10.24.127"}
[2025-08-06 12:35:00]
Berhasil merespon "dariMCU_2309MAS003" : {"respon":[{"id":"16581755","nodevice":"2309MAS003","message":"BMPE","info":"Aqila Ferdian Pratama--Berhasil Presensi -Mulai-","nokartu":"132634FF"}]}
Berhasil kirim balasan ke "responServer_2309MAS003"

[2025-08-06 12:35:01]
Menerima pesan dari: dariMCU_2309MAS003 - Pesan: {"nokartu":"132634FF","idchip":"16581755","nodevice":"2309MAS003","key":"1234567890987654321","ipa":"10.10.24.127"}
[2025-08-06 12:35:01]
Berhasil merespon "dariMCU_2309MAS003" : {"respon":[{"id":"16581755","nodevice":"2309MAS003","message":"510","info":"Aqila Ferdian Pratama--TERCATAT! 1 dtk lalu","nokartu":"132634FF"}]}
Berhasil kirim balasan ke "responServer_2309MAS003"

[2025-08-06 12:36:56]
Menerima pesan dari: dariMCU_2309MAS003 - Pesan: {"nokartu":"632822FF","idchip":"16581755","nodevice":"2309MAS003","key":"1234567890987654321","ipa":"10.10.24.127"}
[2025-08-06 12:36:56]
Berhasil merespon "dariMCU_2309MAS003" : {"respon":[{"id":"16581755","nodevice":"2309MAS003","message":"BMPE","info":"Dwi Yuni Kurniawati--Berhasil Presensi -Mulai-","nokartu":"632822FF"}]}
Berhasil kirim balasan ke "responServer_2309MAS003"

[2025-08-06 12:37:00]
Menerima pesan dari: dariMCU_2309MAS003 - Pesan: {"nokartu":"632822FF","idchip":"16581755","nodevice":"2309MAS003","key":"1234567890987654321","ipa":"10.10.24.127"}
[2025-08-06 12:37:00]
Berhasil merespon "dariMCU_2309MAS003" : {"respon":[{"id":"16581755","nodevice":"2309MAS003","message":"510","info":"Dwi Yuni Kurniawati--TERCATAT! 4 dtk lalu","nokartu":"632822FF"}]}
Berhasil kirim balasan ke "responServer_2309MAS003"

[2025-08-06 12:37:01]
Menerima pesan dari: dariMCU_2309MAS003 - Pesan: {"nokartu":"632822FF","idchip":"16581755","nodevice":"2309MAS003","key":"1234567890987654321","ipa":"10.10.24.127"}
[2025-08-06 12:37:01]
Berhasil merespon "dariMCU_2309MAS003" : {"respon":[{"id":"16581755","nodevice":"2309MAS003","message":"510","info":"Dwi Yuni Kurniawati--TERCATAT! 5 dtk lalu","nokartu":"632822FF"}]}
Berhasil kirim balasan ke "responServer_2309MAS003"

[2025-08-06 12:37:05]
Menerima pesan dari: dariMCU_2309MAS003 - Pesan: {"nokartu":"632822FF","idchip":"16581755","nodevice":"2309MAS003","key":"1234567890987654321","ipa":"10.10.24.127"}
[2025-08-06 12:37:05]
Berhasil merespon "dariMCU_2309MAS003" : {"respon":[{"id":"16581755","nodevice":"2309MAS003","message":"510","info":"Dwi Yuni Kurniawati--TERCATAT! 9 dtk lalu","nokartu":"632822FF"}]}
Berhasil kirim balasan ke "responServer_2309MAS003"

[2025-08-06 12:37:09]
Menerima pesan dari: dariMCU_2309MAS003 - Pesan: {"nokartu":"632822FF","idchip":"16581755","nodevice":"2309MAS003","key":"1234567890987654321","ipa":"10.10.24.127"}
[2025-08-06 12:37:09]
Berhasil merespon "dariMCU_2309MAS003" : {"respon":[{"id":"16581755","nodevice":"2309MAS003","message":"510","info":"Dwi Yuni Kurniawati--TERCATAT! 13 dtk lalu","nokartu":"632822FF"}]}
Berhasil kirim balasan ke "responServer_2309MAS003"

[2025-08-06 12:37:14]
Menerima pesan dari: dariMCU_2309MAS003 - Pesan: {"nokartu":"73090DFE","idchip":"16581755","nodevice":"2309MAS003","key":"1234567890987654321","ipa":"10.10.24.127"}
[2025-08-06 12:37:14]
Berhasil merespon "dariMCU_2309MAS003" : {"respon":[{"id":"16581755","nodevice":"2309MAS003","message":"BMPE","info":"Yuliatul Muarifah--Berhasil Presensi -Mulai-","nokartu":"73090DFE"}]}
Berhasil kirim balasan ke "responServer_2309MAS003"

[2025-08-06 12:37:17]
Menerima pesan dari: dariMCU_2309MAS003 - Pesan: {"nokartu":"73090DFE","idchip":"16581755","nodevice":"2309MAS003","key":"1234567890987654321","ipa":"10.10.24.127"}
[2025-08-06 12:37:17]
Berhasil merespon "dariMCU_2309MAS003" : {"respon":[{"id":"16581755","nodevice":"2309MAS003","message":"510","info":"Yuliatul Muarifah--TERCATAT! 3 dtk lalu","nokartu":"73090DFE"}]}
Berhasil kirim balasan ke "responServer_2309MAS003"

[2025-08-06 12:39:49]
Menerima pesan dari: dariMCU_2309MAS003 - Pesan: {"nokartu":"D32434FF","idchip":"16581755","nodevice":"2309MAS003","key":"1234567890987654321","ipa":"10.10.24.127"}
[2025-08-06 12:39:49]
Berhasil merespon "dariMCU_2309MAS003" : {"respon":[{"id":"16581755","nodevice":"2309MAS003","message":"BMPE","info":"Muhamad Ulil Albab--Berhasil Presensi -Mulai-","nokartu":"D32434FF"}]}
Berhasil kirim balasan ke "responServer_2309MAS003"

[2025-08-06 12:39:54]
Menerima pesan dari: dariMCU_2309MAS003 - Pesan: {"nokartu":"D32434FF","idchip":"16581755","nodevice":"2309MAS003","key":"1234567890987654321","ipa":"10.10.24.127"}
[2025-08-06 12:39:54]
Berhasil merespon "dariMCU_2309MAS003" : {"respon":[{"id":"16581755","nodevice":"2309MAS003","message":"510","info":"Muhamad Ulil Albab--TERCATAT! 5 dtk lalu","nokartu":"D32434FF"}]}
Berhasil kirim balasan ke "responServer_2309MAS003"

[2025-08-06 12:39:55]
Menerima pesan dari: dariMCU_2309MAS003 - Pesan: {"nokartu":"D32434FF","idchip":"16581755","nodevice":"2309MAS003","key":"1234567890987654321","ipa":"10.10.24.127"}
[2025-08-06 12:39:55]
Berhasil merespon "dariMCU_2309MAS003" : {"respon":[{"id":"16581755","nodevice":"2309MAS003","message":"510","info":"Muhamad Ulil Albab--TERCATAT! 6 dtk lalu","nokartu":"D32434FF"}]}
Berhasil kirim balasan ke "responServer_2309MAS003"

[2025-08-06 12:39:58]
Menerima pesan dari: dariMCU_2309MAS003 - Pesan: {"nokartu":"63FF7005","idchip":"16581755","nodevice":"2309MAS003","key":"1234567890987654321","ipa":"10.10.24.127"}
[2025-08-06 12:39:58]
Berhasil merespon "dariMCU_2309MAS003" : {"respon":[{"id":"16581755","nodevice":"2309MAS003","message":"BMPE","info":"Wafid Raihan--Berhasil Presensi -Mulai-","nokartu":"63FF7005"}]}
Berhasil kirim balasan ke "responServer_2309MAS003"

[2025-08-06 12:40:02]
Menerima pesan dari: dariMCU_2309MAS003 - Pesan: {"nokartu":"63FF7005","idchip":"16581755","nodevice":"2309MAS003","key":"1234567890987654321","ipa":"10.10.24.127"}
[2025-08-06 12:40:02]
Berhasil merespon "dariMCU_2309MAS003" : {"respon":[{"id":"16581755","nodevice":"2309MAS003","message":"510","info":"Wafid Raihan--TERCATAT! 4 dtk lalu","nokartu":"63FF7005"}]}
Berhasil kirim balasan ke "responServer_2309MAS003"

[2025-08-06 12:40:03]
Menerima pesan dari: dariMCU_2309MAS003 - Pesan: {"nokartu":"63FF7005","idchip":"16581755","nodevice":"2309MAS003","key":"1234567890987654321","ipa":"10.10.24.127"}
[2025-08-06 12:40:03]
Berhasil merespon "dariMCU_2309MAS003" : {"respon":[{"id":"16581755","nodevice":"2309MAS003","message":"510","info":"Wafid Raihan--TERCATAT! 5 dtk lalu","nokartu":"63FF7005"}]}
Berhasil kirim balasan ke "responServer_2309MAS003"

[2025-08-06 12:40:07]
Menerima pesan dari: dariMCU_2309MAS003 - Pesan: {"nokartu":"13EB7505","idchip":"16581755","nodevice":"2309MAS003","key":"1234567890987654321","ipa":"10.10.24.127"}
[2025-08-06 12:40:07]
Berhasil merespon "dariMCU_2309MAS003" : {"respon":[{"id":"16581755","nodevice":"2309MAS003","message":"BMPE","info":"Agus Setiawan--Berhasil Presensi -Mulai-","nokartu":"13EB7505"}]}
Berhasil kirim balasan ke "responServer_2309MAS003"

[2025-08-06 12:40:11]
Menerima pesan dari: dariMCU_2309MAS003 - Pesan: {"nokartu":"13EB7505","idchip":"16581755","nodevice":"2309MAS003","key":"1234567890987654321","ipa":"10.10.24.127"}
[2025-08-06 12:40:11]
Berhasil merespon "dariMCU_2309MAS003" : {"respon":[{"id":"16581755","nodevice":"2309MAS003","message":"510","info":"Agus Setiawan--TERCATAT! 4 dtk lalu","nokartu":"13EB7505"}]}
Berhasil kirim balasan ke "responServer_2309MAS003"

[2025-08-06 12:40:12]
Menerima pesan dari: dariMCU_2309MAS003 - Pesan: {"nokartu":"13EB7505","idchip":"16581755","nodevice":"2309MAS003","key":"1234567890987654321","ipa":"10.10.24.127"}
[2025-08-06 12:40:12]
Berhasil merespon "dariMCU_2309MAS003" : {"respon":[{"id":"16581755","nodevice":"2309MAS003","message":"510","info":"Agus Setiawan--TERCATAT! 5 dtk lalu","nokartu":"13EB7505"}]}
Berhasil kirim balasan ke "responServer_2309MAS003"

[2025-08-06 12:40:31]
Menerima pesan dari: dariMCU_2309MAS003 - Pesan: {"nokartu":"C31F05FE","idchip":"16581755","nodevice":"2309MAS003","key":"1234567890987654321","ipa":"10.10.24.127"}
[2025-08-06 12:40:31]
Berhasil merespon "dariMCU_2309MAS003" : {"respon":[{"id":"16581755","nodevice":"2309MAS003","message":"BMPE","info":"Sofa Nur Hasanah--Berhasil Presensi -Mulai-","nokartu":"C31F05FE"}]}
Berhasil kirim balasan ke "responServer_2309MAS003"

[2025-08-06 12:40:35]
Menerima pesan dari: dariMCU_2309MAS003 - Pesan: {"nokartu":"93284105","idchip":"16581755","nodevice":"2309MAS003","key":"1234567890987654321","ipa":"10.10.24.127"}
[2025-08-06 12:40:35]
Berhasil merespon "dariMCU_2309MAS003" : {"respon":[{"id":"16581755","nodevice":"2309MAS003","message":"BMPE","info":"Dika Setiyani--Berhasil Presensi -Mulai-","nokartu":"93284105"}]}
Berhasil kirim balasan ke "responServer_2309MAS003"

[2025-08-06 12:40:39]
Menerima pesan dari: dariMCU_2309MAS003 - Pesan: {"nokartu":"93284105","idchip":"16581755","nodevice":"2309MAS003","key":"1234567890987654321","ipa":"10.10.24.127"}
[2025-08-06 12:40:39]
Berhasil merespon "dariMCU_2309MAS003" : {"respon":[{"id":"16581755","nodevice":"2309MAS003","message":"510","info":"Dika Setiyani--TERCATAT! 4 dtk lalu","nokartu":"93284105"}]}
Berhasil kirim balasan ke "responServer_2309MAS003"

[2025-08-06 12:44:26]
Menerima pesan dari: dariMCU_2309MAS003 - Pesan: {"nokartu":"03BF1805","idchip":"16581755","nodevice":"2309MAS003","key":"1234567890987654321","ipa":"10.10.24.127"}
[2025-08-06 12:44:26]
Berhasil merespon "dariMCU_2309MAS003" : {"respon":[{"id":"16581755","nodevice":"2309MAS003","message":"BMPE","info":"Naffisell Tholibar Rifqi--Berhasil Presensi -Mulai-","nokartu":"03BF1805"}]}
Berhasil kirim balasan ke "responServer_2309MAS003"

[2025-08-06 12:44:30]
Menerima pesan dari: dariMCU_2309MAS003 - Pesan: {"nokartu":"03BF1805","idchip":"16581755","nodevice":"2309MAS003","key":"1234567890987654321","ipa":"10.10.24.127"}
[2025-08-06 12:44:30]
Berhasil merespon "dariMCU_2309MAS003" : {"respon":[{"id":"16581755","nodevice":"2309MAS003","message":"510","info":"Naffisell Tholibar Rifqi--TERCATAT! 4 dtk lalu","nokartu":"03BF1805"}]}
Berhasil kirim balasan ke "responServer_2309MAS003"

[2025-08-06 12:44:31]
Menerima pesan dari: dariMCU_2309MAS003 - Pesan: {"nokartu":"A37E7F05","idchip":"16581755","nodevice":"2309MAS003","key":"1234567890987654321","ipa":"10.10.24.127"}
[2025-08-06 12:44:31]
Berhasil merespon "dariMCU_2309MAS003" : {"respon":[{"id":"16581755","nodevice":"2309MAS003","message":"BMPE","info":"Algi Wian Avantyo--Berhasil Presensi -Mulai-","nokartu":"A37E7F05"}]}
Berhasil kirim balasan ke "responServer_2309MAS003"

[2025-08-06 12:44:39]
Menerima pesan dari: dariMCU_2309MAS003 - Pesan: {"nokartu":"F3F66905","idchip":"16581755","nodevice":"2309MAS003","key":"1234567890987654321","ipa":"10.10.24.127"}
[2025-08-06 12:44:39]
Berhasil merespon "dariMCU_2309MAS003" : {"respon":[{"id":"16581755","nodevice":"2309MAS003","message":"BMPE","info":"Agil Bayu Nugroho--Berhasil Presensi -Mulai-","nokartu":"F3F66905"}]}
Berhasil kirim balasan ke "responServer_2309MAS003"

[2025-08-06 12:44:43]
Menerima pesan dari: dariMCU_2309MAS003 - Pesan: {"nokartu":"F3F66905","idchip":"16581755","nodevice":"2309MAS003","key":"1234567890987654321","ipa":"10.10.24.127"}
[2025-08-06 12:44:43]
Berhasil merespon "dariMCU_2309MAS003" : {"respon":[{"id":"16581755","nodevice":"2309MAS003","message":"510","info":"Agil Bayu Nugroho--TERCATAT! 4 dtk lalu","nokartu":"F3F66905"}]}
Berhasil kirim balasan ke "responServer_2309MAS003"

[2025-08-06 12:45:30]
Menerima pesan dari: dariMCU_2309MAS003 - Pesan: {"nokartu":"5348DA54","idchip":"16581755","nodevice":"2309MAS003","key":"1234567890987654321","ipa":"10.10.24.127"}
[2025-08-06 12:45:30]
Berhasil merespon "dariMCU_2309MAS003" : {"respon":[{"id":"16581755","nodevice":"2309MAS003","message":"BMPE","info":"Ikhwan Priantama--Berhasil Presensi -Mulai-","nokartu":"5348DA54"}]}
Berhasil kirim balasan ke "responServer_2309MAS003"

[2025-08-06 12:45:34]
Menerima pesan dari: dariMCU_2309MAS003 - Pesan: {"nokartu":"23A521FF","idchip":"16581755","nodevice":"2309MAS003","key":"1234567890987654321","ipa":"10.10.24.127"}
[2025-08-06 12:45:34]
Berhasil merespon "dariMCU_2309MAS003" : {"respon":[{"id":"16581755","nodevice":"2309MAS003","message":"BMPE","info":"Rohim Rahmat Dani--Berhasil Presensi -Mulai-","nokartu":"23A521FF"}]}
Berhasil kirim balasan ke "responServer_2309MAS003"

[2025-08-06 12:45:37]
Menerima pesan dari: dariMCU_2309MAS003 - Pesan: {"nokartu":"23A521FF","idchip":"16581755","nodevice":"2309MAS003","key":"1234567890987654321","ipa":"10.10.24.127"}
[2025-08-06 12:45:37]
Berhasil merespon "dariMCU_2309MAS003" : {"respon":[{"id":"16581755","nodevice":"2309MAS003","message":"510","info":"Rohim Rahmat Dani--TERCATAT! 3 dtk lalu","nokartu":"23A521FF"}]}
Berhasil kirim balasan ke "responServer_2309MAS003"

[2025-08-06 12:45:38]
Menerima pesan dari: dariMCU_2309MAS003 - Pesan: {"nokartu":"13B90AFE","idchip":"16581755","nodevice":"2309MAS003","key":"1234567890987654321","ipa":"10.10.24.127"}
[2025-08-06 12:45:38]
Berhasil merespon "dariMCU_2309MAS003" : {"respon":[{"id":"16581755","nodevice":"2309MAS003","message":"BMPE","info":"Dio Wahyu Agustian--Berhasil Presensi -Mulai-","nokartu":"13B90AFE"}]}
Berhasil kirim balasan ke "responServer_2309MAS003"

[2025-08-06 12:45:42]
Menerima pesan dari: dariMCU_2309MAS003 - Pesan: {"nokartu":"13B90AFE","idchip":"16581755","nodevice":"2309MAS003","key":"1234567890987654321","ipa":"10.10.24.127"}
[2025-08-06 12:45:42]
Berhasil merespon "dariMCU_2309MAS003" : {"respon":[{"id":"16581755","nodevice":"2309MAS003","message":"510","info":"Dio Wahyu Agustian--TERCATAT! 4 dtk lalu","nokartu":"13B90AFE"}]}
Berhasil kirim balasan ke "responServer_2309MAS003"

[2025-08-06 12:45:45]
Menerima pesan dari: dariMCU_2309MAS003 - Pesan: {"nokartu":"13B90AFE","idchip":"16581755","nodevice":"2309MAS003","key":"1234567890987654321","ipa":"10.10.24.127"}
[2025-08-06 12:45:45]
Berhasil merespon "dariMCU_2309MAS003" : {"respon":[{"id":"16581755","nodevice":"2309MAS003","message":"510","info":"Dio Wahyu Agustian--TERCATAT! 7 dtk lalu","nokartu":"13B90AFE"}]}
Berhasil kirim balasan ke "responServer_2309MAS003"

[2025-08-06 12:45:46]
Menerima pesan dari: dariMCU_2309MAS003 - Pesan: {"nokartu":"13EB7505","idchip":"16581755","nodevice":"2309MAS003","key":"1234567890987654321","ipa":"10.10.24.127"}
[2025-08-06 12:45:46]
Berhasil merespon "dariMCU_2309MAS003" : {"respon":[{"id":"16581755","nodevice":"2309MAS003","message":"BPSE","info":"Agus Setiawan--Berhasil Presensi -Selesai-","nokartu":"13EB7505"}]}
Berhasil kirim balasan ke "responServer_2309MAS003"

[2025-08-06 12:49:41]
Menerima pesan dari: dariMCU_2309MAS003 - Pesan: {"nokartu":"23797B05","idchip":"16581755","nodevice":"2309MAS003","key":"1234567890987654321","ipa":"10.10.24.127"}
[2025-08-06 12:49:41]
Berhasil merespon "dariMCU_2309MAS003" : {"respon":[{"id":"16581755","nodevice":"2309MAS003","message":"BMPE","info":"Arly Zuriah Safa Soleha--Berhasil Presensi -Mulai-","nokartu":"23797B05"}]}
Berhasil kirim balasan ke "responServer_2309MAS003"

[2025-08-06 12:54:22]
Menerima pesan dari: dariMCU_2309MAS003 - Pesan: {"nokartu":"93C97A05","idchip":"16581755","nodevice":"2309MAS003","key":"1234567890987654321","ipa":"10.10.24.127"}
[2025-08-06 12:54:22]
Berhasil merespon "dariMCU_2309MAS003" : {"respon":[{"id":"16581755","nodevice":"2309MAS003","message":"BMPE","info":"Salma Nurlaila--Berhasil Presensi -Mulai-","nokartu":"93C97A05"}]}
Berhasil kirim balasan ke "responServer_2309MAS003"

[2025-08-06 12:54:23]
Menerima pesan dari: dariMCU_2309MAS003 - Pesan: {"nokartu":"93C97A05","idchip":"16581755","nodevice":"2309MAS003","key":"1234567890987654321","ipa":"10.10.24.127"}
[2025-08-06 12:54:23]
Berhasil merespon "dariMCU_2309MAS003" : {"respon":[{"id":"16581755","nodevice":"2309MAS003","message":"510","info":"Salma Nurlaila--TERCATAT! 1 dtk lalu","nokartu":"93C97A05"}]}
Berhasil kirim balasan ke "responServer_2309MAS003"

[2025-08-06 12:54:29]
Menerima pesan dari: dariMCU_2309MAS003 - Pesan: {"nokartu":"93C97A05","idchip":"16581755","nodevice":"2309MAS003","key":"1234567890987654321","ipa":"10.10.24.127"}
[2025-08-06 12:54:29]
Berhasil merespon "dariMCU_2309MAS003" : {"respon":[{"id":"16581755","nodevice":"2309MAS003","message":"510","info":"Salma Nurlaila--TERCATAT! 7 dtk lalu","nokartu":"93C97A05"}]}
Berhasil kirim balasan ke "responServer_2309MAS003"

[2025-08-06 12:54:33]
Menerima pesan dari: dariMCU_2309MAS003 - Pesan: {"nokartu":"93C97A05","idchip":"16581755","nodevice":"2309MAS003","key":"1234567890987654321","ipa":"10.10.24.127"}
[2025-08-06 12:54:33]
Berhasil merespon "dariMCU_2309MAS003" : {"respon":[{"id":"16581755","nodevice":"2309MAS003","message":"510","info":"Salma Nurlaila--TERCATAT! 11 dtk lalu","nokartu":"93C97A05"}]}
Berhasil kirim balasan ke "responServer_2309MAS003"

[2025-08-06 12:54:36]
Menerima pesan dari: dariMCU_2309MAS003 - Pesan: {"nokartu":"13167C05","idchip":"16581755","nodevice":"2309MAS003","key":"1234567890987654321","ipa":"10.10.24.127"}
[2025-08-06 12:54:36]
Berhasil merespon "dariMCU_2309MAS003" : {"respon":[{"id":"16581755","nodevice":"2309MAS003","message":"BMPE","info":"Chumaira Sihab--Berhasil Presensi -Mulai-","nokartu":"13167C05"}]}
Berhasil kirim balasan ke "responServer_2309MAS003"

[2025-08-06 12:54:37]
Menerima pesan dari: dariMCU_2309MAS003 - Pesan: {"nokartu":"13167C05","idchip":"16581755","nodevice":"2309MAS003","key":"1234567890987654321","ipa":"10.10.24.127"}
[2025-08-06 12:54:37]
Berhasil merespon "dariMCU_2309MAS003" : {"respon":[{"id":"16581755","nodevice":"2309MAS003","message":"510","info":"Chumaira Sihab--TERCATAT! 1 dtk lalu","nokartu":"13167C05"}]}
Berhasil kirim balasan ke "responServer_2309MAS003"

[2025-08-06 12:57:04]
Menerima pesan dari: dariMCU_2309MAS003 - Pesan: {"nokartu":"03D0D7E2","idchip":"16581755","nodevice":"2309MAS003","key":"1234567890987654321","ipa":"10.10.24.127"}
[2025-08-06 12:57:04]
Berhasil merespon "dariMCU_2309MAS003" : {"respon":[{"id":"16581755","nodevice":"2309MAS003","message":"BMPE","info":"Putra Fajar Noviyanto--Berhasil Presensi -Mulai-","nokartu":"03D0D7E2"}]}
Berhasil kirim balasan ke "responServer_2309MAS003"

[2025-08-06 12:57:10]
Menerima pesan dari: dariMCU_2309MAS003 - Pesan: {"nokartu":"03D0D7E2","idchip":"16581755","nodevice":"2309MAS003","key":"1234567890987654321","ipa":"10.10.24.127"}
[2025-08-06 12:57:10]
Berhasil merespon "dariMCU_2309MAS003" : {"respon":[{"id":"16581755","nodevice":"2309MAS003","message":"510","info":"Putra Fajar Noviyanto--TERCATAT! 6 dtk lalu","nokartu":"03D0D7E2"}]}
Berhasil kirim balasan ke "responServer_2309MAS003"

[2025-08-06 12:59:57]
Menerima pesan dari: dariMCU_2309MAS003 - Pesan: {"nokartu":"E3628105","idchip":"16581755","nodevice":"2309MAS003","key":"1234567890987654321","ipa":"10.10.24.127"}
[2025-08-06 12:59:57]
Berhasil merespon "dariMCU_2309MAS003" : {"respon":[{"id":"16581755","nodevice":"2309MAS003","message":"BMPE","info":"Devara Fardan Hartanto--Berhasil Presensi -Mulai-","nokartu":"E3628105"}]}
Berhasil kirim balasan ke "responServer_2309MAS003"

[2025-08-06 13:00:00]
Menerima pesan dari: dariMCU_2309MAS003 - Pesan: {"nokartu":"E3628105","idchip":"16581755","nodevice":"2309MAS003","key":"1234567890987654321","ipa":"10.10.24.127"}
[2025-08-06 13:00:00]
Berhasil merespon "dariMCU_2309MAS003" : {"respon":[{"id":"16581755","nodevice":"2309MAS003","message":"510","info":"Devara Fardan Hartanto--TERCATAT! 3 dtk lalu","nokartu":"E3628105"}]}
Berhasil kirim balasan ke "responServer_2309MAS003"

[2025-08-06 13:00:01]
Menerima pesan dari: dariMCU_2309MAS003 - Pesan: {"nokartu":"E3628105","idchip":"16581755","nodevice":"2309MAS003","key":"1234567890987654321","ipa":"10.10.24.127"}
[2025-08-06 13:00:01]
Berhasil merespon "dariMCU_2309MAS003" : {"respon":[{"id":"16581755","nodevice":"2309MAS003","message":"510","info":"Devara Fardan Hartanto--TERCATAT! 4 dtk lalu","nokartu":"E3628105"}]}
Berhasil kirim balasan ke "responServer_2309MAS003"

[2025-08-06 13:04:26]
Menerima pesan dari: dariMCU_2309MAS003 - Pesan: {"nokartu":"232A7605","idchip":"16581755","nodevice":"2309MAS003","key":"1234567890987654321","ipa":"10.10.24.127"}
[2025-08-06 13:04:26]
Berhasil merespon "dariMCU_2309MAS003" : {"respon":[{"id":"16581755","nodevice":"2309MAS003","message":"BMPE","info":"Rozan Dimensi Farid--Berhasil Presensi -Mulai-","nokartu":"232A7605"}]}
Berhasil kirim balasan ke "responServer_2309MAS003"

[2025-08-06 13:04:27]
Menerima pesan dari: dariMCU_2309MAS003 - Pesan: {"nokartu":"232A7605","idchip":"16581755","nodevice":"2309MAS003","key":"1234567890987654321","ipa":"10.10.24.127"}
[2025-08-06 13:04:27]
Berhasil merespon "dariMCU_2309MAS003" : {"respon":[{"id":"16581755","nodevice":"2309MAS003","message":"510","info":"Rozan Dimensi Farid--TERCATAT! 1 dtk lalu","nokartu":"232A7605"}]}
Berhasil kirim balasan ke "responServer_2309MAS003"

[2025-08-06 13:04:33]
Menerima pesan dari: dariMCU_2309MAS003 - Pesan: {"nokartu":"232A7605","idchip":"16581755","nodevice":"2309MAS003","key":"1234567890987654321","ipa":"10.10.24.127"}
[2025-08-06 13:04:33]
Berhasil merespon "dariMCU_2309MAS003" : {"respon":[{"id":"16581755","nodevice":"2309MAS003","message":"510","info":"Rozan Dimensi Farid--TERCATAT! 7 dtk lalu","nokartu":"232A7605"}]}
Berhasil kirim balasan ke "responServer_2309MAS003"

[2025-08-06 13:31:12]
Menerima pesan dari: dariMCU_2309MAS003 - Pesan: {"nokartu":"133A7B05","idchip":"16581755","nodevice":"2309MAS003","key":"1234567890987654321","ipa":"10.10.24.127"}
[2025-08-06 13:31:12]
Berhasil merespon "dariMCU_2309MAS003" : {"respon":[{"id":"16581755","nodevice":"2309MAS003","message":"BMPE","info":"Helmi Muhalim Azmi Solih--Berhasil Presensi -Mulai-","nokartu":"133A7B05"}]}
Berhasil kirim balasan ke "responServer_2309MAS003"

[2025-08-06 13:31:16]
Menerima pesan dari: dariMCU_2309MAS003 - Pesan: {"nokartu":"133A7B05","idchip":"16581755","nodevice":"2309MAS003","key":"1234567890987654321","ipa":"10.10.24.127"}
[2025-08-06 13:31:16]
Berhasil merespon "dariMCU_2309MAS003" : {"respon":[{"id":"16581755","nodevice":"2309MAS003","message":"510","info":"Helmi Muhalim Azmi Solih--TERCATAT! 4 dtk lalu","nokartu":"133A7B05"}]}
Berhasil kirim balasan ke "responServer_2309MAS003"

