[2025-09-30 12:06:01]
Menerima pesan dari: dariMCU_2309MAS003 - Pesan: {"nokartu":"236F14FF","idchip":"16581755","nodevice":"2309MAS003","key":"1234567890987654321","ipa":"10.10.2.32"}
[2025-09-30 12:06:01]
Berhasil merespon "dariMCU_2309MAS003" : {"respon":[{"id":"16581755","nodevice":"2309MAS003","message":"BMPE","info":"Dista Erla Dia--Berhasil Presensi -Mulai-","nokartu":"236F14FF"}]}
Berhasil kirim balasan ke "responServer_2309MAS003"

[2025-09-30 12:06:04]
Menerima pesan dari: dariMCU_2309MAS003 - Pesan: {"nokartu":"236F14FF","idchip":"16581755","nodevice":"2309MAS003","key":"1234567890987654321","ipa":"10.10.2.32"}
[2025-09-30 12:06:04]
Berhasil merespon "dariMCU_2309MAS003" : {"respon":[{"id":"16581755","nodevice":"2309MAS003","message":"510","info":"Dista Erla Dia--TERCATAT! 3 dtk lalu","nokartu":"236F14FF"}]}
Berhasil kirim balasan ke "responServer_2309MAS003"

[2025-09-30 12:06:09]
Menerima pesan dari: dariMCU_2309MAS003 - Pesan: {"nokartu":"735522FF","idchip":"16581755","nodevice":"2309MAS003","key":"1234567890987654321","ipa":"10.10.2.32"}
[2025-09-30 12:06:09]
Berhasil merespon "dariMCU_2309MAS003" : {"respon":[{"id":"16581755","nodevice":"2309MAS003","message":"BMPE","info":"Nashanda Sabrina Shasa--Berhasil Presensi -Mulai-","nokartu":"735522FF"}]}
Berhasil kirim balasan ke "responServer_2309MAS003"

[2025-09-30 12:06:13]
Menerima pesan dari: dariMCU_2309MAS003 - Pesan: {"nokartu":"735522FF","idchip":"16581755","nodevice":"2309MAS003","key":"1234567890987654321","ipa":"10.10.2.32"}
[2025-09-30 12:06:13]
Berhasil merespon "dariMCU_2309MAS003" : {"respon":[{"id":"16581755","nodevice":"2309MAS003","message":"510","info":"Nashanda Sabrina Shasa--TERCATAT! 4 dtk lalu","nokartu":"735522FF"}]}
Berhasil kirim balasan ke "responServer_2309MAS003"

[2025-09-30 12:06:16]
Menerima pesan dari: dariMCU_2309MAS003 - Pesan: {"nokartu":"735522FF","idchip":"16581755","nodevice":"2309MAS003","key":"1234567890987654321","ipa":"10.10.2.32"}
[2025-09-30 12:06:16]
Berhasil merespon "dariMCU_2309MAS003" : {"respon":[{"id":"16581755","nodevice":"2309MAS003","message":"510","info":"Nashanda Sabrina Shasa--TERCATAT! 7 dtk lalu","nokartu":"735522FF"}]}
Berhasil kirim balasan ke "responServer_2309MAS003"

[2025-09-30 12:06:17]
Menerima pesan dari: dariMCU_2309MAS003 - Pesan: {"nokartu":"735522FF","idchip":"16581755","nodevice":"2309MAS003","key":"1234567890987654321","ipa":"10.10.2.32"}
[2025-09-30 12:06:17]
Berhasil merespon "dariMCU_2309MAS003" : {"respon":[{"id":"16581755","nodevice":"2309MAS003","message":"510","info":"Nashanda Sabrina Shasa--TERCATAT! 8 dtk lalu","nokartu":"735522FF"}]}
Berhasil kirim balasan ke "responServer_2309MAS003"

[2025-09-30 12:06:28]
Menerima pesan dari: dariMCU_2309MAS003 - Pesan: {"nokartu":"E35224FF","idchip":"16581755","nodevice":"2309MAS003","key":"1234567890987654321","ipa":"10.10.2.32"}
[2025-09-30 12:06:28]
Berhasil merespon "dariMCU_2309MAS003" : {"respon":[{"id":"16581755","nodevice":"2309MAS003","message":"BMPE","info":"Ika Nur Khofifah--Berhasil Presensi -Mulai-","nokartu":"E35224FF"}]}
Berhasil kirim balasan ke "responServer_2309MAS003"

[2025-09-30 12:06:29]
Menerima pesan dari: dariMCU_2309MAS003 - Pesan: {"nokartu":"E35224FF","idchip":"16581755","nodevice":"2309MAS003","key":"1234567890987654321","ipa":"10.10.2.32"}
[2025-09-30 12:06:29]
Berhasil merespon "dariMCU_2309MAS003" : {"respon":[{"id":"16581755","nodevice":"2309MAS003","message":"510","info":"Ika Nur Khofifah--TERCATAT! 1 dtk lalu","nokartu":"E35224FF"}]}
Berhasil kirim balasan ke "responServer_2309MAS003"

[2025-09-30 12:07:25]
Menerima pesan dari: dariMCU_2309MAS003 - Pesan: {"nokartu":"431A6E05","idchip":"16581755","nodevice":"2309MAS003","key":"1234567890987654321","ipa":"10.10.2.32"}
[2025-09-30 12:07:25]
Berhasil merespon "dariMCU_2309MAS003" : {"respon":[{"id":"16581755","nodevice":"2309MAS003","message":"BMPE","info":"Dwi Setyawan--Berhasil Presensi -Mulai-","nokartu":"431A6E05"}]}
Berhasil kirim balasan ke "responServer_2309MAS003"

[2025-09-30 12:07:50]
Menerima pesan dari: dariMCU_2309MAS003 - Pesan: {"nokartu":"63D323FF","idchip":"16581755","nodevice":"2309MAS003","key":"1234567890987654321","ipa":"10.10.2.32"}
[2025-09-30 12:07:50]
Berhasil merespon "dariMCU_2309MAS003" : {"respon":[{"id":"16581755","nodevice":"2309MAS003","message":"BMPE","info":"Hisna Alifah--Berhasil Presensi -Mulai-","nokartu":"63D323FF"}]}
Berhasil kirim balasan ke "responServer_2309MAS003"

[2025-09-30 12:07:53]
Menerima pesan dari: dariMCU_2309MAS003 - Pesan: {"nokartu":"63D323FF","idchip":"16581755","nodevice":"2309MAS003","key":"1234567890987654321","ipa":"10.10.2.32"}
[2025-09-30 12:07:53]
Berhasil merespon "dariMCU_2309MAS003" : {"respon":[{"id":"16581755","nodevice":"2309MAS003","message":"510","info":"Hisna Alifah--TERCATAT! 3 dtk lalu","nokartu":"63D323FF"}]}
Berhasil kirim balasan ke "responServer_2309MAS003"

[2025-09-30 12:07:57]
Menerima pesan dari: dariMCU_2309MAS003 - Pesan: {"nokartu":"83A04B05","idchip":"16581755","nodevice":"2309MAS003","key":"1234567890987654321","ipa":"10.10.2.32"}
[2025-09-30 12:07:57]
Berhasil merespon "dariMCU_2309MAS003" : {"respon":[{"id":"16581755","nodevice":"2309MAS003","message":"BMPE","info":"Desta Ranayuda--Berhasil Presensi -Mulai-","nokartu":"83A04B05"}]}
Berhasil kirim balasan ke "responServer_2309MAS003"

[2025-09-30 12:08:00]
Menerima pesan dari: dariMCU_2309MAS003 - Pesan: {"nokartu":"83A04B05","idchip":"16581755","nodevice":"2309MAS003","key":"1234567890987654321","ipa":"10.10.2.32"}
[2025-09-30 12:08:00]
Berhasil merespon "dariMCU_2309MAS003" : {"respon":[{"id":"16581755","nodevice":"2309MAS003","message":"510","info":"Desta Ranayuda--TERCATAT! 3 dtk lalu","nokartu":"83A04B05"}]}
Berhasil kirim balasan ke "responServer_2309MAS003"

[2025-09-30 12:08:05]
Menerima pesan dari: dariMCU_2309MAS003 - Pesan: {"nokartu":"C38C0BFE","idchip":"16581755","nodevice":"2309MAS003","key":"1234567890987654321","ipa":"10.10.2.32"}
[2025-09-30 12:08:05]
Berhasil merespon "dariMCU_2309MAS003" : {"respon":[{"id":"16581755","nodevice":"2309MAS003","message":"BMPE","info":"Viana Zahra--Berhasil Presensi -Mulai-","nokartu":"C38C0BFE"}]}
Berhasil kirim balasan ke "responServer_2309MAS003"

[2025-09-30 12:08:08]
Menerima pesan dari: dariMCU_2309MAS003 - Pesan: {"nokartu":"C38C0BFE","idchip":"16581755","nodevice":"2309MAS003","key":"1234567890987654321","ipa":"10.10.2.32"}
[2025-09-30 12:08:08]
Berhasil merespon "dariMCU_2309MAS003" : {"respon":[{"id":"16581755","nodevice":"2309MAS003","message":"510","info":"Viana Zahra--TERCATAT! 3 dtk lalu","nokartu":"C38C0BFE"}]}
Berhasil kirim balasan ke "responServer_2309MAS003"

[2025-09-30 12:08:13]
Menerima pesan dari: dariMCU_2309MAS003 - Pesan: {"nokartu":"C3FE1EFF","idchip":"16581755","nodevice":"2309MAS003","key":"1234567890987654321","ipa":"10.10.2.32"}
[2025-09-30 12:08:13]
Berhasil merespon "dariMCU_2309MAS003" : {"respon":[{"id":"16581755","nodevice":"2309MAS003","message":"BMPE","info":"Fernandi Ramadhan Dwiki Dharmawan--Berhasil Presensi -Mulai-","nokartu":"C3FE1EFF"}]}
Berhasil kirim balasan ke "responServer_2309MAS003"

[2025-09-30 12:08:17]
Menerima pesan dari: dariMCU_2309MAS003 - Pesan: {"nokartu":"C3FE1EFF","idchip":"16581755","nodevice":"2309MAS003","key":"1234567890987654321","ipa":"10.10.2.32"}
[2025-09-30 12:08:17]
Berhasil merespon "dariMCU_2309MAS003" : {"respon":[{"id":"16581755","nodevice":"2309MAS003","message":"510","info":"Fernandi Ramadhan Dwiki Dharmawan--TERCATAT! 4 dtk lalu","nokartu":"C3FE1EFF"}]}
Berhasil kirim balasan ke "responServer_2309MAS003"

[2025-09-30 12:08:57]
Menerima pesan dari: dariMCU_2309MAS003 - Pesan: {"nokartu":"538418FE","idchip":"16581755","nodevice":"2309MAS003","key":"1234567890987654321","ipa":"10.10.2.32"}
[2025-09-30 12:08:57]
Berhasil merespon "dariMCU_2309MAS003" : {"respon":[{"id":"16581755","nodevice":"2309MAS003","message":"BMPE","info":"Muhamad Zidan Zaka--Berhasil Presensi -Mulai-","nokartu":"538418FE"}]}
Berhasil kirim balasan ke "responServer_2309MAS003"

[2025-09-30 12:09:01]
Menerima pesan dari: dariMCU_2309MAS003 - Pesan: {"nokartu":"538418FE","idchip":"16581755","nodevice":"2309MAS003","key":"1234567890987654321","ipa":"10.10.2.32"}
[2025-09-30 12:09:01]
Berhasil merespon "dariMCU_2309MAS003" : {"respon":[{"id":"16581755","nodevice":"2309MAS003","message":"510","info":"Muhamad Zidan Zaka--TERCATAT! 4 dtk lalu","nokartu":"538418FE"}]}
Berhasil kirim balasan ke "responServer_2309MAS003"

[2025-09-30 12:09:05]
Menerima pesan dari: dariMCU_2309MAS003 - Pesan: {"nokartu":"83074105","idchip":"16581755","nodevice":"2309MAS003","key":"1234567890987654321","ipa":"10.10.2.32"}
[2025-09-30 12:09:05]
Berhasil merespon "dariMCU_2309MAS003" : {"respon":[{"id":"16581755","nodevice":"2309MAS003","message":"BMPE","info":"Bika Argo Cahyo Atmuji--Berhasil Presensi -Mulai-","nokartu":"83074105"}]}
Berhasil kirim balasan ke "responServer_2309MAS003"

[2025-09-30 12:09:09]
Menerima pesan dari: dariMCU_2309MAS003 - Pesan: {"nokartu":"83074105","idchip":"16581755","nodevice":"2309MAS003","key":"1234567890987654321","ipa":"10.10.2.32"}
[2025-09-30 12:09:09]
Berhasil merespon "dariMCU_2309MAS003" : {"respon":[{"id":"16581755","nodevice":"2309MAS003","message":"510","info":"Bika Argo Cahyo Atmuji--TERCATAT! 4 dtk lalu","nokartu":"83074105"}]}
Berhasil kirim balasan ke "responServer_2309MAS003"

[2025-09-30 12:09:10]
Menerima pesan dari: dariMCU_2309MAS003 - Pesan: {"nokartu":"83074105","idchip":"16581755","nodevice":"2309MAS003","key":"1234567890987654321","ipa":"10.10.2.32"}
[2025-09-30 12:09:10]
Berhasil merespon "dariMCU_2309MAS003" : {"respon":[{"id":"16581755","nodevice":"2309MAS003","message":"510","info":"Bika Argo Cahyo Atmuji--TERCATAT! 5 dtk lalu","nokartu":"83074105"}]}
Berhasil kirim balasan ke "responServer_2309MAS003"

[2025-09-30 12:09:13]
Menerima pesan dari: dariMCU_2309MAS003 - Pesan: {"nokartu":"23C011FE","idchip":"16581755","nodevice":"2309MAS003","key":"1234567890987654321","ipa":"10.10.2.32"}
[2025-09-30 12:09:13]
Berhasil merespon "dariMCU_2309MAS003" : {"respon":[{"id":"16581755","nodevice":"2309MAS003","message":"BMPE","info":"Muhamad Hakan Rafly--Berhasil Presensi -Mulai-","nokartu":"23C011FE"}]}
Berhasil kirim balasan ke "responServer_2309MAS003"

[2025-09-30 12:09:14]
Menerima pesan dari: dariMCU_2309MAS003 - Pesan: {"nokartu":"939F2FFF","idchip":"16581755","nodevice":"2309MAS003","key":"1234567890987654321","ipa":"10.10.2.32"}
[2025-09-30 12:09:14]
Berhasil merespon "dariMCU_2309MAS003" : {"respon":[{"id":"16581755","nodevice":"2309MAS003","message":"BMPE","info":"Hafid Andira--Berhasil Presensi -Mulai-","nokartu":"939F2FFF"}]}
Berhasil kirim balasan ke "responServer_2309MAS003"

[2025-09-30 12:09:18]
Menerima pesan dari: dariMCU_2309MAS003 - Pesan: {"nokartu":"83074105","idchip":"16581755","nodevice":"2309MAS003","key":"1234567890987654321","ipa":"10.10.2.32"}
[2025-09-30 12:09:18]
Berhasil merespon "dariMCU_2309MAS003" : {"respon":[{"id":"16581755","nodevice":"2309MAS003","message":"510","info":"Bika Argo Cahyo Atmuji--TERCATAT! 13 dtk lalu","nokartu":"83074105"}]}
Berhasil kirim balasan ke "responServer_2309MAS003"

[2025-09-30 12:09:22]
Menerima pesan dari: dariMCU_2309MAS003 - Pesan: {"nokartu":"83074105","idchip":"16581755","nodevice":"2309MAS003","key":"1234567890987654321","ipa":"10.10.2.32"}
[2025-09-30 12:09:22]
Berhasil merespon "dariMCU_2309MAS003" : {"respon":[{"id":"16581755","nodevice":"2309MAS003","message":"510","info":"Bika Argo Cahyo Atmuji--TERCATAT! 17 dtk lalu","nokartu":"83074105"}]}
Berhasil kirim balasan ke "responServer_2309MAS003"

[2025-09-30 12:09:23]
Menerima pesan dari: dariMCU_2309MAS003 - Pesan: {"nokartu":"C31F05FE","idchip":"16581755","nodevice":"2309MAS003","key":"1234567890987654321","ipa":"10.10.2.32"}
[2025-09-30 12:09:23]
Berhasil merespon "dariMCU_2309MAS003" : {"respon":[{"id":"16581755","nodevice":"2309MAS003","message":"BMPE","info":"Sofa Nur Hasanah--Berhasil Presensi -Mulai-","nokartu":"C31F05FE"}]}
Berhasil kirim balasan ke "responServer_2309MAS003"

[2025-09-30 12:09:27]
Menerima pesan dari: dariMCU_2309MAS003 - Pesan: {"nokartu":"93284105","idchip":"16581755","nodevice":"2309MAS003","key":"1234567890987654321","ipa":"10.10.2.32"}
[2025-09-30 12:09:27]
Berhasil merespon "dariMCU_2309MAS003" : {"respon":[{"id":"16581755","nodevice":"2309MAS003","message":"BMPE","info":"Dika Setiyani--Berhasil Presensi -Mulai-","nokartu":"93284105"}]}
Berhasil kirim balasan ke "responServer_2309MAS003"

[2025-09-30 12:09:28]
Menerima pesan dari: dariMCU_2309MAS003 - Pesan: {"nokartu":"93284105","idchip":"16581755","nodevice":"2309MAS003","key":"1234567890987654321","ipa":"10.10.2.32"}
[2025-09-30 12:09:28]
Berhasil merespon "dariMCU_2309MAS003" : {"respon":[{"id":"16581755","nodevice":"2309MAS003","message":"510","info":"Dika Setiyani--TERCATAT! 1 dtk lalu","nokartu":"93284105"}]}
Berhasil kirim balasan ke "responServer_2309MAS003"

[2025-09-30 12:09:50]
Menerima pesan dari: dariMCU_2309MAS003 - Pesan: {"nokartu":"A3E821FF","idchip":"16581755","nodevice":"2309MAS003","key":"1234567890987654321","ipa":"10.10.2.32"}
[2025-09-30 12:09:50]
Berhasil merespon "dariMCU_2309MAS003" : {"respon":[{"id":"16581755","nodevice":"2309MAS003","message":"BMPE","info":"Eka Whizky Julya--Berhasil Presensi -Mulai-","nokartu":"A3E821FF"}]}
Berhasil kirim balasan ke "responServer_2309MAS003"

[2025-09-30 12:09:53]
Menerima pesan dari: dariMCU_2309MAS003 - Pesan: {"nokartu":"A3E821FF","idchip":"16581755","nodevice":"2309MAS003","key":"1234567890987654321","ipa":"10.10.2.32"}
[2025-09-30 12:09:53]
Berhasil merespon "dariMCU_2309MAS003" : {"respon":[{"id":"16581755","nodevice":"2309MAS003","message":"510","info":"Eka Whizky Julya--TERCATAT! 3 dtk lalu","nokartu":"A3E821FF"}]}
Berhasil kirim balasan ke "responServer_2309MAS003"

[2025-09-30 12:10:41]
Menerima pesan dari: dariMCU_2309MAS003 - Pesan: {"nokartu":"134A16FF","idchip":"16581755","nodevice":"2309MAS003","key":"1234567890987654321","ipa":"10.10.2.32"}
[2025-09-30 12:10:41]
Berhasil merespon "dariMCU_2309MAS003" : {"respon":[{"id":"16581755","nodevice":"2309MAS003","message":"BMPE","info":"Geordy Muhammad Chudzori--Berhasil Presensi -Mulai-","nokartu":"134A16FF"}]}
Berhasil kirim balasan ke "responServer_2309MAS003"

[2025-09-30 12:10:45]
Menerima pesan dari: dariMCU_2309MAS003 - Pesan: {"nokartu":"134A16FF","idchip":"16581755","nodevice":"2309MAS003","key":"1234567890987654321","ipa":"10.10.2.32"}
[2025-09-30 12:10:45]
Berhasil merespon "dariMCU_2309MAS003" : {"respon":[{"id":"16581755","nodevice":"2309MAS003","message":"510","info":"Geordy Muhammad Chudzori--TERCATAT! 4 dtk lalu","nokartu":"134A16FF"}]}
Berhasil kirim balasan ke "responServer_2309MAS003"

[2025-09-30 12:12:13]
Menerima pesan dari: dariMCU_2309MAS003 - Pesan: {"nokartu":"232A7605","idchip":"16581755","nodevice":"2309MAS003","key":"1234567890987654321","ipa":"10.10.2.32"}
[2025-09-30 12:12:13]
Berhasil merespon "dariMCU_2309MAS003" : {"respon":[{"id":"16581755","nodevice":"2309MAS003","message":"BMPE","info":"Rozan Dimensi Farid--Berhasil Presensi -Mulai-","nokartu":"232A7605"}]}
Berhasil kirim balasan ke "responServer_2309MAS003"

[2025-09-30 12:13:33]
Menerima pesan dari: dariMCU_2309MAS003 - Pesan: {"nokartu":"43F32EFF","idchip":"16581755","nodevice":"2309MAS003","key":"1234567890987654321","ipa":"10.10.2.32"}
[2025-09-30 12:13:33]
Berhasil merespon "dariMCU_2309MAS003" : {"respon":[{"id":"16581755","nodevice":"2309MAS003","message":"BMPE","info":"Khilyatul Aini--Berhasil Presensi -Mulai-","nokartu":"43F32EFF"}]}
Berhasil kirim balasan ke "responServer_2309MAS003"

[2025-09-30 12:13:40]
Menerima pesan dari: dariMCU_2309MAS003 - Pesan: {"nokartu":"33816E05","idchip":"16581755","nodevice":"2309MAS003","key":"1234567890987654321","ipa":"10.10.2.32"}
[2025-09-30 12:13:40]
Berhasil merespon "dariMCU_2309MAS003" : {"respon":[{"id":"16581755","nodevice":"2309MAS003","message":"BMPE","info":"Ifa Nilta El-Haq--Berhasil Presensi -Mulai-","nokartu":"33816E05"}]}
Berhasil kirim balasan ke "responServer_2309MAS003"

[2025-09-30 12:13:41]
Menerima pesan dari: dariMCU_2309MAS003 - Pesan: {"nokartu":"D331CE02","idchip":"16581755","nodevice":"2309MAS003","key":"1234567890987654321","ipa":"10.10.2.32"}
[2025-09-30 12:13:41]
Berhasil merespon "dariMCU_2309MAS003" : {"respon":[{"id":"16581755","nodevice":"2309MAS003","message":"BMPE","info":"Citra Syafa Aqila--Berhasil Presensi -Mulai-","nokartu":"D331CE02"}]}
Berhasil kirim balasan ke "responServer_2309MAS003"

[2025-09-30 12:13:44]
Menerima pesan dari: dariMCU_2309MAS003 - Pesan: {"nokartu":"33816E05","idchip":"16581755","nodevice":"2309MAS003","key":"1234567890987654321","ipa":"10.10.2.32"}
[2025-09-30 12:13:44]
Berhasil merespon "dariMCU_2309MAS003" : {"respon":[{"id":"16581755","nodevice":"2309MAS003","message":"510","info":"Ifa Nilta El-Haq--TERCATAT! 4 dtk lalu","nokartu":"33816E05"}]}
Berhasil kirim balasan ke "responServer_2309MAS003"

[2025-09-30 12:13:45]
Menerima pesan dari: dariMCU_2309MAS003 - Pesan: {"nokartu":"F3AC0AFE","idchip":"16581755","nodevice":"2309MAS003","key":"1234567890987654321","ipa":"10.10.2.32"}
[2025-09-30 12:13:45]
Berhasil merespon "dariMCU_2309MAS003" : {"respon":[{"id":"16581755","nodevice":"2309MAS003","message":"BMPE","info":"Nurul Umi Salamah--Berhasil Presensi -Mulai-","nokartu":"F3AC0AFE"}]}
Berhasil kirim balasan ke "responServer_2309MAS003"

[2025-09-30 12:13:49]
Menerima pesan dari: dariMCU_2309MAS003 - Pesan: {"nokartu":"E3890FFE","idchip":"16581755","nodevice":"2309MAS003","key":"1234567890987654321","ipa":"10.10.2.32"}
[2025-09-30 12:13:49]
Berhasil merespon "dariMCU_2309MAS003" : {"respon":[{"id":"16581755","nodevice":"2309MAS003","message":"BMPE","info":"Nafisa Azka Rasyida--Berhasil Presensi -Mulai-","nokartu":"E3890FFE"}]}
Berhasil kirim balasan ke "responServer_2309MAS003"

[2025-09-30 12:13:50]
Menerima pesan dari: dariMCU_2309MAS003 - Pesan: {"nokartu":"E3890FFE","idchip":"16581755","nodevice":"2309MAS003","key":"1234567890987654321","ipa":"10.10.2.32"}
[2025-09-30 12:13:50]
Berhasil merespon "dariMCU_2309MAS003" : {"respon":[{"id":"16581755","nodevice":"2309MAS003","message":"510","info":"Nafisa Azka Rasyida--TERCATAT! 1 dtk lalu","nokartu":"E3890FFE"}]}
Berhasil kirim balasan ke "responServer_2309MAS003"

[2025-09-30 12:13:53]
Menerima pesan dari: dariMCU_2309MAS003 - Pesan: {"nokartu":"F3AC0AFE","idchip":"16581755","nodevice":"2309MAS003","key":"1234567890987654321","ipa":"10.10.2.32"}
[2025-09-30 12:13:53]
Berhasil merespon "dariMCU_2309MAS003" : {"respon":[{"id":"16581755","nodevice":"2309MAS003","message":"510","info":"Nurul Umi Salamah--TERCATAT! 8 dtk lalu","nokartu":"F3AC0AFE"}]}
Berhasil kirim balasan ke "responServer_2309MAS003"

[2025-09-30 12:14:23]
Menerima pesan dari: dariMCU_2309MAS003 - Pesan: {"nokartu":"53E415FF","idchip":"16581755","nodevice":"2309MAS003","key":"1234567890987654321","ipa":"10.10.2.32"}
[2025-09-30 12:14:23]
Berhasil merespon "dariMCU_2309MAS003" : {"respon":[{"id":"16581755","nodevice":"2309MAS003","message":"BMPE","info":"Arta Widyasari--Berhasil Presensi -Mulai-","nokartu":"53E415FF"}]}
Berhasil kirim balasan ke "responServer_2309MAS003"

[2025-09-30 12:14:30]
Menerima pesan dari: dariMCU_2309MAS003 - Pesan: {"nokartu":"53E415FF","idchip":"16581755","nodevice":"2309MAS003","key":"1234567890987654321","ipa":"10.10.2.32"}
[2025-09-30 12:14:30]
Berhasil merespon "dariMCU_2309MAS003" : {"respon":[{"id":"16581755","nodevice":"2309MAS003","message":"510","info":"Arta Widyasari--TERCATAT! 7 dtk lalu","nokartu":"53E415FF"}]}
Berhasil kirim balasan ke "responServer_2309MAS003"

[2025-09-30 12:15:18]
Menerima pesan dari: dariMCU_2309MAS003 - Pesan: {"nokartu":"F39F1AFE","idchip":"16581755","nodevice":"2309MAS003","key":"1234567890987654321","ipa":"10.10.2.32"}
[2025-09-30 12:15:18]
Berhasil merespon "dariMCU_2309MAS003" : {"respon":[{"id":"16581755","nodevice":"2309MAS003","message":"BMPE","info":"Anton Joko Kurniawan--Berhasil Presensi -Mulai-","nokartu":"F39F1AFE"}]}
Berhasil kirim balasan ke "responServer_2309MAS003"

[2025-09-30 12:15:22]
Menerima pesan dari: dariMCU_2309MAS003 - Pesan: {"nokartu":"F39F1AFE","idchip":"16581755","nodevice":"2309MAS003","key":"1234567890987654321","ipa":"10.10.2.32"}
[2025-09-30 12:15:22]
Berhasil merespon "dariMCU_2309MAS003" : {"respon":[{"id":"16581755","nodevice":"2309MAS003","message":"510","info":"Anton Joko Kurniawan--TERCATAT! 4 dtk lalu","nokartu":"F39F1AFE"}]}
Berhasil kirim balasan ke "responServer_2309MAS003"

[2025-09-30 12:15:29]
Menerima pesan dari: dariMCU_2309MAS003 - Pesan: {"nokartu":"13B021FF","idchip":"16581755","nodevice":"2309MAS003","key":"1234567890987654321","ipa":"10.10.2.32"}
[2025-09-30 12:15:29]
Berhasil merespon "dariMCU_2309MAS003" : {"respon":[{"id":"16581755","nodevice":"2309MAS003","message":"BMPE","info":"Muhammad Ulynnuha--Berhasil Presensi -Mulai-","nokartu":"13B021FF"}]}
Berhasil kirim balasan ke "responServer_2309MAS003"

[2025-09-30 12:15:32]
Menerima pesan dari: dariMCU_2309MAS003 - Pesan: {"nokartu":"13B021FF","idchip":"16581755","nodevice":"2309MAS003","key":"1234567890987654321","ipa":"10.10.2.32"}
[2025-09-30 12:15:32]
Berhasil merespon "dariMCU_2309MAS003" : {"respon":[{"id":"16581755","nodevice":"2309MAS003","message":"510","info":"Muhammad Ulynnuha--TERCATAT! 3 dtk lalu","nokartu":"13B021FF"}]}
Berhasil kirim balasan ke "responServer_2309MAS003"

[2025-09-30 12:15:46]
Menerima pesan dari: dariMCU_2309MAS003 - Pesan: {"nokartu":"4613B989","idchip":"16581755","nodevice":"2309MAS003","key":"1234567890987654321","ipa":"10.10.2.32"}
[2025-09-30 12:15:46]
Berhasil merespon "dariMCU_2309MAS003" : {"respon":[{"id":"16581755","nodevice":"2309MAS003","message":"BMPE","info":"Esa Chandra Apriawan--Berhasil Presensi -Mulai-","nokartu":"4613B989"}]}
Berhasil kirim balasan ke "responServer_2309MAS003"

[2025-09-30 12:15:49]
Menerima pesan dari: dariMCU_2309MAS003 - Pesan: {"nokartu":"4613B989","idchip":"16581755","nodevice":"2309MAS003","key":"1234567890987654321","ipa":"10.10.2.32"}
[2025-09-30 12:15:49]
Berhasil merespon "dariMCU_2309MAS003" : {"respon":[{"id":"16581755","nodevice":"2309MAS003","message":"510","info":"Esa Chandra Apriawan--TERCATAT! 3 dtk lalu","nokartu":"4613B989"}]}
Berhasil kirim balasan ke "responServer_2309MAS003"

[2025-09-30 12:15:50]
Menerima pesan dari: dariMCU_2309MAS003 - Pesan: {"nokartu":"63B91AFE","idchip":"16581755","nodevice":"2309MAS003","key":"1234567890987654321","ipa":"10.10.2.32"}
[2025-09-30 12:15:50]
Berhasil merespon "dariMCU_2309MAS003" : {"respon":[{"id":"16581755","nodevice":"2309MAS003","message":"BMPE","info":"Bahy Daniswara--Berhasil Presensi -Mulai-","nokartu":"63B91AFE"}]}
Berhasil kirim balasan ke "responServer_2309MAS003"

[2025-09-30 12:16:15]
Menerima pesan dari: dariMCU_2309MAS003 - Pesan: {"nokartu":"E3BD2FFF","idchip":"16581755","nodevice":"2309MAS003","key":"1234567890987654321","ipa":"10.10.2.32"}
[2025-09-30 12:16:15]
Berhasil merespon "dariMCU_2309MAS003" : {"respon":[{"id":"16581755","nodevice":"2309MAS003","message":"BMPE","info":"Al Raissa Dyka Pratama--Berhasil Presensi -Mulai-","nokartu":"E3BD2FFF"}]}
Berhasil kirim balasan ke "responServer_2309MAS003"

[2025-09-30 12:16:18]
Menerima pesan dari: dariMCU_2309MAS003 - Pesan: {"nokartu":"E3BD2FFF","idchip":"16581755","nodevice":"2309MAS003","key":"1234567890987654321","ipa":"10.10.2.32"}
[2025-09-30 12:16:18]
Berhasil merespon "dariMCU_2309MAS003" : {"respon":[{"id":"16581755","nodevice":"2309MAS003","message":"510","info":"Al Raissa Dyka Pratama--TERCATAT! 3 dtk lalu","nokartu":"E3BD2FFF"}]}
Berhasil kirim balasan ke "responServer_2309MAS003"

[2025-09-30 12:16:22]
Menerima pesan dari: dariMCU_2309MAS003 - Pesan: {"nokartu":"73DD16FE","idchip":"16581755","nodevice":"2309MAS003","key":"1234567890987654321","ipa":"10.10.2.32"}
[2025-09-30 12:16:22]
Berhasil merespon "dariMCU_2309MAS003" : {"respon":[{"id":"16581755","nodevice":"2309MAS003","message":"BMPE","info":"Malik Fatah--Berhasil Presensi -Mulai-","nokartu":"73DD16FE"}]}
Berhasil kirim balasan ke "responServer_2309MAS003"

[2025-09-30 12:16:26]
Menerima pesan dari: dariMCU_2309MAS003 - Pesan: {"nokartu":"73DD16FE","idchip":"16581755","nodevice":"2309MAS003","key":"1234567890987654321","ipa":"10.10.2.32"}
[2025-09-30 12:16:26]
Berhasil merespon "dariMCU_2309MAS003" : {"respon":[{"id":"16581755","nodevice":"2309MAS003","message":"510","info":"Malik Fatah--TERCATAT! 4 dtk lalu","nokartu":"73DD16FE"}]}
Berhasil kirim balasan ke "responServer_2309MAS003"

[2025-09-30 12:16:29]
Menerima pesan dari: dariMCU_2309MAS003 - Pesan: {"nokartu":"43C30DFE","idchip":"16581755","nodevice":"2309MAS003","key":"1234567890987654321","ipa":"10.10.2.32"}
[2025-09-30 12:16:29]
Berhasil merespon "dariMCU_2309MAS003" : {"respon":[{"id":"16581755","nodevice":"2309MAS003","message":"BMPE","info":"Muhamad Saroful Anam--Berhasil Presensi -Mulai-","nokartu":"43C30DFE"}]}
Berhasil kirim balasan ke "responServer_2309MAS003"

[2025-09-30 12:16:33]
Menerima pesan dari: dariMCU_2309MAS003 - Pesan: {"nokartu":"03807505","idchip":"16581755","nodevice":"2309MAS003","key":"1234567890987654321","ipa":"10.10.2.32"}
[2025-09-30 12:16:33]
Berhasil merespon "dariMCU_2309MAS003" : {"respon":[{"id":"16581755","nodevice":"2309MAS003","message":"BMPE","info":"Muhammad Khairurasyid--Berhasil Presensi -Mulai-","nokartu":"03807505"}]}
Berhasil kirim balasan ke "responServer_2309MAS003"

[2025-09-30 12:16:34]
Menerima pesan dari: dariMCU_2309MAS003 - Pesan: {"nokartu":"188235E28DFA86","idchip":"16581755","nodevice":"2309MAS003","key":"1234567890987654321","ipa":"10.10.2.32"}
[2025-09-30 12:16:34]
Berhasil merespon "dariMCU_2309MAS003" : {"respon":[{"id":"16581755","nodevice":"2309MAS003","message":"IDTT","info":"Kartu ID ini--belum terdaftar","nokartu":"188235E28DFA86"}]}
Berhasil kirim balasan ke "responServer_2309MAS003"

[2025-09-30 12:16:37]
Menerima pesan dari: dariMCU_2309MAS003 - Pesan: {"nokartu":"03807505","idchip":"16581755","nodevice":"2309MAS003","key":"1234567890987654321","ipa":"10.10.2.32"}
[2025-09-30 12:16:37]
Berhasil merespon "dariMCU_2309MAS003" : {"respon":[{"id":"16581755","nodevice":"2309MAS003","message":"510","info":"Muhammad Khairurasyid--TERCATAT! 4 dtk lalu","nokartu":"03807505"}]}
Berhasil kirim balasan ke "responServer_2309MAS003"

[2025-09-30 12:16:38]
Menerima pesan dari: dariMCU_2309MAS003 - Pesan: {"nokartu":"63D323FF","idchip":"16581755","nodevice":"2309MAS003","key":"1234567890987654321","ipa":"10.10.2.32"}
[2025-09-30 12:16:38]
Berhasil merespon "dariMCU_2309MAS003" : {"respon":[{"id":"16581755","nodevice":"2309MAS003","message":"BPSE","info":"Hisna Alifah--Berhasil Presensi -Selesai-","nokartu":"63D323FF"}]}
Berhasil kirim balasan ke "responServer_2309MAS003"

[2025-09-30 12:16:42]
Menerima pesan dari: dariMCU_2309MAS003 - Pesan: {"nokartu":"E35224FF","idchip":"16581755","nodevice":"2309MAS003","key":"1234567890987654321","ipa":"10.10.2.32"}
[2025-09-30 12:16:42]
Berhasil merespon "dariMCU_2309MAS003" : {"respon":[{"id":"16581755","nodevice":"2309MAS003","message":"BPSE","info":"Ika Nur Khofifah--Berhasil Presensi -Selesai-","nokartu":"E35224FF"}]}
Berhasil kirim balasan ke "responServer_2309MAS003"

[2025-09-30 12:16:45]
Menerima pesan dari: dariMCU_2309MAS003 - Pesan: {"nokartu":"E35224FF","idchip":"16581755","nodevice":"2309MAS003","key":"1234567890987654321","ipa":"10.10.2.32"}
[2025-09-30 12:16:45]
Berhasil merespon "dariMCU_2309MAS003" : {"respon":[{"id":"16581755","nodevice":"2309MAS003","message":"510","info":"Ika Nur Khofifah--TERCATAT! 3 dtk lalu","nokartu":"E35224FF"}]}
Berhasil kirim balasan ke "responServer_2309MAS003"

[2025-09-30 12:16:51]
Menerima pesan dari: dariMCU_2309MAS003 - Pesan: {"nokartu":"D32022FF","idchip":"16581755","nodevice":"2309MAS003","key":"1234567890987654321","ipa":"10.10.2.32"}
[2025-09-30 12:16:51]
Berhasil merespon "dariMCU_2309MAS003" : {"respon":[{"id":"16581755","nodevice":"2309MAS003","message":"BMPE","info":"Andin Ningmas Dewi--Berhasil Presensi -Mulai-","nokartu":"D32022FF"}]}
Berhasil kirim balasan ke "responServer_2309MAS003"

[2025-09-30 12:16:54]
Menerima pesan dari: dariMCU_2309MAS003 - Pesan: {"nokartu":"D32022FF","idchip":"16581755","nodevice":"2309MAS003","key":"1234567890987654321","ipa":"10.10.2.32"}
[2025-09-30 12:16:54]
Berhasil merespon "dariMCU_2309MAS003" : {"respon":[{"id":"16581755","nodevice":"2309MAS003","message":"510","info":"Andin Ningmas Dewi--TERCATAT! 3 dtk lalu","nokartu":"D32022FF"}]}
Berhasil kirim balasan ke "responServer_2309MAS003"

[2025-09-30 12:17:32]
Menerima pesan dari: dariMCU_2309MAS003 - Pesan: {"nokartu":"332A12FE","idchip":"16581755","nodevice":"2309MAS003","key":"1234567890987654321","ipa":"10.10.2.32"}
[2025-09-30 12:17:32]
Berhasil merespon "dariMCU_2309MAS003" : {"respon":[{"id":"16581755","nodevice":"2309MAS003","message":"BMPE","info":"Rehan Nibras Hibban--Berhasil Presensi -Mulai-","nokartu":"332A12FE"}]}
Berhasil kirim balasan ke "responServer_2309MAS003"

[2025-09-30 12:17:35]
Menerima pesan dari: dariMCU_2309MAS003 - Pesan: {"nokartu":"034C09FE","idchip":"16581755","nodevice":"2309MAS003","key":"1234567890987654321","ipa":"10.10.2.32"}
[2025-09-30 12:17:35]
Berhasil merespon "dariMCU_2309MAS003" : {"respon":[{"id":"16581755","nodevice":"2309MAS003","message":"BMPE","info":"Rifqi Umayah--Berhasil Presensi -Mulai-","nokartu":"034C09FE"}]}
Berhasil kirim balasan ke "responServer_2309MAS003"

[2025-09-30 12:17:39]
Menerima pesan dari: dariMCU_2309MAS003 - Pesan: {"nokartu":"034C09FE","idchip":"16581755","nodevice":"2309MAS003","key":"1234567890987654321","ipa":"10.10.2.32"}
[2025-09-30 12:17:39]
Berhasil merespon "dariMCU_2309MAS003" : {"respon":[{"id":"16581755","nodevice":"2309MAS003","message":"510","info":"Rifqi Umayah--TERCATAT! 4 dtk lalu","nokartu":"034C09FE"}]}
Berhasil kirim balasan ke "responServer_2309MAS003"

[2025-09-30 12:17:42]
Menerima pesan dari: dariMCU_2309MAS003 - Pesan: {"nokartu":"631233FF","idchip":"16581755","nodevice":"2309MAS003","key":"1234567890987654321","ipa":"10.10.2.32"}
[2025-09-30 12:17:42]
Berhasil merespon "dariMCU_2309MAS003" : {"respon":[{"id":"16581755","nodevice":"2309MAS003","message":"BMPE","info":"Bulan Meilani Putri--Berhasil Presensi -Mulai-","nokartu":"631233FF"}]}
Berhasil kirim balasan ke "responServer_2309MAS003"

[2025-09-30 12:17:46]
Menerima pesan dari: dariMCU_2309MAS003 - Pesan: {"nokartu":"631233FF","idchip":"16581755","nodevice":"2309MAS003","key":"1234567890987654321","ipa":"10.10.2.32"}
[2025-09-30 12:17:46]
Berhasil merespon "dariMCU_2309MAS003" : {"respon":[{"id":"16581755","nodevice":"2309MAS003","message":"510","info":"Bulan Meilani Putri--TERCATAT! 4 dtk lalu","nokartu":"631233FF"}]}
Berhasil kirim balasan ke "responServer_2309MAS003"

[2025-09-30 12:17:47]
Menerima pesan dari: dariMCU_2309MAS003 - Pesan: {"nokartu":"631233FF","idchip":"16581755","nodevice":"2309MAS003","key":"1234567890987654321","ipa":"10.10.2.32"}
[2025-09-30 12:17:47]
Berhasil merespon "dariMCU_2309MAS003" : {"respon":[{"id":"16581755","nodevice":"2309MAS003","message":"510","info":"Bulan Meilani Putri--TERCATAT! 5 dtk lalu","nokartu":"631233FF"}]}
Berhasil kirim balasan ke "responServer_2309MAS003"

[2025-09-30 12:17:50]
Menerima pesan dari: dariMCU_2309MAS003 - Pesan: {"nokartu":"631233FF","idchip":"16581755","nodevice":"2309MAS003","key":"1234567890987654321","ipa":"10.10.2.32"}
[2025-09-30 12:17:50]
Berhasil merespon "dariMCU_2309MAS003" : {"respon":[{"id":"16581755","nodevice":"2309MAS003","message":"510","info":"Bulan Meilani Putri--TERCATAT! 8 dtk lalu","nokartu":"631233FF"}]}
Berhasil kirim balasan ke "responServer_2309MAS003"

[2025-09-30 12:17:54]
Menerima pesan dari: dariMCU_2309MAS003 - Pesan: {"nokartu":"533C23FF","idchip":"16581755","nodevice":"2309MAS003","key":"1234567890987654321","ipa":"10.10.2.32"}
[2025-09-30 12:17:54]
Berhasil merespon "dariMCU_2309MAS003" : {"respon":[{"id":"16581755","nodevice":"2309MAS003","message":"BMPE","info":"Reifania Fatan--Berhasil Presensi -Mulai-","nokartu":"533C23FF"}]}
Berhasil kirim balasan ke "responServer_2309MAS003"

[2025-09-30 12:17:58]
Menerima pesan dari: dariMCU_2309MAS003 - Pesan: {"nokartu":"533C23FF","idchip":"16581755","nodevice":"2309MAS003","key":"1234567890987654321","ipa":"10.10.2.32"}
[2025-09-30 12:17:58]
Berhasil merespon "dariMCU_2309MAS003" : {"respon":[{"id":"16581755","nodevice":"2309MAS003","message":"510","info":"Reifania Fatan--TERCATAT! 4 dtk lalu","nokartu":"533C23FF"}]}
Berhasil kirim balasan ke "responServer_2309MAS003"

[2025-09-30 12:17:59]
Menerima pesan dari: dariMCU_2309MAS003 - Pesan: {"nokartu":"C3E615FE","idchip":"16581755","nodevice":"2309MAS003","key":"1234567890987654321","ipa":"10.10.2.32"}
[2025-09-30 12:17:59]
Berhasil merespon "dariMCU_2309MAS003" : {"respon":[{"id":"16581755","nodevice":"2309MAS003","message":"BMPE","info":"Amelia Lasaufa Yardha--Berhasil Presensi -Mulai-","nokartu":"C3E615FE"}]}
Berhasil kirim balasan ke "responServer_2309MAS003"

[2025-09-30 12:18:03]
Menerima pesan dari: dariMCU_2309MAS003 - Pesan: {"nokartu":"033B10FE","idchip":"16581755","nodevice":"2309MAS003","key":"1234567890987654321","ipa":"10.10.2.32"}
[2025-09-30 12:18:03]
Berhasil merespon "dariMCU_2309MAS003" : {"respon":[{"id":"16581755","nodevice":"2309MAS003","message":"BMPE","info":"Dyah Ayu Riyanti--Berhasil Presensi -Mulai-","nokartu":"033B10FE"}]}
Berhasil kirim balasan ke "responServer_2309MAS003"

[2025-09-30 12:18:06]
Menerima pesan dari: dariMCU_2309MAS003 - Pesan: {"nokartu":"033B10FE","idchip":"16581755","nodevice":"2309MAS003","key":"1234567890987654321","ipa":"10.10.2.32"}
[2025-09-30 12:18:06]
Berhasil merespon "dariMCU_2309MAS003" : {"respon":[{"id":"16581755","nodevice":"2309MAS003","message":"510","info":"Dyah Ayu Riyanti--TERCATAT! 3 dtk lalu","nokartu":"033B10FE"}]}
Berhasil kirim balasan ke "responServer_2309MAS003"

[2025-09-30 12:18:07]
Menerima pesan dari: dariMCU_2309MAS003 - Pesan: {"nokartu":"83512FFF","idchip":"16581755","nodevice":"2309MAS003","key":"1234567890987654321","ipa":"10.10.2.32"}
[2025-09-30 12:18:07]
Berhasil merespon "dariMCU_2309MAS003" : {"respon":[{"id":"16581755","nodevice":"2309MAS003","message":"BMPE","info":"Nafrida Noviyanti--Berhasil Presensi -Mulai-","nokartu":"83512FFF"}]}
Berhasil kirim balasan ke "responServer_2309MAS003"

[2025-09-30 12:18:11]
Menerima pesan dari: dariMCU_2309MAS003 - Pesan: {"nokartu":"43F32EFF","idchip":"16581755","nodevice":"2309MAS003","key":"1234567890987654321","ipa":"10.10.2.32"}
[2025-09-30 12:18:11]
Berhasil merespon "dariMCU_2309MAS003" : {"respon":[{"id":"16581755","nodevice":"2309MAS003","message":"BPSE","info":"Khilyatul Aini--Berhasil Presensi -Selesai-","nokartu":"43F32EFF"}]}
Berhasil kirim balasan ke "responServer_2309MAS003"

[2025-09-30 12:18:15]
Menerima pesan dari: dariMCU_2309MAS003 - Pesan: {"nokartu":"133B33FF","idchip":"16581755","nodevice":"2309MAS003","key":"1234567890987654321","ipa":"10.10.2.32"}
[2025-09-30 12:18:15]
Berhasil merespon "dariMCU_2309MAS003" : {"respon":[{"id":"16581755","nodevice":"2309MAS003","message":"BMPE","info":"Elsa Olivia--Berhasil Presensi -Mulai-","nokartu":"133B33FF"}]}
Berhasil kirim balasan ke "responServer_2309MAS003"

[2025-09-30 12:18:16]
Menerima pesan dari: dariMCU_2309MAS003 - Pesan: {"nokartu":"133B33FF","idchip":"16581755","nodevice":"2309MAS003","key":"1234567890987654321","ipa":"10.10.2.32"}
[2025-09-30 12:18:16]
Berhasil merespon "dariMCU_2309MAS003" : {"respon":[{"id":"16581755","nodevice":"2309MAS003","message":"510","info":"Elsa Olivia--TERCATAT! 1 dtk lalu","nokartu":"133B33FF"}]}
Berhasil kirim balasan ke "responServer_2309MAS003"

[2025-09-30 12:18:22]
Menerima pesan dari: dariMCU_2309MAS003 - Pesan: {"nokartu":"D30F14FE","idchip":"16581755","nodevice":"2309MAS003","key":"1234567890987654321","ipa":"10.10.2.32"}
[2025-09-30 12:18:22]
Berhasil merespon "dariMCU_2309MAS003" : {"respon":[{"id":"16581755","nodevice":"2309MAS003","message":"BMPE","info":"Viola Ela Rahmahani--Berhasil Presensi -Mulai-","nokartu":"D30F14FE"}]}
Berhasil kirim balasan ke "responServer_2309MAS003"

[2025-09-30 12:18:25]
Menerima pesan dari: dariMCU_2309MAS003 - Pesan: {"nokartu":"D30F14FE","idchip":"16581755","nodevice":"2309MAS003","key":"1234567890987654321","ipa":"10.10.2.32"}
[2025-09-30 12:18:25]
Berhasil merespon "dariMCU_2309MAS003" : {"respon":[{"id":"16581755","nodevice":"2309MAS003","message":"510","info":"Viola Ela Rahmahani--TERCATAT! 3 dtk lalu","nokartu":"D30F14FE"}]}
Berhasil kirim balasan ke "responServer_2309MAS003"

[2025-09-30 12:18:43]
Menerima pesan dari: dariMCU_2309MAS003 - Pesan: {"nokartu":"935705FE","idchip":"16581755","nodevice":"2309MAS003","key":"1234567890987654321","ipa":"10.10.2.32"}
[2025-09-30 12:18:43]
Berhasil merespon "dariMCU_2309MAS003" : {"respon":[{"id":"16581755","nodevice":"2309MAS003","message":"BMPE","info":"Shafa Az Zahra--Berhasil Presensi -Mulai-","nokartu":"935705FE"}]}
Berhasil kirim balasan ke "responServer_2309MAS003"

[2025-09-30 12:18:46]
Menerima pesan dari: dariMCU_2309MAS003 - Pesan: {"nokartu":"935705FE","idchip":"16581755","nodevice":"2309MAS003","key":"1234567890987654321","ipa":"10.10.2.32"}
[2025-09-30 12:18:46]
Berhasil merespon "dariMCU_2309MAS003" : {"respon":[{"id":"16581755","nodevice":"2309MAS003","message":"510","info":"Shafa Az Zahra--TERCATAT! 3 dtk lalu","nokartu":"935705FE"}]}
Berhasil kirim balasan ke "responServer_2309MAS003"

[2025-09-30 12:18:50]
Menerima pesan dari: dariMCU_2309MAS003 - Pesan: {"nokartu":"935705FE","idchip":"16581755","nodevice":"2309MAS003","key":"1234567890987654321","ipa":"10.10.2.32"}
[2025-09-30 12:18:50]
Berhasil merespon "dariMCU_2309MAS003" : {"respon":[{"id":"16581755","nodevice":"2309MAS003","message":"510","info":"Shafa Az Zahra--TERCATAT! 7 dtk lalu","nokartu":"935705FE"}]}
Berhasil kirim balasan ke "responServer_2309MAS003"

[2025-09-30 12:21:24]
Menerima pesan dari: dariMCU_2309MAS003 - Pesan: {"nokartu":"636D7305","idchip":"16581755","nodevice":"2309MAS003","key":"1234567890987654321","ipa":"10.10.2.32"}
[2025-09-30 12:21:24]
Berhasil merespon "dariMCU_2309MAS003" : {"respon":[{"id":"16581755","nodevice":"2309MAS003","message":"BMPE","info":"Sasetyo--Berhasil Presensi -Mulai-","nokartu":"636D7305"}]}
Berhasil kirim balasan ke "responServer_2309MAS003"

[2025-09-30 12:21:28]
Menerima pesan dari: dariMCU_2309MAS003 - Pesan: {"nokartu":"636D7305","idchip":"16581755","nodevice":"2309MAS003","key":"1234567890987654321","ipa":"10.10.2.32"}
[2025-09-30 12:21:28]
Berhasil merespon "dariMCU_2309MAS003" : {"respon":[{"id":"16581755","nodevice":"2309MAS003","message":"510","info":"Sasetyo--TERCATAT! 4 dtk lalu","nokartu":"636D7305"}]}
Berhasil kirim balasan ke "responServer_2309MAS003"

[2025-09-30 12:21:33]
Menerima pesan dari: dariMCU_2309MAS003 - Pesan: {"nokartu":"13EB7505","idchip":"16581755","nodevice":"2309MAS003","key":"1234567890987654321","ipa":"10.10.2.32"}
[2025-09-30 12:21:33]
Berhasil merespon "dariMCU_2309MAS003" : {"respon":[{"id":"16581755","nodevice":"2309MAS003","message":"BMPE","info":"Agus Setiawan--Berhasil Presensi -Mulai-","nokartu":"13EB7505"}]}
Berhasil kirim balasan ke "responServer_2309MAS003"

[2025-09-30 12:21:37]
Menerima pesan dari: dariMCU_2309MAS003 - Pesan: {"nokartu":"13EB7505","idchip":"16581755","nodevice":"2309MAS003","key":"1234567890987654321","ipa":"10.10.2.32"}
[2025-09-30 12:21:37]
Berhasil merespon "dariMCU_2309MAS003" : {"respon":[{"id":"16581755","nodevice":"2309MAS003","message":"510","info":"Agus Setiawan--TERCATAT! 4 dtk lalu","nokartu":"13EB7505"}]}
Berhasil kirim balasan ke "responServer_2309MAS003"

[2025-09-30 12:21:41]
Menerima pesan dari: dariMCU_2309MAS003 - Pesan: {"nokartu":"03D0D7E2","idchip":"16581755","nodevice":"2309MAS003","key":"1234567890987654321","ipa":"10.10.2.32"}
[2025-09-30 12:21:41]
Berhasil merespon "dariMCU_2309MAS003" : {"respon":[{"id":"16581755","nodevice":"2309MAS003","message":"BMPE","info":"Putra Fajar Noviyanto--Berhasil Presensi -Mulai-","nokartu":"03D0D7E2"}]}
Berhasil kirim balasan ke "responServer_2309MAS003"

[2025-09-30 12:21:45]
Menerima pesan dari: dariMCU_2309MAS003 - Pesan: {"nokartu":"D32434FF","idchip":"16581755","nodevice":"2309MAS003","key":"1234567890987654321","ipa":"10.10.2.32"}
[2025-09-30 12:21:45]
Berhasil merespon "dariMCU_2309MAS003" : {"respon":[{"id":"16581755","nodevice":"2309MAS003","message":"BMPE","info":"Muhamad Ulil Albab--Berhasil Presensi -Mulai-","nokartu":"D32434FF"}]}
Berhasil kirim balasan ke "responServer_2309MAS003"

[2025-09-30 12:21:46]
Menerima pesan dari: dariMCU_2309MAS003 - Pesan: {"nokartu":"D32434FF","idchip":"16581755","nodevice":"2309MAS003","key":"1234567890987654321","ipa":"10.10.2.32"}
[2025-09-30 12:21:46]
Berhasil merespon "dariMCU_2309MAS003" : {"respon":[{"id":"16581755","nodevice":"2309MAS003","message":"510","info":"Muhamad Ulil Albab--TERCATAT! 1 dtk lalu","nokartu":"D32434FF"}]}
Berhasil kirim balasan ke "responServer_2309MAS003"

[2025-09-30 12:21:50]
Menerima pesan dari: dariMCU_2309MAS003 - Pesan: {"nokartu":"83EC7605","idchip":"16581755","nodevice":"2309MAS003","key":"1234567890987654321","ipa":"10.10.2.32"}
[2025-09-30 12:21:50]
Berhasil merespon "dariMCU_2309MAS003" : {"respon":[{"id":"16581755","nodevice":"2309MAS003","message":"BMPE","info":"Rahmatullah Ramadani--Berhasil Presensi -Mulai-","nokartu":"83EC7605"}]}
Berhasil kirim balasan ke "responServer_2309MAS003"

[2025-09-30 12:21:54]
Menerima pesan dari: dariMCU_2309MAS003 - Pesan: {"nokartu":"83EC7605","idchip":"16581755","nodevice":"2309MAS003","key":"1234567890987654321","ipa":"10.10.2.32"}
[2025-09-30 12:21:54]
Berhasil merespon "dariMCU_2309MAS003" : {"respon":[{"id":"16581755","nodevice":"2309MAS003","message":"510","info":"Rahmatullah Ramadani--TERCATAT! 4 dtk lalu","nokartu":"83EC7605"}]}
Berhasil kirim balasan ke "responServer_2309MAS003"

[2025-09-30 12:21:58]
Menerima pesan dari: dariMCU_2309MAS003 - Pesan: {"nokartu":"732522FF","idchip":"16581755","nodevice":"2309MAS003","key":"1234567890987654321","ipa":"10.10.2.32"}
[2025-09-30 12:21:58]
Berhasil merespon "dariMCU_2309MAS003" : {"respon":[{"id":"16581755","nodevice":"2309MAS003","message":"BMPE","info":"Khanifatu Zahra--Berhasil Presensi -Mulai-","nokartu":"732522FF"}]}
Berhasil kirim balasan ke "responServer_2309MAS003"

[2025-09-30 12:22:01]
Menerima pesan dari: dariMCU_2309MAS003 - Pesan: {"nokartu":"732522FF","idchip":"16581755","nodevice":"2309MAS003","key":"1234567890987654321","ipa":"10.10.2.32"}
[2025-09-30 12:22:01]
Berhasil merespon "dariMCU_2309MAS003" : {"respon":[{"id":"16581755","nodevice":"2309MAS003","message":"510","info":"Khanifatu Zahra--TERCATAT! 3 dtk lalu","nokartu":"732522FF"}]}
Berhasil kirim balasan ke "responServer_2309MAS003"

[2025-09-30 12:22:05]
Menerima pesan dari: dariMCU_2309MAS003 - Pesan: {"nokartu":"732522FF","idchip":"16581755","nodevice":"2309MAS003","key":"1234567890987654321","ipa":"10.10.2.32"}
[2025-09-30 12:22:05]
Berhasil merespon "dariMCU_2309MAS003" : {"respon":[{"id":"16581755","nodevice":"2309MAS003","message":"510","info":"Khanifatu Zahra--TERCATAT! 7 dtk lalu","nokartu":"732522FF"}]}
Berhasil kirim balasan ke "responServer_2309MAS003"

[2025-09-30 12:22:43]
Menerima pesan dari: dariMCU_2309MAS003 - Pesan: {"nokartu":"B33018FE","idchip":"16581755","nodevice":"2309MAS003","key":"1234567890987654321","ipa":"10.10.2.32"}
[2025-09-30 12:22:43]
Berhasil merespon "dariMCU_2309MAS003" : {"respon":[{"id":"16581755","nodevice":"2309MAS003","message":"BMPE","info":"Aulia Qotrunada--Berhasil Presensi -Mulai-","nokartu":"B33018FE"}]}
Berhasil kirim balasan ke "responServer_2309MAS003"

[2025-09-30 12:25:49]
Menerima pesan dari: dariMCU_2309MAS003 - Pesan: {"nokartu":"832C7C05","idchip":"16581755","nodevice":"2309MAS003","key":"1234567890987654321","ipa":"10.10.2.32"}
[2025-09-30 12:25:49]
Berhasil merespon "dariMCU_2309MAS003" : {"respon":[{"id":"16581755","nodevice":"2309MAS003","message":"BMPE","info":"Farel Ababil--Berhasil Presensi -Mulai-","nokartu":"832C7C05"}]}
Berhasil kirim balasan ke "responServer_2309MAS003"

[2025-09-30 12:25:55]
Menerima pesan dari: dariMCU_2309MAS003 - Pesan: {"nokartu":"832C7C05","idchip":"16581755","nodevice":"2309MAS003","key":"1234567890987654321","ipa":"10.10.2.32"}
[2025-09-30 12:25:55]
Berhasil merespon "dariMCU_2309MAS003" : {"respon":[{"id":"16581755","nodevice":"2309MAS003","message":"510","info":"Farel Ababil--TERCATAT! 6 dtk lalu","nokartu":"832C7C05"}]}
Berhasil kirim balasan ke "responServer_2309MAS003"

[2025-09-30 12:25:56]
Menerima pesan dari: dariMCU_2309MAS003 - Pesan: {"nokartu":"832C7C05","idchip":"16581755","nodevice":"2309MAS003","key":"1234567890987654321","ipa":"10.10.2.32"}
[2025-09-30 12:25:56]
Berhasil merespon "dariMCU_2309MAS003" : {"respon":[{"id":"16581755","nodevice":"2309MAS003","message":"510","info":"Farel Ababil--TERCATAT! 7 dtk lalu","nokartu":"832C7C05"}]}
Berhasil kirim balasan ke "responServer_2309MAS003"

[2025-09-30 12:28:07]
Menerima pesan dari: dariMCU_2309MAS003 - Pesan: {"nokartu":"83987B05","idchip":"16581755","nodevice":"2309MAS003","key":"1234567890987654321","ipa":"10.10.2.32"}
[2025-09-30 12:28:07]
Berhasil merespon "dariMCU_2309MAS003" : {"respon":[{"id":"16581755","nodevice":"2309MAS003","message":"BMPE","info":"Raditya Pratama--Berhasil Presensi -Mulai-","nokartu":"83987B05"}]}
Berhasil kirim balasan ke "responServer_2309MAS003"

[2025-09-30 12:28:11]
Menerima pesan dari: dariMCU_2309MAS003 - Pesan: {"nokartu":"83987B05","idchip":"16581755","nodevice":"2309MAS003","key":"1234567890987654321","ipa":"10.10.2.32"}
[2025-09-30 12:28:11]
Berhasil merespon "dariMCU_2309MAS003" : {"respon":[{"id":"16581755","nodevice":"2309MAS003","message":"510","info":"Raditya Pratama--TERCATAT! 4 dtk lalu","nokartu":"83987B05"}]}
Berhasil kirim balasan ke "responServer_2309MAS003"

[2025-09-30 12:28:16]
Menerima pesan dari: dariMCU_2309MAS003 - Pesan: {"nokartu":"E39C8205","idchip":"16581755","nodevice":"2309MAS003","key":"1234567890987654321","ipa":"10.10.2.32"}
[2025-09-30 12:28:16]
Berhasil merespon "dariMCU_2309MAS003" : {"respon":[{"id":"16581755","nodevice":"2309MAS003","message":"BMPE","info":"Raihan Dhika Arraisya--Berhasil Presensi -Mulai-","nokartu":"E39C8205"}]}
Berhasil kirim balasan ke "responServer_2309MAS003"

[2025-09-30 12:28:20]
Menerima pesan dari: dariMCU_2309MAS003 - Pesan: {"nokartu":"E39C8205","idchip":"16581755","nodevice":"2309MAS003","key":"1234567890987654321","ipa":"10.10.2.32"}
[2025-09-30 12:28:20]
Berhasil merespon "dariMCU_2309MAS003" : {"respon":[{"id":"16581755","nodevice":"2309MAS003","message":"510","info":"Raihan Dhika Arraisya--TERCATAT! 4 dtk lalu","nokartu":"E39C8205"}]}
Berhasil kirim balasan ke "responServer_2309MAS003"

[2025-09-30 12:28:33]
Menerima pesan dari: dariMCU_2309MAS003 - Pesan: {"nokartu":"331A6805","idchip":"16581755","nodevice":"2309MAS003","key":"1234567890987654321","ipa":"10.10.2.32"}
[2025-09-30 12:28:33]
Berhasil merespon "dariMCU_2309MAS003" : {"respon":[{"id":"16581755","nodevice":"2309MAS003","message":"BMPE","info":"Yohan Setiawan--Berhasil Presensi -Mulai-","nokartu":"331A6805"}]}
Berhasil kirim balasan ke "responServer_2309MAS003"

[2025-09-30 12:28:38]
Menerima pesan dari: dariMCU_2309MAS003 - Pesan: {"nokartu":"331A6805","idchip":"16581755","nodevice":"2309MAS003","key":"1234567890987654321","ipa":"10.10.2.32"}
[2025-09-30 12:28:38]
Berhasil merespon "dariMCU_2309MAS003" : {"respon":[{"id":"16581755","nodevice":"2309MAS003","message":"510","info":"Yohan Setiawan--TERCATAT! 5 dtk lalu","nokartu":"331A6805"}]}
Berhasil kirim balasan ke "responServer_2309MAS003"

[2025-09-30 12:29:14]
Menerima pesan dari: dariMCU_2309MAS003 - Pesan: {"nokartu":"C3BB21FF","idchip":"16581755","nodevice":"2309MAS003","key":"1234567890987654321","ipa":"10.10.2.32"}
[2025-09-30 12:29:14]
Berhasil merespon "dariMCU_2309MAS003" : {"respon":[{"id":"16581755","nodevice":"2309MAS003","message":"BMPE","info":"Nathania Cesya Salsabila--Berhasil Presensi -Mulai-","nokartu":"C3BB21FF"}]}
Berhasil kirim balasan ke "responServer_2309MAS003"

[2025-09-30 12:29:15]
Menerima pesan dari: dariMCU_2309MAS003 - Pesan: {"nokartu":"C3BB21FF","idchip":"16581755","nodevice":"2309MAS003","key":"1234567890987654321","ipa":"10.10.2.32"}
[2025-09-30 12:29:15]
Berhasil merespon "dariMCU_2309MAS003" : {"respon":[{"id":"16581755","nodevice":"2309MAS003","message":"510","info":"Nathania Cesya Salsabila--TERCATAT! 1 dtk lalu","nokartu":"C3BB21FF"}]}
Berhasil kirim balasan ke "responServer_2309MAS003"

[2025-09-30 12:29:18]
Menerima pesan dari: dariMCU_2309MAS003 - Pesan: {"nokartu":"C3BB21FF","idchip":"16581755","nodevice":"2309MAS003","key":"1234567890987654321","ipa":"10.10.2.32"}
[2025-09-30 12:29:18]
Berhasil merespon "dariMCU_2309MAS003" : {"respon":[{"id":"16581755","nodevice":"2309MAS003","message":"510","info":"Nathania Cesya Salsabila--TERCATAT! 4 dtk lalu","nokartu":"C3BB21FF"}]}
Berhasil kirim balasan ke "responServer_2309MAS003"

[2025-09-30 12:29:22]
Menerima pesan dari: dariMCU_2309MAS003 - Pesan: {"nokartu":"C3BB21FF","idchip":"16581755","nodevice":"2309MAS003","key":"1234567890987654321","ipa":"10.10.2.32"}
[2025-09-30 12:29:22]
Berhasil merespon "dariMCU_2309MAS003" : {"respon":[{"id":"16581755","nodevice":"2309MAS003","message":"510","info":"Nathania Cesya Salsabila--TERCATAT! 8 dtk lalu","nokartu":"C3BB21FF"}]}
Berhasil kirim balasan ke "responServer_2309MAS003"

[2025-09-30 12:29:23]
Menerima pesan dari: dariMCU_2309MAS003 - Pesan: {"nokartu":"43D72AFF","idchip":"16581755","nodevice":"2309MAS003","key":"1234567890987654321","ipa":"10.10.2.32"}
[2025-09-30 12:29:23]
Berhasil merespon "dariMCU_2309MAS003" : {"respon":[{"id":"16581755","nodevice":"2309MAS003","message":"BMPE","info":"Resa Dwi Cahyani--Berhasil Presensi -Mulai-","nokartu":"43D72AFF"}]}
Berhasil kirim balasan ke "responServer_2309MAS003"

[2025-09-30 12:29:27]
Menerima pesan dari: dariMCU_2309MAS003 - Pesan: {"nokartu":"53802FFF","idchip":"16581755","nodevice":"2309MAS003","key":"1234567890987654321","ipa":"10.10.2.32"}
[2025-09-30 12:29:27]
Berhasil merespon "dariMCU_2309MAS003" : {"respon":[{"id":"16581755","nodevice":"2309MAS003","message":"BMPE","info":"Fatimatuzzahro--Berhasil Presensi -Mulai-","nokartu":"53802FFF"}]}
Berhasil kirim balasan ke "responServer_2309MAS003"

[2025-09-30 12:35:21]
Menerima pesan dari: dariMCU_2309MAS003 - Pesan: {"nokartu":"53802FFF","idchip":"16581755","nodevice":"2309MAS003","key":"1234567890987654321","ipa":"10.10.2.32"}
[2025-09-30 12:35:21]
Berhasil merespon "dariMCU_2309MAS003" : {"respon":[{"id":"16581755","nodevice":"2309MAS003","message":"BPSE","info":"Fatimatuzzahro--Berhasil Presensi -Selesai-","nokartu":"53802FFF"}]}
Berhasil kirim balasan ke "responServer_2309MAS003"

[2025-09-30 12:35:25]
Menerima pesan dari: dariMCU_2309MAS003 - Pesan: {"nokartu":"53802FFF","idchip":"16581755","nodevice":"2309MAS003","key":"1234567890987654321","ipa":"10.10.2.32"}
[2025-09-30 12:35:25]
Berhasil merespon "dariMCU_2309MAS003" : {"respon":[{"id":"16581755","nodevice":"2309MAS003","message":"510","info":"Fatimatuzzahro--TERCATAT! 4 dtk lalu","nokartu":"53802FFF"}]}
Berhasil kirim balasan ke "responServer_2309MAS003"

[2025-09-30 12:39:15]
Menerima pesan dari: dariMCU_2309MAS003 - Pesan: {"nokartu":"63551605","idchip":"16581755","nodevice":"2309MAS003","key":"1234567890987654321","ipa":"10.10.2.32"}
[2025-09-30 12:39:15]
Berhasil merespon "dariMCU_2309MAS003" : {"respon":[{"id":"16581755","nodevice":"2309MAS003","message":"BMPE","info":"Melisa Sofiyana--Berhasil Presensi -Mulai-","nokartu":"63551605"}]}
Berhasil kirim balasan ke "responServer_2309MAS003"

[2025-09-30 12:39:16]
Menerima pesan dari: dariMCU_2309MAS003 - Pesan: {"nokartu":"63551605","idchip":"16581755","nodevice":"2309MAS003","key":"1234567890987654321","ipa":"10.10.2.32"}
[2025-09-30 12:39:16]
Berhasil merespon "dariMCU_2309MAS003" : {"respon":[{"id":"16581755","nodevice":"2309MAS003","message":"510","info":"Melisa Sofiyana--TERCATAT! 1 dtk lalu","nokartu":"63551605"}]}
Berhasil kirim balasan ke "responServer_2309MAS003"

[2025-09-30 12:39:27]
Menerima pesan dari: dariMCU_2309MAS003 - Pesan: {"nokartu":"0014D75D","idchip":"16581755","nodevice":"2309MAS003","key":"1234567890987654321","ipa":"10.10.2.32"}
[2025-09-30 12:39:27]
Berhasil merespon "dariMCU_2309MAS003" : {"respon":[{"id":"16581755","nodevice":"2309MAS003","message":"BMPE","info":"Hevie Mei Rienita--Berhasil Presensi -Mulai-","nokartu":"0014D75D"}]}
Berhasil kirim balasan ke "responServer_2309MAS003"

[2025-09-30 12:39:28]
Menerima pesan dari: dariMCU_2309MAS003 - Pesan: {"nokartu":"0014D75D","idchip":"16581755","nodevice":"2309MAS003","key":"1234567890987654321","ipa":"10.10.2.32"}
[2025-09-30 12:39:28]
Berhasil merespon "dariMCU_2309MAS003" : {"respon":[{"id":"16581755","nodevice":"2309MAS003","message":"510","info":"Hevie Mei Rienita--TERCATAT! 1 dtk lalu","nokartu":"0014D75D"}]}
Berhasil kirim balasan ke "responServer_2309MAS003"

[2025-09-30 12:39:33]
Menerima pesan dari: dariMCU_2309MAS003 - Pesan: {"nokartu":"137C8105","idchip":"16581755","nodevice":"2309MAS003","key":"1234567890987654321","ipa":"10.10.2.32"}
[2025-09-30 12:39:33]
Berhasil merespon "dariMCU_2309MAS003" : {"respon":[{"id":"16581755","nodevice":"2309MAS003","message":"BMPE","info":"Widya Nurjanah--Berhasil Presensi -Mulai-","nokartu":"137C8105"}]}
Berhasil kirim balasan ke "responServer_2309MAS003"

[2025-09-30 12:39:34]
Menerima pesan dari: dariMCU_2309MAS003 - Pesan: {"nokartu":"137C8105","idchip":"16581755","nodevice":"2309MAS003","key":"1234567890987654321","ipa":"10.10.2.32"}
[2025-09-30 12:39:34]
Berhasil merespon "dariMCU_2309MAS003" : {"respon":[{"id":"16581755","nodevice":"2309MAS003","message":"510","info":"Widya Nurjanah--TERCATAT! 1 dtk lalu","nokartu":"137C8105"}]}
Berhasil kirim balasan ke "responServer_2309MAS003"

[2025-09-30 12:39:53]
Menerima pesan dari: dariMCU_2309MAS003 - Pesan: {"nokartu":"C3601B05","idchip":"16581755","nodevice":"2309MAS003","key":"1234567890987654321","ipa":"10.10.2.32"}
[2025-09-30 12:39:53]
Berhasil merespon "dariMCU_2309MAS003" : {"respon":[{"id":"16581755","nodevice":"2309MAS003","message":"BMPE","info":"Leli Avivah--Berhasil Presensi -Mulai-","nokartu":"C3601B05"}]}
Berhasil kirim balasan ke "responServer_2309MAS003"

[2025-09-30 12:39:58]
Menerima pesan dari: dariMCU_2309MAS003 - Pesan: {"nokartu":"C3601B05","idchip":"16581755","nodevice":"2309MAS003","key":"1234567890987654321","ipa":"10.10.2.32"}
[2025-09-30 12:39:58]
Berhasil merespon "dariMCU_2309MAS003" : {"respon":[{"id":"16581755","nodevice":"2309MAS003","message":"510","info":"Leli Avivah--TERCATAT! 5 dtk lalu","nokartu":"C3601B05"}]}
Berhasil kirim balasan ke "responServer_2309MAS003"

[2025-09-30 12:44:03]
Menerima pesan dari: dariMCU_2309MAS003 - Pesan: {"nokartu":"23336705","idchip":"16581755","nodevice":"2309MAS003","key":"1234567890987654321","ipa":"10.10.2.32"}
[2025-09-30 12:44:03]
Berhasil merespon "dariMCU_2309MAS003" : {"respon":[{"id":"16581755","nodevice":"2309MAS003","message":"BMPE","info":"Dwi Indra Pratama--Berhasil Presensi -Mulai-","nokartu":"23336705"}]}
Berhasil kirim balasan ke "responServer_2309MAS003"

[2025-09-30 12:44:06]
Menerima pesan dari: dariMCU_2309MAS003 - Pesan: {"nokartu":"23336705","idchip":"16581755","nodevice":"2309MAS003","key":"1234567890987654321","ipa":"10.10.2.32"}
[2025-09-30 12:44:06]
Berhasil merespon "dariMCU_2309MAS003" : {"respon":[{"id":"16581755","nodevice":"2309MAS003","message":"510","info":"Dwi Indra Pratama--TERCATAT! 3 dtk lalu","nokartu":"23336705"}]}
Berhasil kirim balasan ke "responServer_2309MAS003"

[2025-09-30 12:45:08]
Menerima pesan dari: dariMCU_2309MAS003 - Pesan: {"nokartu":"23A521FF","idchip":"16581755","nodevice":"2309MAS003","key":"1234567890987654321","ipa":"10.10.2.32"}
[2025-09-30 12:45:08]
Berhasil merespon "dariMCU_2309MAS003" : {"respon":[{"id":"16581755","nodevice":"2309MAS003","message":"BMPE","info":"Rohim Rahmat Dani--Berhasil Presensi -Mulai-","nokartu":"23A521FF"}]}
Berhasil kirim balasan ke "responServer_2309MAS003"

[2025-09-30 12:45:12]
Menerima pesan dari: dariMCU_2309MAS003 - Pesan: {"nokartu":"23A521FF","idchip":"16581755","nodevice":"2309MAS003","key":"1234567890987654321","ipa":"10.10.2.32"}
[2025-09-30 12:45:12]
Berhasil merespon "dariMCU_2309MAS003" : {"respon":[{"id":"16581755","nodevice":"2309MAS003","message":"510","info":"Rohim Rahmat Dani--TERCATAT! 4 dtk lalu","nokartu":"23A521FF"}]}
Berhasil kirim balasan ke "responServer_2309MAS003"

[2025-09-30 12:45:16]
Menerima pesan dari: dariMCU_2309MAS003 - Pesan: {"nokartu":"23A521FF","idchip":"16581755","nodevice":"2309MAS003","key":"1234567890987654321","ipa":"10.10.2.32"}
[2025-09-30 12:45:16]
Berhasil merespon "dariMCU_2309MAS003" : {"respon":[{"id":"16581755","nodevice":"2309MAS003","message":"510","info":"Rohim Rahmat Dani--TERCATAT! 8 dtk lalu","nokartu":"23A521FF"}]}
Berhasil kirim balasan ke "responServer_2309MAS003"

[2025-09-30 12:45:19]
Menerima pesan dari: dariMCU_2309MAS003 - Pesan: {"nokartu":"13B90AFE","idchip":"16581755","nodevice":"2309MAS003","key":"1234567890987654321","ipa":"10.10.2.32"}
[2025-09-30 12:45:19]
Berhasil merespon "dariMCU_2309MAS003" : {"respon":[{"id":"16581755","nodevice":"2309MAS003","message":"BMPE","info":"Dio Wahyu Agustian--Berhasil Presensi -Mulai-","nokartu":"13B90AFE"}]}
Berhasil kirim balasan ke "responServer_2309MAS003"

[2025-09-30 12:45:23]
Menerima pesan dari: dariMCU_2309MAS003 - Pesan: {"nokartu":"13B90AFE","idchip":"16581755","nodevice":"2309MAS003","key":"1234567890987654321","ipa":"10.10.2.32"}
[2025-09-30 12:45:23]
Berhasil merespon "dariMCU_2309MAS003" : {"respon":[{"id":"16581755","nodevice":"2309MAS003","message":"510","info":"Dio Wahyu Agustian--TERCATAT! 4 dtk lalu","nokartu":"13B90AFE"}]}
Berhasil kirim balasan ke "responServer_2309MAS003"

[2025-09-30 12:45:27]
Menerima pesan dari: dariMCU_2309MAS003 - Pesan: {"nokartu":"13B90AFE","idchip":"16581755","nodevice":"2309MAS003","key":"1234567890987654321","ipa":"10.10.2.32"}
[2025-09-30 12:45:27]
Berhasil merespon "dariMCU_2309MAS003" : {"respon":[{"id":"16581755","nodevice":"2309MAS003","message":"510","info":"Dio Wahyu Agustian--TERCATAT! 8 dtk lalu","nokartu":"13B90AFE"}]}
Berhasil kirim balasan ke "responServer_2309MAS003"

[2025-09-30 12:46:39]
Menerima pesan dari: dariMCU_2309MAS003 - Pesan: {"nokartu":"53A67F05","idchip":"16581755","nodevice":"2309MAS003","key":"1234567890987654321","ipa":"10.10.2.32"}
[2025-09-30 12:46:39]
Berhasil merespon "dariMCU_2309MAS003" : {"respon":[{"id":"16581755","nodevice":"2309MAS003","message":"BMPE","info":"Calista Dewi Octavia--Berhasil Presensi -Mulai-","nokartu":"53A67F05"}]}
Berhasil kirim balasan ke "responServer_2309MAS003"

[2025-09-30 12:46:44]
Menerima pesan dari: dariMCU_2309MAS003 - Pesan: {"nokartu":"53A67F05","idchip":"16581755","nodevice":"2309MAS003","key":"1234567890987654321","ipa":"10.10.2.32"}
[2025-09-30 12:46:44]
Berhasil merespon "dariMCU_2309MAS003" : {"respon":[{"id":"16581755","nodevice":"2309MAS003","message":"510","info":"Calista Dewi Octavia--TERCATAT! 5 dtk lalu","nokartu":"53A67F05"}]}
Berhasil kirim balasan ke "responServer_2309MAS003"

[2025-09-30 12:48:32]
Menerima pesan dari: dariMCU_2309MAS003 - Pesan: {"nokartu":"03811D05","idchip":"16581755","nodevice":"2309MAS003","key":"1234567890987654321","ipa":"10.10.2.32"}
[2025-09-30 12:48:32]
Berhasil merespon "dariMCU_2309MAS003" : {"respon":[{"id":"16581755","nodevice":"2309MAS003","message":"BMPE","info":"Akbar Firmansyah--Berhasil Presensi -Mulai-","nokartu":"03811D05"}]}
Berhasil kirim balasan ke "responServer_2309MAS003"

[2025-09-30 12:48:35]
Menerima pesan dari: dariMCU_2309MAS003 - Pesan: {"nokartu":"73A27305","idchip":"16581755","nodevice":"2309MAS003","key":"1234567890987654321","ipa":"10.10.2.32"}
[2025-09-30 12:48:35]
Berhasil merespon "dariMCU_2309MAS003" : {"respon":[{"id":"16581755","nodevice":"2309MAS003","message":"BMPE","info":"Radhian Iqmal Winniardie--Berhasil Presensi -Mulai-","nokartu":"73A27305"}]}
Berhasil kirim balasan ke "responServer_2309MAS003"

[2025-09-30 12:48:36]
Menerima pesan dari: dariMCU_2309MAS003 - Pesan: {"nokartu":"73A27305","idchip":"16581755","nodevice":"2309MAS003","key":"1234567890987654321","ipa":"10.10.2.32"}
[2025-09-30 12:48:36]
Berhasil merespon "dariMCU_2309MAS003" : {"respon":[{"id":"16581755","nodevice":"2309MAS003","message":"510","info":"Radhian Iqmal Winniardie--TERCATAT! 1 dtk lalu","nokartu":"73A27305"}]}
Berhasil kirim balasan ke "responServer_2309MAS003"

[2025-09-30 12:48:41]
Menerima pesan dari: dariMCU_2309MAS003 - Pesan: {"nokartu":"73DFF7E4","idchip":"16581755","nodevice":"2309MAS003","key":"1234567890987654321","ipa":"10.10.2.32"}
[2025-09-30 12:48:41]
Berhasil merespon "dariMCU_2309MAS003" : {"respon":[{"id":"16581755","nodevice":"2309MAS003","message":"BMPE","info":"Sukron Chakim--Berhasil Presensi -Mulai-","nokartu":"73DFF7E4"}]}
Berhasil kirim balasan ke "responServer_2309MAS003"

[2025-09-30 12:48:45]
Menerima pesan dari: dariMCU_2309MAS003 - Pesan: {"nokartu":"73DFF7E4","idchip":"16581755","nodevice":"2309MAS003","key":"1234567890987654321","ipa":"10.10.2.32"}
[2025-09-30 12:48:45]
Berhasil merespon "dariMCU_2309MAS003" : {"respon":[{"id":"16581755","nodevice":"2309MAS003","message":"510","info":"Sukron Chakim--TERCATAT! 4 dtk lalu","nokartu":"73DFF7E4"}]}
Berhasil kirim balasan ke "responServer_2309MAS003"

[2025-09-30 12:48:49]
Menerima pesan dari: dariMCU_2309MAS003 - Pesan: {"nokartu":"73DFF7E4","idchip":"16581755","nodevice":"2309MAS003","key":"1234567890987654321","ipa":"10.10.2.32"}
[2025-09-30 12:48:49]
Berhasil merespon "dariMCU_2309MAS003" : {"respon":[{"id":"16581755","nodevice":"2309MAS003","message":"510","info":"Sukron Chakim--TERCATAT! 8 dtk lalu","nokartu":"73DFF7E4"}]}
Berhasil kirim balasan ke "responServer_2309MAS003"

[2025-09-30 12:48:53]
Menerima pesan dari: dariMCU_2309MAS003 - Pesan: {"nokartu":"73DFF7E4","idchip":"16581755","nodevice":"2309MAS003","key":"1234567890987654321","ipa":"10.10.2.32"}
[2025-09-30 12:48:53]
Berhasil merespon "dariMCU_2309MAS003" : {"respon":[{"id":"16581755","nodevice":"2309MAS003","message":"510","info":"Sukron Chakim--TERCATAT! 12 dtk lalu","nokartu":"73DFF7E4"}]}
Berhasil kirim balasan ke "responServer_2309MAS003"

[2025-09-30 12:48:57]
Menerima pesan dari: dariMCU_2309MAS003 - Pesan: {"nokartu":"33396FE4","idchip":"16581755","nodevice":"2309MAS003","key":"1234567890987654321","ipa":"10.10.2.32"}
[2025-09-30 12:48:57]
Berhasil merespon "dariMCU_2309MAS003" : {"respon":[{"id":"16581755","nodevice":"2309MAS003","message":"BMPE","info":"Muhammad Rizqi Hendrawan--Berhasil Presensi -Mulai-","nokartu":"33396FE4"}]}
Berhasil kirim balasan ke "responServer_2309MAS003"

[2025-09-30 12:49:00]
Menerima pesan dari: dariMCU_2309MAS003 - Pesan: {"nokartu":"33396FE4","idchip":"16581755","nodevice":"2309MAS003","key":"1234567890987654321","ipa":"10.10.2.32"}
[2025-09-30 12:49:00]
Berhasil merespon "dariMCU_2309MAS003" : {"respon":[{"id":"16581755","nodevice":"2309MAS003","message":"510","info":"Muhammad Rizqi Hendrawan--TERCATAT! 3 dtk lalu","nokartu":"33396FE4"}]}
Berhasil kirim balasan ke "responServer_2309MAS003"

[2025-09-30 12:49:01]
Menerima pesan dari: dariMCU_2309MAS003 - Pesan: {"nokartu":"33396FE4","idchip":"16581755","nodevice":"2309MAS003","key":"1234567890987654321","ipa":"10.10.2.32"}
[2025-09-30 12:49:01]
Berhasil merespon "dariMCU_2309MAS003" : {"respon":[{"id":"16581755","nodevice":"2309MAS003","message":"510","info":"Muhammad Rizqi Hendrawan--TERCATAT! 4 dtk lalu","nokartu":"33396FE4"}]}
Berhasil kirim balasan ke "responServer_2309MAS003"

[2025-09-30 12:49:07]
Menerima pesan dari: dariMCU_2309MAS003 - Pesan: {"nokartu":"F04BC05C","idchip":"16581755","nodevice":"2309MAS003","key":"1234567890987654321","ipa":"10.10.2.32"}
[2025-09-30 12:49:07]
Berhasil merespon "dariMCU_2309MAS003" : {"respon":[{"id":"16581755","nodevice":"2309MAS003","message":"BMPE","info":"Afrizal Eka Prasetya--Berhasil Presensi -Mulai-","nokartu":"F04BC05C"}]}
Berhasil kirim balasan ke "responServer_2309MAS003"

[2025-09-30 12:49:12]
Menerima pesan dari: dariMCU_2309MAS003 - Pesan: {"nokartu":"F04BC05C","idchip":"16581755","nodevice":"2309MAS003","key":"1234567890987654321","ipa":"10.10.2.32"}
[2025-09-30 12:49:12]
Berhasil merespon "dariMCU_2309MAS003" : {"respon":[{"id":"16581755","nodevice":"2309MAS003","message":"510","info":"Afrizal Eka Prasetya--TERCATAT! 5 dtk lalu","nokartu":"F04BC05C"}]}
Berhasil kirim balasan ke "responServer_2309MAS003"

[2025-09-30 12:49:16]
Menerima pesan dari: dariMCU_2309MAS003 - Pesan: {"nokartu":"F04BC05C","idchip":"16581755","nodevice":"2309MAS003","key":"1234567890987654321","ipa":"10.10.2.32"}
[2025-09-30 12:49:16]
Berhasil merespon "dariMCU_2309MAS003" : {"respon":[{"id":"16581755","nodevice":"2309MAS003","message":"510","info":"Afrizal Eka Prasetya--TERCATAT! 9 dtk lalu","nokartu":"F04BC05C"}]}
Berhasil kirim balasan ke "responServer_2309MAS003"

[2025-09-30 12:49:20]
Menerima pesan dari: dariMCU_2309MAS003 - Pesan: {"nokartu":"33396FE4","idchip":"16581755","nodevice":"2309MAS003","key":"1234567890987654321","ipa":"10.10.2.32"}
[2025-09-30 12:49:20]
Berhasil merespon "dariMCU_2309MAS003" : {"respon":[{"id":"16581755","nodevice":"2309MAS003","message":"510","info":"Muhammad Rizqi Hendrawan--TERCATAT! 23 dtk lalu","nokartu":"33396FE4"}]}
Berhasil kirim balasan ke "responServer_2309MAS003"

[2025-09-30 12:49:24]
Menerima pesan dari: dariMCU_2309MAS003 - Pesan: {"nokartu":"23336705","idchip":"16581755","nodevice":"2309MAS003","key":"1234567890987654321","ipa":"10.10.2.32"}
[2025-09-30 12:49:24]
Berhasil merespon "dariMCU_2309MAS003" : {"respon":[{"id":"16581755","nodevice":"2309MAS003","message":"BPSE","info":"Dwi Indra Pratama--Berhasil Presensi -Selesai-","nokartu":"23336705"}]}
Berhasil kirim balasan ke "responServer_2309MAS003"

[2025-09-30 12:49:25]
Menerima pesan dari: dariMCU_2309MAS003 - Pesan: {"nokartu":"23336705","idchip":"16581755","nodevice":"2309MAS003","key":"1234567890987654321","ipa":"10.10.2.32"}
[2025-09-30 12:49:25]
Berhasil merespon "dariMCU_2309MAS003" : {"respon":[{"id":"16581755","nodevice":"2309MAS003","message":"510","info":"Dwi Indra Pratama--TERCATAT! 1 dtk lalu","nokartu":"23336705"}]}
Berhasil kirim balasan ke "responServer_2309MAS003"

[2025-09-30 12:49:30]
Menerima pesan dari: dariMCU_2309MAS003 - Pesan: {"nokartu":"23336705","idchip":"16581755","nodevice":"2309MAS003","key":"1234567890987654321","ipa":"10.10.2.32"}
[2025-09-30 12:49:30]
Berhasil merespon "dariMCU_2309MAS003" : {"respon":[{"id":"16581755","nodevice":"2309MAS003","message":"510","info":"Dwi Indra Pratama--TERCATAT! 6 dtk lalu","nokartu":"23336705"}]}
Berhasil kirim balasan ke "responServer_2309MAS003"

[2025-09-30 12:49:41]
Menerima pesan dari: dariMCU_2309MAS003 - Pesan: {"nokartu":"23EB7505","idchip":"16581755","nodevice":"2309MAS003","key":"1234567890987654321","ipa":"10.10.2.32"}
[2025-09-30 12:49:41]
Berhasil merespon "dariMCU_2309MAS003" : {"respon":[{"id":"16581755","nodevice":"2309MAS003","message":"BMPE","info":"Hasbi Gusniawan--Berhasil Presensi -Mulai-","nokartu":"23EB7505"}]}
Berhasil kirim balasan ke "responServer_2309MAS003"

[2025-09-30 12:49:42]
Menerima pesan dari: dariMCU_2309MAS003 - Pesan: {"nokartu":"23EB7505","idchip":"16581755","nodevice":"2309MAS003","key":"1234567890987654321","ipa":"10.10.2.32"}
[2025-09-30 12:49:42]
Berhasil merespon "dariMCU_2309MAS003" : {"respon":[{"id":"16581755","nodevice":"2309MAS003","message":"510","info":"Hasbi Gusniawan--TERCATAT! 1 dtk lalu","nokartu":"23EB7505"}]}
Berhasil kirim balasan ke "responServer_2309MAS003"

[2025-09-30 12:49:46]
Menerima pesan dari: dariMCU_2309MAS003 - Pesan: {"nokartu":"43CC1D03","idchip":"16581755","nodevice":"2309MAS003","key":"1234567890987654321","ipa":"10.10.2.32"}
[2025-09-30 12:49:46]
Berhasil merespon "dariMCU_2309MAS003" : {"respon":[{"id":"16581755","nodevice":"2309MAS003","message":"BMPE","info":"Cholik Mujtaba--Berhasil Presensi -Mulai-","nokartu":"43CC1D03"}]}
Berhasil kirim balasan ke "responServer_2309MAS003"

[2025-09-30 12:49:50]
Menerima pesan dari: dariMCU_2309MAS003 - Pesan: {"nokartu":"43CC1D03","idchip":"16581755","nodevice":"2309MAS003","key":"1234567890987654321","ipa":"10.10.2.32"}
[2025-09-30 12:49:50]
Berhasil merespon "dariMCU_2309MAS003" : {"respon":[{"id":"16581755","nodevice":"2309MAS003","message":"510","info":"Cholik Mujtaba--TERCATAT! 4 dtk lalu","nokartu":"43CC1D03"}]}
Berhasil kirim balasan ke "responServer_2309MAS003"

[2025-09-30 12:49:54]
Menerima pesan dari: dariMCU_2309MAS003 - Pesan: {"nokartu":"43CC1D03","idchip":"16581755","nodevice":"2309MAS003","key":"1234567890987654321","ipa":"10.10.2.32"}
[2025-09-30 12:49:54]
Berhasil merespon "dariMCU_2309MAS003" : {"respon":[{"id":"16581755","nodevice":"2309MAS003","message":"510","info":"Cholik Mujtaba--TERCATAT! 8 dtk lalu","nokartu":"43CC1D03"}]}
Berhasil kirim balasan ke "responServer_2309MAS003"

[2025-09-30 12:49:55]
Menerima pesan dari: dariMCU_2309MAS003 - Pesan: {"nokartu":"13B90AFE","idchip":"16581755","nodevice":"2309MAS003","key":"1234567890987654321","ipa":"10.10.2.32"}
[2025-09-30 12:49:55]
Berhasil merespon "dariMCU_2309MAS003" : {"respon":[{"id":"16581755","nodevice":"2309MAS003","message":"BPSE","info":"Dio Wahyu Agustian--Berhasil Presensi -Selesai-","nokartu":"13B90AFE"}]}
Berhasil kirim balasan ke "responServer_2309MAS003"

[2025-09-30 12:49:59]
Menerima pesan dari: dariMCU_2309MAS003 - Pesan: {"nokartu":"13B90AFE","idchip":"16581755","nodevice":"2309MAS003","key":"1234567890987654321","ipa":"10.10.2.32"}
[2025-09-30 12:49:59]
Berhasil merespon "dariMCU_2309MAS003" : {"respon":[{"id":"16581755","nodevice":"2309MAS003","message":"510","info":"Dio Wahyu Agustian--TERCATAT! 4 dtk lalu","nokartu":"13B90AFE"}]}
Berhasil kirim balasan ke "responServer_2309MAS003"

[2025-09-30 12:50:03]
Menerima pesan dari: dariMCU_2309MAS003 - Pesan: {"nokartu":"E3B82BFF","idchip":"16581755","nodevice":"2309MAS003","key":"1234567890987654321","ipa":"10.10.2.32"}
[2025-09-30 12:50:03]
Berhasil merespon "dariMCU_2309MAS003" : {"respon":[{"id":"16581755","nodevice":"2309MAS003","message":"BMPE","info":"Zufi Andrian--Berhasil Presensi -Mulai-","nokartu":"E3B82BFF"}]}
Berhasil kirim balasan ke "responServer_2309MAS003"

[2025-09-30 12:50:07]
Menerima pesan dari: dariMCU_2309MAS003 - Pesan: {"nokartu":"43230AFE","idchip":"16581755","nodevice":"2309MAS003","key":"1234567890987654321","ipa":"10.10.2.32"}
[2025-09-30 12:50:07]
Berhasil merespon "dariMCU_2309MAS003" : {"respon":[{"id":"16581755","nodevice":"2309MAS003","message":"BMPE","info":"Bagus Ade Haryono--Berhasil Presensi -Mulai-","nokartu":"43230AFE"}]}
Berhasil kirim balasan ke "responServer_2309MAS003"

[2025-09-30 12:50:11]
Menerima pesan dari: dariMCU_2309MAS003 - Pesan: {"nokartu":"9391EEE4","idchip":"16581755","nodevice":"2309MAS003","key":"1234567890987654321","ipa":"10.10.2.32"}
[2025-09-30 12:50:11]
Berhasil merespon "dariMCU_2309MAS003" : {"respon":[{"id":"16581755","nodevice":"2309MAS003","message":"BMPE","info":"Raafiyanto Adri Mahardika--Berhasil Presensi -Mulai-","nokartu":"9391EEE4"}]}
Berhasil kirim balasan ke "responServer_2309MAS003"

[2025-09-30 12:50:14]
Menerima pesan dari: dariMCU_2309MAS003 - Pesan: {"nokartu":"9391EEE4","idchip":"16581755","nodevice":"2309MAS003","key":"1234567890987654321","ipa":"10.10.2.32"}
[2025-09-30 12:50:14]
Berhasil merespon "dariMCU_2309MAS003" : {"respon":[{"id":"16581755","nodevice":"2309MAS003","message":"510","info":"Raafiyanto Adri Mahardika--TERCATAT! 3 dtk lalu","nokartu":"9391EEE4"}]}
Berhasil kirim balasan ke "responServer_2309MAS003"

[2025-09-30 12:50:15]
Menerima pesan dari: dariMCU_2309MAS003 - Pesan: {"nokartu":"43230AFE","idchip":"16581755","nodevice":"2309MAS003","key":"1234567890987654321","ipa":"10.10.2.32"}
[2025-09-30 12:50:15]
Berhasil merespon "dariMCU_2309MAS003" : {"respon":[{"id":"16581755","nodevice":"2309MAS003","message":"510","info":"Bagus Ade Haryono--TERCATAT! 8 dtk lalu","nokartu":"43230AFE"}]}
Berhasil kirim balasan ke "responServer_2309MAS003"

[2025-09-30 12:52:35]
Menerima pesan dari: dariMCU_2309MAS003 - Pesan: {"nokartu":"73CD31FF","idchip":"16581755","nodevice":"2309MAS003","key":"1234567890987654321","ipa":"10.10.2.32"}
[2025-09-30 12:52:35]
Berhasil merespon "dariMCU_2309MAS003" : {"respon":[{"id":"16581755","nodevice":"2309MAS003","message":"BMPE","info":"Silmi Zadina Hafsari--Berhasil Presensi -Mulai-","nokartu":"73CD31FF"}]}
Berhasil kirim balasan ke "responServer_2309MAS003"

[2025-09-30 12:52:39]
Menerima pesan dari: dariMCU_2309MAS003 - Pesan: {"nokartu":"73CD31FF","idchip":"16581755","nodevice":"2309MAS003","key":"1234567890987654321","ipa":"10.10.2.32"}
[2025-09-30 12:52:39]
Berhasil merespon "dariMCU_2309MAS003" : {"respon":[{"id":"16581755","nodevice":"2309MAS003","message":"510","info":"Silmi Zadina Hafsari--TERCATAT! 4 dtk lalu","nokartu":"73CD31FF"}]}
Berhasil kirim balasan ke "responServer_2309MAS003"

[2025-09-30 12:52:43]
Menerima pesan dari: dariMCU_2309MAS003 - Pesan: {"nokartu":"83841703","idchip":"16581755","nodevice":"2309MAS003","key":"1234567890987654321","ipa":"10.10.2.32"}
[2025-09-30 12:52:43]
Berhasil merespon "dariMCU_2309MAS003" : {"respon":[{"id":"16581755","nodevice":"2309MAS003","message":"BMPE","info":"Siska Wahyu Pratiwi--Berhasil Presensi -Mulai-","nokartu":"83841703"}]}
Berhasil kirim balasan ke "responServer_2309MAS003"

[2025-09-30 12:52:47]
Menerima pesan dari: dariMCU_2309MAS003 - Pesan: {"nokartu":"83841703","idchip":"16581755","nodevice":"2309MAS003","key":"1234567890987654321","ipa":"10.10.2.32"}
[2025-09-30 12:52:47]
Berhasil merespon "dariMCU_2309MAS003" : {"respon":[{"id":"16581755","nodevice":"2309MAS003","message":"510","info":"Siska Wahyu Pratiwi--TERCATAT! 4 dtk lalu","nokartu":"83841703"}]}
Berhasil kirim balasan ke "responServer_2309MAS003"

[2025-09-30 12:54:03]
Menerima pesan dari: dariMCU_2309MAS003 - Pesan: {"nokartu":"E3416905","idchip":"16581755","nodevice":"2309MAS003","key":"1234567890987654321","ipa":"10.10.2.32"}
[2025-09-30 12:54:03]
Berhasil merespon "dariMCU_2309MAS003" : {"respon":[{"id":"16581755","nodevice":"2309MAS003","message":"BMPE","info":"Firman Safaat--Berhasil Presensi -Mulai-","nokartu":"E3416905"}]}
Berhasil kirim balasan ke "responServer_2309MAS003"

[2025-09-30 12:54:07]
Menerima pesan dari: dariMCU_2309MAS003 - Pesan: {"nokartu":"E3416905","idchip":"16581755","nodevice":"2309MAS003","key":"1234567890987654321","ipa":"10.10.2.32"}
[2025-09-30 12:54:07]
Berhasil merespon "dariMCU_2309MAS003" : {"respon":[{"id":"16581755","nodevice":"2309MAS003","message":"510","info":"Firman Safaat--TERCATAT! 4 dtk lalu","nokartu":"E3416905"}]}
Berhasil kirim balasan ke "responServer_2309MAS003"

[2025-09-30 12:54:12]
Menerima pesan dari: dariMCU_2309MAS003 - Pesan: {"nokartu":"03ABE4E4","idchip":"16581755","nodevice":"2309MAS003","key":"1234567890987654321","ipa":"10.10.2.32"}
[2025-09-30 12:54:12]
Berhasil merespon "dariMCU_2309MAS003" : {"respon":[{"id":"16581755","nodevice":"2309MAS003","message":"BMPE","info":"Safa Nur Ariyatsa--Berhasil Presensi -Mulai-","nokartu":"03ABE4E4"}]}
Berhasil kirim balasan ke "responServer_2309MAS003"

[2025-09-30 12:54:23]
Menerima pesan dari: dariMCU_2309MAS003 - Pesan: {"nokartu":"63FF7005","idchip":"16581755","nodevice":"2309MAS003","key":"1234567890987654321","ipa":"10.10.2.32"}
[2025-09-30 12:54:23]
Berhasil merespon "dariMCU_2309MAS003" : {"respon":[{"id":"16581755","nodevice":"2309MAS003","message":"BMPE","info":"Wafid Raihan--Berhasil Presensi -Mulai-","nokartu":"63FF7005"}]}
Berhasil kirim balasan ke "responServer_2309MAS003"

[2025-09-30 12:54:39]
Menerima pesan dari: dariMCU_2309MAS003 - Pesan: {"nokartu":"33F36305","idchip":"16581755","nodevice":"2309MAS003","key":"1234567890987654321","ipa":"10.10.2.32"}
[2025-09-30 12:54:39]
Berhasil merespon "dariMCU_2309MAS003" : {"respon":[{"id":"16581755","nodevice":"2309MAS003","message":"BMPE","info":"Alga Danu Aprilian--Berhasil Presensi -Mulai-","nokartu":"33F36305"}]}
Berhasil kirim balasan ke "responServer_2309MAS003"

[2025-09-30 12:54:43]
Menerima pesan dari: dariMCU_2309MAS003 - Pesan: {"nokartu":"33F36305","idchip":"16581755","nodevice":"2309MAS003","key":"1234567890987654321","ipa":"10.10.2.32"}
[2025-09-30 12:54:43]
Berhasil merespon "dariMCU_2309MAS003" : {"respon":[{"id":"16581755","nodevice":"2309MAS003","message":"510","info":"Alga Danu Aprilian--TERCATAT! 4 dtk lalu","nokartu":"33F36305"}]}
Berhasil kirim balasan ke "responServer_2309MAS003"

[2025-09-30 12:54:46]
Menerima pesan dari: dariMCU_2309MAS003 - Pesan: {"nokartu":"03981C03","idchip":"16581755","nodevice":"2309MAS003","key":"1234567890987654321","ipa":"10.10.2.32"}
[2025-09-30 12:54:46]
Berhasil merespon "dariMCU_2309MAS003" : {"respon":[{"id":"16581755","nodevice":"2309MAS003","message":"BMPE","info":"Destira Adi Kusuma--Berhasil Presensi -Mulai-","nokartu":"03981C03"}]}
Berhasil kirim balasan ke "responServer_2309MAS003"

[2025-09-30 12:54:50]
Menerima pesan dari: dariMCU_2309MAS003 - Pesan: {"nokartu":"03981C03","idchip":"16581755","nodevice":"2309MAS003","key":"1234567890987654321","ipa":"10.10.2.32"}
[2025-09-30 12:54:50]
Berhasil merespon "dariMCU_2309MAS003" : {"respon":[{"id":"16581755","nodevice":"2309MAS003","message":"510","info":"Destira Adi Kusuma--TERCATAT! 4 dtk lalu","nokartu":"03981C03"}]}
Berhasil kirim balasan ke "responServer_2309MAS003"

[2025-09-30 12:54:51]
Menerima pesan dari: dariMCU_2309MAS003 - Pesan: {"nokartu":"43230AFE","idchip":"16581755","nodevice":"2309MAS003","key":"1234567890987654321","ipa":"10.10.2.32"}
[2025-09-30 12:54:51]
Berhasil merespon "dariMCU_2309MAS003" : {"respon":[{"id":"16581755","nodevice":"2309MAS003","message":"BPSE","info":"Bagus Ade Haryono--Berhasil Presensi -Selesai-","nokartu":"43230AFE"}]}
Berhasil kirim balasan ke "responServer_2309MAS003"

[2025-09-30 12:54:56]
Menerima pesan dari: dariMCU_2309MAS003 - Pesan: {"nokartu":"23EB7505","idchip":"16581755","nodevice":"2309MAS003","key":"1234567890987654321","ipa":"10.10.2.32"}
[2025-09-30 12:54:56]
Berhasil merespon "dariMCU_2309MAS003" : {"respon":[{"id":"16581755","nodevice":"2309MAS003","message":"BPSE","info":"Hasbi Gusniawan--Berhasil Presensi -Selesai-","nokartu":"23EB7505"}]}
Berhasil kirim balasan ke "responServer_2309MAS003"

[2025-09-30 12:55:00]
Menerima pesan dari: dariMCU_2309MAS003 - Pesan: {"nokartu":"23EB7505","idchip":"16581755","nodevice":"2309MAS003","key":"1234567890987654321","ipa":"10.10.2.32"}
[2025-09-30 12:55:00]
Berhasil merespon "dariMCU_2309MAS003" : {"respon":[{"id":"16581755","nodevice":"2309MAS003","message":"510","info":"Hasbi Gusniawan--TERCATAT! 4 dtk lalu","nokartu":"23EB7505"}]}
Berhasil kirim balasan ke "responServer_2309MAS003"

[2025-09-30 12:55:01]
Menerima pesan dari: dariMCU_2309MAS003 - Pesan: {"nokartu":"F04BC05C","idchip":"16581755","nodevice":"2309MAS003","key":"1234567890987654321","ipa":"10.10.2.32"}
[2025-09-30 12:55:01]
Berhasil merespon "dariMCU_2309MAS003" : {"respon":[{"id":"16581755","nodevice":"2309MAS003","message":"BPSE","info":"Afrizal Eka Prasetya--Berhasil Presensi -Selesai-","nokartu":"F04BC05C"}]}
Berhasil kirim balasan ke "responServer_2309MAS003"

[2025-09-30 12:55:05]
Menerima pesan dari: dariMCU_2309MAS003 - Pesan: {"nokartu":"F04BC05C","idchip":"16581755","nodevice":"2309MAS003","key":"1234567890987654321","ipa":"10.10.2.32"}
[2025-09-30 12:55:05]
Berhasil merespon "dariMCU_2309MAS003" : {"respon":[{"id":"16581755","nodevice":"2309MAS003","message":"510","info":"Afrizal Eka Prasetya--TERCATAT! 4 dtk lalu","nokartu":"F04BC05C"}]}
Berhasil kirim balasan ke "responServer_2309MAS003"

[2025-09-30 12:55:06]
Menerima pesan dari: dariMCU_2309MAS003 - Pesan: {"nokartu":"AA04B889","idchip":"16581755","nodevice":"2309MAS003","key":"1234567890987654321","ipa":"10.10.2.32"}
[2025-09-30 12:55:06]
Berhasil merespon "dariMCU_2309MAS003" : {"respon":[{"id":"16581755","nodevice":"2309MAS003","message":"BMPE","info":"Lanang Kaloka Tata Ulama--Berhasil Presensi -Mulai-","nokartu":"AA04B889"}]}
Berhasil kirim balasan ke "responServer_2309MAS003"

[2025-09-30 12:55:10]
Menerima pesan dari: dariMCU_2309MAS003 - Pesan: {"nokartu":"73A27305","idchip":"16581755","nodevice":"2309MAS003","key":"1234567890987654321","ipa":"10.10.2.32"}
[2025-09-30 12:55:10]
Berhasil merespon "dariMCU_2309MAS003" : {"respon":[{"id":"16581755","nodevice":"2309MAS003","message":"BPSE","info":"Radhian Iqmal Winniardie--Berhasil Presensi -Selesai-","nokartu":"73A27305"}]}
Berhasil kirim balasan ke "responServer_2309MAS003"

[2025-09-30 12:55:14]
Menerima pesan dari: dariMCU_2309MAS003 - Pesan: {"nokartu":"AA04B889","idchip":"16581755","nodevice":"2309MAS003","key":"1234567890987654321","ipa":"10.10.2.32"}
[2025-09-30 12:55:14]
Berhasil merespon "dariMCU_2309MAS003" : {"respon":[{"id":"16581755","nodevice":"2309MAS003","message":"510","info":"Lanang Kaloka Tata Ulama--TERCATAT! 8 dtk lalu","nokartu":"AA04B889"}]}
Berhasil kirim balasan ke "responServer_2309MAS003"

[2025-09-30 12:55:17]
Menerima pesan dari: dariMCU_2309MAS003 - Pesan: {"nokartu":"AA04B889","idchip":"16581755","nodevice":"2309MAS003","key":"1234567890987654321","ipa":"10.10.2.32"}
[2025-09-30 12:55:17]
Berhasil merespon "dariMCU_2309MAS003" : {"respon":[{"id":"16581755","nodevice":"2309MAS003","message":"510","info":"Lanang Kaloka Tata Ulama--TERCATAT! 11 dtk lalu","nokartu":"AA04B889"}]}
Berhasil kirim balasan ke "responServer_2309MAS003"

[2025-09-30 12:55:18]
Menerima pesan dari: dariMCU_2309MAS003 - Pesan: {"nokartu":"F3F66905","idchip":"16581755","nodevice":"2309MAS003","key":"1234567890987654321","ipa":"10.10.2.32"}
[2025-09-30 12:55:18]
Berhasil merespon "dariMCU_2309MAS003" : {"respon":[{"id":"16581755","nodevice":"2309MAS003","message":"BMPE","info":"Agil Bayu Nugroho--Berhasil Presensi -Mulai-","nokartu":"F3F66905"}]}
Berhasil kirim balasan ke "responServer_2309MAS003"

[2025-09-30 12:55:27]
Menerima pesan dari: dariMCU_2309MAS003 - Pesan: {"nokartu":"73C47105","idchip":"16581755","nodevice":"2309MAS003","key":"1234567890987654321","ipa":"10.10.2.32"}
[2025-09-30 12:55:27]
Berhasil merespon "dariMCU_2309MAS003" : {"respon":[{"id":"16581755","nodevice":"2309MAS003","message":"BMPE","info":"Zidan Galih Wicaksono--Berhasil Presensi -Mulai-","nokartu":"73C47105"}]}
Berhasil kirim balasan ke "responServer_2309MAS003"

[2025-09-30 12:55:30]
Menerima pesan dari: dariMCU_2309MAS003 - Pesan: {"nokartu":"73C47105","idchip":"16581755","nodevice":"2309MAS003","key":"1234567890987654321","ipa":"10.10.2.32"}
[2025-09-30 12:55:30]
Berhasil merespon "dariMCU_2309MAS003" : {"respon":[{"id":"16581755","nodevice":"2309MAS003","message":"510","info":"Zidan Galih Wicaksono--TERCATAT! 3 dtk lalu","nokartu":"73C47105"}]}
Berhasil kirim balasan ke "responServer_2309MAS003"

[2025-09-30 12:55:34]
Menerima pesan dari: dariMCU_2309MAS003 - Pesan: {"nokartu":"73C47105","idchip":"16581755","nodevice":"2309MAS003","key":"1234567890987654321","ipa":"10.10.2.32"}
[2025-09-30 12:55:34]
Berhasil merespon "dariMCU_2309MAS003" : {"respon":[{"id":"16581755","nodevice":"2309MAS003","message":"510","info":"Zidan Galih Wicaksono--TERCATAT! 7 dtk lalu","nokartu":"73C47105"}]}
Berhasil kirim balasan ke "responServer_2309MAS003"

[2025-09-30 12:55:35]
Menerima pesan dari: dariMCU_2309MAS003 - Pesan: {"nokartu":"23B97305","idchip":"16581755","nodevice":"2309MAS003","key":"1234567890987654321","ipa":"10.10.2.32"}
[2025-09-30 12:55:35]
Berhasil merespon "dariMCU_2309MAS003" : {"respon":[{"id":"16581755","nodevice":"2309MAS003","message":"BMPE","info":"Khafian Zeka Pratama--Berhasil Presensi -Mulai-","nokartu":"23B97305"}]}
Berhasil kirim balasan ke "responServer_2309MAS003"

[2025-09-30 12:55:39]
Menerima pesan dari: dariMCU_2309MAS003 - Pesan: {"nokartu":"23B97305","idchip":"16581755","nodevice":"2309MAS003","key":"1234567890987654321","ipa":"10.10.2.32"}
[2025-09-30 12:55:39]
Berhasil merespon "dariMCU_2309MAS003" : {"respon":[{"id":"16581755","nodevice":"2309MAS003","message":"510","info":"Khafian Zeka Pratama--TERCATAT! 4 dtk lalu","nokartu":"23B97305"}]}
Berhasil kirim balasan ke "responServer_2309MAS003"

[2025-09-30 12:55:43]
Menerima pesan dari: dariMCU_2309MAS003 - Pesan: {"nokartu":"23B97305","idchip":"16581755","nodevice":"2309MAS003","key":"1234567890987654321","ipa":"10.10.2.32"}
[2025-09-30 12:55:43]
Berhasil merespon "dariMCU_2309MAS003" : {"respon":[{"id":"16581755","nodevice":"2309MAS003","message":"510","info":"Khafian Zeka Pratama--TERCATAT! 8 dtk lalu","nokartu":"23B97305"}]}
Berhasil kirim balasan ke "responServer_2309MAS003"

[2025-09-30 12:55:47]
Menerima pesan dari: dariMCU_2309MAS003 - Pesan: {"nokartu":"23B97305","idchip":"16581755","nodevice":"2309MAS003","key":"1234567890987654321","ipa":"10.10.2.32"}
[2025-09-30 12:55:47]
Berhasil merespon "dariMCU_2309MAS003" : {"respon":[{"id":"16581755","nodevice":"2309MAS003","message":"510","info":"Khafian Zeka Pratama--TERCATAT! 12 dtk lalu","nokartu":"23B97305"}]}
Berhasil kirim balasan ke "responServer_2309MAS003"

[2025-09-30 12:55:50]
Menerima pesan dari: dariMCU_2309MAS003 - Pesan: {"nokartu":"23B97305","idchip":"16581755","nodevice":"2309MAS003","key":"1234567890987654321","ipa":"10.10.2.32"}
[2025-09-30 12:55:50]
Berhasil merespon "dariMCU_2309MAS003" : {"respon":[{"id":"16581755","nodevice":"2309MAS003","message":"510","info":"Khafian Zeka Pratama--TERCATAT! 15 dtk lalu","nokartu":"23B97305"}]}
Berhasil kirim balasan ke "responServer_2309MAS003"

[2025-09-30 12:55:51]
Menerima pesan dari: dariMCU_2309MAS003 - Pesan: {"nokartu":"23B97305","idchip":"16581755","nodevice":"2309MAS003","key":"1234567890987654321","ipa":"10.10.2.32"}
[2025-09-30 12:55:51]
Berhasil merespon "dariMCU_2309MAS003" : {"respon":[{"id":"16581755","nodevice":"2309MAS003","message":"510","info":"Khafian Zeka Pratama--TERCATAT! 16 dtk lalu","nokartu":"23B97305"}]}
Berhasil kirim balasan ke "responServer_2309MAS003"

[2025-09-30 12:55:55]
Menerima pesan dari: dariMCU_2309MAS003 - Pesan: {"nokartu":"23B97305","idchip":"16581755","nodevice":"2309MAS003","key":"1234567890987654321","ipa":"10.10.2.32"}
[2025-09-30 12:55:55]
Berhasil merespon "dariMCU_2309MAS003" : {"respon":[{"id":"16581755","nodevice":"2309MAS003","message":"510","info":"Khafian Zeka Pratama--TERCATAT! 20 dtk lalu","nokartu":"23B97305"}]}
Berhasil kirim balasan ke "responServer_2309MAS003"

[2025-09-30 12:55:59]
Menerima pesan dari: dariMCU_2309MAS003 - Pesan: {"nokartu":"23B97305","idchip":"16581755","nodevice":"2309MAS003","key":"1234567890987654321","ipa":"10.10.2.32"}
[2025-09-30 12:55:59]
Berhasil merespon "dariMCU_2309MAS003" : {"respon":[{"id":"16581755","nodevice":"2309MAS003","message":"510","info":"Khafian Zeka Pratama--TERCATAT! 24 dtk lalu","nokartu":"23B97305"}]}
Berhasil kirim balasan ke "responServer_2309MAS003"

[2025-09-30 12:56:03]
Menerima pesan dari: dariMCU_2309MAS003 - Pesan: {"nokartu":"C1461750","idchip":"16581755","nodevice":"2309MAS003","key":"1234567890987654321","ipa":"10.10.2.32"}
[2025-09-30 12:56:03]
Berhasil merespon "dariMCU_2309MAS003" : {"respon":[{"id":"16581755","nodevice":"2309MAS003","message":"BMPE","info":"Fiyya Salma Humaida--Berhasil Presensi -Mulai-","nokartu":"C1461750"}]}
Berhasil kirim balasan ke "responServer_2309MAS003"

[2025-09-30 12:56:06]
Menerima pesan dari: dariMCU_2309MAS003 - Pesan: {"nokartu":"C1461750","idchip":"16581755","nodevice":"2309MAS003","key":"1234567890987654321","ipa":"10.10.2.32"}
[2025-09-30 12:56:06]
Berhasil merespon "dariMCU_2309MAS003" : {"respon":[{"id":"16581755","nodevice":"2309MAS003","message":"510","info":"Fiyya Salma Humaida--TERCATAT! 3 dtk lalu","nokartu":"C1461750"}]}
Berhasil kirim balasan ke "responServer_2309MAS003"

[2025-09-30 12:56:10]
Menerima pesan dari: dariMCU_2309MAS003 - Pesan: {"nokartu":"23EF7B05","idchip":"16581755","nodevice":"2309MAS003","key":"1234567890987654321","ipa":"10.10.2.32"}
[2025-09-30 12:56:10]
Berhasil merespon "dariMCU_2309MAS003" : {"respon":[{"id":"16581755","nodevice":"2309MAS003","message":"BMPE","info":"Bella Raisa Anandita--Berhasil Presensi -Mulai-","nokartu":"23EF7B05"}]}
Berhasil kirim balasan ke "responServer_2309MAS003"

[2025-09-30 12:56:13]
Menerima pesan dari: dariMCU_2309MAS003 - Pesan: {"nokartu":"23EF7B05","idchip":"16581755","nodevice":"2309MAS003","key":"1234567890987654321","ipa":"10.10.2.32"}
[2025-09-30 12:56:13]
Berhasil merespon "dariMCU_2309MAS003" : {"respon":[{"id":"16581755","nodevice":"2309MAS003","message":"510","info":"Bella Raisa Anandita--TERCATAT! 3 dtk lalu","nokartu":"23EF7B05"}]}
Berhasil kirim balasan ke "responServer_2309MAS003"

[2025-09-30 12:56:18]
Menerima pesan dari: dariMCU_2309MAS003 - Pesan: {"nokartu":"C39A6205","idchip":"16581755","nodevice":"2309MAS003","key":"1234567890987654321","ipa":"10.10.2.32"}
[2025-09-30 12:56:18]
Berhasil merespon "dariMCU_2309MAS003" : {"respon":[{"id":"16581755","nodevice":"2309MAS003","message":"BMPE","info":"Icha Dwi Andriani--Berhasil Presensi -Mulai-","nokartu":"C39A6205"}]}
Berhasil kirim balasan ke "responServer_2309MAS003"

[2025-09-30 12:56:21]
Menerima pesan dari: dariMCU_2309MAS003 - Pesan: {"nokartu":"C39A6205","idchip":"16581755","nodevice":"2309MAS003","key":"1234567890987654321","ipa":"10.10.2.32"}
[2025-09-30 12:56:21]
Berhasil merespon "dariMCU_2309MAS003" : {"respon":[{"id":"16581755","nodevice":"2309MAS003","message":"510","info":"Icha Dwi Andriani--TERCATAT! 3 dtk lalu","nokartu":"C39A6205"}]}
Berhasil kirim balasan ke "responServer_2309MAS003"

[2025-09-30 13:01:48]
Menerima pesan dari: dariMCU_2309MAS003 - Pesan: {"nokartu":"23B97305","idchip":"16581755","nodevice":"2309MAS003","key":"1234567890987654321","ipa":"10.10.2.32"}
[2025-09-30 13:01:48]
Berhasil merespon "dariMCU_2309MAS003" : {"respon":[{"id":"16581755","nodevice":"2309MAS003","message":"BPSE","info":"Khafian Zeka Pratama--Berhasil Presensi -Selesai-","nokartu":"23B97305"}]}
Berhasil kirim balasan ke "responServer_2309MAS003"

[2025-09-30 13:01:51]
Menerima pesan dari: dariMCU_2309MAS003 - Pesan: {"nokartu":"23B97305","idchip":"16581755","nodevice":"2309MAS003","key":"1234567890987654321","ipa":"10.10.2.32"}
[2025-09-30 13:01:51]
Berhasil merespon "dariMCU_2309MAS003" : {"respon":[{"id":"16581755","nodevice":"2309MAS003","message":"510","info":"Khafian Zeka Pratama--TERCATAT! 3 dtk lalu","nokartu":"23B97305"}]}
Berhasil kirim balasan ke "responServer_2309MAS003"

[2025-09-30 13:01:52]
Menerima pesan dari: dariMCU_2309MAS003 - Pesan: {"nokartu":"AA04B889","idchip":"16581755","nodevice":"2309MAS003","key":"1234567890987654321","ipa":"10.10.2.32"}
[2025-09-30 13:01:52]
Berhasil merespon "dariMCU_2309MAS003" : {"respon":[{"id":"16581755","nodevice":"2309MAS003","message":"BPSE","info":"Lanang Kaloka Tata Ulama--Berhasil Presensi -Selesai-","nokartu":"AA04B889"}]}
Berhasil kirim balasan ke "responServer_2309MAS003"

[2025-09-30 13:01:57]
Menerima pesan dari: dariMCU_2309MAS003 - Pesan: {"nokartu":"63FF7005","idchip":"16581755","nodevice":"2309MAS003","key":"1234567890987654321","ipa":"10.10.2.32"}
[2025-09-30 13:01:57]
Berhasil merespon "dariMCU_2309MAS003" : {"respon":[{"id":"16581755","nodevice":"2309MAS003","message":"BPSE","info":"Wafid Raihan--Berhasil Presensi -Selesai-","nokartu":"63FF7005"}]}
Berhasil kirim balasan ke "responServer_2309MAS003"

[2025-09-30 13:02:01]
Menerima pesan dari: dariMCU_2309MAS003 - Pesan: {"nokartu":"63FF7005","idchip":"16581755","nodevice":"2309MAS003","key":"1234567890987654321","ipa":"10.10.2.32"}
[2025-09-30 13:02:01]
Berhasil merespon "dariMCU_2309MAS003" : {"respon":[{"id":"16581755","nodevice":"2309MAS003","message":"510","info":"Wafid Raihan--TERCATAT! 4 dtk lalu","nokartu":"63FF7005"}]}
Berhasil kirim balasan ke "responServer_2309MAS003"

[2025-09-30 13:09:52]
Menerima pesan dari: dariMCU_2309MAS003 - Pesan: {"nokartu":"835931FF","idchip":"16581755","nodevice":"2309MAS003","key":"1234567890987654321","ipa":"10.10.2.32"}
[2025-09-30 13:09:52]
Berhasil merespon "dariMCU_2309MAS003" : {"respon":[{"id":"16581755","nodevice":"2309MAS003","message":"BMPE","info":"Dian Lestari--Berhasil Presensi -Mulai-","nokartu":"835931FF"}]}
Berhasil kirim balasan ke "responServer_2309MAS003"

[2025-09-30 13:09:56]
Menerima pesan dari: dariMCU_2309MAS003 - Pesan: {"nokartu":"835931FF","idchip":"16581755","nodevice":"2309MAS003","key":"1234567890987654321","ipa":"10.10.2.32"}
[2025-09-30 13:09:56]
Berhasil merespon "dariMCU_2309MAS003" : {"respon":[{"id":"16581755","nodevice":"2309MAS003","message":"510","info":"Dian Lestari--TERCATAT! 4 dtk lalu","nokartu":"835931FF"}]}
Berhasil kirim balasan ke "responServer_2309MAS003"

[2025-09-30 13:10:05]
Menerima pesan dari: dariMCU_2309MAS003 - Pesan: {"nokartu":"A3BF15FE","idchip":"16581755","nodevice":"2309MAS003","key":"1234567890987654321","ipa":"10.10.2.32"}
[2025-09-30 13:10:05]
Berhasil merespon "dariMCU_2309MAS003" : {"respon":[{"id":"16581755","nodevice":"2309MAS003","message":"BMPE","info":"Zenitha Sevira--Berhasil Presensi -Mulai-","nokartu":"A3BF15FE"}]}
Berhasil kirim balasan ke "responServer_2309MAS003"

[2025-09-30 13:10:08]
Menerima pesan dari: dariMCU_2309MAS003 - Pesan: {"nokartu":"A3BF15FE","idchip":"16581755","nodevice":"2309MAS003","key":"1234567890987654321","ipa":"10.10.2.32"}
[2025-09-30 13:10:08]
Berhasil merespon "dariMCU_2309MAS003" : {"respon":[{"id":"16581755","nodevice":"2309MAS003","message":"510","info":"Zenitha Sevira--TERCATAT! 3 dtk lalu","nokartu":"A3BF15FE"}]}
Berhasil kirim balasan ke "responServer_2309MAS003"

[2025-09-30 13:10:12]
Menerima pesan dari: dariMCU_2309MAS003 - Pesan: {"nokartu":"A3BF15FE","idchip":"16581755","nodevice":"2309MAS003","key":"1234567890987654321","ipa":"10.10.2.32"}
[2025-09-30 13:10:12]
Berhasil merespon "dariMCU_2309MAS003" : {"respon":[{"id":"16581755","nodevice":"2309MAS003","message":"510","info":"Zenitha Sevira--TERCATAT! 7 dtk lalu","nokartu":"A3BF15FE"}]}
Berhasil kirim balasan ke "responServer_2309MAS003"

[2025-09-30 13:16:50]
Menerima pesan dari: dariMCU_2309MAS003 - Pesan: {"nokartu":"73AB22FF","idchip":"16581755","nodevice":"2309MAS003","key":"1234567890987654321","ipa":"10.10.2.32"}
[2025-09-30 13:16:50]
Berhasil merespon "dariMCU_2309MAS003" : {"respon":[{"id":"16581755","nodevice":"2309MAS003","message":"BMPE","info":"Elsa Danisa--Berhasil Presensi -Mulai-","nokartu":"73AB22FF"}]}
Berhasil kirim balasan ke "responServer_2309MAS003"

[2025-09-30 13:16:54]
Menerima pesan dari: dariMCU_2309MAS003 - Pesan: {"nokartu":"73AB22FF","idchip":"16581755","nodevice":"2309MAS003","key":"1234567890987654321","ipa":"10.10.2.32"}
[2025-09-30 13:16:54]
Berhasil merespon "dariMCU_2309MAS003" : {"respon":[{"id":"16581755","nodevice":"2309MAS003","message":"510","info":"Elsa Danisa--TERCATAT! 4 dtk lalu","nokartu":"73AB22FF"}]}
Berhasil kirim balasan ke "responServer_2309MAS003"

[2025-09-30 13:16:57]
Menerima pesan dari: dariMCU_2309MAS003 - Pesan: {"nokartu":"73AB22FF","idchip":"16581755","nodevice":"2309MAS003","key":"1234567890987654321","ipa":"10.10.2.32"}
[2025-09-30 13:16:57]
Berhasil merespon "dariMCU_2309MAS003" : {"respon":[{"id":"16581755","nodevice":"2309MAS003","message":"510","info":"Elsa Danisa--TERCATAT! 7 dtk lalu","nokartu":"73AB22FF"}]}
Berhasil kirim balasan ke "responServer_2309MAS003"

[2025-09-30 13:16:58]
Menerima pesan dari: dariMCU_2309MAS003 - Pesan: {"nokartu":"73AB22FF","idchip":"16581755","nodevice":"2309MAS003","key":"1234567890987654321","ipa":"10.10.2.32"}
[2025-09-30 13:16:58]
Berhasil merespon "dariMCU_2309MAS003" : {"respon":[{"id":"16581755","nodevice":"2309MAS003","message":"510","info":"Elsa Danisa--TERCATAT! 8 dtk lalu","nokartu":"73AB22FF"}]}
Berhasil kirim balasan ke "responServer_2309MAS003"

[2025-09-30 13:44:14]
Menerima pesan dari: dariMCU_2309MAS003 - Pesan: {"nokartu":"C3962FFF","idchip":"16581755","nodevice":"2309MAS003","key":"1234567890987654321","ipa":"10.10.2.32"}
[2025-09-30 13:44:14]
Berhasil merespon "dariMCU_2309MAS003" : {"respon":[{"id":"16581755","nodevice":"2309MAS003","message":"BMPE","info":"Ahmad Riva i--Berhasil Presensi -Mulai-","nokartu":"C3962FFF"}]}
Berhasil kirim balasan ke "responServer_2309MAS003"

[2025-09-30 13:44:18]
Menerima pesan dari: dariMCU_2309MAS003 - Pesan: {"nokartu":"C3962FFF","idchip":"16581755","nodevice":"2309MAS003","key":"1234567890987654321","ipa":"10.10.2.32"}
[2025-09-30 13:44:18]
Berhasil merespon "dariMCU_2309MAS003" : {"respon":[{"id":"16581755","nodevice":"2309MAS003","message":"510","info":"Ahmad Riva i--TERCATAT! 4 dtk lalu","nokartu":"C3962FFF"}]}
Berhasil kirim balasan ke "responServer_2309MAS003"

[2025-09-30 14:27:58]
Menerima pesan dari: dariMCU_2309MAS003 - Pesan: {"nokartu":"23DD2EFF","idchip":"16581755","nodevice":"2309MAS003","key":"1234567890987654321","ipa":"10.10.2.32"}
[2025-09-30 14:27:58]
Berhasil merespon "dariMCU_2309MAS003" : {"respon":[{"id":"16581755","nodevice":"2309MAS003","message":"BMPE","info":"Widya Rachmawaty--Berhasil Presensi -Mulai-","nokartu":"23DD2EFF"}]}
Berhasil kirim balasan ke "responServer_2309MAS003"

[2025-09-30 14:28:02]
Menerima pesan dari: dariMCU_2309MAS003 - Pesan: {"nokartu":"23DD2EFF","idchip":"16581755","nodevice":"2309MAS003","key":"1234567890987654321","ipa":"10.10.2.32"}
[2025-09-30 14:28:02]
Berhasil merespon "dariMCU_2309MAS003" : {"respon":[{"id":"16581755","nodevice":"2309MAS003","message":"510","info":"Widya Rachmawaty--TERCATAT! 4 dtk lalu","nokartu":"23DD2EFF"}]}
Berhasil kirim balasan ke "responServer_2309MAS003"

[2025-09-30 14:28:06]
Menerima pesan dari: dariMCU_2309MAS003 - Pesan: {"nokartu":"C31AADE2","idchip":"16581755","nodevice":"2309MAS003","key":"1234567890987654321","ipa":"10.10.2.32"}
[2025-09-30 14:28:06]
Berhasil merespon "dariMCU_2309MAS003" : {"respon":[{"id":"16581755","nodevice":"2309MAS003","message":"BMPE","info":"Shifa Kafka Nafisha--Berhasil Presensi -Mulai-","nokartu":"C31AADE2"}]}
Berhasil kirim balasan ke "responServer_2309MAS003"

[2025-09-30 14:28:20]
Menerima pesan dari: dariMCU_2309MAS003 - Pesan: {"nokartu":"A39E14FF","idchip":"16581755","nodevice":"2309MAS003","key":"1234567890987654321","ipa":"10.10.2.32"}
[2025-09-30 14:28:20]
Berhasil merespon "dariMCU_2309MAS003" : {"respon":[{"id":"16581755","nodevice":"2309MAS003","message":"IDTT","info":"Kartu ID ini--belum terdaftar","nokartu":"A39E14FF"}]}
Berhasil kirim balasan ke "responServer_2309MAS003"

[2025-09-30 14:28:25]
Menerima pesan dari: dariMCU_2309MAS003 - Pesan: {"nokartu":"A39E14FF","idchip":"16581755","nodevice":"2309MAS003","key":"1234567890987654321","ipa":"10.10.2.32"}
[2025-09-30 14:28:25]
Berhasil merespon "dariMCU_2309MAS003" : {"respon":[{"id":"16581755","nodevice":"2309MAS003","message":"IDTT","info":"Kartu ID ini--belum terdaftar","nokartu":"A39E14FF"}]}
Berhasil kirim balasan ke "responServer_2309MAS003"

[2025-09-30 14:35:28]
Menerima pesan dari: dariMCU_2309MAS003 - Pesan: {"nokartu":"A39E14FF","idchip":"16581755","nodevice":"2309MAS003","key":"1234567890987654321","ipa":"10.10.2.32"}
[2025-09-30 14:35:28]
Berhasil merespon "dariMCU_2309MAS003" : {"respon":[{"id":"16581755","nodevice":"2309MAS003","message":"IDTT","info":"Kartu ID ini--belum terdaftar","nokartu":"A39E14FF"}]}
Berhasil kirim balasan ke "responServer_2309MAS003"

[2025-09-30 14:35:35]
Menerima pesan dari: dariMCU_2309MAS003 - Pesan: {"nokartu":"A39E14FF","idchip":"16581755","nodevice":"2309MAS003","key":"1234567890987654321","ipa":"10.10.2.32"}
[2025-09-30 14:35:35]
Berhasil merespon "dariMCU_2309MAS003" : {"respon":[{"id":"16581755","nodevice":"2309MAS003","message":"IDTT","info":"Kartu ID ini--belum terdaftar","nokartu":"A39E14FF"}]}
Berhasil kirim balasan ke "responServer_2309MAS003"

