[2025-08-12 12:09:14]
Menerima pesan dari: dariMCU_2309MAS003 - Pesan: {"nokartu":"83A04B05","idchip":"16581755","nodevice":"2309MAS003","key":"1234567890987654321","ipa":"10.10.1.73"}
[2025-08-12 12:09:14]
Berhasil merespon "dariMCU_2309MAS003" : {"respon":[{"id":"16581755","nodevice":"2309MAS003","message":"BMPE","info":"Desta Ranayuda--Berhasil Presensi -Mulai-","nokartu":"83A04B05"}]}
Berhasil kirim balasan ke "responServer_2309MAS003"

[2025-08-12 12:09:18]
Menerima pesan dari: dariMCU_2309MAS003 - Pesan: {"nokartu":"83A04B05","idchip":"16581755","nodevice":"2309MAS003","key":"1234567890987654321","ipa":"10.10.1.73"}
[2025-08-12 12:09:18]
Berhasil merespon "dariMCU_2309MAS003" : {"respon":[{"id":"16581755","nodevice":"2309MAS003","message":"510","info":"Desta Ranayuda--TERCATAT! 4 dtk lalu","nokartu":"83A04B05"}]}
Berhasil kirim balasan ke "responServer_2309MAS003"

[2025-08-12 12:10:26]
Menerima pesan dari: dariMCU_2309MAS003 - Pesan: {"nokartu":"735522FF","idchip":"16581755","nodevice":"2309MAS003","key":"1234567890987654321","ipa":"10.10.1.73"}
[2025-08-12 12:10:26]
Berhasil merespon "dariMCU_2309MAS003" : {"respon":[{"id":"16581755","nodevice":"2309MAS003","message":"BMPE","info":"Nashanda Sabrina Shasa--Berhasil Presensi -Mulai-","nokartu":"735522FF"}]}
Berhasil kirim balasan ke "responServer_2309MAS003"

[2025-08-12 12:10:29]
Menerima pesan dari: dariMCU_2309MAS003 - Pesan: {"nokartu":"735522FF","idchip":"16581755","nodevice":"2309MAS003","key":"1234567890987654321","ipa":"10.10.1.73"}
[2025-08-12 12:10:29]
Berhasil merespon "dariMCU_2309MAS003" : {"respon":[{"id":"16581755","nodevice":"2309MAS003","message":"510","info":"Nashanda Sabrina Shasa--TERCATAT! 3 dtk lalu","nokartu":"735522FF"}]}
Berhasil kirim balasan ke "responServer_2309MAS003"

[2025-08-12 12:11:02]
Menerima pesan dari: dariMCU_2309MAS003 - Pesan: {"nokartu":"63D323FF","idchip":"16581755","nodevice":"2309MAS003","key":"1234567890987654321","ipa":"10.10.1.73"}
[2025-08-12 12:11:02]
Berhasil merespon "dariMCU_2309MAS003" : {"respon":[{"id":"16581755","nodevice":"2309MAS003","message":"BMPE","info":"Hisna Alifah--Berhasil Presensi -Mulai-","nokartu":"63D323FF"}]}
Berhasil kirim balasan ke "responServer_2309MAS003"

[2025-08-12 12:11:06]
Menerima pesan dari: dariMCU_2309MAS003 - Pesan: {"nokartu":"63D323FF","idchip":"16581755","nodevice":"2309MAS003","key":"1234567890987654321","ipa":"10.10.1.73"}
[2025-08-12 12:11:06]
Berhasil merespon "dariMCU_2309MAS003" : {"respon":[{"id":"16581755","nodevice":"2309MAS003","message":"510","info":"Hisna Alifah--TERCATAT! 4 dtk lalu","nokartu":"63D323FF"}]}
Berhasil kirim balasan ke "responServer_2309MAS003"

[2025-08-12 12:11:07]
Menerima pesan dari: dariMCU_2309MAS003 - Pesan: {"nokartu":"D32022FF","idchip":"16581755","nodevice":"2309MAS003","key":"1234567890987654321","ipa":"10.10.1.73"}
[2025-08-12 12:11:07]
Berhasil merespon "dariMCU_2309MAS003" : {"respon":[{"id":"16581755","nodevice":"2309MAS003","message":"BMPE","info":"Andin Ningmas Dewi--Berhasil Presensi -Mulai-","nokartu":"D32022FF"}]}
Berhasil kirim balasan ke "responServer_2309MAS003"

[2025-08-12 12:12:55]
Menerima pesan dari: dariMCU_2309MAS003 - Pesan: {"nokartu":"438818FE","idchip":"16581755","nodevice":"2309MAS003","key":"1234567890987654321","ipa":"10.10.1.73"}
[2025-08-12 12:12:55]
Berhasil merespon "dariMCU_2309MAS003" : {"respon":[{"id":"16581755","nodevice":"2309MAS003","message":"BMPE","info":"Nashendi Sabrina Shasa--Berhasil Presensi -Mulai-","nokartu":"438818FE"}]}
Berhasil kirim balasan ke "responServer_2309MAS003"

[2025-08-12 12:13:00]
Menerima pesan dari: dariMCU_2309MAS003 - Pesan: {"nokartu":"F3808005","idchip":"16581755","nodevice":"2309MAS003","key":"1234567890987654321","ipa":"10.10.1.73"}
[2025-08-12 12:13:00]
Berhasil merespon "dariMCU_2309MAS003" : {"respon":[{"id":"16581755","nodevice":"2309MAS003","message":"BMPE","info":"Berlian Jiyan Swari Putri--Berhasil Presensi -Mulai-","nokartu":"F3808005"}]}
Berhasil kirim balasan ke "responServer_2309MAS003"

[2025-08-12 12:13:07]
Menerima pesan dari: dariMCU_2309MAS003 - Pesan: {"nokartu":"735105FE","idchip":"16581755","nodevice":"2309MAS003","key":"1234567890987654321","ipa":"10.10.1.73"}
[2025-08-12 12:13:07]
Berhasil merespon "dariMCU_2309MAS003" : {"respon":[{"id":"16581755","nodevice":"2309MAS003","message":"BMPE","info":"Musyarofah Susanti--Berhasil Presensi -Mulai-","nokartu":"735105FE"}]}
Berhasil kirim balasan ke "responServer_2309MAS003"

[2025-08-12 12:13:13]
Menerima pesan dari: dariMCU_2309MAS003 - Pesan: {"nokartu":"13B021FF","idchip":"16581755","nodevice":"2309MAS003","key":"1234567890987654321","ipa":"10.10.1.73"}
[2025-08-12 12:13:13]
Berhasil merespon "dariMCU_2309MAS003" : {"respon":[{"id":"16581755","nodevice":"2309MAS003","message":"BMPE","info":"Muhammad Ulynnuha--Berhasil Presensi -Mulai-","nokartu":"13B021FF"}]}
Berhasil kirim balasan ke "responServer_2309MAS003"

[2025-08-12 12:13:16]
Menerima pesan dari: dariMCU_2309MAS003 - Pesan: {"nokartu":"13B021FF","idchip":"16581755","nodevice":"2309MAS003","key":"1234567890987654321","ipa":"10.10.1.73"}
[2025-08-12 12:13:16]
Berhasil merespon "dariMCU_2309MAS003" : {"respon":[{"id":"16581755","nodevice":"2309MAS003","message":"510","info":"Muhammad Ulynnuha--TERCATAT! 3 dtk lalu","nokartu":"13B021FF"}]}
Berhasil kirim balasan ke "responServer_2309MAS003"

[2025-08-12 12:18:02]
Menerima pesan dari: dariMCU_2309MAS003 - Pesan: {"nokartu":"43F32EFF","idchip":"16581755","nodevice":"2309MAS003","key":"1234567890987654321","ipa":"10.10.1.73"}
[2025-08-12 12:18:02]
Berhasil merespon "dariMCU_2309MAS003" : {"respon":[{"id":"16581755","nodevice":"2309MAS003","message":"BMPE","info":"Khilyatul Aini--Berhasil Presensi -Mulai-","nokartu":"43F32EFF"}]}
Berhasil kirim balasan ke "responServer_2309MAS003"

[2025-08-12 12:18:07]
Menerima pesan dari: dariMCU_2309MAS003 - Pesan: {"nokartu":"33047B05","idchip":"16581755","nodevice":"2309MAS003","key":"1234567890987654321","ipa":"10.10.1.73"}
[2025-08-12 12:18:07]
Berhasil merespon "dariMCU_2309MAS003" : {"respon":[{"id":"16581755","nodevice":"2309MAS003","message":"BMPE","info":"Dyah Maharani Putri--Berhasil Presensi -Mulai-","nokartu":"33047B05"}]}
Berhasil kirim balasan ke "responServer_2309MAS003"

[2025-08-12 12:18:14]
Menerima pesan dari: dariMCU_2309MAS003 - Pesan: {"nokartu":"33E92FFF","idchip":"16581755","nodevice":"2309MAS003","key":"1234567890987654321","ipa":"10.10.1.73"}
[2025-08-12 12:18:14]
Berhasil merespon "dariMCU_2309MAS003" : {"respon":[{"id":"16581755","nodevice":"2309MAS003","message":"BMPE","info":"Alin Vani Zulfantri--Berhasil Presensi -Mulai-","nokartu":"33E92FFF"}]}
Berhasil kirim balasan ke "responServer_2309MAS003"

[2025-08-12 12:18:22]
Menerima pesan dari: dariMCU_2309MAS003 - Pesan: {"nokartu":"53B98105","idchip":"16581755","nodevice":"2309MAS003","key":"1234567890987654321","ipa":"10.10.1.73"}
[2025-08-12 12:18:22]
Berhasil merespon "dariMCU_2309MAS003" : {"respon":[{"id":"16581755","nodevice":"2309MAS003","message":"BMPE","info":"Felicia Kumala Dewi--Berhasil Presensi -Mulai-","nokartu":"53B98105"}]}
Berhasil kirim balasan ke "responServer_2309MAS003"

[2025-08-12 12:18:23]
Menerima pesan dari: dariMCU_2309MAS003 - Pesan: {"nokartu":"53B98105","idchip":"16581755","nodevice":"2309MAS003","key":"1234567890987654321","ipa":"10.10.1.73"}
[2025-08-12 12:18:23]
Berhasil merespon "dariMCU_2309MAS003" : {"respon":[{"id":"16581755","nodevice":"2309MAS003","message":"510","info":"Felicia Kumala Dewi--TERCATAT! 1 dtk lalu","nokartu":"53B98105"}]}
Berhasil kirim balasan ke "responServer_2309MAS003"

[2025-08-12 12:18:38]
Menerima pesan dari: dariMCU_2309MAS003 - Pesan: {"nokartu":"53E415FF","idchip":"16581755","nodevice":"2309MAS003","key":"1234567890987654321","ipa":"10.10.1.73"}
[2025-08-12 12:18:38]
Berhasil merespon "dariMCU_2309MAS003" : {"respon":[{"id":"16581755","nodevice":"2309MAS003","message":"BMPE","info":"Arta Widyasari--Berhasil Presensi -Mulai-","nokartu":"53E415FF"}]}
Berhasil kirim balasan ke "responServer_2309MAS003"

[2025-08-12 12:18:47]
Menerima pesan dari: dariMCU_2309MAS003 - Pesan: {"nokartu":"935705FE","idchip":"16581755","nodevice":"2309MAS003","key":"1234567890987654321","ipa":"10.10.1.73"}
[2025-08-12 12:18:47]
Berhasil merespon "dariMCU_2309MAS003" : {"respon":[{"id":"16581755","nodevice":"2309MAS003","message":"BMPE","info":"Shafa Az Zahra--Berhasil Presensi -Mulai-","nokartu":"935705FE"}]}
Berhasil kirim balasan ke "responServer_2309MAS003"

[2025-08-12 12:19:40]
Menerima pesan dari: dariMCU_2309MAS003 - Pesan: {"nokartu":"632822FF","idchip":"16581755","nodevice":"2309MAS003","key":"1234567890987654321","ipa":"10.10.1.73"}
[2025-08-12 12:19:40]
Berhasil merespon "dariMCU_2309MAS003" : {"respon":[{"id":"16581755","nodevice":"2309MAS003","message":"BMPE","info":"Dwi Yuni Kurniawati--Berhasil Presensi -Mulai-","nokartu":"632822FF"}]}
Berhasil kirim balasan ke "responServer_2309MAS003"

[2025-08-12 12:19:44]
Menerima pesan dari: dariMCU_2309MAS003 - Pesan: {"nokartu":"C3BB21FF","idchip":"16581755","nodevice":"2309MAS003","key":"1234567890987654321","ipa":"10.10.1.73"}
[2025-08-12 12:19:44]
Berhasil merespon "dariMCU_2309MAS003" : {"respon":[{"id":"16581755","nodevice":"2309MAS003","message":"BMPE","info":"Nathania Cesya Salsabila--Berhasil Presensi -Mulai-","nokartu":"C3BB21FF"}]}
Berhasil kirim balasan ke "responServer_2309MAS003"

[2025-08-12 12:19:45]
Menerima pesan dari: dariMCU_2309MAS003 - Pesan: {"nokartu":"C3BB21FF","idchip":"16581755","nodevice":"2309MAS003","key":"1234567890987654321","ipa":"10.10.1.73"}
[2025-08-12 12:19:45]
Berhasil merespon "dariMCU_2309MAS003" : {"respon":[{"id":"16581755","nodevice":"2309MAS003","message":"510","info":"Nathania Cesya Salsabila--TERCATAT! 1 dtk lalu","nokartu":"C3BB21FF"}]}
Berhasil kirim balasan ke "responServer_2309MAS003"

[2025-08-12 12:20:20]
Menerima pesan dari: dariMCU_2309MAS003 - Pesan: {"nokartu":"933E24FF","idchip":"16581755","nodevice":"2309MAS003","key":"1234567890987654321","ipa":"10.10.1.73"}
[2025-08-12 12:20:20]
Berhasil merespon "dariMCU_2309MAS003" : {"respon":[{"id":"16581755","nodevice":"2309MAS003","message":"BMPE","info":"Dhecha Aprillea Nadine--Berhasil Presensi -Mulai-","nokartu":"933E24FF"}]}
Berhasil kirim balasan ke "responServer_2309MAS003"

[2025-08-12 12:20:23]
Menerima pesan dari: dariMCU_2309MAS003 - Pesan: {"nokartu":"933E24FF","idchip":"16581755","nodevice":"2309MAS003","key":"1234567890987654321","ipa":"10.10.1.73"}
[2025-08-12 12:20:23]
Berhasil merespon "dariMCU_2309MAS003" : {"respon":[{"id":"16581755","nodevice":"2309MAS003","message":"510","info":"Dhecha Aprillea Nadine--TERCATAT! 3 dtk lalu","nokartu":"933E24FF"}]}
Berhasil kirim balasan ke "responServer_2309MAS003"

[2025-08-12 12:20:28]
Menerima pesan dari: dariMCU_2309MAS003 - Pesan: {"nokartu":"C38C0BFE","idchip":"16581755","nodevice":"2309MAS003","key":"1234567890987654321","ipa":"10.10.1.73"}
[2025-08-12 12:20:28]
Berhasil merespon "dariMCU_2309MAS003" : {"respon":[{"id":"16581755","nodevice":"2309MAS003","message":"BMPE","info":"Viana Zahra--Berhasil Presensi -Mulai-","nokartu":"C38C0BFE"}]}
Berhasil kirim balasan ke "responServer_2309MAS003"

[2025-08-12 12:20:31]
Menerima pesan dari: dariMCU_2309MAS003 - Pesan: {"nokartu":"C38C0BFE","idchip":"16581755","nodevice":"2309MAS003","key":"1234567890987654321","ipa":"10.10.1.73"}
[2025-08-12 12:20:31]
Berhasil merespon "dariMCU_2309MAS003" : {"respon":[{"id":"16581755","nodevice":"2309MAS003","message":"510","info":"Viana Zahra--TERCATAT! 3 dtk lalu","nokartu":"C38C0BFE"}]}
Berhasil kirim balasan ke "responServer_2309MAS003"

[2025-08-12 12:20:34]
Menerima pesan dari: dariMCU_2309MAS003 - Pesan: {"nokartu":"53802FFF","idchip":"16581755","nodevice":"2309MAS003","key":"1234567890987654321","ipa":"10.10.1.73"}
[2025-08-12 12:20:34]
Berhasil merespon "dariMCU_2309MAS003" : {"respon":[{"id":"16581755","nodevice":"2309MAS003","message":"BMPE","info":"Fatimatuzzahro--Berhasil Presensi -Mulai-","nokartu":"53802FFF"}]}
Berhasil kirim balasan ke "responServer_2309MAS003"

[2025-08-12 12:20:36]
Menerima pesan dari: dariMCU_2309MAS003 - Pesan: {"nokartu":"13E47B05","idchip":"16581755","nodevice":"2309MAS003","key":"1234567890987654321","ipa":"10.10.1.73"}
[2025-08-12 12:20:36]
Berhasil merespon "dariMCU_2309MAS003" : {"respon":[{"id":"16581755","nodevice":"2309MAS003","message":"BMPE","info":"Ata Amirulloh--Berhasil Presensi -Mulai-","nokartu":"13E47B05"}]}
Berhasil kirim balasan ke "responServer_2309MAS003"

[2025-08-12 12:20:39]
Menerima pesan dari: dariMCU_2309MAS003 - Pesan: {"nokartu":"13E47B05","idchip":"16581755","nodevice":"2309MAS003","key":"1234567890987654321","ipa":"10.10.1.73"}
[2025-08-12 12:20:39]
Berhasil merespon "dariMCU_2309MAS003" : {"respon":[{"id":"16581755","nodevice":"2309MAS003","message":"510","info":"Ata Amirulloh--TERCATAT! 3 dtk lalu","nokartu":"13E47B05"}]}
Berhasil kirim balasan ke "responServer_2309MAS003"

[2025-08-12 12:20:44]
Menerima pesan dari: dariMCU_2309MAS003 - Pesan: {"nokartu":"C3FE1EFF","idchip":"16581755","nodevice":"2309MAS003","key":"1234567890987654321","ipa":"10.10.1.73"}
[2025-08-12 12:20:44]
Berhasil merespon "dariMCU_2309MAS003" : {"respon":[{"id":"16581755","nodevice":"2309MAS003","message":"BMPE","info":"Fernandi Ramadhan Dwiki Dharmawan--Berhasil Presensi -Mulai-","nokartu":"C3FE1EFF"}]}
Berhasil kirim balasan ke "responServer_2309MAS003"

[2025-08-12 12:20:48]
Menerima pesan dari: dariMCU_2309MAS003 - Pesan: {"nokartu":"C3FE1EFF","idchip":"16581755","nodevice":"2309MAS003","key":"1234567890987654321","ipa":"10.10.1.73"}
[2025-08-12 12:20:48]
Berhasil merespon "dariMCU_2309MAS003" : {"respon":[{"id":"16581755","nodevice":"2309MAS003","message":"510","info":"Fernandi Ramadhan Dwiki Dharmawan--TERCATAT! 4 dtk lalu","nokartu":"C3FE1EFF"}]}
Berhasil kirim balasan ke "responServer_2309MAS003"

[2025-08-12 12:20:54]
Menerima pesan dari: dariMCU_2309MAS003 - Pesan: {"nokartu":"43C30DFE","idchip":"16581755","nodevice":"2309MAS003","key":"1234567890987654321","ipa":"10.10.1.73"}
[2025-08-12 12:20:54]
Berhasil merespon "dariMCU_2309MAS003" : {"respon":[{"id":"16581755","nodevice":"2309MAS003","message":"BMPE","info":"Muhamad Saroful Anam--Berhasil Presensi -Mulai-","nokartu":"43C30DFE"}]}
Berhasil kirim balasan ke "responServer_2309MAS003"

[2025-08-12 12:21:00]
Menerima pesan dari: dariMCU_2309MAS003 - Pesan: {"nokartu":"73DD16FE","idchip":"16581755","nodevice":"2309MAS003","key":"1234567890987654321","ipa":"10.10.1.73"}
[2025-08-12 12:21:00]
Berhasil merespon "dariMCU_2309MAS003" : {"respon":[{"id":"16581755","nodevice":"2309MAS003","message":"BMPE","info":"Malik Fatah--Berhasil Presensi -Mulai-","nokartu":"73DD16FE"}]}
Berhasil kirim balasan ke "responServer_2309MAS003"

[2025-08-12 12:21:06]
Menerima pesan dari: dariMCU_2309MAS003 - Pesan: {"nokartu":"73DD16FE","idchip":"16581755","nodevice":"2309MAS003","key":"1234567890987654321","ipa":"10.10.1.73"}
[2025-08-12 12:21:06]
Berhasil merespon "dariMCU_2309MAS003" : {"respon":[{"id":"16581755","nodevice":"2309MAS003","message":"510","info":"Malik Fatah--TERCATAT! 6 dtk lalu","nokartu":"73DD16FE"}]}
Berhasil kirim balasan ke "responServer_2309MAS003"

[2025-08-12 12:23:33]
Menerima pesan dari: dariMCU_2309MAS003 - Pesan: {"nokartu":"23B006FE","idchip":"16581755","nodevice":"2309MAS003","key":"1234567890987654321","ipa":"10.10.1.73"}
[2025-08-12 12:23:33]
Berhasil merespon "dariMCU_2309MAS003" : {"respon":[{"id":"16581755","nodevice":"2309MAS003","message":"BMPE","info":"Eka Ananda Putri--Berhasil Presensi -Mulai-","nokartu":"23B006FE"}]}
Berhasil kirim balasan ke "responServer_2309MAS003"

[2025-08-12 12:23:34]
Menerima pesan dari: dariMCU_2309MAS003 - Pesan: {"nokartu":"23B006FE","idchip":"16581755","nodevice":"2309MAS003","key":"1234567890987654321","ipa":"10.10.1.73"}
[2025-08-12 12:23:34]
Berhasil merespon "dariMCU_2309MAS003" : {"respon":[{"id":"16581755","nodevice":"2309MAS003","message":"510","info":"Eka Ananda Putri--TERCATAT! 1 dtk lalu","nokartu":"23B006FE"}]}
Berhasil kirim balasan ke "responServer_2309MAS003"

[2025-08-12 12:23:37]
Menerima pesan dari: dariMCU_2309MAS003 - Pesan: {"nokartu":"134F0FFE","idchip":"16581755","nodevice":"2309MAS003","key":"1234567890987654321","ipa":"10.10.1.73"}
[2025-08-12 12:23:37]
Berhasil merespon "dariMCU_2309MAS003" : {"respon":[{"id":"16581755","nodevice":"2309MAS003","message":"BMPE","info":"Denis Shofia Dewanti--Berhasil Presensi -Mulai-","nokartu":"134F0FFE"}]}
Berhasil kirim balasan ke "responServer_2309MAS003"

[2025-08-12 12:23:41]
Menerima pesan dari: dariMCU_2309MAS003 - Pesan: {"nokartu":"134F0FFE","idchip":"16581755","nodevice":"2309MAS003","key":"1234567890987654321","ipa":"10.10.1.73"}
[2025-08-12 12:23:41]
Berhasil merespon "dariMCU_2309MAS003" : {"respon":[{"id":"16581755","nodevice":"2309MAS003","message":"510","info":"Denis Shofia Dewanti--TERCATAT! 4 dtk lalu","nokartu":"134F0FFE"}]}
Berhasil kirim balasan ke "responServer_2309MAS003"

[2025-08-12 12:23:46]
Menerima pesan dari: dariMCU_2309MAS003 - Pesan: {"nokartu":"C3BF32FF","idchip":"16581755","nodevice":"2309MAS003","key":"1234567890987654321","ipa":"10.10.1.73"}
[2025-08-12 12:23:46]
Berhasil merespon "dariMCU_2309MAS003" : {"respon":[{"id":"16581755","nodevice":"2309MAS003","message":"BMPE","info":"Leny Adilliani--Berhasil Presensi -Mulai-","nokartu":"C3BF32FF"}]}
Berhasil kirim balasan ke "responServer_2309MAS003"

[2025-08-12 12:23:49]
Menerima pesan dari: dariMCU_2309MAS003 - Pesan: {"nokartu":"C3BF32FF","idchip":"16581755","nodevice":"2309MAS003","key":"1234567890987654321","ipa":"10.10.1.73"}
[2025-08-12 12:23:49]
Berhasil merespon "dariMCU_2309MAS003" : {"respon":[{"id":"16581755","nodevice":"2309MAS003","message":"510","info":"Leny Adilliani--TERCATAT! 3 dtk lalu","nokartu":"C3BF32FF"}]}
Berhasil kirim balasan ke "responServer_2309MAS003"

[2025-08-12 12:23:50]
Menerima pesan dari: dariMCU_2309MAS003 - Pesan: {"nokartu":"43F32EFF","idchip":"16581755","nodevice":"2309MAS003","key":"1234567890987654321","ipa":"10.10.1.73"}
[2025-08-12 12:23:50]
Berhasil merespon "dariMCU_2309MAS003" : {"respon":[{"id":"16581755","nodevice":"2309MAS003","message":"BPSE","info":"Khilyatul Aini--Berhasil Presensi -Selesai-","nokartu":"43F32EFF"}]}
Berhasil kirim balasan ke "responServer_2309MAS003"

[2025-08-12 12:24:22]
Menerima pesan dari: dariMCU_2309MAS003 - Pesan: {"nokartu":"83710FFE","idchip":"16581755","nodevice":"2309MAS003","key":"1234567890987654321","ipa":"10.10.1.73"}
[2025-08-12 12:24:22]
Berhasil merespon "dariMCU_2309MAS003" : {"respon":[{"id":"16581755","nodevice":"2309MAS003","message":"BMPE","info":"Aura Auliya Mecca--Berhasil Presensi -Mulai-","nokartu":"83710FFE"}]}
Berhasil kirim balasan ke "responServer_2309MAS003"

[2025-08-12 12:24:26]
Menerima pesan dari: dariMCU_2309MAS003 - Pesan: {"nokartu":"83512FFF","idchip":"16581755","nodevice":"2309MAS003","key":"1234567890987654321","ipa":"10.10.1.73"}
[2025-08-12 12:24:26]
Berhasil merespon "dariMCU_2309MAS003" : {"respon":[{"id":"16581755","nodevice":"2309MAS003","message":"BMPE","info":"Nafrida Noviyanti--Berhasil Presensi -Mulai-","nokartu":"83512FFF"}]}
Berhasil kirim balasan ke "responServer_2309MAS003"

[2025-08-12 12:24:29]
Menerima pesan dari: dariMCU_2309MAS003 - Pesan: {"nokartu":"83512FFF","idchip":"16581755","nodevice":"2309MAS003","key":"1234567890987654321","ipa":"10.10.1.73"}
[2025-08-12 12:24:29]
Berhasil merespon "dariMCU_2309MAS003" : {"respon":[{"id":"16581755","nodevice":"2309MAS003","message":"510","info":"Nafrida Noviyanti--TERCATAT! 3 dtk lalu","nokartu":"83512FFF"}]}
Berhasil kirim balasan ke "responServer_2309MAS003"

[2025-08-12 12:24:30]
Menerima pesan dari: dariMCU_2309MAS003 - Pesan: {"nokartu":"033B10FE","idchip":"16581755","nodevice":"2309MAS003","key":"1234567890987654321","ipa":"10.10.1.73"}
[2025-08-12 12:24:30]
Berhasil merespon "dariMCU_2309MAS003" : {"respon":[{"id":"16581755","nodevice":"2309MAS003","message":"BMPE","info":"Dyah Ayu Riyanti--Berhasil Presensi -Mulai-","nokartu":"033B10FE"}]}
Berhasil kirim balasan ke "responServer_2309MAS003"

[2025-08-12 12:24:35]
Menerima pesan dari: dariMCU_2309MAS003 - Pesan: {"nokartu":"A39E14FF","idchip":"16581755","nodevice":"2309MAS003","key":"1234567890987654321","ipa":"10.10.1.73"}
[2025-08-12 12:24:35]
Berhasil merespon "dariMCU_2309MAS003" : {"respon":[{"id":"16581755","nodevice":"2309MAS003","message":"IDTT","info":"Kartu ID ini--belum terdaftar","nokartu":"A39E14FF"}]}
Berhasil kirim balasan ke "responServer_2309MAS003"

[2025-08-12 12:24:36]
Menerima pesan dari: dariMCU_2309MAS003 - Pesan: {"nokartu":"A39E14FF","idchip":"16581755","nodevice":"2309MAS003","key":"1234567890987654321","ipa":"10.10.1.73"}
[2025-08-12 12:24:36]
Berhasil merespon "dariMCU_2309MAS003" : {"respon":[{"id":"16581755","nodevice":"2309MAS003","message":"IDTT","info":"Kartu ID ini--belum terdaftar","nokartu":"A39E14FF"}]}
Berhasil kirim balasan ke "responServer_2309MAS003"

[2025-08-12 12:24:41]
Menerima pesan dari: dariMCU_2309MAS003 - Pesan: {"nokartu":"A39E14FF","idchip":"16581755","nodevice":"2309MAS003","key":"1234567890987654321","ipa":"10.10.1.73"}
[2025-08-12 12:24:41]
Berhasil merespon "dariMCU_2309MAS003" : {"respon":[{"id":"16581755","nodevice":"2309MAS003","message":"IDTT","info":"Kartu ID ini--belum terdaftar","nokartu":"A39E14FF"}]}
Berhasil kirim balasan ke "responServer_2309MAS003"

[2025-08-12 12:25:09]
Menerima pesan dari: dariMCU_2309MAS003 - Pesan: {"nokartu":"538418FE","idchip":"16581755","nodevice":"2309MAS003","key":"1234567890987654321","ipa":"10.10.1.73"}
[2025-08-12 12:25:09]
Berhasil merespon "dariMCU_2309MAS003" : {"respon":[{"id":"16581755","nodevice":"2309MAS003","message":"BMPE","info":"Muhamad Zidan Zaka--Berhasil Presensi -Mulai-","nokartu":"538418FE"}]}
Berhasil kirim balasan ke "responServer_2309MAS003"

[2025-08-12 12:25:13]
Menerima pesan dari: dariMCU_2309MAS003 - Pesan: {"nokartu":"D3D62DFF","idchip":"16581755","nodevice":"2309MAS003","key":"1234567890987654321","ipa":"10.10.1.73"}
[2025-08-12 12:25:13]
Berhasil merespon "dariMCU_2309MAS003" : {"respon":[{"id":"16581755","nodevice":"2309MAS003","message":"BMPE","info":"Alyka Nur Risya Ilfya--Berhasil Presensi -Mulai-","nokartu":"D3D62DFF"}]}
Berhasil kirim balasan ke "responServer_2309MAS003"

[2025-08-12 12:25:18]
Menerima pesan dari: dariMCU_2309MAS003 - Pesan: {"nokartu":"83A132FF","idchip":"16581755","nodevice":"2309MAS003","key":"1234567890987654321","ipa":"10.10.1.73"}
[2025-08-12 12:25:18]
Berhasil merespon "dariMCU_2309MAS003" : {"respon":[{"id":"16581755","nodevice":"2309MAS003","message":"BMPE","info":"Desvita Aulia--Berhasil Presensi -Mulai-","nokartu":"83A132FF"}]}
Berhasil kirim balasan ke "responServer_2309MAS003"

[2025-08-12 12:25:21]
Menerima pesan dari: dariMCU_2309MAS003 - Pesan: {"nokartu":"83A132FF","idchip":"16581755","nodevice":"2309MAS003","key":"1234567890987654321","ipa":"10.10.1.73"}
[2025-08-12 12:25:21]
Berhasil merespon "dariMCU_2309MAS003" : {"respon":[{"id":"16581755","nodevice":"2309MAS003","message":"510","info":"Desvita Aulia--TERCATAT! 3 dtk lalu","nokartu":"83A132FF"}]}
Berhasil kirim balasan ke "responServer_2309MAS003"

[2025-08-12 12:25:49]
Menerima pesan dari: dariMCU_2309MAS003 - Pesan: {"nokartu":"C3AC23FF","idchip":"16581755","nodevice":"2309MAS003","key":"1234567890987654321","ipa":"10.10.1.73"}
[2025-08-12 12:25:49]
Berhasil merespon "dariMCU_2309MAS003" : {"respon":[{"id":"16581755","nodevice":"2309MAS003","message":"BMPE","info":"Redapa Ardiyansah--Berhasil Presensi -Mulai-","nokartu":"C3AC23FF"}]}
Berhasil kirim balasan ke "responServer_2309MAS003"

[2025-08-12 12:25:55]
Menerima pesan dari: dariMCU_2309MAS003 - Pesan: {"nokartu":"C3AC23FF","idchip":"16581755","nodevice":"2309MAS003","key":"1234567890987654321","ipa":"10.10.1.73"}
[2025-08-12 12:25:55]
Berhasil merespon "dariMCU_2309MAS003" : {"respon":[{"id":"16581755","nodevice":"2309MAS003","message":"510","info":"Redapa Ardiyansah--TERCATAT! 6 dtk lalu","nokartu":"C3AC23FF"}]}
Berhasil kirim balasan ke "responServer_2309MAS003"

[2025-08-12 12:26:17]
Menerima pesan dari: dariMCU_2309MAS003 - Pesan: {"nokartu":"939F2FFF","idchip":"16581755","nodevice":"2309MAS003","key":"1234567890987654321","ipa":"10.10.1.73"}
[2025-08-12 12:26:17]
Berhasil merespon "dariMCU_2309MAS003" : {"respon":[{"id":"16581755","nodevice":"2309MAS003","message":"BMPE","info":"Hafid Andira--Berhasil Presensi -Mulai-","nokartu":"939F2FFF"}]}
Berhasil kirim balasan ke "responServer_2309MAS003"

[2025-08-12 12:26:22]
Menerima pesan dari: dariMCU_2309MAS003 - Pesan: {"nokartu":"939F2FFF","idchip":"16581755","nodevice":"2309MAS003","key":"1234567890987654321","ipa":"10.10.1.73"}
[2025-08-12 12:26:22]
Berhasil merespon "dariMCU_2309MAS003" : {"respon":[{"id":"16581755","nodevice":"2309MAS003","message":"510","info":"Hafid Andira--TERCATAT! 5 dtk lalu","nokartu":"939F2FFF"}]}
Berhasil kirim balasan ke "responServer_2309MAS003"

[2025-08-12 12:26:25]
Menerima pesan dari: dariMCU_2309MAS003 - Pesan: {"nokartu":"23C011FE","idchip":"16581755","nodevice":"2309MAS003","key":"1234567890987654321","ipa":"10.10.1.73"}
[2025-08-12 12:26:25]
Berhasil merespon "dariMCU_2309MAS003" : {"respon":[{"id":"16581755","nodevice":"2309MAS003","message":"BMPE","info":"Muhamad Hakan Rafly--Berhasil Presensi -Mulai-","nokartu":"23C011FE"}]}
Berhasil kirim balasan ke "responServer_2309MAS003"

[2025-08-12 12:26:29]
Menerima pesan dari: dariMCU_2309MAS003 - Pesan: {"nokartu":"23C011FE","idchip":"16581755","nodevice":"2309MAS003","key":"1234567890987654321","ipa":"10.10.1.73"}
[2025-08-12 12:26:29]
Berhasil merespon "dariMCU_2309MAS003" : {"respon":[{"id":"16581755","nodevice":"2309MAS003","message":"510","info":"Muhamad Hakan Rafly--TERCATAT! 4 dtk lalu","nokartu":"23C011FE"}]}
Berhasil kirim balasan ke "responServer_2309MAS003"

[2025-08-12 12:26:30]
Menerima pesan dari: dariMCU_2309MAS003 - Pesan: {"nokartu":"332A12FE","idchip":"16581755","nodevice":"2309MAS003","key":"1234567890987654321","ipa":"10.10.1.73"}
[2025-08-12 12:26:30]
Berhasil merespon "dariMCU_2309MAS003" : {"respon":[{"id":"16581755","nodevice":"2309MAS003","message":"BMPE","info":"Rehan Nibras Hibban--Berhasil Presensi -Mulai-","nokartu":"332A12FE"}]}
Berhasil kirim balasan ke "responServer_2309MAS003"

[2025-08-12 12:27:24]
Menerima pesan dari: dariMCU_2309MAS003 - Pesan: {"nokartu":"930E22FF","idchip":"16581755","nodevice":"2309MAS003","key":"1234567890987654321","ipa":"10.10.1.73"}
[2025-08-12 12:27:24]
Berhasil merespon "dariMCU_2309MAS003" : {"respon":[{"id":"16581755","nodevice":"2309MAS003","message":"BMPE","info":"Nafila Azahro--Berhasil Presensi -Mulai-","nokartu":"930E22FF"}]}
Berhasil kirim balasan ke "responServer_2309MAS003"

[2025-08-12 12:27:28]
Menerima pesan dari: dariMCU_2309MAS003 - Pesan: {"nokartu":"933E24FF","idchip":"16581755","nodevice":"2309MAS003","key":"1234567890987654321","ipa":"10.10.1.73"}
[2025-08-12 12:27:28]
Berhasil merespon "dariMCU_2309MAS003" : {"respon":[{"id":"16581755","nodevice":"2309MAS003","message":"BPSE","info":"Dhecha Aprillea Nadine--Berhasil Presensi -Selesai-","nokartu":"933E24FF"}]}
Berhasil kirim balasan ke "responServer_2309MAS003"

[2025-08-12 12:27:32]
Menerima pesan dari: dariMCU_2309MAS003 - Pesan: {"nokartu":"933E24FF","idchip":"16581755","nodevice":"2309MAS003","key":"1234567890987654321","ipa":"10.10.1.73"}
[2025-08-12 12:27:32]
Berhasil merespon "dariMCU_2309MAS003" : {"respon":[{"id":"16581755","nodevice":"2309MAS003","message":"510","info":"Dhecha Aprillea Nadine--TERCATAT! 4 dtk lalu","nokartu":"933E24FF"}]}
Berhasil kirim balasan ke "responServer_2309MAS003"

[2025-08-12 12:27:56]
Menerima pesan dari: dariMCU_2309MAS003 - Pesan: {"nokartu":"E3EF7B05","idchip":"16581755","nodevice":"2309MAS003","key":"1234567890987654321","ipa":"10.10.1.73"}
[2025-08-12 12:27:56]
Berhasil merespon "dariMCU_2309MAS003" : {"respon":[{"id":"16581755","nodevice":"2309MAS003","message":"BMPE","info":"Adinda Deviani Putri--Berhasil Presensi -Mulai-","nokartu":"E3EF7B05"}]}
Berhasil kirim balasan ke "responServer_2309MAS003"

[2025-08-12 12:27:57]
Menerima pesan dari: dariMCU_2309MAS003 - Pesan: {"nokartu":"E3DA7805","idchip":"16581755","nodevice":"2309MAS003","key":"1234567890987654321","ipa":"10.10.1.73"}
[2025-08-12 12:27:57]
Berhasil merespon "dariMCU_2309MAS003" : {"respon":[{"id":"16581755","nodevice":"2309MAS003","message":"BMPE","info":"Widia Fajar Charohmah--Berhasil Presensi -Mulai-","nokartu":"E3DA7805"}]}
Berhasil kirim balasan ke "responServer_2309MAS003"

[2025-08-12 12:28:06]
Menerima pesan dari: dariMCU_2309MAS003 - Pesan: {"nokartu":"83FD1805","idchip":"16581755","nodevice":"2309MAS003","key":"1234567890987654321","ipa":"10.10.1.73"}
[2025-08-12 12:28:06]
Berhasil merespon "dariMCU_2309MAS003" : {"respon":[{"id":"16581755","nodevice":"2309MAS003","message":"BMPE","info":"Tapsilatun--Berhasil Presensi -Mulai-","nokartu":"83FD1805"}]}
Berhasil kirim balasan ke "responServer_2309MAS003"

[2025-08-12 12:28:09]
Menerima pesan dari: dariMCU_2309MAS003 - Pesan: {"nokartu":"83FD1805","idchip":"16581755","nodevice":"2309MAS003","key":"1234567890987654321","ipa":"10.10.1.73"}
[2025-08-12 12:28:09]
Berhasil merespon "dariMCU_2309MAS003" : {"respon":[{"id":"16581755","nodevice":"2309MAS003","message":"510","info":"Tapsilatun--TERCATAT! 3 dtk lalu","nokartu":"83FD1805"}]}
Berhasil kirim balasan ke "responServer_2309MAS003"

[2025-08-12 12:28:15]
Menerima pesan dari: dariMCU_2309MAS003 - Pesan: {"nokartu":"E3EF7B05","idchip":"16581755","nodevice":"2309MAS003","key":"1234567890987654321","ipa":"10.10.1.73"}
[2025-08-12 12:28:15]
Berhasil merespon "dariMCU_2309MAS003" : {"respon":[{"id":"16581755","nodevice":"2309MAS003","message":"510","info":"Adinda Deviani Putri--TERCATAT! 19 dtk lalu","nokartu":"E3EF7B05"}]}
Berhasil kirim balasan ke "responServer_2309MAS003"

[2025-08-12 12:28:18]
Menerima pesan dari: dariMCU_2309MAS003 - Pesan: {"nokartu":"E3EF7B05","idchip":"16581755","nodevice":"2309MAS003","key":"1234567890987654321","ipa":"10.10.1.73"}
[2025-08-12 12:28:18]
Berhasil merespon "dariMCU_2309MAS003" : {"respon":[{"id":"16581755","nodevice":"2309MAS003","message":"510","info":"Adinda Deviani Putri--TERCATAT! 22 dtk lalu","nokartu":"E3EF7B05"}]}
Berhasil kirim balasan ke "responServer_2309MAS003"

[2025-08-12 12:28:23]
Menerima pesan dari: dariMCU_2309MAS003 - Pesan: {"nokartu":"23DD2EFF","idchip":"16581755","nodevice":"2309MAS003","key":"1234567890987654321","ipa":"10.10.1.73"}
[2025-08-12 12:28:23]
Berhasil merespon "dariMCU_2309MAS003" : {"respon":[{"id":"16581755","nodevice":"2309MAS003","message":"BMPE","info":"Widya Rachmawaty--Berhasil Presensi -Mulai-","nokartu":"23DD2EFF"}]}
Berhasil kirim balasan ke "responServer_2309MAS003"

[2025-08-12 12:28:26]
Menerima pesan dari: dariMCU_2309MAS003 - Pesan: {"nokartu":"23DD2EFF","idchip":"16581755","nodevice":"2309MAS003","key":"1234567890987654321","ipa":"10.10.1.73"}
[2025-08-12 12:28:26]
Berhasil merespon "dariMCU_2309MAS003" : {"respon":[{"id":"16581755","nodevice":"2309MAS003","message":"510","info":"Widya Rachmawaty--TERCATAT! 3 dtk lalu","nokartu":"23DD2EFF"}]}
Berhasil kirim balasan ke "responServer_2309MAS003"

[2025-08-12 12:28:27]
Menerima pesan dari: dariMCU_2309MAS003 - Pesan: {"nokartu":"93F124FF","idchip":"16581755","nodevice":"2309MAS003","key":"1234567890987654321","ipa":"10.10.1.73"}
[2025-08-12 12:28:27]
Berhasil merespon "dariMCU_2309MAS003" : {"respon":[{"id":"16581755","nodevice":"2309MAS003","message":"BMPE","info":"Reynata Rizki Kisdaningtyas--Berhasil Presensi -Mulai-","nokartu":"93F124FF"}]}
Berhasil kirim balasan ke "responServer_2309MAS003"

[2025-08-12 12:29:09]
Menerima pesan dari: dariMCU_2309MAS003 - Pesan: {"nokartu":"F3422DFF","idchip":"16581755","nodevice":"2309MAS003","key":"1234567890987654321","ipa":"10.10.1.73"}
[2025-08-12 12:29:09]
Berhasil merespon "dariMCU_2309MAS003" : {"respon":[{"id":"16581755","nodevice":"2309MAS003","message":"BMPE","info":"Verlita Risky--Berhasil Presensi -Mulai-","nokartu":"F3422DFF"}]}
Berhasil kirim balasan ke "responServer_2309MAS003"

[2025-08-12 12:29:20]
Menerima pesan dari: dariMCU_2309MAS003 - Pesan: {"nokartu":"F3422DFF","idchip":"16581755","nodevice":"2309MAS003","key":"1234567890987654321","ipa":"10.10.1.73"}
[2025-08-12 12:29:20]
Berhasil merespon "dariMCU_2309MAS003" : {"respon":[{"id":"16581755","nodevice":"2309MAS003","message":"510","info":"Verlita Risky--TERCATAT! 11 dtk lalu","nokartu":"F3422DFF"}]}
Berhasil kirim balasan ke "responServer_2309MAS003"

[2025-08-12 12:29:21]
Menerima pesan dari: dariMCU_2309MAS003 - Pesan: {"nokartu":"F3422DFF","idchip":"16581755","nodevice":"2309MAS003","key":"1234567890987654321","ipa":"10.10.1.73"}
[2025-08-12 12:29:21]
Berhasil merespon "dariMCU_2309MAS003" : {"respon":[{"id":"16581755","nodevice":"2309MAS003","message":"510","info":"Verlita Risky--TERCATAT! 12 dtk lalu","nokartu":"F3422DFF"}]}
Berhasil kirim balasan ke "responServer_2309MAS003"

[2025-08-12 12:29:26]
Menerima pesan dari: dariMCU_2309MAS003 - Pesan: {"nokartu":"4476B889","idchip":"16581755","nodevice":"2309MAS003","key":"1234567890987654321","ipa":"10.10.1.73"}
[2025-08-12 12:29:26]
Berhasil merespon "dariMCU_2309MAS003" : {"respon":[{"id":"16581755","nodevice":"2309MAS003","message":"BMPE","info":"Asshyfa Nur Lita--Berhasil Presensi -Mulai-","nokartu":"4476B889"}]}
Berhasil kirim balasan ke "responServer_2309MAS003"

[2025-08-12 12:29:30]
Menerima pesan dari: dariMCU_2309MAS003 - Pesan: {"nokartu":"4476B889","idchip":"16581755","nodevice":"2309MAS003","key":"1234567890987654321","ipa":"10.10.1.73"}
[2025-08-12 12:29:30]
Berhasil merespon "dariMCU_2309MAS003" : {"respon":[{"id":"16581755","nodevice":"2309MAS003","message":"510","info":"Asshyfa Nur Lita--TERCATAT! 4 dtk lalu","nokartu":"4476B889"}]}
Berhasil kirim balasan ke "responServer_2309MAS003"

[2025-08-12 12:29:37]
Menerima pesan dari: dariMCU_2309MAS003 - Pesan: {"nokartu":"A3DB2DFF","idchip":"16581755","nodevice":"2309MAS003","key":"1234567890987654321","ipa":"10.10.1.73"}
[2025-08-12 12:29:37]
Berhasil merespon "dariMCU_2309MAS003" : {"respon":[{"id":"16581755","nodevice":"2309MAS003","message":"BMPE","info":"Hanifah Qurotul Ain--Berhasil Presensi -Mulai-","nokartu":"A3DB2DFF"}]}
Berhasil kirim balasan ke "responServer_2309MAS003"

[2025-08-12 12:30:26]
Menerima pesan dari: dariMCU_2309MAS003 - Pesan: {"nokartu":"73ED2CFF","idchip":"16581755","nodevice":"2309MAS003","key":"1234567890987654321","ipa":"10.10.1.73"}
[2025-08-12 12:30:26]
Berhasil merespon "dariMCU_2309MAS003" : {"respon":[{"id":"16581755","nodevice":"2309MAS003","message":"BMPE","info":"Jesica Ayu Natalia--Berhasil Presensi -Mulai-","nokartu":"73ED2CFF"}]}
Berhasil kirim balasan ke "responServer_2309MAS003"

[2025-08-12 12:30:30]
Menerima pesan dari: dariMCU_2309MAS003 - Pesan: {"nokartu":"73ED2CFF","idchip":"16581755","nodevice":"2309MAS003","key":"1234567890987654321","ipa":"10.10.1.73"}
[2025-08-12 12:30:30]
Berhasil merespon "dariMCU_2309MAS003" : {"respon":[{"id":"16581755","nodevice":"2309MAS003","message":"510","info":"Jesica Ayu Natalia--TERCATAT! 4 dtk lalu","nokartu":"73ED2CFF"}]}
Berhasil kirim balasan ke "responServer_2309MAS003"

[2025-08-12 12:31:16]
Menerima pesan dari: dariMCU_2309MAS003 - Pesan: {"nokartu":"033B10FE","idchip":"16581755","nodevice":"2309MAS003","key":"1234567890987654321","ipa":"10.10.1.73"}
[2025-08-12 12:31:16]
Berhasil merespon "dariMCU_2309MAS003" : {"respon":[{"id":"16581755","nodevice":"2309MAS003","message":"BPSE","info":"Dyah Ayu Riyanti--Berhasil Presensi -Selesai-","nokartu":"033B10FE"}]}
Berhasil kirim balasan ke "responServer_2309MAS003"

[2025-08-12 12:33:26]
Menerima pesan dari: dariMCU_2309MAS003 - Pesan: {"nokartu":"D3D62DFF","idchip":"16581755","nodevice":"2309MAS003","key":"1234567890987654321","ipa":"10.10.1.73"}
[2025-08-12 12:33:26]
Berhasil merespon "dariMCU_2309MAS003" : {"respon":[{"id":"16581755","nodevice":"2309MAS003","message":"BPSE","info":"Alyka Nur Risya Ilfya--Berhasil Presensi -Selesai-","nokartu":"D3D62DFF"}]}
Berhasil kirim balasan ke "responServer_2309MAS003"

[2025-08-12 12:36:14]
Menerima pesan dari: dariMCU_2309MAS003 - Pesan: {"nokartu":"037E24FF","idchip":"16581755","nodevice":"2309MAS003","key":"1234567890987654321","ipa":"10.10.1.73"}
[2025-08-12 12:36:14]
Berhasil merespon "dariMCU_2309MAS003" : {"respon":[{"id":"16581755","nodevice":"2309MAS003","message":"BMPE","info":"Alisya Desti Maharani--Berhasil Presensi -Mulai-","nokartu":"037E24FF"}]}
Berhasil kirim balasan ke "responServer_2309MAS003"

[2025-08-12 12:36:17]
Menerima pesan dari: dariMCU_2309MAS003 - Pesan: {"nokartu":"037E24FF","idchip":"16581755","nodevice":"2309MAS003","key":"1234567890987654321","ipa":"10.10.1.73"}
[2025-08-12 12:36:17]
Berhasil merespon "dariMCU_2309MAS003" : {"respon":[{"id":"16581755","nodevice":"2309MAS003","message":"510","info":"Alisya Desti Maharani--TERCATAT! 3 dtk lalu","nokartu":"037E24FF"}]}
Berhasil kirim balasan ke "responServer_2309MAS003"

[2025-08-12 12:36:18]
Menerima pesan dari: dariMCU_2309MAS003 - Pesan: {"nokartu":"E3F232FF","idchip":"16581755","nodevice":"2309MAS003","key":"1234567890987654321","ipa":"10.10.1.73"}
[2025-08-12 12:36:18]
Berhasil merespon "dariMCU_2309MAS003" : {"respon":[{"id":"16581755","nodevice":"2309MAS003","message":"BMPE","info":"Fita Ayu Ananta--Berhasil Presensi -Mulai-","nokartu":"E3F232FF"}]}
Berhasil kirim balasan ke "responServer_2309MAS003"

[2025-08-12 12:36:23]
Menerima pesan dari: dariMCU_2309MAS003 - Pesan: {"nokartu":"E3F232FF","idchip":"16581755","nodevice":"2309MAS003","key":"1234567890987654321","ipa":"10.10.1.73"}
[2025-08-12 12:36:23]
Berhasil merespon "dariMCU_2309MAS003" : {"respon":[{"id":"16581755","nodevice":"2309MAS003","message":"510","info":"Fita Ayu Ananta--TERCATAT! 5 dtk lalu","nokartu":"E3F232FF"}]}
Berhasil kirim balasan ke "responServer_2309MAS003"

[2025-08-12 12:36:27]
Menerima pesan dari: dariMCU_2309MAS003 - Pesan: {"nokartu":"E3F232FF","idchip":"16581755","nodevice":"2309MAS003","key":"1234567890987654321","ipa":"10.10.1.73"}
[2025-08-12 12:36:27]
Berhasil merespon "dariMCU_2309MAS003" : {"respon":[{"id":"16581755","nodevice":"2309MAS003","message":"510","info":"Fita Ayu Ananta--TERCATAT! 9 dtk lalu","nokartu":"E3F232FF"}]}
Berhasil kirim balasan ke "responServer_2309MAS003"

[2025-08-12 12:45:57]
Menerima pesan dari: dariMCU_2309MAS003 - Pesan: {"nokartu":"E3F232FF","idchip":"16581755","nodevice":"2309MAS003","key":"1234567890987654321","ipa":"10.10.1.73"}
[2025-08-12 12:45:57]
Berhasil merespon "dariMCU_2309MAS003" : {"respon":[{"id":"16581755","nodevice":"2309MAS003","message":"BPSE","info":"Fita Ayu Ananta--Berhasil Presensi -Selesai-","nokartu":"E3F232FF"}]}
Berhasil kirim balasan ke "responServer_2309MAS003"

[2025-08-12 12:46:00]
Menerima pesan dari: dariMCU_2309MAS003 - Pesan: {"nokartu":"E3F232FF","idchip":"16581755","nodevice":"2309MAS003","key":"1234567890987654321","ipa":"10.10.1.73"}
[2025-08-12 12:46:00]
Berhasil merespon "dariMCU_2309MAS003" : {"respon":[{"id":"16581755","nodevice":"2309MAS003","message":"510","info":"Fita Ayu Ananta--TERCATAT! 3 dtk lalu","nokartu":"E3F232FF"}]}
Berhasil kirim balasan ke "responServer_2309MAS003"

[2025-08-12 12:46:01]
Menerima pesan dari: dariMCU_2309MAS003 - Pesan: {"nokartu":"037E24FF","idchip":"16581755","nodevice":"2309MAS003","key":"1234567890987654321","ipa":"10.10.1.73"}
[2025-08-12 12:46:01]
Berhasil merespon "dariMCU_2309MAS003" : {"respon":[{"id":"16581755","nodevice":"2309MAS003","message":"BPSE","info":"Alisya Desti Maharani--Berhasil Presensi -Selesai-","nokartu":"037E24FF"}]}
Berhasil kirim balasan ke "responServer_2309MAS003"

[2025-08-12 12:47:35]
Menerima pesan dari: dariMCU_2309MAS003 - Pesan: {"nokartu":"E3EEF3E4","idchip":"16581755","nodevice":"2309MAS003","key":"1234567890987654321","ipa":"10.10.1.73"}
[2025-08-12 12:47:35]
Berhasil merespon "dariMCU_2309MAS003" : {"respon":[{"id":"16581755","nodevice":"2309MAS003","message":"BMPE","info":"Bunga Putri Agustina--Berhasil Presensi -Mulai-","nokartu":"E3EEF3E4"}]}
Berhasil kirim balasan ke "responServer_2309MAS003"

[2025-08-12 12:47:39]
Menerima pesan dari: dariMCU_2309MAS003 - Pesan: {"nokartu":"E3EEF3E4","idchip":"16581755","nodevice":"2309MAS003","key":"1234567890987654321","ipa":"10.10.1.73"}
[2025-08-12 12:47:39]
Berhasil merespon "dariMCU_2309MAS003" : {"respon":[{"id":"16581755","nodevice":"2309MAS003","message":"510","info":"Bunga Putri Agustina--TERCATAT! 4 dtk lalu","nokartu":"E3EEF3E4"}]}
Berhasil kirim balasan ke "responServer_2309MAS003"

[2025-08-12 12:47:40]
Menerima pesan dari: dariMCU_2309MAS003 - Pesan: {"nokartu":"E3EEF3E4","idchip":"16581755","nodevice":"2309MAS003","key":"1234567890987654321","ipa":"10.10.1.73"}
[2025-08-12 12:47:40]
Berhasil merespon "dariMCU_2309MAS003" : {"respon":[{"id":"16581755","nodevice":"2309MAS003","message":"510","info":"Bunga Putri Agustina--TERCATAT! 5 dtk lalu","nokartu":"E3EEF3E4"}]}
Berhasil kirim balasan ke "responServer_2309MAS003"

[2025-08-12 12:47:44]
Menerima pesan dari: dariMCU_2309MAS003 - Pesan: {"nokartu":"23EF7B05","idchip":"16581755","nodevice":"2309MAS003","key":"1234567890987654321","ipa":"10.10.1.73"}
[2025-08-12 12:47:44]
Berhasil merespon "dariMCU_2309MAS003" : {"respon":[{"id":"16581755","nodevice":"2309MAS003","message":"BMPE","info":"Bella Raisa Anandita--Berhasil Presensi -Mulai-","nokartu":"23EF7B05"}]}
Berhasil kirim balasan ke "responServer_2309MAS003"

[2025-08-12 12:47:48]
Menerima pesan dari: dariMCU_2309MAS003 - Pesan: {"nokartu":"23EF7B05","idchip":"16581755","nodevice":"2309MAS003","key":"1234567890987654321","ipa":"10.10.1.73"}
[2025-08-12 12:47:48]
Berhasil merespon "dariMCU_2309MAS003" : {"respon":[{"id":"16581755","nodevice":"2309MAS003","message":"510","info":"Bella Raisa Anandita--TERCATAT! 4 dtk lalu","nokartu":"23EF7B05"}]}
Berhasil kirim balasan ke "responServer_2309MAS003"

[2025-08-12 12:47:50]
Menerima pesan dari: dariMCU_2309MAS003 - Pesan: {"nokartu":"13B06F05","idchip":"16581755","nodevice":"2309MAS003","key":"1234567890987654321","ipa":"10.10.1.73"}
[2025-08-12 12:47:50]
Berhasil merespon "dariMCU_2309MAS003" : {"respon":[{"id":"16581755","nodevice":"2309MAS003","message":"BMPE","info":"Fania Agustin Nur Khakimah--Berhasil Presensi -Mulai-","nokartu":"13B06F05"}]}
Berhasil kirim balasan ke "responServer_2309MAS003"

[2025-08-12 12:47:54]
Menerima pesan dari: dariMCU_2309MAS003 - Pesan: {"nokartu":"C3081D05","idchip":"16581755","nodevice":"2309MAS003","key":"1234567890987654321","ipa":"10.10.1.73"}
[2025-08-12 12:47:54]
Berhasil merespon "dariMCU_2309MAS003" : {"respon":[{"id":"16581755","nodevice":"2309MAS003","message":"BMPE","info":"Nilna Sakda Aula Anjumi--Berhasil Presensi -Mulai-","nokartu":"C3081D05"}]}
Berhasil kirim balasan ke "responServer_2309MAS003"

[2025-08-12 12:47:57]
Menerima pesan dari: dariMCU_2309MAS003 - Pesan: {"nokartu":"C3081D05","idchip":"16581755","nodevice":"2309MAS003","key":"1234567890987654321","ipa":"10.10.1.73"}
[2025-08-12 12:47:57]
Berhasil merespon "dariMCU_2309MAS003" : {"respon":[{"id":"16581755","nodevice":"2309MAS003","message":"510","info":"Nilna Sakda Aula Anjumi--TERCATAT! 3 dtk lalu","nokartu":"C3081D05"}]}
Berhasil kirim balasan ke "responServer_2309MAS003"

[2025-08-12 12:52:46]
Menerima pesan dari: dariMCU_2309MAS003 - Pesan: {"nokartu":"C3962FFF","idchip":"16581755","nodevice":"2309MAS003","key":"1234567890987654321","ipa":"10.10.1.73"}
[2025-08-12 12:52:46]
Berhasil merespon "dariMCU_2309MAS003" : {"respon":[{"id":"16581755","nodevice":"2309MAS003","message":"BMPE","info":"Ahmad Riva i--Berhasil Presensi -Mulai-","nokartu":"C3962FFF"}]}
Berhasil kirim balasan ke "responServer_2309MAS003"

[2025-08-12 12:52:50]
Menerima pesan dari: dariMCU_2309MAS003 - Pesan: {"nokartu":"C3962FFF","idchip":"16581755","nodevice":"2309MAS003","key":"1234567890987654321","ipa":"10.10.1.73"}
[2025-08-12 12:52:50]
Berhasil merespon "dariMCU_2309MAS003" : {"respon":[{"id":"16581755","nodevice":"2309MAS003","message":"510","info":"Ahmad Riva i--TERCATAT! 4 dtk lalu","nokartu":"C3962FFF"}]}
Berhasil kirim balasan ke "responServer_2309MAS003"

