[2023-12-06 06:57:56]
Menerima pesan dari: dariMCU_2309G003 - Pesan: {"nokartu":"6C8FED22","idchip":"8008873","nodevice":"2309G003","key":"1234567890987654321","ipa":"10.10.5.218"}
[2023-12-06 06:57:56]
Berhasil merespon "dariMCU_2309G003" : {"respon":[{"id":"8008873","nodevice":"2309G003","message":"BMPM","info":"Raafiyanto Adri Mahardika--Berhasil Presensi","nokartu":"6C8FED22"}]}
Berhasil kirim balasan ke "responServer_2309G003"

[2023-12-06 06:57:57]
Menerima pesan dari: dariMCU_2309G003 - Pesan: {"nokartu":"6C8FED22","idchip":"8008873","nodevice":"2309G003","key":"1234567890987654321","ipa":"10.10.5.218"}
[2023-12-06 06:57:57]
Berhasil merespon "dariMCU_2309G003" : {"respon":[{"id":"8008873","nodevice":"2309G003","message":"SMPM","info":"Raafiyanto Adri Mahardika--Anda Sudah melakukan Presensi","nokartu":"6C8FED22"}]}
Berhasil kirim balasan ke "responServer_2309G003"

[2023-12-06 06:58:01]
Menerima pesan dari: dariMCU_2309G003 - Pesan: {"nokartu":"6C8FED22","idchip":"8008873","nodevice":"2309G003","key":"1234567890987654321","ipa":"10.10.5.218"}
[2023-12-06 06:58:01]
Berhasil merespon "dariMCU_2309G003" : {"respon":[{"id":"8008873","nodevice":"2309G003","message":"SMPM","info":"Raafiyanto Adri Mahardika--Anda Sudah melakukan Presensi","nokartu":"6C8FED22"}]}
Berhasil kirim balasan ke "responServer_2309G003"

[2023-12-06 09:45:39]
Menerima pesan dari: dariMCU_2309G005 - Pesan: {"nokartu":"93F67406","idchip":"10687500","nodevice":"2309G005","key":"1234567890987654321","ipa":"10.16.0.232"}
[2023-12-06 09:45:39]
Berhasil merespon "dariMCU_2309G005" : {"respon":[{"id":"10687500","nodevice":"2309G005","message":"IDTT","info":"Kartu ID ini--belum terdaftar","nokartu":"93F67406"}]}
Berhasil kirim balasan ke "responServer_2309G005"

[2023-12-06 09:45:49]
Menerima pesan dari: dariMCU_2309G005 - Pesan: {"nokartu":"13197D05","idchip":"10687500","nodevice":"2309G005","key":"1234567890987654321","ipa":"10.16.0.232"}
[2023-12-06 09:45:49]
Berhasil merespon "dariMCU_2309G005" : {"respon":[{"id":"10687500","nodevice":"2309G005","message":"IDTT","info":"Kartu ID ini--belum terdaftar","nokartu":"13197D05"}]}
Berhasil kirim balasan ke "responServer_2309G005"

[2023-12-06 09:45:57]
Menerima pesan dari: dariMCU_2309G005 - Pesan: {"nokartu":"13197D05","idchip":"10687500","nodevice":"2309G005","key":"1234567890987654321","ipa":"10.16.0.232"}
[2023-12-06 09:45:57]
Berhasil merespon "dariMCU_2309G005" : {"respon":[{"id":"10687500","nodevice":"2309G005","message":"IDTT","info":"Kartu ID ini--belum terdaftar","nokartu":"13197D05"}]}
Berhasil kirim balasan ke "responServer_2309G005"

[2023-12-06 09:46:04]
Menerima pesan dari: dariMCU_2309G005 - Pesan: {"nokartu":"13197D05","idchip":"10687500","nodevice":"2309G005","key":"1234567890987654321","ipa":"10.16.0.232"}
[2023-12-06 09:46:04]
Berhasil merespon "dariMCU_2309G005" : {"respon":[{"id":"10687500","nodevice":"2309G005","message":"IDTT","info":"Kartu ID ini--belum terdaftar","nokartu":"13197D05"}]}
Berhasil kirim balasan ke "responServer_2309G005"

[2023-12-06 09:46:11]
Menerima pesan dari: dariMCU_2309G005 - Pesan: {"nokartu":"13197D05","idchip":"10687500","nodevice":"2309G005","key":"1234567890987654321","ipa":"10.16.0.232"}
[2023-12-06 09:46:11]
Berhasil merespon "dariMCU_2309G005" : {"respon":[{"id":"10687500","nodevice":"2309G005","message":"IDTT","info":"Kartu ID ini--belum terdaftar","nokartu":"13197D05"}]}
Berhasil kirim balasan ke "responServer_2309G005"

[2023-12-06 09:46:18]
Menerima pesan dari: dariMCU_2309G005 - Pesan: {"nokartu":"13197D05","idchip":"10687500","nodevice":"2309G005","key":"1234567890987654321","ipa":"10.16.0.232"}
[2023-12-06 09:46:18]
Berhasil merespon "dariMCU_2309G005" : {"respon":[{"id":"10687500","nodevice":"2309G005","message":"IDTT","info":"Kartu ID ini--belum terdaftar","nokartu":"13197D05"}]}
Berhasil kirim balasan ke "responServer_2309G005"

[2023-12-06 09:46:36]
Menerima pesan dari: dariMCU_2309G005 - Pesan: {"nokartu":"13197D05","idchip":"10687500","nodevice":"2309G005","key":"1234567890987654321","ipa":"10.16.0.232"}
[2023-12-06 09:46:36]
Berhasil merespon "dariMCU_2309G005" : {"respon":[{"id":"10687500","nodevice":"2309G005","message":"IDTT","info":"Kartu ID ini--belum terdaftar","nokartu":"13197D05"}]}
Berhasil kirim balasan ke "responServer_2309G005"

[2023-12-06 09:47:08]
Menerima pesan dari: dariMCU_2309G005 - Pesan: {"nokartu":"13197D05","idchip":"10687500","nodevice":"2309G005","key":"1234567890987654321","ipa":"10.16.0.232"}
[2023-12-06 09:47:08]
Berhasil merespon "dariMCU_2309G005" : {"respon":[{"id":"10687500","nodevice":"2309G005","message":"IDTT","info":"Kartu ID ini--belum terdaftar","nokartu":"13197D05"}]}
Berhasil kirim balasan ke "responServer_2309G005"

[2023-12-06 09:47:15]
Menerima pesan dari: dariMCU_2309G005 - Pesan: {"nokartu":"13197D05","idchip":"10687500","nodevice":"2309G005","key":"1234567890987654321","ipa":"10.16.0.232"}
[2023-12-06 09:47:15]
Berhasil merespon "dariMCU_2309G005" : {"respon":[{"id":"10687500","nodevice":"2309G005","message":"IDTT","info":"Kartu ID ini--belum terdaftar","nokartu":"13197D05"}]}
Berhasil kirim balasan ke "responServer_2309G005"

[2023-12-06 09:47:33]
Menerima pesan dari: dariMCU_2309G005 - Pesan: {"nokartu":"13197D05","idchip":"10687500","nodevice":"2309G005","key":"1234567890987654321","ipa":"10.16.0.232"}
[2023-12-06 09:47:33]
Berhasil merespon "dariMCU_2309G005" : {"respon":[{"id":"10687500","nodevice":"2309G005","message":"IDTT","info":"Kartu ID ini--belum terdaftar","nokartu":"13197D05"}]}
Berhasil kirim balasan ke "responServer_2309G005"

[2023-12-06 09:47:40]
Menerima pesan dari: dariMCU_2309G005 - Pesan: {"nokartu":"13197D05","idchip":"10687500","nodevice":"2309G005","key":"1234567890987654321","ipa":"10.16.0.232"}
[2023-12-06 09:47:40]
Berhasil merespon "dariMCU_2309G005" : {"respon":[{"id":"10687500","nodevice":"2309G005","message":"IDTT","info":"Kartu ID ini--belum terdaftar","nokartu":"13197D05"}]}
Berhasil kirim balasan ke "responServer_2309G005"

[2023-12-06 09:50:14]
Menerima pesan dari: dariMCU_2309G005 - Pesan: {"nokartu":"C2E2B920","idchip":"10687500","nodevice":"2309G005","key":"1234567890987654321","ipa":"10.16.0.232"}
[2023-12-06 09:50:14]
Berhasil merespon "dariMCU_2309G005" : {"respon":[{"id":"10687500","nodevice":"2309G005","message":"TBPS","info":"Ellin Agesti Milana Al Faida--Tidak bisa melakukan presensi sekarang.","nokartu":"C2E2B920"}]}
Berhasil kirim balasan ke "responServer_2309G005"

