[2025-05-07 07:08:19]
Menerima pesan dari: dariMCU_2309G004 - Pesan: {"nokartu":"636D7305","idchip":"14375838","nodevice":"2309G004","key":"1234567890987654321","ipa":"10.31.0.181"}
[2025-05-07 07:08:19]
Berhasil merespon "dariMCU_2309G004" : {"respon":[{"id":"14375838","nodevice":"2309G004","message":"BMPM","info":"Sasetyo--Berhasil Presensi","nokartu":"636D7305"}]}
Berhasil kirim balasan ke "responServer_2309G004"

[2025-05-07 12:02:29]
Menerima pesan dari: dariMCU_2309MAS003 - Pesan: {"nokartu":"33431F54","idchip":"16581755","nodevice":"2309MAS003","key":"1234567890987654321","ipa":"10.10.3.39"}
[2025-05-07 12:02:29]
Berhasil merespon "dariMCU_2309MAS003" : {"respon":[{"id":"16581755","nodevice":"2309MAS003","message":"BMPE","info":"Dinda Yuliningtyas--Berhasil Presensi -Mulai-","nokartu":"33431F54"}]}
Berhasil kirim balasan ke "responServer_2309MAS003"

[2025-05-07 12:02:32]
Menerima pesan dari: dariMCU_2309MAS003 - Pesan: {"nokartu":"33431F54","idchip":"16581755","nodevice":"2309MAS003","key":"1234567890987654321","ipa":"10.10.3.39"}
[2025-05-07 12:02:32]
Berhasil merespon "dariMCU_2309MAS003" : {"respon":[{"id":"16581755","nodevice":"2309MAS003","message":"510","info":"Dinda Yuliningtyas--TERCATAT! 3 dtk lalu","nokartu":"33431F54"}]}
Berhasil kirim balasan ke "responServer_2309MAS003"

[2025-05-07 12:02:44]
Menerima pesan dari: dariMCU_2309MAS003 - Pesan: {"nokartu":"33431F54","idchip":"16581755","nodevice":"2309MAS003","key":"1234567890987654321","ipa":"10.10.3.39"}
[2025-05-07 12:02:44]
Berhasil merespon "dariMCU_2309MAS003" : {"respon":[{"id":"16581755","nodevice":"2309MAS003","message":"510","info":"Dinda Yuliningtyas--TERCATAT! 15 dtk lalu","nokartu":"33431F54"}]}
Berhasil kirim balasan ke "responServer_2309MAS003"

[2025-05-07 12:02:47]
Menerima pesan dari: dariMCU_2309MAS003 - Pesan: {"nokartu":"33431F54","idchip":"16581755","nodevice":"2309MAS003","key":"1234567890987654321","ipa":"10.10.3.39"}
[2025-05-07 12:02:47]
Berhasil merespon "dariMCU_2309MAS003" : {"respon":[{"id":"16581755","nodevice":"2309MAS003","message":"510","info":"Dinda Yuliningtyas--TERCATAT! 18 dtk lalu","nokartu":"33431F54"}]}
Berhasil kirim balasan ke "responServer_2309MAS003"

[2025-05-07 12:02:48]
Menerima pesan dari: dariMCU_2309MAS003 - Pesan: {"nokartu":"B3A7ECE4","idchip":"16581755","nodevice":"2309MAS003","key":"1234567890987654321","ipa":"10.10.3.39"}
[2025-05-07 12:02:48]
Berhasil merespon "dariMCU_2309MAS003" : {"respon":[{"id":"16581755","nodevice":"2309MAS003","message":"BMPE","info":"Nadine Hasna Nafisa--Berhasil Presensi -Mulai-","nokartu":"B3A7ECE4"}]}
Berhasil kirim balasan ke "responServer_2309MAS003"

[2025-05-07 12:11:49]
Menerima pesan dari: dariMCU_2309MAS003 - Pesan: {"nokartu":"006DFC5D","idchip":"16581755","nodevice":"2309MAS003","key":"1234567890987654321","ipa":"10.10.3.39"}
[2025-05-07 12:11:49]
Berhasil merespon "dariMCU_2309MAS003" : {"respon":[{"id":"16581755","nodevice":"2309MAS003","message":"BMPE","info":"Aulia Fatihatul Riska--Berhasil Presensi -Mulai-","nokartu":"006DFC5D"}]}
Berhasil kirim balasan ke "responServer_2309MAS003"

[2025-05-07 12:11:53]
Menerima pesan dari: dariMCU_2309MAS003 - Pesan: {"nokartu":"006DFC5D","idchip":"16581755","nodevice":"2309MAS003","key":"1234567890987654321","ipa":"10.10.3.39"}
[2025-05-07 12:11:53]
Berhasil merespon "dariMCU_2309MAS003" : {"respon":[{"id":"16581755","nodevice":"2309MAS003","message":"510","info":"Aulia Fatihatul Riska--TERCATAT! 4 dtk lalu","nokartu":"006DFC5D"}]}
Berhasil kirim balasan ke "responServer_2309MAS003"

[2025-05-07 12:15:36]
Menerima pesan dari: dariMCU_2309MAS003 - Pesan: {"nokartu":"73F75BE4","idchip":"16581755","nodevice":"2309MAS003","key":"1234567890987654321","ipa":"10.10.3.39"}
[2025-05-07 12:15:36]
Berhasil merespon "dariMCU_2309MAS003" : {"respon":[{"id":"16581755","nodevice":"2309MAS003","message":"BMPE","info":"Elsa Kusumaningsih--Berhasil Presensi -Mulai-","nokartu":"73F75BE4"}]}
Berhasil kirim balasan ke "responServer_2309MAS003"

[2025-05-07 12:15:39]
Menerima pesan dari: dariMCU_2309MAS003 - Pesan: {"nokartu":"73F75BE4","idchip":"16581755","nodevice":"2309MAS003","key":"1234567890987654321","ipa":"10.10.3.39"}
[2025-05-07 12:15:39]
Berhasil merespon "dariMCU_2309MAS003" : {"respon":[{"id":"16581755","nodevice":"2309MAS003","message":"510","info":"Elsa Kusumaningsih--TERCATAT! 3 dtk lalu","nokartu":"73F75BE4"}]}
Berhasil kirim balasan ke "responServer_2309MAS003"

[2025-05-07 12:15:40]
Menerima pesan dari: dariMCU_2309MAS003 - Pesan: {"nokartu":"73F75BE4","idchip":"16581755","nodevice":"2309MAS003","key":"1234567890987654321","ipa":"10.10.3.39"}
[2025-05-07 12:15:40]
Berhasil merespon "dariMCU_2309MAS003" : {"respon":[{"id":"16581755","nodevice":"2309MAS003","message":"510","info":"Elsa Kusumaningsih--TERCATAT! 4 dtk lalu","nokartu":"73F75BE4"}]}
Berhasil kirim balasan ke "responServer_2309MAS003"

[2025-05-07 12:15:44]
Menerima pesan dari: dariMCU_2309MAS003 - Pesan: {"nokartu":"433D53E4","idchip":"16581755","nodevice":"2309MAS003","key":"1234567890987654321","ipa":"10.10.3.39"}
[2025-05-07 12:15:44]
Berhasil merespon "dariMCU_2309MAS003" : {"respon":[{"id":"16581755","nodevice":"2309MAS003","message":"BMPE","info":"Briyan Ragil Saputro--Berhasil Presensi -Mulai-","nokartu":"433D53E4"}]}
Berhasil kirim balasan ke "responServer_2309MAS003"

[2025-05-07 12:17:51]
Menerima pesan dari: dariMCU_2309MAS003 - Pesan: {"nokartu":"432CEFE4","idchip":"16581755","nodevice":"2309MAS003","key":"1234567890987654321","ipa":"10.10.3.39"}
[2025-05-07 12:17:51]
Berhasil merespon "dariMCU_2309MAS003" : {"respon":[{"id":"16581755","nodevice":"2309MAS003","message":"BMPE","info":"Tsuraya Akmalia Millati--Berhasil Presensi -Mulai-","nokartu":"432CEFE4"}]}
Berhasil kirim balasan ke "responServer_2309MAS003"

[2025-05-07 12:17:54]
Menerima pesan dari: dariMCU_2309MAS003 - Pesan: {"nokartu":"432CEFE4","idchip":"16581755","nodevice":"2309MAS003","key":"1234567890987654321","ipa":"10.10.3.39"}
[2025-05-07 12:17:54]
Berhasil merespon "dariMCU_2309MAS003" : {"respon":[{"id":"16581755","nodevice":"2309MAS003","message":"510","info":"Tsuraya Akmalia Millati--TERCATAT! 3 dtk lalu","nokartu":"432CEFE4"}]}
Berhasil kirim balasan ke "responServer_2309MAS003"

[2025-05-07 12:17:59]
Menerima pesan dari: dariMCU_2309MAS003 - Pesan: {"nokartu":"A31CE5E4","idchip":"16581755","nodevice":"2309MAS003","key":"1234567890987654321","ipa":"10.10.3.39"}
[2025-05-07 12:17:59]
Berhasil merespon "dariMCU_2309MAS003" : {"respon":[{"id":"16581755","nodevice":"2309MAS003","message":"BMPE","info":"Feri Nur Arif--Berhasil Presensi -Mulai-","nokartu":"A31CE5E4"}]}
Berhasil kirim balasan ke "responServer_2309MAS003"

[2025-05-07 12:18:02]
Menerima pesan dari: dariMCU_2309MAS003 - Pesan: {"nokartu":"A31CE5E4","idchip":"16581755","nodevice":"2309MAS003","key":"1234567890987654321","ipa":"10.10.3.39"}
[2025-05-07 12:18:02]
Berhasil merespon "dariMCU_2309MAS003" : {"respon":[{"id":"16581755","nodevice":"2309MAS003","message":"510","info":"Feri Nur Arif--TERCATAT! 3 dtk lalu","nokartu":"A31CE5E4"}]}
Berhasil kirim balasan ke "responServer_2309MAS003"

[2025-05-07 12:18:06]
Menerima pesan dari: dariMCU_2309MAS003 - Pesan: {"nokartu":"5351AD54","idchip":"16581755","nodevice":"2309MAS003","key":"1234567890987654321","ipa":"10.10.3.39"}
[2025-05-07 12:18:06]
Berhasil merespon "dariMCU_2309MAS003" : {"respon":[{"id":"16581755","nodevice":"2309MAS003","message":"BMPE","info":"Carla Valensia Evelin--Berhasil Presensi -Mulai-","nokartu":"5351AD54"}]}
Berhasil kirim balasan ke "responServer_2309MAS003"

[2025-05-07 12:18:07]
Menerima pesan dari: dariMCU_2309MAS003 - Pesan: {"nokartu":"A3C3FDE2","idchip":"16581755","nodevice":"2309MAS003","key":"1234567890987654321","ipa":"10.10.3.39"}
[2025-05-07 12:18:07]
Berhasil merespon "dariMCU_2309MAS003" : {"respon":[{"id":"16581755","nodevice":"2309MAS003","message":"BMPE","info":"Lailana Aliyatul Ikhsana--Berhasil Presensi -Mulai-","nokartu":"A3C3FDE2"}]}
Berhasil kirim balasan ke "responServer_2309MAS003"

[2025-05-07 12:18:10]
Menerima pesan dari: dariMCU_2309MAS003 - Pesan: {"nokartu":"5351AD54","idchip":"16581755","nodevice":"2309MAS003","key":"1234567890987654321","ipa":"10.10.3.39"}
[2025-05-07 12:18:10]
Berhasil merespon "dariMCU_2309MAS003" : {"respon":[{"id":"16581755","nodevice":"2309MAS003","message":"510","info":"Carla Valensia Evelin--TERCATAT! 4 dtk lalu","nokartu":"5351AD54"}]}
Berhasil kirim balasan ke "responServer_2309MAS003"

[2025-05-07 12:19:29]
Menerima pesan dari: dariMCU_2309MAS003 - Pesan: {"nokartu":"83A04B05","idchip":"16581755","nodevice":"2309MAS003","key":"1234567890987654321","ipa":"10.10.3.39"}
[2025-05-07 12:19:29]
Berhasil merespon "dariMCU_2309MAS003" : {"respon":[{"id":"16581755","nodevice":"2309MAS003","message":"BMPE","info":"Desta Ranayuda--Berhasil Presensi -Mulai-","nokartu":"83A04B05"}]}
Berhasil kirim balasan ke "responServer_2309MAS003"

[2025-05-07 12:19:32]
Menerima pesan dari: dariMCU_2309MAS003 - Pesan: {"nokartu":"83A04B05","idchip":"16581755","nodevice":"2309MAS003","key":"1234567890987654321","ipa":"10.10.3.39"}
[2025-05-07 12:19:32]
Berhasil merespon "dariMCU_2309MAS003" : {"respon":[{"id":"16581755","nodevice":"2309MAS003","message":"510","info":"Desta Ranayuda--TERCATAT! 3 dtk lalu","nokartu":"83A04B05"}]}
Berhasil kirim balasan ke "responServer_2309MAS003"

[2025-05-07 12:20:35]
Menerima pesan dari: dariMCU_2309MAS003 - Pesan: {"nokartu":"E3589FE2","idchip":"16581755","nodevice":"2309MAS003","key":"1234567890987654321","ipa":"10.10.3.39"}
[2025-05-07 12:20:35]
Berhasil merespon "dariMCU_2309MAS003" : {"respon":[{"id":"16581755","nodevice":"2309MAS003","message":"BMPE","info":"Affan Widyatmoko--Berhasil Presensi -Mulai-","nokartu":"E3589FE2"}]}
Berhasil kirim balasan ke "responServer_2309MAS003"

[2025-05-07 12:20:39]
Menerima pesan dari: dariMCU_2309MAS003 - Pesan: {"nokartu":"E3589FE2","idchip":"16581755","nodevice":"2309MAS003","key":"1234567890987654321","ipa":"10.10.3.39"}
[2025-05-07 12:20:39]
Berhasil merespon "dariMCU_2309MAS003" : {"respon":[{"id":"16581755","nodevice":"2309MAS003","message":"510","info":"Affan Widyatmoko--TERCATAT! 4 dtk lalu","nokartu":"E3589FE2"}]}
Berhasil kirim balasan ke "responServer_2309MAS003"

[2025-05-07 12:20:40]
Menerima pesan dari: dariMCU_2309MAS003 - Pesan: {"nokartu":"73D4AFE2","idchip":"16581755","nodevice":"2309MAS003","key":"1234567890987654321","ipa":"10.10.3.39"}
[2025-05-07 12:20:40]
Berhasil merespon "dariMCU_2309MAS003" : {"respon":[{"id":"16581755","nodevice":"2309MAS003","message":"BMPE","info":"Alfan Maulana Catur Dewangga--Berhasil Presensi -Mulai-","nokartu":"73D4AFE2"}]}
Berhasil kirim balasan ke "responServer_2309MAS003"

[2025-05-07 12:20:44]
Menerima pesan dari: dariMCU_2309MAS003 - Pesan: {"nokartu":"73F75BE4","idchip":"16581755","nodevice":"2309MAS003","key":"1234567890987654321","ipa":"10.10.3.39"}
[2025-05-07 12:20:44]
Berhasil merespon "dariMCU_2309MAS003" : {"respon":[{"id":"16581755","nodevice":"2309MAS003","message":"BPSE","info":"Elsa Kusumaningsih--Berhasil Presensi -Selesai-","nokartu":"73F75BE4"}]}
Berhasil kirim balasan ke "responServer_2309MAS003"

[2025-05-07 12:20:45]
Menerima pesan dari: dariMCU_2309MAS003 - Pesan: {"nokartu":"433D53E4","idchip":"16581755","nodevice":"2309MAS003","key":"1234567890987654321","ipa":"10.10.3.39"}
[2025-05-07 12:20:45]
Berhasil merespon "dariMCU_2309MAS003" : {"respon":[{"id":"16581755","nodevice":"2309MAS003","message":"BPSE","info":"Briyan Ragil Saputro--Berhasil Presensi -Selesai-","nokartu":"433D53E4"}]}
Berhasil kirim balasan ke "responServer_2309MAS003"

[2025-05-07 12:20:49]
Menerima pesan dari: dariMCU_2309MAS003 - Pesan: {"nokartu":"73F75BE4","idchip":"16581755","nodevice":"2309MAS003","key":"1234567890987654321","ipa":"10.10.3.39"}
[2025-05-07 12:20:49]
Berhasil merespon "dariMCU_2309MAS003" : {"respon":[{"id":"16581755","nodevice":"2309MAS003","message":"510","info":"Elsa Kusumaningsih--TERCATAT! 5 dtk lalu","nokartu":"73F75BE4"}]}
Berhasil kirim balasan ke "responServer_2309MAS003"

[2025-05-07 12:20:50]
Menerima pesan dari: dariMCU_2309MAS003 - Pesan: {"nokartu":"73F75BE4","idchip":"16581755","nodevice":"2309MAS003","key":"1234567890987654321","ipa":"10.10.3.39"}
[2025-05-07 12:20:50]
Berhasil merespon "dariMCU_2309MAS003" : {"respon":[{"id":"16581755","nodevice":"2309MAS003","message":"510","info":"Elsa Kusumaningsih--TERCATAT! 6 dtk lalu","nokartu":"73F75BE4"}]}
Berhasil kirim balasan ke "responServer_2309MAS003"

[2025-05-07 12:20:53]
Menerima pesan dari: dariMCU_2309MAS003 - Pesan: {"nokartu":"433D53E4","idchip":"16581755","nodevice":"2309MAS003","key":"1234567890987654321","ipa":"10.10.3.39"}
[2025-05-07 12:20:53]
Berhasil merespon "dariMCU_2309MAS003" : {"respon":[{"id":"16581755","nodevice":"2309MAS003","message":"510","info":"Briyan Ragil Saputro--TERCATAT! 8 dtk lalu","nokartu":"433D53E4"}]}
Berhasil kirim balasan ke "responServer_2309MAS003"

[2025-05-07 12:25:39]
Menerima pesan dari: dariMCU_2309MAS003 - Pesan: {"nokartu":"13E47B05","idchip":"16581755","nodevice":"2309MAS003","key":"1234567890987654321","ipa":"10.10.3.39"}
[2025-05-07 12:25:39]
Berhasil merespon "dariMCU_2309MAS003" : {"respon":[{"id":"16581755","nodevice":"2309MAS003","message":"BMPE","info":"Ata Amirulloh--Berhasil Presensi -Mulai-","nokartu":"13E47B05"}]}
Berhasil kirim balasan ke "responServer_2309MAS003"

[2025-05-07 12:25:40]
Menerima pesan dari: dariMCU_2309MAS003 - Pesan: {"nokartu":"13E47B05","idchip":"16581755","nodevice":"2309MAS003","key":"1234567890987654321","ipa":"10.10.3.39"}
[2025-05-07 12:25:40]
Berhasil merespon "dariMCU_2309MAS003" : {"respon":[{"id":"16581755","nodevice":"2309MAS003","message":"510","info":"Ata Amirulloh--TERCATAT! 1 dtk lalu","nokartu":"13E47B05"}]}
Berhasil kirim balasan ke "responServer_2309MAS003"

[2025-05-07 12:27:08]
Menerima pesan dari: dariMCU_2309MAS003 - Pesan: {"nokartu":"43F32EFF","idchip":"16581755","nodevice":"2309MAS003","key":"1234567890987654321","ipa":"10.10.3.39"}
[2025-05-07 12:27:08]
Berhasil merespon "dariMCU_2309MAS003" : {"respon":[{"id":"16581755","nodevice":"2309MAS003","message":"BMPE","info":"Khilyatul Aini--Berhasil Presensi -Mulai-","nokartu":"43F32EFF"}]}
Berhasil kirim balasan ke "responServer_2309MAS003"

[2025-05-07 12:27:11]
Menerima pesan dari: dariMCU_2309MAS003 - Pesan: {"nokartu":"43F32EFF","idchip":"16581755","nodevice":"2309MAS003","key":"1234567890987654321","ipa":"10.10.3.39"}
[2025-05-07 12:27:11]
Berhasil merespon "dariMCU_2309MAS003" : {"respon":[{"id":"16581755","nodevice":"2309MAS003","message":"510","info":"Khilyatul Aini--TERCATAT! 3 dtk lalu","nokartu":"43F32EFF"}]}
Berhasil kirim balasan ke "responServer_2309MAS003"

[2025-05-07 12:27:15]
Menerima pesan dari: dariMCU_2309MAS003 - Pesan: {"nokartu":"33047B05","idchip":"16581755","nodevice":"2309MAS003","key":"1234567890987654321","ipa":"10.10.3.39"}
[2025-05-07 12:27:15]
Berhasil merespon "dariMCU_2309MAS003" : {"respon":[{"id":"16581755","nodevice":"2309MAS003","message":"BMPE","info":"Dyah Maharani Putri--Berhasil Presensi -Mulai-","nokartu":"33047B05"}]}
Berhasil kirim balasan ke "responServer_2309MAS003"

[2025-05-07 12:27:18]
Menerima pesan dari: dariMCU_2309MAS003 - Pesan: {"nokartu":"33047B05","idchip":"16581755","nodevice":"2309MAS003","key":"1234567890987654321","ipa":"10.10.3.39"}
[2025-05-07 12:27:18]
Berhasil merespon "dariMCU_2309MAS003" : {"respon":[{"id":"16581755","nodevice":"2309MAS003","message":"510","info":"Dyah Maharani Putri--TERCATAT! 3 dtk lalu","nokartu":"33047B05"}]}
Berhasil kirim balasan ke "responServer_2309MAS003"

[2025-05-07 12:27:19]
Menerima pesan dari: dariMCU_2309MAS003 - Pesan: {"nokartu":"E3890FFE","idchip":"16581755","nodevice":"2309MAS003","key":"1234567890987654321","ipa":"10.10.3.39"}
[2025-05-07 12:27:19]
Berhasil merespon "dariMCU_2309MAS003" : {"respon":[{"id":"16581755","nodevice":"2309MAS003","message":"BMPE","info":"Nafisa Azka Rasyida--Berhasil Presensi -Mulai-","nokartu":"E3890FFE"}]}
Berhasil kirim balasan ke "responServer_2309MAS003"

[2025-05-07 12:27:23]
Menerima pesan dari: dariMCU_2309MAS003 - Pesan: {"nokartu":"33E92FFF","idchip":"16581755","nodevice":"2309MAS003","key":"1234567890987654321","ipa":"10.10.3.39"}
[2025-05-07 12:27:23]
Berhasil merespon "dariMCU_2309MAS003" : {"respon":[{"id":"16581755","nodevice":"2309MAS003","message":"BMPE","info":"Alin Vani Zulfantri--Berhasil Presensi -Mulai-","nokartu":"33E92FFF"}]}
Berhasil kirim balasan ke "responServer_2309MAS003"

[2025-05-07 12:28:21]
Menerima pesan dari: dariMCU_2309MAS003 - Pesan: {"nokartu":"C3FE1EFF","idchip":"16581755","nodevice":"2309MAS003","key":"1234567890987654321","ipa":"10.10.3.39"}
[2025-05-07 12:28:21]
Berhasil merespon "dariMCU_2309MAS003" : {"respon":[{"id":"16581755","nodevice":"2309MAS003","message":"BMPE","info":"Fernandi Ramadhan Dwiki Dharmawan--Berhasil Presensi -Mulai-","nokartu":"C3FE1EFF"}]}
Berhasil kirim balasan ke "responServer_2309MAS003"

[2025-05-07 12:28:24]
Menerima pesan dari: dariMCU_2309MAS003 - Pesan: {"nokartu":"C3FE1EFF","idchip":"16581755","nodevice":"2309MAS003","key":"1234567890987654321","ipa":"10.10.3.39"}
[2025-05-07 12:28:24]
Berhasil merespon "dariMCU_2309MAS003" : {"respon":[{"id":"16581755","nodevice":"2309MAS003","message":"510","info":"Fernandi Ramadhan Dwiki Dharmawan--TERCATAT! 3 dtk lalu","nokartu":"C3FE1EFF"}]}
Berhasil kirim balasan ke "responServer_2309MAS003"

[2025-05-07 12:28:25]
Menerima pesan dari: dariMCU_2309MAS003 - Pesan: {"nokartu":"A3BD08FE","idchip":"16581755","nodevice":"2309MAS003","key":"1234567890987654321","ipa":"10.10.3.39"}
[2025-05-07 12:28:25]
Berhasil merespon "dariMCU_2309MAS003" : {"respon":[{"id":"16581755","nodevice":"2309MAS003","message":"BMPE","info":"Muhammat Ahsanul Mubarok--Berhasil Presensi -Mulai-","nokartu":"A3BD08FE"}]}
Berhasil kirim balasan ke "responServer_2309MAS003"

[2025-05-07 12:31:28]
Menerima pesan dari: dariMCU_2309MAS003 - Pesan: {"nokartu":"33CB2054","idchip":"16581755","nodevice":"2309MAS003","key":"1234567890987654321","ipa":"10.10.3.39"}
[2025-05-07 12:31:28]
Berhasil merespon "dariMCU_2309MAS003" : {"respon":[{"id":"16581755","nodevice":"2309MAS003","message":"BMPE","info":"Zainal Abidin--Berhasil Presensi -Mulai-","nokartu":"33CB2054"}]}
Berhasil kirim balasan ke "responServer_2309MAS003"

[2025-05-07 12:31:31]
Menerima pesan dari: dariMCU_2309MAS003 - Pesan: {"nokartu":"33CB2054","idchip":"16581755","nodevice":"2309MAS003","key":"1234567890987654321","ipa":"10.10.3.39"}
[2025-05-07 12:31:31]
Berhasil merespon "dariMCU_2309MAS003" : {"respon":[{"id":"16581755","nodevice":"2309MAS003","message":"510","info":"Zainal Abidin--TERCATAT! 3 dtk lalu","nokartu":"33CB2054"}]}
Berhasil kirim balasan ke "responServer_2309MAS003"

[2025-05-07 12:31:32]
Menerima pesan dari: dariMCU_2309MAS003 - Pesan: {"nokartu":"33CB2054","idchip":"16581755","nodevice":"2309MAS003","key":"1234567890987654321","ipa":"10.10.3.39"}
[2025-05-07 12:31:32]
Berhasil merespon "dariMCU_2309MAS003" : {"respon":[{"id":"16581755","nodevice":"2309MAS003","message":"510","info":"Zainal Abidin--TERCATAT! 4 dtk lalu","nokartu":"33CB2054"}]}
Berhasil kirim balasan ke "responServer_2309MAS003"

[2025-05-07 12:31:40]
Menerima pesan dari: dariMCU_2309MAS003 - Pesan: {"nokartu":"333BB954","idchip":"16581755","nodevice":"2309MAS003","key":"1234567890987654321","ipa":"10.10.3.39"}
[2025-05-07 12:31:40]
Berhasil merespon "dariMCU_2309MAS003" : {"respon":[{"id":"16581755","nodevice":"2309MAS003","message":"BMPE","info":"Jibran Aldo Dzakwan--Berhasil Presensi -Mulai-","nokartu":"333BB954"}]}
Berhasil kirim balasan ke "responServer_2309MAS003"

[2025-05-07 12:32:11]
Menerima pesan dari: dariMCU_2309MAS003 - Pesan: {"nokartu":"43F32EFF","idchip":"16581755","nodevice":"2309MAS003","key":"1234567890987654321","ipa":"10.10.3.39"}
[2025-05-07 12:32:11]
Berhasil merespon "dariMCU_2309MAS003" : {"respon":[{"id":"16581755","nodevice":"2309MAS003","message":"BPSE","info":"Khilyatul Aini--Berhasil Presensi -Selesai-","nokartu":"43F32EFF"}]}
Berhasil kirim balasan ke "responServer_2309MAS003"

[2025-05-07 12:32:49]
Menerima pesan dari: dariMCU_2309MAS003 - Pesan: {"nokartu":"23BC59E4","idchip":"16581755","nodevice":"2309MAS003","key":"1234567890987654321","ipa":"10.10.3.39"}
[2025-05-07 12:32:49]
Berhasil merespon "dariMCU_2309MAS003" : {"respon":[{"id":"16581755","nodevice":"2309MAS003","message":"BMPE","info":"Velia Saskurina--Berhasil Presensi -Mulai-","nokartu":"23BC59E4"}]}
Berhasil kirim balasan ke "responServer_2309MAS003"

[2025-05-07 12:32:52]
Menerima pesan dari: dariMCU_2309MAS003 - Pesan: {"nokartu":"23BC59E4","idchip":"16581755","nodevice":"2309MAS003","key":"1234567890987654321","ipa":"10.10.3.39"}
[2025-05-07 12:32:52]
Berhasil merespon "dariMCU_2309MAS003" : {"respon":[{"id":"16581755","nodevice":"2309MAS003","message":"510","info":"Velia Saskurina--TERCATAT! 3 dtk lalu","nokartu":"23BC59E4"}]}
Berhasil kirim balasan ke "responServer_2309MAS003"

[2025-05-07 12:33:04]
Menerima pesan dari: dariMCU_2309MAS003 - Pesan: {"nokartu":"C394BDE2","idchip":"16581755","nodevice":"2309MAS003","key":"1234567890987654321","ipa":"10.10.3.39"}
[2025-05-07 12:33:04]
Berhasil merespon "dariMCU_2309MAS003" : {"respon":[{"id":"16581755","nodevice":"2309MAS003","message":"BMPE","info":"Alisya Widiya Ningrum--Berhasil Presensi -Mulai-","nokartu":"C394BDE2"}]}
Berhasil kirim balasan ke "responServer_2309MAS003"

[2025-05-07 12:33:08]
Menerima pesan dari: dariMCU_2309MAS003 - Pesan: {"nokartu":"C394BDE2","idchip":"16581755","nodevice":"2309MAS003","key":"1234567890987654321","ipa":"10.10.3.39"}
[2025-05-07 12:33:08]
Berhasil merespon "dariMCU_2309MAS003" : {"respon":[{"id":"16581755","nodevice":"2309MAS003","message":"510","info":"Alisya Widiya Ningrum--TERCATAT! 4 dtk lalu","nokartu":"C394BDE2"}]}
Berhasil kirim balasan ke "responServer_2309MAS003"

[2025-05-07 12:33:14]
Menerima pesan dari: dariMCU_2309MAS003 - Pesan: {"nokartu":"43C30DFE","idchip":"16581755","nodevice":"2309MAS003","key":"1234567890987654321","ipa":"10.10.3.39"}
[2025-05-07 12:33:14]
Berhasil merespon "dariMCU_2309MAS003" : {"respon":[{"id":"16581755","nodevice":"2309MAS003","message":"BMPE","info":"Muhamad Saroful Anam--Berhasil Presensi -Mulai-","nokartu":"43C30DFE"}]}
Berhasil kirim balasan ke "responServer_2309MAS003"

[2025-05-07 12:33:33]
Menerima pesan dari: dariMCU_2309MAS003 - Pesan: {"nokartu":"4374FBE4","idchip":"16581755","nodevice":"2309MAS003","key":"1234567890987654321","ipa":"10.10.3.39"}
[2025-05-07 12:33:33]
Berhasil merespon "dariMCU_2309MAS003" : {"respon":[{"id":"16581755","nodevice":"2309MAS003","message":"BMPE","info":"Solekha Agustina--Berhasil Presensi -Mulai-","nokartu":"4374FBE4"}]}
Berhasil kirim balasan ke "responServer_2309MAS003"

[2025-05-07 12:33:36]
Menerima pesan dari: dariMCU_2309MAS003 - Pesan: {"nokartu":"4374FBE4","idchip":"16581755","nodevice":"2309MAS003","key":"1234567890987654321","ipa":"10.10.3.39"}
[2025-05-07 12:33:36]
Berhasil merespon "dariMCU_2309MAS003" : {"respon":[{"id":"16581755","nodevice":"2309MAS003","message":"510","info":"Solekha Agustina--TERCATAT! 3 dtk lalu","nokartu":"4374FBE4"}]}
Berhasil kirim balasan ke "responServer_2309MAS003"

[2025-05-07 12:33:40]
Menerima pesan dari: dariMCU_2309MAS003 - Pesan: {"nokartu":"4374FBE4","idchip":"16581755","nodevice":"2309MAS003","key":"1234567890987654321","ipa":"10.10.3.39"}
[2025-05-07 12:33:40]
Berhasil merespon "dariMCU_2309MAS003" : {"respon":[{"id":"16581755","nodevice":"2309MAS003","message":"510","info":"Solekha Agustina--TERCATAT! 7 dtk lalu","nokartu":"4374FBE4"}]}
Berhasil kirim balasan ke "responServer_2309MAS003"

[2025-05-07 12:33:41]
Menerima pesan dari: dariMCU_2309MAS003 - Pesan: {"nokartu":"B3B8FEE2","idchip":"16581755","nodevice":"2309MAS003","key":"1234567890987654321","ipa":"10.10.3.39"}
[2025-05-07 12:33:41]
Berhasil merespon "dariMCU_2309MAS003" : {"respon":[{"id":"16581755","nodevice":"2309MAS003","message":"BMPE","info":"Isnaini Muflikhah--Berhasil Presensi -Mulai-","nokartu":"B3B8FEE2"}]}
Berhasil kirim balasan ke "responServer_2309MAS003"

[2025-05-07 12:33:53]
Menerima pesan dari: dariMCU_2309MAS003 - Pesan: {"nokartu":"43C4C3E2","idchip":"16581755","nodevice":"2309MAS003","key":"1234567890987654321","ipa":"10.10.3.39"}
[2025-05-07 12:33:53]
Berhasil merespon "dariMCU_2309MAS003" : {"respon":[{"id":"16581755","nodevice":"2309MAS003","message":"IDTT","info":"Kartu ID ini--belum terdaftar","nokartu":"43C4C3E2"}]}
Berhasil kirim balasan ke "responServer_2309MAS003"

[2025-05-07 12:33:58]
Menerima pesan dari: dariMCU_2309MAS003 - Pesan: {"nokartu":"F3AA6CE4","idchip":"16581755","nodevice":"2309MAS003","key":"1234567890987654321","ipa":"10.10.3.39"}
[2025-05-07 12:33:58]
Berhasil merespon "dariMCU_2309MAS003" : {"respon":[{"id":"16581755","nodevice":"2309MAS003","message":"BMPE","info":"Sasa Livia Rosada--Berhasil Presensi -Mulai-","nokartu":"F3AA6CE4"}]}
Berhasil kirim balasan ke "responServer_2309MAS003"

[2025-05-07 12:34:02]
Menerima pesan dari: dariMCU_2309MAS003 - Pesan: {"nokartu":"F3AA6CE4","idchip":"16581755","nodevice":"2309MAS003","key":"1234567890987654321","ipa":"10.10.3.39"}
[2025-05-07 12:34:02]
Berhasil merespon "dariMCU_2309MAS003" : {"respon":[{"id":"16581755","nodevice":"2309MAS003","message":"510","info":"Sasa Livia Rosada--TERCATAT! 4 dtk lalu","nokartu":"F3AA6CE4"}]}
Berhasil kirim balasan ke "responServer_2309MAS003"

[2025-05-07 12:34:03]
Menerima pesan dari: dariMCU_2309MAS003 - Pesan: {"nokartu":"5322B5E2","idchip":"16581755","nodevice":"2309MAS003","key":"1234567890987654321","ipa":"10.10.3.39"}
[2025-05-07 12:34:03]
Berhasil merespon "dariMCU_2309MAS003" : {"respon":[{"id":"16581755","nodevice":"2309MAS003","message":"BMPE","info":"Asyifa Ayu Fitrian--Berhasil Presensi -Mulai-","nokartu":"5322B5E2"}]}
Berhasil kirim balasan ke "responServer_2309MAS003"

[2025-05-07 12:34:07]
Menerima pesan dari: dariMCU_2309MAS003 - Pesan: {"nokartu":"734A7EE2","idchip":"16581755","nodevice":"2309MAS003","key":"1234567890987654321","ipa":"10.10.3.39"}
[2025-05-07 12:34:07]
Berhasil merespon "dariMCU_2309MAS003" : {"respon":[{"id":"16581755","nodevice":"2309MAS003","message":"BMPE","info":"Lutfia Khoirunisa--Berhasil Presensi -Mulai-","nokartu":"734A7EE2"}]}
Berhasil kirim balasan ke "responServer_2309MAS003"

[2025-05-07 12:34:10]
Menerima pesan dari: dariMCU_2309MAS003 - Pesan: {"nokartu":"734A7EE2","idchip":"16581755","nodevice":"2309MAS003","key":"1234567890987654321","ipa":"10.10.3.39"}
[2025-05-07 12:34:10]
Berhasil merespon "dariMCU_2309MAS003" : {"respon":[{"id":"16581755","nodevice":"2309MAS003","message":"510","info":"Lutfia Khoirunisa--TERCATAT! 3 dtk lalu","nokartu":"734A7EE2"}]}
Berhasil kirim balasan ke "responServer_2309MAS003"

[2025-05-07 12:35:04]
Menerima pesan dari: dariMCU_2309MAS003 - Pesan: {"nokartu":"73BBEEE4","idchip":"16581755","nodevice":"2309MAS003","key":"1234567890987654321","ipa":"10.10.3.39"}
[2025-05-07 12:35:04]
Berhasil merespon "dariMCU_2309MAS003" : {"respon":[{"id":"16581755","nodevice":"2309MAS003","message":"BMPE","info":"Venna Dyas Puspita--Berhasil Presensi -Mulai-","nokartu":"73BBEEE4"}]}
Berhasil kirim balasan ke "responServer_2309MAS003"

[2025-05-07 12:35:08]
Menerima pesan dari: dariMCU_2309MAS003 - Pesan: {"nokartu":"73BBEEE4","idchip":"16581755","nodevice":"2309MAS003","key":"1234567890987654321","ipa":"10.10.3.39"}
[2025-05-07 12:35:08]
Berhasil merespon "dariMCU_2309MAS003" : {"respon":[{"id":"16581755","nodevice":"2309MAS003","message":"510","info":"Venna Dyas Puspita--TERCATAT! 4 dtk lalu","nokartu":"73BBEEE4"}]}
Berhasil kirim balasan ke "responServer_2309MAS003"

[2025-05-07 12:35:11]
Menerima pesan dari: dariMCU_2309MAS003 - Pesan: {"nokartu":"A3DD9FE2","idchip":"16581755","nodevice":"2309MAS003","key":"1234567890987654321","ipa":"10.10.3.39"}
[2025-05-07 12:35:11]
Berhasil merespon "dariMCU_2309MAS003" : {"respon":[{"id":"16581755","nodevice":"2309MAS003","message":"BMPE","info":"Natisya Chaerunisa--Berhasil Presensi -Mulai-","nokartu":"A3DD9FE2"}]}
Berhasil kirim balasan ke "responServer_2309MAS003"

[2025-05-07 12:35:15]
Menerima pesan dari: dariMCU_2309MAS003 - Pesan: {"nokartu":"D363A9E2","idchip":"16581755","nodevice":"2309MAS003","key":"1234567890987654321","ipa":"10.10.3.39"}
[2025-05-07 12:35:15]
Berhasil merespon "dariMCU_2309MAS003" : {"respon":[{"id":"16581755","nodevice":"2309MAS003","message":"BMPE","info":"Arvinda Icha Affable--Berhasil Presensi -Mulai-","nokartu":"D363A9E2"}]}
Berhasil kirim balasan ke "responServer_2309MAS003"

[2025-05-07 12:35:19]
Menerima pesan dari: dariMCU_2309MAS003 - Pesan: {"nokartu":"D363A9E2","idchip":"16581755","nodevice":"2309MAS003","key":"1234567890987654321","ipa":"10.10.3.39"}
[2025-05-07 12:35:19]
Berhasil merespon "dariMCU_2309MAS003" : {"respon":[{"id":"16581755","nodevice":"2309MAS003","message":"510","info":"Arvinda Icha Affable--TERCATAT! 4 dtk lalu","nokartu":"D363A9E2"}]}
Berhasil kirim balasan ke "responServer_2309MAS003"

[2025-05-07 12:37:03]
Menerima pesan dari: dariMCU_2309MAS003 - Pesan: {"nokartu":"533CA0E2","idchip":"16581755","nodevice":"2309MAS003","key":"1234567890987654321","ipa":"10.10.3.39"}
[2025-05-07 12:37:03]
Berhasil merespon "dariMCU_2309MAS003" : {"respon":[{"id":"16581755","nodevice":"2309MAS003","message":"BMPE","info":"Elsha Sofia Putri--Berhasil Presensi -Mulai-","nokartu":"533CA0E2"}]}
Berhasil kirim balasan ke "responServer_2309MAS003"

[2025-05-07 12:37:06]
Menerima pesan dari: dariMCU_2309MAS003 - Pesan: {"nokartu":"533CA0E2","idchip":"16581755","nodevice":"2309MAS003","key":"1234567890987654321","ipa":"10.10.3.39"}
[2025-05-07 12:37:06]
Berhasil merespon "dariMCU_2309MAS003" : {"respon":[{"id":"16581755","nodevice":"2309MAS003","message":"510","info":"Elsha Sofia Putri--TERCATAT! 3 dtk lalu","nokartu":"533CA0E2"}]}
Berhasil kirim balasan ke "responServer_2309MAS003"

[2025-05-07 12:37:11]
Menerima pesan dari: dariMCU_2309MAS003 - Pesan: {"nokartu":"533CA0E2","idchip":"16581755","nodevice":"2309MAS003","key":"1234567890987654321","ipa":"10.10.3.39"}
[2025-05-07 12:37:11]
Berhasil merespon "dariMCU_2309MAS003" : {"respon":[{"id":"16581755","nodevice":"2309MAS003","message":"510","info":"Elsha Sofia Putri--TERCATAT! 8 dtk lalu","nokartu":"533CA0E2"}]}
Berhasil kirim balasan ke "responServer_2309MAS003"

[2025-05-07 12:37:16]
Menerima pesan dari: dariMCU_2309MAS003 - Pesan: {"nokartu":"83EC7605","idchip":"16581755","nodevice":"2309MAS003","key":"1234567890987654321","ipa":"10.10.3.39"}
[2025-05-07 12:37:16]
Berhasil merespon "dariMCU_2309MAS003" : {"respon":[{"id":"16581755","nodevice":"2309MAS003","message":"BMPE","info":"Rahmatullah Ramadani--Berhasil Presensi -Mulai-","nokartu":"83EC7605"}]}
Berhasil kirim balasan ke "responServer_2309MAS003"

[2025-05-07 12:37:20]
Menerima pesan dari: dariMCU_2309MAS003 - Pesan: {"nokartu":"83EC7605","idchip":"16581755","nodevice":"2309MAS003","key":"1234567890987654321","ipa":"10.10.3.39"}
[2025-05-07 12:37:20]
Berhasil merespon "dariMCU_2309MAS003" : {"respon":[{"id":"16581755","nodevice":"2309MAS003","message":"510","info":"Rahmatullah Ramadani--TERCATAT! 4 dtk lalu","nokartu":"83EC7605"}]}
Berhasil kirim balasan ke "responServer_2309MAS003"

[2025-05-07 12:42:06]
Menerima pesan dari: dariMCU_2309MAS003 - Pesan: {"nokartu":"734A7EE2","idchip":"16581755","nodevice":"2309MAS003","key":"1234567890987654321","ipa":"10.10.3.39"}
[2025-05-07 12:42:06]
Berhasil merespon "dariMCU_2309MAS003" : {"respon":[{"id":"16581755","nodevice":"2309MAS003","message":"BPSE","info":"Lutfia Khoirunisa--Berhasil Presensi -Selesai-","nokartu":"734A7EE2"}]}
Berhasil kirim balasan ke "responServer_2309MAS003"

[2025-05-07 12:42:09]
Menerima pesan dari: dariMCU_2309MAS003 - Pesan: {"nokartu":"734A7EE2","idchip":"16581755","nodevice":"2309MAS003","key":"1234567890987654321","ipa":"10.10.3.39"}
[2025-05-07 12:42:09]
Berhasil merespon "dariMCU_2309MAS003" : {"respon":[{"id":"16581755","nodevice":"2309MAS003","message":"510","info":"Lutfia Khoirunisa--TERCATAT! 3 dtk lalu","nokartu":"734A7EE2"}]}
Berhasil kirim balasan ke "responServer_2309MAS003"

[2025-05-07 12:42:13]
Menerima pesan dari: dariMCU_2309MAS003 - Pesan: {"nokartu":"23BC59E4","idchip":"16581755","nodevice":"2309MAS003","key":"1234567890987654321","ipa":"10.10.3.39"}
[2025-05-07 12:42:13]
Berhasil merespon "dariMCU_2309MAS003" : {"respon":[{"id":"16581755","nodevice":"2309MAS003","message":"BPSE","info":"Velia Saskurina--Berhasil Presensi -Selesai-","nokartu":"23BC59E4"}]}
Berhasil kirim balasan ke "responServer_2309MAS003"

[2025-05-07 12:42:17]
Menerima pesan dari: dariMCU_2309MAS003 - Pesan: {"nokartu":"23BC59E4","idchip":"16581755","nodevice":"2309MAS003","key":"1234567890987654321","ipa":"10.10.3.39"}
[2025-05-07 12:42:17]
Berhasil merespon "dariMCU_2309MAS003" : {"respon":[{"id":"16581755","nodevice":"2309MAS003","message":"510","info":"Velia Saskurina--TERCATAT! 4 dtk lalu","nokartu":"23BC59E4"}]}
Berhasil kirim balasan ke "responServer_2309MAS003"

[2025-05-07 12:42:21]
Menerima pesan dari: dariMCU_2309MAS003 - Pesan: {"nokartu":"43C4C3E2","idchip":"16581755","nodevice":"2309MAS003","key":"1234567890987654321","ipa":"10.10.3.39"}
[2025-05-07 12:42:21]
Berhasil merespon "dariMCU_2309MAS003" : {"respon":[{"id":"16581755","nodevice":"2309MAS003","message":"IDTT","info":"Kartu ID ini--belum terdaftar","nokartu":"43C4C3E2"}]}
Berhasil kirim balasan ke "responServer_2309MAS003"

[2025-05-07 12:42:26]
Menerima pesan dari: dariMCU_2309MAS003 - Pesan: {"nokartu":"5322B5E2","idchip":"16581755","nodevice":"2309MAS003","key":"1234567890987654321","ipa":"10.10.3.39"}
[2025-05-07 12:42:26]
Berhasil merespon "dariMCU_2309MAS003" : {"respon":[{"id":"16581755","nodevice":"2309MAS003","message":"BPSE","info":"Asyifa Ayu Fitrian--Berhasil Presensi -Selesai-","nokartu":"5322B5E2"}]}
Berhasil kirim balasan ke "responServer_2309MAS003"

[2025-05-07 12:42:29]
Menerima pesan dari: dariMCU_2309MAS003 - Pesan: {"nokartu":"5322B5E2","idchip":"16581755","nodevice":"2309MAS003","key":"1234567890987654321","ipa":"10.10.3.39"}
[2025-05-07 12:42:29]
Berhasil merespon "dariMCU_2309MAS003" : {"respon":[{"id":"16581755","nodevice":"2309MAS003","message":"510","info":"Asyifa Ayu Fitrian--TERCATAT! 3 dtk lalu","nokartu":"5322B5E2"}]}
Berhasil kirim balasan ke "responServer_2309MAS003"

[2025-05-07 12:42:30]
Menerima pesan dari: dariMCU_2309MAS003 - Pesan: {"nokartu":"C394BDE2","idchip":"16581755","nodevice":"2309MAS003","key":"1234567890987654321","ipa":"10.10.3.39"}
[2025-05-07 12:42:30]
Berhasil merespon "dariMCU_2309MAS003" : {"respon":[{"id":"16581755","nodevice":"2309MAS003","message":"BPSE","info":"Alisya Widiya Ningrum--Berhasil Presensi -Selesai-","nokartu":"C394BDE2"}]}
Berhasil kirim balasan ke "responServer_2309MAS003"

[2025-05-07 12:42:34]
Menerima pesan dari: dariMCU_2309MAS003 - Pesan: {"nokartu":"A3DD9FE2","idchip":"16581755","nodevice":"2309MAS003","key":"1234567890987654321","ipa":"10.10.3.39"}
[2025-05-07 12:42:34]
Berhasil merespon "dariMCU_2309MAS003" : {"respon":[{"id":"16581755","nodevice":"2309MAS003","message":"BPSE","info":"Natisya Chaerunisa--Berhasil Presensi -Selesai-","nokartu":"A3DD9FE2"}]}
Berhasil kirim balasan ke "responServer_2309MAS003"

[2025-05-07 12:42:38]
Menerima pesan dari: dariMCU_2309MAS003 - Pesan: {"nokartu":"73BBEEE4","idchip":"16581755","nodevice":"2309MAS003","key":"1234567890987654321","ipa":"10.10.3.39"}
[2025-05-07 12:42:38]
Berhasil merespon "dariMCU_2309MAS003" : {"respon":[{"id":"16581755","nodevice":"2309MAS003","message":"BPSE","info":"Venna Dyas Puspita--Berhasil Presensi -Selesai-","nokartu":"73BBEEE4"}]}
Berhasil kirim balasan ke "responServer_2309MAS003"

[2025-05-07 12:42:42]
Menerima pesan dari: dariMCU_2309MAS003 - Pesan: {"nokartu":"D363A9E2","idchip":"16581755","nodevice":"2309MAS003","key":"1234567890987654321","ipa":"10.10.3.39"}
[2025-05-07 12:42:42]
Berhasil merespon "dariMCU_2309MAS003" : {"respon":[{"id":"16581755","nodevice":"2309MAS003","message":"BPSE","info":"Arvinda Icha Affable--Berhasil Presensi -Selesai-","nokartu":"D363A9E2"}]}
Berhasil kirim balasan ke "responServer_2309MAS003"

[2025-05-07 12:42:45]
Menerima pesan dari: dariMCU_2309MAS003 - Pesan: {"nokartu":"D363A9E2","idchip":"16581755","nodevice":"2309MAS003","key":"1234567890987654321","ipa":"10.10.3.39"}
[2025-05-07 12:42:45]
Berhasil merespon "dariMCU_2309MAS003" : {"respon":[{"id":"16581755","nodevice":"2309MAS003","message":"510","info":"Arvinda Icha Affable--TERCATAT! 3 dtk lalu","nokartu":"D363A9E2"}]}
Berhasil kirim balasan ke "responServer_2309MAS003"

[2025-05-07 12:43:01]
Menerima pesan dari: dariMCU_2309MAS003 - Pesan: {"nokartu":"F3422DFF","idchip":"16581755","nodevice":"2309MAS003","key":"1234567890987654321","ipa":"10.10.3.39"}
[2025-05-07 12:43:01]
Berhasil merespon "dariMCU_2309MAS003" : {"respon":[{"id":"16581755","nodevice":"2309MAS003","message":"BMPE","info":"Verlita Risky--Berhasil Presensi -Mulai-","nokartu":"F3422DFF"}]}
Berhasil kirim balasan ke "responServer_2309MAS003"

[2025-05-07 12:43:05]
Menerima pesan dari: dariMCU_2309MAS003 - Pesan: {"nokartu":"F3422DFF","idchip":"16581755","nodevice":"2309MAS003","key":"1234567890987654321","ipa":"10.10.3.39"}
[2025-05-07 12:43:05]
Berhasil merespon "dariMCU_2309MAS003" : {"respon":[{"id":"16581755","nodevice":"2309MAS003","message":"510","info":"Verlita Risky--TERCATAT! 4 dtk lalu","nokartu":"F3422DFF"}]}
Berhasil kirim balasan ke "responServer_2309MAS003"

[2025-05-07 12:43:10]
Menerima pesan dari: dariMCU_2309MAS003 - Pesan: {"nokartu":"A3DB2DFF","idchip":"16581755","nodevice":"2309MAS003","key":"1234567890987654321","ipa":"10.10.3.39"}
[2025-05-07 12:43:10]
Berhasil merespon "dariMCU_2309MAS003" : {"respon":[{"id":"16581755","nodevice":"2309MAS003","message":"BMPE","info":"Hanifah Qurotul Ain--Berhasil Presensi -Mulai-","nokartu":"A3DB2DFF"}]}
Berhasil kirim balasan ke "responServer_2309MAS003"

[2025-05-07 12:43:13]
Menerima pesan dari: dariMCU_2309MAS003 - Pesan: {"nokartu":"A3DB2DFF","idchip":"16581755","nodevice":"2309MAS003","key":"1234567890987654321","ipa":"10.10.3.39"}
[2025-05-07 12:43:13]
Berhasil merespon "dariMCU_2309MAS003" : {"respon":[{"id":"16581755","nodevice":"2309MAS003","message":"510","info":"Hanifah Qurotul Ain--TERCATAT! 3 dtk lalu","nokartu":"A3DB2DFF"}]}
Berhasil kirim balasan ke "responServer_2309MAS003"

[2025-05-07 12:44:50]
Menerima pesan dari: dariMCU_2309MAS003 - Pesan: {"nokartu":"533CA0E2","idchip":"16581755","nodevice":"2309MAS003","key":"1234567890987654321","ipa":"10.10.3.39"}
[2025-05-07 12:44:50]
Berhasil merespon "dariMCU_2309MAS003" : {"respon":[{"id":"16581755","nodevice":"2309MAS003","message":"BPSE","info":"Elsha Sofia Putri--Berhasil Presensi -Selesai-","nokartu":"533CA0E2"}]}
Berhasil kirim balasan ke "responServer_2309MAS003"

[2025-05-07 12:44:53]
Menerima pesan dari: dariMCU_2309MAS003 - Pesan: {"nokartu":"83EC7605","idchip":"16581755","nodevice":"2309MAS003","key":"1234567890987654321","ipa":"10.10.3.39"}
[2025-05-07 12:44:53]
Berhasil merespon "dariMCU_2309MAS003" : {"respon":[{"id":"16581755","nodevice":"2309MAS003","message":"BPSE","info":"Rahmatullah Ramadani--Berhasil Presensi -Selesai-","nokartu":"83EC7605"}]}
Berhasil kirim balasan ke "responServer_2309MAS003"

[2025-05-07 12:44:59]
Menerima pesan dari: dariMCU_2309MAS003 - Pesan: {"nokartu":"83EC7605","idchip":"16581755","nodevice":"2309MAS003","key":"1234567890987654321","ipa":"10.10.3.39"}
[2025-05-07 12:44:59]
Berhasil merespon "dariMCU_2309MAS003" : {"respon":[{"id":"16581755","nodevice":"2309MAS003","message":"510","info":"Rahmatullah Ramadani--TERCATAT! 6 dtk lalu","nokartu":"83EC7605"}]}
Berhasil kirim balasan ke "responServer_2309MAS003"

[2025-05-07 12:45:08]
Menerima pesan dari: dariMCU_2309MAS003 - Pesan: {"nokartu":"E3EEF3E4","idchip":"16581755","nodevice":"2309MAS003","key":"1234567890987654321","ipa":"10.10.3.39"}
[2025-05-07 12:45:08]
Berhasil merespon "dariMCU_2309MAS003" : {"respon":[{"id":"16581755","nodevice":"2309MAS003","message":"BMPE","info":"Bunga Putri Agustina--Berhasil Presensi -Mulai-","nokartu":"E3EEF3E4"}]}
Berhasil kirim balasan ke "responServer_2309MAS003"

[2025-05-07 12:45:12]
Menerima pesan dari: dariMCU_2309MAS003 - Pesan: {"nokartu":"E3EEF3E4","idchip":"16581755","nodevice":"2309MAS003","key":"1234567890987654321","ipa":"10.10.3.39"}
[2025-05-07 12:45:12]
Berhasil merespon "dariMCU_2309MAS003" : {"respon":[{"id":"16581755","nodevice":"2309MAS003","message":"510","info":"Bunga Putri Agustina--TERCATAT! 4 dtk lalu","nokartu":"E3EEF3E4"}]}
Berhasil kirim balasan ke "responServer_2309MAS003"

[2025-05-07 12:45:17]
Menerima pesan dari: dariMCU_2309MAS003 - Pesan: {"nokartu":"C3081D05","idchip":"16581755","nodevice":"2309MAS003","key":"1234567890987654321","ipa":"10.10.3.39"}
[2025-05-07 12:45:17]
Berhasil merespon "dariMCU_2309MAS003" : {"respon":[{"id":"16581755","nodevice":"2309MAS003","message":"BMPE","info":"Nilna Sakda Aula Anjumi--Berhasil Presensi -Mulai-","nokartu":"C3081D05"}]}
Berhasil kirim balasan ke "responServer_2309MAS003"

[2025-05-07 12:45:21]
Menerima pesan dari: dariMCU_2309MAS003 - Pesan: {"nokartu":"C3081D05","idchip":"16581755","nodevice":"2309MAS003","key":"1234567890987654321","ipa":"10.10.3.39"}
[2025-05-07 12:45:21]
Berhasil merespon "dariMCU_2309MAS003" : {"respon":[{"id":"16581755","nodevice":"2309MAS003","message":"510","info":"Nilna Sakda Aula Anjumi--TERCATAT! 4 dtk lalu","nokartu":"C3081D05"}]}
Berhasil kirim balasan ke "responServer_2309MAS003"

[2025-05-07 12:46:23]
Menerima pesan dari: dariMCU_2309MAS003 - Pesan: {"nokartu":"13F7F3E4","idchip":"16581755","nodevice":"2309MAS003","key":"1234567890987654321","ipa":"10.10.3.39"}
[2025-05-07 12:46:23]
Berhasil merespon "dariMCU_2309MAS003" : {"respon":[{"id":"16581755","nodevice":"2309MAS003","message":"BMPE","info":"Muhammad Affan Nibras Razan--Berhasil Presensi -Mulai-","nokartu":"13F7F3E4"}]}
Berhasil kirim balasan ke "responServer_2309MAS003"

[2025-05-07 12:46:26]
Menerima pesan dari: dariMCU_2309MAS003 - Pesan: {"nokartu":"13F7F3E4","idchip":"16581755","nodevice":"2309MAS003","key":"1234567890987654321","ipa":"10.10.3.39"}
[2025-05-07 12:46:26]
Berhasil merespon "dariMCU_2309MAS003" : {"respon":[{"id":"16581755","nodevice":"2309MAS003","message":"510","info":"Muhammad Affan Nibras Razan--TERCATAT! 3 dtk lalu","nokartu":"13F7F3E4"}]}
Berhasil kirim balasan ke "responServer_2309MAS003"

[2025-05-07 12:48:05]
Menerima pesan dari: dariMCU_2309MAS003 - Pesan: {"nokartu":"53AAF7E4","idchip":"16581755","nodevice":"2309MAS003","key":"1234567890987654321","ipa":"10.10.3.39"}
[2025-05-07 12:48:05]
Berhasil merespon "dariMCU_2309MAS003" : {"respon":[{"id":"16581755","nodevice":"2309MAS003","message":"BMPE","info":"Agung Rakhmadi--Berhasil Presensi -Mulai-","nokartu":"53AAF7E4"}]}
Berhasil kirim balasan ke "responServer_2309MAS003"

[2025-05-07 12:48:08]
Menerima pesan dari: dariMCU_2309MAS003 - Pesan: {"nokartu":"53AAF7E4","idchip":"16581755","nodevice":"2309MAS003","key":"1234567890987654321","ipa":"10.10.3.39"}
[2025-05-07 12:48:08]
Berhasil merespon "dariMCU_2309MAS003" : {"respon":[{"id":"16581755","nodevice":"2309MAS003","message":"510","info":"Agung Rakhmadi--TERCATAT! 3 dtk lalu","nokartu":"53AAF7E4"}]}
Berhasil kirim balasan ke "responServer_2309MAS003"

[2025-05-07 12:51:26]
Menerima pesan dari: dariMCU_2309MAS003 - Pesan: {"nokartu":"7363ACE2","idchip":"16581755","nodevice":"2309MAS003","key":"1234567890987654321","ipa":"10.10.3.39"}
[2025-05-07 12:51:26]
Berhasil merespon "dariMCU_2309MAS003" : {"respon":[{"id":"16581755","nodevice":"2309MAS003","message":"BMPE","info":"Ardhan Auli Agustino--Berhasil Presensi -Mulai-","nokartu":"7363ACE2"}]}
Berhasil kirim balasan ke "responServer_2309MAS003"

[2025-05-07 12:51:30]
Menerima pesan dari: dariMCU_2309MAS003 - Pesan: {"nokartu":"7363ACE2","idchip":"16581755","nodevice":"2309MAS003","key":"1234567890987654321","ipa":"10.10.3.39"}
[2025-05-07 12:51:30]
Berhasil merespon "dariMCU_2309MAS003" : {"respon":[{"id":"16581755","nodevice":"2309MAS003","message":"510","info":"Ardhan Auli Agustino--TERCATAT! 4 dtk lalu","nokartu":"7363ACE2"}]}
Berhasil kirim balasan ke "responServer_2309MAS003"

[2025-05-07 12:51:36]
Menerima pesan dari: dariMCU_2309MAS003 - Pesan: {"nokartu":"53AAF7E4","idchip":"16581755","nodevice":"2309MAS003","key":"1234567890987654321","ipa":"10.10.3.39"}
[2025-05-07 12:51:36]
Berhasil merespon "dariMCU_2309MAS003" : {"respon":[{"id":"16581755","nodevice":"2309MAS003","message":"BPSE","info":"Agung Rakhmadi--Berhasil Presensi -Selesai-","nokartu":"53AAF7E4"}]}
Berhasil kirim balasan ke "responServer_2309MAS003"

[2025-05-07 12:51:39]
Menerima pesan dari: dariMCU_2309MAS003 - Pesan: {"nokartu":"53AAF7E4","idchip":"16581755","nodevice":"2309MAS003","key":"1234567890987654321","ipa":"10.10.3.39"}
[2025-05-07 12:51:39]
Berhasil merespon "dariMCU_2309MAS003" : {"respon":[{"id":"16581755","nodevice":"2309MAS003","message":"510","info":"Agung Rakhmadi--TERCATAT! 3 dtk lalu","nokartu":"53AAF7E4"}]}
Berhasil kirim balasan ke "responServer_2309MAS003"

