[2025-10-07 12:00:26]
Menerima pesan dari: dariMCU_2309MAS003 - Pesan: {"nokartu":"33816E05","idchip":"16581755","nodevice":"2309MAS003","key":"1234567890987654321","ipa":"10.10.1.23"}
[2025-10-07 12:00:26]
Berhasil merespon "dariMCU_2309MAS003" : {"respon":[{"id":"16581755","nodevice":"2309MAS003","message":"BMPE","info":"Ifa Nilta El-Haq--Berhasil Presensi -Mulai-","nokartu":"33816E05"}]}
Berhasil kirim balasan ke "responServer_2309MAS003"

[2025-10-07 12:00:27]
Menerima pesan dari: dariMCU_2309MAS003 - Pesan: {"nokartu":"D331CE02","idchip":"16581755","nodevice":"2309MAS003","key":"1234567890987654321","ipa":"10.10.1.23"}
[2025-10-07 12:00:27]
Berhasil merespon "dariMCU_2309MAS003" : {"respon":[{"id":"16581755","nodevice":"2309MAS003","message":"BMPE","info":"Citra Syafa Aqila--Berhasil Presensi -Mulai-","nokartu":"D331CE02"}]}
Berhasil kirim balasan ke "responServer_2309MAS003"

[2025-10-07 12:00:31]
Menerima pesan dari: dariMCU_2309MAS003 - Pesan: {"nokartu":"33816E05","idchip":"16581755","nodevice":"2309MAS003","key":"1234567890987654321","ipa":"10.10.1.23"}
[2025-10-07 12:00:31]
Berhasil merespon "dariMCU_2309MAS003" : {"respon":[{"id":"16581755","nodevice":"2309MAS003","message":"510","info":"Ifa Nilta El-Haq--TERCATAT! 5 dtk lalu","nokartu":"33816E05"}]}
Berhasil kirim balasan ke "responServer_2309MAS003"

[2025-10-07 12:00:41]
Menerima pesan dari: dariMCU_2309MAS003 - Pesan: {"nokartu":"F3AC0AFE","idchip":"16581755","nodevice":"2309MAS003","key":"1234567890987654321","ipa":"10.10.1.23"}
[2025-10-07 12:00:41]
Berhasil merespon "dariMCU_2309MAS003" : {"respon":[{"id":"16581755","nodevice":"2309MAS003","message":"BMPE","info":"Nurul Umi Salamah--Berhasil Presensi -Mulai-","nokartu":"F3AC0AFE"}]}
Berhasil kirim balasan ke "responServer_2309MAS003"

[2025-10-07 12:00:42]
Menerima pesan dari: dariMCU_2309MAS003 - Pesan: {"nokartu":"E3890FFE","idchip":"16581755","nodevice":"2309MAS003","key":"1234567890987654321","ipa":"10.10.1.23"}
[2025-10-07 12:00:42]
Berhasil merespon "dariMCU_2309MAS003" : {"respon":[{"id":"16581755","nodevice":"2309MAS003","message":"BMPE","info":"Nafisa Azka Rasyida--Berhasil Presensi -Mulai-","nokartu":"E3890FFE"}]}
Berhasil kirim balasan ke "responServer_2309MAS003"

[2025-10-07 12:00:47]
Menerima pesan dari: dariMCU_2309MAS003 - Pesan: {"nokartu":"F3AC0AFE","idchip":"16581755","nodevice":"2309MAS003","key":"1234567890987654321","ipa":"10.10.1.23"}
[2025-10-07 12:00:47]
Berhasil merespon "dariMCU_2309MAS003" : {"respon":[{"id":"16581755","nodevice":"2309MAS003","message":"510","info":"Nurul Umi Salamah--TERCATAT! 6 dtk lalu","nokartu":"F3AC0AFE"}]}
Berhasil kirim balasan ke "responServer_2309MAS003"

[2025-10-07 12:00:48]
Menerima pesan dari: dariMCU_2309MAS003 - Pesan: {"nokartu":"E3890FFE","idchip":"16581755","nodevice":"2309MAS003","key":"1234567890987654321","ipa":"10.10.1.23"}
[2025-10-07 12:00:48]
Berhasil merespon "dariMCU_2309MAS003" : {"respon":[{"id":"16581755","nodevice":"2309MAS003","message":"510","info":"Nafisa Azka Rasyida--TERCATAT! 6 dtk lalu","nokartu":"E3890FFE"}]}
Berhasil kirim balasan ke "responServer_2309MAS003"

[2025-10-07 12:00:52]
Menerima pesan dari: dariMCU_2309MAS003 - Pesan: {"nokartu":"F3AC0AFE","idchip":"16581755","nodevice":"2309MAS003","key":"1234567890987654321","ipa":"10.10.1.23"}
[2025-10-07 12:00:52]
Berhasil merespon "dariMCU_2309MAS003" : {"respon":[{"id":"16581755","nodevice":"2309MAS003","message":"510","info":"Nurul Umi Salamah--TERCATAT! 11 dtk lalu","nokartu":"F3AC0AFE"}]}
Berhasil kirim balasan ke "responServer_2309MAS003"

[2025-10-07 12:00:53]
Menerima pesan dari: dariMCU_2309MAS003 - Pesan: {"nokartu":"33E92FFF","idchip":"16581755","nodevice":"2309MAS003","key":"1234567890987654321","ipa":"10.10.1.23"}
[2025-10-07 12:00:53]
Berhasil merespon "dariMCU_2309MAS003" : {"respon":[{"id":"16581755","nodevice":"2309MAS003","message":"BMPE","info":"Alin Vani Zulfantri--Berhasil Presensi -Mulai-","nokartu":"33E92FFF"}]}
Berhasil kirim balasan ke "responServer_2309MAS003"

[2025-10-07 12:00:56]
Menerima pesan dari: dariMCU_2309MAS003 - Pesan: {"nokartu":"33047B05","idchip":"16581755","nodevice":"2309MAS003","key":"1234567890987654321","ipa":"10.10.1.23"}
[2025-10-07 12:00:56]
Berhasil merespon "dariMCU_2309MAS003" : {"respon":[{"id":"16581755","nodevice":"2309MAS003","message":"BMPE","info":"Dyah Maharani Putri--Berhasil Presensi -Mulai-","nokartu":"33047B05"}]}
Berhasil kirim balasan ke "responServer_2309MAS003"

[2025-10-07 12:01:00]
Menerima pesan dari: dariMCU_2309MAS003 - Pesan: {"nokartu":"33047B05","idchip":"16581755","nodevice":"2309MAS003","key":"1234567890987654321","ipa":"10.10.1.23"}
[2025-10-07 12:01:00]
Berhasil merespon "dariMCU_2309MAS003" : {"respon":[{"id":"16581755","nodevice":"2309MAS003","message":"510","info":"Dyah Maharani Putri--TERCATAT! 4 dtk lalu","nokartu":"33047B05"}]}
Berhasil kirim balasan ke "responServer_2309MAS003"

[2025-10-07 12:01:04]
Menerima pesan dari: dariMCU_2309MAS003 - Pesan: {"nokartu":"F3808005","idchip":"16581755","nodevice":"2309MAS003","key":"1234567890987654321","ipa":"10.10.1.23"}
[2025-10-07 12:01:04]
Berhasil merespon "dariMCU_2309MAS003" : {"respon":[{"id":"16581755","nodevice":"2309MAS003","message":"BMPE","info":"Berlian Jiyan Swari Putri--Berhasil Presensi -Mulai-","nokartu":"F3808005"}]}
Berhasil kirim balasan ke "responServer_2309MAS003"

[2025-10-07 12:01:10]
Menerima pesan dari: dariMCU_2309MAS003 - Pesan: {"nokartu":"F3808005","idchip":"16581755","nodevice":"2309MAS003","key":"1234567890987654321","ipa":"10.10.1.23"}
[2025-10-07 12:01:10]
Berhasil merespon "dariMCU_2309MAS003" : {"respon":[{"id":"16581755","nodevice":"2309MAS003","message":"510","info":"Berlian Jiyan Swari Putri--TERCATAT! 6 dtk lalu","nokartu":"F3808005"}]}
Berhasil kirim balasan ke "responServer_2309MAS003"

[2025-10-07 12:02:05]
Menerima pesan dari: dariMCU_2309MAS003 - Pesan: {"nokartu":"438818FE","idchip":"16581755","nodevice":"2309MAS003","key":"1234567890987654321","ipa":"10.10.1.23"}
[2025-10-07 12:02:05]
Berhasil merespon "dariMCU_2309MAS003" : {"respon":[{"id":"16581755","nodevice":"2309MAS003","message":"BMPE","info":"Nashendi Sabrina Shasa--Berhasil Presensi -Mulai-","nokartu":"438818FE"}]}
Berhasil kirim balasan ke "responServer_2309MAS003"

[2025-10-07 12:02:15]
Menerima pesan dari: dariMCU_2309MAS003 - Pesan: {"nokartu":"23C704FE","idchip":"16581755","nodevice":"2309MAS003","key":"1234567890987654321","ipa":"10.10.1.23"}
[2025-10-07 12:02:15]
Berhasil merespon "dariMCU_2309MAS003" : {"respon":[{"id":"16581755","nodevice":"2309MAS003","message":"BMPE","info":"Novita Dina Aulia--Berhasil Presensi -Mulai-","nokartu":"23C704FE"}]}
Berhasil kirim balasan ke "responServer_2309MAS003"

[2025-10-07 12:02:19]
Menerima pesan dari: dariMCU_2309MAS003 - Pesan: {"nokartu":"B33018FE","idchip":"16581755","nodevice":"2309MAS003","key":"1234567890987654321","ipa":"10.10.1.23"}
[2025-10-07 12:02:19]
Berhasil merespon "dariMCU_2309MAS003" : {"respon":[{"id":"16581755","nodevice":"2309MAS003","message":"BMPE","info":"Aulia Qotrunada--Berhasil Presensi -Mulai-","nokartu":"B33018FE"}]}
Berhasil kirim balasan ke "responServer_2309MAS003"

[2025-10-07 12:02:45]
Menerima pesan dari: dariMCU_2309MAS003 - Pesan: {"nokartu":"C31AADE2","idchip":"16581755","nodevice":"2309MAS003","key":"1234567890987654321","ipa":"10.10.1.23"}
[2025-10-07 12:02:45]
Berhasil merespon "dariMCU_2309MAS003" : {"respon":[{"id":"16581755","nodevice":"2309MAS003","message":"BMPE","info":"Shifa Kafka Nafisha--Berhasil Presensi -Mulai-","nokartu":"C31AADE2"}]}
Berhasil kirim balasan ke "responServer_2309MAS003"

[2025-10-07 12:02:51]
Menerima pesan dari: dariMCU_2309MAS003 - Pesan: {"nokartu":"133422FF","idchip":"16581755","nodevice":"2309MAS003","key":"1234567890987654321","ipa":"10.10.1.23"}
[2025-10-07 12:02:51]
Berhasil merespon "dariMCU_2309MAS003" : {"respon":[{"id":"16581755","nodevice":"2309MAS003","message":"BMPE","info":"Qeyla Prasida Larasati--Berhasil Presensi -Mulai-","nokartu":"133422FF"}]}
Berhasil kirim balasan ke "responServer_2309MAS003"

[2025-10-07 12:02:54]
Menerima pesan dari: dariMCU_2309MAS003 - Pesan: {"nokartu":"133422FF","idchip":"16581755","nodevice":"2309MAS003","key":"1234567890987654321","ipa":"10.10.1.23"}
[2025-10-07 12:02:54]
Berhasil merespon "dariMCU_2309MAS003" : {"respon":[{"id":"16581755","nodevice":"2309MAS003","message":"510","info":"Qeyla Prasida Larasati--TERCATAT! 3 dtk lalu","nokartu":"133422FF"}]}
Berhasil kirim balasan ke "responServer_2309MAS003"

[2025-10-07 12:02:55]
Menerima pesan dari: dariMCU_2309MAS003 - Pesan: {"nokartu":"23DD2EFF","idchip":"16581755","nodevice":"2309MAS003","key":"1234567890987654321","ipa":"10.10.1.23"}
[2025-10-07 12:02:55]
Berhasil merespon "dariMCU_2309MAS003" : {"respon":[{"id":"16581755","nodevice":"2309MAS003","message":"BMPE","info":"Widya Rachmawaty--Berhasil Presensi -Mulai-","nokartu":"23DD2EFF"}]}
Berhasil kirim balasan ke "responServer_2309MAS003"

[2025-10-07 12:03:41]
Menerima pesan dari: dariMCU_2309MAS003 - Pesan: {"nokartu":"43836BE4","idchip":"16581755","nodevice":"2309MAS003","key":"1234567890987654321","ipa":"10.10.1.23"}
[2025-10-07 12:03:41]
Berhasil merespon "dariMCU_2309MAS003" : {"respon":[{"id":"16581755","nodevice":"2309MAS003","message":"BMPE","info":"Alfiana Rizka Khoirunnisa --Berhasil Presensi -Mulai-","nokartu":"43836BE4"}]}
Berhasil kirim balasan ke "responServer_2309MAS003"

[2025-10-07 12:03:44]
Menerima pesan dari: dariMCU_2309MAS003 - Pesan: {"nokartu":"43836BE4","idchip":"16581755","nodevice":"2309MAS003","key":"1234567890987654321","ipa":"10.10.1.23"}
[2025-10-07 12:03:44]
Berhasil merespon "dariMCU_2309MAS003" : {"respon":[{"id":"16581755","nodevice":"2309MAS003","message":"510","info":"Alfiana Rizka Khoirunnisa --TERCATAT! 3 dtk lalu","nokartu":"43836BE4"}]}
Berhasil kirim balasan ke "responServer_2309MAS003"

[2025-10-07 12:03:45]
Menerima pesan dari: dariMCU_2309MAS003 - Pesan: {"nokartu":"133422FF","idchip":"16581755","nodevice":"2309MAS003","key":"1234567890987654321","ipa":"10.10.1.23"}
[2025-10-07 12:03:45]
Berhasil merespon "dariMCU_2309MAS003" : {"respon":[{"id":"16581755","nodevice":"2309MAS003","message":"510","info":"Qeyla Prasida Larasati--TERCATAT! 54 dtk lalu","nokartu":"133422FF"}]}
Berhasil kirim balasan ke "responServer_2309MAS003"

[2025-10-07 12:03:49]
Menerima pesan dari: dariMCU_2309MAS003 - Pesan: {"nokartu":"133422FF","idchip":"16581755","nodevice":"2309MAS003","key":"1234567890987654321","ipa":"10.10.1.23"}
[2025-10-07 12:03:49]
Berhasil merespon "dariMCU_2309MAS003" : {"respon":[{"id":"16581755","nodevice":"2309MAS003","message":"510","info":"Qeyla Prasida Larasati--TERCATAT! 58 dtk lalu","nokartu":"133422FF"}]}
Berhasil kirim balasan ke "responServer_2309MAS003"

[2025-10-07 12:03:53]
Menerima pesan dari: dariMCU_2309MAS003 - Pesan: {"nokartu":"133422FF","idchip":"16581755","nodevice":"2309MAS003","key":"1234567890987654321","ipa":"10.10.1.23"}
[2025-10-07 12:03:53]
Berhasil merespon "dariMCU_2309MAS003" : {"respon":[{"id":"16581755","nodevice":"2309MAS003","message":"510","info":"Qeyla Prasida Larasati--TERCATAT! 62 dtk lalu","nokartu":"133422FF"}]}
Berhasil kirim balasan ke "responServer_2309MAS003"

[2025-10-07 12:03:56]
Menerima pesan dari: dariMCU_2309MAS003 - Pesan: {"nokartu":"133422FF","idchip":"16581755","nodevice":"2309MAS003","key":"1234567890987654321","ipa":"10.10.1.23"}
[2025-10-07 12:03:56]
Berhasil merespon "dariMCU_2309MAS003" : {"respon":[{"id":"16581755","nodevice":"2309MAS003","message":"510","info":"Qeyla Prasida Larasati--TERCATAT! 65 dtk lalu","nokartu":"133422FF"}]}
Berhasil kirim balasan ke "responServer_2309MAS003"

[2025-10-07 12:03:57]
Menerima pesan dari: dariMCU_2309MAS003 - Pesan: {"nokartu":"133422FF","idchip":"16581755","nodevice":"2309MAS003","key":"1234567890987654321","ipa":"10.10.1.23"}
[2025-10-07 12:03:57]
Berhasil merespon "dariMCU_2309MAS003" : {"respon":[{"id":"16581755","nodevice":"2309MAS003","message":"510","info":"Qeyla Prasida Larasati--TERCATAT! 66 dtk lalu","nokartu":"133422FF"}]}
Berhasil kirim balasan ke "responServer_2309MAS003"

[2025-10-07 12:04:49]
Menerima pesan dari: dariMCU_2309MAS003 - Pesan: {"nokartu":"53B98105","idchip":"16581755","nodevice":"2309MAS003","key":"1234567890987654321","ipa":"10.10.1.23"}
[2025-10-07 12:04:49]
Berhasil merespon "dariMCU_2309MAS003" : {"respon":[{"id":"16581755","nodevice":"2309MAS003","message":"BMPE","info":"Felicia Kumala Dewi--Berhasil Presensi -Mulai-","nokartu":"53B98105"}]}
Berhasil kirim balasan ke "responServer_2309MAS003"

[2025-10-07 12:04:52]
Menerima pesan dari: dariMCU_2309MAS003 - Pesan: {"nokartu":"53B98105","idchip":"16581755","nodevice":"2309MAS003","key":"1234567890987654321","ipa":"10.10.1.23"}
[2025-10-07 12:04:52]
Berhasil merespon "dariMCU_2309MAS003" : {"respon":[{"id":"16581755","nodevice":"2309MAS003","message":"510","info":"Felicia Kumala Dewi--TERCATAT! 3 dtk lalu","nokartu":"53B98105"}]}
Berhasil kirim balasan ke "responServer_2309MAS003"

[2025-10-07 12:04:54]
Menerima pesan dari: dariMCU_2309MAS003 - Pesan: {"nokartu":"53B98105","idchip":"16581755","nodevice":"2309MAS003","key":"1234567890987654321","ipa":"10.10.1.23"}
[2025-10-07 12:04:54]
Berhasil merespon "dariMCU_2309MAS003" : {"respon":[{"id":"16581755","nodevice":"2309MAS003","message":"510","info":"Felicia Kumala Dewi--TERCATAT! 5 dtk lalu","nokartu":"53B98105"}]}
Berhasil kirim balasan ke "responServer_2309MAS003"

[2025-10-07 12:05:05]
Menerima pesan dari: dariMCU_2309MAS003 - Pesan: {"nokartu":"93F124FF","idchip":"16581755","nodevice":"2309MAS003","key":"1234567890987654321","ipa":"10.10.1.23"}
[2025-10-07 12:05:05]
Berhasil merespon "dariMCU_2309MAS003" : {"respon":[{"id":"16581755","nodevice":"2309MAS003","message":"BMPE","info":"Reynata Rizki Kisdaningtyas--Berhasil Presensi -Mulai-","nokartu":"93F124FF"}]}
Berhasil kirim balasan ke "responServer_2309MAS003"

[2025-10-07 12:05:08]
Menerima pesan dari: dariMCU_2309MAS003 - Pesan: {"nokartu":"93F124FF","idchip":"16581755","nodevice":"2309MAS003","key":"1234567890987654321","ipa":"10.10.1.23"}
[2025-10-07 12:05:08]
Berhasil merespon "dariMCU_2309MAS003" : {"respon":[{"id":"16581755","nodevice":"2309MAS003","message":"510","info":"Reynata Rizki Kisdaningtyas--TERCATAT! 3 dtk lalu","nokartu":"93F124FF"}]}
Berhasil kirim balasan ke "responServer_2309MAS003"

[2025-10-07 12:05:34]
Menerima pesan dari: dariMCU_2309MAS003 - Pesan: {"nokartu":"83074105","idchip":"16581755","nodevice":"2309MAS003","key":"1234567890987654321","ipa":"10.10.1.23"}
[2025-10-07 12:05:34]
Berhasil merespon "dariMCU_2309MAS003" : {"respon":[{"id":"16581755","nodevice":"2309MAS003","message":"BMPE","info":"Bika Argo Cahyo Atmuji--Berhasil Presensi -Mulai-","nokartu":"83074105"}]}
Berhasil kirim balasan ke "responServer_2309MAS003"

[2025-10-07 12:05:37]
Menerima pesan dari: dariMCU_2309MAS003 - Pesan: {"nokartu":"83074105","idchip":"16581755","nodevice":"2309MAS003","key":"1234567890987654321","ipa":"10.10.1.23"}
[2025-10-07 12:05:37]
Berhasil merespon "dariMCU_2309MAS003" : {"respon":[{"id":"16581755","nodevice":"2309MAS003","message":"510","info":"Bika Argo Cahyo Atmuji--TERCATAT! 3 dtk lalu","nokartu":"83074105"}]}
Berhasil kirim balasan ke "responServer_2309MAS003"

[2025-10-07 12:05:40]
Menerima pesan dari: dariMCU_2309MAS003 - Pesan: {"nokartu":"83074105","idchip":"16581755","nodevice":"2309MAS003","key":"1234567890987654321","ipa":"10.10.1.23"}
[2025-10-07 12:05:40]
Berhasil merespon "dariMCU_2309MAS003" : {"respon":[{"id":"16581755","nodevice":"2309MAS003","message":"510","info":"Bika Argo Cahyo Atmuji--TERCATAT! 6 dtk lalu","nokartu":"83074105"}]}
Berhasil kirim balasan ke "responServer_2309MAS003"

[2025-10-07 12:05:56]
Menerima pesan dari: dariMCU_2309MAS003 - Pesan: {"nokartu":"939F2FFF","idchip":"16581755","nodevice":"2309MAS003","key":"1234567890987654321","ipa":"10.10.1.23"}
[2025-10-07 12:05:56]
Berhasil merespon "dariMCU_2309MAS003" : {"respon":[{"id":"16581755","nodevice":"2309MAS003","message":"BMPE","info":"Hafid Andira--Berhasil Presensi -Mulai-","nokartu":"939F2FFF"}]}
Berhasil kirim balasan ke "responServer_2309MAS003"

[2025-10-07 12:05:59]
Menerima pesan dari: dariMCU_2309MAS003 - Pesan: {"nokartu":"939F2FFF","idchip":"16581755","nodevice":"2309MAS003","key":"1234567890987654321","ipa":"10.10.1.23"}
[2025-10-07 12:05:59]
Berhasil merespon "dariMCU_2309MAS003" : {"respon":[{"id":"16581755","nodevice":"2309MAS003","message":"510","info":"Hafid Andira--TERCATAT! 3 dtk lalu","nokartu":"939F2FFF"}]}
Berhasil kirim balasan ke "responServer_2309MAS003"

[2025-10-07 12:06:00]
Menerima pesan dari: dariMCU_2309MAS003 - Pesan: {"nokartu":"939F2FFF","idchip":"16581755","nodevice":"2309MAS003","key":"1234567890987654321","ipa":"10.10.1.23"}
[2025-10-07 12:06:00]
Berhasil merespon "dariMCU_2309MAS003" : {"respon":[{"id":"16581755","nodevice":"2309MAS003","message":"510","info":"Hafid Andira--TERCATAT! 4 dtk lalu","nokartu":"939F2FFF"}]}
Berhasil kirim balasan ke "responServer_2309MAS003"

[2025-10-07 12:06:12]
Menerima pesan dari: dariMCU_2309MAS003 - Pesan: {"nokartu":"6BF7B889","idchip":"16581755","nodevice":"2309MAS003","key":"1234567890987654321","ipa":"10.10.1.23"}
[2025-10-07 12:06:12]
Berhasil merespon "dariMCU_2309MAS003" : {"respon":[{"id":"16581755","nodevice":"2309MAS003","message":"BMPE","info":"Zidane Alfriansyah Pratama--Berhasil Presensi -Mulai-","nokartu":"6BF7B889"}]}
Berhasil kirim balasan ke "responServer_2309MAS003"

[2025-10-07 12:06:15]
Menerima pesan dari: dariMCU_2309MAS003 - Pesan: {"nokartu":"6BF7B889","idchip":"16581755","nodevice":"2309MAS003","key":"1234567890987654321","ipa":"10.10.1.23"}
[2025-10-07 12:06:15]
Berhasil merespon "dariMCU_2309MAS003" : {"respon":[{"id":"16581755","nodevice":"2309MAS003","message":"510","info":"Zidane Alfriansyah Pratama--TERCATAT! 3 dtk lalu","nokartu":"6BF7B889"}]}
Berhasil kirim balasan ke "responServer_2309MAS003"

[2025-10-07 12:06:16]
Menerima pesan dari: dariMCU_2309MAS003 - Pesan: {"nokartu":"6BF7B889","idchip":"16581755","nodevice":"2309MAS003","key":"1234567890987654321","ipa":"10.10.1.23"}
[2025-10-07 12:06:16]
Berhasil merespon "dariMCU_2309MAS003" : {"respon":[{"id":"16581755","nodevice":"2309MAS003","message":"510","info":"Zidane Alfriansyah Pratama--TERCATAT! 4 dtk lalu","nokartu":"6BF7B889"}]}
Berhasil kirim balasan ke "responServer_2309MAS003"

[2025-10-07 12:06:21]
Menerima pesan dari: dariMCU_2309MAS003 - Pesan: {"nokartu":"D3547D05","idchip":"16581755","nodevice":"2309MAS003","key":"1234567890987654321","ipa":"10.10.1.23"}
[2025-10-07 12:06:21]
Berhasil merespon "dariMCU_2309MAS003" : {"respon":[{"id":"16581755","nodevice":"2309MAS003","message":"BMPE","info":"Fanira Citra Dewi--Berhasil Presensi -Mulai-","nokartu":"D3547D05"}]}
Berhasil kirim balasan ke "responServer_2309MAS003"

[2025-10-07 12:06:25]
Menerima pesan dari: dariMCU_2309MAS003 - Pesan: {"nokartu":"D3547D05","idchip":"16581755","nodevice":"2309MAS003","key":"1234567890987654321","ipa":"10.10.1.23"}
[2025-10-07 12:06:25]
Berhasil merespon "dariMCU_2309MAS003" : {"respon":[{"id":"16581755","nodevice":"2309MAS003","message":"510","info":"Fanira Citra Dewi--TERCATAT! 4 dtk lalu","nokartu":"D3547D05"}]}
Berhasil kirim balasan ke "responServer_2309MAS003"

[2025-10-07 12:06:29]
Menerima pesan dari: dariMCU_2309MAS003 - Pesan: {"nokartu":"7398CF02","idchip":"16581755","nodevice":"2309MAS003","key":"1234567890987654321","ipa":"10.10.1.23"}
[2025-10-07 12:06:29]
Berhasil merespon "dariMCU_2309MAS003" : {"respon":[{"id":"16581755","nodevice":"2309MAS003","message":"BMPE","info":"Hesty Rahayu--Berhasil Presensi -Mulai-","nokartu":"7398CF02"}]}
Berhasil kirim balasan ke "responServer_2309MAS003"

[2025-10-07 12:06:31]
Menerima pesan dari: dariMCU_2309MAS003 - Pesan: {"nokartu":"53E56F05","idchip":"16581755","nodevice":"2309MAS003","key":"1234567890987654321","ipa":"10.10.1.23"}
[2025-10-07 12:06:31]
Berhasil merespon "dariMCU_2309MAS003" : {"respon":[{"id":"16581755","nodevice":"2309MAS003","message":"BMPE","info":"Miftahul Janah--Berhasil Presensi -Mulai-","nokartu":"53E56F05"}]}
Berhasil kirim balasan ke "responServer_2309MAS003"

[2025-10-07 12:06:34]
Menerima pesan dari: dariMCU_2309MAS003 - Pesan: {"nokartu":"7398CF02","idchip":"16581755","nodevice":"2309MAS003","key":"1234567890987654321","ipa":"10.10.1.23"}
[2025-10-07 12:06:34]
Berhasil merespon "dariMCU_2309MAS003" : {"respon":[{"id":"16581755","nodevice":"2309MAS003","message":"510","info":"Hesty Rahayu--TERCATAT! 5 dtk lalu","nokartu":"7398CF02"}]}
Berhasil kirim balasan ke "responServer_2309MAS003"

[2025-10-07 12:06:35]
Menerima pesan dari: dariMCU_2309MAS003 - Pesan: {"nokartu":"7398CF02","idchip":"16581755","nodevice":"2309MAS003","key":"1234567890987654321","ipa":"10.10.1.23"}
[2025-10-07 12:06:35]
Berhasil merespon "dariMCU_2309MAS003" : {"respon":[{"id":"16581755","nodevice":"2309MAS003","message":"510","info":"Hesty Rahayu--TERCATAT! 6 dtk lalu","nokartu":"7398CF02"}]}
Berhasil kirim balasan ke "responServer_2309MAS003"

[2025-10-07 12:06:38]
Menerima pesan dari: dariMCU_2309MAS003 - Pesan: {"nokartu":"53E56F05","idchip":"16581755","nodevice":"2309MAS003","key":"1234567890987654321","ipa":"10.10.1.23"}
[2025-10-07 12:06:38]
Berhasil merespon "dariMCU_2309MAS003" : {"respon":[{"id":"16581755","nodevice":"2309MAS003","message":"510","info":"Miftahul Janah--TERCATAT! 7 dtk lalu","nokartu":"53E56F05"}]}
Berhasil kirim balasan ke "responServer_2309MAS003"

[2025-10-07 12:06:39]
Menerima pesan dari: dariMCU_2309MAS003 - Pesan: {"nokartu":"A32C22FF","idchip":"16581755","nodevice":"2309MAS003","key":"1234567890987654321","ipa":"10.10.1.23"}
[2025-10-07 12:06:39]
Berhasil merespon "dariMCU_2309MAS003" : {"respon":[{"id":"16581755","nodevice":"2309MAS003","message":"BMPE","info":"Nisfa Leilia Rahma--Berhasil Presensi -Mulai-","nokartu":"A32C22FF"}]}
Berhasil kirim balasan ke "responServer_2309MAS003"

[2025-10-07 12:06:47]
Menerima pesan dari: dariMCU_2309MAS003 - Pesan: {"nokartu":"73C80AFE","idchip":"16581755","nodevice":"2309MAS003","key":"1234567890987654321","ipa":"10.10.1.23"}
[2025-10-07 12:06:47]
Berhasil merespon "dariMCU_2309MAS003" : {"respon":[{"id":"16581755","nodevice":"2309MAS003","message":"BMPE","info":"Nasywa Azzahra Ekaputri--Berhasil Presensi -Mulai-","nokartu":"73C80AFE"}]}
Berhasil kirim balasan ke "responServer_2309MAS003"

[2025-10-07 12:06:51]
Menerima pesan dari: dariMCU_2309MAS003 - Pesan: {"nokartu":"33126905","idchip":"16581755","nodevice":"2309MAS003","key":"1234567890987654321","ipa":"10.10.1.23"}
[2025-10-07 12:06:51]
Berhasil merespon "dariMCU_2309MAS003" : {"respon":[{"id":"16581755","nodevice":"2309MAS003","message":"BMPE","info":"Dinda Putri Nabila--Berhasil Presensi -Mulai-","nokartu":"33126905"}]}
Berhasil kirim balasan ke "responServer_2309MAS003"

[2025-10-07 12:07:10]
Menerima pesan dari: dariMCU_2309MAS003 - Pesan: {"nokartu":"738715FE","idchip":"16581755","nodevice":"2309MAS003","key":"1234567890987654321","ipa":"10.10.1.23"}
[2025-10-07 12:07:10]
Berhasil merespon "dariMCU_2309MAS003" : {"respon":[{"id":"16581755","nodevice":"2309MAS003","message":"BMPE","info":"Muhamad Miftahudin--Berhasil Presensi -Mulai-","nokartu":"738715FE"}]}
Berhasil kirim balasan ke "responServer_2309MAS003"

[2025-10-07 12:07:13]
Menerima pesan dari: dariMCU_2309MAS003 - Pesan: {"nokartu":"738715FE","idchip":"16581755","nodevice":"2309MAS003","key":"1234567890987654321","ipa":"10.10.1.23"}
[2025-10-07 12:07:13]
Berhasil merespon "dariMCU_2309MAS003" : {"respon":[{"id":"16581755","nodevice":"2309MAS003","message":"510","info":"Muhamad Miftahudin--TERCATAT! 3 dtk lalu","nokartu":"738715FE"}]}
Berhasil kirim balasan ke "responServer_2309MAS003"

[2025-10-07 12:07:17]
Menerima pesan dari: dariMCU_2309MAS003 - Pesan: {"nokartu":"538418FE","idchip":"16581755","nodevice":"2309MAS003","key":"1234567890987654321","ipa":"10.10.1.23"}
[2025-10-07 12:07:17]
Berhasil merespon "dariMCU_2309MAS003" : {"respon":[{"id":"16581755","nodevice":"2309MAS003","message":"BMPE","info":"Muhamad Zidan Zaka--Berhasil Presensi -Mulai-","nokartu":"538418FE"}]}
Berhasil kirim balasan ke "responServer_2309MAS003"

[2025-10-07 12:07:20]
Menerima pesan dari: dariMCU_2309MAS003 - Pesan: {"nokartu":"538418FE","idchip":"16581755","nodevice":"2309MAS003","key":"1234567890987654321","ipa":"10.10.1.23"}
[2025-10-07 12:07:20]
Berhasil merespon "dariMCU_2309MAS003" : {"respon":[{"id":"16581755","nodevice":"2309MAS003","message":"510","info":"Muhamad Zidan Zaka--TERCATAT! 3 dtk lalu","nokartu":"538418FE"}]}
Berhasil kirim balasan ke "responServer_2309MAS003"

[2025-10-07 12:07:21]
Menerima pesan dari: dariMCU_2309MAS003 - Pesan: {"nokartu":"538418FE","idchip":"16581755","nodevice":"2309MAS003","key":"1234567890987654321","ipa":"10.10.1.23"}
[2025-10-07 12:07:21]
Berhasil merespon "dariMCU_2309MAS003" : {"respon":[{"id":"16581755","nodevice":"2309MAS003","message":"510","info":"Muhamad Zidan Zaka--TERCATAT! 4 dtk lalu","nokartu":"538418FE"}]}
Berhasil kirim balasan ke "responServer_2309MAS003"

[2025-10-07 12:07:26]
Menerima pesan dari: dariMCU_2309MAS003 - Pesan: {"nokartu":"C3FE1EFF","idchip":"16581755","nodevice":"2309MAS003","key":"1234567890987654321","ipa":"10.10.1.23"}
[2025-10-07 12:07:26]
Berhasil merespon "dariMCU_2309MAS003" : {"respon":[{"id":"16581755","nodevice":"2309MAS003","message":"BMPE","info":"Fernandi Ramadhan Dwiki Dharmawan--Berhasil Presensi -Mulai-","nokartu":"C3FE1EFF"}]}
Berhasil kirim balasan ke "responServer_2309MAS003"

[2025-10-07 12:07:29]
Menerima pesan dari: dariMCU_2309MAS003 - Pesan: {"nokartu":"C3FE1EFF","idchip":"16581755","nodevice":"2309MAS003","key":"1234567890987654321","ipa":"10.10.1.23"}
[2025-10-07 12:07:29]
Berhasil merespon "dariMCU_2309MAS003" : {"respon":[{"id":"16581755","nodevice":"2309MAS003","message":"510","info":"Fernandi Ramadhan Dwiki Dharmawan--TERCATAT! 3 dtk lalu","nokartu":"C3FE1EFF"}]}
Berhasil kirim balasan ke "responServer_2309MAS003"

[2025-10-07 12:07:31]
Menerima pesan dari: dariMCU_2309MAS003 - Pesan: {"nokartu":"83A04B05","idchip":"16581755","nodevice":"2309MAS003","key":"1234567890987654321","ipa":"10.10.1.23"}
[2025-10-07 12:07:31]
Berhasil merespon "dariMCU_2309MAS003" : {"respon":[{"id":"16581755","nodevice":"2309MAS003","message":"BMPE","info":"Desta Ranayuda--Berhasil Presensi -Mulai-","nokartu":"83A04B05"}]}
Berhasil kirim balasan ke "responServer_2309MAS003"

[2025-10-07 12:07:36]
Menerima pesan dari: dariMCU_2309MAS003 - Pesan: {"nokartu":"332A12FE","idchip":"16581755","nodevice":"2309MAS003","key":"1234567890987654321","ipa":"10.10.1.23"}
[2025-10-07 12:07:36]
Berhasil merespon "dariMCU_2309MAS003" : {"respon":[{"id":"16581755","nodevice":"2309MAS003","message":"BMPE","info":"Rehan Nibras Hibban--Berhasil Presensi -Mulai-","nokartu":"332A12FE"}]}
Berhasil kirim balasan ke "responServer_2309MAS003"

[2025-10-07 12:07:37]
Menerima pesan dari: dariMCU_2309MAS003 - Pesan: {"nokartu":"332A12FE","idchip":"16581755","nodevice":"2309MAS003","key":"1234567890987654321","ipa":"10.10.1.23"}
[2025-10-07 12:07:37]
Berhasil merespon "dariMCU_2309MAS003" : {"respon":[{"id":"16581755","nodevice":"2309MAS003","message":"510","info":"Rehan Nibras Hibban--TERCATAT! 1 dtk lalu","nokartu":"332A12FE"}]}
Berhasil kirim balasan ke "responServer_2309MAS003"

[2025-10-07 12:07:42]
Menerima pesan dari: dariMCU_2309MAS003 - Pesan: {"nokartu":"23C011FE","idchip":"16581755","nodevice":"2309MAS003","key":"1234567890987654321","ipa":"10.10.1.23"}
[2025-10-07 12:07:42]
Berhasil merespon "dariMCU_2309MAS003" : {"respon":[{"id":"16581755","nodevice":"2309MAS003","message":"BMPE","info":"Muhamad Hakan Rafly--Berhasil Presensi -Mulai-","nokartu":"23C011FE"}]}
Berhasil kirim balasan ke "responServer_2309MAS003"

[2025-10-07 12:07:45]
Menerima pesan dari: dariMCU_2309MAS003 - Pesan: {"nokartu":"23C011FE","idchip":"16581755","nodevice":"2309MAS003","key":"1234567890987654321","ipa":"10.10.1.23"}
[2025-10-07 12:07:45]
Berhasil merespon "dariMCU_2309MAS003" : {"respon":[{"id":"16581755","nodevice":"2309MAS003","message":"510","info":"Muhamad Hakan Rafly--TERCATAT! 3 dtk lalu","nokartu":"23C011FE"}]}
Berhasil kirim balasan ke "responServer_2309MAS003"

[2025-10-07 12:08:11]
Menerima pesan dari: dariMCU_2309MAS003 - Pesan: {"nokartu":"C3A01AFE","idchip":"16581755","nodevice":"2309MAS003","key":"1234567890987654321","ipa":"10.10.1.23"}
[2025-10-07 12:08:11]
Berhasil merespon "dariMCU_2309MAS003" : {"respon":[{"id":"16581755","nodevice":"2309MAS003","message":"BMPE","info":"Dini Dwi Ariyanti--Berhasil Presensi -Mulai-","nokartu":"C3A01AFE"}]}
Berhasil kirim balasan ke "responServer_2309MAS003"

[2025-10-07 12:08:32]
Menerima pesan dari: dariMCU_2309MAS003 - Pesan: {"nokartu":"43C30DFE","idchip":"16581755","nodevice":"2309MAS003","key":"1234567890987654321","ipa":"10.10.1.23"}
[2025-10-07 12:08:32]
Berhasil merespon "dariMCU_2309MAS003" : {"respon":[{"id":"16581755","nodevice":"2309MAS003","message":"BMPE","info":"Muhamad Saroful Anam--Berhasil Presensi -Mulai-","nokartu":"43C30DFE"}]}
Berhasil kirim balasan ke "responServer_2309MAS003"

[2025-10-07 12:08:41]
Menerima pesan dari: dariMCU_2309MAS003 - Pesan: {"nokartu":"73DD16FE","idchip":"16581755","nodevice":"2309MAS003","key":"1234567890987654321","ipa":"10.10.1.23"}
[2025-10-07 12:08:41]
Berhasil merespon "dariMCU_2309MAS003" : {"respon":[{"id":"16581755","nodevice":"2309MAS003","message":"BMPE","info":"Malik Fatah--Berhasil Presensi -Mulai-","nokartu":"73DD16FE"}]}
Berhasil kirim balasan ke "responServer_2309MAS003"

[2025-10-07 12:08:53]
Menerima pesan dari: dariMCU_2309MAS003 - Pesan: {"nokartu":"431A6E05","idchip":"16581755","nodevice":"2309MAS003","key":"1234567890987654321","ipa":"10.10.1.23"}
[2025-10-07 12:08:53]
Berhasil merespon "dariMCU_2309MAS003" : {"respon":[{"id":"16581755","nodevice":"2309MAS003","message":"BMPE","info":"Dwi Setyawan--Berhasil Presensi -Mulai-","nokartu":"431A6E05"}]}
Berhasil kirim balasan ke "responServer_2309MAS003"

[2025-10-07 12:08:59]
Menerima pesan dari: dariMCU_2309MAS003 - Pesan: {"nokartu":"23B006FE","idchip":"16581755","nodevice":"2309MAS003","key":"1234567890987654321","ipa":"10.10.1.23"}
[2025-10-07 12:08:59]
Berhasil merespon "dariMCU_2309MAS003" : {"respon":[{"id":"16581755","nodevice":"2309MAS003","message":"BMPE","info":"Eka Ananda Putri--Berhasil Presensi -Mulai-","nokartu":"23B006FE"}]}
Berhasil kirim balasan ke "responServer_2309MAS003"

[2025-10-07 12:09:04]
Menerima pesan dari: dariMCU_2309MAS003 - Pesan: {"nokartu":"23B006FE","idchip":"16581755","nodevice":"2309MAS003","key":"1234567890987654321","ipa":"10.10.1.23"}
[2025-10-07 12:09:04]
Berhasil merespon "dariMCU_2309MAS003" : {"respon":[{"id":"16581755","nodevice":"2309MAS003","message":"510","info":"Eka Ananda Putri--TERCATAT! 5 dtk lalu","nokartu":"23B006FE"}]}
Berhasil kirim balasan ke "responServer_2309MAS003"

[2025-10-07 12:09:09]
Menerima pesan dari: dariMCU_2309MAS003 - Pesan: {"nokartu":"E3BD2FFF","idchip":"16581755","nodevice":"2309MAS003","key":"1234567890987654321","ipa":"10.10.1.23"}
[2025-10-07 12:09:09]
Berhasil merespon "dariMCU_2309MAS003" : {"respon":[{"id":"16581755","nodevice":"2309MAS003","message":"BMPE","info":"Al Raissa Dyka Pratama--Berhasil Presensi -Mulai-","nokartu":"E3BD2FFF"}]}
Berhasil kirim balasan ke "responServer_2309MAS003"

[2025-10-07 12:09:12]
Menerima pesan dari: dariMCU_2309MAS003 - Pesan: {"nokartu":"E3BD2FFF","idchip":"16581755","nodevice":"2309MAS003","key":"1234567890987654321","ipa":"10.10.1.23"}
[2025-10-07 12:09:12]
Berhasil merespon "dariMCU_2309MAS003" : {"respon":[{"id":"16581755","nodevice":"2309MAS003","message":"510","info":"Al Raissa Dyka Pratama--TERCATAT! 3 dtk lalu","nokartu":"E3BD2FFF"}]}
Berhasil kirim balasan ke "responServer_2309MAS003"

[2025-10-07 12:09:20]
Menerima pesan dari: dariMCU_2309MAS003 - Pesan: {"nokartu":"134F0FFE","idchip":"16581755","nodevice":"2309MAS003","key":"1234567890987654321","ipa":"10.10.1.23"}
[2025-10-07 12:09:20]
Berhasil merespon "dariMCU_2309MAS003" : {"respon":[{"id":"16581755","nodevice":"2309MAS003","message":"BMPE","info":"Denis Shofia Dewanti--Berhasil Presensi -Mulai-","nokartu":"134F0FFE"}]}
Berhasil kirim balasan ke "responServer_2309MAS003"

[2025-10-07 12:09:23]
Menerima pesan dari: dariMCU_2309MAS003 - Pesan: {"nokartu":"134F0FFE","idchip":"16581755","nodevice":"2309MAS003","key":"1234567890987654321","ipa":"10.10.1.23"}
[2025-10-07 12:09:23]
Berhasil merespon "dariMCU_2309MAS003" : {"respon":[{"id":"16581755","nodevice":"2309MAS003","message":"510","info":"Denis Shofia Dewanti--TERCATAT! 3 dtk lalu","nokartu":"134F0FFE"}]}
Berhasil kirim balasan ke "responServer_2309MAS003"

[2025-10-07 12:09:31]
Menerima pesan dari: dariMCU_2309MAS003 - Pesan: {"nokartu":"4613B989","idchip":"16581755","nodevice":"2309MAS003","key":"1234567890987654321","ipa":"10.10.1.23"}
[2025-10-07 12:09:31]
Berhasil merespon "dariMCU_2309MAS003" : {"respon":[{"id":"16581755","nodevice":"2309MAS003","message":"BMPE","info":"Esa Chandra Apriawan--Berhasil Presensi -Mulai-","nokartu":"4613B989"}]}
Berhasil kirim balasan ke "responServer_2309MAS003"

[2025-10-07 12:09:34]
Menerima pesan dari: dariMCU_2309MAS003 - Pesan: {"nokartu":"4613B989","idchip":"16581755","nodevice":"2309MAS003","key":"1234567890987654321","ipa":"10.10.1.23"}
[2025-10-07 12:09:34]
Berhasil merespon "dariMCU_2309MAS003" : {"respon":[{"id":"16581755","nodevice":"2309MAS003","message":"510","info":"Esa Chandra Apriawan--TERCATAT! 3 dtk lalu","nokartu":"4613B989"}]}
Berhasil kirim balasan ke "responServer_2309MAS003"

[2025-10-07 12:09:35]
Menerima pesan dari: dariMCU_2309MAS003 - Pesan: {"nokartu":"C3C321FF","idchip":"16581755","nodevice":"2309MAS003","key":"1234567890987654321","ipa":"10.10.1.23"}
[2025-10-07 12:09:35]
Berhasil merespon "dariMCU_2309MAS003" : {"respon":[{"id":"16581755","nodevice":"2309MAS003","message":"BMPE","info":"Vemas Aulia Restu Nugroho--Berhasil Presensi -Mulai-","nokartu":"C3C321FF"}]}
Berhasil kirim balasan ke "responServer_2309MAS003"

[2025-10-07 12:09:40]
Menerima pesan dari: dariMCU_2309MAS003 - Pesan: {"nokartu":"63B91AFE","idchip":"16581755","nodevice":"2309MAS003","key":"1234567890987654321","ipa":"10.10.1.23"}
[2025-10-07 12:09:40]
Berhasil merespon "dariMCU_2309MAS003" : {"respon":[{"id":"16581755","nodevice":"2309MAS003","message":"BMPE","info":"Bahy Daniswara--Berhasil Presensi -Mulai-","nokartu":"63B91AFE"}]}
Berhasil kirim balasan ke "responServer_2309MAS003"

[2025-10-07 12:09:43]
Menerima pesan dari: dariMCU_2309MAS003 - Pesan: {"nokartu":"63B91AFE","idchip":"16581755","nodevice":"2309MAS003","key":"1234567890987654321","ipa":"10.10.1.23"}
[2025-10-07 12:09:43]
Berhasil merespon "dariMCU_2309MAS003" : {"respon":[{"id":"16581755","nodevice":"2309MAS003","message":"510","info":"Bahy Daniswara--TERCATAT! 3 dtk lalu","nokartu":"63B91AFE"}]}
Berhasil kirim balasan ke "responServer_2309MAS003"

[2025-10-07 12:10:11]
Menerima pesan dari: dariMCU_2309MAS003 - Pesan: {"nokartu":"4613B989","idchip":"16581755","nodevice":"2309MAS003","key":"1234567890987654321","ipa":"10.10.1.23"}
[2025-10-07 12:10:11]
Berhasil merespon "dariMCU_2309MAS003" : {"respon":[{"id":"16581755","nodevice":"2309MAS003","message":"510","info":"Esa Chandra Apriawan--TERCATAT! 40 dtk lalu","nokartu":"4613B989"}]}
Berhasil kirim balasan ke "responServer_2309MAS003"

[2025-10-07 12:10:49]
Menerima pesan dari: dariMCU_2309MAS003 - Pesan: {"nokartu":"13E47B05","idchip":"16581755","nodevice":"2309MAS003","key":"1234567890987654321","ipa":"10.10.1.23"}
[2025-10-07 12:10:49]
Berhasil merespon "dariMCU_2309MAS003" : {"respon":[{"id":"16581755","nodevice":"2309MAS003","message":"BMPE","info":"Ata Amirulloh--Berhasil Presensi -Mulai-","nokartu":"13E47B05"}]}
Berhasil kirim balasan ke "responServer_2309MAS003"

[2025-10-07 12:10:53]
Menerima pesan dari: dariMCU_2309MAS003 - Pesan: {"nokartu":"13E47B05","idchip":"16581755","nodevice":"2309MAS003","key":"1234567890987654321","ipa":"10.10.1.23"}
[2025-10-07 12:10:53]
Berhasil merespon "dariMCU_2309MAS003" : {"respon":[{"id":"16581755","nodevice":"2309MAS003","message":"510","info":"Ata Amirulloh--TERCATAT! 4 dtk lalu","nokartu":"13E47B05"}]}
Berhasil kirim balasan ke "responServer_2309MAS003"

[2025-10-07 12:10:58]
Menerima pesan dari: dariMCU_2309MAS003 - Pesan: {"nokartu":"13B021FF","idchip":"16581755","nodevice":"2309MAS003","key":"1234567890987654321","ipa":"10.10.1.23"}
[2025-10-07 12:10:58]
Berhasil merespon "dariMCU_2309MAS003" : {"respon":[{"id":"16581755","nodevice":"2309MAS003","message":"BMPE","info":"Muhammad Ulynnuha--Berhasil Presensi -Mulai-","nokartu":"13B021FF"}]}
Berhasil kirim balasan ke "responServer_2309MAS003"

[2025-10-07 12:11:01]
Menerima pesan dari: dariMCU_2309MAS003 - Pesan: {"nokartu":"13B021FF","idchip":"16581755","nodevice":"2309MAS003","key":"1234567890987654321","ipa":"10.10.1.23"}
[2025-10-07 12:11:01]
Berhasil merespon "dariMCU_2309MAS003" : {"respon":[{"id":"16581755","nodevice":"2309MAS003","message":"510","info":"Muhammad Ulynnuha--TERCATAT! 3 dtk lalu","nokartu":"13B021FF"}]}
Berhasil kirim balasan ke "responServer_2309MAS003"

[2025-10-07 12:11:06]
Menerima pesan dari: dariMCU_2309MAS003 - Pesan: {"nokartu":"F39F1AFE","idchip":"16581755","nodevice":"2309MAS003","key":"1234567890987654321","ipa":"10.10.1.23"}
[2025-10-07 12:11:06]
Berhasil merespon "dariMCU_2309MAS003" : {"respon":[{"id":"16581755","nodevice":"2309MAS003","message":"BMPE","info":"Anton Joko Kurniawan--Berhasil Presensi -Mulai-","nokartu":"F39F1AFE"}]}
Berhasil kirim balasan ke "responServer_2309MAS003"

[2025-10-07 12:11:09]
Menerima pesan dari: dariMCU_2309MAS003 - Pesan: {"nokartu":"F39F1AFE","idchip":"16581755","nodevice":"2309MAS003","key":"1234567890987654321","ipa":"10.10.1.23"}
[2025-10-07 12:11:09]
Berhasil merespon "dariMCU_2309MAS003" : {"respon":[{"id":"16581755","nodevice":"2309MAS003","message":"510","info":"Anton Joko Kurniawan--TERCATAT! 3 dtk lalu","nokartu":"F39F1AFE"}]}
Berhasil kirim balasan ke "responServer_2309MAS003"

[2025-10-07 12:11:10]
Menerima pesan dari: dariMCU_2309MAS003 - Pesan: {"nokartu":"03C816FE","idchip":"16581755","nodevice":"2309MAS003","key":"1234567890987654321","ipa":"10.10.1.23"}
[2025-10-07 12:11:10]
Berhasil merespon "dariMCU_2309MAS003" : {"respon":[{"id":"16581755","nodevice":"2309MAS003","message":"BMPE","info":"Nauval Wahyu Dwi Prastyo--Berhasil Presensi -Mulai-","nokartu":"03C816FE"}]}
Berhasil kirim balasan ke "responServer_2309MAS003"

[2025-10-07 12:11:30]
Menerima pesan dari: dariMCU_2309MAS003 - Pesan: {"nokartu":"83841703","idchip":"16581755","nodevice":"2309MAS003","key":"1234567890987654321","ipa":"10.10.1.23"}
[2025-10-07 12:11:30]
Berhasil merespon "dariMCU_2309MAS003" : {"respon":[{"id":"16581755","nodevice":"2309MAS003","message":"BMPE","info":"Siska Wahyu Pratiwi--Berhasil Presensi -Mulai-","nokartu":"83841703"}]}
Berhasil kirim balasan ke "responServer_2309MAS003"

[2025-10-07 12:11:33]
Menerima pesan dari: dariMCU_2309MAS003 - Pesan: {"nokartu":"83841703","idchip":"16581755","nodevice":"2309MAS003","key":"1234567890987654321","ipa":"10.10.1.23"}
[2025-10-07 12:11:33]
Berhasil merespon "dariMCU_2309MAS003" : {"respon":[{"id":"16581755","nodevice":"2309MAS003","message":"510","info":"Siska Wahyu Pratiwi--TERCATAT! 3 dtk lalu","nokartu":"83841703"}]}
Berhasil kirim balasan ke "responServer_2309MAS003"

[2025-10-07 12:11:39]
Menerima pesan dari: dariMCU_2309MAS003 - Pesan: {"nokartu":"23B56F05","idchip":"16581755","nodevice":"2309MAS003","key":"1234567890987654321","ipa":"10.10.1.23"}
[2025-10-07 12:11:39]
Berhasil merespon "dariMCU_2309MAS003" : {"respon":[{"id":"16581755","nodevice":"2309MAS003","message":"BMPE","info":"Oktafia Salsa Fitria--Berhasil Presensi -Mulai-","nokartu":"23B56F05"}]}
Berhasil kirim balasan ke "responServer_2309MAS003"

[2025-10-07 12:11:40]
Menerima pesan dari: dariMCU_2309MAS003 - Pesan: {"nokartu":"23B56F05","idchip":"16581755","nodevice":"2309MAS003","key":"1234567890987654321","ipa":"10.10.1.23"}
[2025-10-07 12:11:40]
Berhasil merespon "dariMCU_2309MAS003" : {"respon":[{"id":"16581755","nodevice":"2309MAS003","message":"510","info":"Oktafia Salsa Fitria--TERCATAT! 1 dtk lalu","nokartu":"23B56F05"}]}
Berhasil kirim balasan ke "responServer_2309MAS003"

[2025-10-07 12:15:17]
Menerima pesan dari: dariMCU_2309MAS003 - Pesan: {"nokartu":"F3422DFF","idchip":"16581755","nodevice":"2309MAS003","key":"1234567890987654321","ipa":"10.10.1.23"}
[2025-10-07 12:15:17]
Berhasil merespon "dariMCU_2309MAS003" : {"respon":[{"id":"16581755","nodevice":"2309MAS003","message":"BMPE","info":"Verlita Risky--Berhasil Presensi -Mulai-","nokartu":"F3422DFF"}]}
Berhasil kirim balasan ke "responServer_2309MAS003"

[2025-10-07 12:15:20]
Menerima pesan dari: dariMCU_2309MAS003 - Pesan: {"nokartu":"F3422DFF","idchip":"16581755","nodevice":"2309MAS003","key":"1234567890987654321","ipa":"10.10.1.23"}
[2025-10-07 12:15:20]
Berhasil merespon "dariMCU_2309MAS003" : {"respon":[{"id":"16581755","nodevice":"2309MAS003","message":"510","info":"Verlita Risky--TERCATAT! 3 dtk lalu","nokartu":"F3422DFF"}]}
Berhasil kirim balasan ke "responServer_2309MAS003"

[2025-10-07 12:15:25]
Menerima pesan dari: dariMCU_2309MAS003 - Pesan: {"nokartu":"A3DB2DFF","idchip":"16581755","nodevice":"2309MAS003","key":"1234567890987654321","ipa":"10.10.1.23"}
[2025-10-07 12:15:25]
Berhasil merespon "dariMCU_2309MAS003" : {"respon":[{"id":"16581755","nodevice":"2309MAS003","message":"BMPE","info":"Hanifah Qurotul Ain--Berhasil Presensi -Mulai-","nokartu":"A3DB2DFF"}]}
Berhasil kirim balasan ke "responServer_2309MAS003"

[2025-10-07 12:15:28]
Menerima pesan dari: dariMCU_2309MAS003 - Pesan: {"nokartu":"A3DB2DFF","idchip":"16581755","nodevice":"2309MAS003","key":"1234567890987654321","ipa":"10.10.1.23"}
[2025-10-07 12:15:28]
Berhasil merespon "dariMCU_2309MAS003" : {"respon":[{"id":"16581755","nodevice":"2309MAS003","message":"510","info":"Hanifah Qurotul Ain--TERCATAT! 3 dtk lalu","nokartu":"A3DB2DFF"}]}
Berhasil kirim balasan ke "responServer_2309MAS003"

[2025-10-07 12:15:32]
Menerima pesan dari: dariMCU_2309MAS003 - Pesan: {"nokartu":"632534FF","idchip":"16581755","nodevice":"2309MAS003","key":"1234567890987654321","ipa":"10.10.1.23"}
[2025-10-07 12:15:32]
Berhasil merespon "dariMCU_2309MAS003" : {"respon":[{"id":"16581755","nodevice":"2309MAS003","message":"BMPE","info":"Kireyna Brindarosa Ramadiany--Berhasil Presensi -Mulai-","nokartu":"632534FF"}]}
Berhasil kirim balasan ke "responServer_2309MAS003"

[2025-10-07 12:15:36]
Menerima pesan dari: dariMCU_2309MAS003 - Pesan: {"nokartu":"632534FF","idchip":"16581755","nodevice":"2309MAS003","key":"1234567890987654321","ipa":"10.10.1.23"}
[2025-10-07 12:15:36]
Berhasil merespon "dariMCU_2309MAS003" : {"respon":[{"id":"16581755","nodevice":"2309MAS003","message":"510","info":"Kireyna Brindarosa Ramadiany--TERCATAT! 4 dtk lalu","nokartu":"632534FF"}]}
Berhasil kirim balasan ke "responServer_2309MAS003"

[2025-10-07 12:16:38]
Menerima pesan dari: dariMCU_2309MAS003 - Pesan: {"nokartu":"C1461750","idchip":"16581755","nodevice":"2309MAS003","key":"1234567890987654321","ipa":"10.10.1.23"}
[2025-10-07 12:16:38]
Berhasil merespon "dariMCU_2309MAS003" : {"respon":[{"id":"16581755","nodevice":"2309MAS003","message":"BMPE","info":"Fiyya Salma Humaida--Berhasil Presensi -Mulai-","nokartu":"C1461750"}]}
Berhasil kirim balasan ke "responServer_2309MAS003"

[2025-10-07 12:16:41]
Menerima pesan dari: dariMCU_2309MAS003 - Pesan: {"nokartu":"C1461750","idchip":"16581755","nodevice":"2309MAS003","key":"1234567890987654321","ipa":"10.10.1.23"}
[2025-10-07 12:16:41]
Berhasil merespon "dariMCU_2309MAS003" : {"respon":[{"id":"16581755","nodevice":"2309MAS003","message":"510","info":"Fiyya Salma Humaida--TERCATAT! 3 dtk lalu","nokartu":"C1461750"}]}
Berhasil kirim balasan ke "responServer_2309MAS003"

[2025-10-07 12:16:46]
Menerima pesan dari: dariMCU_2309MAS003 - Pesan: {"nokartu":"C39A6205","idchip":"16581755","nodevice":"2309MAS003","key":"1234567890987654321","ipa":"10.10.1.23"}
[2025-10-07 12:16:46]
Berhasil merespon "dariMCU_2309MAS003" : {"respon":[{"id":"16581755","nodevice":"2309MAS003","message":"BMPE","info":"Icha Dwi Andriani--Berhasil Presensi -Mulai-","nokartu":"C39A6205"}]}
Berhasil kirim balasan ke "responServer_2309MAS003"

[2025-10-07 12:16:50]
Menerima pesan dari: dariMCU_2309MAS003 - Pesan: {"nokartu":"C39A6205","idchip":"16581755","nodevice":"2309MAS003","key":"1234567890987654321","ipa":"10.10.1.23"}
[2025-10-07 12:16:50]
Berhasil merespon "dariMCU_2309MAS003" : {"respon":[{"id":"16581755","nodevice":"2309MAS003","message":"510","info":"Icha Dwi Andriani--TERCATAT! 4 dtk lalu","nokartu":"C39A6205"}]}
Berhasil kirim balasan ke "responServer_2309MAS003"

[2025-10-07 12:16:50]
Menerima pesan dari: dariMCU_2309MAS003 - Pesan: {"nokartu":"E3EEF3E4","idchip":"16581755","nodevice":"2309MAS003","key":"1234567890987654321","ipa":"10.10.1.23"}
[2025-10-07 12:16:50]
Berhasil merespon "dariMCU_2309MAS003" : {"respon":[{"id":"16581755","nodevice":"2309MAS003","message":"BMPE","info":"Bunga Putri Agustina--Berhasil Presensi -Mulai-","nokartu":"E3EEF3E4"}]}
Berhasil kirim balasan ke "responServer_2309MAS003"

[2025-10-07 12:16:55]
Menerima pesan dari: dariMCU_2309MAS003 - Pesan: {"nokartu":"C3081D05","idchip":"16581755","nodevice":"2309MAS003","key":"1234567890987654321","ipa":"10.10.1.23"}
[2025-10-07 12:16:55]
Berhasil merespon "dariMCU_2309MAS003" : {"respon":[{"id":"16581755","nodevice":"2309MAS003","message":"BMPE","info":"Nilna Sakda Aula Anjumi--Berhasil Presensi -Mulai-","nokartu":"C3081D05"}]}
Berhasil kirim balasan ke "responServer_2309MAS003"

[2025-10-07 12:16:59]
Menerima pesan dari: dariMCU_2309MAS003 - Pesan: {"nokartu":"C3081D05","idchip":"16581755","nodevice":"2309MAS003","key":"1234567890987654321","ipa":"10.10.1.23"}
[2025-10-07 12:16:59]
Berhasil merespon "dariMCU_2309MAS003" : {"respon":[{"id":"16581755","nodevice":"2309MAS003","message":"510","info":"Nilna Sakda Aula Anjumi--TERCATAT! 4 dtk lalu","nokartu":"C3081D05"}]}
Berhasil kirim balasan ke "responServer_2309MAS003"

[2025-10-07 12:17:02]
Menerima pesan dari: dariMCU_2309MAS003 - Pesan: {"nokartu":"C3AC23FF","idchip":"16581755","nodevice":"2309MAS003","key":"1234567890987654321","ipa":"10.10.1.23"}
[2025-10-07 12:17:02]
Berhasil merespon "dariMCU_2309MAS003" : {"respon":[{"id":"16581755","nodevice":"2309MAS003","message":"BMPE","info":"Redapa Ardiyansah--Berhasil Presensi -Mulai-","nokartu":"C3AC23FF"}]}
Berhasil kirim balasan ke "responServer_2309MAS003"

[2025-10-07 12:17:06]
Menerima pesan dari: dariMCU_2309MAS003 - Pesan: {"nokartu":"C3AC23FF","idchip":"16581755","nodevice":"2309MAS003","key":"1234567890987654321","ipa":"10.10.1.23"}
[2025-10-07 12:17:06]
Berhasil merespon "dariMCU_2309MAS003" : {"respon":[{"id":"16581755","nodevice":"2309MAS003","message":"510","info":"Redapa Ardiyansah--TERCATAT! 4 dtk lalu","nokartu":"C3AC23FF"}]}
Berhasil kirim balasan ke "responServer_2309MAS003"

[2025-10-07 12:17:07]
Menerima pesan dari: dariMCU_2309MAS003 - Pesan: {"nokartu":"A33632FF","idchip":"16581755","nodevice":"2309MAS003","key":"1234567890987654321","ipa":"10.10.1.23"}
[2025-10-07 12:17:07]
Berhasil merespon "dariMCU_2309MAS003" : {"respon":[{"id":"16581755","nodevice":"2309MAS003","message":"BMPE","info":"Elga Farela--Berhasil Presensi -Mulai-","nokartu":"A33632FF"}]}
Berhasil kirim balasan ke "responServer_2309MAS003"

[2025-10-07 12:17:44]
Menerima pesan dari: dariMCU_2309MAS003 - Pesan: {"nokartu":"C3E615FE","idchip":"16581755","nodevice":"2309MAS003","key":"1234567890987654321","ipa":"10.10.1.23"}
[2025-10-07 12:17:44]
Berhasil merespon "dariMCU_2309MAS003" : {"respon":[{"id":"16581755","nodevice":"2309MAS003","message":"BMPE","info":"Amelia Lasaufa Yardha--Berhasil Presensi -Mulai-","nokartu":"C3E615FE"}]}
Berhasil kirim balasan ke "responServer_2309MAS003"

[2025-10-07 12:17:47]
Menerima pesan dari: dariMCU_2309MAS003 - Pesan: {"nokartu":"C3E615FE","idchip":"16581755","nodevice":"2309MAS003","key":"1234567890987654321","ipa":"10.10.1.23"}
[2025-10-07 12:17:47]
Berhasil merespon "dariMCU_2309MAS003" : {"respon":[{"id":"16581755","nodevice":"2309MAS003","message":"510","info":"Amelia Lasaufa Yardha--TERCATAT! 3 dtk lalu","nokartu":"C3E615FE"}]}
Berhasil kirim balasan ke "responServer_2309MAS003"

[2025-10-07 12:17:48]
Menerima pesan dari: dariMCU_2309MAS003 - Pesan: {"nokartu":"83512FFF","idchip":"16581755","nodevice":"2309MAS003","key":"1234567890987654321","ipa":"10.10.1.23"}
[2025-10-07 12:17:48]
Berhasil merespon "dariMCU_2309MAS003" : {"respon":[{"id":"16581755","nodevice":"2309MAS003","message":"BMPE","info":"Nafrida Noviyanti--Berhasil Presensi -Mulai-","nokartu":"83512FFF"}]}
Berhasil kirim balasan ke "responServer_2309MAS003"

[2025-10-07 12:17:53]
Menerima pesan dari: dariMCU_2309MAS003 - Pesan: {"nokartu":"A32C22FF","idchip":"16581755","nodevice":"2309MAS003","key":"1234567890987654321","ipa":"10.10.1.23"}
[2025-10-07 12:17:53]
Berhasil merespon "dariMCU_2309MAS003" : {"respon":[{"id":"16581755","nodevice":"2309MAS003","message":"BPSE","info":"Nisfa Leilia Rahma--Berhasil Presensi -Selesai-","nokartu":"A32C22FF"}]}
Berhasil kirim balasan ke "responServer_2309MAS003"

[2025-10-07 12:17:56]
Menerima pesan dari: dariMCU_2309MAS003 - Pesan: {"nokartu":"A32C22FF","idchip":"16581755","nodevice":"2309MAS003","key":"1234567890987654321","ipa":"10.10.1.23"}
[2025-10-07 12:17:56]
Berhasil merespon "dariMCU_2309MAS003" : {"respon":[{"id":"16581755","nodevice":"2309MAS003","message":"510","info":"Nisfa Leilia Rahma--TERCATAT! 3 dtk lalu","nokartu":"A32C22FF"}]}
Berhasil kirim balasan ke "responServer_2309MAS003"

[2025-10-07 12:19:01]
Menerima pesan dari: dariMCU_2309MAS003 - Pesan: {"nokartu":"03D0D7E2","idchip":"16581755","nodevice":"2309MAS003","key":"1234567890987654321","ipa":"10.10.1.23"}
[2025-10-07 12:19:01]
Berhasil merespon "dariMCU_2309MAS003" : {"respon":[{"id":"16581755","nodevice":"2309MAS003","message":"BMPE","info":"Putra Fajar Noviyanto--Berhasil Presensi -Mulai-","nokartu":"03D0D7E2"}]}
Berhasil kirim balasan ke "responServer_2309MAS003"

[2025-10-07 12:19:04]
Menerima pesan dari: dariMCU_2309MAS003 - Pesan: {"nokartu":"AA04B889","idchip":"16581755","nodevice":"2309MAS003","key":"1234567890987654321","ipa":"10.10.1.23"}
[2025-10-07 12:19:04]
Berhasil merespon "dariMCU_2309MAS003" : {"respon":[{"id":"16581755","nodevice":"2309MAS003","message":"BMPE","info":"Lanang Kaloka Tata Ulama--Berhasil Presensi -Mulai-","nokartu":"AA04B889"}]}
Berhasil kirim balasan ke "responServer_2309MAS003"

[2025-10-07 12:19:08]
Menerima pesan dari: dariMCU_2309MAS003 - Pesan: {"nokartu":"AA04B889","idchip":"16581755","nodevice":"2309MAS003","key":"1234567890987654321","ipa":"10.10.1.23"}
[2025-10-07 12:19:08]
Berhasil merespon "dariMCU_2309MAS003" : {"respon":[{"id":"16581755","nodevice":"2309MAS003","message":"510","info":"Lanang Kaloka Tata Ulama--TERCATAT! 4 dtk lalu","nokartu":"AA04B889"}]}
Berhasil kirim balasan ke "responServer_2309MAS003"

[2025-10-07 12:19:12]
Menerima pesan dari: dariMCU_2309MAS003 - Pesan: {"nokartu":"636D7305","idchip":"16581755","nodevice":"2309MAS003","key":"1234567890987654321","ipa":"10.10.1.23"}
[2025-10-07 12:19:12]
Berhasil merespon "dariMCU_2309MAS003" : {"respon":[{"id":"16581755","nodevice":"2309MAS003","message":"BMPE","info":"Sasetyo--Berhasil Presensi -Mulai-","nokartu":"636D7305"}]}
Berhasil kirim balasan ke "responServer_2309MAS003"

[2025-10-07 12:19:15]
Menerima pesan dari: dariMCU_2309MAS003 - Pesan: {"nokartu":"13EB7505","idchip":"16581755","nodevice":"2309MAS003","key":"1234567890987654321","ipa":"10.10.1.23"}
[2025-10-07 12:19:15]
Berhasil merespon "dariMCU_2309MAS003" : {"respon":[{"id":"16581755","nodevice":"2309MAS003","message":"BMPE","info":"Agus Setiawan--Berhasil Presensi -Mulai-","nokartu":"13EB7505"}]}
Berhasil kirim balasan ke "responServer_2309MAS003"

[2025-10-07 12:19:19]
Menerima pesan dari: dariMCU_2309MAS003 - Pesan: {"nokartu":"13EB7505","idchip":"16581755","nodevice":"2309MAS003","key":"1234567890987654321","ipa":"10.10.1.23"}
[2025-10-07 12:19:19]
Berhasil merespon "dariMCU_2309MAS003" : {"respon":[{"id":"16581755","nodevice":"2309MAS003","message":"510","info":"Agus Setiawan--TERCATAT! 4 dtk lalu","nokartu":"13EB7505"}]}
Berhasil kirim balasan ke "responServer_2309MAS003"

[2025-10-07 12:19:24]
Menerima pesan dari: dariMCU_2309MAS003 - Pesan: {"nokartu":"83EC7605","idchip":"16581755","nodevice":"2309MAS003","key":"1234567890987654321","ipa":"10.10.1.23"}
[2025-10-07 12:19:24]
Berhasil merespon "dariMCU_2309MAS003" : {"respon":[{"id":"16581755","nodevice":"2309MAS003","message":"BMPE","info":"Rahmatullah Ramadani--Berhasil Presensi -Mulai-","nokartu":"83EC7605"}]}
Berhasil kirim balasan ke "responServer_2309MAS003"

[2025-10-07 12:19:27]
Menerima pesan dari: dariMCU_2309MAS003 - Pesan: {"nokartu":"535A22FF","idchip":"16581755","nodevice":"2309MAS003","key":"1234567890987654321","ipa":"10.10.1.23"}
[2025-10-07 12:19:27]
Berhasil merespon "dariMCU_2309MAS003" : {"respon":[{"id":"16581755","nodevice":"2309MAS003","message":"BMPE","info":"Ramadhani Saputra--Berhasil Presensi -Mulai-","nokartu":"535A22FF"}]}
Berhasil kirim balasan ke "responServer_2309MAS003"

[2025-10-07 12:19:30]
Menerima pesan dari: dariMCU_2309MAS003 - Pesan: {"nokartu":"535A22FF","idchip":"16581755","nodevice":"2309MAS003","key":"1234567890987654321","ipa":"10.10.1.23"}
[2025-10-07 12:19:30]
Berhasil merespon "dariMCU_2309MAS003" : {"respon":[{"id":"16581755","nodevice":"2309MAS003","message":"510","info":"Ramadhani Saputra--TERCATAT! 3 dtk lalu","nokartu":"535A22FF"}]}
Berhasil kirim balasan ke "responServer_2309MAS003"

[2025-10-07 12:19:34]
Menerima pesan dari: dariMCU_2309MAS003 - Pesan: {"nokartu":"132634FF","idchip":"16581755","nodevice":"2309MAS003","key":"1234567890987654321","ipa":"10.10.1.23"}
[2025-10-07 12:19:34]
Berhasil merespon "dariMCU_2309MAS003" : {"respon":[{"id":"16581755","nodevice":"2309MAS003","message":"BMPE","info":"Aqila Ferdian Pratama--Berhasil Presensi -Mulai-","nokartu":"132634FF"}]}
Berhasil kirim balasan ke "responServer_2309MAS003"

[2025-10-07 12:19:38]
Menerima pesan dari: dariMCU_2309MAS003 - Pesan: {"nokartu":"132634FF","idchip":"16581755","nodevice":"2309MAS003","key":"1234567890987654321","ipa":"10.10.1.23"}
[2025-10-07 12:19:38]
Berhasil merespon "dariMCU_2309MAS003" : {"respon":[{"id":"16581755","nodevice":"2309MAS003","message":"510","info":"Aqila Ferdian Pratama--TERCATAT! 4 dtk lalu","nokartu":"132634FF"}]}
Berhasil kirim balasan ke "responServer_2309MAS003"

[2025-10-07 12:19:39]
Menerima pesan dari: dariMCU_2309MAS003 - Pesan: {"nokartu":"D37C33FF","idchip":"16581755","nodevice":"2309MAS003","key":"1234567890987654321","ipa":"10.10.1.23"}
[2025-10-07 12:19:39]
Berhasil merespon "dariMCU_2309MAS003" : {"respon":[{"id":"16581755","nodevice":"2309MAS003","message":"BMPE","info":"Bagas Pramudya--Berhasil Presensi -Mulai-","nokartu":"D37C33FF"}]}
Berhasil kirim balasan ke "responServer_2309MAS003"

[2025-10-07 12:19:44]
Menerima pesan dari: dariMCU_2309MAS003 - Pesan: {"nokartu":"B30123FF","idchip":"16581755","nodevice":"2309MAS003","key":"1234567890987654321","ipa":"10.10.1.23"}
[2025-10-07 12:19:44]
Berhasil merespon "dariMCU_2309MAS003" : {"respon":[{"id":"16581755","nodevice":"2309MAS003","message":"BMPE","info":"Raysha Novasera--Berhasil Presensi -Mulai-","nokartu":"B30123FF"}]}
Berhasil kirim balasan ke "responServer_2309MAS003"

[2025-10-07 12:19:47]
Menerima pesan dari: dariMCU_2309MAS003 - Pesan: {"nokartu":"B30123FF","idchip":"16581755","nodevice":"2309MAS003","key":"1234567890987654321","ipa":"10.10.1.23"}
[2025-10-07 12:19:47]
Berhasil merespon "dariMCU_2309MAS003" : {"respon":[{"id":"16581755","nodevice":"2309MAS003","message":"510","info":"Raysha Novasera--TERCATAT! 3 dtk lalu","nokartu":"B30123FF"}]}
Berhasil kirim balasan ke "responServer_2309MAS003"

[2025-10-07 12:21:40]
Menerima pesan dari: dariMCU_2309MAS003 - Pesan: {"nokartu":"831934FF","idchip":"16581755","nodevice":"2309MAS003","key":"1234567890987654321","ipa":"10.10.1.23"}
[2025-10-07 12:21:40]
Berhasil merespon "dariMCU_2309MAS003" : {"respon":[{"id":"16581755","nodevice":"2309MAS003","message":"BMPE","info":"Nadya Rizka Safitri--Berhasil Presensi -Mulai-","nokartu":"831934FF"}]}
Berhasil kirim balasan ke "responServer_2309MAS003"

[2025-10-07 12:21:44]
Menerima pesan dari: dariMCU_2309MAS003 - Pesan: {"nokartu":"831934FF","idchip":"16581755","nodevice":"2309MAS003","key":"1234567890987654321","ipa":"10.10.1.23"}
[2025-10-07 12:21:44]
Berhasil merespon "dariMCU_2309MAS003" : {"respon":[{"id":"16581755","nodevice":"2309MAS003","message":"510","info":"Nadya Rizka Safitri--TERCATAT! 4 dtk lalu","nokartu":"831934FF"}]}
Berhasil kirim balasan ke "responServer_2309MAS003"

[2025-10-07 12:21:49]
Menerima pesan dari: dariMCU_2309MAS003 - Pesan: {"nokartu":"C3962FFF","idchip":"16581755","nodevice":"2309MAS003","key":"1234567890987654321","ipa":"10.10.1.23"}
[2025-10-07 12:21:49]
Berhasil merespon "dariMCU_2309MAS003" : {"respon":[{"id":"16581755","nodevice":"2309MAS003","message":"BMPE","info":"Ahmad Riva i--Berhasil Presensi -Mulai-","nokartu":"C3962FFF"}]}
Berhasil kirim balasan ke "responServer_2309MAS003"

[2025-10-07 12:21:50]
Menerima pesan dari: dariMCU_2309MAS003 - Pesan: {"nokartu":"23A521FF","idchip":"16581755","nodevice":"2309MAS003","key":"1234567890987654321","ipa":"10.10.1.23"}
[2025-10-07 12:21:50]
Berhasil merespon "dariMCU_2309MAS003" : {"respon":[{"id":"16581755","nodevice":"2309MAS003","message":"BMPE","info":"Rohim Rahmat Dani--Berhasil Presensi -Mulai-","nokartu":"23A521FF"}]}
Berhasil kirim balasan ke "responServer_2309MAS003"

[2025-10-07 12:21:55]
Menerima pesan dari: dariMCU_2309MAS003 - Pesan: {"nokartu":"C3962FFF","idchip":"16581755","nodevice":"2309MAS003","key":"1234567890987654321","ipa":"10.10.1.23"}
[2025-10-07 12:21:55]
Berhasil merespon "dariMCU_2309MAS003" : {"respon":[{"id":"16581755","nodevice":"2309MAS003","message":"510","info":"Ahmad Riva i--TERCATAT! 6 dtk lalu","nokartu":"C3962FFF"}]}
Berhasil kirim balasan ke "responServer_2309MAS003"

[2025-10-07 12:21:59]
Menerima pesan dari: dariMCU_2309MAS003 - Pesan: {"nokartu":"C19A8250","idchip":"16581755","nodevice":"2309MAS003","key":"1234567890987654321","ipa":"10.10.1.23"}
[2025-10-07 12:21:59]
Berhasil merespon "dariMCU_2309MAS003" : {"respon":[{"id":"16581755","nodevice":"2309MAS003","message":"BMPE","info":"Allissa Aswa Syahira--Berhasil Presensi -Mulai-","nokartu":"C19A8250"}]}
Berhasil kirim balasan ke "responServer_2309MAS003"

[2025-10-07 12:22:00]
Menerima pesan dari: dariMCU_2309MAS003 - Pesan: {"nokartu":"C19A8250","idchip":"16581755","nodevice":"2309MAS003","key":"1234567890987654321","ipa":"10.10.1.23"}
[2025-10-07 12:22:00]
Berhasil merespon "dariMCU_2309MAS003" : {"respon":[{"id":"16581755","nodevice":"2309MAS003","message":"510","info":"Allissa Aswa Syahira--TERCATAT! 1 dtk lalu","nokartu":"C19A8250"}]}
Berhasil kirim balasan ke "responServer_2309MAS003"

[2025-10-07 12:22:03]
Menerima pesan dari: dariMCU_2309MAS003 - Pesan: {"nokartu":"C19A8250","idchip":"16581755","nodevice":"2309MAS003","key":"1234567890987654321","ipa":"10.10.1.23"}
[2025-10-07 12:22:03]
Berhasil merespon "dariMCU_2309MAS003" : {"respon":[{"id":"16581755","nodevice":"2309MAS003","message":"510","info":"Allissa Aswa Syahira--TERCATAT! 4 dtk lalu","nokartu":"C19A8250"}]}
Berhasil kirim balasan ke "responServer_2309MAS003"

[2025-10-07 12:22:15]
Menerima pesan dari: dariMCU_2309MAS003 - Pesan: {"nokartu":"935705FE","idchip":"16581755","nodevice":"2309MAS003","key":"1234567890987654321","ipa":"10.10.1.23"}
[2025-10-07 12:22:15]
Berhasil merespon "dariMCU_2309MAS003" : {"respon":[{"id":"16581755","nodevice":"2309MAS003","message":"BMPE","info":"Shafa Az Zahra--Berhasil Presensi -Mulai-","nokartu":"935705FE"}]}
Berhasil kirim balasan ke "responServer_2309MAS003"

[2025-10-07 12:22:18]
Menerima pesan dari: dariMCU_2309MAS003 - Pesan: {"nokartu":"935705FE","idchip":"16581755","nodevice":"2309MAS003","key":"1234567890987654321","ipa":"10.10.1.23"}
[2025-10-07 12:22:18]
Berhasil merespon "dariMCU_2309MAS003" : {"respon":[{"id":"16581755","nodevice":"2309MAS003","message":"510","info":"Shafa Az Zahra--TERCATAT! 3 dtk lalu","nokartu":"935705FE"}]}
Berhasil kirim balasan ke "responServer_2309MAS003"

[2025-10-07 12:22:24]
Menerima pesan dari: dariMCU_2309MAS003 - Pesan: {"nokartu":"930E22FF","idchip":"16581755","nodevice":"2309MAS003","key":"1234567890987654321","ipa":"10.10.1.23"}
[2025-10-07 12:22:24]
Berhasil merespon "dariMCU_2309MAS003" : {"respon":[{"id":"16581755","nodevice":"2309MAS003","message":"BMPE","info":"Nafila Azahro--Berhasil Presensi -Mulai-","nokartu":"930E22FF"}]}
Berhasil kirim balasan ke "responServer_2309MAS003"

[2025-10-07 12:22:27]
Menerima pesan dari: dariMCU_2309MAS003 - Pesan: {"nokartu":"930E22FF","idchip":"16581755","nodevice":"2309MAS003","key":"1234567890987654321","ipa":"10.10.1.23"}
[2025-10-07 12:22:27]
Berhasil merespon "dariMCU_2309MAS003" : {"respon":[{"id":"16581755","nodevice":"2309MAS003","message":"510","info":"Nafila Azahro--TERCATAT! 3 dtk lalu","nokartu":"930E22FF"}]}
Berhasil kirim balasan ke "responServer_2309MAS003"

[2025-10-07 12:22:28]
Menerima pesan dari: dariMCU_2309MAS003 - Pesan: {"nokartu":"930E22FF","idchip":"16581755","nodevice":"2309MAS003","key":"1234567890987654321","ipa":"10.10.1.23"}
[2025-10-07 12:22:28]
Berhasil merespon "dariMCU_2309MAS003" : {"respon":[{"id":"16581755","nodevice":"2309MAS003","message":"510","info":"Nafila Azahro--TERCATAT! 4 dtk lalu","nokartu":"930E22FF"}]}
Berhasil kirim balasan ke "responServer_2309MAS003"

[2025-10-07 12:22:32]
Menerima pesan dari: dariMCU_2309MAS003 - Pesan: {"nokartu":"53802FFF","idchip":"16581755","nodevice":"2309MAS003","key":"1234567890987654321","ipa":"10.10.1.23"}
[2025-10-07 12:22:32]
Berhasil merespon "dariMCU_2309MAS003" : {"respon":[{"id":"16581755","nodevice":"2309MAS003","message":"BMPE","info":"Fatimatuzzahro--Berhasil Presensi -Mulai-","nokartu":"53802FFF"}]}
Berhasil kirim balasan ke "responServer_2309MAS003"

[2025-10-07 12:22:36]
Menerima pesan dari: dariMCU_2309MAS003 - Pesan: {"nokartu":"53802FFF","idchip":"16581755","nodevice":"2309MAS003","key":"1234567890987654321","ipa":"10.10.1.23"}
[2025-10-07 12:22:36]
Berhasil merespon "dariMCU_2309MAS003" : {"respon":[{"id":"16581755","nodevice":"2309MAS003","message":"510","info":"Fatimatuzzahro--TERCATAT! 4 dtk lalu","nokartu":"53802FFF"}]}
Berhasil kirim balasan ke "responServer_2309MAS003"

[2025-10-07 12:22:39]
Menerima pesan dari: dariMCU_2309MAS003 - Pesan: {"nokartu":"53802FFF","idchip":"16581755","nodevice":"2309MAS003","key":"1234567890987654321","ipa":"10.10.1.23"}
[2025-10-07 12:22:39]
Berhasil merespon "dariMCU_2309MAS003" : {"respon":[{"id":"16581755","nodevice":"2309MAS003","message":"510","info":"Fatimatuzzahro--TERCATAT! 7 dtk lalu","nokartu":"53802FFF"}]}
Berhasil kirim balasan ke "responServer_2309MAS003"

[2025-10-07 12:22:40]
Menerima pesan dari: dariMCU_2309MAS003 - Pesan: {"nokartu":"53E415FF","idchip":"16581755","nodevice":"2309MAS003","key":"1234567890987654321","ipa":"10.10.1.23"}
[2025-10-07 12:22:40]
Berhasil merespon "dariMCU_2309MAS003" : {"respon":[{"id":"16581755","nodevice":"2309MAS003","message":"BMPE","info":"Arta Widyasari--Berhasil Presensi -Mulai-","nokartu":"53E415FF"}]}
Berhasil kirim balasan ke "responServer_2309MAS003"

[2025-10-07 12:22:44]
Menerima pesan dari: dariMCU_2309MAS003 - Pesan: {"nokartu":"53E415FF","idchip":"16581755","nodevice":"2309MAS003","key":"1234567890987654321","ipa":"10.10.1.23"}
[2025-10-07 12:22:44]
Berhasil merespon "dariMCU_2309MAS003" : {"respon":[{"id":"16581755","nodevice":"2309MAS003","message":"510","info":"Arta Widyasari--TERCATAT! 4 dtk lalu","nokartu":"53E415FF"}]}
Berhasil kirim balasan ke "responServer_2309MAS003"

[2025-10-07 12:22:48]
Menerima pesan dari: dariMCU_2309MAS003 - Pesan: {"nokartu":"53E415FF","idchip":"16581755","nodevice":"2309MAS003","key":"1234567890987654321","ipa":"10.10.1.23"}
[2025-10-07 12:22:48]
Berhasil merespon "dariMCU_2309MAS003" : {"respon":[{"id":"16581755","nodevice":"2309MAS003","message":"510","info":"Arta Widyasari--TERCATAT! 8 dtk lalu","nokartu":"53E415FF"}]}
Berhasil kirim balasan ke "responServer_2309MAS003"

[2025-10-07 12:22:49]
Menerima pesan dari: dariMCU_2309MAS003 - Pesan: {"nokartu":"933E24FF","idchip":"16581755","nodevice":"2309MAS003","key":"1234567890987654321","ipa":"10.10.1.23"}
[2025-10-07 12:22:49]
Berhasil merespon "dariMCU_2309MAS003" : {"respon":[{"id":"16581755","nodevice":"2309MAS003","message":"BMPE","info":"Dhecha Aprillea Nadine--Berhasil Presensi -Mulai-","nokartu":"933E24FF"}]}
Berhasil kirim balasan ke "responServer_2309MAS003"

[2025-10-07 12:22:52]
Menerima pesan dari: dariMCU_2309MAS003 - Pesan: {"nokartu":"933E24FF","idchip":"16581755","nodevice":"2309MAS003","key":"1234567890987654321","ipa":"10.10.1.23"}
[2025-10-07 12:22:52]
Berhasil merespon "dariMCU_2309MAS003" : {"respon":[{"id":"16581755","nodevice":"2309MAS003","message":"510","info":"Dhecha Aprillea Nadine--TERCATAT! 3 dtk lalu","nokartu":"933E24FF"}]}
Berhasil kirim balasan ke "responServer_2309MAS003"

[2025-10-07 12:22:56]
Menerima pesan dari: dariMCU_2309MAS003 - Pesan: {"nokartu":"933E24FF","idchip":"16581755","nodevice":"2309MAS003","key":"1234567890987654321","ipa":"10.10.1.23"}
[2025-10-07 12:22:56]
Berhasil merespon "dariMCU_2309MAS003" : {"respon":[{"id":"16581755","nodevice":"2309MAS003","message":"510","info":"Dhecha Aprillea Nadine--TERCATAT! 7 dtk lalu","nokartu":"933E24FF"}]}
Berhasil kirim balasan ke "responServer_2309MAS003"

[2025-10-07 12:23:01]
Menerima pesan dari: dariMCU_2309MAS003 - Pesan: {"nokartu":"23542FFF","idchip":"16581755","nodevice":"2309MAS003","key":"1234567890987654321","ipa":"10.10.1.23"}
[2025-10-07 12:23:01]
Berhasil merespon "dariMCU_2309MAS003" : {"respon":[{"id":"16581755","nodevice":"2309MAS003","message":"BMPE","info":"Devia Lovita Artika--Berhasil Presensi -Mulai-","nokartu":"23542FFF"}]}
Berhasil kirim balasan ke "responServer_2309MAS003"

[2025-10-07 12:23:04]
Menerima pesan dari: dariMCU_2309MAS003 - Pesan: {"nokartu":"23542FFF","idchip":"16581755","nodevice":"2309MAS003","key":"1234567890987654321","ipa":"10.10.1.23"}
[2025-10-07 12:23:04]
Berhasil merespon "dariMCU_2309MAS003" : {"respon":[{"id":"16581755","nodevice":"2309MAS003","message":"510","info":"Devia Lovita Artika--TERCATAT! 3 dtk lalu","nokartu":"23542FFF"}]}
Berhasil kirim balasan ke "responServer_2309MAS003"

[2025-10-07 12:23:08]
Menerima pesan dari: dariMCU_2309MAS003 - Pesan: {"nokartu":"A39411FE","idchip":"16581755","nodevice":"2309MAS003","key":"1234567890987654321","ipa":"10.10.1.23"}
[2025-10-07 12:23:08]
Berhasil merespon "dariMCU_2309MAS003" : {"respon":[{"id":"16581755","nodevice":"2309MAS003","message":"BMPE","info":"Anzilna Qilada Bilaura--Berhasil Presensi -Mulai-","nokartu":"A39411FE"}]}
Berhasil kirim balasan ke "responServer_2309MAS003"

[2025-10-07 12:23:09]
Menerima pesan dari: dariMCU_2309MAS003 - Pesan: {"nokartu":"A39411FE","idchip":"16581755","nodevice":"2309MAS003","key":"1234567890987654321","ipa":"10.10.1.23"}
[2025-10-07 12:23:09]
Berhasil merespon "dariMCU_2309MAS003" : {"respon":[{"id":"16581755","nodevice":"2309MAS003","message":"510","info":"Anzilna Qilada Bilaura--TERCATAT! 1 dtk lalu","nokartu":"A39411FE"}]}
Berhasil kirim balasan ke "responServer_2309MAS003"

[2025-10-07 12:23:14]
Menerima pesan dari: dariMCU_2309MAS003 - Pesan: {"nokartu":"93DD12FE","idchip":"16581755","nodevice":"2309MAS003","key":"1234567890987654321","ipa":"10.10.1.23"}
[2025-10-07 12:23:14]
Berhasil merespon "dariMCU_2309MAS003" : {"respon":[{"id":"16581755","nodevice":"2309MAS003","message":"BMPE","info":"Wahidatul Hasanah--Berhasil Presensi -Mulai-","nokartu":"93DD12FE"}]}
Berhasil kirim balasan ke "responServer_2309MAS003"

[2025-10-07 12:23:21]
Menerima pesan dari: dariMCU_2309MAS003 - Pesan: {"nokartu":"034C09FE","idchip":"16581755","nodevice":"2309MAS003","key":"1234567890987654321","ipa":"10.10.1.23"}
[2025-10-07 12:23:21]
Berhasil merespon "dariMCU_2309MAS003" : {"respon":[{"id":"16581755","nodevice":"2309MAS003","message":"BMPE","info":"Rifqi Umayah--Berhasil Presensi -Mulai-","nokartu":"034C09FE"}]}
Berhasil kirim balasan ke "responServer_2309MAS003"

[2025-10-07 12:23:24]
Menerima pesan dari: dariMCU_2309MAS003 - Pesan: {"nokartu":"034C09FE","idchip":"16581755","nodevice":"2309MAS003","key":"1234567890987654321","ipa":"10.10.1.23"}
[2025-10-07 12:23:24]
Berhasil merespon "dariMCU_2309MAS003" : {"respon":[{"id":"16581755","nodevice":"2309MAS003","message":"510","info":"Rifqi Umayah--TERCATAT! 3 dtk lalu","nokartu":"034C09FE"}]}
Berhasil kirim balasan ke "responServer_2309MAS003"

[2025-10-07 12:23:25]
Menerima pesan dari: dariMCU_2309MAS003 - Pesan: {"nokartu":"43F833FF","idchip":"16581755","nodevice":"2309MAS003","key":"1234567890987654321","ipa":"10.10.1.23"}
[2025-10-07 12:23:25]
Berhasil merespon "dariMCU_2309MAS003" : {"respon":[{"id":"16581755","nodevice":"2309MAS003","message":"BMPE","info":"Hartiningsih--Berhasil Presensi -Mulai-","nokartu":"43F833FF"}]}
Berhasil kirim balasan ke "responServer_2309MAS003"

[2025-10-07 12:23:29]
Menerima pesan dari: dariMCU_2309MAS003 - Pesan: {"nokartu":"C3BB21FF","idchip":"16581755","nodevice":"2309MAS003","key":"1234567890987654321","ipa":"10.10.1.23"}
[2025-10-07 12:23:29]
Berhasil merespon "dariMCU_2309MAS003" : {"respon":[{"id":"16581755","nodevice":"2309MAS003","message":"BMPE","info":"Nathania Cesya Salsabila--Berhasil Presensi -Mulai-","nokartu":"C3BB21FF"}]}
Berhasil kirim balasan ke "responServer_2309MAS003"

[2025-10-07 12:23:30]
Menerima pesan dari: dariMCU_2309MAS003 - Pesan: {"nokartu":"C3BB21FF","idchip":"16581755","nodevice":"2309MAS003","key":"1234567890987654321","ipa":"10.10.1.23"}
[2025-10-07 12:23:30]
Berhasil merespon "dariMCU_2309MAS003" : {"respon":[{"id":"16581755","nodevice":"2309MAS003","message":"510","info":"Nathania Cesya Salsabila--TERCATAT! 1 dtk lalu","nokartu":"C3BB21FF"}]}
Berhasil kirim balasan ke "responServer_2309MAS003"

[2025-10-07 12:23:33]
Menerima pesan dari: dariMCU_2309MAS003 - Pesan: {"nokartu":"E3F232FF","idchip":"16581755","nodevice":"2309MAS003","key":"1234567890987654321","ipa":"10.10.1.23"}
[2025-10-07 12:23:33]
Berhasil merespon "dariMCU_2309MAS003" : {"respon":[{"id":"16581755","nodevice":"2309MAS003","message":"BMPE","info":"Fita Ayu Ananta--Berhasil Presensi -Mulai-","nokartu":"E3F232FF"}]}
Berhasil kirim balasan ke "responServer_2309MAS003"

[2025-10-07 12:23:34]
Menerima pesan dari: dariMCU_2309MAS003 - Pesan: {"nokartu":"C3BB21FF","idchip":"16581755","nodevice":"2309MAS003","key":"1234567890987654321","ipa":"10.10.1.23"}
[2025-10-07 12:23:34]
Berhasil merespon "dariMCU_2309MAS003" : {"respon":[{"id":"16581755","nodevice":"2309MAS003","message":"510","info":"Nathania Cesya Salsabila--TERCATAT! 5 dtk lalu","nokartu":"C3BB21FF"}]}
Berhasil kirim balasan ke "responServer_2309MAS003"

[2025-10-07 12:23:37]
Menerima pesan dari: dariMCU_2309MAS003 - Pesan: {"nokartu":"E3F232FF","idchip":"16581755","nodevice":"2309MAS003","key":"1234567890987654321","ipa":"10.10.1.23"}
[2025-10-07 12:23:37]
Berhasil merespon "dariMCU_2309MAS003" : {"respon":[{"id":"16581755","nodevice":"2309MAS003","message":"510","info":"Fita Ayu Ananta--TERCATAT! 4 dtk lalu","nokartu":"E3F232FF"}]}
Berhasil kirim balasan ke "responServer_2309MAS003"

[2025-10-07 12:23:41]
Menerima pesan dari: dariMCU_2309MAS003 - Pesan: {"nokartu":"E3F232FF","idchip":"16581755","nodevice":"2309MAS003","key":"1234567890987654321","ipa":"10.10.1.23"}
[2025-10-07 12:23:41]
Berhasil merespon "dariMCU_2309MAS003" : {"respon":[{"id":"16581755","nodevice":"2309MAS003","message":"510","info":"Fita Ayu Ananta--TERCATAT! 8 dtk lalu","nokartu":"E3F232FF"}]}
Berhasil kirim balasan ke "responServer_2309MAS003"

[2025-10-07 12:23:45]
Menerima pesan dari: dariMCU_2309MAS003 - Pesan: {"nokartu":"E3F232FF","idchip":"16581755","nodevice":"2309MAS003","key":"1234567890987654321","ipa":"10.10.1.23"}
[2025-10-07 12:23:45]
Berhasil merespon "dariMCU_2309MAS003" : {"respon":[{"id":"16581755","nodevice":"2309MAS003","message":"510","info":"Fita Ayu Ananta--TERCATAT! 12 dtk lalu","nokartu":"E3F232FF"}]}
Berhasil kirim balasan ke "responServer_2309MAS003"

[2025-10-07 12:23:48]
Menerima pesan dari: dariMCU_2309MAS003 - Pesan: {"nokartu":"E3F232FF","idchip":"16581755","nodevice":"2309MAS003","key":"1234567890987654321","ipa":"10.10.1.23"}
[2025-10-07 12:23:48]
Berhasil merespon "dariMCU_2309MAS003" : {"respon":[{"id":"16581755","nodevice":"2309MAS003","message":"510","info":"Fita Ayu Ananta--TERCATAT! 15 dtk lalu","nokartu":"E3F232FF"}]}
Berhasil kirim balasan ke "responServer_2309MAS003"

[2025-10-07 12:23:49]
Menerima pesan dari: dariMCU_2309MAS003 - Pesan: {"nokartu":"037E24FF","idchip":"16581755","nodevice":"2309MAS003","key":"1234567890987654321","ipa":"10.10.1.23"}
[2025-10-07 12:23:49]
Berhasil merespon "dariMCU_2309MAS003" : {"respon":[{"id":"16581755","nodevice":"2309MAS003","message":"BMPE","info":"Alisya Desti Maharani--Berhasil Presensi -Mulai-","nokartu":"037E24FF"}]}
Berhasil kirim balasan ke "responServer_2309MAS003"

[2025-10-07 12:23:56]
Menerima pesan dari: dariMCU_2309MAS003 - Pesan: {"nokartu":"037E24FF","idchip":"16581755","nodevice":"2309MAS003","key":"1234567890987654321","ipa":"10.10.1.23"}
[2025-10-07 12:23:56]
Berhasil merespon "dariMCU_2309MAS003" : {"respon":[{"id":"16581755","nodevice":"2309MAS003","message":"510","info":"Alisya Desti Maharani--TERCATAT! 7 dtk lalu","nokartu":"037E24FF"}]}
Berhasil kirim balasan ke "responServer_2309MAS003"

[2025-10-07 12:23:57]
Menerima pesan dari: dariMCU_2309MAS003 - Pesan: {"nokartu":"037E24FF","idchip":"16581755","nodevice":"2309MAS003","key":"1234567890987654321","ipa":"10.10.1.23"}
[2025-10-07 12:23:57]
Berhasil merespon "dariMCU_2309MAS003" : {"respon":[{"id":"16581755","nodevice":"2309MAS003","message":"510","info":"Alisya Desti Maharani--TERCATAT! 8 dtk lalu","nokartu":"037E24FF"}]}
Berhasil kirim balasan ke "responServer_2309MAS003"

[2025-10-07 12:25:11]
Menerima pesan dari: dariMCU_2309MAS003 - Pesan: {"nokartu":"136C6A05","idchip":"16581755","nodevice":"2309MAS003","key":"1234567890987654321","ipa":"10.10.1.23"}
[2025-10-07 12:25:11]
Berhasil merespon "dariMCU_2309MAS003" : {"respon":[{"id":"16581755","nodevice":"2309MAS003","message":"BMPE","info":"Muhammad Bintang Santoso--Berhasil Presensi -Mulai-","nokartu":"136C6A05"}]}
Berhasil kirim balasan ke "responServer_2309MAS003"

[2025-10-07 12:25:15]
Menerima pesan dari: dariMCU_2309MAS003 - Pesan: {"nokartu":"136C6A05","idchip":"16581755","nodevice":"2309MAS003","key":"1234567890987654321","ipa":"10.10.1.23"}
[2025-10-07 12:25:15]
Berhasil merespon "dariMCU_2309MAS003" : {"respon":[{"id":"16581755","nodevice":"2309MAS003","message":"510","info":"Muhammad Bintang Santoso--TERCATAT! 4 dtk lalu","nokartu":"136C6A05"}]}
Berhasil kirim balasan ke "responServer_2309MAS003"

[2025-10-07 12:25:16]
Menerima pesan dari: dariMCU_2309MAS003 - Pesan: {"nokartu":"136C6A05","idchip":"16581755","nodevice":"2309MAS003","key":"1234567890987654321","ipa":"10.10.1.23"}
[2025-10-07 12:25:16]
Berhasil merespon "dariMCU_2309MAS003" : {"respon":[{"id":"16581755","nodevice":"2309MAS003","message":"510","info":"Muhammad Bintang Santoso--TERCATAT! 5 dtk lalu","nokartu":"136C6A05"}]}
Berhasil kirim balasan ke "responServer_2309MAS003"

[2025-10-07 12:25:19]
Menerima pesan dari: dariMCU_2309MAS003 - Pesan: {"nokartu":"AA04B889","idchip":"16581755","nodevice":"2309MAS003","key":"1234567890987654321","ipa":"10.10.1.23"}
[2025-10-07 12:25:19]
Berhasil merespon "dariMCU_2309MAS003" : {"respon":[{"id":"16581755","nodevice":"2309MAS003","message":"BPSE","info":"Lanang Kaloka Tata Ulama--Berhasil Presensi -Selesai-","nokartu":"AA04B889"}]}
Berhasil kirim balasan ke "responServer_2309MAS003"

[2025-10-07 12:25:23]
Menerima pesan dari: dariMCU_2309MAS003 - Pesan: {"nokartu":"AA04B889","idchip":"16581755","nodevice":"2309MAS003","key":"1234567890987654321","ipa":"10.10.1.23"}
[2025-10-07 12:25:23]
Berhasil merespon "dariMCU_2309MAS003" : {"respon":[{"id":"16581755","nodevice":"2309MAS003","message":"510","info":"Lanang Kaloka Tata Ulama--TERCATAT! 4 dtk lalu","nokartu":"AA04B889"}]}
Berhasil kirim balasan ke "responServer_2309MAS003"

[2025-10-07 12:25:30]
Menerima pesan dari: dariMCU_2309MAS003 - Pesan: {"nokartu":"AA04B889","idchip":"16581755","nodevice":"2309MAS003","key":"1234567890987654321","ipa":"10.10.1.23"}
[2025-10-07 12:25:30]
Berhasil merespon "dariMCU_2309MAS003" : {"respon":[{"id":"16581755","nodevice":"2309MAS003","message":"510","info":"Lanang Kaloka Tata Ulama--TERCATAT! 11 dtk lalu","nokartu":"AA04B889"}]}
Berhasil kirim balasan ke "responServer_2309MAS003"

[2025-10-07 12:25:31]
Menerima pesan dari: dariMCU_2309MAS003 - Pesan: {"nokartu":"AA04B889","idchip":"16581755","nodevice":"2309MAS003","key":"1234567890987654321","ipa":"10.10.1.23"}
[2025-10-07 12:25:31]
Berhasil merespon "dariMCU_2309MAS003" : {"respon":[{"id":"16581755","nodevice":"2309MAS003","message":"510","info":"Lanang Kaloka Tata Ulama--TERCATAT! 12 dtk lalu","nokartu":"AA04B889"}]}
Berhasil kirim balasan ke "responServer_2309MAS003"

[2025-10-07 12:25:35]
Menerima pesan dari: dariMCU_2309MAS003 - Pesan: {"nokartu":"136C6A05","idchip":"16581755","nodevice":"2309MAS003","key":"1234567890987654321","ipa":"10.10.1.23"}
[2025-10-07 12:25:35]
Berhasil merespon "dariMCU_2309MAS003" : {"respon":[{"id":"16581755","nodevice":"2309MAS003","message":"510","info":"Muhammad Bintang Santoso--TERCATAT! 24 dtk lalu","nokartu":"136C6A05"}]}
Berhasil kirim balasan ke "responServer_2309MAS003"

[2025-10-07 12:25:36]
Menerima pesan dari: dariMCU_2309MAS003 - Pesan: {"nokartu":"B3A98005","idchip":"16581755","nodevice":"2309MAS003","key":"1234567890987654321","ipa":"10.10.1.23"}
[2025-10-07 12:25:36]
Berhasil merespon "dariMCU_2309MAS003" : {"respon":[{"id":"16581755","nodevice":"2309MAS003","message":"BMPE","info":"Rifki Aulia Airlangga--Berhasil Presensi -Mulai-","nokartu":"B3A98005"}]}
Berhasil kirim balasan ke "responServer_2309MAS003"

[2025-10-07 12:25:42]
Menerima pesan dari: dariMCU_2309MAS003 - Pesan: {"nokartu":"E39C8205","idchip":"16581755","nodevice":"2309MAS003","key":"1234567890987654321","ipa":"10.10.1.23"}
[2025-10-07 12:25:42]
Berhasil merespon "dariMCU_2309MAS003" : {"respon":[{"id":"16581755","nodevice":"2309MAS003","message":"BMPE","info":"Raihan Dhika Arraisya--Berhasil Presensi -Mulai-","nokartu":"E39C8205"}]}
Berhasil kirim balasan ke "responServer_2309MAS003"

[2025-10-07 12:25:45]
Menerima pesan dari: dariMCU_2309MAS003 - Pesan: {"nokartu":"E39C8205","idchip":"16581755","nodevice":"2309MAS003","key":"1234567890987654321","ipa":"10.10.1.23"}
[2025-10-07 12:25:45]
Berhasil merespon "dariMCU_2309MAS003" : {"respon":[{"id":"16581755","nodevice":"2309MAS003","message":"510","info":"Raihan Dhika Arraisya--TERCATAT! 3 dtk lalu","nokartu":"E39C8205"}]}
Berhasil kirim balasan ke "responServer_2309MAS003"

[2025-10-07 12:25:46]
Menerima pesan dari: dariMCU_2309MAS003 - Pesan: {"nokartu":"737931FF","idchip":"16581755","nodevice":"2309MAS003","key":"1234567890987654321","ipa":"10.10.1.23"}
[2025-10-07 12:25:46]
Berhasil merespon "dariMCU_2309MAS003" : {"respon":[{"id":"16581755","nodevice":"2309MAS003","message":"BMPE","info":"Farel Ardian--Berhasil Presensi -Mulai-","nokartu":"737931FF"}]}
Berhasil kirim balasan ke "responServer_2309MAS003"

[2025-10-07 12:25:54]
Menerima pesan dari: dariMCU_2309MAS003 - Pesan: {"nokartu":"D37C33FF","idchip":"16581755","nodevice":"2309MAS003","key":"1234567890987654321","ipa":"10.10.1.23"}
[2025-10-07 12:25:54]
Berhasil merespon "dariMCU_2309MAS003" : {"respon":[{"id":"16581755","nodevice":"2309MAS003","message":"BPSE","info":"Bagas Pramudya--Berhasil Presensi -Selesai-","nokartu":"D37C33FF"}]}
Berhasil kirim balasan ke "responServer_2309MAS003"

[2025-10-07 12:27:34]
Menerima pesan dari: dariMCU_2309MAS003 - Pesan: {"nokartu":"133B33FF","idchip":"16581755","nodevice":"2309MAS003","key":"1234567890987654321","ipa":"10.10.1.23"}
[2025-10-07 12:27:34]
Berhasil merespon "dariMCU_2309MAS003" : {"respon":[{"id":"16581755","nodevice":"2309MAS003","message":"BMPE","info":"Elsa Olivia--Berhasil Presensi -Mulai-","nokartu":"133B33FF"}]}
Berhasil kirim balasan ke "responServer_2309MAS003"

[2025-10-07 12:27:35]
Menerima pesan dari: dariMCU_2309MAS003 - Pesan: {"nokartu":"133B33FF","idchip":"16581755","nodevice":"2309MAS003","key":"1234567890987654321","ipa":"10.10.1.23"}
[2025-10-07 12:27:35]
Berhasil merespon "dariMCU_2309MAS003" : {"respon":[{"id":"16581755","nodevice":"2309MAS003","message":"510","info":"Elsa Olivia--TERCATAT! 1 dtk lalu","nokartu":"133B33FF"}]}
Berhasil kirim balasan ke "responServer_2309MAS003"

[2025-10-07 12:27:38]
Menerima pesan dari: dariMCU_2309MAS003 - Pesan: {"nokartu":"133B33FF","idchip":"16581755","nodevice":"2309MAS003","key":"1234567890987654321","ipa":"10.10.1.23"}
[2025-10-07 12:27:38]
Berhasil merespon "dariMCU_2309MAS003" : {"respon":[{"id":"16581755","nodevice":"2309MAS003","message":"510","info":"Elsa Olivia--TERCATAT! 4 dtk lalu","nokartu":"133B33FF"}]}
Berhasil kirim balasan ke "responServer_2309MAS003"

[2025-10-07 12:27:43]
Menerima pesan dari: dariMCU_2309MAS003 - Pesan: {"nokartu":"D30F14FE","idchip":"16581755","nodevice":"2309MAS003","key":"1234567890987654321","ipa":"10.10.1.23"}
[2025-10-07 12:27:43]
Berhasil merespon "dariMCU_2309MAS003" : {"respon":[{"id":"16581755","nodevice":"2309MAS003","message":"BMPE","info":"Viola Ela Rahmahani--Berhasil Presensi -Mulai-","nokartu":"D30F14FE"}]}
Berhasil kirim balasan ke "responServer_2309MAS003"

[2025-10-07 12:27:46]
Menerima pesan dari: dariMCU_2309MAS003 - Pesan: {"nokartu":"D30F14FE","idchip":"16581755","nodevice":"2309MAS003","key":"1234567890987654321","ipa":"10.10.1.23"}
[2025-10-07 12:27:46]
Berhasil merespon "dariMCU_2309MAS003" : {"respon":[{"id":"16581755","nodevice":"2309MAS003","message":"510","info":"Viola Ela Rahmahani--TERCATAT! 3 dtk lalu","nokartu":"D30F14FE"}]}
Berhasil kirim balasan ke "responServer_2309MAS003"

[2025-10-07 12:29:22]
Menerima pesan dari: dariMCU_2309MAS003 - Pesan: {"nokartu":"C31F05FE","idchip":"16581755","nodevice":"2309MAS003","key":"1234567890987654321","ipa":"10.10.1.23"}
[2025-10-07 12:29:22]
Berhasil merespon "dariMCU_2309MAS003" : {"respon":[{"id":"16581755","nodevice":"2309MAS003","message":"BMPE","info":"Sofa Nur Hasanah--Berhasil Presensi -Mulai-","nokartu":"C31F05FE"}]}
Berhasil kirim balasan ke "responServer_2309MAS003"

[2025-10-07 12:29:25]
Menerima pesan dari: dariMCU_2309MAS003 - Pesan: {"nokartu":"C31F05FE","idchip":"16581755","nodevice":"2309MAS003","key":"1234567890987654321","ipa":"10.10.1.23"}
[2025-10-07 12:29:25]
Berhasil merespon "dariMCU_2309MAS003" : {"respon":[{"id":"16581755","nodevice":"2309MAS003","message":"510","info":"Sofa Nur Hasanah--TERCATAT! 3 dtk lalu","nokartu":"C31F05FE"}]}
Berhasil kirim balasan ke "responServer_2309MAS003"

[2025-10-07 12:30:57]
Menerima pesan dari: dariMCU_2309MAS003 - Pesan: {"nokartu":"037E24FF","idchip":"16581755","nodevice":"2309MAS003","key":"1234567890987654321","ipa":"10.10.1.23"}
[2025-10-07 12:30:57]
Berhasil merespon "dariMCU_2309MAS003" : {"respon":[{"id":"16581755","nodevice":"2309MAS003","message":"BPSE","info":"Alisya Desti Maharani--Berhasil Presensi -Selesai-","nokartu":"037E24FF"}]}
Berhasil kirim balasan ke "responServer_2309MAS003"

[2025-10-07 12:31:01]
Menerima pesan dari: dariMCU_2309MAS003 - Pesan: {"nokartu":"037E24FF","idchip":"16581755","nodevice":"2309MAS003","key":"1234567890987654321","ipa":"10.10.1.23"}
[2025-10-07 12:31:01]
Berhasil merespon "dariMCU_2309MAS003" : {"respon":[{"id":"16581755","nodevice":"2309MAS003","message":"510","info":"Alisya Desti Maharani--TERCATAT! 4 dtk lalu","nokartu":"037E24FF"}]}
Berhasil kirim balasan ke "responServer_2309MAS003"

[2025-10-07 12:31:07]
Menerima pesan dari: dariMCU_2309MAS003 - Pesan: {"nokartu":"E3F232FF","idchip":"16581755","nodevice":"2309MAS003","key":"1234567890987654321","ipa":"10.10.1.23"}
[2025-10-07 12:31:07]
Berhasil merespon "dariMCU_2309MAS003" : {"respon":[{"id":"16581755","nodevice":"2309MAS003","message":"BPSE","info":"Fita Ayu Ananta--Berhasil Presensi -Selesai-","nokartu":"E3F232FF"}]}
Berhasil kirim balasan ke "responServer_2309MAS003"

[2025-10-07 12:31:11]
Menerima pesan dari: dariMCU_2309MAS003 - Pesan: {"nokartu":"E3F232FF","idchip":"16581755","nodevice":"2309MAS003","key":"1234567890987654321","ipa":"10.10.1.23"}
[2025-10-07 12:31:11]
Berhasil merespon "dariMCU_2309MAS003" : {"respon":[{"id":"16581755","nodevice":"2309MAS003","message":"510","info":"Fita Ayu Ananta--TERCATAT! 4 dtk lalu","nokartu":"E3F232FF"}]}
Berhasil kirim balasan ke "responServer_2309MAS003"

[2025-10-07 12:36:15]
Menerima pesan dari: dariMCU_2309MAS003 - Pesan: {"nokartu":"137C8105","idchip":"16581755","nodevice":"2309MAS003","key":"1234567890987654321","ipa":"10.10.1.23"}
[2025-10-07 12:36:15]
Berhasil merespon "dariMCU_2309MAS003" : {"respon":[{"id":"16581755","nodevice":"2309MAS003","message":"BMPE","info":"Widya Nurjanah--Berhasil Presensi -Mulai-","nokartu":"137C8105"}]}
Berhasil kirim balasan ke "responServer_2309MAS003"

[2025-10-07 12:36:18]
Menerima pesan dari: dariMCU_2309MAS003 - Pesan: {"nokartu":"137C8105","idchip":"16581755","nodevice":"2309MAS003","key":"1234567890987654321","ipa":"10.10.1.23"}
[2025-10-07 12:36:18]
Berhasil merespon "dariMCU_2309MAS003" : {"respon":[{"id":"16581755","nodevice":"2309MAS003","message":"510","info":"Widya Nurjanah--TERCATAT! 3 dtk lalu","nokartu":"137C8105"}]}
Berhasil kirim balasan ke "responServer_2309MAS003"

[2025-10-07 12:36:19]
Menerima pesan dari: dariMCU_2309MAS003 - Pesan: {"nokartu":"93298305","idchip":"16581755","nodevice":"2309MAS003","key":"1234567890987654321","ipa":"10.10.1.23"}
[2025-10-07 12:36:19]
Berhasil merespon "dariMCU_2309MAS003" : {"respon":[{"id":"16581755","nodevice":"2309MAS003","message":"BMPE","info":"Ade Azifa Dewi--Berhasil Presensi -Mulai-","nokartu":"93298305"}]}
Berhasil kirim balasan ke "responServer_2309MAS003"

[2025-10-07 12:36:23]
Menerima pesan dari: dariMCU_2309MAS003 - Pesan: {"nokartu":"93298305","idchip":"16581755","nodevice":"2309MAS003","key":"1234567890987654321","ipa":"10.10.1.23"}
[2025-10-07 12:36:23]
Berhasil merespon "dariMCU_2309MAS003" : {"respon":[{"id":"16581755","nodevice":"2309MAS003","message":"510","info":"Ade Azifa Dewi--TERCATAT! 4 dtk lalu","nokartu":"93298305"}]}
Berhasil kirim balasan ke "responServer_2309MAS003"

[2025-10-07 12:43:36]
Menerima pesan dari: dariMCU_2309MAS003 - Pesan: {"nokartu":"D3396E05","idchip":"16581755","nodevice":"2309MAS003","key":"1234567890987654321","ipa":"10.10.1.23"}
[2025-10-07 12:43:36]
Berhasil merespon "dariMCU_2309MAS003" : {"respon":[{"id":"16581755","nodevice":"2309MAS003","message":"BMPE","info":"Sony Dwi Kuncoro--Berhasil Presensi -Mulai-","nokartu":"D3396E05"}]}
Berhasil kirim balasan ke "responServer_2309MAS003"

[2025-10-07 12:43:39]
Menerima pesan dari: dariMCU_2309MAS003 - Pesan: {"nokartu":"D3396E05","idchip":"16581755","nodevice":"2309MAS003","key":"1234567890987654321","ipa":"10.10.1.23"}
[2025-10-07 12:43:39]
Berhasil merespon "dariMCU_2309MAS003" : {"respon":[{"id":"16581755","nodevice":"2309MAS003","message":"510","info":"Sony Dwi Kuncoro--TERCATAT! 3 dtk lalu","nokartu":"D3396E05"}]}
Berhasil kirim balasan ke "responServer_2309MAS003"

