[2025-10-24 11:59:45]
Menerima pesan dari: dariMCU_2309MAS003 - Pesan: {"nokartu":"4613B989","idchip":"16581755","nodevice":"2309MAS003","key":"1234567890987654321","ipa":"10.10.1.23"}
[2025-10-24 11:59:45]
Berhasil merespon "dariMCU_2309MAS003" : {"respon":[{"id":"16581755","nodevice":"2309MAS003","message":"BMPE","info":"Esa Chandra Apriawan--Berhasil Presensi -Mulai-","nokartu":"4613B989"}]}
Berhasil kirim balasan ke "responServer_2309MAS003"

[2025-10-24 11:59:49]
Menerima pesan dari: dariMCU_2309MAS003 - Pesan: {"nokartu":"4613B989","idchip":"16581755","nodevice":"2309MAS003","key":"1234567890987654321","ipa":"10.10.1.23"}
[2025-10-24 11:59:49]
Berhasil merespon "dariMCU_2309MAS003" : {"respon":[{"id":"16581755","nodevice":"2309MAS003","message":"510","info":"Esa Chandra Apriawan--TERCATAT! 4 dtk lalu","nokartu":"4613B989"}]}
Berhasil kirim balasan ke "responServer_2309MAS003"

[2025-10-24 12:00:08]
Menerima pesan dari: dariMCU_2309MAS003 - Pesan: {"nokartu":"636D7305","idchip":"16581755","nodevice":"2309MAS003","key":"1234567890987654321","ipa":"10.10.1.23"}
[2025-10-24 12:00:08]
Berhasil merespon "dariMCU_2309MAS003" : {"respon":[{"id":"16581755","nodevice":"2309MAS003","message":"BMPE","info":"Sasetyo--Berhasil Presensi -Mulai-","nokartu":"636D7305"}]}
Berhasil kirim balasan ke "responServer_2309MAS003"

[2025-10-24 12:00:13]
Menerima pesan dari: dariMCU_2309MAS003 - Pesan: {"nokartu":"636D7305","idchip":"16581755","nodevice":"2309MAS003","key":"1234567890987654321","ipa":"10.10.1.23"}
[2025-10-24 12:00:13]
Berhasil merespon "dariMCU_2309MAS003" : {"respon":[{"id":"16581755","nodevice":"2309MAS003","message":"510","info":"Sasetyo--TERCATAT! 5 dtk lalu","nokartu":"636D7305"}]}
Berhasil kirim balasan ke "responServer_2309MAS003"

[2025-10-24 12:00:18]
Menerima pesan dari: dariMCU_2309MAS003 - Pesan: {"nokartu":"C3FE1EFF","idchip":"16581755","nodevice":"2309MAS003","key":"1234567890987654321","ipa":"10.10.1.23"}
[2025-10-24 12:00:18]
Berhasil merespon "dariMCU_2309MAS003" : {"respon":[{"id":"16581755","nodevice":"2309MAS003","message":"BMPE","info":"Fernandi Ramadhan Dwiki Dharmawan--Berhasil Presensi -Mulai-","nokartu":"C3FE1EFF"}]}
Berhasil kirim balasan ke "responServer_2309MAS003"

[2025-10-24 12:00:21]
Menerima pesan dari: dariMCU_2309MAS003 - Pesan: {"nokartu":"C3FE1EFF","idchip":"16581755","nodevice":"2309MAS003","key":"1234567890987654321","ipa":"10.10.1.23"}
[2025-10-24 12:00:21]
Berhasil merespon "dariMCU_2309MAS003" : {"respon":[{"id":"16581755","nodevice":"2309MAS003","message":"510","info":"Fernandi Ramadhan Dwiki Dharmawan--TERCATAT! 3 dtk lalu","nokartu":"C3FE1EFF"}]}
Berhasil kirim balasan ke "responServer_2309MAS003"

[2025-10-24 12:00:25]
Menerima pesan dari: dariMCU_2309MAS003 - Pesan: {"nokartu":"03D0D7E2","idchip":"16581755","nodevice":"2309MAS003","key":"1234567890987654321","ipa":"10.10.1.23"}
[2025-10-24 12:00:25]
Berhasil merespon "dariMCU_2309MAS003" : {"respon":[{"id":"16581755","nodevice":"2309MAS003","message":"BMPE","info":"Putra Fajar Noviyanto--Berhasil Presensi -Mulai-","nokartu":"03D0D7E2"}]}
Berhasil kirim balasan ke "responServer_2309MAS003"

[2025-10-24 12:00:29]
Menerima pesan dari: dariMCU_2309MAS003 - Pesan: {"nokartu":"03D0D7E2","idchip":"16581755","nodevice":"2309MAS003","key":"1234567890987654321","ipa":"10.10.1.23"}
[2025-10-24 12:00:29]
Berhasil merespon "dariMCU_2309MAS003" : {"respon":[{"id":"16581755","nodevice":"2309MAS003","message":"510","info":"Putra Fajar Noviyanto--TERCATAT! 4 dtk lalu","nokartu":"03D0D7E2"}]}
Berhasil kirim balasan ke "responServer_2309MAS003"

[2025-10-24 12:00:47]
Menerima pesan dari: dariMCU_2309MAS003 - Pesan: {"nokartu":"939F2FFF","idchip":"16581755","nodevice":"2309MAS003","key":"1234567890987654321","ipa":"10.10.1.23"}
[2025-10-24 12:00:47]
Berhasil merespon "dariMCU_2309MAS003" : {"respon":[{"id":"16581755","nodevice":"2309MAS003","message":"BMPE","info":"Hafid Andira--Berhasil Presensi -Mulai-","nokartu":"939F2FFF"}]}
Berhasil kirim balasan ke "responServer_2309MAS003"

[2025-10-24 12:01:45]
Menerima pesan dari: dariMCU_2309MAS003 - Pesan: {"nokartu":"C3C321FF","idchip":"16581755","nodevice":"2309MAS003","key":"1234567890987654321","ipa":"10.10.1.23"}
[2025-10-24 12:01:45]
Berhasil merespon "dariMCU_2309MAS003" : {"respon":[{"id":"16581755","nodevice":"2309MAS003","message":"BMPE","info":"Vemas Aulia Restu Nugroho--Berhasil Presensi -Mulai-","nokartu":"C3C321FF"}]}
Berhasil kirim balasan ke "responServer_2309MAS003"

[2025-10-24 12:01:48]
Menerima pesan dari: dariMCU_2309MAS003 - Pesan: {"nokartu":"C3C321FF","idchip":"16581755","nodevice":"2309MAS003","key":"1234567890987654321","ipa":"10.10.1.23"}
[2025-10-24 12:01:48]
Berhasil merespon "dariMCU_2309MAS003" : {"respon":[{"id":"16581755","nodevice":"2309MAS003","message":"510","info":"Vemas Aulia Restu Nugroho--TERCATAT! 3 dtk lalu","nokartu":"C3C321FF"}]}
Berhasil kirim balasan ke "responServer_2309MAS003"

[2025-10-24 12:02:10]
Menerima pesan dari: dariMCU_2309MAS003 - Pesan: {"nokartu":"F3358305","idchip":"16581755","nodevice":"2309MAS003","key":"1234567890987654321","ipa":"10.10.1.23"}
[2025-10-24 12:02:10]
Berhasil merespon "dariMCU_2309MAS003" : {"respon":[{"id":"16581755","nodevice":"2309MAS003","message":"BMPE","info":"Bagus Tri Wibowo--Berhasil Presensi -Mulai-","nokartu":"F3358305"}]}
Berhasil kirim balasan ke "responServer_2309MAS003"

[2025-10-24 12:02:14]
Menerima pesan dari: dariMCU_2309MAS003 - Pesan: {"nokartu":"F3358305","idchip":"16581755","nodevice":"2309MAS003","key":"1234567890987654321","ipa":"10.10.1.23"}
[2025-10-24 12:02:14]
Berhasil merespon "dariMCU_2309MAS003" : {"respon":[{"id":"16581755","nodevice":"2309MAS003","message":"510","info":"Bagus Tri Wibowo--TERCATAT! 4 dtk lalu","nokartu":"F3358305"}]}
Berhasil kirim balasan ke "responServer_2309MAS003"

[2025-10-24 12:02:18]
Menerima pesan dari: dariMCU_2309MAS003 - Pesan: {"nokartu":"E3BD2FFF","idchip":"16581755","nodevice":"2309MAS003","key":"1234567890987654321","ipa":"10.10.1.23"}
[2025-10-24 12:02:18]
Berhasil merespon "dariMCU_2309MAS003" : {"respon":[{"id":"16581755","nodevice":"2309MAS003","message":"BMPE","info":"Al Raissa Dyka Pratama--Berhasil Presensi -Mulai-","nokartu":"E3BD2FFF"}]}
Berhasil kirim balasan ke "responServer_2309MAS003"

[2025-10-24 12:02:22]
Menerima pesan dari: dariMCU_2309MAS003 - Pesan: {"nokartu":"E3BD2FFF","idchip":"16581755","nodevice":"2309MAS003","key":"1234567890987654321","ipa":"10.10.1.23"}
[2025-10-24 12:02:22]
Berhasil merespon "dariMCU_2309MAS003" : {"respon":[{"id":"16581755","nodevice":"2309MAS003","message":"510","info":"Al Raissa Dyka Pratama--TERCATAT! 4 dtk lalu","nokartu":"E3BD2FFF"}]}
Berhasil kirim balasan ke "responServer_2309MAS003"

[2025-10-24 12:02:22]
Menerima pesan dari: dariMCU_2309MAS003 - Pesan: {"nokartu":"63B91AFE","idchip":"16581755","nodevice":"2309MAS003","key":"1234567890987654321","ipa":"10.10.1.23"}
[2025-10-24 12:02:22]
Berhasil merespon "dariMCU_2309MAS003" : {"respon":[{"id":"16581755","nodevice":"2309MAS003","message":"BMPE","info":"Bahy Daniswara--Berhasil Presensi -Mulai-","nokartu":"63B91AFE"}]}
Berhasil kirim balasan ke "responServer_2309MAS003"

[2025-10-24 12:03:06]
Menerima pesan dari: dariMCU_2309MAS003 - Pesan: {"nokartu":"132634FF","idchip":"16581755","nodevice":"2309MAS003","key":"1234567890987654321","ipa":"10.10.1.23"}
[2025-10-24 12:03:06]
Berhasil merespon "dariMCU_2309MAS003" : {"respon":[{"id":"16581755","nodevice":"2309MAS003","message":"BMPE","info":"Aqila Ferdian Pratama--Berhasil Presensi -Mulai-","nokartu":"132634FF"}]}
Berhasil kirim balasan ke "responServer_2309MAS003"

[2025-10-24 12:03:07]
Menerima pesan dari: dariMCU_2309MAS003 - Pesan: {"nokartu":"132634FF","idchip":"16581755","nodevice":"2309MAS003","key":"1234567890987654321","ipa":"10.10.1.23"}
[2025-10-24 12:03:07]
Berhasil merespon "dariMCU_2309MAS003" : {"respon":[{"id":"16581755","nodevice":"2309MAS003","message":"510","info":"Aqila Ferdian Pratama--TERCATAT! 1 dtk lalu","nokartu":"132634FF"}]}
Berhasil kirim balasan ke "responServer_2309MAS003"

[2025-10-24 12:03:38]
Menerima pesan dari: dariMCU_2309MAS003 - Pesan: {"nokartu":"C3AC23FF","idchip":"16581755","nodevice":"2309MAS003","key":"1234567890987654321","ipa":"10.10.1.23"}
[2025-10-24 12:03:38]
Berhasil merespon "dariMCU_2309MAS003" : {"respon":[{"id":"16581755","nodevice":"2309MAS003","message":"BMPE","info":"Redapa Ardiyansah--Berhasil Presensi -Mulai-","nokartu":"C3AC23FF"}]}
Berhasil kirim balasan ke "responServer_2309MAS003"

[2025-10-24 12:03:50]
Menerima pesan dari: dariMCU_2309MAS003 - Pesan: {"nokartu":"03807505","idchip":"16581755","nodevice":"2309MAS003","key":"1234567890987654321","ipa":"10.10.1.23"}
[2025-10-24 12:03:50]
Berhasil merespon "dariMCU_2309MAS003" : {"respon":[{"id":"16581755","nodevice":"2309MAS003","message":"BMPE","info":"Muhammad Khairurasyid--Berhasil Presensi -Mulai-","nokartu":"03807505"}]}
Berhasil kirim balasan ke "responServer_2309MAS003"

[2025-10-24 12:03:51]
Menerima pesan dari: dariMCU_2309MAS003 - Pesan: {"nokartu":"188235E28DFA86","idchip":"16581755","nodevice":"2309MAS003","key":"1234567890987654321","ipa":"10.10.1.23"}
[2025-10-24 12:03:51]
Berhasil merespon "dariMCU_2309MAS003" : {"respon":[{"id":"16581755","nodevice":"2309MAS003","message":"IDTT","info":"Kartu ID ini--belum terdaftar","nokartu":"188235E28DFA86"}]}
Berhasil kirim balasan ke "responServer_2309MAS003"

[2025-10-24 12:03:57]
Menerima pesan dari: dariMCU_2309MAS003 - Pesan: {"nokartu":"03807505","idchip":"16581755","nodevice":"2309MAS003","key":"1234567890987654321","ipa":"10.10.1.23"}
[2025-10-24 12:03:57]
Berhasil merespon "dariMCU_2309MAS003" : {"respon":[{"id":"16581755","nodevice":"2309MAS003","message":"510","info":"Muhammad Khairurasyid--TERCATAT! 7 dtk lalu","nokartu":"03807505"}]}
Berhasil kirim balasan ke "responServer_2309MAS003"

[2025-10-24 12:03:58]
Menerima pesan dari: dariMCU_2309MAS003 - Pesan: {"nokartu":"C3AC23FF","idchip":"16581755","nodevice":"2309MAS003","key":"1234567890987654321","ipa":"10.10.1.23"}
[2025-10-24 12:03:58]
Berhasil merespon "dariMCU_2309MAS003" : {"respon":[{"id":"16581755","nodevice":"2309MAS003","message":"510","info":"Redapa Ardiyansah--TERCATAT! 20 dtk lalu","nokartu":"C3AC23FF"}]}
Berhasil kirim balasan ke "responServer_2309MAS003"

[2025-10-24 12:04:02]
Menerima pesan dari: dariMCU_2309MAS003 - Pesan: {"nokartu":"F3877F05","idchip":"16581755","nodevice":"2309MAS003","key":"1234567890987654321","ipa":"10.10.1.23"}
[2025-10-24 12:04:02]
Berhasil merespon "dariMCU_2309MAS003" : {"respon":[{"id":"16581755","nodevice":"2309MAS003","message":"BMPE","info":"Khoirul Irfan--Berhasil Presensi -Mulai-","nokartu":"F3877F05"}]}
Berhasil kirim balasan ke "responServer_2309MAS003"

[2025-10-24 12:04:07]
Menerima pesan dari: dariMCU_2309MAS003 - Pesan: {"nokartu":"F3877F05","idchip":"16581755","nodevice":"2309MAS003","key":"1234567890987654321","ipa":"10.10.1.23"}
[2025-10-24 12:04:07]
Berhasil merespon "dariMCU_2309MAS003" : {"respon":[{"id":"16581755","nodevice":"2309MAS003","message":"510","info":"Khoirul Irfan--TERCATAT! 5 dtk lalu","nokartu":"F3877F05"}]}
Berhasil kirim balasan ke "responServer_2309MAS003"

[2025-10-24 12:04:13]
Menerima pesan dari: dariMCU_2309MAS003 - Pesan: {"nokartu":"03BF1805","idchip":"16581755","nodevice":"2309MAS003","key":"1234567890987654321","ipa":"10.10.1.23"}
[2025-10-24 12:04:13]
Berhasil merespon "dariMCU_2309MAS003" : {"respon":[{"id":"16581755","nodevice":"2309MAS003","message":"BMPE","info":"Naffisell Tholibar Rifqi--Berhasil Presensi -Mulai-","nokartu":"03BF1805"}]}
Berhasil kirim balasan ke "responServer_2309MAS003"

[2025-10-24 12:04:17]
Menerima pesan dari: dariMCU_2309MAS003 - Pesan: {"nokartu":"03BF1805","idchip":"16581755","nodevice":"2309MAS003","key":"1234567890987654321","ipa":"10.10.1.23"}
[2025-10-24 12:04:17]
Berhasil merespon "dariMCU_2309MAS003" : {"respon":[{"id":"16581755","nodevice":"2309MAS003","message":"510","info":"Naffisell Tholibar Rifqi--TERCATAT! 4 dtk lalu","nokartu":"03BF1805"}]}
Berhasil kirim balasan ke "responServer_2309MAS003"

[2025-10-24 12:04:18]
Menerima pesan dari: dariMCU_2309MAS003 - Pesan: {"nokartu":"03BF1805","idchip":"16581755","nodevice":"2309MAS003","key":"1234567890987654321","ipa":"10.10.1.23"}
[2025-10-24 12:04:18]
Berhasil merespon "dariMCU_2309MAS003" : {"respon":[{"id":"16581755","nodevice":"2309MAS003","message":"510","info":"Naffisell Tholibar Rifqi--TERCATAT! 5 dtk lalu","nokartu":"03BF1805"}]}
Berhasil kirim balasan ke "responServer_2309MAS003"

[2025-10-24 12:04:37]
Menerima pesan dari: dariMCU_2309MAS003 - Pesan: {"nokartu":"E39C8205","idchip":"16581755","nodevice":"2309MAS003","key":"1234567890987654321","ipa":"10.10.1.23"}
[2025-10-24 12:04:37]
Berhasil merespon "dariMCU_2309MAS003" : {"respon":[{"id":"16581755","nodevice":"2309MAS003","message":"BMPE","info":"Raihan Dhika Arraisya--Berhasil Presensi -Mulai-","nokartu":"E39C8205"}]}
Berhasil kirim balasan ke "responServer_2309MAS003"

[2025-10-24 12:04:40]
Menerima pesan dari: dariMCU_2309MAS003 - Pesan: {"nokartu":"03BF1805","idchip":"16581755","nodevice":"2309MAS003","key":"1234567890987654321","ipa":"10.10.1.23"}
[2025-10-24 12:04:40]
Berhasil merespon "dariMCU_2309MAS003" : {"respon":[{"id":"16581755","nodevice":"2309MAS003","message":"510","info":"Naffisell Tholibar Rifqi--TERCATAT! 27 dtk lalu","nokartu":"03BF1805"}]}
Berhasil kirim balasan ke "responServer_2309MAS003"

[2025-10-24 12:05:00]
Menerima pesan dari: dariMCU_2309MAS003 - Pesan: {"nokartu":"03BF1805","idchip":"16581755","nodevice":"2309MAS003","key":"1234567890987654321","ipa":"10.10.1.23"}
[2025-10-24 12:05:00]
Berhasil merespon "dariMCU_2309MAS003" : {"respon":[{"id":"16581755","nodevice":"2309MAS003","message":"510","info":"Naffisell Tholibar Rifqi--TERCATAT! 47 dtk lalu","nokartu":"03BF1805"}]}
Berhasil kirim balasan ke "responServer_2309MAS003"

[2025-10-24 12:05:00]
Menerima pesan dari: dariMCU_2309MAS003 - Pesan: {"nokartu":"E39C8205","idchip":"16581755","nodevice":"2309MAS003","key":"1234567890987654321","ipa":"10.10.1.23"}
[2025-10-24 12:05:00]
Berhasil merespon "dariMCU_2309MAS003" : {"respon":[{"id":"16581755","nodevice":"2309MAS003","message":"510","info":"Raihan Dhika Arraisya--TERCATAT! 23 dtk lalu","nokartu":"E39C8205"}]}
Berhasil kirim balasan ke "responServer_2309MAS003"

[2025-10-24 12:05:05]
Menerima pesan dari: dariMCU_2309MAS003 - Pesan: {"nokartu":"E39C8205","idchip":"16581755","nodevice":"2309MAS003","key":"1234567890987654321","ipa":"10.10.1.23"}
[2025-10-24 12:05:05]
Berhasil merespon "dariMCU_2309MAS003" : {"respon":[{"id":"16581755","nodevice":"2309MAS003","message":"510","info":"Raihan Dhika Arraisya--TERCATAT! 28 dtk lalu","nokartu":"E39C8205"}]}
Berhasil kirim balasan ke "responServer_2309MAS003"

[2025-10-24 12:05:05]
Menerima pesan dari: dariMCU_2309MAS003 - Pesan: {"nokartu":"E39C8205","idchip":"16581755","nodevice":"2309MAS003","key":"1234567890987654321","ipa":"10.10.1.23"}
[2025-10-24 12:05:05]
Berhasil merespon "dariMCU_2309MAS003" : {"respon":[{"id":"16581755","nodevice":"2309MAS003","message":"510","info":"Raihan Dhika Arraisya--TERCATAT! 28 dtk lalu","nokartu":"E39C8205"}]}
Berhasil kirim balasan ke "responServer_2309MAS003"

[2025-10-24 12:05:09]
Menerima pesan dari: dariMCU_2309MAS003 - Pesan: {"nokartu":"E33D7605","idchip":"16581755","nodevice":"2309MAS003","key":"1234567890987654321","ipa":"10.10.1.23"}
[2025-10-24 12:05:09]
Berhasil merespon "dariMCU_2309MAS003" : {"respon":[{"id":"16581755","nodevice":"2309MAS003","message":"BMPE","info":"Veri Yunanto--Berhasil Presensi -Mulai-","nokartu":"E33D7605"}]}
Berhasil kirim balasan ke "responServer_2309MAS003"

[2025-10-24 12:05:14]
Menerima pesan dari: dariMCU_2309MAS003 - Pesan: {"nokartu":"B30123FF","idchip":"16581755","nodevice":"2309MAS003","key":"1234567890987654321","ipa":"10.10.1.23"}
[2025-10-24 12:05:14]
Berhasil merespon "dariMCU_2309MAS003" : {"respon":[{"id":"16581755","nodevice":"2309MAS003","message":"BMPE","info":"Raysha Novasera--Berhasil Presensi -Mulai-","nokartu":"B30123FF"}]}
Berhasil kirim balasan ke "responServer_2309MAS003"

[2025-10-24 12:05:30]
Menerima pesan dari: dariMCU_2309MAS003 - Pesan: {"nokartu":"B30123FF","idchip":"16581755","nodevice":"2309MAS003","key":"1234567890987654321","ipa":"10.10.1.23"}
[2025-10-24 12:05:30]
Berhasil merespon "dariMCU_2309MAS003" : {"respon":[{"id":"16581755","nodevice":"2309MAS003","message":"510","info":"Raysha Novasera--TERCATAT! 16 dtk lalu","nokartu":"B30123FF"}]}
Berhasil kirim balasan ke "responServer_2309MAS003"

[2025-10-24 12:05:31]
Menerima pesan dari: dariMCU_2309MAS003 - Pesan: {"nokartu":"33396FE4","idchip":"16581755","nodevice":"2309MAS003","key":"1234567890987654321","ipa":"10.10.1.23"}
[2025-10-24 12:05:31]
Berhasil merespon "dariMCU_2309MAS003" : {"respon":[{"id":"16581755","nodevice":"2309MAS003","message":"BMPE","info":"Muhammad Rizqi Hendrawan--Berhasil Presensi -Mulai-","nokartu":"33396FE4"}]}
Berhasil kirim balasan ke "responServer_2309MAS003"

[2025-10-24 12:05:35]
Menerima pesan dari: dariMCU_2309MAS003 - Pesan: {"nokartu":"733D32FF","idchip":"16581755","nodevice":"2309MAS003","key":"1234567890987654321","ipa":"10.10.1.23"}
[2025-10-24 12:05:35]
Berhasil merespon "dariMCU_2309MAS003" : {"respon":[{"id":"16581755","nodevice":"2309MAS003","message":"BMPE","info":"Hafidz Maulana Akbar--Berhasil Presensi -Mulai-","nokartu":"733D32FF"}]}
Berhasil kirim balasan ke "responServer_2309MAS003"

[2025-10-24 12:05:38]
Menerima pesan dari: dariMCU_2309MAS003 - Pesan: {"nokartu":"733D32FF","idchip":"16581755","nodevice":"2309MAS003","key":"1234567890987654321","ipa":"10.10.1.23"}
[2025-10-24 12:05:38]
Berhasil merespon "dariMCU_2309MAS003" : {"respon":[{"id":"16581755","nodevice":"2309MAS003","message":"510","info":"Hafidz Maulana Akbar--TERCATAT! 3 dtk lalu","nokartu":"733D32FF"}]}
Berhasil kirim balasan ke "responServer_2309MAS003"

[2025-10-24 12:05:39]
Menerima pesan dari: dariMCU_2309MAS003 - Pesan: {"nokartu":"832C7C05","idchip":"16581755","nodevice":"2309MAS003","key":"1234567890987654321","ipa":"10.10.1.23"}
[2025-10-24 12:05:39]
Berhasil merespon "dariMCU_2309MAS003" : {"respon":[{"id":"16581755","nodevice":"2309MAS003","message":"BMPE","info":"Farel Ababil--Berhasil Presensi -Mulai-","nokartu":"832C7C05"}]}
Berhasil kirim balasan ke "responServer_2309MAS003"

[2025-10-24 12:05:43]
Menerima pesan dari: dariMCU_2309MAS003 - Pesan: {"nokartu":"33396FE4","idchip":"16581755","nodevice":"2309MAS003","key":"1234567890987654321","ipa":"10.10.1.23"}
[2025-10-24 12:05:43]
Berhasil merespon "dariMCU_2309MAS003" : {"respon":[{"id":"16581755","nodevice":"2309MAS003","message":"510","info":"Muhammad Rizqi Hendrawan--TERCATAT! 12 dtk lalu","nokartu":"33396FE4"}]}
Berhasil kirim balasan ke "responServer_2309MAS003"

[2025-10-24 12:05:47]
Menerima pesan dari: dariMCU_2309MAS003 - Pesan: {"nokartu":"33396FE4","idchip":"16581755","nodevice":"2309MAS003","key":"1234567890987654321","ipa":"10.10.1.23"}
[2025-10-24 12:05:47]
Berhasil merespon "dariMCU_2309MAS003" : {"respon":[{"id":"16581755","nodevice":"2309MAS003","message":"510","info":"Muhammad Rizqi Hendrawan--TERCATAT! 16 dtk lalu","nokartu":"33396FE4"}]}
Berhasil kirim balasan ke "responServer_2309MAS003"

[2025-10-24 12:05:51]
Menerima pesan dari: dariMCU_2309MAS003 - Pesan: {"nokartu":"63FF7005","idchip":"16581755","nodevice":"2309MAS003","key":"1234567890987654321","ipa":"10.10.1.23"}
[2025-10-24 12:05:51]
Berhasil merespon "dariMCU_2309MAS003" : {"respon":[{"id":"16581755","nodevice":"2309MAS003","message":"BMPE","info":"Wafid Raihan--Berhasil Presensi -Mulai-","nokartu":"63FF7005"}]}
Berhasil kirim balasan ke "responServer_2309MAS003"

[2025-10-24 12:05:52]
Menerima pesan dari: dariMCU_2309MAS003 - Pesan: {"nokartu":"63FF7005","idchip":"16581755","nodevice":"2309MAS003","key":"1234567890987654321","ipa":"10.10.1.23"}
[2025-10-24 12:05:52]
Berhasil merespon "dariMCU_2309MAS003" : {"respon":[{"id":"16581755","nodevice":"2309MAS003","message":"510","info":"Wafid Raihan--TERCATAT! 1 dtk lalu","nokartu":"63FF7005"}]}
Berhasil kirim balasan ke "responServer_2309MAS003"

[2025-10-24 12:05:56]
Menerima pesan dari: dariMCU_2309MAS003 - Pesan: {"nokartu":"13B90AFE","idchip":"16581755","nodevice":"2309MAS003","key":"1234567890987654321","ipa":"10.10.1.23"}
[2025-10-24 12:05:56]
Berhasil merespon "dariMCU_2309MAS003" : {"respon":[{"id":"16581755","nodevice":"2309MAS003","message":"BMPE","info":"Dio Wahyu Agustian--Berhasil Presensi -Mulai-","nokartu":"13B90AFE"}]}
Berhasil kirim balasan ke "responServer_2309MAS003"

[2025-10-24 12:06:00]
Menerima pesan dari: dariMCU_2309MAS003 - Pesan: {"nokartu":"13B90AFE","idchip":"16581755","nodevice":"2309MAS003","key":"1234567890987654321","ipa":"10.10.1.23"}
[2025-10-24 12:06:00]
Berhasil merespon "dariMCU_2309MAS003" : {"respon":[{"id":"16581755","nodevice":"2309MAS003","message":"510","info":"Dio Wahyu Agustian--TERCATAT! 4 dtk lalu","nokartu":"13B90AFE"}]}
Berhasil kirim balasan ke "responServer_2309MAS003"

[2025-10-24 12:06:05]
Menerima pesan dari: dariMCU_2309MAS003 - Pesan: {"nokartu":"13EB7505","idchip":"16581755","nodevice":"2309MAS003","key":"1234567890987654321","ipa":"10.10.1.23"}
[2025-10-24 12:06:05]
Berhasil merespon "dariMCU_2309MAS003" : {"respon":[{"id":"16581755","nodevice":"2309MAS003","message":"BMPE","info":"Agus Setiawan--Berhasil Presensi -Mulai-","nokartu":"13EB7505"}]}
Berhasil kirim balasan ke "responServer_2309MAS003"

[2025-10-24 12:06:06]
Menerima pesan dari: dariMCU_2309MAS003 - Pesan: {"nokartu":"13EB7505","idchip":"16581755","nodevice":"2309MAS003","key":"1234567890987654321","ipa":"10.10.1.23"}
[2025-10-24 12:06:06]
Berhasil merespon "dariMCU_2309MAS003" : {"respon":[{"id":"16581755","nodevice":"2309MAS003","message":"510","info":"Agus Setiawan--TERCATAT! 1 dtk lalu","nokartu":"13EB7505"}]}
Berhasil kirim balasan ke "responServer_2309MAS003"

[2025-10-24 12:06:10]
Menerima pesan dari: dariMCU_2309MAS003 - Pesan: {"nokartu":"23C011FE","idchip":"16581755","nodevice":"2309MAS003","key":"1234567890987654321","ipa":"10.10.1.23"}
[2025-10-24 12:06:10]
Berhasil merespon "dariMCU_2309MAS003" : {"respon":[{"id":"16581755","nodevice":"2309MAS003","message":"BMPE","info":"Muhamad Hakan Rafly--Berhasil Presensi -Mulai-","nokartu":"23C011FE"}]}
Berhasil kirim balasan ke "responServer_2309MAS003"

[2025-10-24 12:06:14]
Menerima pesan dari: dariMCU_2309MAS003 - Pesan: {"nokartu":"23C011FE","idchip":"16581755","nodevice":"2309MAS003","key":"1234567890987654321","ipa":"10.10.1.23"}
[2025-10-24 12:06:14]
Berhasil merespon "dariMCU_2309MAS003" : {"respon":[{"id":"16581755","nodevice":"2309MAS003","message":"510","info":"Muhamad Hakan Rafly--TERCATAT! 4 dtk lalu","nokartu":"23C011FE"}]}
Berhasil kirim balasan ke "responServer_2309MAS003"

[2025-10-24 12:06:14]
Menerima pesan dari: dariMCU_2309MAS003 - Pesan: {"nokartu":"738715FE","idchip":"16581755","nodevice":"2309MAS003","key":"1234567890987654321","ipa":"10.10.1.23"}
[2025-10-24 12:06:14]
Berhasil merespon "dariMCU_2309MAS003" : {"respon":[{"id":"16581755","nodevice":"2309MAS003","message":"BMPE","info":"Muhamad Miftahudin--Berhasil Presensi -Mulai-","nokartu":"738715FE"}]}
Berhasil kirim balasan ke "responServer_2309MAS003"

[2025-10-24 12:06:18]
Menerima pesan dari: dariMCU_2309MAS003 - Pesan: {"nokartu":"D32434FF","idchip":"16581755","nodevice":"2309MAS003","key":"1234567890987654321","ipa":"10.10.1.23"}
[2025-10-24 12:06:18]
Berhasil merespon "dariMCU_2309MAS003" : {"respon":[{"id":"16581755","nodevice":"2309MAS003","message":"BMPE","info":"Muhamad Ulil Albab--Berhasil Presensi -Mulai-","nokartu":"D32434FF"}]}
Berhasil kirim balasan ke "responServer_2309MAS003"

[2025-10-24 12:06:22]
Menerima pesan dari: dariMCU_2309MAS003 - Pesan: {"nokartu":"D32434FF","idchip":"16581755","nodevice":"2309MAS003","key":"1234567890987654321","ipa":"10.10.1.23"}
[2025-10-24 12:06:22]
Berhasil merespon "dariMCU_2309MAS003" : {"respon":[{"id":"16581755","nodevice":"2309MAS003","message":"510","info":"Muhamad Ulil Albab--TERCATAT! 4 dtk lalu","nokartu":"D32434FF"}]}
Berhasil kirim balasan ke "responServer_2309MAS003"

[2025-10-24 12:06:23]
Menerima pesan dari: dariMCU_2309MAS003 - Pesan: {"nokartu":"332A12FE","idchip":"16581755","nodevice":"2309MAS003","key":"1234567890987654321","ipa":"10.10.1.23"}
[2025-10-24 12:06:23]
Berhasil merespon "dariMCU_2309MAS003" : {"respon":[{"id":"16581755","nodevice":"2309MAS003","message":"BMPE","info":"Rehan Nibras Hibban--Berhasil Presensi -Mulai-","nokartu":"332A12FE"}]}
Berhasil kirim balasan ke "responServer_2309MAS003"

[2025-10-24 12:06:27]
Menerima pesan dari: dariMCU_2309MAS003 - Pesan: {"nokartu":"13EB7505","idchip":"16581755","nodevice":"2309MAS003","key":"1234567890987654321","ipa":"10.10.1.23"}
[2025-10-24 12:06:27]
Berhasil merespon "dariMCU_2309MAS003" : {"respon":[{"id":"16581755","nodevice":"2309MAS003","message":"510","info":"Agus Setiawan--TERCATAT! 22 dtk lalu","nokartu":"13EB7505"}]}
Berhasil kirim balasan ke "responServer_2309MAS003"

[2025-10-24 12:06:30]
Menerima pesan dari: dariMCU_2309MAS003 - Pesan: {"nokartu":"13EB7505","idchip":"16581755","nodevice":"2309MAS003","key":"1234567890987654321","ipa":"10.10.1.23"}
[2025-10-24 12:06:30]
Berhasil merespon "dariMCU_2309MAS003" : {"respon":[{"id":"16581755","nodevice":"2309MAS003","message":"510","info":"Agus Setiawan--TERCATAT! 25 dtk lalu","nokartu":"13EB7505"}]}
Berhasil kirim balasan ke "responServer_2309MAS003"

[2025-10-24 12:06:34]
Menerima pesan dari: dariMCU_2309MAS003 - Pesan: {"nokartu":"13EB7505","idchip":"16581755","nodevice":"2309MAS003","key":"1234567890987654321","ipa":"10.10.1.23"}
[2025-10-24 12:06:34]
Berhasil merespon "dariMCU_2309MAS003" : {"respon":[{"id":"16581755","nodevice":"2309MAS003","message":"510","info":"Agus Setiawan--TERCATAT! 29 dtk lalu","nokartu":"13EB7505"}]}
Berhasil kirim balasan ke "responServer_2309MAS003"

[2025-10-24 12:06:38]
Menerima pesan dari: dariMCU_2309MAS003 - Pesan: {"nokartu":"13EB7505","idchip":"16581755","nodevice":"2309MAS003","key":"1234567890987654321","ipa":"10.10.1.23"}
[2025-10-24 12:06:38]
Berhasil merespon "dariMCU_2309MAS003" : {"respon":[{"id":"16581755","nodevice":"2309MAS003","message":"510","info":"Agus Setiawan--TERCATAT! 33 dtk lalu","nokartu":"13EB7505"}]}
Berhasil kirim balasan ke "responServer_2309MAS003"

[2025-10-24 12:06:39]
Menerima pesan dari: dariMCU_2309MAS003 - Pesan: {"nokartu":"83074105","idchip":"16581755","nodevice":"2309MAS003","key":"1234567890987654321","ipa":"10.10.1.23"}
[2025-10-24 12:06:39]
Berhasil merespon "dariMCU_2309MAS003" : {"respon":[{"id":"16581755","nodevice":"2309MAS003","message":"BMPE","info":"Bika Argo Cahyo Atmuji--Berhasil Presensi -Mulai-","nokartu":"83074105"}]}
Berhasil kirim balasan ke "responServer_2309MAS003"

[2025-10-24 12:06:43]
Menerima pesan dari: dariMCU_2309MAS003 - Pesan: {"nokartu":"73C47105","idchip":"16581755","nodevice":"2309MAS003","key":"1234567890987654321","ipa":"10.10.1.23"}
[2025-10-24 12:06:43]
Berhasil merespon "dariMCU_2309MAS003" : {"respon":[{"id":"16581755","nodevice":"2309MAS003","message":"BMPE","info":"Zidan Galih Wicaksono--Berhasil Presensi -Mulai-","nokartu":"73C47105"}]}
Berhasil kirim balasan ke "responServer_2309MAS003"

[2025-10-24 12:06:47]
Menerima pesan dari: dariMCU_2309MAS003 - Pesan: {"nokartu":"73C47105","idchip":"16581755","nodevice":"2309MAS003","key":"1234567890987654321","ipa":"10.10.1.23"}
[2025-10-24 12:06:47]
Berhasil merespon "dariMCU_2309MAS003" : {"respon":[{"id":"16581755","nodevice":"2309MAS003","message":"510","info":"Zidan Galih Wicaksono--TERCATAT! 4 dtk lalu","nokartu":"73C47105"}]}
Berhasil kirim balasan ke "responServer_2309MAS003"

[2025-10-24 12:06:50]
Menerima pesan dari: dariMCU_2309MAS003 - Pesan: {"nokartu":"73C47105","idchip":"16581755","nodevice":"2309MAS003","key":"1234567890987654321","ipa":"10.10.1.23"}
[2025-10-24 12:06:50]
Berhasil merespon "dariMCU_2309MAS003" : {"respon":[{"id":"16581755","nodevice":"2309MAS003","message":"510","info":"Zidan Galih Wicaksono--TERCATAT! 7 dtk lalu","nokartu":"73C47105"}]}
Berhasil kirim balasan ke "responServer_2309MAS003"

[2025-10-24 12:06:55]
Menerima pesan dari: dariMCU_2309MAS003 - Pesan: {"nokartu":"03C816FE","idchip":"16581755","nodevice":"2309MAS003","key":"1234567890987654321","ipa":"10.10.1.23"}
[2025-10-24 12:06:55]
Berhasil merespon "dariMCU_2309MAS003" : {"respon":[{"id":"16581755","nodevice":"2309MAS003","message":"BMPE","info":"Nauval Wahyu Dwi Prastyo--Berhasil Presensi -Mulai-","nokartu":"03C816FE"}]}
Berhasil kirim balasan ke "responServer_2309MAS003"

[2025-10-24 12:06:58]
Menerima pesan dari: dariMCU_2309MAS003 - Pesan: {"nokartu":"03C816FE","idchip":"16581755","nodevice":"2309MAS003","key":"1234567890987654321","ipa":"10.10.1.23"}
[2025-10-24 12:06:58]
Berhasil merespon "dariMCU_2309MAS003" : {"respon":[{"id":"16581755","nodevice":"2309MAS003","message":"510","info":"Nauval Wahyu Dwi Prastyo--TERCATAT! 3 dtk lalu","nokartu":"03C816FE"}]}
Berhasil kirim balasan ke "responServer_2309MAS003"

[2025-10-24 12:24:08]
Menerima pesan dari: dariMCU_2309MAS003 - Pesan: {"nokartu":"13EB7505","idchip":"16581755","nodevice":"2309MAS003","key":"1234567890987654321","ipa":"10.10.1.23"}
[2025-10-24 12:24:08]
Berhasil merespon "dariMCU_2309MAS003" : {"respon":[{"id":"16581755","nodevice":"2309MAS003","message":"BPSE","info":"Agus Setiawan--Berhasil Presensi -Selesai-","nokartu":"13EB7505"}]}
Berhasil kirim balasan ke "responServer_2309MAS003"

[2025-10-24 12:24:12]
Menerima pesan dari: dariMCU_2309MAS003 - Pesan: {"nokartu":"636D7305","idchip":"16581755","nodevice":"2309MAS003","key":"1234567890987654321","ipa":"10.10.1.23"}
[2025-10-24 12:24:12]
Berhasil merespon "dariMCU_2309MAS003" : {"respon":[{"id":"16581755","nodevice":"2309MAS003","message":"BPSE","info":"Sasetyo--Berhasil Presensi -Selesai-","nokartu":"636D7305"}]}
Berhasil kirim balasan ke "responServer_2309MAS003"

[2025-10-24 12:24:15]
Menerima pesan dari: dariMCU_2309MAS003 - Pesan: {"nokartu":"636D7305","idchip":"16581755","nodevice":"2309MAS003","key":"1234567890987654321","ipa":"10.10.1.23"}
[2025-10-24 12:24:15]
Berhasil merespon "dariMCU_2309MAS003" : {"respon":[{"id":"16581755","nodevice":"2309MAS003","message":"510","info":"Sasetyo--TERCATAT! 3 dtk lalu","nokartu":"636D7305"}]}
Berhasil kirim balasan ke "responServer_2309MAS003"

[2025-10-24 12:24:20]
Menerima pesan dari: dariMCU_2309MAS003 - Pesan: {"nokartu":"83EC7605","idchip":"16581755","nodevice":"2309MAS003","key":"1234567890987654321","ipa":"10.10.1.23"}
[2025-10-24 12:24:20]
Berhasil merespon "dariMCU_2309MAS003" : {"respon":[{"id":"16581755","nodevice":"2309MAS003","message":"BMPE","info":"Rahmatullah Ramadani--Berhasil Presensi -Mulai-","nokartu":"83EC7605"}]}
Berhasil kirim balasan ke "responServer_2309MAS003"

[2025-10-24 12:24:24]
Menerima pesan dari: dariMCU_2309MAS003 - Pesan: {"nokartu":"83EC7605","idchip":"16581755","nodevice":"2309MAS003","key":"1234567890987654321","ipa":"10.10.1.23"}
[2025-10-24 12:24:24]
Berhasil merespon "dariMCU_2309MAS003" : {"respon":[{"id":"16581755","nodevice":"2309MAS003","message":"510","info":"Rahmatullah Ramadani--TERCATAT! 4 dtk lalu","nokartu":"83EC7605"}]}
Berhasil kirim balasan ke "responServer_2309MAS003"

[2025-10-24 12:24:25]
Menerima pesan dari: dariMCU_2309MAS003 - Pesan: {"nokartu":"83EC7605","idchip":"16581755","nodevice":"2309MAS003","key":"1234567890987654321","ipa":"10.10.1.23"}
[2025-10-24 12:24:25]
Berhasil merespon "dariMCU_2309MAS003" : {"respon":[{"id":"16581755","nodevice":"2309MAS003","message":"510","info":"Rahmatullah Ramadani--TERCATAT! 5 dtk lalu","nokartu":"83EC7605"}]}
Berhasil kirim balasan ke "responServer_2309MAS003"

[2025-10-24 12:24:42]
Menerima pesan dari: dariMCU_2309MAS003 - Pesan: {"nokartu":"6BF7B889","idchip":"16581755","nodevice":"2309MAS003","key":"1234567890987654321","ipa":"10.10.1.23"}
[2025-10-24 12:24:42]
Berhasil merespon "dariMCU_2309MAS003" : {"respon":[{"id":"16581755","nodevice":"2309MAS003","message":"BMPE","info":"Zidane Alfriansyah Pratama--Berhasil Presensi -Mulai-","nokartu":"6BF7B889"}]}
Berhasil kirim balasan ke "responServer_2309MAS003"

[2025-10-24 12:24:43]
Menerima pesan dari: dariMCU_2309MAS003 - Pesan: {"nokartu":"6BF7B889","idchip":"16581755","nodevice":"2309MAS003","key":"1234567890987654321","ipa":"10.10.1.23"}
[2025-10-24 12:24:43]
Berhasil merespon "dariMCU_2309MAS003" : {"respon":[{"id":"16581755","nodevice":"2309MAS003","message":"510","info":"Zidane Alfriansyah Pratama--TERCATAT! 1 dtk lalu","nokartu":"6BF7B889"}]}
Berhasil kirim balasan ke "responServer_2309MAS003"

[2025-10-24 12:33:39]
Menerima pesan dari: dariMCU_2309MAS003 - Pesan: {"nokartu":"23DD2EFF","idchip":"16581755","nodevice":"2309MAS003","key":"1234567890987654321","ipa":"10.10.1.23"}
[2025-10-24 12:33:39]
Berhasil merespon "dariMCU_2309MAS003" : {"respon":[{"id":"16581755","nodevice":"2309MAS003","message":"BMPE","info":"Widya Rachmawaty--Berhasil Presensi -Mulai-","nokartu":"23DD2EFF"}]}
Berhasil kirim balasan ke "responServer_2309MAS003"

[2025-10-24 12:33:42]
Menerima pesan dari: dariMCU_2309MAS003 - Pesan: {"nokartu":"23DD2EFF","idchip":"16581755","nodevice":"2309MAS003","key":"1234567890987654321","ipa":"10.10.1.23"}
[2025-10-24 12:33:42]
Berhasil merespon "dariMCU_2309MAS003" : {"respon":[{"id":"16581755","nodevice":"2309MAS003","message":"510","info":"Widya Rachmawaty--TERCATAT! 3 dtk lalu","nokartu":"23DD2EFF"}]}
Berhasil kirim balasan ke "responServer_2309MAS003"

[2025-10-24 12:33:43]
Menerima pesan dari: dariMCU_2309MAS003 - Pesan: {"nokartu":"23DD2EFF","idchip":"16581755","nodevice":"2309MAS003","key":"1234567890987654321","ipa":"10.10.1.23"}
[2025-10-24 12:33:43]
Berhasil merespon "dariMCU_2309MAS003" : {"respon":[{"id":"16581755","nodevice":"2309MAS003","message":"510","info":"Widya Rachmawaty--TERCATAT! 4 dtk lalu","nokartu":"23DD2EFF"}]}
Berhasil kirim balasan ke "responServer_2309MAS003"

[2025-10-24 12:33:48]
Menerima pesan dari: dariMCU_2309MAS003 - Pesan: {"nokartu":"134F0FFE","idchip":"16581755","nodevice":"2309MAS003","key":"1234567890987654321","ipa":"10.10.1.23"}
[2025-10-24 12:33:48]
Berhasil merespon "dariMCU_2309MAS003" : {"respon":[{"id":"16581755","nodevice":"2309MAS003","message":"BMPE","info":"Denis Shofia Dewanti--Berhasil Presensi -Mulai-","nokartu":"134F0FFE"}]}
Berhasil kirim balasan ke "responServer_2309MAS003"

[2025-10-24 12:33:52]
Menerima pesan dari: dariMCU_2309MAS003 - Pesan: {"nokartu":"134F0FFE","idchip":"16581755","nodevice":"2309MAS003","key":"1234567890987654321","ipa":"10.10.1.23"}
[2025-10-24 12:33:52]
Berhasil merespon "dariMCU_2309MAS003" : {"respon":[{"id":"16581755","nodevice":"2309MAS003","message":"510","info":"Denis Shofia Dewanti--TERCATAT! 4 dtk lalu","nokartu":"134F0FFE"}]}
Berhasil kirim balasan ke "responServer_2309MAS003"

[2025-10-24 12:33:57]
Menerima pesan dari: dariMCU_2309MAS003 - Pesan: {"nokartu":"C3BF32FF","idchip":"16581755","nodevice":"2309MAS003","key":"1234567890987654321","ipa":"10.10.1.23"}
[2025-10-24 12:33:57]
Berhasil merespon "dariMCU_2309MAS003" : {"respon":[{"id":"16581755","nodevice":"2309MAS003","message":"BMPE","info":"Leny Adilliani--Berhasil Presensi -Mulai-","nokartu":"C3BF32FF"}]}
Berhasil kirim balasan ke "responServer_2309MAS003"

[2025-10-24 12:34:01]
Menerima pesan dari: dariMCU_2309MAS003 - Pesan: {"nokartu":"C3BF32FF","idchip":"16581755","nodevice":"2309MAS003","key":"1234567890987654321","ipa":"10.10.1.23"}
[2025-10-24 12:34:01]
Berhasil merespon "dariMCU_2309MAS003" : {"respon":[{"id":"16581755","nodevice":"2309MAS003","message":"510","info":"Leny Adilliani--TERCATAT! 4 dtk lalu","nokartu":"C3BF32FF"}]}
Berhasil kirim balasan ke "responServer_2309MAS003"

[2025-10-24 12:34:11]
Menerima pesan dari: dariMCU_2309MAS003 - Pesan: {"nokartu":"033B10FE","idchip":"16581755","nodevice":"2309MAS003","key":"1234567890987654321","ipa":"10.10.1.23"}
[2025-10-24 12:34:11]
Berhasil merespon "dariMCU_2309MAS003" : {"respon":[{"id":"16581755","nodevice":"2309MAS003","message":"BMPE","info":"Dyah Ayu Riyanti--Berhasil Presensi -Mulai-","nokartu":"033B10FE"}]}
Berhasil kirim balasan ke "responServer_2309MAS003"

[2025-10-24 12:34:15]
Menerima pesan dari: dariMCU_2309MAS003 - Pesan: {"nokartu":"033B10FE","idchip":"16581755","nodevice":"2309MAS003","key":"1234567890987654321","ipa":"10.10.1.23"}
[2025-10-24 12:34:15]
Berhasil merespon "dariMCU_2309MAS003" : {"respon":[{"id":"16581755","nodevice":"2309MAS003","message":"510","info":"Dyah Ayu Riyanti--TERCATAT! 4 dtk lalu","nokartu":"033B10FE"}]}
Berhasil kirim balasan ke "responServer_2309MAS003"

[2025-10-24 12:34:16]
Menerima pesan dari: dariMCU_2309MAS003 - Pesan: {"nokartu":"033B10FE","idchip":"16581755","nodevice":"2309MAS003","key":"1234567890987654321","ipa":"10.10.1.23"}
[2025-10-24 12:34:16]
Berhasil merespon "dariMCU_2309MAS003" : {"respon":[{"id":"16581755","nodevice":"2309MAS003","message":"510","info":"Dyah Ayu Riyanti--TERCATAT! 5 dtk lalu","nokartu":"033B10FE"}]}
Berhasil kirim balasan ke "responServer_2309MAS003"

[2025-10-24 12:34:20]
Menerima pesan dari: dariMCU_2309MAS003 - Pesan: {"nokartu":"A39E14FF","idchip":"16581755","nodevice":"2309MAS003","key":"1234567890987654321","ipa":"10.10.1.23"}
[2025-10-24 12:34:20]
Berhasil merespon "dariMCU_2309MAS003" : {"respon":[{"id":"16581755","nodevice":"2309MAS003","message":"IDTT","info":"Kartu ID ini--belum terdaftar","nokartu":"A39E14FF"}]}
Berhasil kirim balasan ke "responServer_2309MAS003"

[2025-10-24 12:34:25]
Menerima pesan dari: dariMCU_2309MAS003 - Pesan: {"nokartu":"A39E14FF","idchip":"16581755","nodevice":"2309MAS003","key":"1234567890987654321","ipa":"10.10.1.23"}
[2025-10-24 12:34:25]
Berhasil merespon "dariMCU_2309MAS003" : {"respon":[{"id":"16581755","nodevice":"2309MAS003","message":"IDTT","info":"Kartu ID ini--belum terdaftar","nokartu":"A39E14FF"}]}
Berhasil kirim balasan ke "responServer_2309MAS003"

[2025-10-24 12:34:26]
Menerima pesan dari: dariMCU_2309MAS003 - Pesan: {"nokartu":"A39E14FF","idchip":"16581755","nodevice":"2309MAS003","key":"1234567890987654321","ipa":"10.10.1.23"}
[2025-10-24 12:34:26]
Berhasil merespon "dariMCU_2309MAS003" : {"respon":[{"id":"16581755","nodevice":"2309MAS003","message":"IDTT","info":"Kartu ID ini--belum terdaftar","nokartu":"A39E14FF"}]}
Berhasil kirim balasan ke "responServer_2309MAS003"

[2025-10-24 12:34:31]
Menerima pesan dari: dariMCU_2309MAS003 - Pesan: {"nokartu":"A39E14FF","idchip":"16581755","nodevice":"2309MAS003","key":"1234567890987654321","ipa":"10.10.1.23"}
[2025-10-24 12:34:31]
Berhasil merespon "dariMCU_2309MAS003" : {"respon":[{"id":"16581755","nodevice":"2309MAS003","message":"IDTT","info":"Kartu ID ini--belum terdaftar","nokartu":"A39E14FF"}]}
Berhasil kirim balasan ke "responServer_2309MAS003"

[2025-10-24 12:34:44]
Menerima pesan dari: dariMCU_2309MAS003 - Pesan: {"nokartu":"A39E14FF","idchip":"16581755","nodevice":"2309MAS003","key":"1234567890987654321","ipa":"10.10.1.23"}
[2025-10-24 12:34:44]
Berhasil merespon "dariMCU_2309MAS003" : {"respon":[{"id":"16581755","nodevice":"2309MAS003","message":"IDTT","info":"Kartu ID ini--belum terdaftar","nokartu":"A39E14FF"}]}
Berhasil kirim balasan ke "responServer_2309MAS003"

[2025-10-24 12:41:09]
Menerima pesan dari: dariMCU_2309MAS003 - Pesan: {"nokartu":"033B10FE","idchip":"16581755","nodevice":"2309MAS003","key":"1234567890987654321","ipa":"10.10.1.23"}
[2025-10-24 12:41:09]
Berhasil merespon "dariMCU_2309MAS003" : {"respon":[{"id":"16581755","nodevice":"2309MAS003","message":"BPSE","info":"Dyah Ayu Riyanti--Berhasil Presensi -Selesai-","nokartu":"033B10FE"}]}
Berhasil kirim balasan ke "responServer_2309MAS003"

[2025-10-24 12:41:12]
Menerima pesan dari: dariMCU_2309MAS003 - Pesan: {"nokartu":"033B10FE","idchip":"16581755","nodevice":"2309MAS003","key":"1234567890987654321","ipa":"10.10.1.23"}
[2025-10-24 12:41:12]
Berhasil merespon "dariMCU_2309MAS003" : {"respon":[{"id":"16581755","nodevice":"2309MAS003","message":"510","info":"Dyah Ayu Riyanti--TERCATAT! 3 dtk lalu","nokartu":"033B10FE"}]}
Berhasil kirim balasan ke "responServer_2309MAS003"

[2025-10-24 12:41:13]
Menerima pesan dari: dariMCU_2309MAS003 - Pesan: {"nokartu":"033B10FE","idchip":"16581755","nodevice":"2309MAS003","key":"1234567890987654321","ipa":"10.10.1.23"}
[2025-10-24 12:41:13]
Berhasil merespon "dariMCU_2309MAS003" : {"respon":[{"id":"16581755","nodevice":"2309MAS003","message":"510","info":"Dyah Ayu Riyanti--TERCATAT! 4 dtk lalu","nokartu":"033B10FE"}]}
Berhasil kirim balasan ke "responServer_2309MAS003"

[2025-10-24 12:41:18]
Menerima pesan dari: dariMCU_2309MAS003 - Pesan: {"nokartu":"A39E14FF","idchip":"16581755","nodevice":"2309MAS003","key":"1234567890987654321","ipa":"10.10.1.23"}
[2025-10-24 12:41:18]
Berhasil merespon "dariMCU_2309MAS003" : {"respon":[{"id":"16581755","nodevice":"2309MAS003","message":"IDTT","info":"Kartu ID ini--belum terdaftar","nokartu":"A39E14FF"}]}
Berhasil kirim balasan ke "responServer_2309MAS003"

[2025-10-24 12:41:23]
Menerima pesan dari: dariMCU_2309MAS003 - Pesan: {"nokartu":"A39E14FF","idchip":"16581755","nodevice":"2309MAS003","key":"1234567890987654321","ipa":"10.10.1.23"}
[2025-10-24 12:41:23]
Berhasil merespon "dariMCU_2309MAS003" : {"respon":[{"id":"16581755","nodevice":"2309MAS003","message":"IDTT","info":"Kartu ID ini--belum terdaftar","nokartu":"A39E14FF"}]}
Berhasil kirim balasan ke "responServer_2309MAS003"

[2025-10-24 12:44:28]
Menerima pesan dari: dariMCU_2309IZ003 - Pesan: {"nokartu":"831934FF","idchip":"7737844","nodevice":"2309IZ003","key":"1234567890987654321","ipa":"10.10.25.71"}
[2025-10-24 12:44:28]
Berhasil merespon "dariMCU_2309IZ003" : {"respon":[{"id":"7737844","nodevice":"2309IZ003","message":"BMPE","info":"Nadya Rizka Safitri--Berhasil Presensi -Mulai-","nokartu":"831934FF"}]}
Berhasil kirim balasan ke "responServer_2309IZ003"

[2025-10-24 12:44:31]
Menerima pesan dari: dariMCU_2309IZ003 - Pesan: {"nokartu":"831934FF","idchip":"7737844","nodevice":"2309IZ003","key":"1234567890987654321","ipa":"10.10.25.71"}
[2025-10-24 12:44:31]
Berhasil merespon "dariMCU_2309IZ003" : {"respon":[{"id":"7737844","nodevice":"2309IZ003","message":"510","info":"Nadya Rizka Safitri--TERCATAT! 3 dtk lalu","nokartu":"831934FF"}]}
Berhasil kirim balasan ke "responServer_2309IZ003"

[2025-10-24 12:44:32]
Menerima pesan dari: dariMCU_2309IZ003 - Pesan: {"nokartu":"A39411FE","idchip":"7737844","nodevice":"2309IZ003","key":"1234567890987654321","ipa":"10.10.25.71"}
[2025-10-24 12:44:32]
Berhasil merespon "dariMCU_2309IZ003" : {"respon":[{"id":"7737844","nodevice":"2309IZ003","message":"BMPE","info":"Anzilna Qilada Bilaura--Berhasil Presensi -Mulai-","nokartu":"A39411FE"}]}
Berhasil kirim balasan ke "responServer_2309IZ003"

[2025-10-24 12:44:37]
Menerima pesan dari: dariMCU_2309IZ003 - Pesan: {"nokartu":"23542FFF","idchip":"7737844","nodevice":"2309IZ003","key":"1234567890987654321","ipa":"10.10.25.71"}
[2025-10-24 12:44:37]
Berhasil merespon "dariMCU_2309IZ003" : {"respon":[{"id":"7737844","nodevice":"2309IZ003","message":"BMPE","info":"Devia Lovita Artika--Berhasil Presensi -Mulai-","nokartu":"23542FFF"}]}
Berhasil kirim balasan ke "responServer_2309IZ003"

[2025-10-24 12:44:41]
Menerima pesan dari: dariMCU_2309IZ003 - Pesan: {"nokartu":"23542FFF","idchip":"7737844","nodevice":"2309IZ003","key":"1234567890987654321","ipa":"10.10.25.71"}
[2025-10-24 12:44:41]
Berhasil merespon "dariMCU_2309IZ003" : {"respon":[{"id":"7737844","nodevice":"2309IZ003","message":"510","info":"Devia Lovita Artika--TERCATAT! 4 dtk lalu","nokartu":"23542FFF"}]}
Berhasil kirim balasan ke "responServer_2309IZ003"

[2025-10-24 12:44:42]
Menerima pesan dari: dariMCU_2309IZ003 - Pesan: {"nokartu":"93DD12FE","idchip":"7737844","nodevice":"2309IZ003","key":"1234567890987654321","ipa":"10.10.25.71"}
[2025-10-24 12:44:42]
Berhasil merespon "dariMCU_2309IZ003" : {"respon":[{"id":"7737844","nodevice":"2309IZ003","message":"BMPE","info":"Wahidatul Hasanah--Berhasil Presensi -Mulai-","nokartu":"93DD12FE"}]}
Berhasil kirim balasan ke "responServer_2309IZ003"

[2025-10-24 12:44:45]
Menerima pesan dari: dariMCU_2309IZ003 - Pesan: {"nokartu":"831934FF","idchip":"7737844","nodevice":"2309IZ003","key":"1234567890987654321","ipa":"10.10.25.71"}
[2025-10-24 12:44:45]
Berhasil merespon "dariMCU_2309IZ003" : {"respon":[{"id":"7737844","nodevice":"2309IZ003","message":"510","info":"Nadya Rizka Safitri--TERCATAT! 17 dtk lalu","nokartu":"831934FF"}]}
Berhasil kirim balasan ke "responServer_2309IZ003"

[2025-10-24 12:44:49]
Menerima pesan dari: dariMCU_2309IZ003 - Pesan: {"nokartu":"831934FF","idchip":"7737844","nodevice":"2309IZ003","key":"1234567890987654321","ipa":"10.10.25.71"}
[2025-10-24 12:44:49]
Berhasil merespon "dariMCU_2309IZ003" : {"respon":[{"id":"7737844","nodevice":"2309IZ003","message":"510","info":"Nadya Rizka Safitri--TERCATAT! 21 dtk lalu","nokartu":"831934FF"}]}
Berhasil kirim balasan ke "responServer_2309IZ003"

[2025-10-24 12:51:59]
Menerima pesan dari: dariMCU_2309MAS003 - Pesan: {"nokartu":"A3BF15FE","idchip":"16581755","nodevice":"2309MAS003","key":"1234567890987654321","ipa":"10.10.1.23"}
[2025-10-24 12:51:59]
Berhasil merespon "dariMCU_2309MAS003" : {"respon":[{"id":"16581755","nodevice":"2309MAS003","message":"BMPE","info":"Zenitha Sevira--Berhasil Presensi -Mulai-","nokartu":"A3BF15FE"}]}
Berhasil kirim balasan ke "responServer_2309MAS003"

[2025-10-24 12:52:03]
Menerima pesan dari: dariMCU_2309MAS003 - Pesan: {"nokartu":"835931FF","idchip":"16581755","nodevice":"2309MAS003","key":"1234567890987654321","ipa":"10.10.1.23"}
[2025-10-24 12:52:03]
Berhasil merespon "dariMCU_2309MAS003" : {"respon":[{"id":"16581755","nodevice":"2309MAS003","message":"BMPE","info":"Dian Lestari--Berhasil Presensi -Mulai-","nokartu":"835931FF"}]}
Berhasil kirim balasan ke "responServer_2309MAS003"

[2025-10-24 12:52:08]
Menerima pesan dari: dariMCU_2309MAS003 - Pesan: {"nokartu":"A3BF15FE","idchip":"16581755","nodevice":"2309MAS003","key":"1234567890987654321","ipa":"10.10.1.23"}
[2025-10-24 12:52:08]
Berhasil merespon "dariMCU_2309MAS003" : {"respon":[{"id":"16581755","nodevice":"2309MAS003","message":"510","info":"Zenitha Sevira--TERCATAT! 9 dtk lalu","nokartu":"A3BF15FE"}]}
Berhasil kirim balasan ke "responServer_2309MAS003"

[2025-10-24 13:01:25]
Menerima pesan dari: dariMCU_2309MAS003 - Pesan: {"nokartu":"C38C0BFE","idchip":"16581755","nodevice":"2309MAS003","key":"1234567890987654321","ipa":"10.10.1.23"}
[2025-10-24 13:01:25]
Berhasil merespon "dariMCU_2309MAS003" : {"respon":[{"id":"16581755","nodevice":"2309MAS003","message":"BMPE","info":"Viana Zahra--Berhasil Presensi -Mulai-","nokartu":"C38C0BFE"}]}
Berhasil kirim balasan ke "responServer_2309MAS003"

[2025-10-24 13:01:29]
Menerima pesan dari: dariMCU_2309MAS003 - Pesan: {"nokartu":"C38C0BFE","idchip":"16581755","nodevice":"2309MAS003","key":"1234567890987654321","ipa":"10.10.1.23"}
[2025-10-24 13:01:29]
Berhasil merespon "dariMCU_2309MAS003" : {"respon":[{"id":"16581755","nodevice":"2309MAS003","message":"510","info":"Viana Zahra--TERCATAT! 4 dtk lalu","nokartu":"C38C0BFE"}]}
Berhasil kirim balasan ke "responServer_2309MAS003"

[2025-10-24 13:01:34]
Menerima pesan dari: dariMCU_2309MAS003 - Pesan: {"nokartu":"93284105","idchip":"16581755","nodevice":"2309MAS003","key":"1234567890987654321","ipa":"10.10.1.23"}
[2025-10-24 13:01:34]
Berhasil merespon "dariMCU_2309MAS003" : {"respon":[{"id":"16581755","nodevice":"2309MAS003","message":"BMPE","info":"Dika Setiyani--Berhasil Presensi -Mulai-","nokartu":"93284105"}]}
Berhasil kirim balasan ke "responServer_2309MAS003"

[2025-10-24 13:01:37]
Menerima pesan dari: dariMCU_2309MAS003 - Pesan: {"nokartu":"93284105","idchip":"16581755","nodevice":"2309MAS003","key":"1234567890987654321","ipa":"10.10.1.23"}
[2025-10-24 13:01:37]
Berhasil merespon "dariMCU_2309MAS003" : {"respon":[{"id":"16581755","nodevice":"2309MAS003","message":"510","info":"Dika Setiyani--TERCATAT! 3 dtk lalu","nokartu":"93284105"}]}
Berhasil kirim balasan ke "responServer_2309MAS003"

[2025-10-24 13:01:38]
Menerima pesan dari: dariMCU_2309MAS003 - Pesan: {"nokartu":"D3547D05","idchip":"16581755","nodevice":"2309MAS003","key":"1234567890987654321","ipa":"10.10.1.23"}
[2025-10-24 13:01:38]
Berhasil merespon "dariMCU_2309MAS003" : {"respon":[{"id":"16581755","nodevice":"2309MAS003","message":"BMPE","info":"Fanira Citra Dewi--Berhasil Presensi -Mulai-","nokartu":"D3547D05"}]}
Berhasil kirim balasan ke "responServer_2309MAS003"

[2025-10-24 13:01:47]
Menerima pesan dari: dariMCU_2309MAS003 - Pesan: {"nokartu":"C31F05FE","idchip":"16581755","nodevice":"2309MAS003","key":"1234567890987654321","ipa":"10.10.1.23"}
[2025-10-24 13:01:47]
Berhasil merespon "dariMCU_2309MAS003" : {"respon":[{"id":"16581755","nodevice":"2309MAS003","message":"BMPE","info":"Sofa Nur Hasanah--Berhasil Presensi -Mulai-","nokartu":"C31F05FE"}]}
Berhasil kirim balasan ke "responServer_2309MAS003"

[2025-10-24 13:01:50]
Menerima pesan dari: dariMCU_2309MAS003 - Pesan: {"nokartu":"C31F05FE","idchip":"16581755","nodevice":"2309MAS003","key":"1234567890987654321","ipa":"10.10.1.23"}
[2025-10-24 13:01:50]
Berhasil merespon "dariMCU_2309MAS003" : {"respon":[{"id":"16581755","nodevice":"2309MAS003","message":"510","info":"Sofa Nur Hasanah--TERCATAT! 3 dtk lalu","nokartu":"C31F05FE"}]}
Berhasil kirim balasan ke "responServer_2309MAS003"

[2025-10-24 13:06:16]
Menerima pesan dari: dariMCU_2309MAS003 - Pesan: {"nokartu":"63E333FF","idchip":"16581755","nodevice":"2309MAS003","key":"1234567890987654321","ipa":"10.10.1.23"}
[2025-10-24 13:06:16]
Berhasil merespon "dariMCU_2309MAS003" : {"respon":[{"id":"16581755","nodevice":"2309MAS003","message":"BMPE","info":"Aprilia Candra Pratiwi--Berhasil Presensi -Mulai-","nokartu":"63E333FF"}]}
Berhasil kirim balasan ke "responServer_2309MAS003"

[2025-10-24 13:06:19]
Menerima pesan dari: dariMCU_2309MAS003 - Pesan: {"nokartu":"63E333FF","idchip":"16581755","nodevice":"2309MAS003","key":"1234567890987654321","ipa":"10.10.1.23"}
[2025-10-24 13:06:19]
Berhasil merespon "dariMCU_2309MAS003" : {"respon":[{"id":"16581755","nodevice":"2309MAS003","message":"510","info":"Aprilia Candra Pratiwi--TERCATAT! 3 dtk lalu","nokartu":"63E333FF"}]}
Berhasil kirim balasan ke "responServer_2309MAS003"

[2025-10-24 14:01:27]
Menerima pesan dari: dariMCU_2309MAS003 - Pesan: {"nokartu":"53267F05","idchip":"16581755","nodevice":"2309MAS003","key":"1234567890987654321","ipa":"10.10.1.23"}
[2025-10-24 14:01:27]
Berhasil merespon "dariMCU_2309MAS003" : {"respon":[{"id":"16581755","nodevice":"2309MAS003","message":"BMPE","info":"Tri Yunita Fatma Sari--Berhasil Presensi -Mulai-","nokartu":"53267F05"}]}
Berhasil kirim balasan ke "responServer_2309MAS003"

[2025-10-24 14:02:40]
Menerima pesan dari: dariMCU_2309MAS003 - Pesan: {"nokartu":"53B04805","idchip":"16581755","nodevice":"2309MAS003","key":"1234567890987654321","ipa":"10.10.1.23"}
[2025-10-24 14:02:40]
Berhasil merespon "dariMCU_2309MAS003" : {"respon":[{"id":"16581755","nodevice":"2309MAS003","message":"BMPE","info":"Yuly Risqi Aningrum--Berhasil Presensi -Mulai-","nokartu":"53B04805"}]}
Berhasil kirim balasan ke "responServer_2309MAS003"

