[2025-10-31 09:28:44]
Menerima pesan dari: dariMCU/2309MAS003 - Pesan: {"nokartu":"74EDC6B9","idchip":"16581755","nodevice":"2309MAS003","key":"1234567890987654321","ipa":"10.10.1.23"}
[2025-10-31 09:28:44]
Berhasil merespon "dariMCU/2309MAS003" : {"respon":[{"id":"16581755","nodevice":"2309MAS003","message":"TBPS","info":"Benny Surahman, S.Pd--Tidak bisa melakukan presensi sekarang.","nokartu":"74EDC6B9"}]}
Berhasil kirim balasan ke "responServer/2309MAS003"

[2025-10-31 09:28:45]
Menerima pesan dari: dariMCU/2309MAS001 - Pesan: {"nokartu":"74EDC6B9","idchip":"4115046","nodevice":"2309MAS001","key":"1234567890987654321","ipa":"10.10.11.5"}
[2025-10-31 09:28:45]
Berhasil merespon "dariMCU/2309MAS001" : {"respon":[{"id":"4115046","nodevice":"2309MAS001","message":"TBPS","info":"Benny Surahman, S.Pd--Tidak bisa melakukan presensi sekarang.","nokartu":"74EDC6B9"}]}
Berhasil kirim balasan ke "responServer/2309MAS001"

[2025-10-31 09:28:46]
Menerima pesan dari: dariMCU/2309MAS002 - Pesan: {"nokartu":"74EDC6B9","idchip":"1165251","nodevice":"2309MAS002","key":"1234567890987654321","ipa":"10.10.10.238"}
[2025-10-31 09:28:46]
Berhasil merespon "dariMCU/2309MAS002" : {"respon":[{"id":"1165251","nodevice":"2309MAS002","message":"TBPS","info":"Benny Surahman, S.Pd--Tidak bisa melakukan presensi sekarang.","nokartu":"74EDC6B9"}]}
Berhasil kirim balasan ke "responServer/2309MAS002"

[2025-10-31 09:28:49]
Menerima pesan dari: dariMCU/2309MAS003 - Pesan: {"nokartu":"74EDC6B9","idchip":"16581755","nodevice":"2309MAS003","key":"1234567890987654321","ipa":"10.10.1.23"}
[2025-10-31 09:28:49]
Berhasil merespon "dariMCU/2309MAS003" : {"respon":[{"id":"16581755","nodevice":"2309MAS003","message":"TBPS","info":"Benny Surahman, S.Pd--Tidak bisa melakukan presensi sekarang.","nokartu":"74EDC6B9"}]}
Berhasil kirim balasan ke "responServer/2309MAS003"

[2025-10-31 09:28:50]
Menerima pesan dari: dariMCU/2309MAS001 - Pesan: {"nokartu":"74EDC6B9","idchip":"4115046","nodevice":"2309MAS001","key":"1234567890987654321","ipa":"10.10.11.5"}
[2025-10-31 09:28:50]
Berhasil merespon "dariMCU/2309MAS001" : {"respon":[{"id":"4115046","nodevice":"2309MAS001","message":"TBPS","info":"Benny Surahman, S.Pd--Tidak bisa melakukan presensi sekarang.","nokartu":"74EDC6B9"}]}
Berhasil kirim balasan ke "responServer/2309MAS001"

[2025-10-31 09:28:52]
Menerima pesan dari: dariMCU/2309MAS002 - Pesan: {"nokartu":"74EDC6B9","idchip":"1165251","nodevice":"2309MAS002","key":"1234567890987654321","ipa":"10.10.10.238"}
[2025-10-31 09:28:52]
Berhasil merespon "dariMCU/2309MAS002" : {"respon":[{"id":"1165251","nodevice":"2309MAS002","message":"TBPS","info":"Benny Surahman, S.Pd--Tidak bisa melakukan presensi sekarang.","nokartu":"74EDC6B9"}]}
Berhasil kirim balasan ke "responServer/2309MAS002"

[2025-10-31 09:28:55]
Menerima pesan dari: dariMCU/2309MAS003 - Pesan: {"nokartu":"74EDC6B9","idchip":"16581755","nodevice":"2309MAS003","key":"1234567890987654321","ipa":"10.10.1.23"}
[2025-10-31 09:28:55]
Berhasil merespon "dariMCU/2309MAS003" : {"respon":[{"id":"16581755","nodevice":"2309MAS003","message":"TBPS","info":"Benny Surahman, S.Pd--Tidak bisa melakukan presensi sekarang.","nokartu":"74EDC6B9"}]}
Berhasil kirim balasan ke "responServer/2309MAS003"

[2025-10-31 09:28:57]
Menerima pesan dari: dariMCU/2309MAS001 - Pesan: {"nokartu":"74EDC6B9","idchip":"4115046","nodevice":"2309MAS001","key":"1234567890987654321","ipa":"10.10.11.5"}
[2025-10-31 09:28:57]
Berhasil merespon "dariMCU/2309MAS001" : {"respon":[{"id":"4115046","nodevice":"2309MAS001","message":"TBPS","info":"Benny Surahman, S.Pd--Tidak bisa melakukan presensi sekarang.","nokartu":"74EDC6B9"}]}
Berhasil kirim balasan ke "responServer/2309MAS001"

[2025-10-31 09:28:58]
Menerima pesan dari: dariMCU/2309MAS002 - Pesan: {"nokartu":"74EDC6B9","idchip":"1165251","nodevice":"2309MAS002","key":"1234567890987654321","ipa":"10.10.10.238"}
[2025-10-31 09:28:58]
Berhasil merespon "dariMCU/2309MAS002" : {"respon":[{"id":"1165251","nodevice":"2309MAS002","message":"TBPS","info":"Benny Surahman, S.Pd--Tidak bisa melakukan presensi sekarang.","nokartu":"74EDC6B9"}]}
Berhasil kirim balasan ke "responServer/2309MAS002"

[2025-10-31 09:30:30]
Menerima pesan dari: dariMCU/2309MAS003 - Pesan: {"nokartu":"74EDC6B9","idchip":"16581755","nodevice":"2309MAS003","key":"1234567890987654321","ipa":"10.10.1.23"}
[2025-10-31 09:30:30]
Berhasil merespon "dariMCU/2309MAS003" : {"respon":[{"id":"16581755","nodevice":"2309MAS003","message":"TBPS","info":"Benny Surahman, S.Pd--Tidak bisa melakukan presensi sekarang.","nokartu":"74EDC6B9"}]}
Berhasil kirim balasan ke "responServer/2309MAS003"

[2025-10-31 09:30:32]
Menerima pesan dari: dariMCU/2309MAS001 - Pesan: {"nokartu":"74EDC6B9","idchip":"4115046","nodevice":"2309MAS001","key":"1234567890987654321","ipa":"10.10.11.5"}
[2025-10-31 09:30:32]
Berhasil merespon "dariMCU/2309MAS001" : {"respon":[{"id":"4115046","nodevice":"2309MAS001","message":"TBPS","info":"Benny Surahman, S.Pd--Tidak bisa melakukan presensi sekarang.","nokartu":"74EDC6B9"}]}
Berhasil kirim balasan ke "responServer/2309MAS001"

[2025-10-31 09:30:33]
Menerima pesan dari: dariMCU/2309MAS002 - Pesan: {"nokartu":"74EDC6B9","idchip":"1165251","nodevice":"2309MAS002","key":"1234567890987654321","ipa":"10.10.10.238"}
[2025-10-31 09:30:33]
Berhasil merespon "dariMCU/2309MAS002" : {"respon":[{"id":"1165251","nodevice":"2309MAS002","message":"TBPS","info":"Benny Surahman, S.Pd--Tidak bisa melakukan presensi sekarang.","nokartu":"74EDC6B9"}]}
Berhasil kirim balasan ke "responServer/2309MAS002"

[2025-10-31 09:30:36]
Menerima pesan dari: dariMCU/2309MAS003 - Pesan: {"nokartu":"74EDC6B9","idchip":"16581755","nodevice":"2309MAS003","key":"1234567890987654321","ipa":"10.10.1.23"}
[2025-10-31 09:30:36]
Berhasil merespon "dariMCU/2309MAS003" : {"respon":[{"id":"16581755","nodevice":"2309MAS003","message":"TBPS","info":"Benny Surahman, S.Pd--Tidak bisa melakukan presensi sekarang.","nokartu":"74EDC6B9"}]}
Berhasil kirim balasan ke "responServer/2309MAS003"

[2025-10-31 09:30:38]
Menerima pesan dari: dariMCU/2309MAS001 - Pesan: {"nokartu":"74EDC6B9","idchip":"4115046","nodevice":"2309MAS001","key":"1234567890987654321","ipa":"10.10.11.5"}
[2025-10-31 09:30:38]
Berhasil merespon "dariMCU/2309MAS001" : {"respon":[{"id":"4115046","nodevice":"2309MAS001","message":"TBPS","info":"Benny Surahman, S.Pd--Tidak bisa melakukan presensi sekarang.","nokartu":"74EDC6B9"}]}
Berhasil kirim balasan ke "responServer/2309MAS001"

[2025-10-31 09:30:39]
Menerima pesan dari: dariMCU/2309MAS002 - Pesan: {"nokartu":"74EDC6B9","idchip":"1165251","nodevice":"2309MAS002","key":"1234567890987654321","ipa":"10.10.10.238"}
[2025-10-31 09:30:39]
Berhasil merespon "dariMCU/2309MAS002" : {"respon":[{"id":"1165251","nodevice":"2309MAS002","message":"TBPS","info":"Benny Surahman, S.Pd--Tidak bisa melakukan presensi sekarang.","nokartu":"74EDC6B9"}]}
Berhasil kirim balasan ke "responServer/2309MAS002"

[2025-10-31 09:30:42]
Menerima pesan dari: dariMCU/2309MAS003 - Pesan: {"nokartu":"74EDC6B9","idchip":"16581755","nodevice":"2309MAS003","key":"1234567890987654321","ipa":"10.10.1.23"}
[2025-10-31 09:30:42]
Berhasil merespon "dariMCU/2309MAS003" : {"respon":[{"id":"16581755","nodevice":"2309MAS003","message":"TBPS","info":"Benny Surahman, S.Pd--Tidak bisa melakukan presensi sekarang.","nokartu":"74EDC6B9"}]}
Berhasil kirim balasan ke "responServer/2309MAS003"

[2025-10-31 09:30:44]
Menerima pesan dari: dariMCU/2309MAS001 - Pesan: {"nokartu":"74EDC6B9","idchip":"4115046","nodevice":"2309MAS001","key":"1234567890987654321","ipa":"10.10.11.5"}
[2025-10-31 09:30:44]
Berhasil merespon "dariMCU/2309MAS001" : {"respon":[{"id":"4115046","nodevice":"2309MAS001","message":"TBPS","info":"Benny Surahman, S.Pd--Tidak bisa melakukan presensi sekarang.","nokartu":"74EDC6B9"}]}
Berhasil kirim balasan ke "responServer/2309MAS001"

[2025-10-31 09:30:46]
Menerima pesan dari: dariMCU/2309MAS002 - Pesan: {"nokartu":"74EDC6B9","idchip":"1165251","nodevice":"2309MAS002","key":"1234567890987654321","ipa":"10.10.10.238"}
[2025-10-31 09:30:46]
Berhasil merespon "dariMCU/2309MAS002" : {"respon":[{"id":"1165251","nodevice":"2309MAS002","message":"TBPS","info":"Benny Surahman, S.Pd--Tidak bisa melakukan presensi sekarang.","nokartu":"74EDC6B9"}]}
Berhasil kirim balasan ke "responServer/2309MAS002"

[2025-10-31 09:30:52]
Menerima pesan dari: dariMCU/2309MAS003 - Pesan: {"nokartu":"74EDC6B9","idchip":"16581755","nodevice":"2309MAS003","key":"1234567890987654321","ipa":"10.10.1.23"}
[2025-10-31 09:30:52]
Berhasil merespon "dariMCU/2309MAS003" : {"respon":[{"id":"16581755","nodevice":"2309MAS003","message":"TBPS","info":"Benny Surahman, S.Pd--Tidak bisa melakukan presensi sekarang.","nokartu":"74EDC6B9"}]}
Berhasil kirim balasan ke "responServer/2309MAS003"

[2025-10-31 09:49:54]
Menerima pesan dari: dariMCU/2309MAS003 - Pesan: {"nokartu":"74EDC6B9","idchip":"16581755","nodevice":"2309MAS003","key":"1234567890987654321","ipa":"10.10.1.23"}
[2025-10-31 09:49:54]
Berhasil merespon "dariMCU/2309MAS003" : {"respon":[{"id":"16581755","nodevice":"2309MAS003","message":"TBPS","info":"Benny Surahman, S.Pd--Tidak bisa melakukan presensi sekarang.","nokartu":"74EDC6B9"}]}
Berhasil kirim balasan ke "responServer/2309MAS003"

[2025-10-31 09:49:55]
Menerima pesan dari: dariMCU/2309MAS001 - Pesan: {"nokartu":"74EDC6B9","idchip":"4115046","nodevice":"2309MAS001","key":"1234567890987654321","ipa":"10.10.11.5"}
[2025-10-31 09:49:55]
Berhasil merespon "dariMCU/2309MAS001" : {"respon":[{"id":"4115046","nodevice":"2309MAS001","message":"TBPS","info":"Benny Surahman, S.Pd--Tidak bisa melakukan presensi sekarang.","nokartu":"74EDC6B9"}]}
Berhasil kirim balasan ke "responServer/2309MAS001"

[2025-10-31 09:49:56]
Menerima pesan dari: dariMCU/2309MAS002 - Pesan: {"nokartu":"74EDC6B9","idchip":"1165251","nodevice":"2309MAS002","key":"1234567890987654321","ipa":"10.10.10.238"}
[2025-10-31 09:49:56]
Berhasil merespon "dariMCU/2309MAS002" : {"respon":[{"id":"1165251","nodevice":"2309MAS002","message":"TBPS","info":"Benny Surahman, S.Pd--Tidak bisa melakukan presensi sekarang.","nokartu":"74EDC6B9"}]}
Berhasil kirim balasan ke "responServer/2309MAS002"

[2025-10-31 09:50:01]
Menerima pesan dari: dariMCU/2309MAS003 - Pesan: {"nokartu":"74EDC6B9","idchip":"16581755","nodevice":"2309MAS003","key":"1234567890987654321","ipa":"10.10.1.23"}
[2025-10-31 09:50:01]
Berhasil merespon "dariMCU/2309MAS003" : {"respon":[{"id":"16581755","nodevice":"2309MAS003","message":"TBPS","info":"Benny Surahman, S.Pd--Tidak bisa melakukan presensi sekarang.","nokartu":"74EDC6B9"}]}
Berhasil kirim balasan ke "responServer/2309MAS003"

[2025-10-31 09:50:01]
Menerima pesan dari: dariMCU/2309MAS003 - Pesan: {"nokartu":"74EDC6B9","idchip":"16581755","nodevice":"2309MAS003","key":"1234567890987654321","ipa":"10.10.1.23"}
[2025-10-31 09:50:01]
Berhasil merespon "dariMCU/2309MAS003" : {"respon":[{"id":"16581755","nodevice":"2309MAS003","message":"TBPS","info":"Benny Surahman, S.Pd--Tidak bisa melakukan presensi sekarang.","nokartu":"74EDC6B9"}]}
Berhasil kirim balasan ke "responServer/2309MAS003"

[2025-10-31 09:50:04]
Menerima pesan dari: dariMCU/2309MAS002 - Pesan: {"nokartu":"74EDC6B9","idchip":"1165251","nodevice":"2309MAS002","key":"1234567890987654321","ipa":"10.10.10.238"}
[2025-10-31 09:50:04]
Berhasil merespon "dariMCU/2309MAS002" : {"respon":[{"id":"1165251","nodevice":"2309MAS002","message":"TBPS","info":"Benny Surahman, S.Pd--Tidak bisa melakukan presensi sekarang.","nokartu":"74EDC6B9"}]}
Berhasil kirim balasan ke "responServer/2309MAS002"

[2025-10-31 09:50:12]
Menerima pesan dari: dariMCU/2309MAS003 - Pesan: {"nokartu":"74EDC6B9","idchip":"16581755","nodevice":"2309MAS003","key":"1234567890987654321","ipa":"10.10.1.23"}
[2025-10-31 09:50:12]
Berhasil merespon "dariMCU/2309MAS003" : {"respon":[{"id":"16581755","nodevice":"2309MAS003","message":"TBPS","info":"Benny Surahman, S.Pd--Tidak bisa melakukan presensi sekarang.","nokartu":"74EDC6B9"}]}
Berhasil kirim balasan ke "responServer/2309MAS003"

[2025-10-31 09:50:13]
Menerima pesan dari: dariMCU/2309MAS001 - Pesan: {"nokartu":"74EDC6B9","idchip":"4115046","nodevice":"2309MAS001","key":"1234567890987654321","ipa":"10.10.11.5"}
[2025-10-31 09:50:13]
Berhasil merespon "dariMCU/2309MAS001" : {"respon":[{"id":"4115046","nodevice":"2309MAS001","message":"TBPS","info":"Benny Surahman, S.Pd--Tidak bisa melakukan presensi sekarang.","nokartu":"74EDC6B9"}]}
Berhasil kirim balasan ke "responServer/2309MAS001"

[2025-10-31 09:50:15]
Menerima pesan dari: dariMCU/2309MAS002 - Pesan: {"nokartu":"74EDC6B9","idchip":"1165251","nodevice":"2309MAS002","key":"1234567890987654321","ipa":"10.10.10.238"}
[2025-10-31 09:50:15]
Berhasil merespon "dariMCU/2309MAS002" : {"respon":[{"id":"1165251","nodevice":"2309MAS002","message":"TBPS","info":"Benny Surahman, S.Pd--Tidak bisa melakukan presensi sekarang.","nokartu":"74EDC6B9"}]}
Berhasil kirim balasan ke "responServer/2309MAS002"

[2025-10-31 09:50:20]
Menerima pesan dari: dariMCU/2309MAS003 - Pesan: {"nokartu":"74EDC6B9","idchip":"16581755","nodevice":"2309MAS003","key":"1234567890987654321","ipa":"10.10.1.23"}
[2025-10-31 09:50:20]
Berhasil merespon "dariMCU/2309MAS003" : {"respon":[{"id":"16581755","nodevice":"2309MAS003","message":"TBPS","info":"Benny Surahman, S.Pd--Tidak bisa melakukan presensi sekarang.","nokartu":"74EDC6B9"}]}
Berhasil kirim balasan ke "responServer/2309MAS003"

[2025-10-31 09:50:20]
Menerima pesan dari: dariMCU/2309MAS003 - Pesan: {"nokartu":"74EDC6B9","idchip":"16581755","nodevice":"2309MAS003","key":"1234567890987654321","ipa":"10.10.1.23"}
[2025-10-31 09:50:20]
Berhasil merespon "dariMCU/2309MAS003" : {"respon":[{"id":"16581755","nodevice":"2309MAS003","message":"TBPS","info":"Benny Surahman, S.Pd--Tidak bisa melakukan presensi sekarang.","nokartu":"74EDC6B9"}]}
Berhasil kirim balasan ke "responServer/2309MAS003"

[2025-10-31 09:50:24]
Menerima pesan dari: dariMCU/2309MAS002 - Pesan: {"nokartu":"74EDC6B9","idchip":"1165251","nodevice":"2309MAS002","key":"1234567890987654321","ipa":"10.10.10.238"}
[2025-10-31 09:50:24]
Berhasil merespon "dariMCU/2309MAS002" : {"respon":[{"id":"1165251","nodevice":"2309MAS002","message":"TBPS","info":"Benny Surahman, S.Pd--Tidak bisa melakukan presensi sekarang.","nokartu":"74EDC6B9"}]}
Berhasil kirim balasan ke "responServer/2309MAS002"

[2025-10-31 09:50:34]
Menerima pesan dari: dariMCU/2309MAS003 - Pesan: {"nokartu":"74EDC6B9","idchip":"16581755","nodevice":"2309MAS003","key":"1234567890987654321","ipa":"10.10.1.23"}
[2025-10-31 09:50:34]
Berhasil merespon "dariMCU/2309MAS003" : {"respon":[{"id":"16581755","nodevice":"2309MAS003","message":"TBPS","info":"Benny Surahman, S.Pd--Tidak bisa melakukan presensi sekarang.","nokartu":"74EDC6B9"}]}
Berhasil kirim balasan ke "responServer/2309MAS003"

[2025-10-31 09:50:36]
Menerima pesan dari: dariMCU/2309MAS001 - Pesan: {"nokartu":"74EDC6B9","idchip":"4115046","nodevice":"2309MAS001","key":"1234567890987654321","ipa":"10.10.11.5"}
[2025-10-31 09:50:36]
Berhasil merespon "dariMCU/2309MAS001" : {"respon":[{"id":"4115046","nodevice":"2309MAS001","message":"TBPS","info":"Benny Surahman, S.Pd--Tidak bisa melakukan presensi sekarang.","nokartu":"74EDC6B9"}]}
Berhasil kirim balasan ke "responServer/2309MAS001"

[2025-10-31 09:50:38]
Menerima pesan dari: dariMCU/2309MAS002 - Pesan: {"nokartu":"74EDC6B9","idchip":"1165251","nodevice":"2309MAS002","key":"1234567890987654321","ipa":"10.10.10.238"}
[2025-10-31 09:50:38]
Berhasil merespon "dariMCU/2309MAS002" : {"respon":[{"id":"1165251","nodevice":"2309MAS002","message":"TBPS","info":"Benny Surahman, S.Pd--Tidak bisa melakukan presensi sekarang.","nokartu":"74EDC6B9"}]}
Berhasil kirim balasan ke "responServer/2309MAS002"

[2025-10-31 10:24:57]
Menerima pesan dari: dariMCU/2309MAS003 - Pesan: {"nokartu":"F3F66905","idchip":"16581755","nodevice":"2309MAS003","key":"1234567890987654321","ipa":"10.10.1.23"}
[2025-10-31 10:24:57]
Berhasil merespon "dariMCU/2309MAS003" : {"respon":[{"id":"16581755","nodevice":"2309MAS003","message":"TBPS","info":"Agil Bayu Nugroho--Tidak bisa melakukan presensi sekarang.","nokartu":"F3F66905"}]}
Berhasil kirim balasan ke "responServer/2309MAS003"

[2025-10-31 10:25:00]
Menerima pesan dari: dariMCU/2309MAS001 - Pesan: {"nokartu":"F3F66905","idchip":"4115046","nodevice":"2309MAS001","key":"1234567890987654321","ipa":"10.10.11.5"}
[2025-10-31 10:25:00]
Berhasil merespon "dariMCU/2309MAS001" : {"respon":[{"id":"4115046","nodevice":"2309MAS001","message":"TBPS","info":"Agil Bayu Nugroho--Tidak bisa melakukan presensi sekarang.","nokartu":"F3F66905"}]}
Berhasil kirim balasan ke "responServer/2309MAS001"

[2025-10-31 10:25:01]
Menerima pesan dari: dariMCU/2309MAS001 - Pesan: {"nokartu":"F3F66905","idchip":"4115046","nodevice":"2309MAS001","key":"1234567890987654321","ipa":"10.10.11.5"}
[2025-10-31 10:25:01]
Berhasil merespon "dariMCU/2309MAS001" : {"respon":[{"id":"4115046","nodevice":"2309MAS001","message":"TBPS","info":"Agil Bayu Nugroho--Tidak bisa melakukan presensi sekarang.","nokartu":"F3F66905"}]}
Berhasil kirim balasan ke "responServer/2309MAS001"

[2025-10-31 10:25:03]
Menerima pesan dari: dariMCU/2309MAS002 - Pesan: {"nokartu":"F3F66905","idchip":"1165251","nodevice":"2309MAS002","key":"1234567890987654321","ipa":"10.10.10.238"}
[2025-10-31 10:25:03]
Berhasil merespon "dariMCU/2309MAS002" : {"respon":[{"id":"1165251","nodevice":"2309MAS002","message":"TBPS","info":"Agil Bayu Nugroho--Tidak bisa melakukan presensi sekarang.","nokartu":"F3F66905"}]}
Berhasil kirim balasan ke "responServer/2309MAS002"

[2025-10-31 11:59:42]
Menerima pesan dari: dariMCU/2309MAS003 - Pesan: {"nokartu":"03807505","idchip":"16581755","nodevice":"2309MAS003","key":"1234567890987654321","ipa":"10.10.1.23"}
[2025-10-31 11:59:42]
Berhasil merespon "dariMCU/2309MAS003" : {"respon":[{"id":"16581755","nodevice":"2309MAS003","message":"BMPE","info":"Muhammad Khairurasyid--Berhasil Presensi -Mulai-","nokartu":"03807505"}]}
Berhasil kirim balasan ke "responServer/2309MAS003"

[2025-10-31 12:00:40]
Menerima pesan dari: dariMCU/2309MAS003 - Pesan: {"nokartu":"232A7605","idchip":"16581755","nodevice":"2309MAS003","key":"1234567890987654321","ipa":"10.10.1.23"}
[2025-10-31 12:00:40]
Berhasil merespon "dariMCU/2309MAS003" : {"respon":[{"id":"16581755","nodevice":"2309MAS003","message":"BMPE","info":"Rozan Dimensi Farid--Berhasil Presensi -Mulai-","nokartu":"232A7605"}]}
Berhasil kirim balasan ke "responServer/2309MAS003"

[2025-10-31 12:00:44]
Menerima pesan dari: dariMCU/2309MAS003 - Pesan: {"nokartu":"23B01705","idchip":"16581755","nodevice":"2309MAS003","key":"1234567890987654321","ipa":"10.10.1.23"}
[2025-10-31 12:00:44]
Berhasil merespon "dariMCU/2309MAS003" : {"respon":[{"id":"16581755","nodevice":"2309MAS003","message":"BMPE","info":"Ahmad Solikhul Khafidzi--Berhasil Presensi -Mulai-","nokartu":"23B01705"}]}
Berhasil kirim balasan ke "responServer/2309MAS003"

[2025-10-31 12:00:59]
Menerima pesan dari: dariMCU/2309MAS003 - Pesan: {"nokartu":"63FF7005","idchip":"16581755","nodevice":"2309MAS003","key":"1234567890987654321","ipa":"10.10.1.23"}
[2025-10-31 12:00:59]
Berhasil merespon "dariMCU/2309MAS003" : {"respon":[{"id":"16581755","nodevice":"2309MAS003","message":"BMPE","info":"Wafid Raihan--Berhasil Presensi -Mulai-","nokartu":"63FF7005"}]}
Berhasil kirim balasan ke "responServer/2309MAS003"

[2025-10-31 12:01:04]
Menerima pesan dari: dariMCU/2309MAS003 - Pesan: {"nokartu":"63FF7005","idchip":"16581755","nodevice":"2309MAS003","key":"1234567890987654321","ipa":"10.10.1.23"}
[2025-10-31 12:01:04]
Berhasil merespon "dariMCU/2309MAS003" : {"respon":[{"id":"16581755","nodevice":"2309MAS003","message":"510","info":"Wafid Raihan--TERCATAT! 5 dtk lalu","nokartu":"63FF7005"}]}
Berhasil kirim balasan ke "responServer/2309MAS003"

[2025-10-31 12:01:06]
Menerima pesan dari: dariMCU/2309MAS001 - Pesan: {"nokartu":"13EB7505","idchip":"4115046","nodevice":"2309MAS001","key":"1234567890987654321","ipa":"10.10.11.5"}
[2025-10-31 12:01:06]
Berhasil merespon "dariMCU/2309MAS001" : {"respon":[{"id":"4115046","nodevice":"2309MAS001","message":"BMPE","info":"Agus Setiawan--Berhasil Presensi -Mulai-","nokartu":"13EB7505"}]}
Berhasil kirim balasan ke "responServer/2309MAS001"

[2025-10-31 12:01:08]
Menerima pesan dari: dariMCU/2309MAS003 - Pesan: {"nokartu":"13EB7505","idchip":"16581755","nodevice":"2309MAS003","key":"1234567890987654321","ipa":"10.10.1.23"}
[2025-10-31 12:01:08]
Berhasil merespon "dariMCU/2309MAS003" : {"respon":[{"id":"16581755","nodevice":"2309MAS003","message":"510","info":"Agus Setiawan--TERCATAT! 2 dtk lalu","nokartu":"13EB7505"}]}
Berhasil kirim balasan ke "responServer/2309MAS003"

[2025-10-31 12:01:14]
Menerima pesan dari: dariMCU/2309MAS001 - Pesan: {"nokartu":"C3A96605","idchip":"4115046","nodevice":"2309MAS001","key":"1234567890987654321","ipa":"10.10.11.5"}
[2025-10-31 12:01:14]
Berhasil merespon "dariMCU/2309MAS001" : {"respon":[{"id":"4115046","nodevice":"2309MAS001","message":"BMPE","info":"Dimas Ridwan Rifa i--Berhasil Presensi -Mulai-","nokartu":"C3A96605"}]}
Berhasil kirim balasan ke "responServer/2309MAS001"

[2025-10-31 12:01:17]
Menerima pesan dari: dariMCU/2309MAS001 - Pesan: {"nokartu":"13EB7505","idchip":"4115046","nodevice":"2309MAS001","key":"1234567890987654321","ipa":"10.10.11.5"}
[2025-10-31 12:01:17]
Berhasil merespon "dariMCU/2309MAS001" : {"respon":[{"id":"4115046","nodevice":"2309MAS001","message":"510","info":"Agus Setiawan--TERCATAT! 11 dtk lalu","nokartu":"13EB7505"}]}
Berhasil kirim balasan ke "responServer/2309MAS001"

[2025-10-31 12:01:19]
Menerima pesan dari: dariMCU/2309MAS002 - Pesan: {"nokartu":"13EB7505","idchip":"1165251","nodevice":"2309MAS002","key":"1234567890987654321","ipa":"10.10.10.238"}
[2025-10-31 12:01:19]
Berhasil merespon "dariMCU/2309MAS002" : {"respon":[{"id":"1165251","nodevice":"2309MAS002","message":"510","info":"Agus Setiawan--TERCATAT! 13 dtk lalu","nokartu":"13EB7505"}]}
Berhasil kirim balasan ke "responServer/2309MAS002"

[2025-10-31 12:01:22]
Menerima pesan dari: dariMCU/2309MAS002 - Pesan: {"nokartu":"D32434FF","idchip":"1165251","nodevice":"2309MAS002","key":"1234567890987654321","ipa":"10.10.10.238"}
[2025-10-31 12:01:22]
Berhasil merespon "dariMCU/2309MAS002" : {"respon":[{"id":"1165251","nodevice":"2309MAS002","message":"BMPE","info":"Muhamad Ulil Albab--Berhasil Presensi -Mulai-","nokartu":"D32434FF"}]}
Berhasil kirim balasan ke "responServer/2309MAS002"

[2025-10-31 12:01:23]
Menerima pesan dari: dariMCU/2309MAS001 - Pesan: {"nokartu":"D32434FF","idchip":"4115046","nodevice":"2309MAS001","key":"1234567890987654321","ipa":"10.10.11.5"}
[2025-10-31 12:01:23]
Berhasil merespon "dariMCU/2309MAS001" : {"respon":[{"id":"4115046","nodevice":"2309MAS001","message":"510","info":"Muhamad Ulil Albab--TERCATAT! 1 dtk lalu","nokartu":"D32434FF"}]}
Berhasil kirim balasan ke "responServer/2309MAS001"

[2025-10-31 12:01:24]
Menerima pesan dari: dariMCU/2309MAS003 - Pesan: {"nokartu":"D32434FF","idchip":"16581755","nodevice":"2309MAS003","key":"1234567890987654321","ipa":"10.10.1.23"}
[2025-10-31 12:01:24]
Berhasil merespon "dariMCU/2309MAS003" : {"respon":[{"id":"16581755","nodevice":"2309MAS003","message":"510","info":"Muhamad Ulil Albab--TERCATAT! 2 dtk lalu","nokartu":"D32434FF"}]}
Berhasil kirim balasan ke "responServer/2309MAS003"

[2025-10-31 12:03:51]
Menerima pesan dari: dariMCU/2309MAS003 - Pesan: {"nokartu":"9391EEE4","idchip":"16581755","nodevice":"2309MAS003","key":"1234567890987654321","ipa":"10.10.1.23"}
[2025-10-31 12:03:51]
Berhasil merespon "dariMCU/2309MAS003" : {"respon":[{"id":"16581755","nodevice":"2309MAS003","message":"BMPE","info":"Raafiyanto Adri Mahardika--Berhasil Presensi -Mulai-","nokartu":"9391EEE4"}]}
Berhasil kirim balasan ke "responServer/2309MAS003"

[2025-10-31 12:03:54]
Menerima pesan dari: dariMCU/2309MAS003 - Pesan: {"nokartu":"9391EEE4","idchip":"16581755","nodevice":"2309MAS003","key":"1234567890987654321","ipa":"10.10.1.23"}
[2025-10-31 12:03:54]
Berhasil merespon "dariMCU/2309MAS003" : {"respon":[{"id":"16581755","nodevice":"2309MAS003","message":"510","info":"Raafiyanto Adri Mahardika--TERCATAT! 3 dtk lalu","nokartu":"9391EEE4"}]}
Berhasil kirim balasan ke "responServer/2309MAS003"

[2025-10-31 12:03:57]
Menerima pesan dari: dariMCU/2309MAS003 - Pesan: {"nokartu":"9391EEE4","idchip":"16581755","nodevice":"2309MAS003","key":"1234567890987654321","ipa":"10.10.1.23"}
[2025-10-31 12:03:57]
Berhasil merespon "dariMCU/2309MAS003" : {"respon":[{"id":"16581755","nodevice":"2309MAS003","message":"510","info":"Raafiyanto Adri Mahardika--TERCATAT! 6 dtk lalu","nokartu":"9391EEE4"}]}
Berhasil kirim balasan ke "responServer/2309MAS003"

[2025-10-31 12:03:59]
Menerima pesan dari: dariMCU/2309MAS001 - Pesan: {"nokartu":"9391EEE4","idchip":"4115046","nodevice":"2309MAS001","key":"1234567890987654321","ipa":"10.10.11.5"}
[2025-10-31 12:03:59]
Berhasil merespon "dariMCU/2309MAS001" : {"respon":[{"id":"4115046","nodevice":"2309MAS001","message":"510","info":"Raafiyanto Adri Mahardika--TERCATAT! 8 dtk lalu","nokartu":"9391EEE4"}]}
Berhasil kirim balasan ke "responServer/2309MAS001"

[2025-10-31 12:04:03]
Menerima pesan dari: dariMCU/2309MAS002 - Pesan: {"nokartu":"9391EEE4","idchip":"1165251","nodevice":"2309MAS002","key":"1234567890987654321","ipa":"10.10.10.238"}
[2025-10-31 12:04:03]
Berhasil merespon "dariMCU/2309MAS002" : {"respon":[{"id":"1165251","nodevice":"2309MAS002","message":"510","info":"Raafiyanto Adri Mahardika--TERCATAT! 12 dtk lalu","nokartu":"9391EEE4"}]}
Berhasil kirim balasan ke "responServer/2309MAS002"

[2025-10-31 12:04:04]
Menerima pesan dari: dariMCU/2309MAS003 - Pesan: {"nokartu":"636D7305","idchip":"16581755","nodevice":"2309MAS003","key":"1234567890987654321","ipa":"10.10.1.23"}
[2025-10-31 12:04:04]
Berhasil merespon "dariMCU/2309MAS003" : {"respon":[{"id":"16581755","nodevice":"2309MAS003","message":"BMPE","info":"Sasetyo--Berhasil Presensi -Mulai-","nokartu":"636D7305"}]}
Berhasil kirim balasan ke "responServer/2309MAS003"

[2025-10-31 12:04:06]
Menerima pesan dari: dariMCU/2309MAS002 - Pesan: {"nokartu":"E33D7605","idchip":"1165251","nodevice":"2309MAS002","key":"1234567890987654321","ipa":"10.10.10.238"}
[2025-10-31 12:04:06]
Berhasil merespon "dariMCU/2309MAS002" : {"respon":[{"id":"1165251","nodevice":"2309MAS002","message":"BMPE","info":"Veri Yunanto--Berhasil Presensi -Mulai-","nokartu":"E33D7605"}]}
Berhasil kirim balasan ke "responServer/2309MAS002"

[2025-10-31 12:04:09]
Menerima pesan dari: dariMCU/2309MAS001 - Pesan: {"nokartu":"636D7305","idchip":"4115046","nodevice":"2309MAS001","key":"1234567890987654321","ipa":"10.10.11.5"}
[2025-10-31 12:04:09]
Berhasil merespon "dariMCU/2309MAS001" : {"respon":[{"id":"4115046","nodevice":"2309MAS001","message":"510","info":"Sasetyo--TERCATAT! 5 dtk lalu","nokartu":"636D7305"}]}
Berhasil kirim balasan ke "responServer/2309MAS001"

[2025-10-31 12:04:10]
Menerima pesan dari: dariMCU/2309MAS003 - Pesan: {"nokartu":"630EE0E2","idchip":"16581755","nodevice":"2309MAS003","key":"1234567890987654321","ipa":"10.10.1.23"}
[2025-10-31 12:04:10]
Berhasil merespon "dariMCU/2309MAS003" : {"respon":[{"id":"16581755","nodevice":"2309MAS003","message":"IDTT","info":"Kartu ID ini--belum terdaftar","nokartu":"630EE0E2"}]}
Berhasil kirim balasan ke "responServer/2309MAS003"

[2025-10-31 12:04:19]
Menerima pesan dari: dariMCU/2309MAS003 - Pesan: {"nokartu":"C3C321FF","idchip":"16581755","nodevice":"2309MAS003","key":"1234567890987654321","ipa":"10.10.1.23"}
[2025-10-31 12:04:19]
Berhasil merespon "dariMCU/2309MAS003" : {"respon":[{"id":"16581755","nodevice":"2309MAS003","message":"BMPE","info":"Vemas Aulia Restu Nugroho--Berhasil Presensi -Mulai-","nokartu":"C3C321FF"}]}
Berhasil kirim balasan ke "responServer/2309MAS003"

[2025-10-31 12:04:21]
Menerima pesan dari: dariMCU/2309MAS001 - Pesan: {"nokartu":"33396FE4","idchip":"4115046","nodevice":"2309MAS001","key":"1234567890987654321","ipa":"10.10.11.5"}
[2025-10-31 12:04:21]
Berhasil merespon "dariMCU/2309MAS001" : {"respon":[{"id":"4115046","nodevice":"2309MAS001","message":"BMPE","info":"Muhammad Rizqi Hendrawan--Berhasil Presensi -Mulai-","nokartu":"33396FE4"}]}
Berhasil kirim balasan ke "responServer/2309MAS001"

[2025-10-31 12:04:31]
Menerima pesan dari: dariMCU/2309MAS001 - Pesan: {"nokartu":"83987B05","idchip":"4115046","nodevice":"2309MAS001","key":"1234567890987654321","ipa":"10.10.11.5"}
[2025-10-31 12:04:31]
Berhasil merespon "dariMCU/2309MAS001" : {"respon":[{"id":"4115046","nodevice":"2309MAS001","message":"BMPE","info":"Raditya Pratama--Berhasil Presensi -Mulai-","nokartu":"83987B05"}]}
Berhasil kirim balasan ke "responServer/2309MAS001"

[2025-10-31 12:04:32]
Menerima pesan dari: dariMCU/2309MAS003 - Pesan: {"nokartu":"738715FE","idchip":"16581755","nodevice":"2309MAS003","key":"1234567890987654321","ipa":"10.10.1.23"}
[2025-10-31 12:04:32]
Berhasil merespon "dariMCU/2309MAS003" : {"respon":[{"id":"16581755","nodevice":"2309MAS003","message":"BMPE","info":"Muhamad Miftahudin--Berhasil Presensi -Mulai-","nokartu":"738715FE"}]}
Berhasil kirim balasan ke "responServer/2309MAS003"

[2025-10-31 12:04:59]
Menerima pesan dari: dariMCU/2309MAS003 - Pesan: {"nokartu":"C3FE1EFF","idchip":"16581755","nodevice":"2309MAS003","key":"1234567890987654321","ipa":"10.10.1.23"}
[2025-10-31 12:04:59]
Berhasil merespon "dariMCU/2309MAS003" : {"respon":[{"id":"16581755","nodevice":"2309MAS003","message":"BMPE","info":"Fernandi Ramadhan Dwiki Dharmawan--Berhasil Presensi -Mulai-","nokartu":"C3FE1EFF"}]}
Berhasil kirim balasan ke "responServer/2309MAS003"

[2025-10-31 12:05:19]
Menerima pesan dari: dariMCU/2309MAS003 - Pesan: {"nokartu":"43C30DFE","idchip":"16581755","nodevice":"2309MAS003","key":"1234567890987654321","ipa":"10.10.1.23"}
[2025-10-31 12:05:19]
Berhasil merespon "dariMCU/2309MAS003" : {"respon":[{"id":"16581755","nodevice":"2309MAS003","message":"BMPE","info":"Muhamad Saroful Anam--Berhasil Presensi -Mulai-","nokartu":"43C30DFE"}]}
Berhasil kirim balasan ke "responServer/2309MAS003"

[2025-10-31 12:05:24]
Menerima pesan dari: dariMCU/2309MAS003 - Pesan: {"nokartu":"6BF7B889","idchip":"16581755","nodevice":"2309MAS003","key":"1234567890987654321","ipa":"10.10.1.23"}
[2025-10-31 12:05:24]
Berhasil merespon "dariMCU/2309MAS003" : {"respon":[{"id":"16581755","nodevice":"2309MAS003","message":"BMPE","info":"Zidane Alfriansyah Pratama--Berhasil Presensi -Mulai-","nokartu":"6BF7B889"}]}
Berhasil kirim balasan ke "responServer/2309MAS003"

[2025-10-31 12:05:33]
Menerima pesan dari: dariMCU/2309MAS003 - Pesan: {"nokartu":"535A22FF","idchip":"16581755","nodevice":"2309MAS003","key":"1234567890987654321","ipa":"10.10.1.23"}
[2025-10-31 12:05:33]
Berhasil merespon "dariMCU/2309MAS003" : {"respon":[{"id":"16581755","nodevice":"2309MAS003","message":"BMPE","info":"Ramadhani Saputra--Berhasil Presensi -Mulai-","nokartu":"535A22FF"}]}
Berhasil kirim balasan ke "responServer/2309MAS003"

[2025-10-31 12:05:37]
Menerima pesan dari: dariMCU/2309MAS003 - Pesan: {"nokartu":"132634FF","idchip":"16581755","nodevice":"2309MAS003","key":"1234567890987654321","ipa":"10.10.1.23"}
[2025-10-31 12:05:37]
Berhasil merespon "dariMCU/2309MAS003" : {"respon":[{"id":"16581755","nodevice":"2309MAS003","message":"BMPE","info":"Aqila Ferdian Pratama--Berhasil Presensi -Mulai-","nokartu":"132634FF"}]}
Berhasil kirim balasan ke "responServer/2309MAS003"

[2025-10-31 12:05:39]
Menerima pesan dari: dariMCU/2309MAS003 - Pesan: {"nokartu":"B30123FF","idchip":"16581755","nodevice":"2309MAS003","key":"1234567890987654321","ipa":"10.10.1.23"}
[2025-10-31 12:05:39]
Berhasil merespon "dariMCU/2309MAS003" : {"respon":[{"id":"16581755","nodevice":"2309MAS003","message":"BMPE","info":"Raysha Novasera--Berhasil Presensi -Mulai-","nokartu":"B30123FF"}]}
Berhasil kirim balasan ke "responServer/2309MAS003"

[2025-10-31 12:05:43]
Menerima pesan dari: dariMCU/2309MAS003 - Pesan: {"nokartu":"B30123FF","idchip":"16581755","nodevice":"2309MAS003","key":"1234567890987654321","ipa":"10.10.1.23"}
[2025-10-31 12:05:43]
Berhasil merespon "dariMCU/2309MAS003" : {"respon":[{"id":"16581755","nodevice":"2309MAS003","message":"510","info":"Raysha Novasera--TERCATAT! 4 dtk lalu","nokartu":"B30123FF"}]}
Berhasil kirim balasan ke "responServer/2309MAS003"

[2025-10-31 12:05:49]
Menerima pesan dari: dariMCU/2309MAS003 - Pesan: {"nokartu":"939F2FFF","idchip":"16581755","nodevice":"2309MAS003","key":"1234567890987654321","ipa":"10.10.1.23"}
[2025-10-31 12:05:49]
Berhasil merespon "dariMCU/2309MAS003" : {"respon":[{"id":"16581755","nodevice":"2309MAS003","message":"BMPE","info":"Hafid Andira--Berhasil Presensi -Mulai-","nokartu":"939F2FFF"}]}
Berhasil kirim balasan ke "responServer/2309MAS003"

[2025-10-31 12:05:55]
Menerima pesan dari: dariMCU/2309MAS003 - Pesan: {"nokartu":"939F2FFF","idchip":"16581755","nodevice":"2309MAS003","key":"1234567890987654321","ipa":"10.10.1.23"}
[2025-10-31 12:05:55]
Berhasil merespon "dariMCU/2309MAS003" : {"respon":[{"id":"16581755","nodevice":"2309MAS003","message":"510","info":"Hafid Andira--TERCATAT! 6 dtk lalu","nokartu":"939F2FFF"}]}
Berhasil kirim balasan ke "responServer/2309MAS003"

[2025-10-31 12:05:59]
Menerima pesan dari: dariMCU/2309MAS003 - Pesan: {"nokartu":"23C011FE","idchip":"16581755","nodevice":"2309MAS003","key":"1234567890987654321","ipa":"10.10.1.23"}
[2025-10-31 12:05:59]
Berhasil merespon "dariMCU/2309MAS003" : {"respon":[{"id":"16581755","nodevice":"2309MAS003","message":"BMPE","info":"Muhamad Hakan Rafly--Berhasil Presensi -Mulai-","nokartu":"23C011FE"}]}
Berhasil kirim balasan ke "responServer/2309MAS003"

[2025-10-31 12:06:13]
Menerima pesan dari: dariMCU/2309MAS002 - Pesan: {"nokartu":"23C011FE","idchip":"1165251","nodevice":"2309MAS002","key":"1234567890987654321","ipa":"10.10.10.238"}
[2025-10-31 12:06:13]
Berhasil merespon "dariMCU/2309MAS002" : {"respon":[{"id":"1165251","nodevice":"2309MAS002","message":"510","info":"Muhamad Hakan Rafly--TERCATAT! 14 dtk lalu","nokartu":"23C011FE"}]}
Berhasil kirim balasan ke "responServer/2309MAS002"

[2025-10-31 12:06:13]
Menerima pesan dari: dariMCU/2309MAS002 - Pesan: {"nokartu":"23C011FE","idchip":"1165251","nodevice":"2309MAS002","key":"1234567890987654321","ipa":"10.10.10.238"}
[2025-10-31 12:06:13]
Berhasil merespon "dariMCU/2309MAS002" : {"respon":[{"id":"1165251","nodevice":"2309MAS002","message":"510","info":"Muhamad Hakan Rafly--TERCATAT! 14 dtk lalu","nokartu":"23C011FE"}]}
Berhasil kirim balasan ke "responServer/2309MAS002"

[2025-10-31 12:06:17]
Menerima pesan dari: dariMCU/2309MAS001 - Pesan: {"nokartu":"23C011FE","idchip":"4115046","nodevice":"2309MAS001","key":"1234567890987654321","ipa":"10.10.11.5"}
[2025-10-31 12:06:17]
Berhasil merespon "dariMCU/2309MAS001" : {"respon":[{"id":"4115046","nodevice":"2309MAS001","message":"510","info":"Muhamad Hakan Rafly--TERCATAT! 18 dtk lalu","nokartu":"23C011FE"}]}
Berhasil kirim balasan ke "responServer/2309MAS001"

[2025-10-31 12:06:19]
Menerima pesan dari: dariMCU/2309MAS002 - Pesan: {"nokartu":"D37C33FF","idchip":"1165251","nodevice":"2309MAS002","key":"1234567890987654321","ipa":"10.10.10.238"}
[2025-10-31 12:06:19]
Berhasil merespon "dariMCU/2309MAS002" : {"respon":[{"id":"1165251","nodevice":"2309MAS002","message":"BMPE","info":"Bagas Pramudya--Berhasil Presensi -Mulai-","nokartu":"D37C33FF"}]}
Berhasil kirim balasan ke "responServer/2309MAS002"

[2025-10-31 12:06:20]
Menerima pesan dari: dariMCU/2309MAS001 - Pesan: {"nokartu":"737931FF","idchip":"4115046","nodevice":"2309MAS001","key":"1234567890987654321","ipa":"10.10.11.5"}
[2025-10-31 12:06:20]
Berhasil merespon "dariMCU/2309MAS001" : {"respon":[{"id":"4115046","nodevice":"2309MAS001","message":"BMPE","info":"Farel Ardian--Berhasil Presensi -Mulai-","nokartu":"737931FF"}]}
Berhasil kirim balasan ke "responServer/2309MAS001"

[2025-10-31 12:06:23]
Menerima pesan dari: dariMCU/2309MAS002 - Pesan: {"nokartu":"D37C33FF","idchip":"1165251","nodevice":"2309MAS002","key":"1234567890987654321","ipa":"10.10.10.238"}
[2025-10-31 12:06:23]
Berhasil merespon "dariMCU/2309MAS002" : {"respon":[{"id":"1165251","nodevice":"2309MAS002","message":"510","info":"Bagas Pramudya--TERCATAT! 4 dtk lalu","nokartu":"D37C33FF"}]}
Berhasil kirim balasan ke "responServer/2309MAS002"

[2025-10-31 12:06:23]
Menerima pesan dari: dariMCU/2309MAS003 - Pesan: {"nokartu":"03BF1805","idchip":"16581755","nodevice":"2309MAS003Ŕ 0… dariMCU/2309MAS003{"nokartu":"A3BD08FE","i
[2025-10-31 12:06:23]
Berhasil merespon "dariMCU/2309MAS003" : [0x20] Program dihentikan karena karakter mencurigakan ditemukan.
Berhasil kirim balasan ke "responServer/"

[2025-10-31 12:06:24]
Menerima pesan dari: dariMCU/2309MAS003 - Pesan: {"nokartu":"A3BD08FE","idchip":"16581755","nodevice":"2309MAS003","key":"1234567890987654321","ipa":"10.10.1.23"}
[2025-10-31 12:06:24]
Berhasil merespon "dariMCU/2309MAS003" : {"respon":[{"id":"16581755","nodevice":"2309MAS003","message":"BMPE","info":"Muhammat Ahsanul Mubarok--Berhasil Presensi -Mulai-","nokartu":"A3BD08FE"}]}
Berhasil kirim balasan ke "responServer/2309MAS003"

[2025-10-31 12:06:25]
Menerima pesan dari: dariMCU/2309MAS001 - Pesan: {"nokartu":"83074105","idchip":"4115046","nodevice":"2309MAS001","key":"1234567890987654321","ipa":"10.10.11.5"}
[2025-10-31 12:06:25]
Berhasil merespon "dariMCU/2309MAS001" : {"respon":[{"id":"4115046","nodevice":"2309MAS001","message":"BMPE","info":"Bika Argo Cahyo Atmuji--Berhasil Presensi -Mulai-","nokartu":"83074105"}]}
Berhasil kirim balasan ke "responServer/2309MAS001"

[2025-10-31 12:06:31]
Menerima pesan dari: dariMCU/2309MAS002 - Pesan: {"nokartu":"D37C33FF","idchip":"1165251","nodevice":"2309MAS002","key":"1234567890987654321","ipa":"10.10.10.238"}
[2025-10-31 12:06:31]
Berhasil merespon "dariMCU/2309MAS002" : {"respon":[{"id":"1165251","nodevice":"2309MAS002","message":"510","info":"Bagas Pramudya--TERCATAT! 12 dtk lalu","nokartu":"D37C33FF"}]}
Berhasil kirim balasan ke "responServer/2309MAS002"

[2025-10-31 12:06:33]
Menerima pesan dari: dariMCU/2309MAS002 - Pesan: {"nokartu":"D37C33FF","idchip":"1165251","nodevice":"2309MAS002","key":"1234567890987654321","ipa":"10.10.10.238"}
[2025-10-31 12:06:33]
Berhasil merespon "dariMCU/2309MAS002" : {"respon":[{"id":"1165251","nodevice":"2309MAS002","message":"510","info":"Bagas Pramudya--TERCATAT! 14 dtk lalu","nokartu":"D37C33FF"}]}
Berhasil kirim balasan ke "responServer/2309MAS002"

[2025-10-31 12:06:38]
Menerima pesan dari: dariMCU/2309MAS001 - Pesan: {"nokartu":"D37C33FF","idchip":"4115046","nodevice":"2309MAS001","key":"1234567890987654321","ipa":"10.10.11.5"}
[2025-10-31 12:06:38]
Berhasil merespon "dariMCU/2309MAS001" : {"respon":[{"id":"4115046","nodevice":"2309MAS001","message":"510","info":"Bagas Pramudya--TERCATAT! 19 dtk lalu","nokartu":"D37C33FF"}]}
Berhasil kirim balasan ke "responServer/2309MAS001"

[2025-10-31 12:06:48]
Menerima pesan dari: dariMCU/2309MAS001 - Pesan: {"nokartu":"E39C8205","idchip":"4115046","nodevice":"2309MAS001","key":"1234567890987654321","ipa":"10.10.11.5"}
[2025-10-31 12:06:48]
Berhasil merespon "dariMCU/2309MAS001" : {"respon":[{"id":"4115046","nodevice":"2309MAS001","message":"BMPE","info":"Raihan Dhika Arraisya--Berhasil Presensi -Mulai-","nokartu":"E39C8205"}]}
Berhasil kirim balasan ke "responServer/2309MAS001"

[2025-10-31 12:07:01]
Menerima pesan dari: dariMCU/2309MAS003 - Pesan: {"nokartu":"13B90AFE","idchip":"16581755","nodevice":"2309MAS003","key":"1234567890987654321","ipa":"10.10.1.23"}
[2025-10-31 12:07:01]
Berhasil merespon "dariMCU/2309MAS003" : {"respon":[{"id":"16581755","nodevice":"2309MAS003","message":"BMPE","info":"Dio Wahyu Agustian--Berhasil Presensi -Mulai-","nokartu":"13B90AFE"}]}
Berhasil kirim balasan ke "responServer/2309MAS003"

[2025-10-31 12:07:03]
Menerima pesan dari: dariMCU/2309MAS001 - Pesan: {"nokartu":"E39C8205","idchip":"4115046","nodevice":"2309MAS001","key":"1234567890987654321","ipa":"10.10.11.5"}
[2025-10-31 12:07:03]
Berhasil merespon "dariMCU/2309MAS001" : {"respon":[{"id":"4115046","nodevice":"2309MAS001","message":"510","info":"Raihan Dhika Arraisya--TERCATAT! 15 dtk lalu","nokartu":"E39C8205"}]}
Berhasil kirim balasan ke "responServer/2309MAS001"

[2025-10-31 12:07:04]
Menerima pesan dari: dariMCU/2309MAS001 - Pesan: {"nokartu":"23A521FF","idchip":"4115046","nodevice":"2309MAS001","key":"1234567890987654321","ipa":"10.10.11.5"}
[2025-10-31 12:07:04]
Berhasil merespon "dariMCU/2309MAS001" : {"respon":[{"id":"4115046","nodevice":"2309MAS001","message":"BMPE","info":"Rohim Rahmat Dani--Berhasil Presensi -Mulai-","nokartu":"23A521FF"}]}
Berhasil kirim balasan ke "responServer/2309MAS001"

[2025-10-31 12:07:05]
Menerima pesan dari: dariMCU/2309MAS003 - Pesan: {"nokartu":"13B90AFE","idchip":"16581755","nodevice":"2309MAS003","key":"1234567890987654321","ipa":"10.10.1.23"}
[2025-10-31 12:07:05]
Berhasil merespon "dariMCU/2309MAS003" : {"respon":[{"id":"16581755","nodevice":"2309MAS003","message":"510","info":"Dio Wahyu Agustian--TERCATAT! 4 dtk lalu","nokartu":"13B90AFE"}]}
Berhasil kirim balasan ke "responServer/2309MAS003"

[2025-10-31 12:07:06]
Menerima pesan dari: dariMCU/2309MAS002 - Pesan: {"nokartu":"23A521FF","idchip":"1165251","nodevice":"2309MAS002","key":"1234567890987654321","ipa":"10.10.10.238"}
[2025-10-31 12:07:06]
Berhasil merespon "dariMCU/2309MAS002" : {"respon":[{"id":"1165251","nodevice":"2309MAS002","message":"510","info":"Rohim Rahmat Dani--TERCATAT! 2 dtk lalu","nokartu":"23A521FF"}]}
Berhasil kirim balasan ke "responServer/2309MAS002"

[2025-10-31 12:07:09]
Menerima pesan dari: dariMCU/2309MAS003 - Pesan: {"nokartu":"F3F66905","idchip":"16581755","nodevice":"2309MAS003","key":"1234567890987654321","ipa":"10.10.1.23"}
[2025-10-31 12:07:09]
Berhasil merespon "dariMCU/2309MAS003" : {"respon":[{"id":"16581755","nodevice":"2309MAS003","message":"BMPE","info":"Agil Bayu Nugroho--Berhasil Presensi -Mulai-","nokartu":"F3F66905"}]}
Berhasil kirim balasan ke "responServer/2309MAS003"

[2025-10-31 12:07:13]
Menerima pesan dari: dariMCU/2309MAS002 - Pesan: {"nokartu":"23A521FF","idchip":"1165251","nodevice":"2309MAS002","key":"1234567890987654321","ipa":"10.10.10.238"}
[2025-10-31 12:07:13]
Berhasil merespon "dariMCU/2309MAS002" : {"respon":[{"id":"1165251","nodevice":"2309MAS002","message":"510","info":"Rohim Rahmat Dani--TERCATAT! 9 dtk lalu","nokartu":"23A521FF"}]}
Berhasil kirim balasan ke "responServer/2309MAS002"

[2025-10-31 12:07:15]
Menerima pesan dari: dariMCU/2309MAS002 - Pesan: {"nokartu":"23A521FF","idchip":"1165251","nodevice":"2309MAS002","key":"1234567890987654321","ipa":"10.10.10.238"}
[2025-10-31 12:07:15]
Berhasil merespon "dariMCU/2309MAS002" : {"respon":[{"id":"1165251","nodevice":"2309MAS002","message":"510","info":"Rohim Rahmat Dani--TERCATAT! 11 dtk lalu","nokartu":"23A521FF"}]}
Berhasil kirim balasan ke "responServer/2309MAS002"

[2025-10-31 12:07:16]
Menerima pesan dari: dariMCU/2309MAS001 - Pesan: {"nokartu":"13B90AFE","idchip":"4115046","nodevice":"2309MAS001","key":"1234567890987654321","ipa":"10.10.11.5"}
[2025-10-31 12:07:16]
Berhasil merespon "dariMCU/2309MAS001" : {"respon":[{"id":"4115046","nodevice":"2309MAS001","message":"510","info":"Dio Wahyu Agustian--TERCATAT! 15 dtk lalu","nokartu":"13B90AFE"}]}
Berhasil kirim balasan ke "responServer/2309MAS001"

[2025-10-31 12:07:18]
Menerima pesan dari: dariMCU/2309MAS003 - Pesan: {"nokartu":"F3F66905","idchip":"16581755","nodevice":"2309MAS003","key":"1234567890987654321","ipa":"10.10.1.23"}
[2025-10-31 12:07:18]
Berhasil merespon "dariMCU/2309MAS003" : {"respon":[{"id":"16581755","nodevice":"2309MAS003","message":"510","info":"Agil Bayu Nugroho--TERCATAT! 9 dtk lalu","nokartu":"F3F66905"}]}
Berhasil kirim balasan ke "responServer/2309MAS003"

[2025-10-31 12:07:23]
Menerima pesan dari: dariMCU/2309MAS001 - Pesan: {"nokartu":"13B90AFE","idchip":"4115046","nodevice":"2309MAS001","key":"1234567890987654321","ipa":"10.10.11.5"}
[2025-10-31 12:07:23]
Berhasil merespon "dariMCU/2309MAS001" : {"respon":[{"id":"4115046","nodevice":"2309MAS001","message":"510","info":"Dio Wahyu Agustian--TERCATAT! 22 dtk lalu","nokartu":"13B90AFE"}]}
Berhasil kirim balasan ke "responServer/2309MAS001"

[2025-10-31 12:07:35]
Menerima pesan dari: dariMCU/2309MAS003 - Pesan: {"nokartu":"13E47B05","idchip":"16581755","nodevice":"2309MAS003","key":"1234567890987654321","ipa":"10.10.1.23"}
[2025-10-31 12:07:35]
Berhasil merespon "dariMCU/2309MAS003" : {"respon":[{"id":"16581755","nodevice":"2309MAS003","message":"BMPE","info":"Ata Amirulloh--Berhasil Presensi -Mulai-","nokartu":"13E47B05"}]}
Berhasil kirim balasan ke "responServer/2309MAS003"

[2025-10-31 12:07:54]
Menerima pesan dari: dariMCU/2309MAS003 - Pesan: {"nokartu":"5348DA54","idchip":"16581755","nodevice":"2309MAS003","key":"1234567890987654321","ipa":"10.10.1.23"}
[2025-10-31 12:07:54]
Berhasil merespon "dariMCU/2309MAS003" : {"respon":[{"id":"16581755","nodevice":"2309MAS003","message":"BMPE","info":"Ikhwan Priantama--Berhasil Presensi -Mulai-","nokartu":"5348DA54"}]}
Berhasil kirim balasan ke "responServer/2309MAS003"

[2025-10-31 12:07:55]
Menerima pesan dari: dariMCU/2309MAS003 - Pesan: {"nokartu":"5348DA54","idchip":"16581755","nodevice":"2309MAS003","key":"1234567890987654321","ipa":"10.10.1.23"}
[2025-10-31 12:07:55]
Berhasil merespon "dariMCU/2309MAS003" : {"respon":[{"id":"16581755","nodevice":"2309MAS003","message":"510","info":"Ikhwan Priantama--TERCATAT! 1 dtk lalu","nokartu":"5348DA54"}]}
Berhasil kirim balasan ke "responServer/2309MAS003"

[2025-10-31 12:08:11]
Menerima pesan dari: dariMCU/2309MAS003 - Pesan: {"nokartu":"43230AFE","idchip":"16581755","nodevice":"2309MAS003","key":"1234567890987654321","ipa":"10.10.1.23"}
[2025-10-31 12:08:11]
Berhasil merespon "dariMCU/2309MAS003" : {"respon":[{"id":"16581755","nodevice":"2309MAS003","message":"BMPE","info":"Bagus Ade Haryono--Berhasil Presensi -Mulai-","nokartu":"43230AFE"}]}
Berhasil kirim balasan ke "responServer/2309MAS003"

[2025-10-31 12:08:27]
Menerima pesan dari: dariMCU/2309MAS002 - Pesan: {"nokartu":"F3F66905","idchip":"1165251","nodevice":"2309MAS002","key":"1234567890987654321","ipa":"10.10.10.238"}
[2025-10-31 12:08:27]
Berhasil merespon "dariMCU/2309MAS002" : {"respon":[{"id":"1165251","nodevice":"2309MAS002","message":"510","info":"Agil Bayu Nugroho--TERCATAT! 78 dtk lalu","nokartu":"F3F66905"}]}
Berhasil kirim balasan ke "responServer/2309MAS002"

[2025-10-31 12:08:29]
Menerima pesan dari: dariMCU/2309MAS002 - Pesan: {"nokartu":"F3F66905","idchip":"1165251","nodevice":"2309MAS002","key":"1234567890987654321","ipa":"10.10.10.238"}
[2025-10-31 12:08:29]
Berhasil merespon "dariMCU/2309MAS002" : {"respon":[{"id":"1165251","nodevice":"2309MAS002","message":"510","info":"Agil Bayu Nugroho--TERCATAT! 80 dtk lalu","nokartu":"F3F66905"}]}
Berhasil kirim balasan ke "responServer/2309MAS002"

[2025-10-31 12:08:50]
Menerima pesan dari: dariMCU/2309MAS003 - Pesan: {"nokartu":"531134FF","idchip":"16581755","nodevice":"2309MAS003","key":"1234567890987654321","ipa":"10.10.1.23"}
[2025-10-31 12:08:50]
Berhasil merespon "dariMCU/2309MAS003" : {"respon":[{"id":"16581755","nodevice":"2309MAS003","message":"BMPE","info":"Sigit Dwijo Purnomo--Berhasil Presensi -Mulai-","nokartu":"531134FF"}]}
Berhasil kirim balasan ke "responServer/2309MAS003"

[2025-10-31 12:08:54]
Menerima pesan dari: dariMCU/2309MAS003 - Pesan: {"nokartu":"A37E7F05","idchip":"16581755","nodevice":"2309MAS003","key":"1234567890987654321","ipa":"10.10.1.23"}
[2025-10-31 12:08:54]
Berhasil merespon "dariMCU/2309MAS003" : {"respon":[{"id":"16581755","nodevice":"2309MAS003","message":"BMPE","info":"Algi Wian Avantyo--Berhasil Presensi -Mulai-","nokartu":"A37E7F05"}]}
Berhasil kirim balasan ke "responServer/2309MAS003"

[2025-10-31 12:08:55]
Menerima pesan dari: dariMCU/2309MAS003 - Pesan: {"nokartu":"A37E7F05","idchip":"16581755","nodevice":"2309MAS003","key":"1234567890987654321","ipa":"10.10.1.23"}
[2025-10-31 12:08:55]
Berhasil merespon "dariMCU/2309MAS003" : {"respon":[{"id":"16581755","nodevice":"2309MAS003","message":"510","info":"Algi Wian Avantyo--TERCATAT! 1 dtk lalu","nokartu":"A37E7F05"}]}
Berhasil kirim balasan ke "responServer/2309MAS003"

[2025-10-31 12:08:57]
Menerima pesan dari: dariMCU/2309MAS003 - Pesan: {"nokartu":"A37E7F05","idchip":"16581755","nodevice":"2309MAS003","key":"1234567890987654321","ipa":"10.10.1.23"}
[2025-10-31 12:08:57]
Berhasil merespon "dariMCU/2309MAS003" : {"respon":[{"id":"16581755","nodevice":"2309MAS003","message":"510","info":"Algi Wian Avantyo--TERCATAT! 3 dtk lalu","nokartu":"A37E7F05"}]}
Berhasil kirim balasan ke "responServer/2309MAS003"

[2025-10-31 12:09:00]
Menerima pesan dari: dariMCU/2309MAS003 - Pesan: {"nokartu":"A37E7F05","idchip":"16581755","nodevice":"2309MAS003","key":"1234567890987654321","ipa":"10.10.1.23"}
[2025-10-31 12:09:00]
Berhasil merespon "dariMCU/2309MAS003" : {"respon":[{"id":"16581755","nodevice":"2309MAS003","message":"510","info":"Algi Wian Avantyo--TERCATAT! 6 dtk lalu","nokartu":"A37E7F05"}]}
Berhasil kirim balasan ke "responServer/2309MAS003"

[2025-10-31 12:09:11]
Menerima pesan dari: dariMCU/2309MAS003 - Pesan: {"nokartu":"A37E7F05","idchip":"16581755","nodevice":"2309MAS003","key":"1234567890987654321","ipa":"10.10.1.23"}
[2025-10-31 12:09:11]
Berhasil merespon "dariMCU/2309MAS003" : {"respon":[{"id":"16581755","nodevice":"2309MAS003","message":"510","info":"Algi Wian Avantyo--TERCATAT! 17 dtk lalu","nokartu":"A37E7F05"}]}
Berhasil kirim balasan ke "responServer/2309MAS003"

[2025-10-31 12:09:13]
Menerima pesan dari: dariMCU/2309MAS001 - Pesan: {"nokartu":"531134FF","idchip":"4115046","nodevice":"2309MAS001","key":"1234567890987654321","ipa":"10.10.11.5"}
[2025-10-31 12:09:13]
Berhasil merespon "dariMCU/2309MAS001" : {"respon":[{"id":"4115046","nodevice":"2309MAS001","message":"510","info":"Sigit Dwijo Purnomo--TERCATAT! 23 dtk lalu","nokartu":"531134FF"}]}
Berhasil kirim balasan ke "responServer/2309MAS001"

[2025-10-31 12:09:18]
Menerima pesan dari: dariMCU/2309MAS003 - Pesan: {"nokartu":"531134FF","idchip":"16581755","nodevice":"2309MAS003","key":"1234567890987654321","ipa":"10.10.1.23"}
[2025-10-31 12:09:18]
Berhasil merespon "dariMCU/2309MAS003" : {"respon":[{"id":"16581755","nodevice":"2309MAS003","message":"510","info":"Sigit Dwijo Purnomo--TERCATAT! 28 dtk lalu","nokartu":"531134FF"}]}
Berhasil kirim balasan ke "responServer/2309MAS003"

[2025-10-31 12:24:44]
Menerima pesan dari: dariMCU/2309MAS002 - Pesan: {"nokartu":"AA04B889","idchip":"1165251","nodevice":"2309MAS002","key":"1234567890987654321","ipa":"10.10.10.238"}
[2025-10-31 12:24:44]
Berhasil merespon "dariMCU/2309MAS002" : {"respon":[{"id":"1165251","nodevice":"2309MAS002","message":"BMPE","info":"Lanang Kaloka Tata Ulama--Berhasil Presensi -Mulai-","nokartu":"AA04B889"}]}
Berhasil kirim balasan ke "responServer/2309MAS002"

[2025-10-31 12:24:45]
Menerima pesan dari: dariMCU/2309MAS001 - Pesan: {"nokartu":"AA04B889","idchip":"4115046","nodevice":"2309MAS001","key":"1234567890987654321","ipa":"10.10.11.5"}
[2025-10-31 12:24:45]
Berhasil merespon "dariMCU/2309MAS001" : {"respon":[{"id":"4115046","nodevice":"2309MAS001","message":"510","info":"Lanang Kaloka Tata Ulama--TERCATAT! 1 dtk lalu","nokartu":"AA04B889"}]}
Berhasil kirim balasan ke "responServer/2309MAS001"

[2025-10-31 12:24:47]
Menerima pesan dari: dariMCU/2309MAS003 - Pesan: {"nokartu":"AA04B889","idchip":"16581755","nodevice":"2309MAS003","key":"1234567890987654321","ipa":"10.10.1.23"}
[2025-10-31 12:24:47]
Berhasil merespon "dariMCU/2309MAS003" : {"respon":[{"id":"16581755","nodevice":"2309MAS003","message":"510","info":"Lanang Kaloka Tata Ulama--TERCATAT! 3 dtk lalu","nokartu":"AA04B889"}]}
Berhasil kirim balasan ke "responServer/2309MAS003"

[2025-10-31 12:25:27]
Menerima pesan dari: dariMCU/2309MAS002 - Pesan: {"nokartu":"13EB7505","idchip":"1165251","nodevice":"2309MAS002","key":"1234567890987654321","ipa":"10.10.10.238"}
[2025-10-31 12:25:27]
Berhasil merespon "dariMCU/2309MAS002" : {"respon":[{"id":"1165251","nodevice":"2309MAS002","message":"BPSE","info":"Agus Setiawan--Berhasil Presensi -Selesai-","nokartu":"13EB7505"}]}
Berhasil kirim balasan ke "responServer/2309MAS002"

[2025-10-31 12:25:28]
Menerima pesan dari: dariMCU/2309MAS001 - Pesan: {"nokartu":"13EB7505","idchip":"4115046","nodevice":"2309MAS001","key":"1234567890987654321","ipa":"10.10.11.5"}
[2025-10-31 12:25:28]
Berhasil merespon "dariMCU/2309MAS001" : {"respon":[{"id":"4115046","nodevice":"2309MAS001","message":"510","info":"Agus Setiawan--TERCATAT! 1 dtk lalu","nokartu":"13EB7505"}]}
Berhasil kirim balasan ke "responServer/2309MAS001"

[2025-10-31 12:25:29]
Menerima pesan dari: dariMCU/2309MAS003 - Pesan: {"nokartu":"13EB7505","idchip":"16581755","nodevice":"2309MAS003","key":"1234567890987654321","ipa":"10.10.1.23"}
[2025-10-31 12:25:29]
Berhasil merespon "dariMCU/2309MAS003" : {"respon":[{"id":"16581755","nodevice":"2309MAS003","message":"510","info":"Agus Setiawan--TERCATAT! 2 dtk lalu","nokartu":"13EB7505"}]}
Berhasil kirim balasan ke "responServer/2309MAS003"

[2025-10-31 12:33:52]
Menerima pesan dari: dariMCU/2309MAS003 - Pesan: {"nokartu":"63D323FF","idchip":"16581755","nodevice":"2309MAS003","key":"1234567890987654321","ipa":"10.10.1.23"}
[2025-10-31 12:33:52]
Berhasil merespon "dariMCU/2309MAS003" : {"respon":[{"id":"16581755","nodevice":"2309MAS003","message":"BMPE","info":"Hisna Alifah--Berhasil Presensi -Mulai-","nokartu":"63D323FF"}]}
Berhasil kirim balasan ke "responServer/2309MAS003"

[2025-10-31 12:33:55]
Menerima pesan dari: dariMCU/2309MAS001 - Pesan: {"nokartu":"C3A01AFE","idchip":"4115046","nodevice":"2309MAS001","key":"1234567890987654321","ipa":"10.10.11.5"}
[2025-10-31 12:33:55]
Berhasil merespon "dariMCU/2309MAS001" : {"respon":[{"id":"4115046","nodevice":"2309MAS001","message":"BMPE","info":"Dini Dwi Ariyanti--Berhasil Presensi -Mulai-","nokartu":"C3A01AFE"}]}
Berhasil kirim balasan ke "responServer/2309MAS001"

[2025-10-31 12:33:56]
Menerima pesan dari: dariMCU/2309MAS002 - Pesan: {"nokartu":"63D323FF","idchip":"1165251","nodevice":"2309MAS002","key":"1234567890987654321","ipa":"10.10.10.238"}
[2025-10-31 12:33:56]
Berhasil merespon "dariMCU/2309MAS002" : {"respon":[{"id":"1165251","nodevice":"2309MAS002","message":"510","info":"Hisna Alifah--TERCATAT! 4 dtk lalu","nokartu":"63D323FF"}]}
Berhasil kirim balasan ke "responServer/2309MAS002"

[2025-10-31 12:49:18]
Menerima pesan dari: dariMCU/2309MAS003 - Pesan: {"nokartu":"A38D17FE","idchip":"16581755","nodevice":"2309MAS003","key":"1234567890987654321","ipa":"10.10.1.23"}
[2025-10-31 12:49:18]
Berhasil merespon "dariMCU/2309MAS003" : {"respon":[{"id":"16581755","nodevice":"2309MAS003","message":"BMPE","info":"Aulia Hastuti Santalum--Berhasil Presensi -Mulai-","nokartu":"A38D17FE"}]}
Berhasil kirim balasan ke "responServer/2309MAS003"

[2025-10-31 12:49:21]
Menerima pesan dari: dariMCU/2309MAS003 - Pesan: {"nokartu":"A38D17FE","idchip":"16581755","nodevice":"2309MAS003","key":"1234567890987654321","ipa":"10.10.1.23"}
[2025-10-31 12:49:21]
Berhasil merespon "dariMCU/2309MAS003" : {"respon":[{"id":"16581755","nodevice":"2309MAS003","message":"510","info":"Aulia Hastuti Santalum--TERCATAT! 3 dtk lalu","nokartu":"A38D17FE"}]}
Berhasil kirim balasan ke "responServer/2309MAS003"

[2025-10-31 12:49:46]
Menerima pesan dari: dariMCU/2309MAS003 - Pesan: {"nokartu":"53802FFF","idchip":"16581755","nodevice":"2309MAS003","key":"1234567890987654321","ipa":"10.10.1.23"}
[2025-10-31 12:49:46]
Berhasil merespon "dariMCU/2309MAS003" : {"respon":[{"id":"16581755","nodevice":"2309MAS003","message":"BMPE","info":"Fatimatuzzahro--Berhasil Presensi -Mulai-","nokartu":"53802FFF"}]}
Berhasil kirim balasan ke "responServer/2309MAS003"

[2025-10-31 12:49:49]
Menerima pesan dari: dariMCU/2309MAS003 - Pesan: {"nokartu":"C3BB21FF","idchip":"16581755","nodevice":"2309MAS003","key":"1234567890987654321","ipa":"10.10.1.23"}
[2025-10-31 12:49:49]
Berhasil merespon "dariMCU/2309MAS003" : {"respon":[{"id":"16581755","nodevice":"2309MAS003","message":"BMPE","info":"Nathania Cesya Salsabila--Berhasil Presensi -Mulai-","nokartu":"C3BB21FF"}]}
Berhasil kirim balasan ke "responServer/2309MAS003"

[2025-10-31 12:49:51]
Menerima pesan dari: dariMCU/2309MAS001 - Pesan: {"nokartu":"53802FFF","idchip":"4115046","nodevice":"2309MAS001","key":"1234567890987654321","ipa":"10.10.11.5"}
[2025-10-31 12:49:51]
Berhasil merespon "dariMCU/2309MAS001" : {"respon":[{"id":"4115046","nodevice":"2309MAS001","message":"510","info":"Fatimatuzzahro--TERCATAT! 5 dtk lalu","nokartu":"53802FFF"}]}
Berhasil kirim balasan ke "responServer/2309MAS001"

[2025-10-31 12:49:51]
Menerima pesan dari: dariMCU/2309MAS002 - Pesan: {"nokartu":"53802FFF","idchip":"1165251","nodevice":"2309MAS002","key":"1234567890987654321","ipa":"10.10.10.238"}
[2025-10-31 12:49:51]
Berhasil merespon "dariMCU/2309MAS002" : {"respon":[{"id":"1165251","nodevice":"2309MAS002","message":"510","info":"Fatimatuzzahro--TERCATAT! 5 dtk lalu","nokartu":"53802FFF"}]}
Berhasil kirim balasan ke "responServer/2309MAS002"

[2025-10-31 12:49:55]
Menerima pesan dari: dariMCU/2309MAS001 - Pesan: {"nokartu":"C3BB21FF","idchip":"4115046","nodevice":"2309MAS001","key":"1234567890987654321","ipa":"10.10.11.5"}
[2025-10-31 12:49:55]
Berhasil merespon "dariMCU/2309MAS001" : {"respon":[{"id":"4115046","nodevice":"2309MAS001","message":"510","info":"Nathania Cesya Salsabila--TERCATAT! 6 dtk lalu","nokartu":"C3BB21FF"}]}
Berhasil kirim balasan ke "responServer/2309MAS001"

[2025-10-31 12:51:02]
Menerima pesan dari: dariMCU/2309MAS001 - Pesan: {"nokartu":"037E24FF","idchip":"4115046","nodevice":"2309MAS001","key":"1234567890987654321","ipa":"10.10.11.5"}
[2025-10-31 12:51:02]
Berhasil merespon "dariMCU/2309MAS001" : {"respon":[{"id":"4115046","nodevice":"2309MAS001","message":"BMPE","info":"Alisya Desti Maharani--Berhasil Presensi -Mulai-","nokartu":"037E24FF"}]}
Berhasil kirim balasan ke "responServer/2309MAS001"

[2025-10-31 12:51:03]
Menerima pesan dari: dariMCU/2309MAS002 - Pesan: {"nokartu":"037E24FF","idchip":"1165251","nodevice":"2309MAS002","key":"1234567890987654321","ipa":"10.10.10.238"}
[2025-10-31 12:51:03]
Berhasil merespon "dariMCU/2309MAS002" : {"respon":[{"id":"1165251","nodevice":"2309MAS002","message":"510","info":"Alisya Desti Maharani--TERCATAT! 1 dtk lalu","nokartu":"037E24FF"}]}
Berhasil kirim balasan ke "responServer/2309MAS002"

[2025-10-31 12:55:16]
Menerima pesan dari: dariMCU/2309MAS003 - Pesan: {"nokartu":"930E22FF","idchip":"16581755","nodevice":"2309MAS003","key":"1234567890987654321","ipa":"10.10.1.23"}
[2025-10-31 12:55:16]
Berhasil merespon "dariMCU/2309MAS003" : {"respon":[{"id":"16581755","nodevice":"2309MAS003","message":"BMPE","info":"Nafila Azahro--Berhasil Presensi -Mulai-","nokartu":"930E22FF"}]}
Berhasil kirim balasan ke "responServer/2309MAS003"

[2025-10-31 13:55:55]
Menerima pesan dari: dariMCU/2309MAS003 - Pesan: {"nokartu":"C31F05FE","idchip":"16581755","nodevice":"2309MAS003","key":"1234567890987654321","ipa":"10.10.1.23"}
[2025-10-31 13:55:55]
Berhasil merespon "dariMCU/2309MAS003" : {"respon":[{"id":"16581755","nodevice":"2309MAS003","message":"BMPE","info":"Sofa Nur Hasanah--Berhasil Presensi -Mulai-","nokartu":"C31F05FE"}]}
Berhasil kirim balasan ke "responServer/2309MAS003"

