[2025-10-03 11:56:20]
Menerima pesan dari: dariMCU_2309MAS003 - Pesan: {"nokartu":"43C30DFE","idchip":"16581755","nodevice":"2309MAS003","key":"1234567890987654321","ipa":"10.10.1.23"}
[2025-10-03 11:56:20]
Berhasil merespon "dariMCU_2309MAS003" : {"respon":[{"id":"16581755","nodevice":"2309MAS003","message":"BMPE","info":"Muhamad Saroful Anam--Berhasil Presensi -Mulai-","nokartu":"43C30DFE"}]}
Berhasil kirim balasan ke "responServer_2309MAS003"

[2025-10-03 11:56:35]
Menerima pesan dari: dariMCU_2309MAS003 - Pesan: {"nokartu":"431A6E05","idchip":"16581755","nodevice":"2309MAS003","key":"1234567890987654321","ipa":"10.10.1.23"}
[2025-10-03 11:56:35]
Berhasil merespon "dariMCU_2309MAS003" : {"respon":[{"id":"16581755","nodevice":"2309MAS003","message":"BMPE","info":"Dwi Setyawan--Berhasil Presensi -Mulai-","nokartu":"431A6E05"}]}
Berhasil kirim balasan ke "responServer_2309MAS003"

[2025-10-03 11:56:38]
Menerima pesan dari: dariMCU_2309MAS003 - Pesan: {"nokartu":"431A6E05","idchip":"16581755","nodevice":"2309MAS003","key":"1234567890987654321","ipa":"10.10.1.23"}
[2025-10-03 11:56:38]
Berhasil merespon "dariMCU_2309MAS003" : {"respon":[{"id":"16581755","nodevice":"2309MAS003","message":"510","info":"Dwi Setyawan--TERCATAT! 3 dtk lalu","nokartu":"431A6E05"}]}
Berhasil kirim balasan ke "responServer_2309MAS003"

[2025-10-03 11:58:04]
Menerima pesan dari: dariMCU_2309MAS003 - Pesan: {"nokartu":"03C816FE","idchip":"16581755","nodevice":"2309MAS003","key":"1234567890987654321","ipa":"10.10.1.23"}
[2025-10-03 11:58:04]
Berhasil merespon "dariMCU_2309MAS003" : {"respon":[{"id":"16581755","nodevice":"2309MAS003","message":"BMPE","info":"Nauval Wahyu Dwi Prastyo--Berhasil Presensi -Mulai-","nokartu":"03C816FE"}]}
Berhasil kirim balasan ke "responServer_2309MAS003"

[2025-10-03 11:58:07]
Menerima pesan dari: dariMCU_2309MAS003 - Pesan: {"nokartu":"03C816FE","idchip":"16581755","nodevice":"2309MAS003","key":"1234567890987654321","ipa":"10.10.1.23"}
[2025-10-03 11:58:07]
Berhasil merespon "dariMCU_2309MAS003" : {"respon":[{"id":"16581755","nodevice":"2309MAS003","message":"510","info":"Nauval Wahyu Dwi Prastyo--TERCATAT! 3 dtk lalu","nokartu":"03C816FE"}]}
Berhasil kirim balasan ke "responServer_2309MAS003"

[2025-10-03 11:58:14]
Menerima pesan dari: dariMCU_2309MAS003 - Pesan: {"nokartu":"132634FF","idchip":"16581755","nodevice":"2309MAS003","key":"1234567890987654321","ipa":"10.10.1.23"}
[2025-10-03 11:58:14]
Berhasil merespon "dariMCU_2309MAS003" : {"respon":[{"id":"16581755","nodevice":"2309MAS003","message":"BMPE","info":"Aqila Ferdian Pratama--Berhasil Presensi -Mulai-","nokartu":"132634FF"}]}
Berhasil kirim balasan ke "responServer_2309MAS003"

[2025-10-03 11:58:15]
Menerima pesan dari: dariMCU_2309MAS003 - Pesan: {"nokartu":"132634FF","idchip":"16581755","nodevice":"2309MAS003","key":"1234567890987654321","ipa":"10.10.1.23"}
[2025-10-03 11:58:15]
Berhasil merespon "dariMCU_2309MAS003" : {"respon":[{"id":"16581755","nodevice":"2309MAS003","message":"510","info":"Aqila Ferdian Pratama--TERCATAT! 1 dtk lalu","nokartu":"132634FF"}]}
Berhasil kirim balasan ke "responServer_2309MAS003"

[2025-10-03 11:58:19]
Menerima pesan dari: dariMCU_2309MAS003 - Pesan: {"nokartu":"132634FF","idchip":"16581755","nodevice":"2309MAS003","key":"1234567890987654321","ipa":"10.10.1.23"}
[2025-10-03 11:58:19]
Berhasil merespon "dariMCU_2309MAS003" : {"respon":[{"id":"16581755","nodevice":"2309MAS003","message":"510","info":"Aqila Ferdian Pratama--TERCATAT! 5 dtk lalu","nokartu":"132634FF"}]}
Berhasil kirim balasan ke "responServer_2309MAS003"

[2025-10-03 11:58:32]
Menerima pesan dari: dariMCU_2309MAS003 - Pesan: {"nokartu":"636D7305","idchip":"16581755","nodevice":"2309MAS003","key":"1234567890987654321","ipa":"10.10.1.23"}
[2025-10-03 11:58:32]
Berhasil merespon "dariMCU_2309MAS003" : {"respon":[{"id":"16581755","nodevice":"2309MAS003","message":"BMPE","info":"Sasetyo--Berhasil Presensi -Mulai-","nokartu":"636D7305"}]}
Berhasil kirim balasan ke "responServer_2309MAS003"

[2025-10-03 11:58:36]
Menerima pesan dari: dariMCU_2309MAS003 - Pesan: {"nokartu":"636D7305","idchip":"16581755","nodevice":"2309MAS003","key":"1234567890987654321","ipa":"10.10.1.23"}
[2025-10-03 11:58:36]
Berhasil merespon "dariMCU_2309MAS003" : {"respon":[{"id":"16581755","nodevice":"2309MAS003","message":"510","info":"Sasetyo--TERCATAT! 4 dtk lalu","nokartu":"636D7305"}]}
Berhasil kirim balasan ke "responServer_2309MAS003"

[2025-10-03 11:58:41]
Menerima pesan dari: dariMCU_2309MAS003 - Pesan: {"nokartu":"03D0D7E2","idchip":"16581755","nodevice":"2309MAS003","key":"1234567890987654321","ipa":"10.10.1.23"}
[2025-10-03 11:58:41]
Berhasil merespon "dariMCU_2309MAS003" : {"respon":[{"id":"16581755","nodevice":"2309MAS003","message":"BMPE","info":"Putra Fajar Noviyanto--Berhasil Presensi -Mulai-","nokartu":"03D0D7E2"}]}
Berhasil kirim balasan ke "responServer_2309MAS003"

[2025-10-03 11:58:50]
Menerima pesan dari: dariMCU_2309MAS003 - Pesan: {"nokartu":"B30123FF","idchip":"16581755","nodevice":"2309MAS003","key":"1234567890987654321","ipa":"10.10.1.23"}
[2025-10-03 11:58:50]
Berhasil merespon "dariMCU_2309MAS003" : {"respon":[{"id":"16581755","nodevice":"2309MAS003","message":"BMPE","info":"Raysha Novasera--Berhasil Presensi -Mulai-","nokartu":"B30123FF"}]}
Berhasil kirim balasan ke "responServer_2309MAS003"

[2025-10-03 11:58:53]
Menerima pesan dari: dariMCU_2309MAS003 - Pesan: {"nokartu":"B30123FF","idchip":"16581755","nodevice":"2309MAS003","key":"1234567890987654321","ipa":"10.10.1.23"}
[2025-10-03 11:58:53]
Berhasil merespon "dariMCU_2309MAS003" : {"respon":[{"id":"16581755","nodevice":"2309MAS003","message":"510","info":"Raysha Novasera--TERCATAT! 3 dtk lalu","nokartu":"B30123FF"}]}
Berhasil kirim balasan ke "responServer_2309MAS003"

[2025-10-03 11:58:58]
Menerima pesan dari: dariMCU_2309MAS003 - Pesan: {"nokartu":"03807505","idchip":"16581755","nodevice":"2309MAS003","key":"1234567890987654321","ipa":"10.10.1.23"}
[2025-10-03 11:58:58]
Berhasil merespon "dariMCU_2309MAS003" : {"respon":[{"id":"16581755","nodevice":"2309MAS003","message":"BMPE","info":"Muhammad Khairurasyid--Berhasil Presensi -Mulai-","nokartu":"03807505"}]}
Berhasil kirim balasan ke "responServer_2309MAS003"

[2025-10-03 11:58:59]
Menerima pesan dari: dariMCU_2309MAS003 - Pesan: {"nokartu":"188235E28DFA86","idchip":"16581755","nodevice":"2309MAS003","key":"1234567890987654321","ipa":"10.10.1.23"}
[2025-10-03 11:58:59]
Berhasil merespon "dariMCU_2309MAS003" : {"respon":[{"id":"16581755","nodevice":"2309MAS003","message":"IDTT","info":"Kartu ID ini--belum terdaftar","nokartu":"188235E28DFA86"}]}
Berhasil kirim balasan ke "responServer_2309MAS003"

[2025-10-03 11:59:02]
Menerima pesan dari: dariMCU_2309MAS003 - Pesan: {"nokartu":"03807505","idchip":"16581755","nodevice":"2309MAS003","key":"1234567890987654321","ipa":"10.10.1.23"}
[2025-10-03 11:59:02]
Berhasil merespon "dariMCU_2309MAS003" : {"respon":[{"id":"16581755","nodevice":"2309MAS003","message":"510","info":"Muhammad Khairurasyid--TERCATAT! 4 dtk lalu","nokartu":"03807505"}]}
Berhasil kirim balasan ke "responServer_2309MAS003"

[2025-10-03 11:59:03]
Menerima pesan dari: dariMCU_2309MAS003 - Pesan: {"nokartu":"13EB7505","idchip":"16581755","nodevice":"2309MAS003","key":"1234567890987654321","ipa":"10.10.1.23"}
[2025-10-03 11:59:03]
Berhasil merespon "dariMCU_2309MAS003" : {"respon":[{"id":"16581755","nodevice":"2309MAS003","message":"BMPE","info":"Agus Setiawan--Berhasil Presensi -Mulai-","nokartu":"13EB7505"}]}
Berhasil kirim balasan ke "responServer_2309MAS003"

[2025-10-03 11:59:07]
Menerima pesan dari: dariMCU_2309MAS003 - Pesan: {"nokartu":"13EB7505","idchip":"16581755","nodevice":"2309MAS003","key":"1234567890987654321","ipa":"10.10.1.23"}
[2025-10-03 11:59:07]
Berhasil merespon "dariMCU_2309MAS003" : {"respon":[{"id":"16581755","nodevice":"2309MAS003","message":"510","info":"Agus Setiawan--TERCATAT! 4 dtk lalu","nokartu":"13EB7505"}]}
Berhasil kirim balasan ke "responServer_2309MAS003"

[2025-10-03 11:59:12]
Menerima pesan dari: dariMCU_2309MAS003 - Pesan: {"nokartu":"D32434FF","idchip":"16581755","nodevice":"2309MAS003","key":"1234567890987654321","ipa":"10.10.1.23"}
[2025-10-03 11:59:12]
Berhasil merespon "dariMCU_2309MAS003" : {"respon":[{"id":"16581755","nodevice":"2309MAS003","message":"BMPE","info":"Muhamad Ulil Albab--Berhasil Presensi -Mulai-","nokartu":"D32434FF"}]}
Berhasil kirim balasan ke "responServer_2309MAS003"

[2025-10-03 11:59:16]
Menerima pesan dari: dariMCU_2309MAS003 - Pesan: {"nokartu":"D32434FF","idchip":"16581755","nodevice":"2309MAS003","key":"1234567890987654321","ipa":"10.10.1.23"}
[2025-10-03 11:59:16]
Berhasil merespon "dariMCU_2309MAS003" : {"respon":[{"id":"16581755","nodevice":"2309MAS003","message":"510","info":"Muhamad Ulil Albab--TERCATAT! 4 dtk lalu","nokartu":"D32434FF"}]}
Berhasil kirim balasan ke "responServer_2309MAS003"

[2025-10-03 11:59:17]
Menerima pesan dari: dariMCU_2309MAS003 - Pesan: {"nokartu":"737931FF","idchip":"16581755","nodevice":"2309MAS003","key":"1234567890987654321","ipa":"10.10.1.23"}
[2025-10-03 11:59:17]
Berhasil merespon "dariMCU_2309MAS003" : {"respon":[{"id":"16581755","nodevice":"2309MAS003","message":"BMPE","info":"Farel Ardian--Berhasil Presensi -Mulai-","nokartu":"737931FF"}]}
Berhasil kirim balasan ke "responServer_2309MAS003"

[2025-10-03 11:59:20]
Menerima pesan dari: dariMCU_2309MAS003 - Pesan: {"nokartu":"737931FF","idchip":"16581755","nodevice":"2309MAS003","key":"1234567890987654321","ipa":"10.10.1.23"}
[2025-10-03 11:59:20]
Berhasil merespon "dariMCU_2309MAS003" : {"respon":[{"id":"16581755","nodevice":"2309MAS003","message":"510","info":"Farel Ardian--TERCATAT! 3 dtk lalu","nokartu":"737931FF"}]}
Berhasil kirim balasan ke "responServer_2309MAS003"

[2025-10-03 11:59:24]
Menerima pesan dari: dariMCU_2309MAS003 - Pesan: {"nokartu":"737931FF","idchip":"16581755","nodevice":"2309MAS003","key":"1234567890987654321","ipa":"10.10.1.23"}
[2025-10-03 11:59:24]
Berhasil merespon "dariMCU_2309MAS003" : {"respon":[{"id":"16581755","nodevice":"2309MAS003","message":"510","info":"Farel Ardian--TERCATAT! 7 dtk lalu","nokartu":"737931FF"}]}
Berhasil kirim balasan ke "responServer_2309MAS003"

[2025-10-03 12:00:35]
Menerima pesan dari: dariMCU_2309MAS003 - Pesan: {"nokartu":"53D022FF","idchip":"16581755","nodevice":"2309MAS003","key":"1234567890987654321","ipa":"10.10.1.23"}
[2025-10-03 12:00:35]
Berhasil merespon "dariMCU_2309MAS003" : {"respon":[{"id":"16581755","nodevice":"2309MAS003","message":"BMPE","info":"Muhamad Zulfikar Rahman--Berhasil Presensi -Mulai-","nokartu":"53D022FF"}]}
Berhasil kirim balasan ke "responServer_2309MAS003"

[2025-10-03 12:00:39]
Menerima pesan dari: dariMCU_2309MAS003 - Pesan: {"nokartu":"53D022FF","idchip":"16581755","nodevice":"2309MAS003","key":"1234567890987654321","ipa":"10.10.1.23"}
[2025-10-03 12:00:39]
Berhasil merespon "dariMCU_2309MAS003" : {"respon":[{"id":"16581755","nodevice":"2309MAS003","message":"510","info":"Muhamad Zulfikar Rahman--TERCATAT! 4 dtk lalu","nokartu":"53D022FF"}]}
Berhasil kirim balasan ke "responServer_2309MAS003"

[2025-10-03 12:00:52]
Menerima pesan dari: dariMCU_2309MAS003 - Pesan: {"nokartu":"83987B05","idchip":"16581755","nodevice":"2309MAS003","key":"1234567890987654321","ipa":"10.10.1.23"}
[2025-10-03 12:00:52]
Berhasil merespon "dariMCU_2309MAS003" : {"respon":[{"id":"16581755","nodevice":"2309MAS003","message":"BMPE","info":"Raditya Pratama--Berhasil Presensi -Mulai-","nokartu":"83987B05"}]}
Berhasil kirim balasan ke "responServer_2309MAS003"

[2025-10-03 12:00:55]
Menerima pesan dari: dariMCU_2309MAS003 - Pesan: {"nokartu":"83987B05","idchip":"16581755","nodevice":"2309MAS003","key":"1234567890987654321","ipa":"10.10.1.23"}
[2025-10-03 12:00:55]
Berhasil merespon "dariMCU_2309MAS003" : {"respon":[{"id":"16581755","nodevice":"2309MAS003","message":"510","info":"Raditya Pratama--TERCATAT! 3 dtk lalu","nokartu":"83987B05"}]}
Berhasil kirim balasan ke "responServer_2309MAS003"

[2025-10-03 12:00:56]
Menerima pesan dari: dariMCU_2309MAS003 - Pesan: {"nokartu":"83987B05","idchip":"16581755","nodevice":"2309MAS003","key":"1234567890987654321","ipa":"10.10.1.23"}
[2025-10-03 12:00:56]
Berhasil merespon "dariMCU_2309MAS003" : {"respon":[{"id":"16581755","nodevice":"2309MAS003","message":"510","info":"Raditya Pratama--TERCATAT! 4 dtk lalu","nokartu":"83987B05"}]}
Berhasil kirim balasan ke "responServer_2309MAS003"

[2025-10-03 12:01:08]
Menerima pesan dari: dariMCU_2309MAS003 - Pesan: {"nokartu":"53E3E754","idchip":"16581755","nodevice":"2309MAS003","key":"1234567890987654321","ipa":"10.10.1.23"}
[2025-10-03 12:01:08]
Berhasil merespon "dariMCU_2309MAS003" : {"respon":[{"id":"16581755","nodevice":"2309MAS003","message":"BMPE","info":"Syahril Alamsah--Berhasil Presensi -Mulai-","nokartu":"53E3E754"}]}
Berhasil kirim balasan ke "responServer_2309MAS003"

[2025-10-03 12:01:09]
Menerima pesan dari: dariMCU_2309MAS003 - Pesan: {"nokartu":"53E3E754","idchip":"16581755","nodevice":"2309MAS003","key":"1234567890987654321","ipa":"10.10.1.23"}
[2025-10-03 12:01:09]
Berhasil merespon "dariMCU_2309MAS003" : {"respon":[{"id":"16581755","nodevice":"2309MAS003","message":"510","info":"Syahril Alamsah--TERCATAT! 1 dtk lalu","nokartu":"53E3E754"}]}
Berhasil kirim balasan ke "responServer_2309MAS003"

[2025-10-03 12:01:14]
Menerima pesan dari: dariMCU_2309MAS003 - Pesan: {"nokartu":"E39C8205","idchip":"16581755","nodevice":"2309MAS003","key":"1234567890987654321","ipa":"10.10.1.23"}
[2025-10-03 12:01:14]
Berhasil merespon "dariMCU_2309MAS003" : {"respon":[{"id":"16581755","nodevice":"2309MAS003","message":"BMPE","info":"Raihan Dhika Arraisya--Berhasil Presensi -Mulai-","nokartu":"E39C8205"}]}
Berhasil kirim balasan ke "responServer_2309MAS003"

[2025-10-03 12:01:17]
Menerima pesan dari: dariMCU_2309MAS003 - Pesan: {"nokartu":"E39C8205","idchip":"16581755","nodevice":"2309MAS003","key":"1234567890987654321","ipa":"10.10.1.23"}
[2025-10-03 12:01:17]
Berhasil merespon "dariMCU_2309MAS003" : {"respon":[{"id":"16581755","nodevice":"2309MAS003","message":"510","info":"Raihan Dhika Arraisya--TERCATAT! 3 dtk lalu","nokartu":"E39C8205"}]}
Berhasil kirim balasan ke "responServer_2309MAS003"

[2025-10-03 12:01:22]
Menerima pesan dari: dariMCU_2309MAS003 - Pesan: {"nokartu":"134A16FF","idchip":"16581755","nodevice":"2309MAS003","key":"1234567890987654321","ipa":"10.10.1.23"}
[2025-10-03 12:01:22]
Berhasil merespon "dariMCU_2309MAS003" : {"respon":[{"id":"16581755","nodevice":"2309MAS003","message":"BMPE","info":"Geordy Muhammad Chudzori--Berhasil Presensi -Mulai-","nokartu":"134A16FF"}]}
Berhasil kirim balasan ke "responServer_2309MAS003"

[2025-10-03 12:01:23]
Menerima pesan dari: dariMCU_2309MAS003 - Pesan: {"nokartu":"134A16FF","idchip":"16581755","nodevice":"2309MAS003","key":"1234567890987654321","ipa":"10.10.1.23"}
[2025-10-03 12:01:23]
Berhasil merespon "dariMCU_2309MAS003" : {"respon":[{"id":"16581755","nodevice":"2309MAS003","message":"510","info":"Geordy Muhammad Chudzori--TERCATAT! 1 dtk lalu","nokartu":"134A16FF"}]}
Berhasil kirim balasan ke "responServer_2309MAS003"

[2025-10-03 12:01:27]
Menerima pesan dari: dariMCU_2309MAS003 - Pesan: {"nokartu":"03A17D05","idchip":"16581755","nodevice":"2309MAS003","key":"1234567890987654321","ipa":"10.10.1.23"}
[2025-10-03 12:01:27]
Berhasil merespon "dariMCU_2309MAS003" : {"respon":[{"id":"16581755","nodevice":"2309MAS003","message":"BMPE","info":"Deden Widia Kusuma--Berhasil Presensi -Mulai-","nokartu":"03A17D05"}]}
Berhasil kirim balasan ke "responServer_2309MAS003"

[2025-10-03 12:01:31]
Menerima pesan dari: dariMCU_2309MAS003 - Pesan: {"nokartu":"03A17D05","idchip":"16581755","nodevice":"2309MAS003","key":"1234567890987654321","ipa":"10.10.1.23"}
[2025-10-03 12:01:31]
Berhasil merespon "dariMCU_2309MAS003" : {"respon":[{"id":"16581755","nodevice":"2309MAS003","message":"510","info":"Deden Widia Kusuma--TERCATAT! 4 dtk lalu","nokartu":"03A17D05"}]}
Berhasil kirim balasan ke "responServer_2309MAS003"

[2025-10-03 12:01:32]
Menerima pesan dari: dariMCU_2309MAS003 - Pesan: {"nokartu":"939F2FFF","idchip":"16581755","nodevice":"2309MAS003","key":"1234567890987654321","ipa":"10.10.1.23"}
[2025-10-03 12:01:32]
Berhasil merespon "dariMCU_2309MAS003" : {"respon":[{"id":"16581755","nodevice":"2309MAS003","message":"BMPE","info":"Hafid Andira--Berhasil Presensi -Mulai-","nokartu":"939F2FFF"}]}
Berhasil kirim balasan ke "responServer_2309MAS003"

[2025-10-03 12:01:36]
Menerima pesan dari: dariMCU_2309MAS003 - Pesan: {"nokartu":"133A7B05","idchip":"16581755","nodevice":"2309MAS003","key":"1234567890987654321","ipa":"10.10.1.23"}
[2025-10-03 12:01:36]
Berhasil merespon "dariMCU_2309MAS003" : {"respon":[{"id":"16581755","nodevice":"2309MAS003","message":"BMPE","info":"Helmi Muhalim Azmi Solih--Berhasil Presensi -Mulai-","nokartu":"133A7B05"}]}
Berhasil kirim balasan ke "responServer_2309MAS003"

[2025-10-03 12:01:41]
Menerima pesan dari: dariMCU_2309MAS003 - Pesan: {"nokartu":"83074105","idchip":"16581755","nodevice":"2309MAS003","key":"1234567890987654321","ipa":"10.10.1.23"}
[2025-10-03 12:01:41]
Berhasil merespon "dariMCU_2309MAS003" : {"respon":[{"id":"16581755","nodevice":"2309MAS003","message":"BMPE","info":"Bika Argo Cahyo Atmuji--Berhasil Presensi -Mulai-","nokartu":"83074105"}]}
Berhasil kirim balasan ke "responServer_2309MAS003"

[2025-10-03 12:01:44]
Menerima pesan dari: dariMCU_2309MAS003 - Pesan: {"nokartu":"83074105","idchip":"16581755","nodevice":"2309MAS003","key":"1234567890987654321","ipa":"10.10.1.23"}
[2025-10-03 12:01:44]
Berhasil merespon "dariMCU_2309MAS003" : {"respon":[{"id":"16581755","nodevice":"2309MAS003","message":"510","info":"Bika Argo Cahyo Atmuji--TERCATAT! 3 dtk lalu","nokartu":"83074105"}]}
Berhasil kirim balasan ke "responServer_2309MAS003"

[2025-10-03 12:01:45]
Menerima pesan dari: dariMCU_2309MAS003 - Pesan: {"nokartu":"6BF7B889","idchip":"16581755","nodevice":"2309MAS003","key":"1234567890987654321","ipa":"10.10.1.23"}
[2025-10-03 12:01:45]
Berhasil merespon "dariMCU_2309MAS003" : {"respon":[{"id":"16581755","nodevice":"2309MAS003","message":"BMPE","info":"Zidane Alfriansyah Pratama--Berhasil Presensi -Mulai-","nokartu":"6BF7B889"}]}
Berhasil kirim balasan ke "responServer_2309MAS003"

[2025-10-03 12:02:01]
Menerima pesan dari: dariMCU_2309MAS003 - Pesan: {"nokartu":"13B021FF","idchip":"16581755","nodevice":"2309MAS003","key":"1234567890987654321","ipa":"10.10.1.23"}
[2025-10-03 12:02:01]
Berhasil merespon "dariMCU_2309MAS003" : {"respon":[{"id":"16581755","nodevice":"2309MAS003","message":"BMPE","info":"Muhammad Ulynnuha--Berhasil Presensi -Mulai-","nokartu":"13B021FF"}]}
Berhasil kirim balasan ke "responServer_2309MAS003"

[2025-10-03 12:02:02]
Menerima pesan dari: dariMCU_2309MAS003 - Pesan: {"nokartu":"13B021FF","idchip":"16581755","nodevice":"2309MAS003","key":"1234567890987654321","ipa":"10.10.1.23"}
[2025-10-03 12:02:02]
Berhasil merespon "dariMCU_2309MAS003" : {"respon":[{"id":"16581755","nodevice":"2309MAS003","message":"510","info":"Muhammad Ulynnuha--TERCATAT! 1 dtk lalu","nokartu":"13B021FF"}]}
Berhasil kirim balasan ke "responServer_2309MAS003"

[2025-10-03 12:02:08]
Menerima pesan dari: dariMCU_2309MAS003 - Pesan: {"nokartu":"D37C33FF","idchip":"16581755","nodevice":"2309MAS003","key":"1234567890987654321","ipa":"10.10.1.23"}
[2025-10-03 12:02:08]
Berhasil merespon "dariMCU_2309MAS003" : {"respon":[{"id":"16581755","nodevice":"2309MAS003","message":"BMPE","info":"Bagas Pramudya--Berhasil Presensi -Mulai-","nokartu":"D37C33FF"}]}
Berhasil kirim balasan ke "responServer_2309MAS003"

[2025-10-03 12:02:12]
Menerima pesan dari: dariMCU_2309MAS003 - Pesan: {"nokartu":"F39F1AFE","idchip":"16581755","nodevice":"2309MAS003","key":"1234567890987654321","ipa":"10.10.1.23"}
[2025-10-03 12:02:12]
Berhasil merespon "dariMCU_2309MAS003" : {"respon":[{"id":"16581755","nodevice":"2309MAS003","message":"BMPE","info":"Anton Joko Kurniawan--Berhasil Presensi -Mulai-","nokartu":"F39F1AFE"}]}
Berhasil kirim balasan ke "responServer_2309MAS003"

[2025-10-03 12:02:35]
Menerima pesan dari: dariMCU_2309MAS003 - Pesan: {"nokartu":"F39F1AFE","idchip":"16581755","nodevice":"2309MAS003","key":"1234567890987654321","ipa":"10.10.1.23"}
[2025-10-03 12:02:35]
Berhasil merespon "dariMCU_2309MAS003" : {"respon":[{"id":"16581755","nodevice":"2309MAS003","message":"510","info":"Anton Joko Kurniawan--TERCATAT! 23 dtk lalu","nokartu":"F39F1AFE"}]}
Berhasil kirim balasan ke "responServer_2309MAS003"

[2025-10-03 12:02:50]
Menerima pesan dari: dariMCU_2309MAS003 - Pesan: {"nokartu":"D37C33FF","idchip":"16581755","nodevice":"2309MAS003","key":"1234567890987654321","ipa":"10.10.1.23"}
[2025-10-03 12:02:50]
Berhasil merespon "dariMCU_2309MAS003" : {"respon":[{"id":"16581755","nodevice":"2309MAS003","message":"510","info":"Bagas Pramudya--TERCATAT! 42 dtk lalu","nokartu":"D37C33FF"}]}
Berhasil kirim balasan ke "responServer_2309MAS003"

[2025-10-03 12:02:54]
Menerima pesan dari: dariMCU_2309MAS003 - Pesan: {"nokartu":"73C47105","idchip":"16581755","nodevice":"2309MAS003","key":"1234567890987654321","ipa":"10.10.1.23"}
[2025-10-03 12:02:54]
Berhasil merespon "dariMCU_2309MAS003" : {"respon":[{"id":"16581755","nodevice":"2309MAS003","message":"BMPE","info":"Zidan Galih Wicaksono--Berhasil Presensi -Mulai-","nokartu":"73C47105"}]}
Berhasil kirim balasan ke "responServer_2309MAS003"

[2025-10-03 12:02:57]
Menerima pesan dari: dariMCU_2309MAS003 - Pesan: {"nokartu":"73C47105","idchip":"16581755","nodevice":"2309MAS003","key":"1234567890987654321","ipa":"10.10.1.23"}
[2025-10-03 12:02:57]
Berhasil merespon "dariMCU_2309MAS003" : {"respon":[{"id":"16581755","nodevice":"2309MAS003","message":"510","info":"Zidan Galih Wicaksono--TERCATAT! 3 dtk lalu","nokartu":"73C47105"}]}
Berhasil kirim balasan ke "responServer_2309MAS003"

[2025-10-03 12:03:02]
Menerima pesan dari: dariMCU_2309MAS003 - Pesan: {"nokartu":"13E47B05","idchip":"16581755","nodevice":"2309MAS003","key":"1234567890987654321","ipa":"10.10.1.23"}
[2025-10-03 12:03:02]
Berhasil merespon "dariMCU_2309MAS003" : {"respon":[{"id":"16581755","nodevice":"2309MAS003","message":"BMPE","info":"Ata Amirulloh--Berhasil Presensi -Mulai-","nokartu":"13E47B05"}]}
Berhasil kirim balasan ke "responServer_2309MAS003"

[2025-10-03 12:03:06]
Menerima pesan dari: dariMCU_2309MAS003 - Pesan: {"nokartu":"13E47B05","idchip":"16581755","nodevice":"2309MAS003","key":"1234567890987654321","ipa":"10.10.1.23"}
[2025-10-03 12:03:06]
Berhasil merespon "dariMCU_2309MAS003" : {"respon":[{"id":"16581755","nodevice":"2309MAS003","message":"510","info":"Ata Amirulloh--TERCATAT! 4 dtk lalu","nokartu":"13E47B05"}]}
Berhasil kirim balasan ke "responServer_2309MAS003"

[2025-10-03 12:03:07]
Menerima pesan dari: dariMCU_2309MAS003 - Pesan: {"nokartu":"531134FF","idchip":"16581755","nodevice":"2309MAS003","key":"1234567890987654321","ipa":"10.10.1.23"}
[2025-10-03 12:03:07]
Berhasil merespon "dariMCU_2309MAS003" : {"respon":[{"id":"16581755","nodevice":"2309MAS003","message":"BMPE","info":"Sigit Dwijo Purnomo--Berhasil Presensi -Mulai-","nokartu":"531134FF"}]}
Berhasil kirim balasan ke "responServer_2309MAS003"

[2025-10-03 12:03:12]
Menerima pesan dari: dariMCU_2309MAS003 - Pesan: {"nokartu":"531134FF","idchip":"16581755","nodevice":"2309MAS003","key":"1234567890987654321","ipa":"10.10.1.23"}
[2025-10-03 12:03:12]
Berhasil merespon "dariMCU_2309MAS003" : {"respon":[{"id":"16581755","nodevice":"2309MAS003","message":"510","info":"Sigit Dwijo Purnomo--TERCATAT! 5 dtk lalu","nokartu":"531134FF"}]}
Berhasil kirim balasan ke "responServer_2309MAS003"

[2025-10-03 12:03:13]
Menerima pesan dari: dariMCU_2309MAS003 - Pesan: {"nokartu":"9391EEE4","idchip":"16581755","nodevice":"2309MAS003","key":"1234567890987654321","ipa":"10.10.1.23"}
[2025-10-03 12:03:13]
Berhasil merespon "dariMCU_2309MAS003" : {"respon":[{"id":"16581755","nodevice":"2309MAS003","message":"BMPE","info":"Raafiyanto Adri Mahardika--Berhasil Presensi -Mulai-","nokartu":"9391EEE4"}]}
Berhasil kirim balasan ke "responServer_2309MAS003"

[2025-10-03 12:03:19]
Menerima pesan dari: dariMCU_2309MAS003 - Pesan: {"nokartu":"9391EEE4","idchip":"16581755","nodevice":"2309MAS003","key":"1234567890987654321","ipa":"10.10.1.23"}
[2025-10-03 12:03:19]
Berhasil merespon "dariMCU_2309MAS003" : {"respon":[{"id":"16581755","nodevice":"2309MAS003","message":"510","info":"Raafiyanto Adri Mahardika--TERCATAT! 6 dtk lalu","nokartu":"9391EEE4"}]}
Berhasil kirim balasan ke "responServer_2309MAS003"

[2025-10-03 12:03:23]
Menerima pesan dari: dariMCU_2309MAS003 - Pesan: {"nokartu":"9391EEE4","idchip":"16581755","nodevice":"2309MAS003","key":"1234567890987654321","ipa":"10.10.1.23"}
[2025-10-03 12:03:23]
Berhasil merespon "dariMCU_2309MAS003" : {"respon":[{"id":"16581755","nodevice":"2309MAS003","message":"510","info":"Raafiyanto Adri Mahardika--TERCATAT! 10 dtk lalu","nokartu":"9391EEE4"}]}
Berhasil kirim balasan ke "responServer_2309MAS003"

[2025-10-03 12:03:45]
Menerima pesan dari: dariMCU_2309MAS003 - Pesan: {"nokartu":"531134FF","idchip":"16581755","nodevice":"2309MAS003","key":"1234567890987654321","ipa":"10.10.1.23"}
[2025-10-03 12:03:45]
Berhasil merespon "dariMCU_2309MAS003" : {"respon":[{"id":"16581755","nodevice":"2309MAS003","message":"510","info":"Sigit Dwijo Purnomo--TERCATAT! 38 dtk lalu","nokartu":"531134FF"}]}
Berhasil kirim balasan ke "responServer_2309MAS003"

[2025-10-03 12:03:51]
Menerima pesan dari: dariMCU_2309MAS003 - Pesan: {"nokartu":"13E47B05","idchip":"16581755","nodevice":"2309MAS003","key":"1234567890987654321","ipa":"10.10.1.23"}
[2025-10-03 12:03:51]
Berhasil merespon "dariMCU_2309MAS003" : {"respon":[{"id":"16581755","nodevice":"2309MAS003","message":"510","info":"Ata Amirulloh--TERCATAT! 49 dtk lalu","nokartu":"13E47B05"}]}
Berhasil kirim balasan ke "responServer_2309MAS003"

[2025-10-03 12:05:16]
Menerima pesan dari: dariMCU_2309MAS003 - Pesan: {"nokartu":"A37E7F05","idchip":"16581755","nodevice":"2309MAS003","key":"1234567890987654321","ipa":"10.10.1.23"}
[2025-10-03 12:05:16]
Berhasil merespon "dariMCU_2309MAS003" : {"respon":[{"id":"16581755","nodevice":"2309MAS003","message":"BMPE","info":"Algi Wian Avantyo--Berhasil Presensi -Mulai-","nokartu":"A37E7F05"}]}
Berhasil kirim balasan ke "responServer_2309MAS003"

[2025-10-03 12:05:23]
Menerima pesan dari: dariMCU_2309MAS003 - Pesan: {"nokartu":"531134FF","idchip":"16581755","nodevice":"2309MAS003","key":"1234567890987654321","ipa":"10.10.1.23"}
[2025-10-03 12:05:23]
Berhasil merespon "dariMCU_2309MAS003" : {"respon":[{"id":"16581755","nodevice":"2309MAS003","message":"BPSE","info":"Sigit Dwijo Purnomo--Berhasil Presensi -Selesai-","nokartu":"531134FF"}]}
Berhasil kirim balasan ke "responServer_2309MAS003"

[2025-10-03 12:05:25]
Menerima pesan dari: dariMCU_2309MAS003 - Pesan: {"nokartu":"33F36305","idchip":"16581755","nodevice":"2309MAS003","key":"1234567890987654321","ipa":"10.10.1.23"}
[2025-10-03 12:05:25]
Berhasil merespon "dariMCU_2309MAS003" : {"respon":[{"id":"16581755","nodevice":"2309MAS003","message":"BMPE","info":"Alga Danu Aprilian--Berhasil Presensi -Mulai-","nokartu":"33F36305"}]}
Berhasil kirim balasan ke "responServer_2309MAS003"

[2025-10-03 12:18:53]
Menerima pesan dari: dariMCU_2309MAS003 - Pesan: {"nokartu":"A33632FF","idchip":"16581755","nodevice":"2309MAS003","key":"1234567890987654321","ipa":"10.10.1.23"}
[2025-10-03 12:18:53]
Berhasil merespon "dariMCU_2309MAS003" : {"respon":[{"id":"16581755","nodevice":"2309MAS003","message":"BMPE","info":"Elga Farela--Berhasil Presensi -Mulai-","nokartu":"A33632FF"}]}
Berhasil kirim balasan ke "responServer_2309MAS003"

[2025-10-03 12:18:57]
Menerima pesan dari: dariMCU_2309MAS003 - Pesan: {"nokartu":"A33632FF","idchip":"16581755","nodevice":"2309MAS003","key":"1234567890987654321","ipa":"10.10.1.23"}
[2025-10-03 12:18:57]
Berhasil merespon "dariMCU_2309MAS003" : {"respon":[{"id":"16581755","nodevice":"2309MAS003","message":"510","info":"Elga Farela--TERCATAT! 4 dtk lalu","nokartu":"A33632FF"}]}
Berhasil kirim balasan ke "responServer_2309MAS003"

[2025-10-03 12:19:10]
Menerima pesan dari: dariMCU_2309MAS003 - Pesan: {"nokartu":"C3AC23FF","idchip":"16581755","nodevice":"2309MAS003","key":"1234567890987654321","ipa":"10.10.1.23"}
[2025-10-03 12:19:10]
Berhasil merespon "dariMCU_2309MAS003" : {"respon":[{"id":"16581755","nodevice":"2309MAS003","message":"BMPE","info":"Redapa Ardiyansah--Berhasil Presensi -Mulai-","nokartu":"C3AC23FF"}]}
Berhasil kirim balasan ke "responServer_2309MAS003"

[2025-10-03 12:22:09]
Menerima pesan dari: dariMCU_2309MAS003 - Pesan: {"nokartu":"C3FE1EFF","idchip":"16581755","nodevice":"2309MAS003","key":"1234567890987654321","ipa":"10.10.1.23"}
[2025-10-03 12:22:09]
Berhasil merespon "dariMCU_2309MAS003" : {"respon":[{"id":"16581755","nodevice":"2309MAS003","message":"BMPE","info":"Fernandi Ramadhan Dwiki Dharmawan--Berhasil Presensi -Mulai-","nokartu":"C3FE1EFF"}]}
Berhasil kirim balasan ke "responServer_2309MAS003"

[2025-10-03 12:22:13]
Menerima pesan dari: dariMCU_2309MAS003 - Pesan: {"nokartu":"C3FE1EFF","idchip":"16581755","nodevice":"2309MAS003","key":"1234567890987654321","ipa":"10.10.1.23"}
[2025-10-03 12:22:13]
Berhasil merespon "dariMCU_2309MAS003" : {"respon":[{"id":"16581755","nodevice":"2309MAS003","message":"510","info":"Fernandi Ramadhan Dwiki Dharmawan--TERCATAT! 4 dtk lalu","nokartu":"C3FE1EFF"}]}
Berhasil kirim balasan ke "responServer_2309MAS003"

[2025-10-03 12:22:17]
Menerima pesan dari: dariMCU_2309MAS003 - Pesan: {"nokartu":"738715FE","idchip":"16581755","nodevice":"2309MAS003","key":"1234567890987654321","ipa":"10.10.1.23"}
[2025-10-03 12:22:17]
Berhasil merespon "dariMCU_2309MAS003" : {"respon":[{"id":"16581755","nodevice":"2309MAS003","message":"BMPE","info":"Muhamad Miftahudin--Berhasil Presensi -Mulai-","nokartu":"738715FE"}]}
Berhasil kirim balasan ke "responServer_2309MAS003"

[2025-10-03 12:22:20]
Menerima pesan dari: dariMCU_2309MAS003 - Pesan: {"nokartu":"738715FE","idchip":"16581755","nodevice":"2309MAS003","key":"1234567890987654321","ipa":"10.10.1.23"}
[2025-10-03 12:22:20]
Berhasil merespon "dariMCU_2309MAS003" : {"respon":[{"id":"16581755","nodevice":"2309MAS003","message":"510","info":"Muhamad Miftahudin--TERCATAT! 3 dtk lalu","nokartu":"738715FE"}]}
Berhasil kirim balasan ke "responServer_2309MAS003"

[2025-10-03 12:22:21]
Menerima pesan dari: dariMCU_2309MAS003 - Pesan: {"nokartu":"332A12FE","idchip":"16581755","nodevice":"2309MAS003","key":"1234567890987654321","ipa":"10.10.1.23"}
[2025-10-03 12:22:21]
Berhasil merespon "dariMCU_2309MAS003" : {"respon":[{"id":"16581755","nodevice":"2309MAS003","message":"BMPE","info":"Rehan Nibras Hibban--Berhasil Presensi -Mulai-","nokartu":"332A12FE"}]}
Berhasil kirim balasan ke "responServer_2309MAS003"

[2025-10-03 12:22:25]
Menerima pesan dari: dariMCU_2309MAS003 - Pesan: {"nokartu":"23C011FE","idchip":"16581755","nodevice":"2309MAS003","key":"1234567890987654321","ipa":"10.10.1.23"}
[2025-10-03 12:22:25]
Berhasil merespon "dariMCU_2309MAS003" : {"respon":[{"id":"16581755","nodevice":"2309MAS003","message":"BMPE","info":"Muhamad Hakan Rafly--Berhasil Presensi -Mulai-","nokartu":"23C011FE"}]}
Berhasil kirim balasan ke "responServer_2309MAS003"

[2025-10-03 12:22:29]
Menerima pesan dari: dariMCU_2309MAS003 - Pesan: {"nokartu":"23C011FE","idchip":"16581755","nodevice":"2309MAS003","key":"1234567890987654321","ipa":"10.10.1.23"}
[2025-10-03 12:22:29]
Berhasil merespon "dariMCU_2309MAS003" : {"respon":[{"id":"16581755","nodevice":"2309MAS003","message":"510","info":"Muhamad Hakan Rafly--TERCATAT! 4 dtk lalu","nokartu":"23C011FE"}]}
Berhasil kirim balasan ke "responServer_2309MAS003"

[2025-10-03 12:47:58]
Menerima pesan dari: dariMCU_2309MAS003 - Pesan: {"nokartu":"93284105","idchip":"16581755","nodevice":"2309MAS003","key":"1234567890987654321","ipa":"10.10.1.23"}
[2025-10-03 12:47:58]
Berhasil merespon "dariMCU_2309MAS003" : {"respon":[{"id":"16581755","nodevice":"2309MAS003","message":"BMPE","info":"Dika Setiyani--Berhasil Presensi -Mulai-","nokartu":"93284105"}]}
Berhasil kirim balasan ke "responServer_2309MAS003"

[2025-10-03 12:48:01]
Menerima pesan dari: dariMCU_2309MAS003 - Pesan: {"nokartu":"93284105","idchip":"16581755","nodevice":"2309MAS003","key":"1234567890987654321","ipa":"10.10.1.23"}
[2025-10-03 12:48:01]
Berhasil merespon "dariMCU_2309MAS003" : {"respon":[{"id":"16581755","nodevice":"2309MAS003","message":"510","info":"Dika Setiyani--TERCATAT! 3 dtk lalu","nokartu":"93284105"}]}
Berhasil kirim balasan ke "responServer_2309MAS003"

[2025-10-03 12:48:08]
Menerima pesan dari: dariMCU_2309MAS003 - Pesan: {"nokartu":"C31F05FE","idchip":"16581755","nodevice":"2309MAS003","key":"1234567890987654321","ipa":"10.10.1.23"}
[2025-10-03 12:48:08]
Berhasil merespon "dariMCU_2309MAS003" : {"respon":[{"id":"16581755","nodevice":"2309MAS003","message":"BMPE","info":"Sofa Nur Hasanah--Berhasil Presensi -Mulai-","nokartu":"C31F05FE"}]}
Berhasil kirim balasan ke "responServer_2309MAS003"

[2025-10-03 12:48:12]
Menerima pesan dari: dariMCU_2309MAS003 - Pesan: {"nokartu":"C31F05FE","idchip":"16581755","nodevice":"2309MAS003","key":"1234567890987654321","ipa":"10.10.1.23"}
[2025-10-03 12:48:12]
Berhasil merespon "dariMCU_2309MAS003" : {"respon":[{"id":"16581755","nodevice":"2309MAS003","message":"510","info":"Sofa Nur Hasanah--TERCATAT! 4 dtk lalu","nokartu":"C31F05FE"}]}
Berhasil kirim balasan ke "responServer_2309MAS003"

[2025-10-03 12:57:26]
Menerima pesan dari: dariMCU_2309MAS003 - Pesan: {"nokartu":"C3A01AFE","idchip":"16581755","nodevice":"2309MAS003","key":"1234567890987654321","ipa":"10.10.1.23"}
[2025-10-03 12:57:26]
Berhasil merespon "dariMCU_2309MAS003" : {"respon":[{"id":"16581755","nodevice":"2309MAS003","message":"BMPE","info":"Dini Dwi Ariyanti--Berhasil Presensi -Mulai-","nokartu":"C3A01AFE"}]}
Berhasil kirim balasan ke "responServer_2309MAS003"

[2025-10-03 12:58:31]
Menerima pesan dari: dariMCU_2309MAS003 - Pesan: {"nokartu":"43F833FF","idchip":"16581755","nodevice":"2309MAS003","key":"1234567890987654321","ipa":"10.10.1.23"}
[2025-10-03 12:58:31]
Berhasil merespon "dariMCU_2309MAS003" : {"respon":[{"id":"16581755","nodevice":"2309MAS003","message":"BMPE","info":"Hartiningsih--Berhasil Presensi -Mulai-","nokartu":"43F833FF"}]}
Berhasil kirim balasan ke "responServer_2309MAS003"

[2025-10-03 12:58:34]
Menerima pesan dari: dariMCU_2309MAS003 - Pesan: {"nokartu":"43F833FF","idchip":"16581755","nodevice":"2309MAS003","key":"1234567890987654321","ipa":"10.10.1.23"}
[2025-10-03 12:58:34]
Berhasil merespon "dariMCU_2309MAS003" : {"respon":[{"id":"16581755","nodevice":"2309MAS003","message":"510","info":"Hartiningsih--TERCATAT! 3 dtk lalu","nokartu":"43F833FF"}]}
Berhasil kirim balasan ke "responServer_2309MAS003"

[2025-10-03 12:58:51]
Menerima pesan dari: dariMCU_2309MAS003 - Pesan: {"nokartu":"53E415FF","idchip":"16581755","nodevice":"2309MAS003","key":"1234567890987654321","ipa":"10.10.1.23"}
[2025-10-03 12:58:51]
Berhasil merespon "dariMCU_2309MAS003" : {"respon":[{"id":"16581755","nodevice":"2309MAS003","message":"BMPE","info":"Arta Widyasari--Berhasil Presensi -Mulai-","nokartu":"53E415FF"}]}
Berhasil kirim balasan ke "responServer_2309MAS003"

[2025-10-03 12:58:56]
Menerima pesan dari: dariMCU_2309MAS003 - Pesan: {"nokartu":"935705FE","idchip":"16581755","nodevice":"2309MAS003","key":"1234567890987654321","ipa":"10.10.1.23"}
[2025-10-03 12:58:56]
Berhasil merespon "dariMCU_2309MAS003" : {"respon":[{"id":"16581755","nodevice":"2309MAS003","message":"BMPE","info":"Shafa Az Zahra--Berhasil Presensi -Mulai-","nokartu":"935705FE"}]}
Berhasil kirim balasan ke "responServer_2309MAS003"

[2025-10-03 12:59:00]
Menerima pesan dari: dariMCU_2309MAS003 - Pesan: {"nokartu":"935705FE","idchip":"16581755","nodevice":"2309MAS003","key":"1234567890987654321","ipa":"10.10.1.23"}
[2025-10-03 12:59:00]
Berhasil merespon "dariMCU_2309MAS003" : {"respon":[{"id":"16581755","nodevice":"2309MAS003","message":"510","info":"Shafa Az Zahra--TERCATAT! 4 dtk lalu","nokartu":"935705FE"}]}
Berhasil kirim balasan ke "responServer_2309MAS003"

[2025-10-03 13:00:00]
Menerima pesan dari: dariMCU_2309MAS003 - Pesan: {"nokartu":"533C23FF","idchip":"16581755","nodevice":"2309MAS003","key":"1234567890987654321","ipa":"10.10.1.23"}
[2025-10-03 13:00:00]
Berhasil merespon "dariMCU_2309MAS003" : {"respon":[{"id":"16581755","nodevice":"2309MAS003","message":"BMPE","info":"Reifania Fatan--Berhasil Presensi -Mulai-","nokartu":"533C23FF"}]}
Berhasil kirim balasan ke "responServer_2309MAS003"

[2025-10-03 13:00:03]
Menerima pesan dari: dariMCU_2309MAS003 - Pesan: {"nokartu":"533C23FF","idchip":"16581755","nodevice":"2309MAS003","key":"1234567890987654321","ipa":"10.10.1.23"}
[2025-10-03 13:00:03]
Berhasil merespon "dariMCU_2309MAS003" : {"respon":[{"id":"16581755","nodevice":"2309MAS003","message":"510","info":"Reifania Fatan--TERCATAT! 3 dtk lalu","nokartu":"533C23FF"}]}
Berhasil kirim balasan ke "responServer_2309MAS003"

[2025-10-03 13:00:04]
Menerima pesan dari: dariMCU_2309MAS003 - Pesan: {"nokartu":"133B33FF","idchip":"16581755","nodevice":"2309MAS003","key":"1234567890987654321","ipa":"10.10.1.23"}
[2025-10-03 13:00:04]
Berhasil merespon "dariMCU_2309MAS003" : {"respon":[{"id":"16581755","nodevice":"2309MAS003","message":"BMPE","info":"Elsa Olivia--Berhasil Presensi -Mulai-","nokartu":"133B33FF"}]}
Berhasil kirim balasan ke "responServer_2309MAS003"

[2025-10-03 13:00:09]
Menerima pesan dari: dariMCU_2309MAS003 - Pesan: {"nokartu":"D30F14FE","idchip":"16581755","nodevice":"2309MAS003","key":"1234567890987654321","ipa":"10.10.1.23"}
[2025-10-03 13:00:09]
Berhasil merespon "dariMCU_2309MAS003" : {"respon":[{"id":"16581755","nodevice":"2309MAS003","message":"BMPE","info":"Viola Ela Rahmahani--Berhasil Presensi -Mulai-","nokartu":"D30F14FE"}]}
Berhasil kirim balasan ke "responServer_2309MAS003"

[2025-10-03 13:00:12]
Menerima pesan dari: dariMCU_2309MAS003 - Pesan: {"nokartu":"D30F14FE","idchip":"16581755","nodevice":"2309MAS003","key":"1234567890987654321","ipa":"10.10.1.23"}
[2025-10-03 13:00:12]
Berhasil merespon "dariMCU_2309MAS003" : {"respon":[{"id":"16581755","nodevice":"2309MAS003","message":"510","info":"Viola Ela Rahmahani--TERCATAT! 3 dtk lalu","nokartu":"D30F14FE"}]}
Berhasil kirim balasan ke "responServer_2309MAS003"

[2025-10-03 13:00:17]
Menerima pesan dari: dariMCU_2309MAS003 - Pesan: {"nokartu":"D30F14FE","idchip":"16581755","nodevice":"2309MAS003","key":"1234567890987654321","ipa":"10.10.1.23"}
[2025-10-03 13:00:17]
Berhasil merespon "dariMCU_2309MAS003" : {"respon":[{"id":"16581755","nodevice":"2309MAS003","message":"510","info":"Viola Ela Rahmahani--TERCATAT! 8 dtk lalu","nokartu":"D30F14FE"}]}
Berhasil kirim balasan ke "responServer_2309MAS003"

[2025-10-03 13:00:21]
Menerima pesan dari: dariMCU_2309MAS003 - Pesan: {"nokartu":"D30F14FE","idchip":"16581755","nodevice":"2309MAS003","key":"1234567890987654321","ipa":"10.10.1.23"}
[2025-10-03 13:00:21]
Berhasil merespon "dariMCU_2309MAS003" : {"respon":[{"id":"16581755","nodevice":"2309MAS003","message":"510","info":"Viola Ela Rahmahani--TERCATAT! 12 dtk lalu","nokartu":"D30F14FE"}]}
Berhasil kirim balasan ke "responServer_2309MAS003"

[2025-10-03 13:00:22]
Menerima pesan dari: dariMCU_2309MAS003 - Pesan: {"nokartu":"034C09FE","idchip":"16581755","nodevice":"2309MAS003","key":"1234567890987654321","ipa":"10.10.1.23"}
[2025-10-03 13:00:22]
Berhasil merespon "dariMCU_2309MAS003" : {"respon":[{"id":"16581755","nodevice":"2309MAS003","message":"BMPE","info":"Rifqi Umayah--Berhasil Presensi -Mulai-","nokartu":"034C09FE"}]}
Berhasil kirim balasan ke "responServer_2309MAS003"

[2025-10-03 13:00:26]
Menerima pesan dari: dariMCU_2309MAS003 - Pesan: {"nokartu":"034C09FE","idchip":"16581755","nodevice":"2309MAS003","key":"1234567890987654321","ipa":"10.10.1.23"}
[2025-10-03 13:00:26]
Berhasil merespon "dariMCU_2309MAS003" : {"respon":[{"id":"16581755","nodevice":"2309MAS003","message":"510","info":"Rifqi Umayah--TERCATAT! 4 dtk lalu","nokartu":"034C09FE"}]}
Berhasil kirim balasan ke "responServer_2309MAS003"

[2025-10-03 13:00:30]
Menerima pesan dari: dariMCU_2309MAS003 - Pesan: {"nokartu":"034C09FE","idchip":"16581755","nodevice":"2309MAS003","key":"1234567890987654321","ipa":"10.10.1.23"}
[2025-10-03 13:00:30]
Berhasil merespon "dariMCU_2309MAS003" : {"respon":[{"id":"16581755","nodevice":"2309MAS003","message":"510","info":"Rifqi Umayah--TERCATAT! 8 dtk lalu","nokartu":"034C09FE"}]}
Berhasil kirim balasan ke "responServer_2309MAS003"

[2025-10-03 13:01:18]
Menerima pesan dari: dariMCU_2309MAS003 - Pesan: {"nokartu":"C3BB21FF","idchip":"16581755","nodevice":"2309MAS003","key":"1234567890987654321","ipa":"10.10.1.23"}
[2025-10-03 13:01:18]
Berhasil merespon "dariMCU_2309MAS003" : {"respon":[{"id":"16581755","nodevice":"2309MAS003","message":"BMPE","info":"Nathania Cesya Salsabila--Berhasil Presensi -Mulai-","nokartu":"C3BB21FF"}]}
Berhasil kirim balasan ke "responServer_2309MAS003"

[2025-10-03 13:01:19]
Menerima pesan dari: dariMCU_2309MAS003 - Pesan: {"nokartu":"C3BB21FF","idchip":"16581755","nodevice":"2309MAS003","key":"1234567890987654321","ipa":"10.10.1.23"}
[2025-10-03 13:01:19]
Berhasil merespon "dariMCU_2309MAS003" : {"respon":[{"id":"16581755","nodevice":"2309MAS003","message":"510","info":"Nathania Cesya Salsabila--TERCATAT! 1 dtk lalu","nokartu":"C3BB21FF"}]}
Berhasil kirim balasan ke "responServer_2309MAS003"

[2025-10-03 13:01:23]
Menerima pesan dari: dariMCU_2309MAS003 - Pesan: {"nokartu":"C3BB21FF","idchip":"16581755","nodevice":"2309MAS003","key":"1234567890987654321","ipa":"10.10.1.23"}
[2025-10-03 13:01:23]
Berhasil merespon "dariMCU_2309MAS003" : {"respon":[{"id":"16581755","nodevice":"2309MAS003","message":"510","info":"Nathania Cesya Salsabila--TERCATAT! 5 dtk lalu","nokartu":"C3BB21FF"}]}
Berhasil kirim balasan ke "responServer_2309MAS003"

[2025-10-03 13:01:27]
Menerima pesan dari: dariMCU_2309MAS003 - Pesan: {"nokartu":"C3BB21FF","idchip":"16581755","nodevice":"2309MAS003","key":"1234567890987654321","ipa":"10.10.1.23"}
[2025-10-03 13:01:27]
Berhasil merespon "dariMCU_2309MAS003" : {"respon":[{"id":"16581755","nodevice":"2309MAS003","message":"510","info":"Nathania Cesya Salsabila--TERCATAT! 9 dtk lalu","nokartu":"C3BB21FF"}]}
Berhasil kirim balasan ke "responServer_2309MAS003"

[2025-10-03 13:21:36]
Menerima pesan dari: dariMCU_2309MAS003 - Pesan: {"nokartu":"735522FF","idchip":"16581755","nodevice":"2309MAS003","key":"1234567890987654321","ipa":"10.10.1.23"}
[2025-10-03 13:21:36]
Berhasil merespon "dariMCU_2309MAS003" : {"respon":[{"id":"16581755","nodevice":"2309MAS003","message":"BMPE","info":"Nashanda Sabrina Shasa--Berhasil Presensi -Mulai-","nokartu":"735522FF"}]}
Berhasil kirim balasan ke "responServer_2309MAS003"

[2025-10-03 13:21:40]
Menerima pesan dari: dariMCU_2309MAS003 - Pesan: {"nokartu":"735522FF","idchip":"16581755","nodevice":"2309MAS003","key":"1234567890987654321","ipa":"10.10.1.23"}
[2025-10-03 13:21:40]
Berhasil merespon "dariMCU_2309MAS003" : {"respon":[{"id":"16581755","nodevice":"2309MAS003","message":"510","info":"Nashanda Sabrina Shasa--TERCATAT! 4 dtk lalu","nokartu":"735522FF"}]}
Berhasil kirim balasan ke "responServer_2309MAS003"

[2025-10-03 13:21:41]
Menerima pesan dari: dariMCU_2309MAS003 - Pesan: {"nokartu":"735522FF","idchip":"16581755","nodevice":"2309MAS003","key":"1234567890987654321","ipa":"10.10.1.23"}
[2025-10-03 13:21:41]
Berhasil merespon "dariMCU_2309MAS003" : {"respon":[{"id":"16581755","nodevice":"2309MAS003","message":"510","info":"Nashanda Sabrina Shasa--TERCATAT! 5 dtk lalu","nokartu":"735522FF"}]}
Berhasil kirim balasan ke "responServer_2309MAS003"

[2025-10-03 13:21:48]
Menerima pesan dari: dariMCU_2309MAS003 - Pesan: {"nokartu":"E35224FF","idchip":"16581755","nodevice":"2309MAS003","key":"1234567890987654321","ipa":"10.10.1.23"}
[2025-10-03 13:21:48]
Berhasil merespon "dariMCU_2309MAS003" : {"respon":[{"id":"16581755","nodevice":"2309MAS003","message":"BMPE","info":"Ika Nur Khofifah--Berhasil Presensi -Mulai-","nokartu":"E35224FF"}]}
Berhasil kirim balasan ke "responServer_2309MAS003"

